<?xml version="1.0" encoding="UTF-8"?>
<testsuite xmlns:xsi="http://www.w3.org/2001/XMLSchema-instance" xsi:noNamespaceSchemaLocation="https://maven.apache.org/surefire/maven-surefire-plugin/xsd/surefire-test-report-3.0.xsd" version="3.0" name="com.joseph.service.Impl.OrderServiceImplTest" time="6.925" tests="1" errors="0" skipped="0" failures="0">
  <properties>
    <property name="sun.desktop" value="windows"/>
    <property name="awt.toolkit" value="sun.awt.windows.WToolkit"/>
    <property name="file.encoding.pkg" value="sun.io"/>
    <property name="java.specification.version" value="1.8"/>
    <property name="sun.cpu.isalist" value="amd64"/>
    <property name="sun.jnu.encoding" value="Cp1252"/>
    <property name="java.class.path" value="C:\Users\yassinjouao\Documents\ProjectsJava\craftStore-With-spring-core-testing\target\test-classes;C:\Users\yassinjouao\Documents\ProjectsJava\craftStore-With-spring-core-testing\target\classes;C:\Users\yassinjouao\.m2\repository\com\fasterxml\jackson\core\jackson-databind\2.13.0\jackson-databind-2.13.0.jar;C:\Users\yassinjouao\.m2\repository\com\fasterxml\jackson\core\jackson-core\2.13.0\jackson-core-2.13.0.jar;C:\Users\yassinjouao\.m2\repository\com\fasterxml\jackson\core\jackson-annotations\2.13.0\jackson-annotations-2.13.0.jar;C:\Users\yassinjouao\.m2\repository\org\apache\poi\poi-ooxml\3.11\poi-ooxml-3.11.jar;C:\Users\yassinjouao\.m2\repository\org\apache\poi\poi\3.11\poi-3.11.jar;C:\Users\yassinjouao\.m2\repository\commons-codec\commons-codec\1.9\commons-codec-1.9.jar;C:\Users\yassinjouao\.m2\repository\org\apache\poi\poi-ooxml-schemas\3.11\poi-ooxml-schemas-3.11.jar;C:\Users\yassinjouao\.m2\repository\org\apache\xmlbeans\xmlbeans\2.6.0\xmlbeans-2.6.0.jar;C:\Users\yassinjouao\.m2\repository\stax\stax-api\1.0.1\stax-api-1.0.1.jar;C:\Users\yassinjouao\.m2\repository\org\springframework\spring-webmvc\5.2.22.RELEASE\spring-webmvc-5.2.22.RELEASE.jar;C:\Users\yassinjouao\.m2\repository\org\springframework\spring-aop\5.2.22.RELEASE\spring-aop-5.2.22.RELEASE.jar;C:\Users\yassinjouao\.m2\repository\org\springframework\spring-beans\5.2.22.RELEASE\spring-beans-5.2.22.RELEASE.jar;C:\Users\yassinjouao\.m2\repository\org\springframework\spring-context\5.2.22.RELEASE\spring-context-5.2.22.RELEASE.jar;C:\Users\yassinjouao\.m2\repository\org\springframework\spring-core\5.2.22.RELEASE\spring-core-5.2.22.RELEASE.jar;C:\Users\yassinjouao\.m2\repository\org\springframework\spring-jcl\5.2.22.RELEASE\spring-jcl-5.2.22.RELEASE.jar;C:\Users\yassinjouao\.m2\repository\org\springframework\spring-expression\5.2.22.RELEASE\spring-expression-5.2.22.RELEASE.jar;C:\Users\yassinjouao\.m2\repository\org\springframework\spring-web\5.2.22.RELEASE\spring-web-5.2.22.RELEASE.jar;C:\Users\yassinjouao\.m2\repository\org\thymeleaf\thymeleaf-spring5\3.0.15.RELEASE\thymeleaf-spring5-3.0.15.RELEASE.jar;C:\Users\yassinjouao\.m2\repository\org\thymeleaf\thymeleaf\3.0.15.RELEASE\thymeleaf-3.0.15.RELEASE.jar;C:\Users\yassinjouao\.m2\repository\org\attoparser\attoparser\2.0.5.RELEASE\attoparser-2.0.5.RELEASE.jar;C:\Users\yassinjouao\.m2\repository\org\unbescape\unbescape\1.1.6.RELEASE\unbescape-1.1.6.RELEASE.jar;C:\Users\yassinjouao\.m2\repository\org\webjars\bootstrap\5.2.0\bootstrap-5.2.0.jar;C:\Users\yassinjouao\.m2\repository\jakarta\servlet\jakarta.servlet-api\4.0.4\jakarta.servlet-api-4.0.4.jar;C:\Users\yassinjouao\.m2\repository\org\springframework\spring-test\5.2.22.RELEASE\spring-test-5.2.22.RELEASE.jar;C:\Users\yassinjouao\.m2\repository\org\slf4j\slf4j-api\1.7.32\slf4j-api-1.7.32.jar;C:\Users\yassinjouao\.m2\repository\ch\qos\logback\logback-classic\1.2.6\logback-classic-1.2.6.jar;C:\Users\yassinjouao\.m2\repository\ch\qos\logback\logback-core\1.2.6\logback-core-1.2.6.jar;C:\Users\yassinjouao\.m2\repository\org\junit\jupiter\junit-jupiter-api\5.9.0\junit-jupiter-api-5.9.0.jar;C:\Users\yassinjouao\.m2\repository\org\opentest4j\opentest4j\1.2.0\opentest4j-1.2.0.jar;C:\Users\yassinjouao\.m2\repository\org\junit\platform\junit-platform-commons\1.9.0\junit-platform-commons-1.9.0.jar;C:\Users\yassinjouao\.m2\repository\org\apiguardian\apiguardian-api\1.1.2\apiguardian-api-1.1.2.jar;C:\Users\yassinjouao\.m2\repository\org\junit\jupiter\junit-jupiter-engine\5.9.0\junit-jupiter-engine-5.9.0.jar;C:\Users\yassinjouao\.m2\repository\org\junit\platform\junit-platform-engine\1.9.0\junit-platform-engine-1.9.0.jar;C:\Users\yassinjouao\.m2\repository\org\hamcrest\hamcrest-core\2.2\hamcrest-core-2.2.jar;C:\Users\yassinjouao\.m2\repository\org\hamcrest\hamcrest\2.2\hamcrest-2.2.jar;C:\Users\yassinjouao\.m2\repository\com\mysql\mysql-connector-j\8.0.31\mysql-connector-j-8.0.31.jar;C:\Users\yassinjouao\.m2\repository\com\google\protobuf\protobuf-java\3.19.4\protobuf-java-3.19.4.jar;C:\Users\yassinjouao\.m2\repository\org\springframework\spring-orm\5.2.22.RELEASE\spring-orm-5.2.22.RELEASE.jar;C:\Users\yassinjouao\.m2\repository\org\springframework\spring-jdbc\5.2.22.RELEASE\spring-jdbc-5.2.22.RELEASE.jar;C:\Users\yassinjouao\.m2\repository\org\springframework\spring-tx\5.2.22.RELEASE\spring-tx-5.2.22.RELEASE.jar;C:\Users\yassinjouao\.m2\repository\org\hibernate\hibernate-entitymanager\5.2.17.Final\hibernate-entitymanager-5.2.17.Final.jar;C:\Users\yassinjouao\.m2\repository\org\jboss\logging\jboss-logging\3.3.1.Final\jboss-logging-3.3.1.Final.jar;C:\Users\yassinjouao\.m2\repository\org\hibernate\hibernate-core\5.2.17.Final\hibernate-core-5.2.17.Final.jar;C:\Users\yassinjouao\.m2\repository\antlr\antlr\2.7.7\antlr-2.7.7.jar;C:\Users\yassinjouao\.m2\repository\org\jboss\jandex\2.0.3.Final\jandex-2.0.3.Final.jar;C:\Users\yassinjouao\.m2\repository\dom4j\dom4j\1.6.1\dom4j-1.6.1.jar;C:\Users\yassinjouao\.m2\repository\org\hibernate\common\hibernate-commons-annotations\5.0.1.Final\hibernate-commons-annotations-5.0.1.Final.jar;C:\Users\yassinjouao\.m2\repository\org\hibernate\javax\persistence\hibernate-jpa-2.1-api\1.0.0.Final\hibernate-jpa-2.1-api-1.0.0.Final.jar;C:\Users\yassinjouao\.m2\repository\org\javassist\javassist\3.22.0-GA\javassist-3.22.0-GA.jar;C:\Users\yassinjouao\.m2\repository\net\bytebuddy\byte-buddy\1.6.14\byte-buddy-1.6.14.jar;C:\Users\yassinjouao\.m2\repository\org\jboss\spec\javax\transaction\jboss-transaction-api_1.2_spec\1.0.1.Final\jboss-transaction-api_1.2_spec-1.0.1.Final.jar;C:\Users\yassinjouao\.m2\repository\org\hibernate\hibernate-validator\5.4.1.Final\hibernate-validator-5.4.1.Final.jar;C:\Users\yassinjouao\.m2\repository\javax\validation\validation-api\1.1.0.Final\validation-api-1.1.0.Final.jar;C:\Users\yassinjouao\.m2\repository\com\fasterxml\classmate\1.3.1\classmate-1.3.1.jar;C:\Users\yassinjouao\.m2\repository\org\springframework\data\spring-data-jpa\2.1.0.RELEASE\spring-data-jpa-2.1.0.RELEASE.jar;C:\Users\yassinjouao\.m2\repository\org\springframework\data\spring-data-commons\2.1.0.RELEASE\spring-data-commons-2.1.0.RELEASE.jar;C:\Users\yassinjouao\.m2\repository\org\aspectj\aspectjrt\1.9.1\aspectjrt-1.9.1.jar;C:\Users\yassinjouao\.m2\repository\com\h2database\h2\2.1.214\h2-2.1.214.jar;"/>
    <property name="java.vm.vendor" value="Oracle Corporation"/>
    <property name="sun.arch.data.model" value="64"/>
    <property name="user.variant" value=""/>
    <property name="java.vendor.url" value="http://java.oracle.com/"/>
    <property name="user.timezone" value="Africa/Casablanca"/>
    <property name="java.vm.specification.version" value="1.8"/>
    <property name="os.name" value="Windows 10"/>
    <property name="user.country" value="US"/>
    <property name="sun.java.launcher" value="SUN_STANDARD"/>
    <property name="sun.boot.library.path" value="C:\Program Files\Java\jdk-1.8\jre\bin"/>
    <property name="sun.java.command" value="C:\Users\yassinjouao\AppData\Local\Temp\surefire158325609737104593\surefirebooter-20240103121636216_3.jar C:\Users\yassinjouao\AppData\Local\Temp\surefire158325609737104593 2024-01-03T12-16-26_735-jvmRun1 surefire-20240103121636216_1tmp surefire_0-20240103121636216_2tmp"/>
    <property name="surefire.test.class.path" value="C:\Users\yassinjouao\Documents\ProjectsJava\craftStore-With-spring-core-testing\target\test-classes;C:\Users\yassinjouao\Documents\ProjectsJava\craftStore-With-spring-core-testing\target\classes;C:\Users\yassinjouao\.m2\repository\com\fasterxml\jackson\core\jackson-databind\2.13.0\jackson-databind-2.13.0.jar;C:\Users\yassinjouao\.m2\repository\com\fasterxml\jackson\core\jackson-core\2.13.0\jackson-core-2.13.0.jar;C:\Users\yassinjouao\.m2\repository\com\fasterxml\jackson\core\jackson-annotations\2.13.0\jackson-annotations-2.13.0.jar;C:\Users\yassinjouao\.m2\repository\org\apache\poi\poi-ooxml\3.11\poi-ooxml-3.11.jar;C:\Users\yassinjouao\.m2\repository\org\apache\poi\poi\3.11\poi-3.11.jar;C:\Users\yassinjouao\.m2\repository\commons-codec\commons-codec\1.9\commons-codec-1.9.jar;C:\Users\yassinjouao\.m2\repository\org\apache\poi\poi-ooxml-schemas\3.11\poi-ooxml-schemas-3.11.jar;C:\Users\yassinjouao\.m2\repository\org\apache\xmlbeans\xmlbeans\2.6.0\xmlbeans-2.6.0.jar;C:\Users\yassinjouao\.m2\repository\stax\stax-api\1.0.1\stax-api-1.0.1.jar;C:\Users\yassinjouao\.m2\repository\org\springframework\spring-webmvc\5.2.22.RELEASE\spring-webmvc-5.2.22.RELEASE.jar;C:\Users\yassinjouao\.m2\repository\org\springframework\spring-aop\5.2.22.RELEASE\spring-aop-5.2.22.RELEASE.jar;C:\Users\yassinjouao\.m2\repository\org\springframework\spring-beans\5.2.22.RELEASE\spring-beans-5.2.22.RELEASE.jar;C:\Users\yassinjouao\.m2\repository\org\springframework\spring-context\5.2.22.RELEASE\spring-context-5.2.22.RELEASE.jar;C:\Users\yassinjouao\.m2\repository\org\springframework\spring-core\5.2.22.RELEASE\spring-core-5.2.22.RELEASE.jar;C:\Users\yassinjouao\.m2\repository\org\springframework\spring-jcl\5.2.22.RELEASE\spring-jcl-5.2.22.RELEASE.jar;C:\Users\yassinjouao\.m2\repository\org\springframework\spring-expression\5.2.22.RELEASE\spring-expression-5.2.22.RELEASE.jar;C:\Users\yassinjouao\.m2\repository\org\springframework\spring-web\5.2.22.RELEASE\spring-web-5.2.22.RELEASE.jar;C:\Users\yassinjouao\.m2\repository\org\thymeleaf\thymeleaf-spring5\3.0.15.RELEASE\thymeleaf-spring5-3.0.15.RELEASE.jar;C:\Users\yassinjouao\.m2\repository\org\thymeleaf\thymeleaf\3.0.15.RELEASE\thymeleaf-3.0.15.RELEASE.jar;C:\Users\yassinjouao\.m2\repository\org\attoparser\attoparser\2.0.5.RELEASE\attoparser-2.0.5.RELEASE.jar;C:\Users\yassinjouao\.m2\repository\org\unbescape\unbescape\1.1.6.RELEASE\unbescape-1.1.6.RELEASE.jar;C:\Users\yassinjouao\.m2\repository\org\webjars\bootstrap\5.2.0\bootstrap-5.2.0.jar;C:\Users\yassinjouao\.m2\repository\jakarta\servlet\jakarta.servlet-api\4.0.4\jakarta.servlet-api-4.0.4.jar;C:\Users\yassinjouao\.m2\repository\org\springframework\spring-test\5.2.22.RELEASE\spring-test-5.2.22.RELEASE.jar;C:\Users\yassinjouao\.m2\repository\org\slf4j\slf4j-api\1.7.32\slf4j-api-1.7.32.jar;C:\Users\yassinjouao\.m2\repository\ch\qos\logback\logback-classic\1.2.6\logback-classic-1.2.6.jar;C:\Users\yassinjouao\.m2\repository\ch\qos\logback\logback-core\1.2.6\logback-core-1.2.6.jar;C:\Users\yassinjouao\.m2\repository\org\junit\jupiter\junit-jupiter-api\5.9.0\junit-jupiter-api-5.9.0.jar;C:\Users\yassinjouao\.m2\repository\org\opentest4j\opentest4j\1.2.0\opentest4j-1.2.0.jar;C:\Users\yassinjouao\.m2\repository\org\junit\platform\junit-platform-commons\1.9.0\junit-platform-commons-1.9.0.jar;C:\Users\yassinjouao\.m2\repository\org\apiguardian\apiguardian-api\1.1.2\apiguardian-api-1.1.2.jar;C:\Users\yassinjouao\.m2\repository\org\junit\jupiter\junit-jupiter-engine\5.9.0\junit-jupiter-engine-5.9.0.jar;C:\Users\yassinjouao\.m2\repository\org\junit\platform\junit-platform-engine\1.9.0\junit-platform-engine-1.9.0.jar;C:\Users\yassinjouao\.m2\repository\org\hamcrest\hamcrest-core\2.2\hamcrest-core-2.2.jar;C:\Users\yassinjouao\.m2\repository\org\hamcrest\hamcrest\2.2\hamcrest-2.2.jar;C:\Users\yassinjouao\.m2\repository\com\mysql\mysql-connector-j\8.0.31\mysql-connector-j-8.0.31.jar;C:\Users\yassinjouao\.m2\repository\com\google\protobuf\protobuf-java\3.19.4\protobuf-java-3.19.4.jar;C:\Users\yassinjouao\.m2\repository\org\springframework\spring-orm\5.2.22.RELEASE\spring-orm-5.2.22.RELEASE.jar;C:\Users\yassinjouao\.m2\repository\org\springframework\spring-jdbc\5.2.22.RELEASE\spring-jdbc-5.2.22.RELEASE.jar;C:\Users\yassinjouao\.m2\repository\org\springframework\spring-tx\5.2.22.RELEASE\spring-tx-5.2.22.RELEASE.jar;C:\Users\yassinjouao\.m2\repository\org\hibernate\hibernate-entitymanager\5.2.17.Final\hibernate-entitymanager-5.2.17.Final.jar;C:\Users\yassinjouao\.m2\repository\org\jboss\logging\jboss-logging\3.3.1.Final\jboss-logging-3.3.1.Final.jar;C:\Users\yassinjouao\.m2\repository\org\hibernate\hibernate-core\5.2.17.Final\hibernate-core-5.2.17.Final.jar;C:\Users\yassinjouao\.m2\repository\antlr\antlr\2.7.7\antlr-2.7.7.jar;C:\Users\yassinjouao\.m2\repository\org\jboss\jandex\2.0.3.Final\jandex-2.0.3.Final.jar;C:\Users\yassinjouao\.m2\repository\dom4j\dom4j\1.6.1\dom4j-1.6.1.jar;C:\Users\yassinjouao\.m2\repository\org\hibernate\common\hibernate-commons-annotations\5.0.1.Final\hibernate-commons-annotations-5.0.1.Final.jar;C:\Users\yassinjouao\.m2\repository\org\hibernate\javax\persistence\hibernate-jpa-2.1-api\1.0.0.Final\hibernate-jpa-2.1-api-1.0.0.Final.jar;C:\Users\yassinjouao\.m2\repository\org\javassist\javassist\3.22.0-GA\javassist-3.22.0-GA.jar;C:\Users\yassinjouao\.m2\repository\net\bytebuddy\byte-buddy\1.6.14\byte-buddy-1.6.14.jar;C:\Users\yassinjouao\.m2\repository\org\jboss\spec\javax\transaction\jboss-transaction-api_1.2_spec\1.0.1.Final\jboss-transaction-api_1.2_spec-1.0.1.Final.jar;C:\Users\yassinjouao\.m2\repository\org\hibernate\hibernate-validator\5.4.1.Final\hibernate-validator-5.4.1.Final.jar;C:\Users\yassinjouao\.m2\repository\javax\validation\validation-api\1.1.0.Final\validation-api-1.1.0.Final.jar;C:\Users\yassinjouao\.m2\repository\com\fasterxml\classmate\1.3.1\classmate-1.3.1.jar;C:\Users\yassinjouao\.m2\repository\org\springframework\data\spring-data-jpa\2.1.0.RELEASE\spring-data-jpa-2.1.0.RELEASE.jar;C:\Users\yassinjouao\.m2\repository\org\springframework\data\spring-data-commons\2.1.0.RELEASE\spring-data-commons-2.1.0.RELEASE.jar;C:\Users\yassinjouao\.m2\repository\org\aspectj\aspectjrt\1.9.1\aspectjrt-1.9.1.jar;C:\Users\yassinjouao\.m2\repository\com\h2database\h2\2.1.214\h2-2.1.214.jar;"/>
    <property name="sun.cpu.endian" value="little"/>
    <property name="user.home" value="C:\Users\yassinjouao"/>
    <property name="user.language" value="en"/>
    <property name="java.specification.vendor" value="Oracle Corporation"/>
    <property name="java.home" value="C:\Program Files\Java\jdk-1.8\jre"/>
    <property name="basedir" value="C:\Users\yassinjouao\Documents\ProjectsJava\craftStore-With-spring-core-testing"/>
    <property name="style.color" value="always"/>
    <property name="file.separator" value="\"/>
    <property name="line.separator" value="&#10;"/>
    <property name="java.vm.specification.vendor" value="Oracle Corporation"/>
    <property name="java.specification.name" value="Java Platform API Specification"/>
    <property name="java.awt.graphicsenv" value="sun.awt.Win32GraphicsEnvironment"/>
    <property name="surefire.real.class.path" value="C:\Users\yassinjouao\AppData\Local\Temp\surefire158325609737104593\surefirebooter-20240103121636216_3.jar"/>
    <property name="sun.boot.class.path" value="C:\Program Files\Java\jdk-1.8\jre\lib\resources.jar;C:\Program Files\Java\jdk-1.8\jre\lib\rt.jar;C:\Program Files\Java\jdk-1.8\jre\lib\jsse.jar;C:\Program Files\Java\jdk-1.8\jre\lib\jce.jar;C:\Program Files\Java\jdk-1.8\jre\lib\charsets.jar;C:\Program Files\Java\jdk-1.8\jre\lib\jfr.jar;C:\Program Files\Java\jdk-1.8\jre\classes"/>
    <property name="user.script" value=""/>
    <property name="sun.management.compiler" value="HotSpot 64-Bit Tiered Compilers"/>
    <property name="java.runtime.version" value="1.8.0_391-b13"/>
    <property name="user.name" value="yassinjouao"/>
    <property name="path.separator" value=";"/>
    <property name="os.version" value="10.0"/>
    <property name="java.endorsed.dirs" value="C:\Program Files\Java\jdk-1.8\jre\lib\endorsed"/>
    <property name="java.runtime.name" value="Java(TM) SE Runtime Environment"/>
    <property name="file.encoding" value="Cp1252"/>
    <property name="java.vm.name" value="Java HotSpot(TM) 64-Bit Server VM"/>
    <property name="localRepository" value="C:\Users\yassinjouao\.m2\repository"/>
    <property name="java.vendor.url.bug" value="http://bugreport.sun.com/bugreport/"/>
    <property name="java.io.tmpdir" value="C:\Users\YASSIN~1\AppData\Local\Temp\"/>
    <property name="java.version" value="1.8.0_391"/>
    <property name="user.dir" value="C:\Users\yassinjouao\Documents\ProjectsJava\craftStore-With-spring-core-testing"/>
    <property name="os.arch" value="amd64"/>
    <property name="java.vm.specification.name" value="Java Virtual Machine Specification"/>
    <property name="java.awt.printerjob" value="sun.awt.windows.WPrinterJob"/>
    <property name="sun.os.patch.level" value=""/>
    <property name="java.library.path" value="C:\Program Files\Java\jdk-1.8\jre\bin;C:\WINDOWS\Sun\Java\bin;C:\WINDOWS\system32;C:\WINDOWS;C:/Users/yassinjouao/Documents/sts-4.21.0.RELEASE v//plugins/org.eclipse.justj.openjdk.hotspot.jre.full.win32.x86_64_17.0.9.v20231028-0858/jre/bin/server;C:/Users/yassinjouao/Documents/sts-4.21.0.RELEASE v//plugins/org.eclipse.justj.openjdk.hotspot.jre.full.win32.x86_64_17.0.9.v20231028-0858/jre/bin;C:\Program Files\Java\jdk-1.8\bin;C:\WINDOWS\system32;C:\WINDOWS;C:\WINDOWS\System32\Wbem;C:\WINDOWS\System32\WindowsPowerShell\v1.0\;C:\WINDOWS\System32\OpenSSH\;C:\Program Files\Git\cmd;C:\Program Files\nodejs\;C:\Program Files\apache-maven-3.9.6\bin;C:\Program Files\Cloudflare\Cloudflare WARP\;C:\Users\yassinjouao\AppData\Local\Microsoft\WindowsApps;C:\Users\yassinjouao\AppData\Local\Programs\Microsoft VS Code\bin;C:\Users\yassinjouao\go\bin;C:\Users\yassinjouao\AppData\Roaming\npm;C:\Program Files\mongosh\;C:\Program Files\JetBrains\IntelliJ IDEA Community Edition 2023.3\bin;C:\Program Files\JetBrains\IntelliJ IDEA 2023.3.2\bin;C:\Users\yassinjouao\AppData\Local\JetBrains\Toolbox\scripts;;C:\Users\yassinjouao\Documents\sts-4.21.0.RELEASE v;;."/>
    <property name="java.vm.info" value="mixed mode"/>
    <property name="java.vendor" value="Oracle Corporation"/>
    <property name="java.vm.version" value="25.391-b13"/>
    <property name="java.specification.maintenance.version" value="5"/>
    <property name="java.ext.dirs" value="C:\Program Files\Java\jdk-1.8\jre\lib\ext;C:\WINDOWS\Sun\Java\lib\ext"/>
    <property name="sun.io.unicode.encoding" value="UnicodeLittle"/>
    <property name="java.class.version" value="52.0"/>
  </properties>
  <testcase name="testSaveOrder" classname="com.joseph.service.Impl.OrderServiceImplTest" time="0.239">
    <system-out><![CDATA[12:16:39.257 [main] DEBUG org.springframework.test.context.BootstrapUtils - Instantiating CacheAwareContextLoaderDelegate from class [org.springframework.test.context.cache.DefaultCacheAwareContextLoaderDelegate]
12:16:39.277 [main] DEBUG org.springframework.test.context.BootstrapUtils - Instantiating BootstrapContext using constructor [public org.springframework.test.context.support.DefaultBootstrapContext(java.lang.Class,org.springframework.test.context.CacheAwareContextLoaderDelegate)]
12:16:39.321 [main] DEBUG org.springframework.test.context.BootstrapUtils - Instantiating TestContextBootstrapper for test class [com.joseph.service.Impl.OrderServiceImplTest] from class [org.springframework.test.context.support.DefaultTestContextBootstrapper]
12:16:39.358 [main] DEBUG org.springframework.test.context.support.AbstractDelegatingSmartContextLoader - Delegating to AnnotationConfigContextLoader to process context configuration [ContextConfigurationAttributes@5c5eefef declaringClass = 'com.joseph.service.Impl.OrderServiceImplTest', classes = '{class com.joseph.config.PersistenceJPAConfig}', locations = '{}', inheritLocations = true, initializers = '{}', inheritInitializers = true, name = [null], contextLoaderClass = 'org.springframework.test.context.ContextLoader'].
12:16:39.414 [main] DEBUG org.springframework.test.context.support.ActiveProfilesUtils - Could not find an 'annotation declaring class' for annotation type [org.springframework.test.context.ActiveProfiles] and class [com.joseph.service.Impl.OrderServiceImplTest]
12:16:39.416 [main] DEBUG org.springframework.test.context.support.DefaultTestContextBootstrapper - @TestExecutionListeners is not present for class [com.joseph.service.Impl.OrderServiceImplTest]: using defaults.
12:16:39.417 [main] INFO org.springframework.test.context.support.DefaultTestContextBootstrapper - Loaded default TestExecutionListener class names from location [META-INF/spring.factories]: [org.springframework.test.context.web.ServletTestExecutionListener, org.springframework.test.context.support.DirtiesContextBeforeModesTestExecutionListener, org.springframework.test.context.support.DependencyInjectionTestExecutionListener, org.springframework.test.context.support.DirtiesContextTestExecutionListener, org.springframework.test.context.transaction.TransactionalTestExecutionListener, org.springframework.test.context.jdbc.SqlScriptsTestExecutionListener, org.springframework.test.context.event.EventPublishingTestExecutionListener]
12:16:39.443 [main] INFO org.springframework.test.context.support.DefaultTestContextBootstrapper - Using TestExecutionListeners: [org.springframework.test.context.web.ServletTestExecutionListener@3fc2959f, org.springframework.test.context.support.DirtiesContextBeforeModesTestExecutionListener@5aa9e4eb, org.springframework.test.context.support.DependencyInjectionTestExecutionListener@6989da5e, org.springframework.test.context.support.DirtiesContextTestExecutionListener@385c9627, org.springframework.test.context.transaction.TransactionalTestExecutionListener@139982de, org.springframework.test.context.jdbc.SqlScriptsTestExecutionListener@682b2fa, org.springframework.test.context.event.EventPublishingTestExecutionListener@217ed35e]
12:16:39.447 [main] DEBUG org.springframework.test.context.support.AbstractDirtiesContextTestExecutionListener - Before test class: context [DefaultTestContext@77c2494c testClass = OrderServiceImplTest, testInstance = [null], testMethod = [null], testException = [null], mergedContextConfiguration = [MergedContextConfiguration@f5958c9 testClass = OrderServiceImplTest, locations = '{}', classes = '{class com.joseph.config.PersistenceJPAConfig}', contextInitializerClasses = '[]', activeProfiles = '{}', propertySourceLocations = '{}', propertySourceProperties = '{}', contextCustomizers = set[[empty]], contextLoader = 'org.springframework.test.context.support.DelegatingSmartContextLoader', parent = [null]], attributes = map[[empty]]], class annotated with @DirtiesContext [false] with mode [null].
12:16:39.464 [main] DEBUG org.springframework.test.context.support.DependencyInjectionTestExecutionListener - Performing dependency injection for test context [[DefaultTestContext@77c2494c testClass = OrderServiceImplTest, testInstance = com.joseph.service.Impl.OrderServiceImplTest@61322f9d, testMethod = [null], testException = [null], mergedContextConfiguration = [MergedContextConfiguration@f5958c9 testClass = OrderServiceImplTest, locations = '{}', classes = '{class com.joseph.config.PersistenceJPAConfig}', contextInitializerClasses = '[]', activeProfiles = '{}', propertySourceLocations = '{}', propertySourceProperties = '{}', contextCustomizers = set[[empty]], contextLoader = 'org.springframework.test.context.support.DelegatingSmartContextLoader', parent = [null]], attributes = map[[empty]]]].
12:16:39.465 [main] DEBUG org.springframework.test.context.support.AbstractDelegatingSmartContextLoader - Delegating to AnnotationConfigContextLoader to load context from [MergedContextConfiguration@f5958c9 testClass = OrderServiceImplTest, locations = '{}', classes = '{class com.joseph.config.PersistenceJPAConfig}', contextInitializerClasses = '[]', activeProfiles = '{}', propertySourceLocations = '{}', propertySourceProperties = '{}', contextCustomizers = set[[empty]], contextLoader = 'org.springframework.test.context.support.DelegatingSmartContextLoader', parent = [null]].
12:16:39.465 [main] DEBUG org.springframework.test.context.support.AbstractGenericContextLoader - Loading ApplicationContext for merged context configuration [[MergedContextConfiguration@f5958c9 testClass = OrderServiceImplTest, locations = '{}', classes = '{class com.joseph.config.PersistenceJPAConfig}', contextInitializerClasses = '[]', activeProfiles = '{}', propertySourceLocations = '{}', propertySourceProperties = '{}', contextCustomizers = set[[empty]], contextLoader = 'org.springframework.test.context.support.DelegatingSmartContextLoader', parent = [null]]].
12:16:39.538 [main] DEBUG org.springframework.core.env.StandardEnvironment - Activating profiles []
12:16:39.538 [main] DEBUG org.springframework.test.context.support.AnnotationConfigContextLoader - Registering component classes: {class com.joseph.config.PersistenceJPAConfig}
12:16:39.660 [main] DEBUG org.springframework.context.support.GenericApplicationContext - Refreshing org.springframework.context.support.GenericApplicationContext@71e9ddb4
12:16:39.682 [main] DEBUG org.springframework.beans.factory.support.DefaultListableBeanFactory - Creating shared instance of singleton bean 'org.springframework.context.annotation.internalConfigurationAnnotationProcessor'
12:16:39.841 [main] DEBUG org.springframework.context.annotation.ClassPathBeanDefinitionScanner - Identified candidate component class: file [C:\Users\yassinjouao\Documents\ProjectsJava\craftStore-With-spring-core-testing\target\classes\com\joseph\entity\Client.class]
12:16:39.843 [main] DEBUG org.springframework.context.annotation.ClassPathBeanDefinitionScanner - Identified candidate component class: file [C:\Users\yassinjouao\Documents\ProjectsJava\craftStore-With-spring-core-testing\target\classes\com\joseph\entity\Order.class]
12:16:39.844 [main] DEBUG org.springframework.context.annotation.ClassPathBeanDefinitionScanner - Identified candidate component class: file [C:\Users\yassinjouao\Documents\ProjectsJava\craftStore-With-spring-core-testing\target\classes\com\joseph\entity\OrderItem.class]
12:16:39.846 [main] DEBUG org.springframework.context.annotation.ClassPathBeanDefinitionScanner - Identified candidate component class: file [C:\Users\yassinjouao\Documents\ProjectsJava\craftStore-With-spring-core-testing\target\classes\com\joseph\entity\Product.class]
12:16:39.851 [main] DEBUG org.springframework.context.annotation.ClassPathBeanDefinitionScanner - Ignored because not a concrete top-level class: file [C:\Users\yassinjouao\Documents\ProjectsJava\craftStore-With-spring-core-testing\target\classes\com\joseph\repository\ClientRepository.class]
12:16:39.852 [main] DEBUG org.springframework.context.annotation.ClassPathBeanDefinitionScanner - Ignored because not a concrete top-level class: file [C:\Users\yassinjouao\Documents\ProjectsJava\craftStore-With-spring-core-testing\target\classes\com\joseph\repository\OrderItemRepository.class]
12:16:39.856 [main] DEBUG org.springframework.context.annotation.ClassPathBeanDefinitionScanner - Ignored because not a concrete top-level class: file [C:\Users\yassinjouao\Documents\ProjectsJava\craftStore-With-spring-core-testing\target\classes\com\joseph\repository\OrderRepository.class]
12:16:39.857 [main] DEBUG org.springframework.context.annotation.ClassPathBeanDefinitionScanner - Ignored because not a concrete top-level class: file [C:\Users\yassinjouao\Documents\ProjectsJava\craftStore-With-spring-core-testing\target\classes\com\joseph\repository\ProductRepository.class]
12:16:39.865 [main] DEBUG org.springframework.context.annotation.ClassPathBeanDefinitionScanner - Identified candidate component class: file [C:\Users\yassinjouao\Documents\ProjectsJava\craftStore-With-spring-core-testing\target\classes\com\joseph\service\Impl\ClientServiceImpl.class]
12:16:39.866 [main] DEBUG org.springframework.context.annotation.ClassPathBeanDefinitionScanner - Identified candidate component class: file [C:\Users\yassinjouao\Documents\ProjectsJava\craftStore-With-spring-core-testing\target\classes\com\joseph\service\Impl\OrderItemServiceImpl.class]
12:16:39.867 [main] DEBUG org.springframework.context.annotation.ClassPathBeanDefinitionScanner - Identified candidate component class: file [C:\Users\yassinjouao\Documents\ProjectsJava\craftStore-With-spring-core-testing\target\classes\com\joseph\service\Impl\OrderServiceImpl.class]
12:16:39.869 [main] DEBUG org.springframework.context.annotation.ClassPathBeanDefinitionScanner - Identified candidate component class: file [C:\Users\yassinjouao\Documents\ProjectsJava\craftStore-With-spring-core-testing\target\classes\com\joseph\service\Impl\ProductServiceImpl.class]
12:16:39.884 [main] DEBUG org.springframework.context.annotation.ClassPathBeanDefinitionScanner - Identified candidate component class: file [C:\Users\yassinjouao\Documents\ProjectsJava\craftStore-With-spring-core-testing\target\classes\com\joseph\web\ClientController.class]
12:16:39.887 [main] DEBUG org.springframework.context.annotation.ClassPathBeanDefinitionScanner - Identified candidate component class: file [C:\Users\yassinjouao\Documents\ProjectsJava\craftStore-With-spring-core-testing\target\classes\com\joseph\web\HelloController.class]
12:16:39.889 [main] DEBUG org.springframework.context.annotation.ClassPathBeanDefinitionScanner - Identified candidate component class: file [C:\Users\yassinjouao\Documents\ProjectsJava\craftStore-With-spring-core-testing\target\classes\com\joseph\web\OrderController.class]
12:16:39.891 [main] DEBUG org.springframework.context.annotation.ClassPathBeanDefinitionScanner - Identified candidate component class: file [C:\Users\yassinjouao\Documents\ProjectsJava\craftStore-With-spring-core-testing\target\classes\com\joseph\web\ProductController.class]
12:16:40.006 [main] INFO org.springframework.data.repository.config.RepositoryConfigurationDelegate - Bootstrapping Spring Data repositories in DEFAULT mode.
12:16:40.022 [main] DEBUG org.springframework.data.repository.config.RepositoryConfigurationDelegate - Scanning for repositories in packages com.joseph.repository.
12:16:40.035 [main] DEBUG org.springframework.data.repository.config.RepositoryComponentProvider - Identified candidate component class: file [C:\Users\yassinjouao\Documents\ProjectsJava\craftStore-With-spring-core-testing\target\classes\com\joseph\repository\ClientRepository.class]
12:16:40.035 [main] DEBUG org.springframework.data.repository.config.RepositoryComponentProvider - Identified candidate component class: file [C:\Users\yassinjouao\Documents\ProjectsJava\craftStore-With-spring-core-testing\target\classes\com\joseph\repository\OrderItemRepository.class]
12:16:40.036 [main] DEBUG org.springframework.data.repository.config.RepositoryComponentProvider - Identified candidate component class: file [C:\Users\yassinjouao\Documents\ProjectsJava\craftStore-With-spring-core-testing\target\classes\com\joseph\repository\OrderRepository.class]
12:16:40.036 [main] DEBUG org.springframework.data.repository.config.RepositoryComponentProvider - Identified candidate component class: file [C:\Users\yassinjouao\Documents\ProjectsJava\craftStore-With-spring-core-testing\target\classes\com\joseph\repository\ProductRepository.class]
12:16:40.156 [main] INFO org.springframework.data.repository.config.RepositoryConfigurationDelegate - Finished Spring Data repository scanning in 132ms. Found 4 repository interfaces.
12:16:40.358 [main] DEBUG org.springframework.beans.factory.support.DefaultListableBeanFactory - Creating shared instance of singleton bean 'emBeanDefinitionRegistrarPostProcessor'
12:16:40.366 [main] DEBUG org.springframework.beans.factory.support.DefaultListableBeanFactory - Creating shared instance of singleton bean 'org.springframework.context.event.internalEventListenerProcessor'
12:16:40.371 [main] DEBUG org.springframework.beans.factory.support.DefaultListableBeanFactory - Creating shared instance of singleton bean 'org.springframework.context.event.internalEventListenerFactory'
12:16:40.372 [main] DEBUG org.springframework.beans.factory.support.DefaultListableBeanFactory - Creating shared instance of singleton bean 'org.springframework.transaction.config.internalTransactionalEventListenerFactory'
12:16:40.378 [main] DEBUG org.springframework.beans.factory.support.DefaultListableBeanFactory - Creating shared instance of singleton bean 'org.springframework.context.annotation.internalAutowiredAnnotationProcessor'
12:16:40.381 [main] DEBUG org.springframework.beans.factory.support.DefaultListableBeanFactory - Creating shared instance of singleton bean 'org.springframework.context.annotation.internalCommonAnnotationProcessor'
12:16:40.388 [main] DEBUG org.springframework.beans.factory.support.DefaultListableBeanFactory - Creating shared instance of singleton bean 'org.springframework.context.annotation.internalPersistenceAnnotationProcessor'
12:16:40.389 [main] DEBUG org.springframework.beans.factory.support.DefaultListableBeanFactory - Creating shared instance of singleton bean 'exceptionTranslation'
12:16:40.390 [main] DEBUG org.springframework.beans.factory.support.DefaultListableBeanFactory - Creating shared instance of singleton bean 'persistenceJPAConfig'
12:16:40.436 [main] INFO org.springframework.context.support.PostProcessorRegistrationDelegate$BeanPostProcessorChecker - Bean 'persistenceJPAConfig' of type [com.joseph.config.PersistenceJPAConfig$$EnhancerBySpringCGLIB$$34771b9b] is not eligible for getting processed by all BeanPostProcessors (for example: not eligible for auto-proxying)
12:16:40.462 [main] DEBUG org.springframework.beans.factory.support.DefaultListableBeanFactory - Creating shared instance of singleton bean 'org.springframework.aop.config.internalAutoProxyCreator'
12:16:40.522 [main] DEBUG org.springframework.beans.factory.support.DefaultListableBeanFactory - Creating shared instance of singleton bean 'entityManagerFactory'
12:16:40.533 [main] DEBUG org.springframework.beans.factory.support.DefaultListableBeanFactory - Creating shared instance of singleton bean 'dataSource'
12:16:40.536 [main] DEBUG org.springframework.core.env.PropertySourcesPropertyResolver - Found key 'jdbc.driverClassName' in PropertySource 'class path resource [database.properties]' with value of type String
12:16:40.553 [main] DEBUG org.springframework.jdbc.datasource.DriverManagerDataSource - Loaded JDBC driver: com.mysql.cj.jdbc.Driver
12:16:40.553 [main] DEBUG org.springframework.core.env.PropertySourcesPropertyResolver - Found key 'jdbc.url' in PropertySource 'class path resource [database.properties]' with value of type String
12:16:40.553 [main] DEBUG org.springframework.core.env.PropertySourcesPropertyResolver - Found key 'jdbc.user' in PropertySource 'class path resource [database.properties]' with value of type String
12:16:40.553 [main] DEBUG org.springframework.core.env.PropertySourcesPropertyResolver - Found key 'jdbc.pass' in PropertySource 'class path resource [database.properties]' with value of type String
12:16:40.558 [main] DEBUG org.springframework.beans.factory.support.DefaultListableBeanFactory - Creating shared instance of singleton bean 'org.springframework.transaction.config.internalTransactionAdvisor'
12:16:40.559 [main] DEBUG org.springframework.beans.factory.support.DefaultListableBeanFactory - Creating shared instance of singleton bean 'org.springframework.transaction.annotation.ProxyTransactionManagementConfiguration'
12:16:40.597 [main] DEBUG org.springframework.beans.factory.support.DefaultListableBeanFactory - Creating shared instance of singleton bean 'transactionAttributeSource'
12:16:40.599 [main] DEBUG org.springframework.beans.factory.support.DefaultListableBeanFactory - Creating shared instance of singleton bean 'transactionInterceptor'
12:16:40.601 [main] DEBUG org.springframework.beans.factory.support.DefaultListableBeanFactory - Autowiring by type from bean name 'transactionInterceptor' via factory method to bean named 'transactionAttributeSource'
12:16:40.612 [main] DEBUG org.springframework.beans.factory.support.DefaultListableBeanFactory - Autowiring by type from bean name 'org.springframework.transaction.config.internalTransactionAdvisor' via factory method to bean named 'transactionAttributeSource'
12:16:40.613 [main] DEBUG org.springframework.beans.factory.support.DefaultListableBeanFactory - Autowiring by type from bean name 'org.springframework.transaction.config.internalTransactionAdvisor' via factory method to bean named 'transactionInterceptor'
12:16:40.694 [main] DEBUG org.jboss.logging - Logging Provider: org.jboss.logging.Slf4jLoggerProvider
12:16:40.700 [main] DEBUG org.springframework.core.env.PropertySourcesPropertyResolver - Found key 'hibernate.hbm2ddl.auto' in PropertySource 'class path resource [database.properties]' with value of type String
12:16:40.700 [main] DEBUG org.springframework.core.env.PropertySourcesPropertyResolver - Found key 'hibernate.dialect' in PropertySource 'class path resource [database.properties]' with value of type String
12:16:40.701 [main] DEBUG org.springframework.core.env.PropertySourcesPropertyResolver - Found key 'hibernate.cache.use_second_level_cache' in PropertySource 'class path resource [database.properties]' with value of type String
12:16:40.701 [main] DEBUG org.springframework.core.env.PropertySourcesPropertyResolver - Found key 'hibernate.cache.use_query_cache' in PropertySource 'class path resource [database.properties]' with value of type String
12:16:40.728 [main] DEBUG org.springframework.orm.jpa.LocalContainerEntityManagerFactoryBean - Building JPA container EntityManagerFactory for persistence unit 'default'
12:16:40.764 [main] DEBUG org.hibernate.jpa.internal.util.LogHelper - PersistenceUnitInfo [
	name: default
	persistence provider classname: null
	classloader: sun.misc.Launcher$AppClassLoader@6bc7c054
	excludeUnlistedClasses: true
	JTA datasource: null
	Non JTA datasource: org.springframework.jdbc.datasource.DriverManagerDataSource@2cc44ad
	Transaction type: RESOURCE_LOCAL
	PU root URL: file:/C:/Users/yassinjouao/Documents/ProjectsJava/craftStore-With-spring-core-testing/target/test-classes/
	Shared Cache Mode: UNSPECIFIED
	Validation Mode: AUTO
	Jar files URLs []
	Managed classes names [
		com.joseph.entity.Client
		com.joseph.entity.Order
		com.joseph.entity.OrderItem
		com.joseph.entity.Product]
	Mapping files names []
	Properties []
12:16:40.794 [main] DEBUG org.hibernate.integrator.internal.IntegratorServiceImpl - Adding Integrator [org.hibernate.cfg.beanvalidation.BeanValidationIntegrator].
12:16:40.797 [main] DEBUG org.hibernate.integrator.internal.IntegratorServiceImpl - Adding Integrator [org.hibernate.secure.spi.JaccIntegrator].
12:16:40.810 [main] DEBUG org.hibernate.integrator.internal.IntegratorServiceImpl - Adding Integrator [org.hibernate.cache.internal.CollectionCacheInvalidator].
12:16:40.811 [main] DEBUG org.hibernate.integrator.internal.IntegratorServiceImpl - Adding Integrator [org.hibernate.jpa.event.spi.JpaIntegrator].
12:16:41.001 [main] INFO org.hibernate.Version - HHH000412: Hibernate Core {5.2.17.Final}
12:16:41.004 [main] INFO org.hibernate.cfg.Environment - HHH000206: hibernate.properties not found
12:16:41.030 [main] DEBUG org.hibernate.service.spi.ServiceBinding - Overriding existing service binding [org.hibernate.secure.spi.JaccService]
12:16:41.085 [main] DEBUG org.hibernate.cache.internal.RegionFactoryInitiator - Cache region factory : org.hibernate.cache.internal.NoCachingRegionFactory
12:16:41.100 [main] INFO org.hibernate.annotations.common.Version - HCANN000001: Hibernate Commons Annotations {5.0.1.Final}
12:16:41.218 [main] DEBUG org.hibernate.type.BasicTypeRegistry - Adding type registration boolean -> org.hibernate.type.BooleanType@7997b197
12:16:41.218 [main] DEBUG org.hibernate.type.BasicTypeRegistry - Adding type registration boolean -> org.hibernate.type.BooleanType@7997b197
12:16:41.218 [main] DEBUG org.hibernate.type.BasicTypeRegistry - Adding type registration java.lang.Boolean -> org.hibernate.type.BooleanType@7997b197
12:16:41.220 [main] DEBUG org.hibernate.type.BasicTypeRegistry - Adding type registration numeric_boolean -> org.hibernate.type.NumericBooleanType@770d4269
12:16:41.224 [main] DEBUG org.hibernate.type.BasicTypeRegistry - Adding type registration true_false -> org.hibernate.type.TrueFalseType@532a02d9
12:16:41.226 [main] DEBUG org.hibernate.type.BasicTypeRegistry - Adding type registration yes_no -> org.hibernate.type.YesNoType@7f811d00
12:16:41.230 [main] DEBUG org.hibernate.type.BasicTypeRegistry - Adding type registration byte -> org.hibernate.type.ByteType@a77614d
12:16:41.231 [main] DEBUG org.hibernate.type.BasicTypeRegistry - Adding type registration byte -> org.hibernate.type.ByteType@a77614d
12:16:41.231 [main] DEBUG org.hibernate.type.BasicTypeRegistry - Adding type registration java.lang.Byte -> org.hibernate.type.ByteType@a77614d
12:16:41.234 [main] DEBUG org.hibernate.type.BasicTypeRegistry - Adding type registration character -> org.hibernate.type.CharacterType@523424b5
12:16:41.234 [main] DEBUG org.hibernate.type.BasicTypeRegistry - Adding type registration char -> org.hibernate.type.CharacterType@523424b5
12:16:41.234 [main] DEBUG org.hibernate.type.BasicTypeRegistry - Adding type registration java.lang.Character -> org.hibernate.type.CharacterType@523424b5
12:16:41.238 [main] DEBUG org.hibernate.type.BasicTypeRegistry - Adding type registration short -> org.hibernate.type.ShortType@372ea2bc
12:16:41.241 [main] DEBUG org.hibernate.type.BasicTypeRegistry - Adding type registration short -> org.hibernate.type.ShortType@372ea2bc
12:16:41.241 [main] DEBUG org.hibernate.type.BasicTypeRegistry - Adding type registration java.lang.Short -> org.hibernate.type.ShortType@372ea2bc
12:16:41.243 [main] DEBUG org.hibernate.type.BasicTypeRegistry - Adding type registration integer -> org.hibernate.type.IntegerType@a486d78
12:16:41.243 [main] DEBUG org.hibernate.type.BasicTypeRegistry - Adding type registration int -> org.hibernate.type.IntegerType@a486d78
12:16:41.243 [main] DEBUG org.hibernate.type.BasicTypeRegistry - Adding type registration java.lang.Integer -> org.hibernate.type.IntegerType@a486d78
12:16:41.246 [main] DEBUG org.hibernate.type.BasicTypeRegistry - Adding type registration long -> org.hibernate.type.LongType@299266e2
12:16:41.247 [main] DEBUG org.hibernate.type.BasicTypeRegistry - Adding type registration long -> org.hibernate.type.LongType@299266e2
12:16:41.247 [main] DEBUG org.hibernate.type.BasicTypeRegistry - Adding type registration java.lang.Long -> org.hibernate.type.LongType@299266e2
12:16:41.250 [main] DEBUG org.hibernate.type.BasicTypeRegistry - Adding type registration float -> org.hibernate.type.FloatType@4a9cc6cb
12:16:41.251 [main] DEBUG org.hibernate.type.BasicTypeRegistry - Adding type registration float -> org.hibernate.type.FloatType@4a9cc6cb
12:16:41.251 [main] DEBUG org.hibernate.type.BasicTypeRegistry - Adding type registration java.lang.Float -> org.hibernate.type.FloatType@4a9cc6cb
12:16:41.254 [main] DEBUG org.hibernate.type.BasicTypeRegistry - Adding type registration double -> org.hibernate.type.DoubleType@114a85c2
12:16:41.255 [main] DEBUG org.hibernate.type.BasicTypeRegistry - Adding type registration double -> org.hibernate.type.DoubleType@114a85c2
12:16:41.255 [main] DEBUG org.hibernate.type.BasicTypeRegistry - Adding type registration java.lang.Double -> org.hibernate.type.DoubleType@114a85c2
12:16:41.258 [main] DEBUG org.hibernate.type.BasicTypeRegistry - Adding type registration big_decimal -> org.hibernate.type.BigDecimalType@d78795
12:16:41.258 [main] DEBUG org.hibernate.type.BasicTypeRegistry - Adding type registration java.math.BigDecimal -> org.hibernate.type.BigDecimalType@d78795
12:16:41.260 [main] DEBUG org.hibernate.type.BasicTypeRegistry - Adding type registration big_integer -> org.hibernate.type.BigIntegerType@21694e53
12:16:41.260 [main] DEBUG org.hibernate.type.BasicTypeRegistry - Adding type registration java.math.BigInteger -> org.hibernate.type.BigIntegerType@21694e53
12:16:41.262 [main] DEBUG org.hibernate.type.BasicTypeRegistry - Adding type registration string -> org.hibernate.type.StringType@62417a16
12:16:41.262 [main] DEBUG org.hibernate.type.BasicTypeRegistry - Adding type registration java.lang.String -> org.hibernate.type.StringType@62417a16
12:16:41.264 [main] DEBUG org.hibernate.type.BasicTypeRegistry - Adding type registration nstring -> org.hibernate.type.StringNVarcharType@64712be
12:16:41.266 [main] DEBUG org.hibernate.type.BasicTypeRegistry - Adding type registration ncharacter -> org.hibernate.type.CharacterNCharType@59fc684e
12:16:41.267 [main] DEBUG org.hibernate.type.BasicTypeRegistry - Adding type registration url -> org.hibernate.type.UrlType@1133ec6e
12:16:41.267 [main] DEBUG org.hibernate.type.BasicTypeRegistry - Adding type registration java.net.URL -> org.hibernate.type.UrlType@1133ec6e
12:16:41.271 [main] DEBUG org.hibernate.type.BasicTypeRegistry - Adding type registration Duration -> org.hibernate.type.DurationType@60cf80e7
12:16:41.274 [main] DEBUG org.hibernate.type.BasicTypeRegistry - Adding type registration java.time.Duration -> org.hibernate.type.DurationType@60cf80e7
12:16:41.311 [main] DEBUG org.hibernate.type.BasicTypeRegistry - Adding type registration Instant -> org.hibernate.type.InstantType@4816c290
12:16:41.312 [main] DEBUG org.hibernate.type.BasicTypeRegistry - Adding type registration java.time.Instant -> org.hibernate.type.InstantType@4816c290
12:16:41.315 [main] DEBUG org.hibernate.type.BasicTypeRegistry - Adding type registration LocalDateTime -> org.hibernate.type.LocalDateTimeType@379ab47b
12:16:41.316 [main] DEBUG org.hibernate.type.BasicTypeRegistry - Adding type registration java.time.LocalDateTime -> org.hibernate.type.LocalDateTimeType@379ab47b
12:16:41.319 [main] DEBUG org.hibernate.type.BasicTypeRegistry - Adding type registration LocalDate -> org.hibernate.type.LocalDateType@7db534f2
12:16:41.319 [main] DEBUG org.hibernate.type.BasicTypeRegistry - Adding type registration java.time.LocalDate -> org.hibernate.type.LocalDateType@7db534f2
12:16:41.322 [main] DEBUG org.hibernate.type.BasicTypeRegistry - Adding type registration LocalTime -> org.hibernate.type.LocalTimeType@7e70bd39
12:16:41.322 [main] DEBUG org.hibernate.type.BasicTypeRegistry - Adding type registration java.time.LocalTime -> org.hibernate.type.LocalTimeType@7e70bd39
12:16:41.326 [main] DEBUG org.hibernate.type.BasicTypeRegistry - Adding type registration OffsetDateTime -> org.hibernate.type.OffsetDateTimeType@a50b09c
12:16:41.326 [main] DEBUG org.hibernate.type.BasicTypeRegistry - Adding type registration java.time.OffsetDateTime -> org.hibernate.type.OffsetDateTimeType@a50b09c
12:16:41.329 [main] DEBUG org.hibernate.type.BasicTypeRegistry - Adding type registration OffsetTime -> org.hibernate.type.OffsetTimeType@21d5c1a0
12:16:41.329 [main] DEBUG org.hibernate.type.BasicTypeRegistry - Adding type registration java.time.OffsetTime -> org.hibernate.type.OffsetTimeType@21d5c1a0
12:16:41.334 [main] DEBUG org.hibernate.type.BasicTypeRegistry - Adding type registration ZonedDateTime -> org.hibernate.type.ZonedDateTimeType@740abb5
12:16:41.335 [main] DEBUG org.hibernate.type.BasicTypeRegistry - Adding type registration java.time.ZonedDateTime -> org.hibernate.type.ZonedDateTimeType@740abb5
12:16:41.339 [main] DEBUG org.hibernate.type.BasicTypeRegistry - Adding type registration date -> org.hibernate.type.DateType@7a11c4c7
12:16:41.339 [main] DEBUG org.hibernate.type.BasicTypeRegistry - Adding type registration java.sql.Date -> org.hibernate.type.DateType@7a11c4c7
12:16:41.342 [main] DEBUG org.hibernate.type.BasicTypeRegistry - Adding type registration time -> org.hibernate.type.TimeType@5398edd0
12:16:41.342 [main] DEBUG org.hibernate.type.BasicTypeRegistry - Adding type registration java.sql.Time -> org.hibernate.type.TimeType@5398edd0
12:16:41.344 [main] DEBUG org.hibernate.type.BasicTypeRegistry - Adding type registration timestamp -> org.hibernate.type.TimestampType@182f1e9a
12:16:41.344 [main] DEBUG org.hibernate.type.BasicTypeRegistry - Adding type registration java.sql.Timestamp -> org.hibernate.type.TimestampType@182f1e9a
12:16:41.344 [main] DEBUG org.hibernate.type.BasicTypeRegistry - Adding type registration java.util.Date -> org.hibernate.type.TimestampType@182f1e9a
12:16:41.348 [main] DEBUG org.hibernate.type.BasicTypeRegistry - Adding type registration dbtimestamp -> org.hibernate.type.DbTimestampType@69f63d95
12:16:41.349 [main] DEBUG org.hibernate.type.BasicTypeRegistry - Adding type registration calendar -> org.hibernate.type.CalendarType@db44aa2
12:16:41.349 [main] DEBUG org.hibernate.type.BasicTypeRegistry - Adding type registration java.util.Calendar -> org.hibernate.type.CalendarType@db44aa2
12:16:41.349 [main] DEBUG org.hibernate.type.BasicTypeRegistry - Adding type registration java.util.GregorianCalendar -> org.hibernate.type.CalendarType@db44aa2
12:16:41.350 [main] DEBUG org.hibernate.type.BasicTypeRegistry - Adding type registration calendar_date -> org.hibernate.type.CalendarDateType@61a002b1
12:16:41.352 [main] DEBUG org.hibernate.type.BasicTypeRegistry - Adding type registration locale -> org.hibernate.type.LocaleType@548e76f1
12:16:41.352 [main] DEBUG org.hibernate.type.BasicTypeRegistry - Adding type registration java.util.Locale -> org.hibernate.type.LocaleType@548e76f1
12:16:41.354 [main] DEBUG org.hibernate.type.BasicTypeRegistry - Adding type registration currency -> org.hibernate.type.CurrencyType@3aa3193a
12:16:41.354 [main] DEBUG org.hibernate.type.BasicTypeRegistry - Adding type registration java.util.Currency -> org.hibernate.type.CurrencyType@3aa3193a
12:16:41.355 [main] DEBUG org.hibernate.type.BasicTypeRegistry - Adding type registration timezone -> org.hibernate.type.TimeZoneType@16fb356
12:16:41.355 [main] DEBUG org.hibernate.type.BasicTypeRegistry - Adding type registration java.util.TimeZone -> org.hibernate.type.TimeZoneType@16fb356
12:16:41.357 [main] DEBUG org.hibernate.type.BasicTypeRegistry - Adding type registration class -> org.hibernate.type.ClassType@9573b3b
12:16:41.357 [main] DEBUG org.hibernate.type.BasicTypeRegistry - Adding type registration java.lang.Class -> org.hibernate.type.ClassType@9573b3b
12:16:41.361 [main] DEBUG org.hibernate.type.BasicTypeRegistry - Adding type registration uuid-binary -> org.hibernate.type.UUIDBinaryType@24a1c17f
12:16:41.361 [main] DEBUG org.hibernate.type.BasicTypeRegistry - Adding type registration java.util.UUID -> org.hibernate.type.UUIDBinaryType@24a1c17f
12:16:41.362 [main] DEBUG org.hibernate.type.BasicTypeRegistry - Adding type registration uuid-char -> org.hibernate.type.UUIDCharType@7927bd9f
12:16:41.364 [main] DEBUG org.hibernate.type.BasicTypeRegistry - Adding type registration binary -> org.hibernate.type.BinaryType@51f49060
12:16:41.364 [main] DEBUG org.hibernate.type.BasicTypeRegistry - Adding type registration byte[] -> org.hibernate.type.BinaryType@51f49060
12:16:41.364 [main] DEBUG org.hibernate.type.BasicTypeRegistry - Adding type registration [B -> org.hibernate.type.BinaryType@51f49060
12:16:41.366 [main] DEBUG org.hibernate.type.BasicTypeRegistry - Adding type registration wrapper-binary -> org.hibernate.type.WrapperBinaryType@3af4e0bf
12:16:41.366 [main] DEBUG org.hibernate.type.BasicTypeRegistry - Adding type registration Byte[] -> org.hibernate.type.WrapperBinaryType@3af4e0bf
12:16:41.366 [main] DEBUG org.hibernate.type.BasicTypeRegistry - Adding type registration [Ljava.lang.Byte; -> org.hibernate.type.WrapperBinaryType@3af4e0bf
12:16:41.368 [main] DEBUG org.hibernate.type.BasicTypeRegistry - Adding type registration row_version -> org.hibernate.type.RowVersionType@2e185cd7
12:16:41.369 [main] DEBUG org.hibernate.type.BasicTypeRegistry - Adding type registration image -> org.hibernate.type.ImageType@46cc127b
12:16:41.371 [main] DEBUG org.hibernate.type.BasicTypeRegistry - Adding type registration characters -> org.hibernate.type.CharArrayType@10b892d5
12:16:41.371 [main] DEBUG org.hibernate.type.BasicTypeRegistry - Adding type registration char[] -> org.hibernate.type.CharArrayType@10b892d5
12:16:41.371 [main] DEBUG org.hibernate.type.BasicTypeRegistry - Adding type registration [C -> org.hibernate.type.CharArrayType@10b892d5
12:16:41.373 [main] DEBUG org.hibernate.type.BasicTypeRegistry - Adding type registration wrapper-characters -> org.hibernate.type.CharacterArrayType@452e26d0
12:16:41.373 [main] DEBUG org.hibernate.type.BasicTypeRegistry - Adding type registration [Ljava.lang.Character; -> org.hibernate.type.CharacterArrayType@452e26d0
12:16:41.373 [main] DEBUG org.hibernate.type.BasicTypeRegistry - Adding type registration Character[] -> org.hibernate.type.CharacterArrayType@452e26d0
12:16:41.375 [main] DEBUG org.hibernate.type.BasicTypeRegistry - Adding type registration text -> org.hibernate.type.TextType@687a762c
12:16:41.378 [main] DEBUG org.hibernate.type.BasicTypeRegistry - Adding type registration ntext -> org.hibernate.type.NTextType@1b9ea3e3
12:16:41.387 [main] DEBUG org.hibernate.type.BasicTypeRegistry - Adding type registration blob -> org.hibernate.type.BlobType@71a9b4c7
12:16:41.387 [main] DEBUG org.hibernate.type.BasicTypeRegistry - Adding type registration java.sql.Blob -> org.hibernate.type.BlobType@71a9b4c7
12:16:41.388 [main] DEBUG org.hibernate.type.BasicTypeRegistry - Adding type registration materialized_blob -> org.hibernate.type.MaterializedBlobType@1df98368
12:16:41.440 [main] DEBUG org.hibernate.type.BasicTypeRegistry - Adding type registration clob -> org.hibernate.type.ClobType@2d72f75e
12:16:41.441 [main] DEBUG org.hibernate.type.BasicTypeRegistry - Adding type registration java.sql.Clob -> org.hibernate.type.ClobType@2d72f75e
12:16:41.447 [main] DEBUG org.hibernate.type.BasicTypeRegistry - Adding type registration nclob -> org.hibernate.type.NClobType@560513ce
12:16:41.447 [main] DEBUG org.hibernate.type.BasicTypeRegistry - Adding type registration java.sql.NClob -> org.hibernate.type.NClobType@560513ce
12:16:41.448 [main] DEBUG org.hibernate.type.BasicTypeRegistry - Adding type registration materialized_clob -> org.hibernate.type.MaterializedClobType@352c308
12:16:41.448 [main] DEBUG org.hibernate.type.BasicTypeRegistry - Adding type registration materialized_nclob -> org.hibernate.type.MaterializedNClobType@5dda6f9
12:16:41.451 [main] DEBUG org.hibernate.type.BasicTypeRegistry - Adding type registration serializable -> org.hibernate.type.SerializableType@2ca47471
12:16:41.456 [main] DEBUG org.hibernate.type.BasicTypeRegistry - Adding type registration object -> org.hibernate.type.ObjectType@26b894bd
12:16:41.456 [main] DEBUG org.hibernate.type.BasicTypeRegistry - Adding type registration java.lang.Object -> org.hibernate.type.ObjectType@26b894bd
12:16:41.457 [main] DEBUG org.hibernate.type.BasicTypeRegistry - Adding type registration imm_date -> org.hibernate.type.AdaptedImmutableType@5489c777
12:16:41.458 [main] DEBUG org.hibernate.type.BasicTypeRegistry - Adding type registration imm_time -> org.hibernate.type.AdaptedImmutableType@3676ac27
12:16:41.458 [main] DEBUG org.hibernate.type.BasicTypeRegistry - Adding type registration imm_timestamp -> org.hibernate.type.AdaptedImmutableType@62f87c44
12:16:41.458 [main] DEBUG org.hibernate.type.BasicTypeRegistry - Adding type registration imm_dbtimestamp -> org.hibernate.type.AdaptedImmutableType@48f5bde6
12:16:41.458 [main] DEBUG org.hibernate.type.BasicTypeRegistry - Adding type registration imm_calendar -> org.hibernate.type.AdaptedImmutableType@525d79f0
12:16:41.458 [main] DEBUG org.hibernate.type.BasicTypeRegistry - Adding type registration imm_calendar_date -> org.hibernate.type.AdaptedImmutableType@5149f008
12:16:41.458 [main] DEBUG org.hibernate.type.BasicTypeRegistry - Adding type registration imm_binary -> org.hibernate.type.AdaptedImmutableType@7072bc39
12:16:41.458 [main] DEBUG org.hibernate.type.BasicTypeRegistry - Adding type registration imm_serializable -> org.hibernate.type.AdaptedImmutableType@158d255c
12:16:41.473 [main] DEBUG org.springframework.jdbc.datasource.DriverManagerDataSource - Creating new JDBC DriverManager Connection to [jdbc:mysql://localhost:3306/testcraftstorespringcore?useSSL=false&useTimezone=true&serverTimezone=UTC]
12:16:41.847 [main] DEBUG org.hibernate.engine.jdbc.env.internal.JdbcEnvironmentInitiator - Database ->
       name : MySQL
    version : 5.5.5-10.4.32-MariaDB
      major : 5
      minor : 5
12:16:41.847 [main] DEBUG org.hibernate.engine.jdbc.env.internal.JdbcEnvironmentInitiator - Driver ->
       name : MySQL Connector/J
    version : mysql-connector-j-8.0.31 (Revision: 0c86fc148d567b62266c2302bdad0f1e7a7e4eba)
      major : 8
      minor : 0
12:16:41.848 [main] DEBUG org.hibernate.engine.jdbc.env.internal.JdbcEnvironmentInitiator - JDBC version : 4.2
12:16:41.888 [main] INFO org.hibernate.dialect.Dialect - HHH000400: Using dialect: org.hibernate.dialect.MySQL5Dialect
12:16:41.996 [main] DEBUG org.hibernate.engine.jdbc.env.spi.IdentifierHelperBuilder - JDBC driver metadata reported database stores quoted identifiers in more than one case
12:16:42.000 [main] DEBUG org.hibernate.engine.jdbc.env.spi.IdentifierHelperBuilder - IdentifierCaseStrategy for both quoted and unquoted identifiers was set to the same strategy [LOWER]; that will likely lead to problems in schema update and validation if using quoted identifiers
12:16:42.688 [main] DEBUG org.hibernate.id.factory.internal.DefaultIdentifierGeneratorFactory - Registering IdentifierGenerator strategy [uuid2] -> [org.hibernate.id.UUIDGenerator]
12:16:42.688 [main] DEBUG org.hibernate.id.factory.internal.DefaultIdentifierGeneratorFactory - Registering IdentifierGenerator strategy [guid] -> [org.hibernate.id.GUIDGenerator]
12:16:42.690 [main] DEBUG org.hibernate.id.factory.internal.DefaultIdentifierGeneratorFactory - Registering IdentifierGenerator strategy [uuid] -> [org.hibernate.id.UUIDHexGenerator]
12:16:42.691 [main] DEBUG org.hibernate.id.factory.internal.DefaultIdentifierGeneratorFactory - Registering IdentifierGenerator strategy [uuid.hex] -> [org.hibernate.id.UUIDHexGenerator]
12:16:42.692 [main] DEBUG org.hibernate.id.factory.internal.DefaultIdentifierGeneratorFactory - Registering IdentifierGenerator strategy [assigned] -> [org.hibernate.id.Assigned]
12:16:42.694 [main] DEBUG org.hibernate.id.factory.internal.DefaultIdentifierGeneratorFactory - Registering IdentifierGenerator strategy [identity] -> [org.hibernate.id.IdentityGenerator]
12:16:42.695 [main] DEBUG org.hibernate.id.factory.internal.DefaultIdentifierGeneratorFactory - Registering IdentifierGenerator strategy [select] -> [org.hibernate.id.SelectGenerator]
12:16:42.699 [main] DEBUG org.hibernate.id.factory.internal.DefaultIdentifierGeneratorFactory - Registering IdentifierGenerator strategy [sequence] -> [org.hibernate.id.enhanced.SequenceStyleGenerator]
12:16:42.701 [main] DEBUG org.hibernate.id.factory.internal.DefaultIdentifierGeneratorFactory - Registering IdentifierGenerator strategy [seqhilo] -> [org.hibernate.id.SequenceHiLoGenerator]
12:16:42.702 [main] DEBUG org.hibernate.id.factory.internal.DefaultIdentifierGeneratorFactory - Registering IdentifierGenerator strategy [increment] -> [org.hibernate.id.IncrementGenerator]
12:16:42.703 [main] DEBUG org.hibernate.id.factory.internal.DefaultIdentifierGeneratorFactory - Registering IdentifierGenerator strategy [foreign] -> [org.hibernate.id.ForeignGenerator]
12:16:42.704 [main] DEBUG org.hibernate.id.factory.internal.DefaultIdentifierGeneratorFactory - Registering IdentifierGenerator strategy [sequence-identity] -> [org.hibernate.id.SequenceIdentityGenerator]
12:16:42.704 [main] DEBUG org.hibernate.id.factory.internal.DefaultIdentifierGeneratorFactory - Registering IdentifierGenerator strategy [enhanced-sequence] -> [org.hibernate.id.enhanced.SequenceStyleGenerator]
12:16:42.707 [main] DEBUG org.hibernate.id.factory.internal.DefaultIdentifierGeneratorFactory - Registering IdentifierGenerator strategy [enhanced-table] -> [org.hibernate.id.enhanced.TableGenerator]
12:16:42.787 [main] DEBUG org.hibernate.boot.model.relational.Namespace - Created database namespace [logicalName=Name{catalog=null, schema=null}, physicalName=Name{catalog=null, schema=null}]
12:16:42.825 [main] DEBUG org.hibernate.cfg.AnnotationBinder - Binding entity from annotated class: com.joseph.entity.Client
12:16:42.875 [main] DEBUG org.hibernate.cfg.Ejb3Column - Binding column: Ejb3DiscriminatorColumn{logicalColumnName'DTYPE', discriminatorTypeName='string'}
12:16:42.891 [main] DEBUG org.hibernate.cfg.annotations.EntityBinder - Import with entity name Client
12:16:42.898 [main] DEBUG org.hibernate.cfg.annotations.EntityBinder - Bind entity com.joseph.entity.Client on table client
12:16:42.936 [main] DEBUG org.hibernate.cfg.Ejb3Column - Binding column: Ejb3Column{table=org.hibernate.mapping.Table(client), mappingColumn=idclient, insertable=true, updatable=true, unique=false}
12:16:42.941 [main] DEBUG org.hibernate.cfg.annotations.PropertyBinder - MetadataSourceProcessor property idclient with lazy=false
12:16:42.944 [main] DEBUG org.hibernate.cfg.AbstractPropertyHolder - Attempting to locate auto-apply AttributeConverter for property [com.joseph.entity.Client:idclient]
12:16:42.945 [main] DEBUG org.hibernate.cfg.annotations.SimpleValueBinder - building SimpleValue for idclient
12:16:42.949 [main] DEBUG org.hibernate.cfg.annotations.PropertyBinder - Building property idclient
12:16:42.954 [main] DEBUG org.hibernate.cfg.Ejb3Column - Binding column: Ejb3Column{table=org.hibernate.mapping.Table(client), mappingColumn=emailclient, insertable=true, updatable=true, unique=false}
12:16:42.955 [main] DEBUG org.hibernate.cfg.annotations.PropertyBinder - MetadataSourceProcessor property emailclient with lazy=false
12:16:42.955 [main] DEBUG org.hibernate.cfg.AbstractPropertyHolder - Attempting to locate auto-apply AttributeConverter for property [com.joseph.entity.Client:emailclient]
12:16:42.955 [main] DEBUG org.hibernate.cfg.annotations.SimpleValueBinder - building SimpleValue for emailclient
12:16:42.955 [main] DEBUG org.hibernate.cfg.annotations.PropertyBinder - Building property emailclient
12:16:42.955 [main] DEBUG org.hibernate.cfg.Ejb3Column - Binding column: Ejb3Column{table=org.hibernate.mapping.Table(client), mappingColumn=nameclient, insertable=true, updatable=true, unique=false}
12:16:42.955 [main] DEBUG org.hibernate.cfg.annotations.PropertyBinder - MetadataSourceProcessor property nameclient with lazy=false
12:16:42.956 [main] DEBUG org.hibernate.cfg.AbstractPropertyHolder - Attempting to locate auto-apply AttributeConverter for property [com.joseph.entity.Client:nameclient]
12:16:42.956 [main] DEBUG org.hibernate.cfg.annotations.SimpleValueBinder - building SimpleValue for nameclient
12:16:42.956 [main] DEBUG org.hibernate.cfg.annotations.PropertyBinder - Building property nameclient
12:16:42.958 [main] DEBUG org.hibernate.cfg.Ejb3Column - Binding column: Ejb3JoinColumn{logicalColumnName='null', referencedColumn='null', mappedBy='client'}
12:16:42.961 [main] DEBUG org.hibernate.cfg.Ejb3Column - Binding column: Ejb3Column{table=org.hibernate.mapping.Table(client), mappingColumn=orders, insertable=true, updatable=true, unique=false}
12:16:42.963 [main] DEBUG org.hibernate.cfg.Ejb3Column - Binding column: Ejb3Column{table=org.hibernate.mapping.Table(client), mappingColumn=null, insertable=true, updatable=true, unique=false}
12:16:42.975 [main] DEBUG org.hibernate.cfg.Ejb3Column - Binding column: Ejb3Column{table=org.hibernate.mapping.Table(client), mappingColumn=element, insertable=true, updatable=true, unique=false}
12:16:42.976 [main] DEBUG org.hibernate.cfg.Ejb3Column - Binding column: Ejb3Column{table=org.hibernate.mapping.Table(client), mappingColumn=orders_KEY, insertable=true, updatable=true, unique=false}
12:16:42.977 [main] DEBUG org.hibernate.cfg.Ejb3Column - Binding column: Ejb3JoinColumn{logicalColumnName='orders_KEY', referencedColumn='null', mappedBy='null'}
12:16:42.978 [main] DEBUG org.hibernate.cfg.Ejb3Column - Binding column: Ejb3JoinColumn{logicalColumnName='null', referencedColumn='null', mappedBy='client'}
12:16:42.978 [main] DEBUG org.hibernate.cfg.Ejb3Column - Binding column: Ejb3JoinColumn{logicalColumnName='null', referencedColumn='null', mappedBy='client'}
12:16:42.979 [main] DEBUG org.hibernate.cfg.annotations.CollectionBinder - Collection role: com.joseph.entity.Client.orders
12:16:42.985 [main] DEBUG org.hibernate.cfg.annotations.PropertyBinder - Building property orders
12:16:42.987 [main] DEBUG org.hibernate.cfg.AnnotationBinder - Binding entity from annotated class: com.joseph.entity.Order
12:16:42.988 [main] DEBUG org.hibernate.cfg.Ejb3Column - Binding column: Ejb3DiscriminatorColumn{logicalColumnName'DTYPE', discriminatorTypeName='string'}
12:16:42.988 [main] DEBUG org.hibernate.cfg.annotations.EntityBinder - Import with entity name Order
12:16:42.988 [main] DEBUG org.hibernate.cfg.annotations.EntityBinder - Bind entity com.joseph.entity.Order on table order_table
12:16:43.001 [main] DEBUG org.hibernate.cfg.Ejb3Column - Binding column: Ejb3Column{table=org.hibernate.mapping.Table(order_table), mappingColumn=idorder, insertable=true, updatable=true, unique=false}
12:16:43.002 [main] DEBUG org.hibernate.cfg.annotations.PropertyBinder - MetadataSourceProcessor property idorder with lazy=false
12:16:43.002 [main] DEBUG org.hibernate.cfg.AbstractPropertyHolder - Attempting to locate auto-apply AttributeConverter for property [com.joseph.entity.Order:idorder]
12:16:43.003 [main] DEBUG org.hibernate.cfg.annotations.SimpleValueBinder - building SimpleValue for idorder
12:16:43.003 [main] DEBUG org.hibernate.cfg.annotations.PropertyBinder - Building property idorder
12:16:43.004 [main] DEBUG org.hibernate.cfg.Ejb3Column - Binding column: Ejb3JoinColumn{logicalColumnName='idclient', referencedColumn='', mappedBy=''}
12:16:43.004 [main] DEBUG org.hibernate.cfg.Ejb3Column - Binding column: Ejb3Column{table=org.hibernate.mapping.Table(order_table), mappingColumn=client, insertable=true, updatable=true, unique=false}
12:16:43.007 [main] DEBUG org.hibernate.cfg.annotations.PropertyBinder - Building property client
12:16:43.008 [main] DEBUG org.hibernate.cfg.Ejb3Column - Binding column: Ejb3Column{table=org.hibernate.mapping.Table(order_table), mappingColumn=dateorder, insertable=true, updatable=true, unique=false}
12:16:43.008 [main] DEBUG org.hibernate.cfg.annotations.PropertyBinder - MetadataSourceProcessor property dateorder with lazy=false
12:16:43.008 [main] DEBUG org.hibernate.cfg.AbstractPropertyHolder - Attempting to locate auto-apply AttributeConverter for property [com.joseph.entity.Order:dateorder]
12:16:43.008 [main] DEBUG org.hibernate.cfg.annotations.SimpleValueBinder - building SimpleValue for dateorder
12:16:43.008 [main] DEBUG org.hibernate.cfg.annotations.PropertyBinder - Building property dateorder
12:16:43.009 [main] DEBUG org.hibernate.cfg.Ejb3Column - Binding column: Ejb3JoinColumn{logicalColumnName='null', referencedColumn='null', mappedBy='order'}
12:16:43.009 [main] DEBUG org.hibernate.cfg.Ejb3Column - Binding column: Ejb3Column{table=org.hibernate.mapping.Table(order_table), mappingColumn=orderItems, insertable=true, updatable=true, unique=false}
12:16:43.009 [main] DEBUG org.hibernate.cfg.Ejb3Column - Binding column: Ejb3Column{table=org.hibernate.mapping.Table(order_table), mappingColumn=null, insertable=true, updatable=true, unique=false}
12:16:43.009 [main] DEBUG org.hibernate.cfg.Ejb3Column - Binding column: Ejb3Column{table=org.hibernate.mapping.Table(order_table), mappingColumn=element, insertable=true, updatable=true, unique=false}
12:16:43.009 [main] DEBUG org.hibernate.cfg.Ejb3Column - Binding column: Ejb3Column{table=org.hibernate.mapping.Table(order_table), mappingColumn=orderItems_KEY, insertable=true, updatable=true, unique=false}
12:16:43.009 [main] DEBUG org.hibernate.cfg.Ejb3Column - Binding column: Ejb3JoinColumn{logicalColumnName='orderItems_KEY', referencedColumn='null', mappedBy='null'}
12:16:43.009 [main] DEBUG org.hibernate.cfg.Ejb3Column - Binding column: Ejb3JoinColumn{logicalColumnName='null', referencedColumn='null', mappedBy='order'}
12:16:43.009 [main] DEBUG org.hibernate.cfg.Ejb3Column - Binding column: Ejb3JoinColumn{logicalColumnName='null', referencedColumn='null', mappedBy='order'}
12:16:43.009 [main] DEBUG org.hibernate.cfg.annotations.CollectionBinder - Collection role: com.joseph.entity.Order.orderItems
12:16:43.010 [main] DEBUG org.hibernate.cfg.annotations.PropertyBinder - Building property orderItems
12:16:43.010 [main] DEBUG org.hibernate.cfg.Ejb3Column - Binding column: Ejb3Column{table=org.hibernate.mapping.Table(order_table), mappingColumn=statusorder, insertable=true, updatable=true, unique=false}
12:16:43.010 [main] DEBUG org.hibernate.cfg.annotations.PropertyBinder - MetadataSourceProcessor property statusorder with lazy=false
12:16:43.010 [main] DEBUG org.hibernate.cfg.AbstractPropertyHolder - Attempting to locate auto-apply AttributeConverter for property [com.joseph.entity.Order:statusorder]
12:16:43.013 [main] DEBUG org.hibernate.cfg.annotations.SimpleValueBinder - building SimpleValue for statusorder
12:16:43.013 [main] DEBUG org.hibernate.cfg.annotations.PropertyBinder - Building property statusorder
12:16:43.014 [main] DEBUG org.hibernate.cfg.Ejb3Column - Binding column: Ejb3Column{table=org.hibernate.mapping.Table(order_table), mappingColumn=totalorder, insertable=true, updatable=true, unique=false}
12:16:43.014 [main] DEBUG org.hibernate.cfg.annotations.PropertyBinder - MetadataSourceProcessor property totalorder with lazy=false
12:16:43.014 [main] DEBUG org.hibernate.cfg.AbstractPropertyHolder - Attempting to locate auto-apply AttributeConverter for property [com.joseph.entity.Order:totalorder]
12:16:43.014 [main] DEBUG org.hibernate.cfg.annotations.SimpleValueBinder - building SimpleValue for totalorder
12:16:43.015 [main] DEBUG org.hibernate.cfg.annotations.PropertyBinder - Building property totalorder
12:16:43.015 [main] DEBUG org.hibernate.cfg.AnnotationBinder - Binding entity from annotated class: com.joseph.entity.OrderItem
12:16:43.015 [main] DEBUG org.hibernate.cfg.Ejb3Column - Binding column: Ejb3DiscriminatorColumn{logicalColumnName'DTYPE', discriminatorTypeName='string'}
12:16:43.015 [main] DEBUG org.hibernate.cfg.annotations.EntityBinder - Import with entity name OrderItem
12:16:43.015 [main] DEBUG org.hibernate.cfg.annotations.EntityBinder - Bind entity com.joseph.entity.OrderItem on table orderitems
12:16:43.016 [main] DEBUG org.hibernate.cfg.Ejb3Column - Binding column: Ejb3Column{table=org.hibernate.mapping.Table(orderitems), mappingColumn=id, insertable=true, updatable=true, unique=false}
12:16:43.017 [main] DEBUG org.hibernate.cfg.annotations.PropertyBinder - MetadataSourceProcessor property id with lazy=false
12:16:43.017 [main] DEBUG org.hibernate.cfg.AbstractPropertyHolder - Attempting to locate auto-apply AttributeConverter for property [com.joseph.entity.OrderItem:id]
12:16:43.017 [main] DEBUG org.hibernate.cfg.annotations.SimpleValueBinder - building SimpleValue for id
12:16:43.018 [main] DEBUG org.hibernate.cfg.annotations.PropertyBinder - Building property id
12:16:43.018 [main] DEBUG org.hibernate.cfg.Ejb3Column - Binding column: Ejb3JoinColumn{logicalColumnName='idorder', referencedColumn='', mappedBy=''}
12:16:43.018 [main] DEBUG org.hibernate.cfg.Ejb3Column - Binding column: Ejb3Column{table=org.hibernate.mapping.Table(orderitems), mappingColumn=order, insertable=true, updatable=true, unique=false}
12:16:43.019 [main] DEBUG org.hibernate.cfg.annotations.PropertyBinder - Building property order
12:16:43.019 [main] DEBUG org.hibernate.cfg.Ejb3Column - Binding column: Ejb3JoinColumn{logicalColumnName='idproduct', referencedColumn='', mappedBy=''}
12:16:43.019 [main] DEBUG org.hibernate.cfg.Ejb3Column - Binding column: Ejb3Column{table=org.hibernate.mapping.Table(orderitems), mappingColumn=product, insertable=true, updatable=true, unique=false}
12:16:43.020 [main] DEBUG org.hibernate.cfg.annotations.PropertyBinder - Building property product
12:16:43.020 [main] DEBUG org.hibernate.cfg.Ejb3Column - Binding column: Ejb3Column{table=org.hibernate.mapping.Table(orderitems), mappingColumn=quantity, insertable=true, updatable=true, unique=false}
12:16:43.020 [main] DEBUG org.hibernate.cfg.annotations.PropertyBinder - MetadataSourceProcessor property quantity with lazy=false
12:16:43.020 [main] DEBUG org.hibernate.cfg.AbstractPropertyHolder - Attempting to locate auto-apply AttributeConverter for property [com.joseph.entity.OrderItem:quantity]
12:16:43.020 [main] DEBUG org.hibernate.cfg.annotations.SimpleValueBinder - building SimpleValue for quantity
12:16:43.020 [main] DEBUG org.hibernate.cfg.annotations.PropertyBinder - Building property quantity
12:16:43.020 [main] DEBUG org.hibernate.cfg.AnnotationBinder - Binding entity from annotated class: com.joseph.entity.Product
12:16:43.021 [main] DEBUG org.hibernate.cfg.Ejb3Column - Binding column: Ejb3DiscriminatorColumn{logicalColumnName'DTYPE', discriminatorTypeName='string'}
12:16:43.021 [main] DEBUG org.hibernate.cfg.annotations.EntityBinder - Import with entity name Product
12:16:43.023 [main] DEBUG org.hibernate.cfg.annotations.EntityBinder - Bind entity com.joseph.entity.Product on table Product
12:16:43.024 [main] DEBUG org.hibernate.cfg.Ejb3Column - Binding column: Ejb3Column{table=org.hibernate.mapping.Table(Product), mappingColumn=idproduct, insertable=true, updatable=true, unique=false}
12:16:43.025 [main] DEBUG org.hibernate.cfg.annotations.PropertyBinder - MetadataSourceProcessor property idproduct with lazy=false
12:16:43.025 [main] DEBUG org.hibernate.cfg.AbstractPropertyHolder - Attempting to locate auto-apply AttributeConverter for property [com.joseph.entity.Product:idproduct]
12:16:43.025 [main] DEBUG org.hibernate.cfg.annotations.SimpleValueBinder - building SimpleValue for idproduct
12:16:43.025 [main] DEBUG org.hibernate.cfg.annotations.PropertyBinder - Building property idproduct
12:16:43.025 [main] DEBUG org.hibernate.cfg.Ejb3Column - Binding column: Ejb3Column{table=org.hibernate.mapping.Table(Product), mappingColumn=nameproduct, insertable=true, updatable=true, unique=false}
12:16:43.025 [main] DEBUG org.hibernate.cfg.annotations.PropertyBinder - MetadataSourceProcessor property nameproduct with lazy=false
12:16:43.025 [main] DEBUG org.hibernate.cfg.AbstractPropertyHolder - Attempting to locate auto-apply AttributeConverter for property [com.joseph.entity.Product:nameproduct]
12:16:43.026 [main] DEBUG org.hibernate.cfg.annotations.SimpleValueBinder - building SimpleValue for nameproduct
12:16:43.026 [main] DEBUG org.hibernate.cfg.annotations.PropertyBinder - Building property nameproduct
12:16:43.026 [main] DEBUG org.hibernate.cfg.Ejb3Column - Binding column: Ejb3JoinColumn{logicalColumnName='null', referencedColumn='null', mappedBy='product'}
12:16:43.026 [main] DEBUG org.hibernate.cfg.Ejb3Column - Binding column: Ejb3Column{table=org.hibernate.mapping.Table(Product), mappingColumn=orderItems, insertable=true, updatable=true, unique=false}
12:16:43.026 [main] DEBUG org.hibernate.cfg.Ejb3Column - Binding column: Ejb3Column{table=org.hibernate.mapping.Table(Product), mappingColumn=null, insertable=true, updatable=true, unique=false}
12:16:43.026 [main] DEBUG org.hibernate.cfg.Ejb3Column - Binding column: Ejb3Column{table=org.hibernate.mapping.Table(Product), mappingColumn=element, insertable=true, updatable=true, unique=false}
12:16:43.027 [main] DEBUG org.hibernate.cfg.Ejb3Column - Binding column: Ejb3Column{table=org.hibernate.mapping.Table(Product), mappingColumn=orderItems_KEY, insertable=true, updatable=true, unique=false}
12:16:43.027 [main] DEBUG org.hibernate.cfg.Ejb3Column - Binding column: Ejb3JoinColumn{logicalColumnName='orderItems_KEY', referencedColumn='null', mappedBy='null'}
12:16:43.027 [main] DEBUG org.hibernate.cfg.Ejb3Column - Binding column: Ejb3JoinColumn{logicalColumnName='null', referencedColumn='null', mappedBy='product'}
12:16:43.027 [main] DEBUG org.hibernate.cfg.Ejb3Column - Binding column: Ejb3JoinColumn{logicalColumnName='null', referencedColumn='null', mappedBy='product'}
12:16:43.027 [main] DEBUG org.hibernate.cfg.annotations.CollectionBinder - Collection role: com.joseph.entity.Product.orderItems
12:16:43.027 [main] DEBUG org.hibernate.cfg.annotations.PropertyBinder - Building property orderItems
12:16:43.027 [main] DEBUG org.hibernate.cfg.Ejb3Column - Binding column: Ejb3Column{table=org.hibernate.mapping.Table(Product), mappingColumn=priceproduct, insertable=true, updatable=true, unique=false}
12:16:43.027 [main] DEBUG org.hibernate.cfg.annotations.PropertyBinder - MetadataSourceProcessor property priceproduct with lazy=false
12:16:43.027 [main] DEBUG org.hibernate.cfg.AbstractPropertyHolder - Attempting to locate auto-apply AttributeConverter for property [com.joseph.entity.Product:priceproduct]
12:16:43.028 [main] DEBUG org.hibernate.cfg.annotations.SimpleValueBinder - building SimpleValue for priceproduct
12:16:43.028 [main] DEBUG org.hibernate.cfg.annotations.PropertyBinder - Building property priceproduct
12:16:43.028 [main] DEBUG org.hibernate.cfg.Ejb3Column - Binding column: Ejb3Column{table=org.hibernate.mapping.Table(Product), mappingColumn=stockproduct, insertable=true, updatable=true, unique=false}
12:16:43.028 [main] DEBUG org.hibernate.cfg.annotations.PropertyBinder - MetadataSourceProcessor property stockproduct with lazy=false
12:16:43.028 [main] DEBUG org.hibernate.cfg.AbstractPropertyHolder - Attempting to locate auto-apply AttributeConverter for property [com.joseph.entity.Product:stockproduct]
12:16:43.028 [main] DEBUG org.hibernate.cfg.annotations.SimpleValueBinder - building SimpleValue for stockproduct
12:16:43.028 [main] DEBUG org.hibernate.cfg.annotations.PropertyBinder - Building property stockproduct
12:16:43.030 [main] DEBUG org.hibernate.cfg.annotations.SimpleValueBinder - Starting fillSimpleValue for idclient
12:16:43.030 [main] DEBUG org.hibernate.cfg.annotations.SimpleValueBinder - Starting fillSimpleValue for emailclient
12:16:43.030 [main] DEBUG org.hibernate.cfg.annotations.SimpleValueBinder - Starting fillSimpleValue for nameclient
12:16:43.030 [main] DEBUG org.hibernate.cfg.annotations.SimpleValueBinder - Starting fillSimpleValue for idorder
12:16:43.030 [main] DEBUG org.hibernate.cfg.annotations.SimpleValueBinder - Starting fillSimpleValue for dateorder
12:16:43.030 [main] DEBUG org.hibernate.cfg.annotations.SimpleValueBinder - Starting fillSimpleValue for statusorder
12:16:43.032 [main] DEBUG org.hibernate.cfg.annotations.SimpleValueBinder - Starting fillSimpleValue for totalorder
12:16:43.032 [main] DEBUG org.hibernate.cfg.annotations.SimpleValueBinder - Starting fillSimpleValue for id
12:16:43.032 [main] DEBUG org.hibernate.cfg.annotations.SimpleValueBinder - Starting fillSimpleValue for quantity
12:16:43.032 [main] DEBUG org.hibernate.cfg.annotations.SimpleValueBinder - Starting fillSimpleValue for idproduct
12:16:43.032 [main] DEBUG org.hibernate.cfg.annotations.SimpleValueBinder - Starting fillSimpleValue for nameproduct
12:16:43.032 [main] DEBUG org.hibernate.cfg.annotations.SimpleValueBinder - Starting fillSimpleValue for priceproduct
12:16:43.032 [main] DEBUG org.hibernate.cfg.annotations.SimpleValueBinder - Starting fillSimpleValue for stockproduct
12:16:43.038 [main] DEBUG org.hibernate.mapping.PrimaryKey - Forcing column [idclient] to be non-null as it is part of the primary key for table [client]
12:16:43.038 [main] DEBUG org.hibernate.mapping.PrimaryKey - Forcing column [idorder] to be non-null as it is part of the primary key for table [order_table]
12:16:43.038 [main] DEBUG org.hibernate.mapping.PrimaryKey - Forcing column [id] to be non-null as it is part of the primary key for table [orderitems]
12:16:43.038 [main] DEBUG org.hibernate.mapping.PrimaryKey - Forcing column [idproduct] to be non-null as it is part of the primary key for table [product]
12:16:43.039 [main] DEBUG org.hibernate.cfg.CollectionSecondPass - Second pass for collection: com.joseph.entity.Client.orders
12:16:43.040 [main] DEBUG org.hibernate.cfg.annotations.CollectionBinder - Binding a OneToMany: com.joseph.entity.Client.orders through a foreign key
12:16:43.041 [main] DEBUG org.hibernate.cfg.annotations.CollectionBinder - Mapping collection: com.joseph.entity.Client.orders -> order_table
12:16:43.043 [main] DEBUG org.hibernate.cfg.annotations.TableBinder - Retrieving property com.joseph.entity.Order.client
12:16:43.043 [main] DEBUG org.hibernate.cfg.CollectionSecondPass - Mapped collection key: idclient, one-to-many: com.joseph.entity.Order
12:16:43.043 [main] DEBUG org.hibernate.cfg.CollectionSecondPass - Second pass for collection: com.joseph.entity.Order.orderItems
12:16:43.043 [main] DEBUG org.hibernate.cfg.annotations.CollectionBinder - Binding a OneToMany: com.joseph.entity.Order.orderItems through a foreign key
12:16:43.043 [main] DEBUG org.hibernate.cfg.annotations.CollectionBinder - Mapping collection: com.joseph.entity.Order.orderItems -> orderitems
12:16:43.044 [main] DEBUG org.hibernate.cfg.annotations.TableBinder - Retrieving property com.joseph.entity.OrderItem.order
12:16:43.044 [main] DEBUG org.hibernate.cfg.CollectionSecondPass - Mapped collection key: idorder, one-to-many: com.joseph.entity.OrderItem
12:16:43.044 [main] DEBUG org.hibernate.cfg.CollectionSecondPass - Second pass for collection: com.joseph.entity.Product.orderItems
12:16:43.044 [main] DEBUG org.hibernate.cfg.annotations.CollectionBinder - Binding a OneToMany: com.joseph.entity.Product.orderItems through a foreign key
12:16:43.044 [main] DEBUG org.hibernate.cfg.annotations.CollectionBinder - Mapping collection: com.joseph.entity.Product.orderItems -> orderitems
12:16:43.044 [main] DEBUG org.hibernate.cfg.annotations.TableBinder - Retrieving property com.joseph.entity.OrderItem.product
12:16:43.044 [main] DEBUG org.hibernate.cfg.CollectionSecondPass - Mapped collection key: idproduct, one-to-many: com.joseph.entity.OrderItem
12:16:43.044 [main] DEBUG org.hibernate.boot.internal.InFlightMetadataCollectorImpl - Resolving reference to class: com.joseph.entity.Client
12:16:43.051 [main] DEBUG org.hibernate.boot.internal.InFlightMetadataCollectorImpl - Resolving reference to class: com.joseph.entity.Order
12:16:43.051 [main] DEBUG org.hibernate.boot.internal.InFlightMetadataCollectorImpl - Resolving reference to class: com.joseph.entity.Product
12:16:43.053 [main] DEBUG org.hibernate.boot.internal.InFlightMetadataCollectorImpl - Resolving reference to class: com.joseph.entity.Client
12:16:43.053 [main] DEBUG org.hibernate.boot.internal.InFlightMetadataCollectorImpl - Resolving reference to class: com.joseph.entity.Order
12:16:43.053 [main] DEBUG org.hibernate.boot.internal.InFlightMetadataCollectorImpl - Resolving reference to class: com.joseph.entity.Product
12:16:43.132 [main] DEBUG org.hibernate.internal.SessionFactoryImpl - Building session factory
12:16:43.134 [main] DEBUG org.hibernate.cfg.Settings - SessionFactory name : null
12:16:43.134 [main] DEBUG org.hibernate.cfg.Settings - Automatic flush during beforeCompletion(): enabled
12:16:43.134 [main] DEBUG org.hibernate.cfg.Settings - Automatic session close at end of transaction: disabled
12:16:43.134 [main] DEBUG org.hibernate.cfg.Settings - Statistics: disabled
12:16:43.134 [main] DEBUG org.hibernate.cfg.Settings - Deleted entity synthetic identifier rollback: disabled
12:16:43.134 [main] DEBUG org.hibernate.cfg.Settings - Default entity-mode: pojo
12:16:43.134 [main] DEBUG org.hibernate.cfg.Settings - Check Nullability in Core (should be disabled when Bean Validation is on): enabled
12:16:43.135 [main] DEBUG org.hibernate.cfg.Settings - Allow initialization of lazy state outside session : disabled
12:16:43.135 [main] DEBUG org.hibernate.cfg.Settings - Using BatchFetchStyle : LEGACY
12:16:43.135 [main] DEBUG org.hibernate.cfg.Settings - Default batch fetch size: -1
12:16:43.135 [main] DEBUG org.hibernate.cfg.Settings - Maximum outer join fetch depth: 2
12:16:43.135 [main] DEBUG org.hibernate.cfg.Settings - Default null ordering: NONE
12:16:43.135 [main] DEBUG org.hibernate.cfg.Settings - Order SQL updates by primary key: disabled
12:16:43.135 [main] DEBUG org.hibernate.cfg.Settings - Order SQL inserts for batching: disabled
12:16:43.135 [main] DEBUG org.hibernate.cfg.Settings - multi-tenancy strategy : NONE
12:16:43.135 [main] DEBUG org.hibernate.cfg.Settings - JTA Track by Thread: enabled
12:16:43.135 [main] DEBUG org.hibernate.cfg.Settings - Query language substitutions: {}
12:16:43.135 [main] DEBUG org.hibernate.cfg.Settings - JPA query language strict compliance: disabled
12:16:43.136 [main] DEBUG org.hibernate.cfg.Settings - Named query checking : enabled
12:16:43.136 [main] DEBUG org.hibernate.cfg.Settings - Second-level cache: disabled
12:16:43.136 [main] DEBUG org.hibernate.cfg.Settings - Second-level query cache: disabled
12:16:43.136 [main] DEBUG org.hibernate.cfg.Settings - Second-level query cache factory: null
12:16:43.136 [main] DEBUG org.hibernate.cfg.Settings - Second-level cache region prefix: null
12:16:43.136 [main] DEBUG org.hibernate.cfg.Settings - Optimize second-level cache for minimal puts: disabled
12:16:43.136 [main] DEBUG org.hibernate.cfg.Settings - Structured second-level cache entries: disabled
12:16:43.136 [main] DEBUG org.hibernate.cfg.Settings - Second-level cache direct-reference entries: disabled
12:16:43.136 [main] DEBUG org.hibernate.cfg.Settings - Automatic eviction of collection cache: disabled
12:16:43.136 [main] DEBUG org.hibernate.cfg.Settings - JDBC batch size: 15
12:16:43.136 [main] DEBUG org.hibernate.cfg.Settings - JDBC batch updates for versioned data: enabled
12:16:43.137 [main] DEBUG org.hibernate.cfg.Settings - Scrollable result sets: enabled
12:16:43.137 [main] DEBUG org.hibernate.cfg.Settings - Wrap result sets: disabled
12:16:43.137 [main] DEBUG org.hibernate.cfg.Settings - JDBC3 getGeneratedKeys(): enabled
12:16:43.137 [main] DEBUG org.hibernate.cfg.Settings - JDBC result set fetch size: null
12:16:43.137 [main] DEBUG org.hibernate.cfg.Settings - Connection release mode: ON_CLOSE
12:16:43.137 [main] DEBUG org.hibernate.cfg.Settings - Generate SQL with comments: disabled
12:16:43.398 [main] DEBUG org.hibernate.internal.SessionFactoryImpl - Session factory constructed with filter configurations : {}
12:16:43.398 [main] DEBUG org.hibernate.internal.SessionFactoryImpl - Instantiating session factory with properties: {sun.desktop=windows, awt.toolkit=sun.awt.windows.WToolkit, file.encoding.pkg=sun.io, java.specification.version=1.8, hibernate.connection.handling_mode=DELAYED_ACQUISITION_AND_HOLD, sun.cpu.isalist=amd64, sun.jnu.encoding=Cp1252, hibernate.dialect=org.hibernate.dialect.MySQL5Dialect, java.class.path=C:\Users\yassinjouao\Documents\ProjectsJava\craftStore-With-spring-core-testing\target\test-classes;C:\Users\yassinjouao\Documents\ProjectsJava\craftStore-With-spring-core-testing\target\classes;C:\Users\yassinjouao\.m2\repository\com\fasterxml\jackson\core\jackson-databind\2.13.0\jackson-databind-2.13.0.jar;C:\Users\yassinjouao\.m2\repository\com\fasterxml\jackson\core\jackson-core\2.13.0\jackson-core-2.13.0.jar;C:\Users\yassinjouao\.m2\repository\com\fasterxml\jackson\core\jackson-annotations\2.13.0\jackson-annotations-2.13.0.jar;C:\Users\yassinjouao\.m2\repository\org\apache\poi\poi-ooxml\3.11\poi-ooxml-3.11.jar;C:\Users\yassinjouao\.m2\repository\org\apache\poi\poi\3.11\poi-3.11.jar;C:\Users\yassinjouao\.m2\repository\commons-codec\commons-codec\1.9\commons-codec-1.9.jar;C:\Users\yassinjouao\.m2\repository\org\apache\poi\poi-ooxml-schemas\3.11\poi-ooxml-schemas-3.11.jar;C:\Users\yassinjouao\.m2\repository\org\apache\xmlbeans\xmlbeans\2.6.0\xmlbeans-2.6.0.jar;C:\Users\yassinjouao\.m2\repository\stax\stax-api\1.0.1\stax-api-1.0.1.jar;C:\Users\yassinjouao\.m2\repository\org\springframework\spring-webmvc\5.2.22.RELEASE\spring-webmvc-5.2.22.RELEASE.jar;C:\Users\yassinjouao\.m2\repository\org\springframework\spring-aop\5.2.22.RELEASE\spring-aop-5.2.22.RELEASE.jar;C:\Users\yassinjouao\.m2\repository\org\springframework\spring-beans\5.2.22.RELEASE\spring-beans-5.2.22.RELEASE.jar;C:\Users\yassinjouao\.m2\repository\org\springframework\spring-context\5.2.22.RELEASE\spring-context-5.2.22.RELEASE.jar;C:\Users\yassinjouao\.m2\repository\org\springframework\spring-core\5.2.22.RELEASE\spring-core-5.2.22.RELEASE.jar;C:\Users\yassinjouao\.m2\repository\org\springframework\spring-jcl\5.2.22.RELEASE\spring-jcl-5.2.22.RELEASE.jar;C:\Users\yassinjouao\.m2\repository\org\springframework\spring-expression\5.2.22.RELEASE\spring-expression-5.2.22.RELEASE.jar;C:\Users\yassinjouao\.m2\repository\org\springframework\spring-web\5.2.22.RELEASE\spring-web-5.2.22.RELEASE.jar;C:\Users\yassinjouao\.m2\repository\org\thymeleaf\thymeleaf-spring5\3.0.15.RELEASE\thymeleaf-spring5-3.0.15.RELEASE.jar;C:\Users\yassinjouao\.m2\repository\org\thymeleaf\thymeleaf\3.0.15.RELEASE\thymeleaf-3.0.15.RELEASE.jar;C:\Users\yassinjouao\.m2\repository\org\attoparser\attoparser\2.0.5.RELEASE\attoparser-2.0.5.RELEASE.jar;C:\Users\yassinjouao\.m2\repository\org\unbescape\unbescape\1.1.6.RELEASE\unbescape-1.1.6.RELEASE.jar;C:\Users\yassinjouao\.m2\repository\org\webjars\bootstrap\5.2.0\bootstrap-5.2.0.jar;C:\Users\yassinjouao\.m2\repository\jakarta\servlet\jakarta.servlet-api\4.0.4\jakarta.servlet-api-4.0.4.jar;C:\Users\yassinjouao\.m2\repository\org\springframework\spring-test\5.2.22.RELEASE\spring-test-5.2.22.RELEASE.jar;C:\Users\yassinjouao\.m2\repository\org\slf4j\slf4j-api\1.7.32\slf4j-api-1.7.32.jar;C:\Users\yassinjouao\.m2\repository\ch\qos\logback\logback-classic\1.2.6\logback-classic-1.2.6.jar;C:\Users\yassinjouao\.m2\repository\ch\qos\logback\logback-core\1.2.6\logback-core-1.2.6.jar;C:\Users\yassinjouao\.m2\repository\org\junit\jupiter\junit-jupiter-api\5.9.0\junit-jupiter-api-5.9.0.jar;C:\Users\yassinjouao\.m2\repository\org\opentest4j\opentest4j\1.2.0\opentest4j-1.2.0.jar;C:\Users\yassinjouao\.m2\repository\org\junit\platform\junit-platform-commons\1.9.0\junit-platform-commons-1.9.0.jar;C:\Users\yassinjouao\.m2\repository\org\apiguardian\apiguardian-api\1.1.2\apiguardian-api-1.1.2.jar;C:\Users\yassinjouao\.m2\repository\org\junit\jupiter\junit-jupiter-engine\5.9.0\junit-jupiter-engine-5.9.0.jar;C:\Users\yassinjouao\.m2\repository\org\junit\platform\junit-platform-engine\1.9.0\junit-platform-engine-1.9.0.jar;C:\Users\yassinjouao\.m2\repository\org\hamcrest\hamcrest-core\2.2\hamcrest-core-2.2.jar;C:\Users\yassinjouao\.m2\repository\org\hamcrest\hamcrest\2.2\hamcrest-2.2.jar;C:\Users\yassinjouao\.m2\repository\com\mysql\mysql-connector-j\8.0.31\mysql-connector-j-8.0.31.jar;C:\Users\yassinjouao\.m2\repository\com\google\protobuf\protobuf-java\3.19.4\protobuf-java-3.19.4.jar;C:\Users\yassinjouao\.m2\repository\org\springframework\spring-orm\5.2.22.RELEASE\spring-orm-5.2.22.RELEASE.jar;C:\Users\yassinjouao\.m2\repository\org\springframework\spring-jdbc\5.2.22.RELEASE\spring-jdbc-5.2.22.RELEASE.jar;C:\Users\yassinjouao\.m2\repository\org\springframework\spring-tx\5.2.22.RELEASE\spring-tx-5.2.22.RELEASE.jar;C:\Users\yassinjouao\.m2\repository\org\hibernate\hibernate-entitymanager\5.2.17.Final\hibernate-entitymanager-5.2.17.Final.jar;C:\Users\yassinjouao\.m2\repository\org\jboss\logging\jboss-logging\3.3.1.Final\jboss-logging-3.3.1.Final.jar;C:\Users\yassinjouao\.m2\repository\org\hibernate\hibernate-core\5.2.17.Final\hibernate-core-5.2.17.Final.jar;C:\Users\yassinjouao\.m2\repository\antlr\antlr\2.7.7\antlr-2.7.7.jar;C:\Users\yassinjouao\.m2\repository\org\jboss\jandex\2.0.3.Final\jandex-2.0.3.Final.jar;C:\Users\yassinjouao\.m2\repository\dom4j\dom4j\1.6.1\dom4j-1.6.1.jar;C:\Users\yassinjouao\.m2\repository\org\hibernate\common\hibernate-commons-annotations\5.0.1.Final\hibernate-commons-annotations-5.0.1.Final.jar;C:\Users\yassinjouao\.m2\repository\org\hibernate\javax\persistence\hibernate-jpa-2.1-api\1.0.0.Final\hibernate-jpa-2.1-api-1.0.0.Final.jar;C:\Users\yassinjouao\.m2\repository\org\javassist\javassist\3.22.0-GA\javassist-3.22.0-GA.jar;C:\Users\yassinjouao\.m2\repository\net\bytebuddy\byte-buddy\1.6.14\byte-buddy-1.6.14.jar;C:\Users\yassinjouao\.m2\repository\org\jboss\spec\javax\transaction\jboss-transaction-api_1.2_spec\1.0.1.Final\jboss-transaction-api_1.2_spec-1.0.1.Final.jar;C:\Users\yassinjouao\.m2\repository\org\hibernate\hibernate-validator\5.4.1.Final\hibernate-validator-5.4.1.Final.jar;C:\Users\yassinjouao\.m2\repository\javax\validation\validation-api\1.1.0.Final\validation-api-1.1.0.Final.jar;C:\Users\yassinjouao\.m2\repository\com\fasterxml\classmate\1.3.1\classmate-1.3.1.jar;C:\Users\yassinjouao\.m2\repository\org\springframework\data\spring-data-jpa\2.1.0.RELEASE\spring-data-jpa-2.1.0.RELEASE.jar;C:\Users\yassinjouao\.m2\repository\org\springframework\data\spring-data-commons\2.1.0.RELEASE\spring-data-commons-2.1.0.RELEASE.jar;C:\Users\yassinjouao\.m2\repository\org\aspectj\aspectjrt\1.9.1\aspectjrt-1.9.1.jar;C:\Users\yassinjouao\.m2\repository\com\h2database\h2\2.1.214\h2-2.1.214.jar;, java.vm.vendor=Oracle Corporation, sun.arch.data.model=64, user.variant=, java.vendor.url=http://java.oracle.com/, user.timezone=Africa/Casablanca, os.name=Windows 10, java.vm.specification.version=1.8, javax.persistence.validation.mode=AUTO, user.country=US, sun.java.launcher=SUN_STANDARD, sun.boot.library.path=C:\Program Files\Java\jdk-1.8\jre\bin, sun.java.command=C:\Users\yassinjouao\AppData\Local\Temp\surefire158325609737104593\surefirebooter-20240103121636216_3.jar C:\Users\yassinjouao\AppData\Local\Temp\surefire158325609737104593 2024-01-03T12-16-26_735-jvmRun1 surefire-20240103121636216_1tmp surefire_0-20240103121636216_2tmp, javax.persistence.sharedCache.mode=UNSPECIFIED, surefire.test.class.path=C:\Users\yassinjouao\Documents\ProjectsJava\craftStore-With-spring-core-testing\target\test-classes;C:\Users\yassinjouao\Documents\ProjectsJava\craftStore-With-spring-core-testing\target\classes;C:\Users\yassinjouao\.m2\repository\com\fasterxml\jackson\core\jackson-databind\2.13.0\jackson-databind-2.13.0.jar;C:\Users\yassinjouao\.m2\repository\com\fasterxml\jackson\core\jackson-core\2.13.0\jackson-core-2.13.0.jar;C:\Users\yassinjouao\.m2\repository\com\fasterxml\jackson\core\jackson-annotations\2.13.0\jackson-annotations-2.13.0.jar;C:\Users\yassinjouao\.m2\repository\org\apache\poi\poi-ooxml\3.11\poi-ooxml-3.11.jar;C:\Users\yassinjouao\.m2\repository\org\apache\poi\poi\3.11\poi-3.11.jar;C:\Users\yassinjouao\.m2\repository\commons-codec\commons-codec\1.9\commons-codec-1.9.jar;C:\Users\yassinjouao\.m2\repository\org\apache\poi\poi-ooxml-schemas\3.11\poi-ooxml-schemas-3.11.jar;C:\Users\yassinjouao\.m2\repository\org\apache\xmlbeans\xmlbeans\2.6.0\xmlbeans-2.6.0.jar;C:\Users\yassinjouao\.m2\repository\stax\stax-api\1.0.1\stax-api-1.0.1.jar;C:\Users\yassinjouao\.m2\repository\org\springframework\spring-webmvc\5.2.22.RELEASE\spring-webmvc-5.2.22.RELEASE.jar;C:\Users\yassinjouao\.m2\repository\org\springframework\spring-aop\5.2.22.RELEASE\spring-aop-5.2.22.RELEASE.jar;C:\Users\yassinjouao\.m2\repository\org\springframework\spring-beans\5.2.22.RELEASE\spring-beans-5.2.22.RELEASE.jar;C:\Users\yassinjouao\.m2\repository\org\springframework\spring-context\5.2.22.RELEASE\spring-context-5.2.22.RELEASE.jar;C:\Users\yassinjouao\.m2\repository\org\springframework\spring-core\5.2.22.RELEASE\spring-core-5.2.22.RELEASE.jar;C:\Users\yassinjouao\.m2\repository\org\springframework\spring-jcl\5.2.22.RELEASE\spring-jcl-5.2.22.RELEASE.jar;C:\Users\yassinjouao\.m2\repository\org\springframework\spring-expression\5.2.22.RELEASE\spring-expression-5.2.22.RELEASE.jar;C:\Users\yassinjouao\.m2\repository\org\springframework\spring-web\5.2.22.RELEASE\spring-web-5.2.22.RELEASE.jar;C:\Users\yassinjouao\.m2\repository\org\thymeleaf\thymeleaf-spring5\3.0.15.RELEASE\thymeleaf-spring5-3.0.15.RELEASE.jar;C:\Users\yassinjouao\.m2\repository\org\thymeleaf\thymeleaf\3.0.15.RELEASE\thymeleaf-3.0.15.RELEASE.jar;C:\Users\yassinjouao\.m2\repository\org\attoparser\attoparser\2.0.5.RELEASE\attoparser-2.0.5.RELEASE.jar;C:\Users\yassinjouao\.m2\repository\org\unbescape\unbescape\1.1.6.RELEASE\unbescape-1.1.6.RELEASE.jar;C:\Users\yassinjouao\.m2\repository\org\webjars\bootstrap\5.2.0\bootstrap-5.2.0.jar;C:\Users\yassinjouao\.m2\repository\jakarta\servlet\jakarta.servlet-api\4.0.4\jakarta.servlet-api-4.0.4.jar;C:\Users\yassinjouao\.m2\repository\org\springframework\spring-test\5.2.22.RELEASE\spring-test-5.2.22.RELEASE.jar;C:\Users\yassinjouao\.m2\repository\org\slf4j\slf4j-api\1.7.32\slf4j-api-1.7.32.jar;C:\Users\yassinjouao\.m2\repository\ch\qos\logback\logback-classic\1.2.6\logback-classic-1.2.6.jar;C:\Users\yassinjouao\.m2\repository\ch\qos\logback\logback-core\1.2.6\logback-core-1.2.6.jar;C:\Users\yassinjouao\.m2\repository\org\junit\jupiter\junit-jupiter-api\5.9.0\junit-jupiter-api-5.9.0.jar;C:\Users\yassinjouao\.m2\repository\org\opentest4j\opentest4j\1.2.0\opentest4j-1.2.0.jar;C:\Users\yassinjouao\.m2\repository\org\junit\platform\junit-platform-commons\1.9.0\junit-platform-commons-1.9.0.jar;C:\Users\yassinjouao\.m2\repository\org\apiguardian\apiguardian-api\1.1.2\apiguardian-api-1.1.2.jar;C:\Users\yassinjouao\.m2\repository\org\junit\jupiter\junit-jupiter-engine\5.9.0\junit-jupiter-engine-5.9.0.jar;C:\Users\yassinjouao\.m2\repository\org\junit\platform\junit-platform-engine\1.9.0\junit-platform-engine-1.9.0.jar;C:\Users\yassinjouao\.m2\repository\org\hamcrest\hamcrest-core\2.2\hamcrest-core-2.2.jar;C:\Users\yassinjouao\.m2\repository\org\hamcrest\hamcrest\2.2\hamcrest-2.2.jar;C:\Users\yassinjouao\.m2\repository\com\mysql\mysql-connector-j\8.0.31\mysql-connector-j-8.0.31.jar;C:\Users\yassinjouao\.m2\repository\com\google\protobuf\protobuf-java\3.19.4\protobuf-java-3.19.4.jar;C:\Users\yassinjouao\.m2\repository\org\springframework\spring-orm\5.2.22.RELEASE\spring-orm-5.2.22.RELEASE.jar;C:\Users\yassinjouao\.m2\repository\org\springframework\spring-jdbc\5.2.22.RELEASE\spring-jdbc-5.2.22.RELEASE.jar;C:\Users\yassinjouao\.m2\repository\org\springframework\spring-tx\5.2.22.RELEASE\spring-tx-5.2.22.RELEASE.jar;C:\Users\yassinjouao\.m2\repository\org\hibernate\hibernate-entitymanager\5.2.17.Final\hibernate-entitymanager-5.2.17.Final.jar;C:\Users\yassinjouao\.m2\repository\org\jboss\logging\jboss-logging\3.3.1.Final\jboss-logging-3.3.1.Final.jar;C:\Users\yassinjouao\.m2\repository\org\hibernate\hibernate-core\5.2.17.Final\hibernate-core-5.2.17.Final.jar;C:\Users\yassinjouao\.m2\repository\antlr\antlr\2.7.7\antlr-2.7.7.jar;C:\Users\yassinjouao\.m2\repository\org\jboss\jandex\2.0.3.Final\jandex-2.0.3.Final.jar;C:\Users\yassinjouao\.m2\repository\dom4j\dom4j\1.6.1\dom4j-1.6.1.jar;C:\Users\yassinjouao\.m2\repository\org\hibernate\common\hibernate-commons-annotations\5.0.1.Final\hibernate-commons-annotations-5.0.1.Final.jar;C:\Users\yassinjouao\.m2\repository\org\hibernate\javax\persistence\hibernate-jpa-2.1-api\1.0.0.Final\hibernate-jpa-2.1-api-1.0.0.Final.jar;C:\Users\yassinjouao\.m2\repository\org\javassist\javassist\3.22.0-GA\javassist-3.22.0-GA.jar;C:\Users\yassinjouao\.m2\repository\net\bytebuddy\byte-buddy\1.6.14\byte-buddy-1.6.14.jar;C:\Users\yassinjouao\.m2\repository\org\jboss\spec\javax\transaction\jboss-transaction-api_1.2_spec\1.0.1.Final\jboss-transaction-api_1.2_spec-1.0.1.Final.jar;C:\Users\yassinjouao\.m2\repository\org\hibernate\hibernate-validator\5.4.1.Final\hibernate-validator-5.4.1.Final.jar;C:\Users\yassinjouao\.m2\repository\javax\validation\validation-api\1.1.0.Final\validation-api-1.1.0.Final.jar;C:\Users\yassinjouao\.m2\repository\com\fasterxml\classmate\1.3.1\classmate-1.3.1.jar;C:\Users\yassinjouao\.m2\repository\org\springframework\data\spring-data-jpa\2.1.0.RELEASE\spring-data-jpa-2.1.0.RELEASE.jar;C:\Users\yassinjouao\.m2\repository\org\springframework\data\spring-data-commons\2.1.0.RELEASE\spring-data-commons-2.1.0.RELEASE.jar;C:\Users\yassinjouao\.m2\repository\org\aspectj\aspectjrt\1.9.1\aspectjrt-1.9.1.jar;C:\Users\yassinjouao\.m2\repository\com\h2database\h2\2.1.214\h2-2.1.214.jar;, sun.cpu.endian=little, user.home=C:\Users\yassinjouao, user.language=en, java.specification.vendor=Oracle Corporation, java.home=C:\Program Files\Java\jdk-1.8\jre, basedir=C:\Users\yassinjouao\Documents\ProjectsJava\craftStore-With-spring-core-testing, style.color=always, file.separator=\, line.separator=
, java.vm.specification.vendor=Oracle Corporation, java.specification.name=Java Platform API Specification, hibernate.transaction.coordinator_class=class org.hibernate.resource.transaction.backend.jdbc.internal.JdbcResourceLocalTransactionCoordinatorBuilderImpl, java.awt.graphicsenv=sun.awt.Win32GraphicsEnvironment, surefire.real.class.path=C:\Users\yassinjouao\AppData\Local\Temp\surefire158325609737104593\surefirebooter-20240103121636216_3.jar, sun.boot.class.path=C:\Program Files\Java\jdk-1.8\jre\lib\resources.jar;C:\Program Files\Java\jdk-1.8\jre\lib\rt.jar;C:\Program Files\Java\jdk-1.8\jre\lib\jsse.jar;C:\Program Files\Java\jdk-1.8\jre\lib\jce.jar;C:\Program Files\Java\jdk-1.8\jre\lib\charsets.jar;C:\Program Files\Java\jdk-1.8\jre\lib\jfr.jar;C:\Program Files\Java\jdk-1.8\jre\classes, hibernate.hbm2ddl.auto=update, user.script=, sun.management.compiler=HotSpot 64-Bit Tiered Compilers, java.runtime.version=1.8.0_391-b13, hibernate.cache.use_query_cache=false, user.name=yassinjouao, path.separator=;, os.version=10.0, java.endorsed.dirs=C:\Program Files\Java\jdk-1.8\jre\lib\endorsed, java.runtime.name=Java(TM) SE Runtime Environment, hibernate.ejb.persistenceUnitName=default, file.encoding=Cp1252, java.vm.name=Java HotSpot(TM) 64-Bit Server VM, localRepository=C:\Users\yassinjouao\.m2\repository, java.vendor.url.bug=http://bugreport.sun.com/bugreport/, java.io.tmpdir=C:\Users\YASSIN~1\AppData\Local\Temp\, java.version=1.8.0_391, user.dir=C:\Users\yassinjouao\Documents\ProjectsJava\craftStore-With-spring-core-testing, os.arch=amd64, java.vm.specification.name=Java Virtual Machine Specification, java.awt.printerjob=sun.awt.windows.WPrinterJob, sun.os.patch.level=, hibernate.boot.CfgXmlAccessService.key=org.hibernate.boot.cfgxml.spi.LoadedConfig@4bafe935, hibernate.cache.use_second_level_cache=false, java.library.path=C:\Program Files\Java\jdk-1.8\jre\bin;C:\WINDOWS\Sun\Java\bin;C:\WINDOWS\system32;C:\WINDOWS;C:/Users/yassinjouao/Documents/sts-4.21.0.RELEASE v//plugins/org.eclipse.justj.openjdk.hotspot.jre.full.win32.x86_64_17.0.9.v20231028-0858/jre/bin/server;C:/Users/yassinjouao/Documents/sts-4.21.0.RELEASE v//plugins/org.eclipse.justj.openjdk.hotspot.jre.full.win32.x86_64_17.0.9.v20231028-0858/jre/bin;C:\Program Files\Java\jdk-1.8\bin;C:\WINDOWS\system32;C:\WINDOWS;C:\WINDOWS\System32\Wbem;C:\WINDOWS\System32\WindowsPowerShell\v1.0\;C:\WINDOWS\System32\OpenSSH\;C:\Program Files\Git\cmd;C:\Program Files\nodejs\;C:\Program Files\apache-maven-3.9.6\bin;C:\Program Files\Cloudflare\Cloudflare WARP\;C:\Users\yassinjouao\AppData\Local\Microsoft\WindowsApps;C:\Users\yassinjouao\AppData\Local\Programs\Microsoft VS Code\bin;C:\Users\yassinjouao\go\bin;C:\Users\yassinjouao\AppData\Roaming\npm;C:\Program Files\mongosh\;C:\Program Files\JetBrains\IntelliJ IDEA Community Edition 2023.3\bin;C:\Program Files\JetBrains\IntelliJ IDEA 2023.3.2\bin;C:\Users\yassinjouao\AppData\Local\JetBrains\Toolbox\scripts;;C:\Users\yassinjouao\Documents\sts-4.21.0.RELEASE v;;., java.vm.info=mixed mode, java.vendor=Oracle Corporation, java.vm.version=25.391-b13, hibernate.bytecode.use_reflection_optimizer=false, java.specification.maintenance.version=5, hibernate.connection.datasource=org.springframework.jdbc.datasource.DriverManagerDataSource@2cc44ad, java.ext.dirs=C:\Program Files\Java\jdk-1.8\jre\lib\ext;C:\WINDOWS\Sun\Java\lib\ext, sun.io.unicode.encoding=UnicodeLittle, java.class.version=52.0}
12:16:43.483 [main] INFO org.hibernate.validator.internal.util.Version - HV000001: Hibernate Validator 5.4.1.Final
12:16:43.516 [main] DEBUG org.hibernate.validator.internal.engine.resolver.DefaultTraversableResolver - Found javax.persistence.Persistence on classpath containing 'getPersistenceUtil'. Assuming JPA 2 environment. Trying to instantiate JPA aware TraversableResolver
12:16:43.519 [main] DEBUG org.hibernate.validator.internal.engine.resolver.DefaultTraversableResolver - Instantiated JPA aware TraversableResolver of type org.hibernate.validator.internal.engine.resolver.JPATraversableResolver.
12:16:43.524 [main] DEBUG org.hibernate.validator.internal.xml.ValidationXmlParser - Trying to load META-INF/validation.xml for XML based Validator configuration.
12:16:43.526 [main] DEBUG org.hibernate.validator.internal.xml.ResourceLoaderHelper - Trying to load META-INF/validation.xml via TCCL
12:16:43.527 [main] DEBUG org.hibernate.validator.internal.xml.ResourceLoaderHelper - Trying to load META-INF/validation.xml via Hibernate Validator's class loader
12:16:43.528 [main] DEBUG org.hibernate.validator.internal.xml.ValidationXmlParser - No META-INF/validation.xml found. Using annotation based configuration only.
12:16:43.549 [main] DEBUG org.hibernate.cfg.beanvalidation.TypeSafeActivator - Unable to acquire Bean Validation ValidatorFactory, skipping activation
12:16:43.549 [main] DEBUG org.hibernate.secure.spi.JaccIntegrator - Skipping JACC integration as it was not enabled
12:16:43.557 [main] DEBUG org.hibernate.engine.spi.CascadeStyles - External cascade style registration [persist : STYLE_PERSIST_SKIPLAZY] overrode base registration [STYLE_PERSIST]
12:16:43.595 [main] DEBUG org.hibernate.internal.SessionFactoryImpl - Instantiated session factory
12:16:43.667 [main] DEBUG org.hibernate.boot.internal.ClassLoaderAccessImpl - Not known whether passed class name [com.joseph.entity.Client] is safe
12:16:43.667 [main] DEBUG org.hibernate.boot.internal.ClassLoaderAccessImpl - No temp ClassLoader provided; using live ClassLoader for loading potentially unsafe class : com.joseph.entity.Client
12:16:43.690 [main] DEBUG org.hibernate.boot.internal.ClassLoaderAccessImpl - Not known whether passed class name [com.joseph.entity.Client] is safe
12:16:43.691 [main] DEBUG org.hibernate.boot.internal.ClassLoaderAccessImpl - No temp ClassLoader provided; using live ClassLoader for loading potentially unsafe class : com.joseph.entity.Client
12:16:43.751 [main] DEBUG org.hibernate.boot.internal.ClassLoaderAccessImpl - Not known whether passed class name [com.joseph.entity.Order] is safe
12:16:43.752 [main] DEBUG org.hibernate.boot.internal.ClassLoaderAccessImpl - No temp ClassLoader provided; using live ClassLoader for loading potentially unsafe class : com.joseph.entity.Order
12:16:43.765 [main] DEBUG org.hibernate.boot.internal.ClassLoaderAccessImpl - Not known whether passed class name [com.joseph.entity.Order] is safe
12:16:43.765 [main] DEBUG org.hibernate.boot.internal.ClassLoaderAccessImpl - No temp ClassLoader provided; using live ClassLoader for loading potentially unsafe class : com.joseph.entity.Order
12:16:43.773 [main] DEBUG org.hibernate.boot.internal.ClassLoaderAccessImpl - Not known whether passed class name [com.joseph.entity.Product] is safe
12:16:43.773 [main] DEBUG org.hibernate.boot.internal.ClassLoaderAccessImpl - No temp ClassLoader provided; using live ClassLoader for loading potentially unsafe class : com.joseph.entity.Product
12:16:43.773 [main] DEBUG org.hibernate.boot.internal.ClassLoaderAccessImpl - Not known whether passed class name [com.joseph.entity.Product] is safe
12:16:43.773 [main] DEBUG org.hibernate.boot.internal.ClassLoaderAccessImpl - No temp ClassLoader provided; using live ClassLoader for loading potentially unsafe class : com.joseph.entity.Product
12:16:43.778 [main] DEBUG org.hibernate.boot.internal.ClassLoaderAccessImpl - Not known whether passed class name [com.joseph.entity.OrderItem] is safe
12:16:43.778 [main] DEBUG org.hibernate.boot.internal.ClassLoaderAccessImpl - No temp ClassLoader provided; using live ClassLoader for loading potentially unsafe class : com.joseph.entity.OrderItem
12:16:43.779 [main] DEBUG org.hibernate.boot.internal.ClassLoaderAccessImpl - Not known whether passed class name [com.joseph.entity.OrderItem] is safe
12:16:43.779 [main] DEBUG org.hibernate.boot.internal.ClassLoaderAccessImpl - No temp ClassLoader provided; using live ClassLoader for loading potentially unsafe class : com.joseph.entity.OrderItem
12:16:43.798 [main] DEBUG org.hibernate.persister.collection.AbstractCollectionPersister - Static SQL for collection: com.joseph.entity.Order.orderItems
12:16:43.798 [main] DEBUG org.hibernate.persister.collection.AbstractCollectionPersister -  Row insert: update orderitems set idorder=? where id=?
12:16:43.798 [main] DEBUG org.hibernate.persister.collection.AbstractCollectionPersister -  Row update: update orderitems set  where id=?
12:16:43.798 [main] DEBUG org.hibernate.persister.collection.AbstractCollectionPersister -  Row delete: update orderitems set idorder=null where idorder=? and id=?
12:16:43.798 [main] DEBUG org.hibernate.persister.collection.AbstractCollectionPersister -  One-shot delete: update orderitems set idorder=null where idorder=?
12:16:43.798 [main] DEBUG org.hibernate.persister.collection.AbstractCollectionPersister - Static SQL for collection: com.joseph.entity.Product.orderItems
12:16:43.799 [main] DEBUG org.hibernate.persister.collection.AbstractCollectionPersister -  Row insert: update orderitems set idproduct=? where id=?
12:16:43.799 [main] DEBUG org.hibernate.persister.collection.AbstractCollectionPersister -  Row update: update orderitems set  where id=?
12:16:43.799 [main] DEBUG org.hibernate.persister.collection.AbstractCollectionPersister -  Row delete: update orderitems set idproduct=null where idproduct=? and id=?
12:16:43.799 [main] DEBUG org.hibernate.persister.collection.AbstractCollectionPersister -  One-shot delete: update orderitems set idproduct=null where idproduct=?
12:16:43.799 [main] DEBUG org.hibernate.persister.collection.AbstractCollectionPersister - Static SQL for collection: com.joseph.entity.Client.orders
12:16:43.799 [main] DEBUG org.hibernate.persister.collection.AbstractCollectionPersister -  Row insert: update order_table set idclient=? where idorder=?
12:16:43.799 [main] DEBUG org.hibernate.persister.collection.AbstractCollectionPersister -  Row update: update order_table set  where idorder=?
12:16:43.799 [main] DEBUG org.hibernate.persister.collection.AbstractCollectionPersister -  Row delete: update order_table set idclient=null where idclient=? and idorder=?
12:16:43.799 [main] DEBUG org.hibernate.persister.collection.AbstractCollectionPersister -  One-shot delete: update order_table set idclient=null where idclient=?
12:16:43.809 [main] DEBUG org.hibernate.persister.entity.AbstractEntityPersister - Static SQL for entity: com.joseph.entity.Client
12:16:43.810 [main] DEBUG org.hibernate.persister.entity.AbstractEntityPersister -  Version select: select idclient from client where idclient =?
12:16:43.810 [main] DEBUG org.hibernate.persister.entity.AbstractEntityPersister -  Snapshot select: select client_.idclient, client_.emailclient as emailcli2_0_, client_.nameclient as nameclie3_0_ from client client_ where client_.idclient=?
12:16:43.810 [main] DEBUG org.hibernate.persister.entity.AbstractEntityPersister -  Insert 0: insert into client (emailclient, nameclient, idclient) values (?, ?, ?)
12:16:43.810 [main] DEBUG org.hibernate.persister.entity.AbstractEntityPersister -  Update 0: update client set emailclient=?, nameclient=? where idclient=?
12:16:43.810 [main] DEBUG org.hibernate.persister.entity.AbstractEntityPersister -  Delete 0: delete from client where idclient=?
12:16:43.810 [main] DEBUG org.hibernate.persister.entity.AbstractEntityPersister -  Identity insert: insert into client (emailclient, nameclient) values (?, ?)
12:16:43.849 [main] DEBUG org.hibernate.loader.plan.build.internal.spaces.QuerySpacesImpl - Adding QuerySpace : uid = <gen:0> -> org.hibernate.loader.plan.build.internal.spaces.EntityQuerySpaceImpl@70c0a3d5]
12:16:43.852 [main] DEBUG org.hibernate.persister.walking.spi.MetamodelGraphWalker - Visiting attribute path : emailclient
12:16:43.852 [main] DEBUG org.hibernate.persister.walking.spi.MetamodelGraphWalker - Visiting attribute path : nameclient
12:16:43.852 [main] DEBUG org.hibernate.persister.walking.spi.MetamodelGraphWalker - Visiting attribute path : orders
12:16:43.860 [main] DEBUG org.hibernate.loader.plan.build.internal.spaces.QuerySpacesImpl - Adding QuerySpace : uid = <gen:1> -> org.hibernate.loader.plan.build.internal.spaces.CollectionQuerySpaceImpl@2a2843ec]
12:16:43.862 [main] DEBUG org.hibernate.loader.plan.build.internal.spaces.QuerySpacesImpl - Adding QuerySpace : uid = <gen:2> -> org.hibernate.loader.plan.build.internal.spaces.EntityQuerySpaceImpl@2af46afd]
12:16:43.863 [main] DEBUG org.hibernate.loader.plan.build.internal.FetchStyleLoadPlanBuildingAssociationVisitationStrategy - Building LoadPlan...
12:16:43.892 [main] DEBUG org.hibernate.loader.plan.exec.internal.LoadQueryJoinAndFetchProcessor - processing queryspace <gen:0>
12:16:43.899 [main] DEBUG org.hibernate.loader.plan.build.spi.LoadPlanTreePrinter - LoadPlan(entity=com.joseph.entity.Client)
    - Returns
       - EntityReturnImpl(entity=com.joseph.entity.Client, querySpaceUid=<gen:0>, path=com.joseph.entity.Client)
          - CollectionAttributeFetchImpl(collection=com.joseph.entity.Client.orders, querySpaceUid=<gen:1>, path=com.joseph.entity.Client.orders)
             - (collection element) CollectionFetchableElementEntityGraph(entity=com.joseph.entity.Order, querySpaceUid=<gen:2>, path=com.joseph.entity.Client.orders.<elements>)
    - QuerySpaces
       - EntityQuerySpaceImpl(uid=<gen:0>, entity=com.joseph.entity.Client)
          - SQL table alias mapping - client0_
          - alias suffix - 0_
          - suffixed key columns - {idclient1_0_0_}

12:16:43.903 [main] DEBUG org.hibernate.loader.entity.plan.EntityLoader - Static select for entity com.joseph.entity.Client [NONE]: select client0_.idclient as idclient1_0_0_, client0_.emailclient as emailcli2_0_0_, client0_.nameclient as nameclie3_0_0_ from client client0_ where client0_.idclient=?
12:16:43.903 [main] DEBUG org.hibernate.loader.plan.build.internal.spaces.QuerySpacesImpl - Adding QuerySpace : uid = <gen:0> -> org.hibernate.loader.plan.build.internal.spaces.EntityQuerySpaceImpl@14b0e127]
12:16:43.903 [main] DEBUG org.hibernate.persister.walking.spi.MetamodelGraphWalker - Visiting attribute path : emailclient
12:16:43.903 [main] DEBUG org.hibernate.persister.walking.spi.MetamodelGraphWalker - Visiting attribute path : nameclient
12:16:43.903 [main] DEBUG org.hibernate.persister.walking.spi.MetamodelGraphWalker - Visiting attribute path : orders
12:16:43.903 [main] DEBUG org.hibernate.loader.plan.build.internal.spaces.QuerySpacesImpl - Adding QuerySpace : uid = <gen:1> -> org.hibernate.loader.plan.build.internal.spaces.CollectionQuerySpaceImpl@7cea0110]
12:16:43.904 [main] DEBUG org.hibernate.loader.plan.build.internal.spaces.QuerySpacesImpl - Adding QuerySpace : uid = <gen:2> -> org.hibernate.loader.plan.build.internal.spaces.EntityQuerySpaceImpl@468dda3e]
12:16:43.904 [main] DEBUG org.hibernate.loader.plan.build.internal.FetchStyleLoadPlanBuildingAssociationVisitationStrategy - Building LoadPlan...
12:16:43.904 [main] DEBUG org.hibernate.loader.plan.exec.internal.LoadQueryJoinAndFetchProcessor - processing queryspace <gen:0>
12:16:43.904 [main] DEBUG org.hibernate.loader.plan.build.spi.LoadPlanTreePrinter - LoadPlan(entity=com.joseph.entity.Client)
    - Returns
       - EntityReturnImpl(entity=com.joseph.entity.Client, querySpaceUid=<gen:0>, path=com.joseph.entity.Client)
          - CollectionAttributeFetchImpl(collection=com.joseph.entity.Client.orders, querySpaceUid=<gen:1>, path=com.joseph.entity.Client.orders)
             - (collection element) CollectionFetchableElementEntityGraph(entity=com.joseph.entity.Order, querySpaceUid=<gen:2>, path=com.joseph.entity.Client.orders.<elements>)
    - QuerySpaces
       - EntityQuerySpaceImpl(uid=<gen:0>, entity=com.joseph.entity.Client)
          - SQL table alias mapping - client0_
          - alias suffix - 0_
          - suffixed key columns - {idclient1_0_0_}

12:16:43.904 [main] DEBUG org.hibernate.loader.entity.plan.EntityLoader - Static select for entity com.joseph.entity.Client [READ]: select client0_.idclient as idclient1_0_0_, client0_.emailclient as emailcli2_0_0_, client0_.nameclient as nameclie3_0_0_ from client client0_ where client0_.idclient=?
12:16:43.904 [main] DEBUG org.hibernate.loader.plan.build.internal.spaces.QuerySpacesImpl - Adding QuerySpace : uid = <gen:0> -> org.hibernate.loader.plan.build.internal.spaces.EntityQuerySpaceImpl@5527b211]
12:16:43.904 [main] DEBUG org.hibernate.persister.walking.spi.MetamodelGraphWalker - Visiting attribute path : emailclient
12:16:43.904 [main] DEBUG org.hibernate.persister.walking.spi.MetamodelGraphWalker - Visiting attribute path : nameclient
12:16:43.905 [main] DEBUG org.hibernate.persister.walking.spi.MetamodelGraphWalker - Visiting attribute path : orders
12:16:43.905 [main] DEBUG org.hibernate.loader.plan.build.internal.spaces.QuerySpacesImpl - Adding QuerySpace : uid = <gen:1> -> org.hibernate.loader.plan.build.internal.spaces.CollectionQuerySpaceImpl@78010562]
12:16:43.905 [main] DEBUG org.hibernate.loader.plan.build.internal.spaces.QuerySpacesImpl - Adding QuerySpace : uid = <gen:2> -> org.hibernate.loader.plan.build.internal.spaces.EntityQuerySpaceImpl@50756c76]
12:16:43.905 [main] DEBUG org.hibernate.loader.plan.build.internal.FetchStyleLoadPlanBuildingAssociationVisitationStrategy - Building LoadPlan...
12:16:43.905 [main] DEBUG org.hibernate.loader.plan.exec.internal.LoadQueryJoinAndFetchProcessor - processing queryspace <gen:0>
12:16:43.905 [main] DEBUG org.hibernate.loader.plan.build.spi.LoadPlanTreePrinter - LoadPlan(entity=com.joseph.entity.Client)
    - Returns
       - EntityReturnImpl(entity=com.joseph.entity.Client, querySpaceUid=<gen:0>, path=com.joseph.entity.Client)
          - CollectionAttributeFetchImpl(collection=com.joseph.entity.Client.orders, querySpaceUid=<gen:1>, path=com.joseph.entity.Client.orders)
             - (collection element) CollectionFetchableElementEntityGraph(entity=com.joseph.entity.Order, querySpaceUid=<gen:2>, path=com.joseph.entity.Client.orders.<elements>)
    - QuerySpaces
       - EntityQuerySpaceImpl(uid=<gen:0>, entity=com.joseph.entity.Client)
          - SQL table alias mapping - client0_
          - alias suffix - 0_
          - suffixed key columns - {idclient1_0_0_}

12:16:43.905 [main] DEBUG org.hibernate.loader.entity.plan.EntityLoader - Static select for entity com.joseph.entity.Client [UPGRADE]: select client0_.idclient as idclient1_0_0_, client0_.emailclient as emailcli2_0_0_, client0_.nameclient as nameclie3_0_0_ from client client0_ where client0_.idclient=? for update
12:16:43.905 [main] DEBUG org.hibernate.loader.plan.build.internal.spaces.QuerySpacesImpl - Adding QuerySpace : uid = <gen:0> -> org.hibernate.loader.plan.build.internal.spaces.EntityQuerySpaceImpl@38aafb53]
12:16:43.906 [main] DEBUG org.hibernate.persister.walking.spi.MetamodelGraphWalker - Visiting attribute path : emailclient
12:16:43.906 [main] DEBUG org.hibernate.persister.walking.spi.MetamodelGraphWalker - Visiting attribute path : nameclient
12:16:43.906 [main] DEBUG org.hibernate.persister.walking.spi.MetamodelGraphWalker - Visiting attribute path : orders
12:16:43.906 [main] DEBUG org.hibernate.loader.plan.build.internal.spaces.QuerySpacesImpl - Adding QuerySpace : uid = <gen:1> -> org.hibernate.loader.plan.build.internal.spaces.CollectionQuerySpaceImpl@67f3d192]
12:16:43.906 [main] DEBUG org.hibernate.loader.plan.build.internal.spaces.QuerySpacesImpl - Adding QuerySpace : uid = <gen:2> -> org.hibernate.loader.plan.build.internal.spaces.EntityQuerySpaceImpl@1c9e07c6]
12:16:43.906 [main] DEBUG org.hibernate.loader.plan.build.internal.FetchStyleLoadPlanBuildingAssociationVisitationStrategy - Building LoadPlan...
12:16:43.906 [main] DEBUG org.hibernate.loader.plan.exec.internal.LoadQueryJoinAndFetchProcessor - processing queryspace <gen:0>
12:16:43.906 [main] DEBUG org.hibernate.loader.plan.build.spi.LoadPlanTreePrinter - LoadPlan(entity=com.joseph.entity.Client)
    - Returns
       - EntityReturnImpl(entity=com.joseph.entity.Client, querySpaceUid=<gen:0>, path=com.joseph.entity.Client)
          - CollectionAttributeFetchImpl(collection=com.joseph.entity.Client.orders, querySpaceUid=<gen:1>, path=com.joseph.entity.Client.orders)
             - (collection element) CollectionFetchableElementEntityGraph(entity=com.joseph.entity.Order, querySpaceUid=<gen:2>, path=com.joseph.entity.Client.orders.<elements>)
    - QuerySpaces
       - EntityQuerySpaceImpl(uid=<gen:0>, entity=com.joseph.entity.Client)
          - SQL table alias mapping - client0_
          - alias suffix - 0_
          - suffixed key columns - {idclient1_0_0_}

12:16:43.906 [main] DEBUG org.hibernate.loader.entity.plan.EntityLoader - Static select for entity com.joseph.entity.Client [UPGRADE_NOWAIT]: select client0_.idclient as idclient1_0_0_, client0_.emailclient as emailcli2_0_0_, client0_.nameclient as nameclie3_0_0_ from client client0_ where client0_.idclient=? for update
12:16:43.907 [main] DEBUG org.hibernate.loader.plan.build.internal.spaces.QuerySpacesImpl - Adding QuerySpace : uid = <gen:0> -> org.hibernate.loader.plan.build.internal.spaces.EntityQuerySpaceImpl@73010765]
12:16:43.907 [main] DEBUG org.hibernate.persister.walking.spi.MetamodelGraphWalker - Visiting attribute path : emailclient
12:16:43.907 [main] DEBUG org.hibernate.persister.walking.spi.MetamodelGraphWalker - Visiting attribute path : nameclient
12:16:43.907 [main] DEBUG org.hibernate.persister.walking.spi.MetamodelGraphWalker - Visiting attribute path : orders
12:16:43.907 [main] DEBUG org.hibernate.loader.plan.build.internal.spaces.QuerySpacesImpl - Adding QuerySpace : uid = <gen:1> -> org.hibernate.loader.plan.build.internal.spaces.CollectionQuerySpaceImpl@52169758]
12:16:43.907 [main] DEBUG org.hibernate.loader.plan.build.internal.spaces.QuerySpacesImpl - Adding QuerySpace : uid = <gen:2> -> org.hibernate.loader.plan.build.internal.spaces.EntityQuerySpaceImpl@3eda0aeb]
12:16:43.907 [main] DEBUG org.hibernate.loader.plan.build.internal.FetchStyleLoadPlanBuildingAssociationVisitationStrategy - Building LoadPlan...
12:16:43.907 [main] DEBUG org.hibernate.loader.plan.exec.internal.LoadQueryJoinAndFetchProcessor - processing queryspace <gen:0>
12:16:43.908 [main] DEBUG org.hibernate.loader.plan.build.spi.LoadPlanTreePrinter - LoadPlan(entity=com.joseph.entity.Client)
    - Returns
       - EntityReturnImpl(entity=com.joseph.entity.Client, querySpaceUid=<gen:0>, path=com.joseph.entity.Client)
          - CollectionAttributeFetchImpl(collection=com.joseph.entity.Client.orders, querySpaceUid=<gen:1>, path=com.joseph.entity.Client.orders)
             - (collection element) CollectionFetchableElementEntityGraph(entity=com.joseph.entity.Order, querySpaceUid=<gen:2>, path=com.joseph.entity.Client.orders.<elements>)
    - QuerySpaces
       - EntityQuerySpaceImpl(uid=<gen:0>, entity=com.joseph.entity.Client)
          - SQL table alias mapping - client0_
          - alias suffix - 0_
          - suffixed key columns - {idclient1_0_0_}

12:16:43.908 [main] DEBUG org.hibernate.loader.entity.plan.EntityLoader - Static select for entity com.joseph.entity.Client [UPGRADE_SKIPLOCKED]: select client0_.idclient as idclient1_0_0_, client0_.emailclient as emailcli2_0_0_, client0_.nameclient as nameclie3_0_0_ from client client0_ where client0_.idclient=? for update
12:16:43.908 [main] DEBUG org.hibernate.loader.plan.build.internal.spaces.QuerySpacesImpl - Adding QuerySpace : uid = <gen:0> -> org.hibernate.loader.plan.build.internal.spaces.EntityQuerySpaceImpl@459b187a]
12:16:43.908 [main] DEBUG org.hibernate.persister.walking.spi.MetamodelGraphWalker - Visiting attribute path : emailclient
12:16:43.908 [main] DEBUG org.hibernate.persister.walking.spi.MetamodelGraphWalker - Visiting attribute path : nameclient
12:16:43.908 [main] DEBUG org.hibernate.persister.walking.spi.MetamodelGraphWalker - Visiting attribute path : orders
12:16:43.908 [main] DEBUG org.hibernate.loader.plan.build.internal.spaces.QuerySpacesImpl - Adding QuerySpace : uid = <gen:1> -> org.hibernate.loader.plan.build.internal.spaces.CollectionQuerySpaceImpl@d0865a3]
12:16:43.909 [main] DEBUG org.hibernate.loader.plan.build.internal.spaces.QuerySpacesImpl - Adding QuerySpace : uid = <gen:2> -> org.hibernate.loader.plan.build.internal.spaces.EntityQuerySpaceImpl@636bbbbb]
12:16:43.909 [main] DEBUG org.hibernate.loader.plan.build.internal.FetchStyleLoadPlanBuildingAssociationVisitationStrategy - Building LoadPlan...
12:16:43.909 [main] DEBUG org.hibernate.loader.plan.exec.internal.LoadQueryJoinAndFetchProcessor - processing queryspace <gen:0>
12:16:43.909 [main] DEBUG org.hibernate.loader.plan.build.spi.LoadPlanTreePrinter - LoadPlan(entity=com.joseph.entity.Client)
    - Returns
       - EntityReturnImpl(entity=com.joseph.entity.Client, querySpaceUid=<gen:0>, path=com.joseph.entity.Client)
          - CollectionAttributeFetchImpl(collection=com.joseph.entity.Client.orders, querySpaceUid=<gen:1>, path=com.joseph.entity.Client.orders)
             - (collection element) CollectionFetchableElementEntityGraph(entity=com.joseph.entity.Order, querySpaceUid=<gen:2>, path=com.joseph.entity.Client.orders.<elements>)
    - QuerySpaces
       - EntityQuerySpaceImpl(uid=<gen:0>, entity=com.joseph.entity.Client)
          - SQL table alias mapping - client0_
          - alias suffix - 0_
          - suffixed key columns - {idclient1_0_0_}

12:16:43.909 [main] DEBUG org.hibernate.loader.entity.plan.EntityLoader - Static select for entity com.joseph.entity.Client [FORCE]: select client0_.idclient as idclient1_0_0_, client0_.emailclient as emailcli2_0_0_, client0_.nameclient as nameclie3_0_0_ from client client0_ where client0_.idclient=? for update
12:16:43.909 [main] DEBUG org.hibernate.loader.plan.build.internal.spaces.QuerySpacesImpl - Adding QuerySpace : uid = <gen:0> -> org.hibernate.loader.plan.build.internal.spaces.EntityQuerySpaceImpl@7eae3764]
12:16:43.909 [main] DEBUG org.hibernate.persister.walking.spi.MetamodelGraphWalker - Visiting attribute path : emailclient
12:16:43.910 [main] DEBUG org.hibernate.persister.walking.spi.MetamodelGraphWalker - Visiting attribute path : nameclient
12:16:43.910 [main] DEBUG org.hibernate.persister.walking.spi.MetamodelGraphWalker - Visiting attribute path : orders
12:16:43.910 [main] DEBUG org.hibernate.loader.plan.build.internal.spaces.QuerySpacesImpl - Adding QuerySpace : uid = <gen:1> -> org.hibernate.loader.plan.build.internal.spaces.CollectionQuerySpaceImpl@4f668f29]
12:16:43.910 [main] DEBUG org.hibernate.loader.plan.build.internal.spaces.QuerySpacesImpl - Adding QuerySpace : uid = <gen:2> -> org.hibernate.loader.plan.build.internal.spaces.EntityQuerySpaceImpl@716e431d]
12:16:43.910 [main] DEBUG org.hibernate.loader.plan.build.internal.FetchStyleLoadPlanBuildingAssociationVisitationStrategy - Building LoadPlan...
12:16:43.910 [main] DEBUG org.hibernate.loader.plan.exec.internal.LoadQueryJoinAndFetchProcessor - processing queryspace <gen:0>
12:16:43.910 [main] DEBUG org.hibernate.loader.plan.build.spi.LoadPlanTreePrinter - LoadPlan(entity=com.joseph.entity.Client)
    - Returns
       - EntityReturnImpl(entity=com.joseph.entity.Client, querySpaceUid=<gen:0>, path=com.joseph.entity.Client)
          - CollectionAttributeFetchImpl(collection=com.joseph.entity.Client.orders, querySpaceUid=<gen:1>, path=com.joseph.entity.Client.orders)
             - (collection element) CollectionFetchableElementEntityGraph(entity=com.joseph.entity.Order, querySpaceUid=<gen:2>, path=com.joseph.entity.Client.orders.<elements>)
    - QuerySpaces
       - EntityQuerySpaceImpl(uid=<gen:0>, entity=com.joseph.entity.Client)
          - SQL table alias mapping - client0_
          - alias suffix - 0_
          - suffixed key columns - {idclient1_0_0_}

12:16:43.910 [main] DEBUG org.hibernate.loader.entity.plan.EntityLoader - Static select for entity com.joseph.entity.Client [PESSIMISTIC_READ]: select client0_.idclient as idclient1_0_0_, client0_.emailclient as emailcli2_0_0_, client0_.nameclient as nameclie3_0_0_ from client client0_ where client0_.idclient=? lock in share mode
12:16:43.910 [main] DEBUG org.hibernate.loader.plan.build.internal.spaces.QuerySpacesImpl - Adding QuerySpace : uid = <gen:0> -> org.hibernate.loader.plan.build.internal.spaces.EntityQuerySpaceImpl@7e744f43]
12:16:43.911 [main] DEBUG org.hibernate.persister.walking.spi.MetamodelGraphWalker - Visiting attribute path : emailclient
12:16:43.911 [main] DEBUG org.hibernate.persister.walking.spi.MetamodelGraphWalker - Visiting attribute path : nameclient
12:16:43.911 [main] DEBUG org.hibernate.persister.walking.spi.MetamodelGraphWalker - Visiting attribute path : orders
12:16:43.911 [main] DEBUG org.hibernate.loader.plan.build.internal.spaces.QuerySpacesImpl - Adding QuerySpace : uid = <gen:1> -> org.hibernate.loader.plan.build.internal.spaces.CollectionQuerySpaceImpl@6a4ccef7]
12:16:43.911 [main] DEBUG org.hibernate.loader.plan.build.internal.spaces.QuerySpacesImpl - Adding QuerySpace : uid = <gen:2> -> org.hibernate.loader.plan.build.internal.spaces.EntityQuerySpaceImpl@69391e08]
12:16:43.911 [main] DEBUG org.hibernate.loader.plan.build.internal.FetchStyleLoadPlanBuildingAssociationVisitationStrategy - Building LoadPlan...
12:16:43.911 [main] DEBUG org.hibernate.loader.plan.exec.internal.LoadQueryJoinAndFetchProcessor - processing queryspace <gen:0>
12:16:43.911 [main] DEBUG org.hibernate.loader.plan.build.spi.LoadPlanTreePrinter - LoadPlan(entity=com.joseph.entity.Client)
    - Returns
       - EntityReturnImpl(entity=com.joseph.entity.Client, querySpaceUid=<gen:0>, path=com.joseph.entity.Client)
          - CollectionAttributeFetchImpl(collection=com.joseph.entity.Client.orders, querySpaceUid=<gen:1>, path=com.joseph.entity.Client.orders)
             - (collection element) CollectionFetchableElementEntityGraph(entity=com.joseph.entity.Order, querySpaceUid=<gen:2>, path=com.joseph.entity.Client.orders.<elements>)
    - QuerySpaces
       - EntityQuerySpaceImpl(uid=<gen:0>, entity=com.joseph.entity.Client)
          - SQL table alias mapping - client0_
          - alias suffix - 0_
          - suffixed key columns - {idclient1_0_0_}

12:16:43.912 [main] DEBUG org.hibernate.loader.entity.plan.EntityLoader - Static select for entity com.joseph.entity.Client [PESSIMISTIC_WRITE]: select client0_.idclient as idclient1_0_0_, client0_.emailclient as emailcli2_0_0_, client0_.nameclient as nameclie3_0_0_ from client client0_ where client0_.idclient=? for update
12:16:43.912 [main] DEBUG org.hibernate.loader.plan.build.internal.spaces.QuerySpacesImpl - Adding QuerySpace : uid = <gen:0> -> org.hibernate.loader.plan.build.internal.spaces.EntityQuerySpaceImpl@35eb4a3b]
12:16:43.912 [main] DEBUG org.hibernate.persister.walking.spi.MetamodelGraphWalker - Visiting attribute path : emailclient
12:16:43.912 [main] DEBUG org.hibernate.persister.walking.spi.MetamodelGraphWalker - Visiting attribute path : nameclient
12:16:43.912 [main] DEBUG org.hibernate.persister.walking.spi.MetamodelGraphWalker - Visiting attribute path : orders
12:16:43.912 [main] DEBUG org.hibernate.loader.plan.build.internal.spaces.QuerySpacesImpl - Adding QuerySpace : uid = <gen:1> -> org.hibernate.loader.plan.build.internal.spaces.CollectionQuerySpaceImpl@6884f0d9]
12:16:43.912 [main] DEBUG org.hibernate.loader.plan.build.internal.spaces.QuerySpacesImpl - Adding QuerySpace : uid = <gen:2> -> org.hibernate.loader.plan.build.internal.spaces.EntityQuerySpaceImpl@49ec6a9f]
12:16:43.912 [main] DEBUG org.hibernate.loader.plan.build.internal.FetchStyleLoadPlanBuildingAssociationVisitationStrategy - Building LoadPlan...
12:16:43.912 [main] DEBUG org.hibernate.loader.plan.exec.internal.LoadQueryJoinAndFetchProcessor - processing queryspace <gen:0>
12:16:43.913 [main] DEBUG org.hibernate.loader.plan.build.spi.LoadPlanTreePrinter - LoadPlan(entity=com.joseph.entity.Client)
    - Returns
       - EntityReturnImpl(entity=com.joseph.entity.Client, querySpaceUid=<gen:0>, path=com.joseph.entity.Client)
          - CollectionAttributeFetchImpl(collection=com.joseph.entity.Client.orders, querySpaceUid=<gen:1>, path=com.joseph.entity.Client.orders)
             - (collection element) CollectionFetchableElementEntityGraph(entity=com.joseph.entity.Order, querySpaceUid=<gen:2>, path=com.joseph.entity.Client.orders.<elements>)
    - QuerySpaces
       - EntityQuerySpaceImpl(uid=<gen:0>, entity=com.joseph.entity.Client)
          - SQL table alias mapping - client0_
          - alias suffix - 0_
          - suffixed key columns - {idclient1_0_0_}

12:16:43.913 [main] DEBUG org.hibernate.loader.entity.plan.EntityLoader - Static select for entity com.joseph.entity.Client [PESSIMISTIC_FORCE_INCREMENT]: select client0_.idclient as idclient1_0_0_, client0_.emailclient as emailcli2_0_0_, client0_.nameclient as nameclie3_0_0_ from client client0_ where client0_.idclient=? for update
12:16:43.913 [main] DEBUG org.hibernate.loader.plan.build.internal.spaces.QuerySpacesImpl - Adding QuerySpace : uid = <gen:0> -> org.hibernate.loader.plan.build.internal.spaces.EntityQuerySpaceImpl@26b95b0b]
12:16:43.913 [main] DEBUG org.hibernate.persister.walking.spi.MetamodelGraphWalker - Visiting attribute path : emailclient
12:16:43.913 [main] DEBUG org.hibernate.persister.walking.spi.MetamodelGraphWalker - Visiting attribute path : nameclient
12:16:43.913 [main] DEBUG org.hibernate.persister.walking.spi.MetamodelGraphWalker - Visiting attribute path : orders
12:16:43.913 [main] DEBUG org.hibernate.loader.plan.build.internal.spaces.QuerySpacesImpl - Adding QuerySpace : uid = <gen:1> -> org.hibernate.loader.plan.build.internal.spaces.CollectionQuerySpaceImpl@103082dd]
12:16:43.913 [main] DEBUG org.hibernate.loader.plan.build.internal.spaces.QuerySpacesImpl - Adding QuerySpace : uid = <gen:2> -> org.hibernate.loader.plan.build.internal.spaces.EntityQuerySpaceImpl@3a22bad6]
12:16:43.913 [main] DEBUG org.hibernate.loader.plan.build.internal.FetchStyleLoadPlanBuildingAssociationVisitationStrategy - Building LoadPlan...
12:16:43.913 [main] DEBUG org.hibernate.loader.plan.exec.internal.LoadQueryJoinAndFetchProcessor - processing queryspace <gen:0>
12:16:43.914 [main] DEBUG org.hibernate.loader.plan.build.spi.LoadPlanTreePrinter - LoadPlan(entity=com.joseph.entity.Client)
    - Returns
       - EntityReturnImpl(entity=com.joseph.entity.Client, querySpaceUid=<gen:0>, path=com.joseph.entity.Client)
          - CollectionAttributeFetchImpl(collection=com.joseph.entity.Client.orders, querySpaceUid=<gen:1>, path=com.joseph.entity.Client.orders)
             - (collection element) CollectionFetchableElementEntityGraph(entity=com.joseph.entity.Order, querySpaceUid=<gen:2>, path=com.joseph.entity.Client.orders.<elements>)
    - QuerySpaces
       - EntityQuerySpaceImpl(uid=<gen:0>, entity=com.joseph.entity.Client)
          - SQL table alias mapping - client0_
          - alias suffix - 0_
          - suffixed key columns - {idclient1_0_0_}

12:16:43.914 [main] DEBUG org.hibernate.loader.entity.plan.EntityLoader - Static select for entity com.joseph.entity.Client [OPTIMISTIC]: select client0_.idclient as idclient1_0_0_, client0_.emailclient as emailcli2_0_0_, client0_.nameclient as nameclie3_0_0_ from client client0_ where client0_.idclient=?
12:16:43.914 [main] DEBUG org.hibernate.loader.plan.build.internal.spaces.QuerySpacesImpl - Adding QuerySpace : uid = <gen:0> -> org.hibernate.loader.plan.build.internal.spaces.EntityQuerySpaceImpl@56afdf9a]
12:16:43.914 [main] DEBUG org.hibernate.persister.walking.spi.MetamodelGraphWalker - Visiting attribute path : emailclient
12:16:43.914 [main] DEBUG org.hibernate.persister.walking.spi.MetamodelGraphWalker - Visiting attribute path : nameclient
12:16:43.914 [main] DEBUG org.hibernate.persister.walking.spi.MetamodelGraphWalker - Visiting attribute path : orders
12:16:43.914 [main] DEBUG org.hibernate.loader.plan.build.internal.spaces.QuerySpacesImpl - Adding QuerySpace : uid = <gen:1> -> org.hibernate.loader.plan.build.internal.spaces.CollectionQuerySpaceImpl@70cccd8f]
12:16:43.914 [main] DEBUG org.hibernate.loader.plan.build.internal.spaces.QuerySpacesImpl - Adding QuerySpace : uid = <gen:2> -> org.hibernate.loader.plan.build.internal.spaces.EntityQuerySpaceImpl@5f172d4a]
12:16:43.914 [main] DEBUG org.hibernate.loader.plan.build.internal.FetchStyleLoadPlanBuildingAssociationVisitationStrategy - Building LoadPlan...
12:16:43.914 [main] DEBUG org.hibernate.loader.plan.exec.internal.LoadQueryJoinAndFetchProcessor - processing queryspace <gen:0>
12:16:43.915 [main] DEBUG org.hibernate.loader.plan.build.spi.LoadPlanTreePrinter - LoadPlan(entity=com.joseph.entity.Client)
    - Returns
       - EntityReturnImpl(entity=com.joseph.entity.Client, querySpaceUid=<gen:0>, path=com.joseph.entity.Client)
          - CollectionAttributeFetchImpl(collection=com.joseph.entity.Client.orders, querySpaceUid=<gen:1>, path=com.joseph.entity.Client.orders)
             - (collection element) CollectionFetchableElementEntityGraph(entity=com.joseph.entity.Order, querySpaceUid=<gen:2>, path=com.joseph.entity.Client.orders.<elements>)
    - QuerySpaces
       - EntityQuerySpaceImpl(uid=<gen:0>, entity=com.joseph.entity.Client)
          - SQL table alias mapping - client0_
          - alias suffix - 0_
          - suffixed key columns - {idclient1_0_0_}

12:16:43.915 [main] DEBUG org.hibernate.loader.entity.plan.EntityLoader - Static select for entity com.joseph.entity.Client [OPTIMISTIC_FORCE_INCREMENT]: select client0_.idclient as idclient1_0_0_, client0_.emailclient as emailcli2_0_0_, client0_.nameclient as nameclie3_0_0_ from client client0_ where client0_.idclient=?
12:16:43.939 [main] DEBUG org.hibernate.loader.Loader - Static select for action ACTION_MERGE on entity com.joseph.entity.Client: select client0_.idclient as idclient1_0_1_, client0_.emailclient as emailcli2_0_1_, client0_.nameclient as nameclie3_0_1_, orders1_.idclient as idclient5_1_3_, orders1_.idorder as idorder1_1_3_, orders1_.idorder as idorder1_1_0_, orders1_.idclient as idclient5_1_0_, orders1_.dateorder as dateorde2_1_0_, orders1_.statusorder as statusor3_1_0_, orders1_.totalorder as totalord4_1_0_ from client client0_ left outer join order_table orders1_ on client0_.idclient=orders1_.idclient where client0_.idclient=?
12:16:43.939 [main] DEBUG org.hibernate.loader.Loader - Static select for action ACTION_REFRESH on entity com.joseph.entity.Client: select client0_.idclient as idclient1_0_1_, client0_.emailclient as emailcli2_0_1_, client0_.nameclient as nameclie3_0_1_, orders1_.idclient as idclient5_1_3_, orders1_.idorder as idorder1_1_3_, orders1_.idorder as idorder1_1_0_, orders1_.idclient as idclient5_1_0_, orders1_.dateorder as dateorde2_1_0_, orders1_.statusorder as statusor3_1_0_, orders1_.totalorder as totalord4_1_0_ from client client0_ left outer join order_table orders1_ on client0_.idclient=orders1_.idclient where client0_.idclient=?
12:16:43.940 [main] DEBUG org.hibernate.persister.entity.AbstractEntityPersister - Static SQL for entity: com.joseph.entity.Order
12:16:43.940 [main] DEBUG org.hibernate.persister.entity.AbstractEntityPersister -  Version select: select idorder from order_table where idorder =?
12:16:43.940 [main] DEBUG org.hibernate.persister.entity.AbstractEntityPersister -  Snapshot select: select order_.idorder, order_.idclient as idclient5_1_, order_.dateorder as dateorde2_1_, order_.statusorder as statusor3_1_, order_.totalorder as totalord4_1_ from order_table order_ where order_.idorder=?
12:16:43.940 [main] DEBUG org.hibernate.persister.entity.AbstractEntityPersister -  Insert 0: insert into order_table (idclient, dateorder, statusorder, totalorder, idorder) values (?, ?, ?, ?, ?)
12:16:43.940 [main] DEBUG org.hibernate.persister.entity.AbstractEntityPersister -  Update 0: update order_table set idclient=?, dateorder=?, statusorder=?, totalorder=? where idorder=?
12:16:43.940 [main] DEBUG org.hibernate.persister.entity.AbstractEntityPersister -  Delete 0: delete from order_table where idorder=?
12:16:43.940 [main] DEBUG org.hibernate.persister.entity.AbstractEntityPersister -  Identity insert: insert into order_table (idclient, dateorder, statusorder, totalorder) values (?, ?, ?, ?)
12:16:43.940 [main] DEBUG org.hibernate.loader.plan.build.internal.spaces.QuerySpacesImpl - Adding QuerySpace : uid = <gen:0> -> org.hibernate.loader.plan.build.internal.spaces.EntityQuerySpaceImpl@10afe71a]
12:16:43.940 [main] DEBUG org.hibernate.persister.walking.spi.MetamodelGraphWalker - Visiting attribute path : client
12:16:43.941 [main] DEBUG org.hibernate.loader.plan.build.internal.spaces.QuerySpacesImpl - Adding QuerySpace : uid = <gen:1> -> org.hibernate.loader.plan.build.internal.spaces.EntityQuerySpaceImpl@212dfd39]
12:16:43.943 [main] DEBUG org.hibernate.persister.walking.spi.MetamodelGraphWalker - Visiting attribute path : client.emailclient
12:16:43.943 [main] DEBUG org.hibernate.persister.walking.spi.MetamodelGraphWalker - Visiting attribute path : client.nameclient
12:16:43.943 [main] DEBUG org.hibernate.persister.walking.spi.MetamodelGraphWalker - Visiting attribute path : client.orders
12:16:43.944 [main] DEBUG org.hibernate.persister.walking.spi.MetamodelGraphWalker - Property path deemed to be circular : client.orders
12:16:43.944 [main] DEBUG org.hibernate.persister.walking.spi.MetamodelGraphWalker - Visiting attribute path : dateorder
12:16:43.944 [main] DEBUG org.hibernate.persister.walking.spi.MetamodelGraphWalker - Visiting attribute path : orderItems
12:16:43.944 [main] DEBUG org.hibernate.loader.plan.build.internal.spaces.QuerySpacesImpl - Adding QuerySpace : uid = <gen:2> -> org.hibernate.loader.plan.build.internal.spaces.CollectionQuerySpaceImpl@17690e14]
12:16:43.944 [main] DEBUG org.hibernate.loader.plan.build.internal.spaces.QuerySpacesImpl - Adding QuerySpace : uid = <gen:3> -> org.hibernate.loader.plan.build.internal.spaces.EntityQuerySpaceImpl@6850b758]
12:16:43.944 [main] DEBUG org.hibernate.persister.walking.spi.MetamodelGraphWalker - Visiting attribute path : statusorder
12:16:43.944 [main] DEBUG org.hibernate.persister.walking.spi.MetamodelGraphWalker - Visiting attribute path : totalorder
12:16:43.944 [main] DEBUG org.hibernate.loader.plan.build.internal.FetchStyleLoadPlanBuildingAssociationVisitationStrategy - Building LoadPlan...
12:16:43.944 [main] DEBUG org.hibernate.loader.plan.exec.internal.LoadQueryJoinAndFetchProcessor - processing queryspace <gen:0>
12:16:43.945 [main] DEBUG org.hibernate.loader.plan.build.spi.LoadPlanTreePrinter - LoadPlan(entity=com.joseph.entity.Order)
    - Returns
       - EntityReturnImpl(entity=com.joseph.entity.Order, querySpaceUid=<gen:0>, path=com.joseph.entity.Order)
          - EntityAttributeFetchImpl(entity=com.joseph.entity.Client, querySpaceUid=<gen:1>, path=com.joseph.entity.Order.client)
          - CollectionAttributeFetchImpl(collection=com.joseph.entity.Order.orderItems, querySpaceUid=<gen:2>, path=com.joseph.entity.Order.orderItems)
             - (collection element) CollectionFetchableElementEntityGraph(entity=com.joseph.entity.OrderItem, querySpaceUid=<gen:3>, path=com.joseph.entity.Order.orderItems.<elements>)
    - QuerySpaces
       - EntityQuerySpaceImpl(uid=<gen:0>, entity=com.joseph.entity.Order)
          - SQL table alias mapping - order0_
          - alias suffix - 0_
          - suffixed key columns - {idorder1_1_0_}
          - JOIN (JoinDefinedByMetadata(client)) : <gen:0> -> <gen:1>
             - EntityQuerySpaceImpl(uid=<gen:1>, entity=com.joseph.entity.Client)
                - SQL table alias mapping - client1_
                - alias suffix - 1_
                - suffixed key columns - {idclient1_0_1_}

12:16:43.946 [main] DEBUG org.hibernate.loader.entity.plan.EntityLoader - Static select for entity com.joseph.entity.Order [NONE]: select order0_.idorder as idorder1_1_0_, order0_.idclient as idclient5_1_0_, order0_.dateorder as dateorde2_1_0_, order0_.statusorder as statusor3_1_0_, order0_.totalorder as totalord4_1_0_, client1_.idclient as idclient1_0_1_, client1_.emailclient as emailcli2_0_1_, client1_.nameclient as nameclie3_0_1_ from order_table order0_ left outer join client client1_ on order0_.idclient=client1_.idclient where order0_.idorder=?
12:16:43.946 [main] DEBUG org.hibernate.loader.plan.build.internal.spaces.QuerySpacesImpl - Adding QuerySpace : uid = <gen:0> -> org.hibernate.loader.plan.build.internal.spaces.EntityQuerySpaceImpl@2a2ef072]
12:16:43.946 [main] DEBUG org.hibernate.persister.walking.spi.MetamodelGraphWalker - Visiting attribute path : client
12:16:43.946 [main] DEBUG org.hibernate.loader.plan.build.internal.spaces.QuerySpacesImpl - Adding QuerySpace : uid = <gen:1> -> org.hibernate.loader.plan.build.internal.spaces.EntityQuerySpaceImpl@2f00f851]
12:16:43.946 [main] DEBUG org.hibernate.persister.walking.spi.MetamodelGraphWalker - Visiting attribute path : client.emailclient
12:16:43.946 [main] DEBUG org.hibernate.persister.walking.spi.MetamodelGraphWalker - Visiting attribute path : client.nameclient
12:16:43.946 [main] DEBUG org.hibernate.persister.walking.spi.MetamodelGraphWalker - Visiting attribute path : client.orders
12:16:43.946 [main] DEBUG org.hibernate.persister.walking.spi.MetamodelGraphWalker - Property path deemed to be circular : client.orders
12:16:43.946 [main] DEBUG org.hibernate.persister.walking.spi.MetamodelGraphWalker - Visiting attribute path : dateorder
12:16:43.946 [main] DEBUG org.hibernate.persister.walking.spi.MetamodelGraphWalker - Visiting attribute path : orderItems
12:16:43.947 [main] DEBUG org.hibernate.loader.plan.build.internal.spaces.QuerySpacesImpl - Adding QuerySpace : uid = <gen:2> -> org.hibernate.loader.plan.build.internal.spaces.CollectionQuerySpaceImpl@1f77b5cc]
12:16:43.947 [main] DEBUG org.hibernate.loader.plan.build.internal.spaces.QuerySpacesImpl - Adding QuerySpace : uid = <gen:3> -> org.hibernate.loader.plan.build.internal.spaces.EntityQuerySpaceImpl@5d7ca698]
12:16:43.947 [main] DEBUG org.hibernate.persister.walking.spi.MetamodelGraphWalker - Visiting attribute path : statusorder
12:16:43.947 [main] DEBUG org.hibernate.persister.walking.spi.MetamodelGraphWalker - Visiting attribute path : totalorder
12:16:43.947 [main] DEBUG org.hibernate.loader.plan.build.internal.FetchStyleLoadPlanBuildingAssociationVisitationStrategy - Building LoadPlan...
12:16:43.947 [main] DEBUG org.hibernate.loader.plan.exec.internal.LoadQueryJoinAndFetchProcessor - processing queryspace <gen:0>
12:16:43.948 [main] DEBUG org.hibernate.loader.plan.build.spi.LoadPlanTreePrinter - LoadPlan(entity=com.joseph.entity.Order)
    - Returns
       - EntityReturnImpl(entity=com.joseph.entity.Order, querySpaceUid=<gen:0>, path=com.joseph.entity.Order)
          - EntityAttributeFetchImpl(entity=com.joseph.entity.Client, querySpaceUid=<gen:1>, path=com.joseph.entity.Order.client)
          - CollectionAttributeFetchImpl(collection=com.joseph.entity.Order.orderItems, querySpaceUid=<gen:2>, path=com.joseph.entity.Order.orderItems)
             - (collection element) CollectionFetchableElementEntityGraph(entity=com.joseph.entity.OrderItem, querySpaceUid=<gen:3>, path=com.joseph.entity.Order.orderItems.<elements>)
    - QuerySpaces
       - EntityQuerySpaceImpl(uid=<gen:0>, entity=com.joseph.entity.Order)
          - SQL table alias mapping - order0_
          - alias suffix - 0_
          - suffixed key columns - {idorder1_1_0_}
          - JOIN (JoinDefinedByMetadata(client)) : <gen:0> -> <gen:1>
             - EntityQuerySpaceImpl(uid=<gen:1>, entity=com.joseph.entity.Client)
                - SQL table alias mapping - client1_
                - alias suffix - 1_
                - suffixed key columns - {idclient1_0_1_}

12:16:43.948 [main] DEBUG org.hibernate.loader.entity.plan.EntityLoader - Static select for entity com.joseph.entity.Order [READ]: select order0_.idorder as idorder1_1_0_, order0_.idclient as idclient5_1_0_, order0_.dateorder as dateorde2_1_0_, order0_.statusorder as statusor3_1_0_, order0_.totalorder as totalord4_1_0_, client1_.idclient as idclient1_0_1_, client1_.emailclient as emailcli2_0_1_, client1_.nameclient as nameclie3_0_1_ from order_table order0_ left outer join client client1_ on order0_.idclient=client1_.idclient where order0_.idorder=?
12:16:43.948 [main] DEBUG org.hibernate.loader.plan.build.internal.spaces.QuerySpacesImpl - Adding QuerySpace : uid = <gen:0> -> org.hibernate.loader.plan.build.internal.spaces.EntityQuerySpaceImpl@75961f16]
12:16:43.948 [main] DEBUG org.hibernate.persister.walking.spi.MetamodelGraphWalker - Visiting attribute path : client
12:16:43.948 [main] DEBUG org.hibernate.loader.plan.build.internal.spaces.QuerySpacesImpl - Adding QuerySpace : uid = <gen:1> -> org.hibernate.loader.plan.build.internal.spaces.EntityQuerySpaceImpl@2e179f3e]
12:16:43.948 [main] DEBUG org.hibernate.persister.walking.spi.MetamodelGraphWalker - Visiting attribute path : dateorder
12:16:43.948 [main] DEBUG org.hibernate.persister.walking.spi.MetamodelGraphWalker - Visiting attribute path : orderItems
12:16:43.948 [main] DEBUG org.hibernate.loader.plan.build.internal.spaces.QuerySpacesImpl - Adding QuerySpace : uid = <gen:2> -> org.hibernate.loader.plan.build.internal.spaces.CollectionQuerySpaceImpl@16e7b402]
12:16:43.948 [main] DEBUG org.hibernate.loader.plan.build.internal.spaces.QuerySpacesImpl - Adding QuerySpace : uid = <gen:3> -> org.hibernate.loader.plan.build.internal.spaces.EntityQuerySpaceImpl@534c6767]
12:16:43.948 [main] DEBUG org.hibernate.persister.walking.spi.MetamodelGraphWalker - Visiting attribute path : statusorder
12:16:43.948 [main] DEBUG org.hibernate.persister.walking.spi.MetamodelGraphWalker - Visiting attribute path : totalorder
12:16:43.948 [main] DEBUG org.hibernate.loader.plan.build.internal.FetchStyleLoadPlanBuildingAssociationVisitationStrategy - Building LoadPlan...
12:16:43.948 [main] DEBUG org.hibernate.loader.plan.exec.internal.LoadQueryJoinAndFetchProcessor - processing queryspace <gen:0>
12:16:43.949 [main] DEBUG org.hibernate.loader.plan.build.spi.LoadPlanTreePrinter - LoadPlan(entity=com.joseph.entity.Order)
    - Returns
       - EntityReturnImpl(entity=com.joseph.entity.Order, querySpaceUid=<gen:0>, path=com.joseph.entity.Order)
          - EntityAttributeFetchImpl(entity=com.joseph.entity.Client, querySpaceUid=<gen:1>, path=com.joseph.entity.Order.client)
          - CollectionAttributeFetchImpl(collection=com.joseph.entity.Order.orderItems, querySpaceUid=<gen:2>, path=com.joseph.entity.Order.orderItems)
             - (collection element) CollectionFetchableElementEntityGraph(entity=com.joseph.entity.OrderItem, querySpaceUid=<gen:3>, path=com.joseph.entity.Order.orderItems.<elements>)
    - QuerySpaces
       - EntityQuerySpaceImpl(uid=<gen:0>, entity=com.joseph.entity.Order)
          - SQL table alias mapping - order0_
          - alias suffix - 0_
          - suffixed key columns - {idorder1_1_0_}

12:16:43.949 [main] DEBUG org.hibernate.loader.entity.plan.EntityLoader - Static select for entity com.joseph.entity.Order [UPGRADE]: select order0_.idorder as idorder1_1_0_, order0_.idclient as idclient5_1_0_, order0_.dateorder as dateorde2_1_0_, order0_.statusorder as statusor3_1_0_, order0_.totalorder as totalord4_1_0_ from order_table order0_ where order0_.idorder=? for update
12:16:43.949 [main] DEBUG org.hibernate.loader.plan.build.internal.spaces.QuerySpacesImpl - Adding QuerySpace : uid = <gen:0> -> org.hibernate.loader.plan.build.internal.spaces.EntityQuerySpaceImpl@3bddc676]
12:16:43.949 [main] DEBUG org.hibernate.persister.walking.spi.MetamodelGraphWalker - Visiting attribute path : client
12:16:43.949 [main] DEBUG org.hibernate.loader.plan.build.internal.spaces.QuerySpacesImpl - Adding QuerySpace : uid = <gen:1> -> org.hibernate.loader.plan.build.internal.spaces.EntityQuerySpaceImpl@24db6ce]
12:16:43.949 [main] DEBUG org.hibernate.persister.walking.spi.MetamodelGraphWalker - Visiting attribute path : dateorder
12:16:43.949 [main] DEBUG org.hibernate.persister.walking.spi.MetamodelGraphWalker - Visiting attribute path : orderItems
12:16:43.949 [main] DEBUG org.hibernate.loader.plan.build.internal.spaces.QuerySpacesImpl - Adding QuerySpace : uid = <gen:2> -> org.hibernate.loader.plan.build.internal.spaces.CollectionQuerySpaceImpl@320a8ebf]
12:16:43.949 [main] DEBUG org.hibernate.loader.plan.build.internal.spaces.QuerySpacesImpl - Adding QuerySpace : uid = <gen:3> -> org.hibernate.loader.plan.build.internal.spaces.EntityQuerySpaceImpl@67b100fe]
12:16:43.949 [main] DEBUG org.hibernate.persister.walking.spi.MetamodelGraphWalker - Visiting attribute path : statusorder
12:16:43.949 [main] DEBUG org.hibernate.persister.walking.spi.MetamodelGraphWalker - Visiting attribute path : totalorder
12:16:43.949 [main] DEBUG org.hibernate.loader.plan.build.internal.FetchStyleLoadPlanBuildingAssociationVisitationStrategy - Building LoadPlan...
12:16:43.950 [main] DEBUG org.hibernate.loader.plan.exec.internal.LoadQueryJoinAndFetchProcessor - processing queryspace <gen:0>
12:16:43.950 [main] DEBUG org.hibernate.loader.plan.build.spi.LoadPlanTreePrinter - LoadPlan(entity=com.joseph.entity.Order)
    - Returns
       - EntityReturnImpl(entity=com.joseph.entity.Order, querySpaceUid=<gen:0>, path=com.joseph.entity.Order)
          - EntityAttributeFetchImpl(entity=com.joseph.entity.Client, querySpaceUid=<gen:1>, path=com.joseph.entity.Order.client)
          - CollectionAttributeFetchImpl(collection=com.joseph.entity.Order.orderItems, querySpaceUid=<gen:2>, path=com.joseph.entity.Order.orderItems)
             - (collection element) CollectionFetchableElementEntityGraph(entity=com.joseph.entity.OrderItem, querySpaceUid=<gen:3>, path=com.joseph.entity.Order.orderItems.<elements>)
    - QuerySpaces
       - EntityQuerySpaceImpl(uid=<gen:0>, entity=com.joseph.entity.Order)
          - SQL table alias mapping - order0_
          - alias suffix - 0_
          - suffixed key columns - {idorder1_1_0_}

12:16:43.950 [main] DEBUG org.hibernate.loader.entity.plan.EntityLoader - Static select for entity com.joseph.entity.Order [UPGRADE_NOWAIT]: select order0_.idorder as idorder1_1_0_, order0_.idclient as idclient5_1_0_, order0_.dateorder as dateorde2_1_0_, order0_.statusorder as statusor3_1_0_, order0_.totalorder as totalord4_1_0_ from order_table order0_ where order0_.idorder=? for update
12:16:43.950 [main] DEBUG org.hibernate.loader.plan.build.internal.spaces.QuerySpacesImpl - Adding QuerySpace : uid = <gen:0> -> org.hibernate.loader.plan.build.internal.spaces.EntityQuerySpaceImpl@44b18fe4]
12:16:43.951 [main] DEBUG org.hibernate.persister.walking.spi.MetamodelGraphWalker - Visiting attribute path : client
12:16:43.951 [main] DEBUG org.hibernate.loader.plan.build.internal.spaces.QuerySpacesImpl - Adding QuerySpace : uid = <gen:1> -> org.hibernate.loader.plan.build.internal.spaces.EntityQuerySpaceImpl@4d3ca6c7]
12:16:43.951 [main] DEBUG org.hibernate.persister.walking.spi.MetamodelGraphWalker - Visiting attribute path : dateorder
12:16:43.951 [main] DEBUG org.hibernate.persister.walking.spi.MetamodelGraphWalker - Visiting attribute path : orderItems
12:16:43.951 [main] DEBUG org.hibernate.loader.plan.build.internal.spaces.QuerySpacesImpl - Adding QuerySpace : uid = <gen:2> -> org.hibernate.loader.plan.build.internal.spaces.CollectionQuerySpaceImpl@22e5f96e]
12:16:43.951 [main] DEBUG org.hibernate.loader.plan.build.internal.spaces.QuerySpacesImpl - Adding QuerySpace : uid = <gen:3> -> org.hibernate.loader.plan.build.internal.spaces.EntityQuerySpaceImpl@6a638c79]
12:16:43.951 [main] DEBUG org.hibernate.persister.walking.spi.MetamodelGraphWalker - Visiting attribute path : statusorder
12:16:43.951 [main] DEBUG org.hibernate.persister.walking.spi.MetamodelGraphWalker - Visiting attribute path : totalorder
12:16:43.951 [main] DEBUG org.hibernate.loader.plan.build.internal.FetchStyleLoadPlanBuildingAssociationVisitationStrategy - Building LoadPlan...
12:16:43.951 [main] DEBUG org.hibernate.loader.plan.exec.internal.LoadQueryJoinAndFetchProcessor - processing queryspace <gen:0>
12:16:43.952 [main] DEBUG org.hibernate.loader.plan.build.spi.LoadPlanTreePrinter - LoadPlan(entity=com.joseph.entity.Order)
    - Returns
       - EntityReturnImpl(entity=com.joseph.entity.Order, querySpaceUid=<gen:0>, path=com.joseph.entity.Order)
          - EntityAttributeFetchImpl(entity=com.joseph.entity.Client, querySpaceUid=<gen:1>, path=com.joseph.entity.Order.client)
          - CollectionAttributeFetchImpl(collection=com.joseph.entity.Order.orderItems, querySpaceUid=<gen:2>, path=com.joseph.entity.Order.orderItems)
             - (collection element) CollectionFetchableElementEntityGraph(entity=com.joseph.entity.OrderItem, querySpaceUid=<gen:3>, path=com.joseph.entity.Order.orderItems.<elements>)
    - QuerySpaces
       - EntityQuerySpaceImpl(uid=<gen:0>, entity=com.joseph.entity.Order)
          - SQL table alias mapping - order0_
          - alias suffix - 0_
          - suffixed key columns - {idorder1_1_0_}

12:16:43.952 [main] DEBUG org.hibernate.loader.entity.plan.EntityLoader - Static select for entity com.joseph.entity.Order [UPGRADE_SKIPLOCKED]: select order0_.idorder as idorder1_1_0_, order0_.idclient as idclient5_1_0_, order0_.dateorder as dateorde2_1_0_, order0_.statusorder as statusor3_1_0_, order0_.totalorder as totalord4_1_0_ from order_table order0_ where order0_.idorder=? for update
12:16:43.952 [main] DEBUG org.hibernate.loader.plan.build.internal.spaces.QuerySpacesImpl - Adding QuerySpace : uid = <gen:0> -> org.hibernate.loader.plan.build.internal.spaces.EntityQuerySpaceImpl@6c931d35]
12:16:43.952 [main] DEBUG org.hibernate.persister.walking.spi.MetamodelGraphWalker - Visiting attribute path : client
12:16:43.952 [main] DEBUG org.hibernate.loader.plan.build.internal.spaces.QuerySpacesImpl - Adding QuerySpace : uid = <gen:1> -> org.hibernate.loader.plan.build.internal.spaces.EntityQuerySpaceImpl@49122b8f]
12:16:43.952 [main] DEBUG org.hibernate.persister.walking.spi.MetamodelGraphWalker - Visiting attribute path : dateorder
12:16:43.952 [main] DEBUG org.hibernate.persister.walking.spi.MetamodelGraphWalker - Visiting attribute path : orderItems
12:16:43.952 [main] DEBUG org.hibernate.loader.plan.build.internal.spaces.QuerySpacesImpl - Adding QuerySpace : uid = <gen:2> -> org.hibernate.loader.plan.build.internal.spaces.CollectionQuerySpaceImpl@3fe46690]
12:16:43.952 [main] DEBUG org.hibernate.loader.plan.build.internal.spaces.QuerySpacesImpl - Adding QuerySpace : uid = <gen:3> -> org.hibernate.loader.plan.build.internal.spaces.EntityQuerySpaceImpl@4beabeec]
12:16:43.952 [main] DEBUG org.hibernate.persister.walking.spi.MetamodelGraphWalker - Visiting attribute path : statusorder
12:16:43.952 [main] DEBUG org.hibernate.persister.walking.spi.MetamodelGraphWalker - Visiting attribute path : totalorder
12:16:43.953 [main] DEBUG org.hibernate.loader.plan.build.internal.FetchStyleLoadPlanBuildingAssociationVisitationStrategy - Building LoadPlan...
12:16:43.953 [main] DEBUG org.hibernate.loader.plan.exec.internal.LoadQueryJoinAndFetchProcessor - processing queryspace <gen:0>
12:16:43.953 [main] DEBUG org.hibernate.loader.plan.build.spi.LoadPlanTreePrinter - LoadPlan(entity=com.joseph.entity.Order)
    - Returns
       - EntityReturnImpl(entity=com.joseph.entity.Order, querySpaceUid=<gen:0>, path=com.joseph.entity.Order)
          - EntityAttributeFetchImpl(entity=com.joseph.entity.Client, querySpaceUid=<gen:1>, path=com.joseph.entity.Order.client)
          - CollectionAttributeFetchImpl(collection=com.joseph.entity.Order.orderItems, querySpaceUid=<gen:2>, path=com.joseph.entity.Order.orderItems)
             - (collection element) CollectionFetchableElementEntityGraph(entity=com.joseph.entity.OrderItem, querySpaceUid=<gen:3>, path=com.joseph.entity.Order.orderItems.<elements>)
    - QuerySpaces
       - EntityQuerySpaceImpl(uid=<gen:0>, entity=com.joseph.entity.Order)
          - SQL table alias mapping - order0_
          - alias suffix - 0_
          - suffixed key columns - {idorder1_1_0_}

12:16:43.953 [main] DEBUG org.hibernate.loader.entity.plan.EntityLoader - Static select for entity com.joseph.entity.Order [FORCE]: select order0_.idorder as idorder1_1_0_, order0_.idclient as idclient5_1_0_, order0_.dateorder as dateorde2_1_0_, order0_.statusorder as statusor3_1_0_, order0_.totalorder as totalord4_1_0_ from order_table order0_ where order0_.idorder=? for update
12:16:43.953 [main] DEBUG org.hibernate.loader.plan.build.internal.spaces.QuerySpacesImpl - Adding QuerySpace : uid = <gen:0> -> org.hibernate.loader.plan.build.internal.spaces.EntityQuerySpaceImpl@3b4d50b]
12:16:43.953 [main] DEBUG org.hibernate.persister.walking.spi.MetamodelGraphWalker - Visiting attribute path : client
12:16:43.953 [main] DEBUG org.hibernate.loader.plan.build.internal.spaces.QuerySpacesImpl - Adding QuerySpace : uid = <gen:1> -> org.hibernate.loader.plan.build.internal.spaces.EntityQuerySpaceImpl@476ee5b3]
12:16:43.953 [main] DEBUG org.hibernate.persister.walking.spi.MetamodelGraphWalker - Visiting attribute path : dateorder
12:16:43.953 [main] DEBUG org.hibernate.persister.walking.spi.MetamodelGraphWalker - Visiting attribute path : orderItems
12:16:43.953 [main] DEBUG org.hibernate.loader.plan.build.internal.spaces.QuerySpacesImpl - Adding QuerySpace : uid = <gen:2> -> org.hibernate.loader.plan.build.internal.spaces.CollectionQuerySpaceImpl@59ed3e6c]
12:16:43.954 [main] DEBUG org.hibernate.loader.plan.build.internal.spaces.QuerySpacesImpl - Adding QuerySpace : uid = <gen:3> -> org.hibernate.loader.plan.build.internal.spaces.EntityQuerySpaceImpl@7cd4a4d7]
12:16:43.954 [main] DEBUG org.hibernate.persister.walking.spi.MetamodelGraphWalker - Visiting attribute path : statusorder
12:16:43.954 [main] DEBUG org.hibernate.persister.walking.spi.MetamodelGraphWalker - Visiting attribute path : totalorder
12:16:43.954 [main] DEBUG org.hibernate.loader.plan.build.internal.FetchStyleLoadPlanBuildingAssociationVisitationStrategy - Building LoadPlan...
12:16:43.954 [main] DEBUG org.hibernate.loader.plan.exec.internal.LoadQueryJoinAndFetchProcessor - processing queryspace <gen:0>
12:16:43.958 [main] DEBUG org.hibernate.loader.plan.build.spi.LoadPlanTreePrinter - LoadPlan(entity=com.joseph.entity.Order)
    - Returns
       - EntityReturnImpl(entity=com.joseph.entity.Order, querySpaceUid=<gen:0>, path=com.joseph.entity.Order)
          - EntityAttributeFetchImpl(entity=com.joseph.entity.Client, querySpaceUid=<gen:1>, path=com.joseph.entity.Order.client)
          - CollectionAttributeFetchImpl(collection=com.joseph.entity.Order.orderItems, querySpaceUid=<gen:2>, path=com.joseph.entity.Order.orderItems)
             - (collection element) CollectionFetchableElementEntityGraph(entity=com.joseph.entity.OrderItem, querySpaceUid=<gen:3>, path=com.joseph.entity.Order.orderItems.<elements>)
    - QuerySpaces
       - EntityQuerySpaceImpl(uid=<gen:0>, entity=com.joseph.entity.Order)
          - SQL table alias mapping - order0_
          - alias suffix - 0_
          - suffixed key columns - {idorder1_1_0_}

12:16:43.959 [main] DEBUG org.hibernate.loader.entity.plan.EntityLoader - Static select for entity com.joseph.entity.Order [PESSIMISTIC_READ]: select order0_.idorder as idorder1_1_0_, order0_.idclient as idclient5_1_0_, order0_.dateorder as dateorde2_1_0_, order0_.statusorder as statusor3_1_0_, order0_.totalorder as totalord4_1_0_ from order_table order0_ where order0_.idorder=? lock in share mode
12:16:43.959 [main] DEBUG org.hibernate.loader.plan.build.internal.spaces.QuerySpacesImpl - Adding QuerySpace : uid = <gen:0> -> org.hibernate.loader.plan.build.internal.spaces.EntityQuerySpaceImpl@317e9c3c]
12:16:43.959 [main] DEBUG org.hibernate.persister.walking.spi.MetamodelGraphWalker - Visiting attribute path : client
12:16:43.959 [main] DEBUG org.hibernate.loader.plan.build.internal.spaces.QuerySpacesImpl - Adding QuerySpace : uid = <gen:1> -> org.hibernate.loader.plan.build.internal.spaces.EntityQuerySpaceImpl@31a3f4de]
12:16:43.960 [main] DEBUG org.hibernate.persister.walking.spi.MetamodelGraphWalker - Visiting attribute path : dateorder
12:16:43.960 [main] DEBUG org.hibernate.persister.walking.spi.MetamodelGraphWalker - Visiting attribute path : orderItems
12:16:43.960 [main] DEBUG org.hibernate.loader.plan.build.internal.spaces.QuerySpacesImpl - Adding QuerySpace : uid = <gen:2> -> org.hibernate.loader.plan.build.internal.spaces.CollectionQuerySpaceImpl@68880c21]
12:16:43.960 [main] DEBUG org.hibernate.loader.plan.build.internal.spaces.QuerySpacesImpl - Adding QuerySpace : uid = <gen:3> -> org.hibernate.loader.plan.build.internal.spaces.EntityQuerySpaceImpl@2dd2e270]
12:16:43.960 [main] DEBUG org.hibernate.persister.walking.spi.MetamodelGraphWalker - Visiting attribute path : statusorder
12:16:43.960 [main] DEBUG org.hibernate.persister.walking.spi.MetamodelGraphWalker - Visiting attribute path : totalorder
12:16:43.960 [main] DEBUG org.hibernate.loader.plan.build.internal.FetchStyleLoadPlanBuildingAssociationVisitationStrategy - Building LoadPlan...
12:16:43.961 [main] DEBUG org.hibernate.loader.plan.exec.internal.LoadQueryJoinAndFetchProcessor - processing queryspace <gen:0>
12:16:43.961 [main] DEBUG org.hibernate.loader.plan.build.spi.LoadPlanTreePrinter - LoadPlan(entity=com.joseph.entity.Order)
    - Returns
       - EntityReturnImpl(entity=com.joseph.entity.Order, querySpaceUid=<gen:0>, path=com.joseph.entity.Order)
          - EntityAttributeFetchImpl(entity=com.joseph.entity.Client, querySpaceUid=<gen:1>, path=com.joseph.entity.Order.client)
          - CollectionAttributeFetchImpl(collection=com.joseph.entity.Order.orderItems, querySpaceUid=<gen:2>, path=com.joseph.entity.Order.orderItems)
             - (collection element) CollectionFetchableElementEntityGraph(entity=com.joseph.entity.OrderItem, querySpaceUid=<gen:3>, path=com.joseph.entity.Order.orderItems.<elements>)
    - QuerySpaces
       - EntityQuerySpaceImpl(uid=<gen:0>, entity=com.joseph.entity.Order)
          - SQL table alias mapping - order0_
          - alias suffix - 0_
          - suffixed key columns - {idorder1_1_0_}

12:16:43.962 [main] DEBUG org.hibernate.loader.entity.plan.EntityLoader - Static select for entity com.joseph.entity.Order [PESSIMISTIC_WRITE]: select order0_.idorder as idorder1_1_0_, order0_.idclient as idclient5_1_0_, order0_.dateorder as dateorde2_1_0_, order0_.statusorder as statusor3_1_0_, order0_.totalorder as totalord4_1_0_ from order_table order0_ where order0_.idorder=? for update
12:16:43.962 [main] DEBUG org.hibernate.loader.plan.build.internal.spaces.QuerySpacesImpl - Adding QuerySpace : uid = <gen:0> -> org.hibernate.loader.plan.build.internal.spaces.EntityQuerySpaceImpl@4195105b]
12:16:43.962 [main] DEBUG org.hibernate.persister.walking.spi.MetamodelGraphWalker - Visiting attribute path : client
12:16:43.962 [main] DEBUG org.hibernate.loader.plan.build.internal.spaces.QuerySpacesImpl - Adding QuerySpace : uid = <gen:1> -> org.hibernate.loader.plan.build.internal.spaces.EntityQuerySpaceImpl@47ffe971]
12:16:43.962 [main] DEBUG org.hibernate.persister.walking.spi.MetamodelGraphWalker - Visiting attribute path : dateorder
12:16:43.962 [main] DEBUG org.hibernate.persister.walking.spi.MetamodelGraphWalker - Visiting attribute path : orderItems
12:16:43.963 [main] DEBUG org.hibernate.loader.plan.build.internal.spaces.QuerySpacesImpl - Adding QuerySpace : uid = <gen:2> -> org.hibernate.loader.plan.build.internal.spaces.CollectionQuerySpaceImpl@7d04529c]
12:16:43.963 [main] DEBUG org.hibernate.loader.plan.build.internal.spaces.QuerySpacesImpl - Adding QuerySpace : uid = <gen:3> -> org.hibernate.loader.plan.build.internal.spaces.EntityQuerySpaceImpl@14fa92af]
12:16:43.963 [main] DEBUG org.hibernate.persister.walking.spi.MetamodelGraphWalker - Visiting attribute path : statusorder
12:16:43.963 [main] DEBUG org.hibernate.persister.walking.spi.MetamodelGraphWalker - Visiting attribute path : totalorder
12:16:43.963 [main] DEBUG org.hibernate.loader.plan.build.internal.FetchStyleLoadPlanBuildingAssociationVisitationStrategy - Building LoadPlan...
12:16:43.964 [main] DEBUG org.hibernate.loader.plan.exec.internal.LoadQueryJoinAndFetchProcessor - processing queryspace <gen:0>
12:16:43.964 [main] DEBUG org.hibernate.loader.plan.build.spi.LoadPlanTreePrinter - LoadPlan(entity=com.joseph.entity.Order)
    - Returns
       - EntityReturnImpl(entity=com.joseph.entity.Order, querySpaceUid=<gen:0>, path=com.joseph.entity.Order)
          - EntityAttributeFetchImpl(entity=com.joseph.entity.Client, querySpaceUid=<gen:1>, path=com.joseph.entity.Order.client)
          - CollectionAttributeFetchImpl(collection=com.joseph.entity.Order.orderItems, querySpaceUid=<gen:2>, path=com.joseph.entity.Order.orderItems)
             - (collection element) CollectionFetchableElementEntityGraph(entity=com.joseph.entity.OrderItem, querySpaceUid=<gen:3>, path=com.joseph.entity.Order.orderItems.<elements>)
    - QuerySpaces
       - EntityQuerySpaceImpl(uid=<gen:0>, entity=com.joseph.entity.Order)
          - SQL table alias mapping - order0_
          - alias suffix - 0_
          - suffixed key columns - {idorder1_1_0_}

12:16:43.965 [main] DEBUG org.hibernate.loader.entity.plan.EntityLoader - Static select for entity com.joseph.entity.Order [PESSIMISTIC_FORCE_INCREMENT]: select order0_.idorder as idorder1_1_0_, order0_.idclient as idclient5_1_0_, order0_.dateorder as dateorde2_1_0_, order0_.statusorder as statusor3_1_0_, order0_.totalorder as totalord4_1_0_ from order_table order0_ where order0_.idorder=? for update
12:16:43.965 [main] DEBUG org.hibernate.loader.plan.build.internal.spaces.QuerySpacesImpl - Adding QuerySpace : uid = <gen:0> -> org.hibernate.loader.plan.build.internal.spaces.EntityQuerySpaceImpl@b16e202]
12:16:43.965 [main] DEBUG org.hibernate.persister.walking.spi.MetamodelGraphWalker - Visiting attribute path : client
12:16:43.965 [main] DEBUG org.hibernate.loader.plan.build.internal.spaces.QuerySpacesImpl - Adding QuerySpace : uid = <gen:1> -> org.hibernate.loader.plan.build.internal.spaces.EntityQuerySpaceImpl@6cd5122d]
12:16:43.965 [main] DEBUG org.hibernate.persister.walking.spi.MetamodelGraphWalker - Visiting attribute path : dateorder
12:16:43.965 [main] DEBUG org.hibernate.persister.walking.spi.MetamodelGraphWalker - Visiting attribute path : orderItems
12:16:43.966 [main] DEBUG org.hibernate.loader.plan.build.internal.spaces.QuerySpacesImpl - Adding QuerySpace : uid = <gen:2> -> org.hibernate.loader.plan.build.internal.spaces.CollectionQuerySpaceImpl@2c7a8af2]
12:16:43.966 [main] DEBUG org.hibernate.loader.plan.build.internal.spaces.QuerySpacesImpl - Adding QuerySpace : uid = <gen:3> -> org.hibernate.loader.plan.build.internal.spaces.EntityQuerySpaceImpl@10c07b8d]
12:16:43.966 [main] DEBUG org.hibernate.persister.walking.spi.MetamodelGraphWalker - Visiting attribute path : statusorder
12:16:43.966 [main] DEBUG org.hibernate.persister.walking.spi.MetamodelGraphWalker - Visiting attribute path : totalorder
12:16:43.966 [main] DEBUG org.hibernate.loader.plan.build.internal.FetchStyleLoadPlanBuildingAssociationVisitationStrategy - Building LoadPlan...
12:16:43.967 [main] DEBUG org.hibernate.loader.plan.exec.internal.LoadQueryJoinAndFetchProcessor - processing queryspace <gen:0>
12:16:43.968 [main] DEBUG org.hibernate.loader.plan.build.spi.LoadPlanTreePrinter - LoadPlan(entity=com.joseph.entity.Order)
    - Returns
       - EntityReturnImpl(entity=com.joseph.entity.Order, querySpaceUid=<gen:0>, path=com.joseph.entity.Order)
          - EntityAttributeFetchImpl(entity=com.joseph.entity.Client, querySpaceUid=<gen:1>, path=com.joseph.entity.Order.client)
          - CollectionAttributeFetchImpl(collection=com.joseph.entity.Order.orderItems, querySpaceUid=<gen:2>, path=com.joseph.entity.Order.orderItems)
             - (collection element) CollectionFetchableElementEntityGraph(entity=com.joseph.entity.OrderItem, querySpaceUid=<gen:3>, path=com.joseph.entity.Order.orderItems.<elements>)
    - QuerySpaces
       - EntityQuerySpaceImpl(uid=<gen:0>, entity=com.joseph.entity.Order)
          - SQL table alias mapping - order0_
          - alias suffix - 0_
          - suffixed key columns - {idorder1_1_0_}

12:16:43.968 [main] DEBUG org.hibernate.loader.entity.plan.EntityLoader - Static select for entity com.joseph.entity.Order [OPTIMISTIC]: select order0_.idorder as idorder1_1_0_, order0_.idclient as idclient5_1_0_, order0_.dateorder as dateorde2_1_0_, order0_.statusorder as statusor3_1_0_, order0_.totalorder as totalord4_1_0_ from order_table order0_ where order0_.idorder=?
12:16:43.969 [main] DEBUG org.hibernate.loader.plan.build.internal.spaces.QuerySpacesImpl - Adding QuerySpace : uid = <gen:0> -> org.hibernate.loader.plan.build.internal.spaces.EntityQuerySpaceImpl@720bf653]
12:16:43.969 [main] DEBUG org.hibernate.persister.walking.spi.MetamodelGraphWalker - Visiting attribute path : client
12:16:43.969 [main] DEBUG org.hibernate.loader.plan.build.internal.spaces.QuerySpacesImpl - Adding QuerySpace : uid = <gen:1> -> org.hibernate.loader.plan.build.internal.spaces.EntityQuerySpaceImpl@4edef76c]
12:16:43.969 [main] DEBUG org.hibernate.persister.walking.spi.MetamodelGraphWalker - Visiting attribute path : dateorder
12:16:43.969 [main] DEBUG org.hibernate.persister.walking.spi.MetamodelGraphWalker - Visiting attribute path : orderItems
12:16:43.969 [main] DEBUG org.hibernate.loader.plan.build.internal.spaces.QuerySpacesImpl - Adding QuerySpace : uid = <gen:2> -> org.hibernate.loader.plan.build.internal.spaces.CollectionQuerySpaceImpl@5d51e129]
12:16:43.969 [main] DEBUG org.hibernate.loader.plan.build.internal.spaces.QuerySpacesImpl - Adding QuerySpace : uid = <gen:3> -> org.hibernate.loader.plan.build.internal.spaces.EntityQuerySpaceImpl@70c53dbe]
12:16:43.970 [main] DEBUG org.hibernate.persister.walking.spi.MetamodelGraphWalker - Visiting attribute path : statusorder
12:16:43.970 [main] DEBUG org.hibernate.persister.walking.spi.MetamodelGraphWalker - Visiting attribute path : totalorder
12:16:43.970 [main] DEBUG org.hibernate.loader.plan.build.internal.FetchStyleLoadPlanBuildingAssociationVisitationStrategy - Building LoadPlan...
12:16:43.970 [main] DEBUG org.hibernate.loader.plan.exec.internal.LoadQueryJoinAndFetchProcessor - processing queryspace <gen:0>
12:16:43.971 [main] DEBUG org.hibernate.loader.plan.build.spi.LoadPlanTreePrinter - LoadPlan(entity=com.joseph.entity.Order)
    - Returns
       - EntityReturnImpl(entity=com.joseph.entity.Order, querySpaceUid=<gen:0>, path=com.joseph.entity.Order)
          - EntityAttributeFetchImpl(entity=com.joseph.entity.Client, querySpaceUid=<gen:1>, path=com.joseph.entity.Order.client)
          - CollectionAttributeFetchImpl(collection=com.joseph.entity.Order.orderItems, querySpaceUid=<gen:2>, path=com.joseph.entity.Order.orderItems)
             - (collection element) CollectionFetchableElementEntityGraph(entity=com.joseph.entity.OrderItem, querySpaceUid=<gen:3>, path=com.joseph.entity.Order.orderItems.<elements>)
    - QuerySpaces
       - EntityQuerySpaceImpl(uid=<gen:0>, entity=com.joseph.entity.Order)
          - SQL table alias mapping - order0_
          - alias suffix - 0_
          - suffixed key columns - {idorder1_1_0_}

12:16:43.971 [main] DEBUG org.hibernate.loader.entity.plan.EntityLoader - Static select for entity com.joseph.entity.Order [OPTIMISTIC_FORCE_INCREMENT]: select order0_.idorder as idorder1_1_0_, order0_.idclient as idclient5_1_0_, order0_.dateorder as dateorde2_1_0_, order0_.statusorder as statusor3_1_0_, order0_.totalorder as totalord4_1_0_ from order_table order0_ where order0_.idorder=?
12:16:43.972 [main] DEBUG org.hibernate.loader.Loader - Static select for action ACTION_MERGE on entity com.joseph.entity.Order: select order0_.idorder as idorder1_1_1_, order0_.idclient as idclient5_1_1_, order0_.dateorder as dateorde2_1_1_, order0_.statusorder as statusor3_1_1_, order0_.totalorder as totalord4_1_1_, orderitems1_.idorder as idorder3_2_3_, orderitems1_.id as id1_2_3_, orderitems1_.id as id1_2_0_, orderitems1_.idorder as idorder3_2_0_, orderitems1_.idproduct as idproduc4_2_0_, orderitems1_.quantity as quantity2_2_0_ from order_table order0_ left outer join orderitems orderitems1_ on order0_.idorder=orderitems1_.idorder where order0_.idorder=?
12:16:43.973 [main] DEBUG org.hibernate.loader.Loader - Static select for action ACTION_REFRESH on entity com.joseph.entity.Order: select order0_.idorder as idorder1_1_1_, order0_.idclient as idclient5_1_1_, order0_.dateorder as dateorde2_1_1_, order0_.statusorder as statusor3_1_1_, order0_.totalorder as totalord4_1_1_, orderitems1_.idorder as idorder3_2_3_, orderitems1_.id as id1_2_3_, orderitems1_.id as id1_2_0_, orderitems1_.idorder as idorder3_2_0_, orderitems1_.idproduct as idproduc4_2_0_, orderitems1_.quantity as quantity2_2_0_ from order_table order0_ left outer join orderitems orderitems1_ on order0_.idorder=orderitems1_.idorder where order0_.idorder=?
12:16:43.974 [main] DEBUG org.hibernate.persister.entity.AbstractEntityPersister - Static SQL for entity: com.joseph.entity.Product
12:16:43.974 [main] DEBUG org.hibernate.persister.entity.AbstractEntityPersister -  Version select: select idproduct from Product where idproduct =?
12:16:43.974 [main] DEBUG org.hibernate.persister.entity.AbstractEntityPersister -  Snapshot select: select product_.idproduct, product_.nameproduct as nameprod2_3_, product_.priceproduct as pricepro3_3_, product_.stockproduct as stockpro4_3_ from Product product_ where product_.idproduct=?
12:16:43.974 [main] DEBUG org.hibernate.persister.entity.AbstractEntityPersister -  Insert 0: insert into Product (nameproduct, priceproduct, stockproduct, idproduct) values (?, ?, ?, ?)
12:16:43.974 [main] DEBUG org.hibernate.persister.entity.AbstractEntityPersister -  Update 0: update Product set nameproduct=?, priceproduct=?, stockproduct=? where idproduct=?
12:16:43.974 [main] DEBUG org.hibernate.persister.entity.AbstractEntityPersister -  Delete 0: delete from Product where idproduct=?
12:16:43.974 [main] DEBUG org.hibernate.persister.entity.AbstractEntityPersister -  Identity insert: insert into Product (nameproduct, priceproduct, stockproduct) values (?, ?, ?)
12:16:43.974 [main] DEBUG org.hibernate.loader.plan.build.internal.spaces.QuerySpacesImpl - Adding QuerySpace : uid = <gen:0> -> org.hibernate.loader.plan.build.internal.spaces.EntityQuerySpaceImpl@1894e40d]
12:16:43.974 [main] DEBUG org.hibernate.persister.walking.spi.MetamodelGraphWalker - Visiting attribute path : nameproduct
12:16:43.975 [main] DEBUG org.hibernate.persister.walking.spi.MetamodelGraphWalker - Visiting attribute path : orderItems
12:16:43.975 [main] DEBUG org.hibernate.loader.plan.build.internal.spaces.QuerySpacesImpl - Adding QuerySpace : uid = <gen:1> -> org.hibernate.loader.plan.build.internal.spaces.CollectionQuerySpaceImpl@7342e05d]
12:16:43.975 [main] DEBUG org.hibernate.loader.plan.build.internal.spaces.QuerySpacesImpl - Adding QuerySpace : uid = <gen:2> -> org.hibernate.loader.plan.build.internal.spaces.EntityQuerySpaceImpl@2a331b46]
12:16:43.975 [main] DEBUG org.hibernate.persister.walking.spi.MetamodelGraphWalker - Visiting attribute path : priceproduct
12:16:43.975 [main] DEBUG org.hibernate.persister.walking.spi.MetamodelGraphWalker - Visiting attribute path : stockproduct
12:16:43.976 [main] DEBUG org.hibernate.loader.plan.build.internal.FetchStyleLoadPlanBuildingAssociationVisitationStrategy - Building LoadPlan...
12:16:43.976 [main] DEBUG org.hibernate.loader.plan.exec.internal.LoadQueryJoinAndFetchProcessor - processing queryspace <gen:0>
12:16:43.977 [main] DEBUG org.hibernate.loader.plan.build.spi.LoadPlanTreePrinter - LoadPlan(entity=com.joseph.entity.Product)
    - Returns
       - EntityReturnImpl(entity=com.joseph.entity.Product, querySpaceUid=<gen:0>, path=com.joseph.entity.Product)
          - CollectionAttributeFetchImpl(collection=com.joseph.entity.Product.orderItems, querySpaceUid=<gen:1>, path=com.joseph.entity.Product.orderItems)
             - (collection element) CollectionFetchableElementEntityGraph(entity=com.joseph.entity.OrderItem, querySpaceUid=<gen:2>, path=com.joseph.entity.Product.orderItems.<elements>)
    - QuerySpaces
       - EntityQuerySpaceImpl(uid=<gen:0>, entity=com.joseph.entity.Product)
          - SQL table alias mapping - product0_
          - alias suffix - 0_
          - suffixed key columns - {idproduc1_3_0_}

12:16:43.977 [main] DEBUG org.hibernate.loader.entity.plan.EntityLoader - Static select for entity com.joseph.entity.Product [NONE]: select product0_.idproduct as idproduc1_3_0_, product0_.nameproduct as nameprod2_3_0_, product0_.priceproduct as pricepro3_3_0_, product0_.stockproduct as stockpro4_3_0_ from Product product0_ where product0_.idproduct=?
12:16:43.977 [main] DEBUG org.hibernate.loader.plan.build.internal.spaces.QuerySpacesImpl - Adding QuerySpace : uid = <gen:0> -> org.hibernate.loader.plan.build.internal.spaces.EntityQuerySpaceImpl@15383681]
12:16:43.977 [main] DEBUG org.hibernate.persister.walking.spi.MetamodelGraphWalker - Visiting attribute path : nameproduct
12:16:43.977 [main] DEBUG org.hibernate.persister.walking.spi.MetamodelGraphWalker - Visiting attribute path : orderItems
12:16:43.978 [main] DEBUG org.hibernate.loader.plan.build.internal.spaces.QuerySpacesImpl - Adding QuerySpace : uid = <gen:1> -> org.hibernate.loader.plan.build.internal.spaces.CollectionQuerySpaceImpl@109a2025]
12:16:43.978 [main] DEBUG org.hibernate.loader.plan.build.internal.spaces.QuerySpacesImpl - Adding QuerySpace : uid = <gen:2> -> org.hibernate.loader.plan.build.internal.spaces.EntityQuerySpaceImpl@2241f05b]
12:16:43.978 [main] DEBUG org.hibernate.persister.walking.spi.MetamodelGraphWalker - Visiting attribute path : priceproduct
12:16:43.978 [main] DEBUG org.hibernate.persister.walking.spi.MetamodelGraphWalker - Visiting attribute path : stockproduct
12:16:43.978 [main] DEBUG org.hibernate.loader.plan.build.internal.FetchStyleLoadPlanBuildingAssociationVisitationStrategy - Building LoadPlan...
12:16:43.978 [main] DEBUG org.hibernate.loader.plan.exec.internal.LoadQueryJoinAndFetchProcessor - processing queryspace <gen:0>
12:16:43.985 [main] DEBUG org.hibernate.loader.plan.build.spi.LoadPlanTreePrinter - LoadPlan(entity=com.joseph.entity.Product)
    - Returns
       - EntityReturnImpl(entity=com.joseph.entity.Product, querySpaceUid=<gen:0>, path=com.joseph.entity.Product)
          - CollectionAttributeFetchImpl(collection=com.joseph.entity.Product.orderItems, querySpaceUid=<gen:1>, path=com.joseph.entity.Product.orderItems)
             - (collection element) CollectionFetchableElementEntityGraph(entity=com.joseph.entity.OrderItem, querySpaceUid=<gen:2>, path=com.joseph.entity.Product.orderItems.<elements>)
    - QuerySpaces
       - EntityQuerySpaceImpl(uid=<gen:0>, entity=com.joseph.entity.Product)
          - SQL table alias mapping - product0_
          - alias suffix - 0_
          - suffixed key columns - {idproduc1_3_0_}

12:16:43.985 [main] DEBUG org.hibernate.loader.entity.plan.EntityLoader - Static select for entity com.joseph.entity.Product [READ]: select product0_.idproduct as idproduc1_3_0_, product0_.nameproduct as nameprod2_3_0_, product0_.priceproduct as pricepro3_3_0_, product0_.stockproduct as stockpro4_3_0_ from Product product0_ where product0_.idproduct=?
12:16:43.985 [main] DEBUG org.hibernate.loader.plan.build.internal.spaces.QuerySpacesImpl - Adding QuerySpace : uid = <gen:0> -> org.hibernate.loader.plan.build.internal.spaces.EntityQuerySpaceImpl@761956ac]
12:16:43.985 [main] DEBUG org.hibernate.persister.walking.spi.MetamodelGraphWalker - Visiting attribute path : nameproduct
12:16:43.985 [main] DEBUG org.hibernate.persister.walking.spi.MetamodelGraphWalker - Visiting attribute path : orderItems
12:16:43.985 [main] DEBUG org.hibernate.loader.plan.build.internal.spaces.QuerySpacesImpl - Adding QuerySpace : uid = <gen:1> -> org.hibernate.loader.plan.build.internal.spaces.CollectionQuerySpaceImpl@304d0259]
12:16:43.985 [main] DEBUG org.hibernate.loader.plan.build.internal.spaces.QuerySpacesImpl - Adding QuerySpace : uid = <gen:2> -> org.hibernate.loader.plan.build.internal.spaces.EntityQuerySpaceImpl@1d23ff23]
12:16:43.986 [main] DEBUG org.hibernate.persister.walking.spi.MetamodelGraphWalker - Visiting attribute path : priceproduct
12:16:43.986 [main] DEBUG org.hibernate.persister.walking.spi.MetamodelGraphWalker - Visiting attribute path : stockproduct
12:16:43.986 [main] DEBUG org.hibernate.loader.plan.build.internal.FetchStyleLoadPlanBuildingAssociationVisitationStrategy - Building LoadPlan...
12:16:43.986 [main] DEBUG org.hibernate.loader.plan.exec.internal.LoadQueryJoinAndFetchProcessor - processing queryspace <gen:0>
12:16:43.987 [main] DEBUG org.hibernate.loader.plan.build.spi.LoadPlanTreePrinter - LoadPlan(entity=com.joseph.entity.Product)
    - Returns
       - EntityReturnImpl(entity=com.joseph.entity.Product, querySpaceUid=<gen:0>, path=com.joseph.entity.Product)
          - CollectionAttributeFetchImpl(collection=com.joseph.entity.Product.orderItems, querySpaceUid=<gen:1>, path=com.joseph.entity.Product.orderItems)
             - (collection element) CollectionFetchableElementEntityGraph(entity=com.joseph.entity.OrderItem, querySpaceUid=<gen:2>, path=com.joseph.entity.Product.orderItems.<elements>)
    - QuerySpaces
       - EntityQuerySpaceImpl(uid=<gen:0>, entity=com.joseph.entity.Product)
          - SQL table alias mapping - product0_
          - alias suffix - 0_
          - suffixed key columns - {idproduc1_3_0_}

12:16:43.987 [main] DEBUG org.hibernate.loader.entity.plan.EntityLoader - Static select for entity com.joseph.entity.Product [UPGRADE]: select product0_.idproduct as idproduc1_3_0_, product0_.nameproduct as nameprod2_3_0_, product0_.priceproduct as pricepro3_3_0_, product0_.stockproduct as stockpro4_3_0_ from Product product0_ where product0_.idproduct=? for update
12:16:43.988 [main] DEBUG org.hibernate.loader.plan.build.internal.spaces.QuerySpacesImpl - Adding QuerySpace : uid = <gen:0> -> org.hibernate.loader.plan.build.internal.spaces.EntityQuerySpaceImpl@2133661d]
12:16:43.988 [main] DEBUG org.hibernate.persister.walking.spi.MetamodelGraphWalker - Visiting attribute path : nameproduct
12:16:43.988 [main] DEBUG org.hibernate.persister.walking.spi.MetamodelGraphWalker - Visiting attribute path : orderItems
12:16:43.990 [main] DEBUG org.hibernate.loader.plan.build.internal.spaces.QuerySpacesImpl - Adding QuerySpace : uid = <gen:1> -> org.hibernate.loader.plan.build.internal.spaces.CollectionQuerySpaceImpl@3414a8c3]
12:16:43.991 [main] DEBUG org.hibernate.loader.plan.build.internal.spaces.QuerySpacesImpl - Adding QuerySpace : uid = <gen:2> -> org.hibernate.loader.plan.build.internal.spaces.EntityQuerySpaceImpl@36cc9385]
12:16:43.993 [main] DEBUG org.hibernate.persister.walking.spi.MetamodelGraphWalker - Visiting attribute path : priceproduct
12:16:43.993 [main] DEBUG org.hibernate.persister.walking.spi.MetamodelGraphWalker - Visiting attribute path : stockproduct
12:16:43.993 [main] DEBUG org.hibernate.loader.plan.build.internal.FetchStyleLoadPlanBuildingAssociationVisitationStrategy - Building LoadPlan...
12:16:43.993 [main] DEBUG org.hibernate.loader.plan.exec.internal.LoadQueryJoinAndFetchProcessor - processing queryspace <gen:0>
12:16:43.994 [main] DEBUG org.hibernate.loader.plan.build.spi.LoadPlanTreePrinter - LoadPlan(entity=com.joseph.entity.Product)
    - Returns
       - EntityReturnImpl(entity=com.joseph.entity.Product, querySpaceUid=<gen:0>, path=com.joseph.entity.Product)
          - CollectionAttributeFetchImpl(collection=com.joseph.entity.Product.orderItems, querySpaceUid=<gen:1>, path=com.joseph.entity.Product.orderItems)
             - (collection element) CollectionFetchableElementEntityGraph(entity=com.joseph.entity.OrderItem, querySpaceUid=<gen:2>, path=com.joseph.entity.Product.orderItems.<elements>)
    - QuerySpaces
       - EntityQuerySpaceImpl(uid=<gen:0>, entity=com.joseph.entity.Product)
          - SQL table alias mapping - product0_
          - alias suffix - 0_
          - suffixed key columns - {idproduc1_3_0_}

12:16:43.994 [main] DEBUG org.hibernate.loader.entity.plan.EntityLoader - Static select for entity com.joseph.entity.Product [UPGRADE_NOWAIT]: select product0_.idproduct as idproduc1_3_0_, product0_.nameproduct as nameprod2_3_0_, product0_.priceproduct as pricepro3_3_0_, product0_.stockproduct as stockpro4_3_0_ from Product product0_ where product0_.idproduct=? for update
12:16:43.995 [main] DEBUG org.hibernate.loader.plan.build.internal.spaces.QuerySpacesImpl - Adding QuerySpace : uid = <gen:0> -> org.hibernate.loader.plan.build.internal.spaces.EntityQuerySpaceImpl@cf518cf]
12:16:43.995 [main] DEBUG org.hibernate.persister.walking.spi.MetamodelGraphWalker - Visiting attribute path : nameproduct
12:16:43.995 [main] DEBUG org.hibernate.persister.walking.spi.MetamodelGraphWalker - Visiting attribute path : orderItems
12:16:43.995 [main] DEBUG org.hibernate.loader.plan.build.internal.spaces.QuerySpacesImpl - Adding QuerySpace : uid = <gen:1> -> org.hibernate.loader.plan.build.internal.spaces.CollectionQuerySpaceImpl@68d651f2]
12:16:43.995 [main] DEBUG org.hibernate.loader.plan.build.internal.spaces.QuerySpacesImpl - Adding QuerySpace : uid = <gen:2> -> org.hibernate.loader.plan.build.internal.spaces.EntityQuerySpaceImpl@3ad4a7d6]
12:16:43.995 [main] DEBUG org.hibernate.persister.walking.spi.MetamodelGraphWalker - Visiting attribute path : priceproduct
12:16:43.996 [main] DEBUG org.hibernate.persister.walking.spi.MetamodelGraphWalker - Visiting attribute path : stockproduct
12:16:43.996 [main] DEBUG org.hibernate.loader.plan.build.internal.FetchStyleLoadPlanBuildingAssociationVisitationStrategy - Building LoadPlan...
12:16:43.996 [main] DEBUG org.hibernate.loader.plan.exec.internal.LoadQueryJoinAndFetchProcessor - processing queryspace <gen:0>
12:16:43.997 [main] DEBUG org.hibernate.loader.plan.build.spi.LoadPlanTreePrinter - LoadPlan(entity=com.joseph.entity.Product)
    - Returns
       - EntityReturnImpl(entity=com.joseph.entity.Product, querySpaceUid=<gen:0>, path=com.joseph.entity.Product)
          - CollectionAttributeFetchImpl(collection=com.joseph.entity.Product.orderItems, querySpaceUid=<gen:1>, path=com.joseph.entity.Product.orderItems)
             - (collection element) CollectionFetchableElementEntityGraph(entity=com.joseph.entity.OrderItem, querySpaceUid=<gen:2>, path=com.joseph.entity.Product.orderItems.<elements>)
    - QuerySpaces
       - EntityQuerySpaceImpl(uid=<gen:0>, entity=com.joseph.entity.Product)
          - SQL table alias mapping - product0_
          - alias suffix - 0_
          - suffixed key columns - {idproduc1_3_0_}

12:16:43.997 [main] DEBUG org.hibernate.loader.entity.plan.EntityLoader - Static select for entity com.joseph.entity.Product [UPGRADE_SKIPLOCKED]: select product0_.idproduct as idproduc1_3_0_, product0_.nameproduct as nameprod2_3_0_, product0_.priceproduct as pricepro3_3_0_, product0_.stockproduct as stockpro4_3_0_ from Product product0_ where product0_.idproduct=? for update
12:16:43.997 [main] DEBUG org.hibernate.loader.plan.build.internal.spaces.QuerySpacesImpl - Adding QuerySpace : uid = <gen:0> -> org.hibernate.loader.plan.build.internal.spaces.EntityQuerySpaceImpl@1e43e323]
12:16:43.998 [main] DEBUG org.hibernate.persister.walking.spi.MetamodelGraphWalker - Visiting attribute path : nameproduct
12:16:43.998 [main] DEBUG org.hibernate.persister.walking.spi.MetamodelGraphWalker - Visiting attribute path : orderItems
12:16:43.998 [main] DEBUG org.hibernate.loader.plan.build.internal.spaces.QuerySpacesImpl - Adding QuerySpace : uid = <gen:1> -> org.hibernate.loader.plan.build.internal.spaces.CollectionQuerySpaceImpl@10643593]
12:16:43.998 [main] DEBUG org.hibernate.loader.plan.build.internal.spaces.QuerySpacesImpl - Adding QuerySpace : uid = <gen:2> -> org.hibernate.loader.plan.build.internal.spaces.EntityQuerySpaceImpl@f91da5e]
12:16:43.998 [main] DEBUG org.hibernate.persister.walking.spi.MetamodelGraphWalker - Visiting attribute path : priceproduct
12:16:43.998 [main] DEBUG org.hibernate.persister.walking.spi.MetamodelGraphWalker - Visiting attribute path : stockproduct
12:16:43.998 [main] DEBUG org.hibernate.loader.plan.build.internal.FetchStyleLoadPlanBuildingAssociationVisitationStrategy - Building LoadPlan...
12:16:43.998 [main] DEBUG org.hibernate.loader.plan.exec.internal.LoadQueryJoinAndFetchProcessor - processing queryspace <gen:0>
12:16:43.999 [main] DEBUG org.hibernate.loader.plan.build.spi.LoadPlanTreePrinter - LoadPlan(entity=com.joseph.entity.Product)
    - Returns
       - EntityReturnImpl(entity=com.joseph.entity.Product, querySpaceUid=<gen:0>, path=com.joseph.entity.Product)
          - CollectionAttributeFetchImpl(collection=com.joseph.entity.Product.orderItems, querySpaceUid=<gen:1>, path=com.joseph.entity.Product.orderItems)
             - (collection element) CollectionFetchableElementEntityGraph(entity=com.joseph.entity.OrderItem, querySpaceUid=<gen:2>, path=com.joseph.entity.Product.orderItems.<elements>)
    - QuerySpaces
       - EntityQuerySpaceImpl(uid=<gen:0>, entity=com.joseph.entity.Product)
          - SQL table alias mapping - product0_
          - alias suffix - 0_
          - suffixed key columns - {idproduc1_3_0_}

12:16:43.999 [main] DEBUG org.hibernate.loader.entity.plan.EntityLoader - Static select for entity com.joseph.entity.Product [FORCE]: select product0_.idproduct as idproduc1_3_0_, product0_.nameproduct as nameprod2_3_0_, product0_.priceproduct as pricepro3_3_0_, product0_.stockproduct as stockpro4_3_0_ from Product product0_ where product0_.idproduct=? for update
12:16:43.999 [main] DEBUG org.hibernate.loader.plan.build.internal.spaces.QuerySpacesImpl - Adding QuerySpace : uid = <gen:0> -> org.hibernate.loader.plan.build.internal.spaces.EntityQuerySpaceImpl@eca6a74]
12:16:44.000 [main] DEBUG org.hibernate.persister.walking.spi.MetamodelGraphWalker - Visiting attribute path : nameproduct
12:16:44.000 [main] DEBUG org.hibernate.persister.walking.spi.MetamodelGraphWalker - Visiting attribute path : orderItems
12:16:44.000 [main] DEBUG org.hibernate.loader.plan.build.internal.spaces.QuerySpacesImpl - Adding QuerySpace : uid = <gen:1> -> org.hibernate.loader.plan.build.internal.spaces.CollectionQuerySpaceImpl@48840594]
12:16:44.000 [main] DEBUG org.hibernate.loader.plan.build.internal.spaces.QuerySpacesImpl - Adding QuerySpace : uid = <gen:2> -> org.hibernate.loader.plan.build.internal.spaces.EntityQuerySpaceImpl@49c675f0]
12:16:44.000 [main] DEBUG org.hibernate.persister.walking.spi.MetamodelGraphWalker - Visiting attribute path : priceproduct
12:16:44.000 [main] DEBUG org.hibernate.persister.walking.spi.MetamodelGraphWalker - Visiting attribute path : stockproduct
12:16:44.000 [main] DEBUG org.hibernate.loader.plan.build.internal.FetchStyleLoadPlanBuildingAssociationVisitationStrategy - Building LoadPlan...
12:16:44.001 [main] DEBUG org.hibernate.loader.plan.exec.internal.LoadQueryJoinAndFetchProcessor - processing queryspace <gen:0>
12:16:44.001 [main] DEBUG org.hibernate.loader.plan.build.spi.LoadPlanTreePrinter - LoadPlan(entity=com.joseph.entity.Product)
    - Returns
       - EntityReturnImpl(entity=com.joseph.entity.Product, querySpaceUid=<gen:0>, path=com.joseph.entity.Product)
          - CollectionAttributeFetchImpl(collection=com.joseph.entity.Product.orderItems, querySpaceUid=<gen:1>, path=com.joseph.entity.Product.orderItems)
             - (collection element) CollectionFetchableElementEntityGraph(entity=com.joseph.entity.OrderItem, querySpaceUid=<gen:2>, path=com.joseph.entity.Product.orderItems.<elements>)
    - QuerySpaces
       - EntityQuerySpaceImpl(uid=<gen:0>, entity=com.joseph.entity.Product)
          - SQL table alias mapping - product0_
          - alias suffix - 0_
          - suffixed key columns - {idproduc1_3_0_}

12:16:44.001 [main] DEBUG org.hibernate.loader.entity.plan.EntityLoader - Static select for entity com.joseph.entity.Product [PESSIMISTIC_READ]: select product0_.idproduct as idproduc1_3_0_, product0_.nameproduct as nameprod2_3_0_, product0_.priceproduct as pricepro3_3_0_, product0_.stockproduct as stockpro4_3_0_ from Product product0_ where product0_.idproduct=? lock in share mode
12:16:44.002 [main] DEBUG org.hibernate.loader.plan.build.internal.spaces.QuerySpacesImpl - Adding QuerySpace : uid = <gen:0> -> org.hibernate.loader.plan.build.internal.spaces.EntityQuerySpaceImpl@14823f76]
12:16:44.002 [main] DEBUG org.hibernate.persister.walking.spi.MetamodelGraphWalker - Visiting attribute path : nameproduct
12:16:44.002 [main] DEBUG org.hibernate.persister.walking.spi.MetamodelGraphWalker - Visiting attribute path : orderItems
12:16:44.002 [main] DEBUG org.hibernate.loader.plan.build.internal.spaces.QuerySpacesImpl - Adding QuerySpace : uid = <gen:1> -> org.hibernate.loader.plan.build.internal.spaces.CollectionQuerySpaceImpl@6ed16657]
12:16:44.002 [main] DEBUG org.hibernate.loader.plan.build.internal.spaces.QuerySpacesImpl - Adding QuerySpace : uid = <gen:2> -> org.hibernate.loader.plan.build.internal.spaces.EntityQuerySpaceImpl@1442f788]
12:16:44.002 [main] DEBUG org.hibernate.persister.walking.spi.MetamodelGraphWalker - Visiting attribute path : priceproduct
12:16:44.002 [main] DEBUG org.hibernate.persister.walking.spi.MetamodelGraphWalker - Visiting attribute path : stockproduct
12:16:44.002 [main] DEBUG org.hibernate.loader.plan.build.internal.FetchStyleLoadPlanBuildingAssociationVisitationStrategy - Building LoadPlan...
12:16:44.002 [main] DEBUG org.hibernate.loader.plan.exec.internal.LoadQueryJoinAndFetchProcessor - processing queryspace <gen:0>
12:16:44.003 [main] DEBUG org.hibernate.loader.plan.build.spi.LoadPlanTreePrinter - LoadPlan(entity=com.joseph.entity.Product)
    - Returns
       - EntityReturnImpl(entity=com.joseph.entity.Product, querySpaceUid=<gen:0>, path=com.joseph.entity.Product)
          - CollectionAttributeFetchImpl(collection=com.joseph.entity.Product.orderItems, querySpaceUid=<gen:1>, path=com.joseph.entity.Product.orderItems)
             - (collection element) CollectionFetchableElementEntityGraph(entity=com.joseph.entity.OrderItem, querySpaceUid=<gen:2>, path=com.joseph.entity.Product.orderItems.<elements>)
    - QuerySpaces
       - EntityQuerySpaceImpl(uid=<gen:0>, entity=com.joseph.entity.Product)
          - SQL table alias mapping - product0_
          - alias suffix - 0_
          - suffixed key columns - {idproduc1_3_0_}

12:16:44.003 [main] DEBUG org.hibernate.loader.entity.plan.EntityLoader - Static select for entity com.joseph.entity.Product [PESSIMISTIC_WRITE]: select product0_.idproduct as idproduc1_3_0_, product0_.nameproduct as nameprod2_3_0_, product0_.priceproduct as pricepro3_3_0_, product0_.stockproduct as stockpro4_3_0_ from Product product0_ where product0_.idproduct=? for update
12:16:44.003 [main] DEBUG org.hibernate.loader.plan.build.internal.spaces.QuerySpacesImpl - Adding QuerySpace : uid = <gen:0> -> org.hibernate.loader.plan.build.internal.spaces.EntityQuerySpaceImpl@113e13f9]
12:16:44.003 [main] DEBUG org.hibernate.persister.walking.spi.MetamodelGraphWalker - Visiting attribute path : nameproduct
12:16:44.003 [main] DEBUG org.hibernate.persister.walking.spi.MetamodelGraphWalker - Visiting attribute path : orderItems
12:16:44.004 [main] DEBUG org.hibernate.loader.plan.build.internal.spaces.QuerySpacesImpl - Adding QuerySpace : uid = <gen:1> -> org.hibernate.loader.plan.build.internal.spaces.CollectionQuerySpaceImpl@7979b8b7]
12:16:44.004 [main] DEBUG org.hibernate.loader.plan.build.internal.spaces.QuerySpacesImpl - Adding QuerySpace : uid = <gen:2> -> org.hibernate.loader.plan.build.internal.spaces.EntityQuerySpaceImpl@7a04fea7]
12:16:44.004 [main] DEBUG org.hibernate.persister.walking.spi.MetamodelGraphWalker - Visiting attribute path : priceproduct
12:16:44.004 [main] DEBUG org.hibernate.persister.walking.spi.MetamodelGraphWalker - Visiting attribute path : stockproduct
12:16:44.004 [main] DEBUG org.hibernate.loader.plan.build.internal.FetchStyleLoadPlanBuildingAssociationVisitationStrategy - Building LoadPlan...
12:16:44.004 [main] DEBUG org.hibernate.loader.plan.exec.internal.LoadQueryJoinAndFetchProcessor - processing queryspace <gen:0>
12:16:44.005 [main] DEBUG org.hibernate.loader.plan.build.spi.LoadPlanTreePrinter - LoadPlan(entity=com.joseph.entity.Product)
    - Returns
       - EntityReturnImpl(entity=com.joseph.entity.Product, querySpaceUid=<gen:0>, path=com.joseph.entity.Product)
          - CollectionAttributeFetchImpl(collection=com.joseph.entity.Product.orderItems, querySpaceUid=<gen:1>, path=com.joseph.entity.Product.orderItems)
             - (collection element) CollectionFetchableElementEntityGraph(entity=com.joseph.entity.OrderItem, querySpaceUid=<gen:2>, path=com.joseph.entity.Product.orderItems.<elements>)
    - QuerySpaces
       - EntityQuerySpaceImpl(uid=<gen:0>, entity=com.joseph.entity.Product)
          - SQL table alias mapping - product0_
          - alias suffix - 0_
          - suffixed key columns - {idproduc1_3_0_}

12:16:44.005 [main] DEBUG org.hibernate.loader.entity.plan.EntityLoader - Static select for entity com.joseph.entity.Product [PESSIMISTIC_FORCE_INCREMENT]: select product0_.idproduct as idproduc1_3_0_, product0_.nameproduct as nameprod2_3_0_, product0_.priceproduct as pricepro3_3_0_, product0_.stockproduct as stockpro4_3_0_ from Product product0_ where product0_.idproduct=? for update
12:16:44.005 [main] DEBUG org.hibernate.loader.plan.build.internal.spaces.QuerySpacesImpl - Adding QuerySpace : uid = <gen:0> -> org.hibernate.loader.plan.build.internal.spaces.EntityQuerySpaceImpl@1bc49bc5]
12:16:44.005 [main] DEBUG org.hibernate.persister.walking.spi.MetamodelGraphWalker - Visiting attribute path : nameproduct
12:16:44.005 [main] DEBUG org.hibernate.persister.walking.spi.MetamodelGraphWalker - Visiting attribute path : orderItems
12:16:44.005 [main] DEBUG org.hibernate.loader.plan.build.internal.spaces.QuerySpacesImpl - Adding QuerySpace : uid = <gen:1> -> org.hibernate.loader.plan.build.internal.spaces.CollectionQuerySpaceImpl@4f66ffc8]
12:16:44.005 [main] DEBUG org.hibernate.loader.plan.build.internal.spaces.QuerySpacesImpl - Adding QuerySpace : uid = <gen:2> -> org.hibernate.loader.plan.build.internal.spaces.EntityQuerySpaceImpl@124ac145]
12:16:44.005 [main] DEBUG org.hibernate.persister.walking.spi.MetamodelGraphWalker - Visiting attribute path : priceproduct
12:16:44.005 [main] DEBUG org.hibernate.persister.walking.spi.MetamodelGraphWalker - Visiting attribute path : stockproduct
12:16:44.005 [main] DEBUG org.hibernate.loader.plan.build.internal.FetchStyleLoadPlanBuildingAssociationVisitationStrategy - Building LoadPlan...
12:16:44.006 [main] DEBUG org.hibernate.loader.plan.exec.internal.LoadQueryJoinAndFetchProcessor - processing queryspace <gen:0>
12:16:44.006 [main] DEBUG org.hibernate.loader.plan.build.spi.LoadPlanTreePrinter - LoadPlan(entity=com.joseph.entity.Product)
    - Returns
       - EntityReturnImpl(entity=com.joseph.entity.Product, querySpaceUid=<gen:0>, path=com.joseph.entity.Product)
          - CollectionAttributeFetchImpl(collection=com.joseph.entity.Product.orderItems, querySpaceUid=<gen:1>, path=com.joseph.entity.Product.orderItems)
             - (collection element) CollectionFetchableElementEntityGraph(entity=com.joseph.entity.OrderItem, querySpaceUid=<gen:2>, path=com.joseph.entity.Product.orderItems.<elements>)
    - QuerySpaces
       - EntityQuerySpaceImpl(uid=<gen:0>, entity=com.joseph.entity.Product)
          - SQL table alias mapping - product0_
          - alias suffix - 0_
          - suffixed key columns - {idproduc1_3_0_}

12:16:44.006 [main] DEBUG org.hibernate.loader.entity.plan.EntityLoader - Static select for entity com.joseph.entity.Product [OPTIMISTIC]: select product0_.idproduct as idproduc1_3_0_, product0_.nameproduct as nameprod2_3_0_, product0_.priceproduct as pricepro3_3_0_, product0_.stockproduct as stockpro4_3_0_ from Product product0_ where product0_.idproduct=?
12:16:44.006 [main] DEBUG org.hibernate.loader.plan.build.internal.spaces.QuerySpacesImpl - Adding QuerySpace : uid = <gen:0> -> org.hibernate.loader.plan.build.internal.spaces.EntityQuerySpaceImpl@2def7a7a]
12:16:44.006 [main] DEBUG org.hibernate.persister.walking.spi.MetamodelGraphWalker - Visiting attribute path : nameproduct
12:16:44.006 [main] DEBUG org.hibernate.persister.walking.spi.MetamodelGraphWalker - Visiting attribute path : orderItems
12:16:44.007 [main] DEBUG org.hibernate.loader.plan.build.internal.spaces.QuerySpacesImpl - Adding QuerySpace : uid = <gen:1> -> org.hibernate.loader.plan.build.internal.spaces.CollectionQuerySpaceImpl@5c080ef3]
12:16:44.007 [main] DEBUG org.hibernate.loader.plan.build.internal.spaces.QuerySpacesImpl - Adding QuerySpace : uid = <gen:2> -> org.hibernate.loader.plan.build.internal.spaces.EntityQuerySpaceImpl@188cbcde]
12:16:44.007 [main] DEBUG org.hibernate.persister.walking.spi.MetamodelGraphWalker - Visiting attribute path : priceproduct
12:16:44.007 [main] DEBUG org.hibernate.persister.walking.spi.MetamodelGraphWalker - Visiting attribute path : stockproduct
12:16:44.007 [main] DEBUG org.hibernate.loader.plan.build.internal.FetchStyleLoadPlanBuildingAssociationVisitationStrategy - Building LoadPlan...
12:16:44.007 [main] DEBUG org.hibernate.loader.plan.exec.internal.LoadQueryJoinAndFetchProcessor - processing queryspace <gen:0>
12:16:44.007 [main] DEBUG org.hibernate.loader.plan.build.spi.LoadPlanTreePrinter - LoadPlan(entity=com.joseph.entity.Product)
    - Returns
       - EntityReturnImpl(entity=com.joseph.entity.Product, querySpaceUid=<gen:0>, path=com.joseph.entity.Product)
          - CollectionAttributeFetchImpl(collection=com.joseph.entity.Product.orderItems, querySpaceUid=<gen:1>, path=com.joseph.entity.Product.orderItems)
             - (collection element) CollectionFetchableElementEntityGraph(entity=com.joseph.entity.OrderItem, querySpaceUid=<gen:2>, path=com.joseph.entity.Product.orderItems.<elements>)
    - QuerySpaces
       - EntityQuerySpaceImpl(uid=<gen:0>, entity=com.joseph.entity.Product)
          - SQL table alias mapping - product0_
          - alias suffix - 0_
          - suffixed key columns - {idproduc1_3_0_}

12:16:44.007 [main] DEBUG org.hibernate.loader.entity.plan.EntityLoader - Static select for entity com.joseph.entity.Product [OPTIMISTIC_FORCE_INCREMENT]: select product0_.idproduct as idproduc1_3_0_, product0_.nameproduct as nameprod2_3_0_, product0_.priceproduct as pricepro3_3_0_, product0_.stockproduct as stockpro4_3_0_ from Product product0_ where product0_.idproduct=?
12:16:44.008 [main] DEBUG org.hibernate.loader.Loader - Static select for action ACTION_MERGE on entity com.joseph.entity.Product: select product0_.idproduct as idproduc1_3_1_, product0_.nameproduct as nameprod2_3_1_, product0_.priceproduct as pricepro3_3_1_, product0_.stockproduct as stockpro4_3_1_, orderitems1_.idproduct as idproduc4_2_3_, orderitems1_.id as id1_2_3_, orderitems1_.id as id1_2_0_, orderitems1_.idorder as idorder3_2_0_, orderitems1_.idproduct as idproduc4_2_0_, orderitems1_.quantity as quantity2_2_0_ from Product product0_ left outer join orderitems orderitems1_ on product0_.idproduct=orderitems1_.idproduct where product0_.idproduct=?
12:16:44.008 [main] DEBUG org.hibernate.loader.Loader - Static select for action ACTION_REFRESH on entity com.joseph.entity.Product: select product0_.idproduct as idproduc1_3_1_, product0_.nameproduct as nameprod2_3_1_, product0_.priceproduct as pricepro3_3_1_, product0_.stockproduct as stockpro4_3_1_, orderitems1_.idproduct as idproduc4_2_3_, orderitems1_.id as id1_2_3_, orderitems1_.id as id1_2_0_, orderitems1_.idorder as idorder3_2_0_, orderitems1_.idproduct as idproduc4_2_0_, orderitems1_.quantity as quantity2_2_0_ from Product product0_ left outer join orderitems orderitems1_ on product0_.idproduct=orderitems1_.idproduct where product0_.idproduct=?
12:16:44.008 [main] DEBUG org.hibernate.persister.entity.AbstractEntityPersister - Static SQL for entity: com.joseph.entity.OrderItem
12:16:44.008 [main] DEBUG org.hibernate.persister.entity.AbstractEntityPersister -  Version select: select id from orderitems where id =?
12:16:44.008 [main] DEBUG org.hibernate.persister.entity.AbstractEntityPersister -  Snapshot select: select orderitem_.id, orderitem_.idorder as idorder3_2_, orderitem_.idproduct as idproduc4_2_, orderitem_.quantity as quantity2_2_ from orderitems orderitem_ where orderitem_.id=?
12:16:44.008 [main] DEBUG org.hibernate.persister.entity.AbstractEntityPersister -  Insert 0: insert into orderitems (idorder, idproduct, quantity, id) values (?, ?, ?, ?)
12:16:44.008 [main] DEBUG org.hibernate.persister.entity.AbstractEntityPersister -  Update 0: update orderitems set idorder=?, idproduct=?, quantity=? where id=?
12:16:44.008 [main] DEBUG org.hibernate.persister.entity.AbstractEntityPersister -  Delete 0: delete from orderitems where id=?
12:16:44.008 [main] DEBUG org.hibernate.persister.entity.AbstractEntityPersister -  Identity insert: insert into orderitems (idorder, idproduct, quantity) values (?, ?, ?)
12:16:44.009 [main] DEBUG org.hibernate.loader.plan.build.internal.spaces.QuerySpacesImpl - Adding QuerySpace : uid = <gen:0> -> org.hibernate.loader.plan.build.internal.spaces.EntityQuerySpaceImpl@4ee6291f]
12:16:44.009 [main] DEBUG org.hibernate.persister.walking.spi.MetamodelGraphWalker - Visiting attribute path : order
12:16:44.009 [main] DEBUG org.hibernate.loader.plan.build.internal.spaces.QuerySpacesImpl - Adding QuerySpace : uid = <gen:1> -> org.hibernate.loader.plan.build.internal.spaces.EntityQuerySpaceImpl@37e0292a]
12:16:44.009 [main] DEBUG org.hibernate.persister.walking.spi.MetamodelGraphWalker - Visiting attribute path : order.client
12:16:44.009 [main] DEBUG org.hibernate.loader.plan.build.internal.spaces.QuerySpacesImpl - Adding QuerySpace : uid = <gen:2> -> org.hibernate.loader.plan.build.internal.spaces.EntityQuerySpaceImpl@35267fd4]
12:16:44.009 [main] DEBUG org.hibernate.persister.walking.spi.MetamodelGraphWalker - Visiting attribute path : order.client.emailclient
12:16:44.009 [main] DEBUG org.hibernate.persister.walking.spi.MetamodelGraphWalker - Visiting attribute path : order.client.nameclient
12:16:44.009 [main] DEBUG org.hibernate.persister.walking.spi.MetamodelGraphWalker - Visiting attribute path : order.client.orders
12:16:44.009 [main] DEBUG org.hibernate.persister.walking.spi.MetamodelGraphWalker - Property path deemed to be circular : order.client.orders
12:16:44.009 [main] DEBUG org.hibernate.persister.walking.spi.MetamodelGraphWalker - Visiting attribute path : order.dateorder
12:16:44.009 [main] DEBUG org.hibernate.persister.walking.spi.MetamodelGraphWalker - Visiting attribute path : order.orderItems
12:16:44.009 [main] DEBUG org.hibernate.persister.walking.spi.MetamodelGraphWalker - Property path deemed to be circular : order.orderItems
12:16:44.009 [main] DEBUG org.hibernate.persister.walking.spi.MetamodelGraphWalker - Visiting attribute path : order.statusorder
12:16:44.009 [main] DEBUG org.hibernate.persister.walking.spi.MetamodelGraphWalker - Visiting attribute path : order.totalorder
12:16:44.009 [main] DEBUG org.hibernate.persister.walking.spi.MetamodelGraphWalker - Visiting attribute path : product
12:16:44.010 [main] DEBUG org.hibernate.loader.plan.build.internal.spaces.QuerySpacesImpl - Adding QuerySpace : uid = <gen:3> -> org.hibernate.loader.plan.build.internal.spaces.EntityQuerySpaceImpl@36a6bea6]
12:16:44.010 [main] DEBUG org.hibernate.persister.walking.spi.MetamodelGraphWalker - Visiting attribute path : product.nameproduct
12:16:44.010 [main] DEBUG org.hibernate.persister.walking.spi.MetamodelGraphWalker - Visiting attribute path : product.orderItems
12:16:44.010 [main] DEBUG org.hibernate.persister.walking.spi.MetamodelGraphWalker - Property path deemed to be circular : product.orderItems
12:16:44.010 [main] DEBUG org.hibernate.persister.walking.spi.MetamodelGraphWalker - Visiting attribute path : product.priceproduct
12:16:44.012 [main] DEBUG org.hibernate.persister.walking.spi.MetamodelGraphWalker - Visiting attribute path : product.stockproduct
12:16:44.012 [main] DEBUG org.hibernate.persister.walking.spi.MetamodelGraphWalker - Visiting attribute path : quantity
12:16:44.014 [main] DEBUG org.hibernate.loader.plan.build.internal.FetchStyleLoadPlanBuildingAssociationVisitationStrategy - Building LoadPlan...
12:16:44.014 [main] DEBUG org.hibernate.loader.plan.exec.internal.LoadQueryJoinAndFetchProcessor - processing queryspace <gen:0>
12:16:44.016 [main] DEBUG org.hibernate.loader.plan.build.spi.LoadPlanTreePrinter - LoadPlan(entity=com.joseph.entity.OrderItem)
    - Returns
       - EntityReturnImpl(entity=com.joseph.entity.OrderItem, querySpaceUid=<gen:0>, path=com.joseph.entity.OrderItem)
          - EntityAttributeFetchImpl(entity=com.joseph.entity.Order, querySpaceUid=<gen:1>, path=com.joseph.entity.OrderItem.order)
             - EntityAttributeFetchImpl(entity=com.joseph.entity.Client, querySpaceUid=<gen:2>, path=com.joseph.entity.OrderItem.order.client)
          - EntityAttributeFetchImpl(entity=com.joseph.entity.Product, querySpaceUid=<gen:3>, path=com.joseph.entity.OrderItem.product)
    - QuerySpaces
       - EntityQuerySpaceImpl(uid=<gen:0>, entity=com.joseph.entity.OrderItem)
          - SQL table alias mapping - orderitem0_
          - alias suffix - 0_
          - suffixed key columns - {id1_2_0_}
          - JOIN (JoinDefinedByMetadata(order)) : <gen:0> -> <gen:1>
             - EntityQuerySpaceImpl(uid=<gen:1>, entity=com.joseph.entity.Order)
                - SQL table alias mapping - order1_
                - alias suffix - 1_
                - suffixed key columns - {idorder1_1_1_}
                - JOIN (JoinDefinedByMetadata(client)) : <gen:1> -> <gen:2>
                   - EntityQuerySpaceImpl(uid=<gen:2>, entity=com.joseph.entity.Client)
                      - SQL table alias mapping - client2_
                      - alias suffix - 2_
                      - suffixed key columns - {idclient1_0_2_}
          - JOIN (JoinDefinedByMetadata(product)) : <gen:0> -> <gen:3>
             - EntityQuerySpaceImpl(uid=<gen:3>, entity=com.joseph.entity.Product)
                - SQL table alias mapping - product3_
                - alias suffix - 3_
                - suffixed key columns - {idproduc1_3_3_}

12:16:44.016 [main] DEBUG org.hibernate.loader.entity.plan.EntityLoader - Static select for entity com.joseph.entity.OrderItem [NONE]: select orderitem0_.id as id1_2_0_, orderitem0_.idorder as idorder3_2_0_, orderitem0_.idproduct as idproduc4_2_0_, orderitem0_.quantity as quantity2_2_0_, order1_.idorder as idorder1_1_1_, order1_.idclient as idclient5_1_1_, order1_.dateorder as dateorde2_1_1_, order1_.statusorder as statusor3_1_1_, order1_.totalorder as totalord4_1_1_, client2_.idclient as idclient1_0_2_, client2_.emailclient as emailcli2_0_2_, client2_.nameclient as nameclie3_0_2_, product3_.idproduct as idproduc1_3_3_, product3_.nameproduct as nameprod2_3_3_, product3_.priceproduct as pricepro3_3_3_, product3_.stockproduct as stockpro4_3_3_ from orderitems orderitem0_ left outer join order_table order1_ on orderitem0_.idorder=order1_.idorder left outer join client client2_ on order1_.idclient=client2_.idclient left outer join Product product3_ on orderitem0_.idproduct=product3_.idproduct where orderitem0_.id=?
12:16:44.016 [main] DEBUG org.hibernate.loader.plan.build.internal.spaces.QuerySpacesImpl - Adding QuerySpace : uid = <gen:0> -> org.hibernate.loader.plan.build.internal.spaces.EntityQuerySpaceImpl@42373389]
12:16:44.016 [main] DEBUG org.hibernate.persister.walking.spi.MetamodelGraphWalker - Visiting attribute path : order
12:16:44.017 [main] DEBUG org.hibernate.loader.plan.build.internal.spaces.QuerySpacesImpl - Adding QuerySpace : uid = <gen:1> -> org.hibernate.loader.plan.build.internal.spaces.EntityQuerySpaceImpl@a62c7cd]
12:16:44.017 [main] DEBUG org.hibernate.persister.walking.spi.MetamodelGraphWalker - Visiting attribute path : order.client
12:16:44.018 [main] DEBUG org.hibernate.loader.plan.build.internal.spaces.QuerySpacesImpl - Adding QuerySpace : uid = <gen:2> -> org.hibernate.loader.plan.build.internal.spaces.EntityQuerySpaceImpl@7c36db44]
12:16:44.018 [main] DEBUG org.hibernate.persister.walking.spi.MetamodelGraphWalker - Visiting attribute path : order.client.emailclient
12:16:44.018 [main] DEBUG org.hibernate.persister.walking.spi.MetamodelGraphWalker - Visiting attribute path : order.client.nameclient
12:16:44.018 [main] DEBUG org.hibernate.persister.walking.spi.MetamodelGraphWalker - Visiting attribute path : order.client.orders
12:16:44.018 [main] DEBUG org.hibernate.persister.walking.spi.MetamodelGraphWalker - Property path deemed to be circular : order.client.orders
12:16:44.018 [main] DEBUG org.hibernate.persister.walking.spi.MetamodelGraphWalker - Visiting attribute path : order.dateorder
12:16:44.018 [main] DEBUG org.hibernate.persister.walking.spi.MetamodelGraphWalker - Visiting attribute path : order.orderItems
12:16:44.018 [main] DEBUG org.hibernate.persister.walking.spi.MetamodelGraphWalker - Property path deemed to be circular : order.orderItems
12:16:44.018 [main] DEBUG org.hibernate.persister.walking.spi.MetamodelGraphWalker - Visiting attribute path : order.statusorder
12:16:44.018 [main] DEBUG org.hibernate.persister.walking.spi.MetamodelGraphWalker - Visiting attribute path : order.totalorder
12:16:44.018 [main] DEBUG org.hibernate.persister.walking.spi.MetamodelGraphWalker - Visiting attribute path : product
12:16:44.019 [main] DEBUG org.hibernate.loader.plan.build.internal.spaces.QuerySpacesImpl - Adding QuerySpace : uid = <gen:3> -> org.hibernate.loader.plan.build.internal.spaces.EntityQuerySpaceImpl@7903d448]
12:16:44.019 [main] DEBUG org.hibernate.persister.walking.spi.MetamodelGraphWalker - Visiting attribute path : product.nameproduct
12:16:44.019 [main] DEBUG org.hibernate.persister.walking.spi.MetamodelGraphWalker - Visiting attribute path : product.orderItems
12:16:44.019 [main] DEBUG org.hibernate.persister.walking.spi.MetamodelGraphWalker - Property path deemed to be circular : product.orderItems
12:16:44.019 [main] DEBUG org.hibernate.persister.walking.spi.MetamodelGraphWalker - Visiting attribute path : product.priceproduct
12:16:44.019 [main] DEBUG org.hibernate.persister.walking.spi.MetamodelGraphWalker - Visiting attribute path : product.stockproduct
12:16:44.019 [main] DEBUG org.hibernate.persister.walking.spi.MetamodelGraphWalker - Visiting attribute path : quantity
12:16:44.019 [main] DEBUG org.hibernate.loader.plan.build.internal.FetchStyleLoadPlanBuildingAssociationVisitationStrategy - Building LoadPlan...
12:16:44.020 [main] DEBUG org.hibernate.loader.plan.exec.internal.LoadQueryJoinAndFetchProcessor - processing queryspace <gen:0>
12:16:44.021 [main] DEBUG org.hibernate.loader.plan.build.spi.LoadPlanTreePrinter - LoadPlan(entity=com.joseph.entity.OrderItem)
    - Returns
       - EntityReturnImpl(entity=com.joseph.entity.OrderItem, querySpaceUid=<gen:0>, path=com.joseph.entity.OrderItem)
          - EntityAttributeFetchImpl(entity=com.joseph.entity.Order, querySpaceUid=<gen:1>, path=com.joseph.entity.OrderItem.order)
             - EntityAttributeFetchImpl(entity=com.joseph.entity.Client, querySpaceUid=<gen:2>, path=com.joseph.entity.OrderItem.order.client)
          - EntityAttributeFetchImpl(entity=com.joseph.entity.Product, querySpaceUid=<gen:3>, path=com.joseph.entity.OrderItem.product)
    - QuerySpaces
       - EntityQuerySpaceImpl(uid=<gen:0>, entity=com.joseph.entity.OrderItem)
          - SQL table alias mapping - orderitem0_
          - alias suffix - 0_
          - suffixed key columns - {id1_2_0_}
          - JOIN (JoinDefinedByMetadata(order)) : <gen:0> -> <gen:1>
             - EntityQuerySpaceImpl(uid=<gen:1>, entity=com.joseph.entity.Order)
                - SQL table alias mapping - order1_
                - alias suffix - 1_
                - suffixed key columns - {idorder1_1_1_}
                - JOIN (JoinDefinedByMetadata(client)) : <gen:1> -> <gen:2>
                   - EntityQuerySpaceImpl(uid=<gen:2>, entity=com.joseph.entity.Client)
                      - SQL table alias mapping - client2_
                      - alias suffix - 2_
                      - suffixed key columns - {idclient1_0_2_}
          - JOIN (JoinDefinedByMetadata(product)) : <gen:0> -> <gen:3>
             - EntityQuerySpaceImpl(uid=<gen:3>, entity=com.joseph.entity.Product)
                - SQL table alias mapping - product3_
                - alias suffix - 3_
                - suffixed key columns - {idproduc1_3_3_}

12:16:44.021 [main] DEBUG org.hibernate.loader.entity.plan.EntityLoader - Static select for entity com.joseph.entity.OrderItem [READ]: select orderitem0_.id as id1_2_0_, orderitem0_.idorder as idorder3_2_0_, orderitem0_.idproduct as idproduc4_2_0_, orderitem0_.quantity as quantity2_2_0_, order1_.idorder as idorder1_1_1_, order1_.idclient as idclient5_1_1_, order1_.dateorder as dateorde2_1_1_, order1_.statusorder as statusor3_1_1_, order1_.totalorder as totalord4_1_1_, client2_.idclient as idclient1_0_2_, client2_.emailclient as emailcli2_0_2_, client2_.nameclient as nameclie3_0_2_, product3_.idproduct as idproduc1_3_3_, product3_.nameproduct as nameprod2_3_3_, product3_.priceproduct as pricepro3_3_3_, product3_.stockproduct as stockpro4_3_3_ from orderitems orderitem0_ left outer join order_table order1_ on orderitem0_.idorder=order1_.idorder left outer join client client2_ on order1_.idclient=client2_.idclient left outer join Product product3_ on orderitem0_.idproduct=product3_.idproduct where orderitem0_.id=?
12:16:44.021 [main] DEBUG org.hibernate.loader.plan.build.internal.spaces.QuerySpacesImpl - Adding QuerySpace : uid = <gen:0> -> org.hibernate.loader.plan.build.internal.spaces.EntityQuerySpaceImpl@42ea287]
12:16:44.022 [main] DEBUG org.hibernate.persister.walking.spi.MetamodelGraphWalker - Visiting attribute path : order
12:16:44.022 [main] DEBUG org.hibernate.loader.plan.build.internal.spaces.QuerySpacesImpl - Adding QuerySpace : uid = <gen:1> -> org.hibernate.loader.plan.build.internal.spaces.EntityQuerySpaceImpl@1f0b3cfe]
12:16:44.022 [main] DEBUG org.hibernate.persister.walking.spi.MetamodelGraphWalker - Visiting attribute path : product
12:16:44.022 [main] DEBUG org.hibernate.loader.plan.build.internal.spaces.QuerySpacesImpl - Adding QuerySpace : uid = <gen:2> -> org.hibernate.loader.plan.build.internal.spaces.EntityQuerySpaceImpl@14ef2482]
12:16:44.022 [main] DEBUG org.hibernate.persister.walking.spi.MetamodelGraphWalker - Visiting attribute path : quantity
12:16:44.022 [main] DEBUG org.hibernate.loader.plan.build.internal.FetchStyleLoadPlanBuildingAssociationVisitationStrategy - Building LoadPlan...
12:16:44.022 [main] DEBUG org.hibernate.loader.plan.exec.internal.LoadQueryJoinAndFetchProcessor - processing queryspace <gen:0>
12:16:44.023 [main] DEBUG org.hibernate.loader.plan.build.spi.LoadPlanTreePrinter - LoadPlan(entity=com.joseph.entity.OrderItem)
    - Returns
       - EntityReturnImpl(entity=com.joseph.entity.OrderItem, querySpaceUid=<gen:0>, path=com.joseph.entity.OrderItem)
          - EntityAttributeFetchImpl(entity=com.joseph.entity.Order, querySpaceUid=<gen:1>, path=com.joseph.entity.OrderItem.order)
          - EntityAttributeFetchImpl(entity=com.joseph.entity.Product, querySpaceUid=<gen:2>, path=com.joseph.entity.OrderItem.product)
    - QuerySpaces
       - EntityQuerySpaceImpl(uid=<gen:0>, entity=com.joseph.entity.OrderItem)
          - SQL table alias mapping - orderitem0_
          - alias suffix - 0_
          - suffixed key columns - {id1_2_0_}

12:16:44.023 [main] DEBUG org.hibernate.loader.entity.plan.EntityLoader - Static select for entity com.joseph.entity.OrderItem [UPGRADE]: select orderitem0_.id as id1_2_0_, orderitem0_.idorder as idorder3_2_0_, orderitem0_.idproduct as idproduc4_2_0_, orderitem0_.quantity as quantity2_2_0_ from orderitems orderitem0_ where orderitem0_.id=? for update
12:16:44.023 [main] DEBUG org.hibernate.loader.plan.build.internal.spaces.QuerySpacesImpl - Adding QuerySpace : uid = <gen:0> -> org.hibernate.loader.plan.build.internal.spaces.EntityQuerySpaceImpl@65a48602]
12:16:44.023 [main] DEBUG org.hibernate.persister.walking.spi.MetamodelGraphWalker - Visiting attribute path : order
12:16:44.023 [main] DEBUG org.hibernate.loader.plan.build.internal.spaces.QuerySpacesImpl - Adding QuerySpace : uid = <gen:1> -> org.hibernate.loader.plan.build.internal.spaces.EntityQuerySpaceImpl@336206d8]
12:16:44.023 [main] DEBUG org.hibernate.persister.walking.spi.MetamodelGraphWalker - Visiting attribute path : product
12:16:44.023 [main] DEBUG org.hibernate.loader.plan.build.internal.spaces.QuerySpacesImpl - Adding QuerySpace : uid = <gen:2> -> org.hibernate.loader.plan.build.internal.spaces.EntityQuerySpaceImpl@5ec4ff02]
12:16:44.023 [main] DEBUG org.hibernate.persister.walking.spi.MetamodelGraphWalker - Visiting attribute path : quantity
12:16:44.023 [main] DEBUG org.hibernate.loader.plan.build.internal.FetchStyleLoadPlanBuildingAssociationVisitationStrategy - Building LoadPlan...
12:16:44.024 [main] DEBUG org.hibernate.loader.plan.exec.internal.LoadQueryJoinAndFetchProcessor - processing queryspace <gen:0>
12:16:44.024 [main] DEBUG org.hibernate.loader.plan.build.spi.LoadPlanTreePrinter - LoadPlan(entity=com.joseph.entity.OrderItem)
    - Returns
       - EntityReturnImpl(entity=com.joseph.entity.OrderItem, querySpaceUid=<gen:0>, path=com.joseph.entity.OrderItem)
          - EntityAttributeFetchImpl(entity=com.joseph.entity.Order, querySpaceUid=<gen:1>, path=com.joseph.entity.OrderItem.order)
          - EntityAttributeFetchImpl(entity=com.joseph.entity.Product, querySpaceUid=<gen:2>, path=com.joseph.entity.OrderItem.product)
    - QuerySpaces
       - EntityQuerySpaceImpl(uid=<gen:0>, entity=com.joseph.entity.OrderItem)
          - SQL table alias mapping - orderitem0_
          - alias suffix - 0_
          - suffixed key columns - {id1_2_0_}

12:16:44.024 [main] DEBUG org.hibernate.loader.entity.plan.EntityLoader - Static select for entity com.joseph.entity.OrderItem [UPGRADE_NOWAIT]: select orderitem0_.id as id1_2_0_, orderitem0_.idorder as idorder3_2_0_, orderitem0_.idproduct as idproduc4_2_0_, orderitem0_.quantity as quantity2_2_0_ from orderitems orderitem0_ where orderitem0_.id=? for update
12:16:44.024 [main] DEBUG org.hibernate.loader.plan.build.internal.spaces.QuerySpacesImpl - Adding QuerySpace : uid = <gen:0> -> org.hibernate.loader.plan.build.internal.spaces.EntityQuerySpaceImpl@1f11f64e]
12:16:44.025 [main] DEBUG org.hibernate.persister.walking.spi.MetamodelGraphWalker - Visiting attribute path : order
12:16:44.025 [main] DEBUG org.hibernate.loader.plan.build.internal.spaces.QuerySpacesImpl - Adding QuerySpace : uid = <gen:1> -> org.hibernate.loader.plan.build.internal.spaces.EntityQuerySpaceImpl@858d8b4]
12:16:44.025 [main] DEBUG org.hibernate.persister.walking.spi.MetamodelGraphWalker - Visiting attribute path : product
12:16:44.025 [main] DEBUG org.hibernate.loader.plan.build.internal.spaces.QuerySpacesImpl - Adding QuerySpace : uid = <gen:2> -> org.hibernate.loader.plan.build.internal.spaces.EntityQuerySpaceImpl@711d1a52]
12:16:44.025 [main] DEBUG org.hibernate.persister.walking.spi.MetamodelGraphWalker - Visiting attribute path : quantity
12:16:44.025 [main] DEBUG org.hibernate.loader.plan.build.internal.FetchStyleLoadPlanBuildingAssociationVisitationStrategy - Building LoadPlan...
12:16:44.025 [main] DEBUG org.hibernate.loader.plan.exec.internal.LoadQueryJoinAndFetchProcessor - processing queryspace <gen:0>
12:16:44.026 [main] DEBUG org.hibernate.loader.plan.build.spi.LoadPlanTreePrinter - LoadPlan(entity=com.joseph.entity.OrderItem)
    - Returns
       - EntityReturnImpl(entity=com.joseph.entity.OrderItem, querySpaceUid=<gen:0>, path=com.joseph.entity.OrderItem)
          - EntityAttributeFetchImpl(entity=com.joseph.entity.Order, querySpaceUid=<gen:1>, path=com.joseph.entity.OrderItem.order)
          - EntityAttributeFetchImpl(entity=com.joseph.entity.Product, querySpaceUid=<gen:2>, path=com.joseph.entity.OrderItem.product)
    - QuerySpaces
       - EntityQuerySpaceImpl(uid=<gen:0>, entity=com.joseph.entity.OrderItem)
          - SQL table alias mapping - orderitem0_
          - alias suffix - 0_
          - suffixed key columns - {id1_2_0_}

12:16:44.026 [main] DEBUG org.hibernate.loader.entity.plan.EntityLoader - Static select for entity com.joseph.entity.OrderItem [UPGRADE_SKIPLOCKED]: select orderitem0_.id as id1_2_0_, orderitem0_.idorder as idorder3_2_0_, orderitem0_.idproduct as idproduc4_2_0_, orderitem0_.quantity as quantity2_2_0_ from orderitems orderitem0_ where orderitem0_.id=? for update
12:16:44.026 [main] DEBUG org.hibernate.loader.plan.build.internal.spaces.QuerySpacesImpl - Adding QuerySpace : uid = <gen:0> -> org.hibernate.loader.plan.build.internal.spaces.EntityQuerySpaceImpl@612e21b9]
12:16:44.026 [main] DEBUG org.hibernate.persister.walking.spi.MetamodelGraphWalker - Visiting attribute path : order
12:16:44.026 [main] DEBUG org.hibernate.loader.plan.build.internal.spaces.QuerySpacesImpl - Adding QuerySpace : uid = <gen:1> -> org.hibernate.loader.plan.build.internal.spaces.EntityQuerySpaceImpl@7efd28bd]
12:16:44.026 [main] DEBUG org.hibernate.persister.walking.spi.MetamodelGraphWalker - Visiting attribute path : product
12:16:44.026 [main] DEBUG org.hibernate.loader.plan.build.internal.spaces.QuerySpacesImpl - Adding QuerySpace : uid = <gen:2> -> org.hibernate.loader.plan.build.internal.spaces.EntityQuerySpaceImpl@672b72ba]
12:16:44.026 [main] DEBUG org.hibernate.persister.walking.spi.MetamodelGraphWalker - Visiting attribute path : quantity
12:16:44.027 [main] DEBUG org.hibernate.loader.plan.build.internal.FetchStyleLoadPlanBuildingAssociationVisitationStrategy - Building LoadPlan...
12:16:44.027 [main] DEBUG org.hibernate.loader.plan.exec.internal.LoadQueryJoinAndFetchProcessor - processing queryspace <gen:0>
12:16:44.027 [main] DEBUG org.hibernate.loader.plan.build.spi.LoadPlanTreePrinter - LoadPlan(entity=com.joseph.entity.OrderItem)
    - Returns
       - EntityReturnImpl(entity=com.joseph.entity.OrderItem, querySpaceUid=<gen:0>, path=com.joseph.entity.OrderItem)
          - EntityAttributeFetchImpl(entity=com.joseph.entity.Order, querySpaceUid=<gen:1>, path=com.joseph.entity.OrderItem.order)
          - EntityAttributeFetchImpl(entity=com.joseph.entity.Product, querySpaceUid=<gen:2>, path=com.joseph.entity.OrderItem.product)
    - QuerySpaces
       - EntityQuerySpaceImpl(uid=<gen:0>, entity=com.joseph.entity.OrderItem)
          - SQL table alias mapping - orderitem0_
          - alias suffix - 0_
          - suffixed key columns - {id1_2_0_}

12:16:44.027 [main] DEBUG org.hibernate.loader.entity.plan.EntityLoader - Static select for entity com.joseph.entity.OrderItem [FORCE]: select orderitem0_.id as id1_2_0_, orderitem0_.idorder as idorder3_2_0_, orderitem0_.idproduct as idproduc4_2_0_, orderitem0_.quantity as quantity2_2_0_ from orderitems orderitem0_ where orderitem0_.id=? for update
12:16:44.027 [main] DEBUG org.hibernate.loader.plan.build.internal.spaces.QuerySpacesImpl - Adding QuerySpace : uid = <gen:0> -> org.hibernate.loader.plan.build.internal.spaces.EntityQuerySpaceImpl@7718a40f]
12:16:44.027 [main] DEBUG org.hibernate.persister.walking.spi.MetamodelGraphWalker - Visiting attribute path : order
12:16:44.027 [main] DEBUG org.hibernate.loader.plan.build.internal.spaces.QuerySpacesImpl - Adding QuerySpace : uid = <gen:1> -> org.hibernate.loader.plan.build.internal.spaces.EntityQuerySpaceImpl@26844abb]
12:16:44.027 [main] DEBUG org.hibernate.persister.walking.spi.MetamodelGraphWalker - Visiting attribute path : product
12:16:44.027 [main] DEBUG org.hibernate.loader.plan.build.internal.spaces.QuerySpacesImpl - Adding QuerySpace : uid = <gen:2> -> org.hibernate.loader.plan.build.internal.spaces.EntityQuerySpaceImpl@1a865273]
12:16:44.028 [main] DEBUG org.hibernate.persister.walking.spi.MetamodelGraphWalker - Visiting attribute path : quantity
12:16:44.028 [main] DEBUG org.hibernate.loader.plan.build.internal.FetchStyleLoadPlanBuildingAssociationVisitationStrategy - Building LoadPlan...
12:16:44.028 [main] DEBUG org.hibernate.loader.plan.exec.internal.LoadQueryJoinAndFetchProcessor - processing queryspace <gen:0>
12:16:44.028 [main] DEBUG org.hibernate.loader.plan.build.spi.LoadPlanTreePrinter - LoadPlan(entity=com.joseph.entity.OrderItem)
    - Returns
       - EntityReturnImpl(entity=com.joseph.entity.OrderItem, querySpaceUid=<gen:0>, path=com.joseph.entity.OrderItem)
          - EntityAttributeFetchImpl(entity=com.joseph.entity.Order, querySpaceUid=<gen:1>, path=com.joseph.entity.OrderItem.order)
          - EntityAttributeFetchImpl(entity=com.joseph.entity.Product, querySpaceUid=<gen:2>, path=com.joseph.entity.OrderItem.product)
    - QuerySpaces
       - EntityQuerySpaceImpl(uid=<gen:0>, entity=com.joseph.entity.OrderItem)
          - SQL table alias mapping - orderitem0_
          - alias suffix - 0_
          - suffixed key columns - {id1_2_0_}

12:16:44.028 [main] DEBUG org.hibernate.loader.entity.plan.EntityLoader - Static select for entity com.joseph.entity.OrderItem [PESSIMISTIC_READ]: select orderitem0_.id as id1_2_0_, orderitem0_.idorder as idorder3_2_0_, orderitem0_.idproduct as idproduc4_2_0_, orderitem0_.quantity as quantity2_2_0_ from orderitems orderitem0_ where orderitem0_.id=? lock in share mode
12:16:44.028 [main] DEBUG org.hibernate.loader.plan.build.internal.spaces.QuerySpacesImpl - Adding QuerySpace : uid = <gen:0> -> org.hibernate.loader.plan.build.internal.spaces.EntityQuerySpaceImpl@288ca5f0]
12:16:44.028 [main] DEBUG org.hibernate.persister.walking.spi.MetamodelGraphWalker - Visiting attribute path : order
12:16:44.029 [main] DEBUG org.hibernate.loader.plan.build.internal.spaces.QuerySpacesImpl - Adding QuerySpace : uid = <gen:1> -> org.hibernate.loader.plan.build.internal.spaces.EntityQuerySpaceImpl@44bd4b0a]
12:16:44.029 [main] DEBUG org.hibernate.persister.walking.spi.MetamodelGraphWalker - Visiting attribute path : product
12:16:44.029 [main] DEBUG org.hibernate.loader.plan.build.internal.spaces.QuerySpacesImpl - Adding QuerySpace : uid = <gen:2> -> org.hibernate.loader.plan.build.internal.spaces.EntityQuerySpaceImpl@6c008c24]
12:16:44.029 [main] DEBUG org.hibernate.persister.walking.spi.MetamodelGraphWalker - Visiting attribute path : quantity
12:16:44.029 [main] DEBUG org.hibernate.loader.plan.build.internal.FetchStyleLoadPlanBuildingAssociationVisitationStrategy - Building LoadPlan...
12:16:44.029 [main] DEBUG org.hibernate.loader.plan.exec.internal.LoadQueryJoinAndFetchProcessor - processing queryspace <gen:0>
12:16:44.030 [main] DEBUG org.hibernate.loader.plan.build.spi.LoadPlanTreePrinter - LoadPlan(entity=com.joseph.entity.OrderItem)
    - Returns
       - EntityReturnImpl(entity=com.joseph.entity.OrderItem, querySpaceUid=<gen:0>, path=com.joseph.entity.OrderItem)
          - EntityAttributeFetchImpl(entity=com.joseph.entity.Order, querySpaceUid=<gen:1>, path=com.joseph.entity.OrderItem.order)
          - EntityAttributeFetchImpl(entity=com.joseph.entity.Product, querySpaceUid=<gen:2>, path=com.joseph.entity.OrderItem.product)
    - QuerySpaces
       - EntityQuerySpaceImpl(uid=<gen:0>, entity=com.joseph.entity.OrderItem)
          - SQL table alias mapping - orderitem0_
          - alias suffix - 0_
          - suffixed key columns - {id1_2_0_}

12:16:44.030 [main] DEBUG org.hibernate.loader.entity.plan.EntityLoader - Static select for entity com.joseph.entity.OrderItem [PESSIMISTIC_WRITE]: select orderitem0_.id as id1_2_0_, orderitem0_.idorder as idorder3_2_0_, orderitem0_.idproduct as idproduc4_2_0_, orderitem0_.quantity as quantity2_2_0_ from orderitems orderitem0_ where orderitem0_.id=? for update
12:16:44.030 [main] DEBUG org.hibernate.loader.plan.build.internal.spaces.QuerySpacesImpl - Adding QuerySpace : uid = <gen:0> -> org.hibernate.loader.plan.build.internal.spaces.EntityQuerySpaceImpl@216e0771]
12:16:44.030 [main] DEBUG org.hibernate.persister.walking.spi.MetamodelGraphWalker - Visiting attribute path : order
12:16:44.030 [main] DEBUG org.hibernate.loader.plan.build.internal.spaces.QuerySpacesImpl - Adding QuerySpace : uid = <gen:1> -> org.hibernate.loader.plan.build.internal.spaces.EntityQuerySpaceImpl@fcc6023]
12:16:44.030 [main] DEBUG org.hibernate.persister.walking.spi.MetamodelGraphWalker - Visiting attribute path : product
12:16:44.030 [main] DEBUG org.hibernate.loader.plan.build.internal.spaces.QuerySpacesImpl - Adding QuerySpace : uid = <gen:2> -> org.hibernate.loader.plan.build.internal.spaces.EntityQuerySpaceImpl@67c5ac52]
12:16:44.030 [main] DEBUG org.hibernate.persister.walking.spi.MetamodelGraphWalker - Visiting attribute path : quantity
12:16:44.030 [main] DEBUG org.hibernate.loader.plan.build.internal.FetchStyleLoadPlanBuildingAssociationVisitationStrategy - Building LoadPlan...
12:16:44.031 [main] DEBUG org.hibernate.loader.plan.exec.internal.LoadQueryJoinAndFetchProcessor - processing queryspace <gen:0>
12:16:44.031 [main] DEBUG org.hibernate.loader.plan.build.spi.LoadPlanTreePrinter - LoadPlan(entity=com.joseph.entity.OrderItem)
    - Returns
       - EntityReturnImpl(entity=com.joseph.entity.OrderItem, querySpaceUid=<gen:0>, path=com.joseph.entity.OrderItem)
          - EntityAttributeFetchImpl(entity=com.joseph.entity.Order, querySpaceUid=<gen:1>, path=com.joseph.entity.OrderItem.order)
          - EntityAttributeFetchImpl(entity=com.joseph.entity.Product, querySpaceUid=<gen:2>, path=com.joseph.entity.OrderItem.product)
    - QuerySpaces
       - EntityQuerySpaceImpl(uid=<gen:0>, entity=com.joseph.entity.OrderItem)
          - SQL table alias mapping - orderitem0_
          - alias suffix - 0_
          - suffixed key columns - {id1_2_0_}

12:16:44.031 [main] DEBUG org.hibernate.loader.entity.plan.EntityLoader - Static select for entity com.joseph.entity.OrderItem [PESSIMISTIC_FORCE_INCREMENT]: select orderitem0_.id as id1_2_0_, orderitem0_.idorder as idorder3_2_0_, orderitem0_.idproduct as idproduc4_2_0_, orderitem0_.quantity as quantity2_2_0_ from orderitems orderitem0_ where orderitem0_.id=? for update
12:16:44.031 [main] DEBUG org.hibernate.loader.plan.build.internal.spaces.QuerySpacesImpl - Adding QuerySpace : uid = <gen:0> -> org.hibernate.loader.plan.build.internal.spaces.EntityQuerySpaceImpl@36417a54]
12:16:44.031 [main] DEBUG org.hibernate.persister.walking.spi.MetamodelGraphWalker - Visiting attribute path : order
12:16:44.031 [main] DEBUG org.hibernate.loader.plan.build.internal.spaces.QuerySpacesImpl - Adding QuerySpace : uid = <gen:1> -> org.hibernate.loader.plan.build.internal.spaces.EntityQuerySpaceImpl@472a11ae]
12:16:44.032 [main] DEBUG org.hibernate.persister.walking.spi.MetamodelGraphWalker - Visiting attribute path : product
12:16:44.032 [main] DEBUG org.hibernate.loader.plan.build.internal.spaces.QuerySpacesImpl - Adding QuerySpace : uid = <gen:2> -> org.hibernate.loader.plan.build.internal.spaces.EntityQuerySpaceImpl@dc79225]
12:16:44.032 [main] DEBUG org.hibernate.persister.walking.spi.MetamodelGraphWalker - Visiting attribute path : quantity
12:16:44.032 [main] DEBUG org.hibernate.loader.plan.build.internal.FetchStyleLoadPlanBuildingAssociationVisitationStrategy - Building LoadPlan...
12:16:44.032 [main] DEBUG org.hibernate.loader.plan.exec.internal.LoadQueryJoinAndFetchProcessor - processing queryspace <gen:0>
12:16:44.032 [main] DEBUG org.hibernate.loader.plan.build.spi.LoadPlanTreePrinter - LoadPlan(entity=com.joseph.entity.OrderItem)
    - Returns
       - EntityReturnImpl(entity=com.joseph.entity.OrderItem, querySpaceUid=<gen:0>, path=com.joseph.entity.OrderItem)
          - EntityAttributeFetchImpl(entity=com.joseph.entity.Order, querySpaceUid=<gen:1>, path=com.joseph.entity.OrderItem.order)
          - EntityAttributeFetchImpl(entity=com.joseph.entity.Product, querySpaceUid=<gen:2>, path=com.joseph.entity.OrderItem.product)
    - QuerySpaces
       - EntityQuerySpaceImpl(uid=<gen:0>, entity=com.joseph.entity.OrderItem)
          - SQL table alias mapping - orderitem0_
          - alias suffix - 0_
          - suffixed key columns - {id1_2_0_}

12:16:44.032 [main] DEBUG org.hibernate.loader.entity.plan.EntityLoader - Static select for entity com.joseph.entity.OrderItem [OPTIMISTIC]: select orderitem0_.id as id1_2_0_, orderitem0_.idorder as idorder3_2_0_, orderitem0_.idproduct as idproduc4_2_0_, orderitem0_.quantity as quantity2_2_0_ from orderitems orderitem0_ where orderitem0_.id=?
12:16:44.032 [main] DEBUG org.hibernate.loader.plan.build.internal.spaces.QuerySpacesImpl - Adding QuerySpace : uid = <gen:0> -> org.hibernate.loader.plan.build.internal.spaces.EntityQuerySpaceImpl@30e9ca13]
12:16:44.033 [main] DEBUG org.hibernate.persister.walking.spi.MetamodelGraphWalker - Visiting attribute path : order
12:16:44.033 [main] DEBUG org.hibernate.loader.plan.build.internal.spaces.QuerySpacesImpl - Adding QuerySpace : uid = <gen:1> -> org.hibernate.loader.plan.build.internal.spaces.EntityQuerySpaceImpl@51288417]
12:16:44.033 [main] DEBUG org.hibernate.persister.walking.spi.MetamodelGraphWalker - Visiting attribute path : product
12:16:44.033 [main] DEBUG org.hibernate.loader.plan.build.internal.spaces.QuerySpacesImpl - Adding QuerySpace : uid = <gen:2> -> org.hibernate.loader.plan.build.internal.spaces.EntityQuerySpaceImpl@60cf62ad]
12:16:44.033 [main] DEBUG org.hibernate.persister.walking.spi.MetamodelGraphWalker - Visiting attribute path : quantity
12:16:44.034 [main] DEBUG org.hibernate.loader.plan.build.internal.FetchStyleLoadPlanBuildingAssociationVisitationStrategy - Building LoadPlan...
12:16:44.034 [main] DEBUG org.hibernate.loader.plan.exec.internal.LoadQueryJoinAndFetchProcessor - processing queryspace <gen:0>
12:16:44.035 [main] DEBUG org.hibernate.loader.plan.build.spi.LoadPlanTreePrinter - LoadPlan(entity=com.joseph.entity.OrderItem)
    - Returns
       - EntityReturnImpl(entity=com.joseph.entity.OrderItem, querySpaceUid=<gen:0>, path=com.joseph.entity.OrderItem)
          - EntityAttributeFetchImpl(entity=com.joseph.entity.Order, querySpaceUid=<gen:1>, path=com.joseph.entity.OrderItem.order)
          - EntityAttributeFetchImpl(entity=com.joseph.entity.Product, querySpaceUid=<gen:2>, path=com.joseph.entity.OrderItem.product)
    - QuerySpaces
       - EntityQuerySpaceImpl(uid=<gen:0>, entity=com.joseph.entity.OrderItem)
          - SQL table alias mapping - orderitem0_
          - alias suffix - 0_
          - suffixed key columns - {id1_2_0_}

12:16:44.035 [main] DEBUG org.hibernate.loader.entity.plan.EntityLoader - Static select for entity com.joseph.entity.OrderItem [OPTIMISTIC_FORCE_INCREMENT]: select orderitem0_.id as id1_2_0_, orderitem0_.idorder as idorder3_2_0_, orderitem0_.idproduct as idproduc4_2_0_, orderitem0_.quantity as quantity2_2_0_ from orderitems orderitem0_ where orderitem0_.id=?
12:16:44.035 [main] DEBUG org.hibernate.loader.Loader - Static select for action ACTION_MERGE on entity com.joseph.entity.OrderItem: select orderitem0_.id as id1_2_0_, orderitem0_.idorder as idorder3_2_0_, orderitem0_.idproduct as idproduc4_2_0_, orderitem0_.quantity as quantity2_2_0_ from orderitems orderitem0_ where orderitem0_.id=?
12:16:44.035 [main] DEBUG org.hibernate.loader.Loader - Static select for action ACTION_REFRESH on entity com.joseph.entity.OrderItem: select orderitem0_.id as id1_2_0_, orderitem0_.idorder as idorder3_2_0_, orderitem0_.idproduct as idproduc4_2_0_, orderitem0_.quantity as quantity2_2_0_ from orderitems orderitem0_ where orderitem0_.id=?
12:16:44.044 [main] DEBUG org.hibernate.loader.plan.build.internal.spaces.QuerySpacesImpl - Adding QuerySpace : uid = <gen:0> -> org.hibernate.loader.plan.build.internal.spaces.CollectionQuerySpaceImpl@f951a7f]
12:16:44.044 [main] DEBUG org.hibernate.loader.plan.build.internal.spaces.QuerySpacesImpl - Adding QuerySpace : uid = <gen:1> -> org.hibernate.loader.plan.build.internal.spaces.EntityQuerySpaceImpl@20cece0b]
12:16:44.046 [main] DEBUG org.hibernate.persister.walking.spi.MetamodelGraphWalker - Visiting attribute path : order
12:16:44.047 [main] DEBUG org.hibernate.persister.walking.spi.MetamodelGraphWalker - Property path deemed to be circular : order
12:16:44.047 [main] DEBUG org.hibernate.persister.walking.spi.MetamodelGraphWalker - Visiting attribute path : product
12:16:44.047 [main] DEBUG org.hibernate.loader.plan.build.internal.spaces.QuerySpacesImpl - Adding QuerySpace : uid = <gen:2> -> org.hibernate.loader.plan.build.internal.spaces.EntityQuerySpaceImpl@73c9e8e8]
12:16:44.047 [main] DEBUG org.hibernate.persister.walking.spi.MetamodelGraphWalker - Visiting attribute path : product.nameproduct
12:16:44.047 [main] DEBUG org.hibernate.persister.walking.spi.MetamodelGraphWalker - Visiting attribute path : product.orderItems
12:16:44.047 [main] DEBUG org.hibernate.persister.walking.spi.MetamodelGraphWalker - Property path deemed to be circular : product.orderItems
12:16:44.047 [main] DEBUG org.hibernate.persister.walking.spi.MetamodelGraphWalker - Visiting attribute path : product.priceproduct
12:16:44.047 [main] DEBUG org.hibernate.persister.walking.spi.MetamodelGraphWalker - Visiting attribute path : product.stockproduct
12:16:44.047 [main] DEBUG org.hibernate.persister.walking.spi.MetamodelGraphWalker - Visiting attribute path : quantity
12:16:44.047 [main] DEBUG org.hibernate.loader.plan.build.internal.FetchStyleLoadPlanBuildingAssociationVisitationStrategy - Building LoadPlan...
12:16:44.053 [main] DEBUG org.hibernate.loader.plan.exec.internal.LoadQueryJoinAndFetchProcessor - processing queryspace <gen:0>
12:16:44.054 [main] DEBUG org.hibernate.loader.plan.build.spi.LoadPlanTreePrinter - LoadPlan(collection=com.joseph.entity.Order.orderItems)
    - Returns
       - CollectionReturnImpl(collection=com.joseph.entity.Order.orderItems, querySpaceUid=<gen:0>, path=[com.joseph.entity.Order.orderItems])
          - (collection element) CollectionFetchableElementEntityGraph(entity=com.joseph.entity.OrderItem, querySpaceUid=<gen:1>, path=[com.joseph.entity.Order.orderItems].<elements>)
             - EntityAttributeFetchImpl(entity=com.joseph.entity.Product, querySpaceUid=<gen:2>, path=[com.joseph.entity.Order.orderItems].<elements>.product)
    - QuerySpaces
       - CollectionQuerySpaceImpl(uid=<gen:0>, collection=com.joseph.entity.Order.orderItems)
          - SQL table alias mapping - orderitems0_
          - alias suffix - 0_
          - suffixed key columns - {idorder3_2_0_}
          - entity-element alias suffix - 1_
          - 1_entity-element suffixed key columns - id1_2_1_
          - JOIN (JoinDefinedByMetadata(elements)) : <gen:0> -> <gen:1>
             - EntityQuerySpaceImpl(uid=<gen:1>, entity=com.joseph.entity.OrderItem)
                - SQL table alias mapping - orderitems0_
                - alias suffix - 1_
                - suffixed key columns - {id1_2_1_}
                - JOIN (JoinDefinedByMetadata(product)) : <gen:1> -> <gen:2>
                   - EntityQuerySpaceImpl(uid=<gen:2>, entity=com.joseph.entity.Product)
                      - SQL table alias mapping - product1_
                      - alias suffix - 2_
                      - suffixed key columns - {idproduc1_3_2_}

12:16:44.055 [main] DEBUG org.hibernate.loader.collection.plan.CollectionLoader - Static select for collection com.joseph.entity.Order.orderItems: select orderitems0_.idorder as idorder3_2_0_, orderitems0_.id as id1_2_0_, orderitems0_.id as id1_2_1_, orderitems0_.idorder as idorder3_2_1_, orderitems0_.idproduct as idproduc4_2_1_, orderitems0_.quantity as quantity2_2_1_, product1_.idproduct as idproduc1_3_2_, product1_.nameproduct as nameprod2_3_2_, product1_.priceproduct as pricepro3_3_2_, product1_.stockproduct as stockpro4_3_2_ from orderitems orderitems0_ left outer join Product product1_ on orderitems0_.idproduct=product1_.idproduct where orderitems0_.idorder=?
12:16:44.055 [main] DEBUG org.hibernate.loader.plan.build.internal.spaces.QuerySpacesImpl - Adding QuerySpace : uid = <gen:0> -> org.hibernate.loader.plan.build.internal.spaces.CollectionQuerySpaceImpl@6724cdec]
12:16:44.055 [main] DEBUG org.hibernate.loader.plan.build.internal.spaces.QuerySpacesImpl - Adding QuerySpace : uid = <gen:1> -> org.hibernate.loader.plan.build.internal.spaces.EntityQuerySpaceImpl@6944e53e]
12:16:44.056 [main] DEBUG org.hibernate.persister.walking.spi.MetamodelGraphWalker - Visiting attribute path : order
12:16:44.056 [main] DEBUG org.hibernate.loader.plan.build.internal.spaces.QuerySpacesImpl - Adding QuerySpace : uid = <gen:2> -> org.hibernate.loader.plan.build.internal.spaces.EntityQuerySpaceImpl@1a4d1ab7]
12:16:44.056 [main] DEBUG org.hibernate.persister.walking.spi.MetamodelGraphWalker - Visiting attribute path : order.client
12:16:44.056 [main] DEBUG org.hibernate.loader.plan.build.internal.spaces.QuerySpacesImpl - Adding QuerySpace : uid = <gen:3> -> org.hibernate.loader.plan.build.internal.spaces.EntityQuerySpaceImpl@4674d90]
12:16:44.056 [main] DEBUG org.hibernate.persister.walking.spi.MetamodelGraphWalker - Visiting attribute path : order.client.emailclient
12:16:44.056 [main] DEBUG org.hibernate.persister.walking.spi.MetamodelGraphWalker - Visiting attribute path : order.client.nameclient
12:16:44.056 [main] DEBUG org.hibernate.persister.walking.spi.MetamodelGraphWalker - Visiting attribute path : order.client.orders
12:16:44.056 [main] DEBUG org.hibernate.persister.walking.spi.MetamodelGraphWalker - Property path deemed to be circular : order.client.orders
12:16:44.056 [main] DEBUG org.hibernate.persister.walking.spi.MetamodelGraphWalker - Visiting attribute path : order.dateorder
12:16:44.056 [main] DEBUG org.hibernate.persister.walking.spi.MetamodelGraphWalker - Visiting attribute path : order.orderItems
12:16:44.056 [main] DEBUG org.hibernate.persister.walking.spi.MetamodelGraphWalker - Property path deemed to be circular : order.orderItems
12:16:44.056 [main] DEBUG org.hibernate.persister.walking.spi.MetamodelGraphWalker - Visiting attribute path : order.statusorder
12:16:44.056 [main] DEBUG org.hibernate.persister.walking.spi.MetamodelGraphWalker - Visiting attribute path : order.totalorder
12:16:44.056 [main] DEBUG org.hibernate.persister.walking.spi.MetamodelGraphWalker - Visiting attribute path : product
12:16:44.057 [main] DEBUG org.hibernate.persister.walking.spi.MetamodelGraphWalker - Property path deemed to be circular : product
12:16:44.057 [main] DEBUG org.hibernate.persister.walking.spi.MetamodelGraphWalker - Visiting attribute path : quantity
12:16:44.057 [main] DEBUG org.hibernate.loader.plan.build.internal.FetchStyleLoadPlanBuildingAssociationVisitationStrategy - Building LoadPlan...
12:16:44.057 [main] DEBUG org.hibernate.loader.plan.exec.internal.LoadQueryJoinAndFetchProcessor - processing queryspace <gen:0>
12:16:44.058 [main] DEBUG org.hibernate.loader.plan.build.spi.LoadPlanTreePrinter - LoadPlan(collection=com.joseph.entity.Product.orderItems)
    - Returns
       - CollectionReturnImpl(collection=com.joseph.entity.Product.orderItems, querySpaceUid=<gen:0>, path=[com.joseph.entity.Product.orderItems])
          - (collection element) CollectionFetchableElementEntityGraph(entity=com.joseph.entity.OrderItem, querySpaceUid=<gen:1>, path=[com.joseph.entity.Product.orderItems].<elements>)
             - EntityAttributeFetchImpl(entity=com.joseph.entity.Order, querySpaceUid=<gen:2>, path=[com.joseph.entity.Product.orderItems].<elements>.order)
                - EntityAttributeFetchImpl(entity=com.joseph.entity.Client, querySpaceUid=<gen:3>, path=[com.joseph.entity.Product.orderItems].<elements>.order.client)
    - QuerySpaces
       - CollectionQuerySpaceImpl(uid=<gen:0>, collection=com.joseph.entity.Product.orderItems)
          - SQL table alias mapping - orderitems0_
          - alias suffix - 0_
          - suffixed key columns - {idproduc4_2_0_}
          - entity-element alias suffix - 1_
          - 1_entity-element suffixed key columns - id1_2_1_
          - JOIN (JoinDefinedByMetadata(elements)) : <gen:0> -> <gen:1>
             - EntityQuerySpaceImpl(uid=<gen:1>, entity=com.joseph.entity.OrderItem)
                - SQL table alias mapping - orderitems0_
                - alias suffix - 1_
                - suffixed key columns - {id1_2_1_}
                - JOIN (JoinDefinedByMetadata(order)) : <gen:1> -> <gen:2>
                   - EntityQuerySpaceImpl(uid=<gen:2>, entity=com.joseph.entity.Order)
                      - SQL table alias mapping - order1_
                      - alias suffix - 2_
                      - suffixed key columns - {idorder1_1_2_}
                      - JOIN (JoinDefinedByMetadata(client)) : <gen:2> -> <gen:3>
                         - EntityQuerySpaceImpl(uid=<gen:3>, entity=com.joseph.entity.Client)
                            - SQL table alias mapping - client2_
                            - alias suffix - 3_
                            - suffixed key columns - {idclient1_0_3_}

12:16:44.058 [main] DEBUG org.hibernate.loader.collection.plan.CollectionLoader - Static select for collection com.joseph.entity.Product.orderItems: select orderitems0_.idproduct as idproduc4_2_0_, orderitems0_.id as id1_2_0_, orderitems0_.id as id1_2_1_, orderitems0_.idorder as idorder3_2_1_, orderitems0_.idproduct as idproduc4_2_1_, orderitems0_.quantity as quantity2_2_1_, order1_.idorder as idorder1_1_2_, order1_.idclient as idclient5_1_2_, order1_.dateorder as dateorde2_1_2_, order1_.statusorder as statusor3_1_2_, order1_.totalorder as totalord4_1_2_, client2_.idclient as idclient1_0_3_, client2_.emailclient as emailcli2_0_3_, client2_.nameclient as nameclie3_0_3_ from orderitems orderitems0_ left outer join order_table order1_ on orderitems0_.idorder=order1_.idorder left outer join client client2_ on order1_.idclient=client2_.idclient where orderitems0_.idproduct=?
12:16:44.058 [main] DEBUG org.hibernate.loader.plan.build.internal.spaces.QuerySpacesImpl - Adding QuerySpace : uid = <gen:0> -> org.hibernate.loader.plan.build.internal.spaces.CollectionQuerySpaceImpl@1292071f]
12:16:44.058 [main] DEBUG org.hibernate.loader.plan.build.internal.spaces.QuerySpacesImpl - Adding QuerySpace : uid = <gen:1> -> org.hibernate.loader.plan.build.internal.spaces.EntityQuerySpaceImpl@35d5ac51]
12:16:44.059 [main] DEBUG org.hibernate.persister.walking.spi.MetamodelGraphWalker - Visiting attribute path : client
12:16:44.059 [main] DEBUG org.hibernate.persister.walking.spi.MetamodelGraphWalker - Property path deemed to be circular : client
12:16:44.059 [main] DEBUG org.hibernate.persister.walking.spi.MetamodelGraphWalker - Visiting attribute path : dateorder
12:16:44.059 [main] DEBUG org.hibernate.persister.walking.spi.MetamodelGraphWalker - Visiting attribute path : orderItems
12:16:44.059 [main] DEBUG org.hibernate.loader.plan.build.internal.spaces.QuerySpacesImpl - Adding QuerySpace : uid = <gen:2> -> org.hibernate.loader.plan.build.internal.spaces.CollectionQuerySpaceImpl@2819c460]
12:16:44.059 [main] DEBUG org.hibernate.loader.plan.build.internal.spaces.QuerySpacesImpl - Adding QuerySpace : uid = <gen:3> -> org.hibernate.loader.plan.build.internal.spaces.EntityQuerySpaceImpl@30364216]
12:16:44.059 [main] DEBUG org.hibernate.persister.walking.spi.MetamodelGraphWalker - Visiting attribute path : statusorder
12:16:44.059 [main] DEBUG org.hibernate.persister.walking.spi.MetamodelGraphWalker - Visiting attribute path : totalorder
12:16:44.059 [main] DEBUG org.hibernate.loader.plan.build.internal.FetchStyleLoadPlanBuildingAssociationVisitationStrategy - Building LoadPlan...
12:16:44.059 [main] DEBUG org.hibernate.loader.plan.exec.internal.LoadQueryJoinAndFetchProcessor - processing queryspace <gen:0>
12:16:44.060 [main] DEBUG org.hibernate.loader.plan.build.spi.LoadPlanTreePrinter - LoadPlan(collection=com.joseph.entity.Client.orders)
    - Returns
       - CollectionReturnImpl(collection=com.joseph.entity.Client.orders, querySpaceUid=<gen:0>, path=[com.joseph.entity.Client.orders])
          - (collection element) CollectionFetchableElementEntityGraph(entity=com.joseph.entity.Order, querySpaceUid=<gen:1>, path=[com.joseph.entity.Client.orders].<elements>)
             - CollectionAttributeFetchImpl(collection=com.joseph.entity.Order.orderItems, querySpaceUid=<gen:2>, path=[com.joseph.entity.Client.orders].<elements>.orderItems)
                - (collection element) CollectionFetchableElementEntityGraph(entity=com.joseph.entity.OrderItem, querySpaceUid=<gen:3>, path=[com.joseph.entity.Client.orders].<elements>.orderItems.<elements>)
    - QuerySpaces
       - CollectionQuerySpaceImpl(uid=<gen:0>, collection=com.joseph.entity.Client.orders)
          - SQL table alias mapping - orders0_
          - alias suffix - 0_
          - suffixed key columns - {idclient5_1_0_}
          - entity-element alias suffix - 1_
          - 1_entity-element suffixed key columns - idorder1_1_1_
          - JOIN (JoinDefinedByMetadata(elements)) : <gen:0> -> <gen:1>
             - EntityQuerySpaceImpl(uid=<gen:1>, entity=com.joseph.entity.Order)
                - SQL table alias mapping - orders0_
                - alias suffix - 1_
                - suffixed key columns - {idorder1_1_1_}

12:16:44.060 [main] DEBUG org.hibernate.loader.collection.plan.CollectionLoader - Static select for collection com.joseph.entity.Client.orders: select orders0_.idclient as idclient5_1_0_, orders0_.idorder as idorder1_1_0_, orders0_.idorder as idorder1_1_1_, orders0_.idclient as idclient5_1_1_, orders0_.dateorder as dateorde2_1_1_, orders0_.statusorder as statusor3_1_1_, orders0_.totalorder as totalord4_1_1_ from order_table orders0_ where orders0_.idclient=?
12:16:44.142 [main] DEBUG org.springframework.jdbc.datasource.DriverManagerDataSource - Creating new JDBC DriverManager Connection to [jdbc:mysql://localhost:3306/testcraftstorespringcore?useSSL=false&useTimezone=true&serverTimezone=UTC]
12:16:44.291 [main] DEBUG org.hibernate.mapping.Table - No alter strings for table : client
12:16:44.291 [main] DEBUG org.hibernate.mapping.Table - No alter strings for table : order_table
12:16:44.291 [main] DEBUG org.hibernate.mapping.Table - No alter strings for table : orderitems
12:16:44.292 [main] DEBUG org.hibernate.mapping.Table - No alter strings for table : Product
12:16:44.298 [main] DEBUG org.hibernate.SQL - alter table order_table add constraint FKfx79vynhbbaokugk03ha1vye4 foreign key (idclient) references client (idclient)
12:16:44.318 [main] DEBUG org.hibernate.SQL - alter table orderitems add constraint FK42t1tplgy68d8h916ayhxt361 foreign key (idorder) references order_table (idorder)
12:16:44.336 [main] DEBUG org.hibernate.SQL - alter table orderitems add constraint FK7ueivg25n0r3oiq1c9hg73ut2 foreign key (idproduct) references Product (idproduct)
12:16:44.350 [main] DEBUG org.hibernate.engine.transaction.jta.platform.internal.JtaPlatformInitiator - No JtaPlatform was specified, checking resolver
12:16:44.352 [main] DEBUG org.hibernate.engine.transaction.jta.platform.internal.JtaPlatformResolverInitiator - No JtaPlatformResolver was specified, using default [org.hibernate.engine.transaction.jta.platform.internal.StandardJtaPlatformResolver]
12:16:44.361 [main] DEBUG org.hibernate.engine.transaction.jta.platform.internal.StandardJtaPlatformResolver - Could not resolve JtaPlatform, using default [org.hibernate.engine.transaction.jta.platform.internal.NoJtaPlatform]
12:16:44.363 [main] DEBUG org.hibernate.query.spi.NamedQueryRepository - Checking 0 named HQL queries
12:16:44.363 [main] DEBUG org.hibernate.query.spi.NamedQueryRepository - Checking 0 named SQL queries
12:16:44.366 [main] DEBUG org.hibernate.internal.SessionFactoryRegistry - Initializing SessionFactoryRegistry : org.hibernate.internal.SessionFactoryRegistry@1859e2a4
12:16:44.366 [main] DEBUG org.hibernate.internal.SessionFactoryRegistry - Registering SessionFactory: 2ee5c919-d754-4a46-9e4f-73e00fd45112 (<unnamed>)
12:16:44.366 [main] DEBUG org.hibernate.internal.SessionFactoryRegistry - Not binding SessionFactory to JNDI, no JNDI name configured
12:16:44.366 [main] INFO org.springframework.orm.jpa.LocalContainerEntityManagerFactoryBean - Initialized JPA EntityManagerFactory for persistence unit 'default'
12:16:44.371 [main] DEBUG org.springframework.beans.factory.support.DefaultListableBeanFactory - Creating shared instance of singleton bean 'client'
12:16:44.374 [main] DEBUG org.springframework.beans.factory.support.DefaultListableBeanFactory - Creating shared instance of singleton bean 'order'
12:16:44.377 [main] DEBUG org.springframework.beans.factory.support.DefaultListableBeanFactory - Creating shared instance of singleton bean 'orderItem'
12:16:44.379 [main] DEBUG org.springframework.beans.factory.support.DefaultListableBeanFactory - Creating shared instance of singleton bean 'product'
12:16:44.381 [main] DEBUG org.springframework.beans.factory.support.DefaultListableBeanFactory - Creating shared instance of singleton bean 'clientServiceImpl'
12:16:44.386 [main] DEBUG org.springframework.beans.factory.support.DefaultListableBeanFactory - Creating shared instance of singleton bean 'clientRepository'
12:16:44.483 [main] DEBUG org.springframework.beans.factory.support.DefaultListableBeanFactory - Creating shared instance of singleton bean 'jpaMappingContext'
12:16:44.484 [main] DEBUG org.springframework.data.jpa.repository.config.JpaMetamodelMappingContextFactoryBean - Initializing JpaMetamodelMappingContext…
12:16:44.518 [main] DEBUG org.springframework.data.jpa.repository.config.JpaMetamodelMappingContextFactoryBean - Finished initializing JpaMetamodelMappingContext!
12:16:44.551 [main] DEBUG org.springframework.orm.jpa.SharedEntityManagerCreator$SharedEntityManagerInvocationHandler - Creating new EntityManager for shared EntityManager invocation
12:16:44.715 [main] DEBUG org.hibernate.stat.internal.StatisticsInitiator - Statistics initialized [enabled=false]
12:16:44.733 [main] DEBUG org.springframework.orm.jpa.SharedEntityManagerCreator$SharedEntityManagerInvocationHandler - Creating new EntityManager for shared EntityManager invocation
12:16:44.857 [main] DEBUG org.springframework.data.repository.core.support.RepositoryFactorySupport - Initializing repository instance for com.joseph.repository.ClientRepository…
12:16:44.899 [main] DEBUG org.springframework.orm.jpa.SharedEntityManagerCreator$SharedEntityManagerInvocationHandler - Creating new EntityManager for shared EntityManager invocation
12:16:44.995 [main] DEBUG org.springframework.orm.jpa.SharedEntityManagerCreator$SharedEntityManagerInvocationHandler - Creating new EntityManager for shared EntityManager invocation
12:16:45.014 [main] DEBUG org.springframework.data.repository.core.support.RepositoryFactorySupport - Finished creation of repository instance for com.joseph.repository.ClientRepository.
12:16:45.046 [main] DEBUG org.springframework.beans.factory.support.DefaultListableBeanFactory - Creating shared instance of singleton bean 'orderItemServiceImpl'
12:16:45.047 [main] DEBUG org.springframework.beans.factory.support.DefaultListableBeanFactory - Creating shared instance of singleton bean 'orderItemRepository'
12:16:45.053 [main] DEBUG org.springframework.orm.jpa.SharedEntityManagerCreator$SharedEntityManagerInvocationHandler - Creating new EntityManager for shared EntityManager invocation
12:16:45.054 [main] DEBUG org.springframework.data.repository.core.support.RepositoryFactorySupport - Initializing repository instance for com.joseph.repository.OrderItemRepository…
12:16:45.057 [main] DEBUG org.springframework.orm.jpa.SharedEntityManagerCreator$SharedEntityManagerInvocationHandler - Creating new EntityManager for shared EntityManager invocation
12:16:45.059 [main] DEBUG org.springframework.orm.jpa.SharedEntityManagerCreator$SharedEntityManagerInvocationHandler - Creating new EntityManager for shared EntityManager invocation
12:16:45.093 [main] DEBUG org.springframework.data.jpa.repository.query.JpaQueryFactory - Looking up query for method findByOrder
12:16:45.100 [main] DEBUG org.springframework.data.jpa.repository.query.NamedQuery - Looking up named query OrderItem.findByOrder
12:16:45.103 [main] DEBUG org.springframework.data.jpa.repository.query.NamedQuery - Did not find named query OrderItem.findByOrder
12:16:45.107 [main] DEBUG org.springframework.orm.jpa.SharedEntityManagerCreator$SharedEntityManagerInvocationHandler - Creating new EntityManager for shared EntityManager invocation
12:16:45.224 [main] DEBUG org.springframework.data.jpa.repository.query.JpaQueryFactory - Looking up query for method deleteByOrder
12:16:45.224 [main] DEBUG org.springframework.data.jpa.repository.query.NamedQuery - Looking up named query OrderItem.deleteByOrder
12:16:45.224 [main] DEBUG org.springframework.data.jpa.repository.query.NamedQuery - Did not find named query OrderItem.deleteByOrder
12:16:45.225 [main] DEBUG org.springframework.orm.jpa.SharedEntityManagerCreator$SharedEntityManagerInvocationHandler - Creating new EntityManager for shared EntityManager invocation
12:16:45.233 [main] DEBUG org.springframework.data.repository.core.support.RepositoryFactorySupport - Finished creation of repository instance for com.joseph.repository.OrderItemRepository.
12:16:45.235 [main] DEBUG org.springframework.beans.factory.support.DefaultListableBeanFactory - Creating shared instance of singleton bean 'orderServiceImpl'
12:16:45.238 [main] DEBUG org.springframework.beans.factory.support.DefaultListableBeanFactory - Creating shared instance of singleton bean 'orderRepository'
12:16:45.253 [main] DEBUG org.springframework.orm.jpa.SharedEntityManagerCreator$SharedEntityManagerInvocationHandler - Creating new EntityManager for shared EntityManager invocation
12:16:45.255 [main] DEBUG org.springframework.data.repository.core.support.RepositoryFactorySupport - Initializing repository instance for com.joseph.repository.OrderRepository…
12:16:45.272 [main] DEBUG org.springframework.orm.jpa.SharedEntityManagerCreator$SharedEntityManagerInvocationHandler - Creating new EntityManager for shared EntityManager invocation
12:16:45.277 [main] DEBUG org.springframework.orm.jpa.SharedEntityManagerCreator$SharedEntityManagerInvocationHandler - Creating new EntityManager for shared EntityManager invocation
12:16:45.310 [main] DEBUG org.springframework.data.jpa.repository.query.JpaQueryFactory - Looking up query for method getTotalOrdersBetweenDates
12:16:45.311 [main] DEBUG org.springframework.orm.jpa.SharedEntityManagerCreator$SharedEntityManagerInvocationHandler - Creating new EntityManager for shared EntityManager invocation
12:16:45.338 [main] DEBUG org.hibernate.hql.internal.QueryTranslatorFactoryInitiator - QueryTranslatorFactory : org.hibernate.hql.internal.ast.ASTQueryTranslatorFactory@7b477141
12:16:45.339 [main] INFO org.hibernate.hql.internal.QueryTranslatorFactoryInitiator - HHH000397: Using ASTQueryTranslatorFactory
12:16:45.393 [main] DEBUG org.hibernate.hql.internal.ast.QueryTranslatorImpl - parse() - HQL: SELECT NEW com.joseph.Model.rapportData(o.dateorder, SUM(o.totalorder)) FROM com.joseph.entity.Order o WHERE o.dateorder BETWEEN :startDate AND :endDate GROUP BY o.dateorder ORDER BY o.dateorder
12:16:45.401 [main] DEBUG org.hibernate.hql.internal.ast.HqlParser - weakKeywords() : new LT(1) token - ["Order",<108> previously: <41>,line=1,col=96,possibleID=true]
12:16:45.406 [main] DEBUG org.hibernate.hql.internal.ast.ErrorCounter - throwQueryException() : no errors
12:16:45.414 [main] DEBUG org.hibernate.hql.internal.ast.QueryTranslatorImpl - --- HQL AST ---
 \-[QUERY] Node: 'query'
    +-[SELECT_FROM] Node: 'SELECT_FROM'
    |  +-[FROM] Node: 'FROM'
    |  |  \-[RANGE] Node: 'RANGE'
    |  |     +-[DOT] Node: '.'
    |  |     |  +-[DOT] Node: '.'
    |  |     |  |  +-[DOT] Node: '.'
    |  |     |  |  |  +-[IDENT] Node: 'com'
    |  |     |  |  |  \-[IDENT] Node: 'joseph'
    |  |     |  |  \-[IDENT] Node: 'entity'
    |  |     |  \-[IDENT] Node: 'Order'
    |  |     \-[ALIAS] Node: 'o'
    |  \-[SELECT] Node: 'SELECT'
    |     \-[CONSTRUCTOR] Node: '('
    |        +-[DOT] Node: '.'
    |        |  +-[DOT] Node: '.'
    |        |  |  +-[DOT] Node: '.'
    |        |  |  |  +-[IDENT] Node: 'com'
    |        |  |  |  \-[IDENT] Node: 'joseph'
    |        |  |  \-[IDENT] Node: 'Model'
    |        |  \-[IDENT] Node: 'rapportData'
    |        +-[DOT] Node: '.'
    |        |  +-[IDENT] Node: 'o'
    |        |  \-[IDENT] Node: 'dateorder'
    |        \-[AGGREGATE] Node: 'SUM'
    |           \-[DOT] Node: '.'
    |              +-[IDENT] Node: 'o'
    |              \-[IDENT] Node: 'totalorder'
    +-[WHERE] Node: 'WHERE'
    |  \-[BETWEEN] Node: 'between'
    |     +-[DOT] Node: '.'
    |     |  +-[IDENT] Node: 'o'
    |     |  \-[IDENT] Node: 'dateorder'
    |     +-[COLON] Node: ':'
    |     |  \-[IDENT] Node: 'startDate'
    |     \-[COLON] Node: ':'
    |        \-[IDENT] Node: 'endDate'
    +-[GROUP] Node: 'GROUP'
    |  \-[DOT] Node: '.'
    |     +-[IDENT] Node: 'o'
    |     \-[IDENT] Node: 'dateorder'
    \-[ORDER] Node: 'ORDER'
       \-[DOT] Node: '.'
          +-[IDENT] Node: 'o'
          \-[IDENT] Node: 'dateorder'

12:16:45.455 [main] DEBUG org.hibernate.hql.internal.antlr.HqlSqlBaseWalker - select << begin [level=1, statement=select]
12:16:45.478 [main] DEBUG org.hibernate.hql.internal.ast.tree.FromElement - FromClause{level=1} : com.joseph.entity.Order (o) -> order0_
12:16:45.483 [main] DEBUG org.hibernate.hql.internal.ast.tree.FromReferenceNode - Resolved : o -> order0_.idorder
12:16:45.485 [main] DEBUG org.hibernate.hql.internal.ast.tree.DotNode - getDataType() : dateorder -> org.hibernate.type.LocalDateType@7db534f2
12:16:45.486 [main] DEBUG org.hibernate.hql.internal.ast.tree.FromReferenceNode - Resolved : o.dateorder -> order0_.dateorder
12:16:45.489 [main] DEBUG org.hibernate.hql.internal.ast.tree.FromReferenceNode - Resolved : o -> order0_.idorder
12:16:45.489 [main] DEBUG org.hibernate.hql.internal.ast.tree.DotNode - getDataType() : totalorder -> org.hibernate.type.DoubleType@114a85c2
12:16:45.489 [main] DEBUG org.hibernate.hql.internal.ast.tree.FromReferenceNode - Resolved : o.totalorder -> order0_.totalorder
12:16:45.494 [main] DEBUG org.hibernate.hql.internal.ast.tree.FromReferenceNode - Resolved : o -> order0_.idorder
12:16:45.494 [main] DEBUG org.hibernate.hql.internal.ast.tree.DotNode - getDataType() : dateorder -> org.hibernate.type.LocalDateType@7db534f2
12:16:45.494 [main] DEBUG org.hibernate.hql.internal.ast.tree.FromReferenceNode - Resolved : o.dateorder -> order0_.dateorder
12:16:45.499 [main] DEBUG org.hibernate.hql.internal.ast.tree.FromReferenceNode - Resolved : o -> order0_.idorder
12:16:45.499 [main] DEBUG org.hibernate.hql.internal.ast.tree.DotNode - getDataType() : dateorder -> org.hibernate.type.LocalDateType@7db534f2
12:16:45.499 [main] DEBUG org.hibernate.hql.internal.ast.tree.FromReferenceNode - Resolved : o.dateorder -> order0_.dateorder
12:16:45.500 [main] DEBUG org.hibernate.hql.internal.ast.tree.FromReferenceNode - Resolved : o -> order0_.idorder
12:16:45.500 [main] DEBUG org.hibernate.hql.internal.ast.tree.DotNode - getDataType() : dateorder -> org.hibernate.type.LocalDateType@7db534f2
12:16:45.500 [main] DEBUG org.hibernate.hql.internal.ast.tree.FromReferenceNode - Resolved : o.dateorder -> order0_.dateorder
12:16:45.500 [main] DEBUG org.hibernate.hql.internal.antlr.HqlSqlBaseWalker - select : finishing up [level=1, statement=select]
12:16:45.500 [main] DEBUG org.hibernate.hql.internal.ast.HqlSqlWalker - processQuery() :  ( SELECT ( {select clause} ( ( ( . ( . ( . com joseph ) Model ) rapportData ) ( order0_.dateorder order0_.idorder dateorder ) ( SUM ( order0_.totalorder order0_.idorder totalorder ) ) ) ) ( FromClause{level=1} order_table order0_ ) ( WHERE ( between ( order0_.dateorder order0_.idorder dateorder ) ? ? ) ) ( GROUP ( order0_.dateorder order0_.idorder dateorder ) ) ( ORDER ( order0_.dateorder order0_.idorder dateorder ) ) )
12:16:45.513 [main] DEBUG org.hibernate.hql.internal.ast.util.JoinProcessor - Using FROM fragment [order_table order0_]
12:16:45.514 [main] DEBUG org.hibernate.hql.internal.antlr.HqlSqlBaseWalker - select >> end [level=1, statement=select]
12:16:45.515 [main] DEBUG org.hibernate.hql.internal.ast.QueryTranslatorImpl - --- SQL AST ---
 \-[SELECT] QueryNode: 'SELECT'  querySpaces (order_table)
    +-[SELECT_CLAUSE] SelectClause: '{select clause}'
    |  \-[CONSTRUCTOR] ConstructorNode: '('
    |     +-[DOT] DotNode: '.' {propertyName=null,dereferenceType=UNKNOWN,getPropertyPath=null,path=com.joseph.Model.rapportData,no from element}
    |     |  +-[DOT] DotNode: '.' {propertyName=null,dereferenceType=UNKNOWN,getPropertyPath=null,path=com.joseph.Model,no from element}
    |     |  |  +-[DOT] DotNode: '.' {propertyName=null,dereferenceType=UNKNOWN,getPropertyPath=null,path=com.joseph,no from element}
    |     |  |  |  +-[IDENT] IdentNode: 'com' {originalText=com}
    |     |  |  |  \-[IDENT] IdentNode: 'joseph' {originalText=joseph}
    |     |  |  \-[IDENT] IdentNode: 'Model' {originalText=Model}
    |     |  \-[IDENT] IdentNode: 'rapportData' {originalText=rapportData}
    |     +-[DOT] DotNode: 'order0_.dateorder' {propertyName=dateorder,dereferenceType=PRIMITIVE,getPropertyPath=dateorder,path=o.dateorder,tableAlias=order0_,className=com.joseph.entity.Order,classAlias=o}
    |     |  +-[ALIAS_REF] IdentNode: 'order0_.idorder' {alias=o, className=com.joseph.entity.Order, tableAlias=order0_}
    |     |  \-[IDENT] IdentNode: 'dateorder' {originalText=dateorder}
    |     +-[SELECT_COLUMNS] SqlNode: ' as col_0_0_'
    |     +-[AGGREGATE] AggregateNode: 'SUM'
    |     |  \-[DOT] DotNode: 'order0_.totalorder' {propertyName=totalorder,dereferenceType=PRIMITIVE,getPropertyPath=totalorder,path=o.totalorder,tableAlias=order0_,className=com.joseph.entity.Order,classAlias=o}
    |     |     +-[ALIAS_REF] IdentNode: 'order0_.idorder' {alias=o, className=com.joseph.entity.Order, tableAlias=order0_}
    |     |     \-[IDENT] IdentNode: 'totalorder' {originalText=totalorder}
    |     \-[SELECT_COLUMNS] SqlNode: ' as col_1_0_'
    +-[FROM] FromClause: 'FROM' FromClause{level=1, fromElementCounter=1, fromElements=1, fromElementByClassAlias=[o], fromElementByTableAlias=[order0_], fromElementsByPath=[], collectionJoinFromElementsByPath=[], impliedElements=[]}
    |  \-[FROM_FRAGMENT] FromElement: 'order_table order0_' FromElement{explicit,not a collection join,not a fetch join,fetch non-lazy properties,classAlias=o,role=null,tableName=order_table,tableAlias=order0_,origin=null,columns={,className=com.joseph.entity.Order}}
    +-[WHERE] SqlNode: 'WHERE'
    |  \-[BETWEEN] BetweenOperatorNode: 'between'
    |     +-[DOT] DotNode: 'order0_.dateorder' {propertyName=dateorder,dereferenceType=PRIMITIVE,getPropertyPath=dateorder,path=o.dateorder,tableAlias=order0_,className=com.joseph.entity.Order,classAlias=o}
    |     |  +-[ALIAS_REF] IdentNode: 'order0_.idorder' {alias=o, className=com.joseph.entity.Order, tableAlias=order0_}
    |     |  \-[IDENT] IdentNode: 'dateorder' {originalText=dateorder}
    |     +-[NAMED_PARAM] ParameterNode: '?' {name=startDate, expectedType=org.hibernate.type.LocalDateType@7db534f2}
    |     \-[NAMED_PARAM] ParameterNode: '?' {name=endDate, expectedType=org.hibernate.type.LocalDateType@7db534f2}
    +-[GROUP] SqlNode: 'GROUP'
    |  \-[DOT] DotNode: 'order0_.dateorder' {propertyName=dateorder,dereferenceType=PRIMITIVE,getPropertyPath=dateorder,path=o.dateorder,tableAlias=order0_,className=com.joseph.entity.Order,classAlias=o}
    |     +-[ALIAS_REF] IdentNode: 'order0_.idorder' {alias=o, className=com.joseph.entity.Order, tableAlias=order0_}
    |     \-[IDENT] IdentNode: 'dateorder' {originalText=dateorder}
    \-[ORDER] OrderByClause: 'ORDER'
       \-[DOT] DotNode: 'order0_.dateorder' {propertyName=dateorder,dereferenceType=PRIMITIVE,getPropertyPath=dateorder,path=o.dateorder,tableAlias=order0_,className=com.joseph.entity.Order,classAlias=o}
          +-[ALIAS_REF] IdentNode: 'order0_.idorder' {alias=o, className=com.joseph.entity.Order, tableAlias=order0_}
          \-[IDENT] IdentNode: 'dateorder' {originalText=dateorder}

12:16:45.515 [main] DEBUG org.hibernate.hql.internal.ast.ErrorCounter - throwQueryException() : no errors
12:16:45.533 [main] DEBUG org.hibernate.hql.internal.ast.QueryTranslatorImpl - HQL: SELECT NEW com.joseph.Model.rapportData(o.dateorder, SUM(o.totalorder)) FROM com.joseph.entity.Order o WHERE o.dateorder BETWEEN :startDate AND :endDate GROUP BY o.dateorder ORDER BY o.dateorder
12:16:45.533 [main] DEBUG org.hibernate.hql.internal.ast.QueryTranslatorImpl - SQL: select order0_.dateorder as col_0_0_, sum(order0_.totalorder) as col_1_0_ from order_table order0_ where order0_.dateorder between ? and ? group by order0_.dateorder order by order0_.dateorder
12:16:45.533 [main] DEBUG org.hibernate.hql.internal.ast.ErrorCounter - throwQueryException() : no errors
12:16:45.557 [main] DEBUG org.springframework.data.repository.core.support.RepositoryFactorySupport - Finished creation of repository instance for com.joseph.repository.OrderRepository.
12:16:45.580 [main] DEBUG org.springframework.beans.factory.support.DefaultListableBeanFactory - Creating shared instance of singleton bean 'productServiceImpl'
12:16:45.584 [main] DEBUG org.springframework.beans.factory.support.DefaultListableBeanFactory - Creating shared instance of singleton bean 'productRepository'
12:16:45.593 [main] DEBUG org.springframework.orm.jpa.SharedEntityManagerCreator$SharedEntityManagerInvocationHandler - Creating new EntityManager for shared EntityManager invocation
12:16:45.594 [main] DEBUG org.springframework.data.repository.core.support.RepositoryFactorySupport - Initializing repository instance for com.joseph.repository.ProductRepository…
12:16:45.597 [main] DEBUG org.springframework.orm.jpa.SharedEntityManagerCreator$SharedEntityManagerInvocationHandler - Creating new EntityManager for shared EntityManager invocation
12:16:45.599 [main] DEBUG org.springframework.orm.jpa.SharedEntityManagerCreator$SharedEntityManagerInvocationHandler - Creating new EntityManager for shared EntityManager invocation
12:16:45.609 [main] DEBUG org.springframework.data.jpa.repository.query.JpaQueryFactory - Looking up query for method findByNameproduct
12:16:45.609 [main] DEBUG org.springframework.data.jpa.repository.query.NamedQuery - Looking up named query Product.findByNameproduct
12:16:45.611 [main] DEBUG org.springframework.data.jpa.repository.query.NamedQuery - Did not find named query Product.findByNameproduct
12:16:45.611 [main] DEBUG org.springframework.orm.jpa.SharedEntityManagerCreator$SharedEntityManagerInvocationHandler - Creating new EntityManager for shared EntityManager invocation
12:16:45.622 [main] DEBUG org.springframework.data.repository.core.support.RepositoryFactorySupport - Finished creation of repository instance for com.joseph.repository.ProductRepository.
12:16:45.645 [main] DEBUG org.springframework.beans.factory.support.DefaultListableBeanFactory - Creating shared instance of singleton bean 'clientController'
12:16:45.658 [main] DEBUG org.springframework.beans.factory.support.DefaultListableBeanFactory - Creating shared instance of singleton bean 'helloController'
12:16:45.660 [main] DEBUG org.springframework.beans.factory.support.DefaultListableBeanFactory - Creating shared instance of singleton bean 'orderController'
12:16:45.668 [main] DEBUG org.springframework.beans.factory.support.DefaultListableBeanFactory - Creating shared instance of singleton bean 'productController'
12:16:45.674 [main] DEBUG org.springframework.beans.factory.support.DefaultListableBeanFactory - Creating shared instance of singleton bean 'transactionManager'
12:16:45.677 [main] DEBUG org.springframework.beans.factory.support.DefaultListableBeanFactory - Autowiring by type from bean name 'transactionManager' via factory method to bean named 'entityManagerFactory'
12:16:45.775 [main] DEBUG org.springframework.test.context.cache.DefaultCacheAwareContextLoaderDelegate - Storing ApplicationContext [1911152052] in cache under key [[MergedContextConfiguration@f5958c9 testClass = OrderServiceImplTest, locations = '{}', classes = '{class com.joseph.config.PersistenceJPAConfig}', contextInitializerClasses = '[]', activeProfiles = '{}', propertySourceLocations = '{}', propertySourceProperties = '{}', contextCustomizers = set[[empty]], contextLoader = 'org.springframework.test.context.support.DelegatingSmartContextLoader', parent = [null]]]
12:16:45.775 [main] DEBUG org.springframework.test.context.cache - Spring test ApplicationContext cache statistics: [DefaultContextCache@46e190ed size = 1, maxSize = 32, parentContextCount = 0, hitCount = 0, missCount = 1]
12:16:45.781 [main] DEBUG org.springframework.test.context.cache.DefaultCacheAwareContextLoaderDelegate - Retrieved ApplicationContext [1911152052] from cache with key [[MergedContextConfiguration@f5958c9 testClass = OrderServiceImplTest, locations = '{}', classes = '{class com.joseph.config.PersistenceJPAConfig}', contextInitializerClasses = '[]', activeProfiles = '{}', propertySourceLocations = '{}', propertySourceProperties = '{}', contextCustomizers = set[[empty]], contextLoader = 'org.springframework.test.context.support.DelegatingSmartContextLoader', parent = [null]]]
12:16:45.781 [main] DEBUG org.springframework.test.context.cache - Spring test ApplicationContext cache statistics: [DefaultContextCache@46e190ed size = 1, maxSize = 32, parentContextCount = 0, hitCount = 1, missCount = 1]
12:16:45.802 [main] DEBUG org.springframework.test.context.support.AbstractDirtiesContextTestExecutionListener - Before test method: context [DefaultTestContext@77c2494c testClass = OrderServiceImplTest, testInstance = com.joseph.service.Impl.OrderServiceImplTest@61322f9d, testMethod = testSaveOrder@OrderServiceImplTest, testException = [null], mergedContextConfiguration = [MergedContextConfiguration@f5958c9 testClass = OrderServiceImplTest, locations = '{}', classes = '{class com.joseph.config.PersistenceJPAConfig}', contextInitializerClasses = '[]', activeProfiles = '{}', propertySourceLocations = '{}', propertySourceProperties = '{}', contextCustomizers = set[[empty]], contextLoader = 'org.springframework.test.context.support.DelegatingSmartContextLoader', parent = [null]], attributes = map[[empty]]], class annotated with @DirtiesContext [false] with mode [null], method annotated with @DirtiesContext [false] with mode [null].
12:16:45.808 [main] DEBUG org.springframework.test.context.cache.DefaultCacheAwareContextLoaderDelegate - Retrieved ApplicationContext [1911152052] from cache with key [[MergedContextConfiguration@f5958c9 testClass = OrderServiceImplTest, locations = '{}', classes = '{class com.joseph.config.PersistenceJPAConfig}', contextInitializerClasses = '[]', activeProfiles = '{}', propertySourceLocations = '{}', propertySourceProperties = '{}', contextCustomizers = set[[empty]], contextLoader = 'org.springframework.test.context.support.DelegatingSmartContextLoader', parent = [null]]]
12:16:45.808 [main] DEBUG org.springframework.test.context.cache - Spring test ApplicationContext cache statistics: [DefaultContextCache@46e190ed size = 1, maxSize = 32, parentContextCount = 0, hitCount = 2, missCount = 1]
12:16:45.810 [main] DEBUG org.springframework.test.context.cache.DefaultCacheAwareContextLoaderDelegate - Retrieved ApplicationContext [1911152052] from cache with key [[MergedContextConfiguration@f5958c9 testClass = OrderServiceImplTest, locations = '{}', classes = '{class com.joseph.config.PersistenceJPAConfig}', contextInitializerClasses = '[]', activeProfiles = '{}', propertySourceLocations = '{}', propertySourceProperties = '{}', contextCustomizers = set[[empty]], contextLoader = 'org.springframework.test.context.support.DelegatingSmartContextLoader', parent = [null]]]
12:16:45.811 [main] DEBUG org.springframework.test.context.cache - Spring test ApplicationContext cache statistics: [DefaultContextCache@46e190ed size = 1, maxSize = 32, parentContextCount = 0, hitCount = 3, missCount = 1]
12:16:45.826 [main] DEBUG org.springframework.data.repository.core.support.TransactionalRepositoryProxyPostProcessor$CustomAnnotationTransactionAttributeSource - Adding transactional method 'save' with attribute: PROPAGATION_REQUIRED,ISOLATION_DEFAULT
12:16:45.833 [main] DEBUG org.springframework.orm.jpa.JpaTransactionManager - Creating new transaction with name [org.springframework.data.jpa.repository.support.SimpleJpaRepository.save]: PROPAGATION_REQUIRED,ISOLATION_DEFAULT
12:16:45.834 [main] DEBUG org.springframework.orm.jpa.JpaTransactionManager - Opened new EntityManager [SessionImpl(PersistenceContext[entityKeys=[],collectionKeys=[]];ActionQueue[insertions=ExecutableList{size=0} updates=ExecutableList{size=0} deletions=ExecutableList{size=0} orphanRemovals=ExecutableList{size=0} collectionCreations=ExecutableList{size=0} collectionRemovals=ExecutableList{size=0} collectionUpdates=ExecutableList{size=0} collectionQueuedOps=ExecutableList{size=0} unresolvedInsertDependencies=null])] for JPA transaction
12:16:45.837 [main] DEBUG org.hibernate.engine.transaction.internal.TransactionImpl - begin
12:16:45.837 [main] DEBUG org.springframework.jdbc.datasource.DriverManagerDataSource - Creating new JDBC DriverManager Connection to [jdbc:mysql://localhost:3306/testcraftstorespringcore?useSSL=false&useTimezone=true&serverTimezone=UTC]
12:16:45.844 [main] DEBUG org.springframework.orm.jpa.JpaTransactionManager - Exposing JPA transaction as JDBC [org.springframework.orm.jpa.vendor.HibernateJpaDialect$HibernateConnectionHandle@3878be7b]
12:16:45.853 [main] DEBUG org.hibernate.event.internal.DefaultMergeEventListener - EntityCopyObserver strategy: disallow
12:16:45.867 [main] DEBUG org.hibernate.loader.Loader - Loading entity: [com.joseph.entity.Order#1]
12:16:45.876 [main] DEBUG org.hibernate.SQL - select order0_.idorder as idorder1_1_1_, order0_.idclient as idclient5_1_1_, order0_.dateorder as dateorde2_1_1_, order0_.statusorder as statusor3_1_1_, order0_.totalorder as totalord4_1_1_, orderitems1_.idorder as idorder3_2_3_, orderitems1_.id as id1_2_3_, orderitems1_.id as id1_2_0_, orderitems1_.idorder as idorder3_2_0_, orderitems1_.idproduct as idproduc4_2_0_, orderitems1_.quantity as quantity2_2_0_ from order_table order0_ left outer join orderitems orderitems1_ on order0_.idorder=orderitems1_.idorder where order0_.idorder=?
12:16:45.904 [main] DEBUG org.hibernate.loader.Loader - Result set row: 0
12:16:45.906 [main] DEBUG org.hibernate.loader.Loader - Result row: null, EntityKey[com.joseph.entity.Order#1]
12:16:45.923 [main] DEBUG org.hibernate.loader.Loader - Result set contains (possibly empty) collection: [com.joseph.entity.Order.orderItems#1]
12:16:45.938 [main] DEBUG org.hibernate.engine.internal.TwoPhaseLoad - Resolving associations for [com.joseph.entity.Order#1]
12:16:45.940 [main] DEBUG org.hibernate.loader.Loader - Loading entity: [com.joseph.entity.Client#1]
12:16:45.940 [main] DEBUG org.hibernate.SQL - select client0_.idclient as idclient1_0_1_, client0_.emailclient as emailcli2_0_1_, client0_.nameclient as nameclie3_0_1_, orders1_.idclient as idclient5_1_3_, orders1_.idorder as idorder1_1_3_, orders1_.idorder as idorder1_1_0_, orders1_.idclient as idclient5_1_0_, orders1_.dateorder as dateorde2_1_0_, orders1_.statusorder as statusor3_1_0_, orders1_.totalorder as totalord4_1_0_ from client client0_ left outer join order_table orders1_ on client0_.idclient=orders1_.idclient where client0_.idclient=?
12:16:45.944 [main] DEBUG org.hibernate.loader.Loader - Result set row: 0
12:16:45.945 [main] DEBUG org.hibernate.loader.Loader - Result row: EntityKey[com.joseph.entity.Order#1], EntityKey[com.joseph.entity.Client#1]
12:16:45.947 [main] DEBUG org.hibernate.loader.Loader - Found row of collection: [com.joseph.entity.Client.orders#1]
12:16:45.948 [main] DEBUG org.hibernate.engine.internal.TwoPhaseLoad - Resolving associations for [com.joseph.entity.Client#1]
12:16:45.952 [main] DEBUG org.hibernate.engine.internal.TwoPhaseLoad - Done materializing entity [com.joseph.entity.Client#1]
12:16:45.952 [main] DEBUG org.hibernate.engine.loading.internal.CollectionLoadContext - 1 collections were found in result set for role: com.joseph.entity.Client.orders
12:16:45.957 [main] DEBUG org.hibernate.engine.loading.internal.CollectionLoadContext - Collection fully initialized: [com.joseph.entity.Client.orders#1]
12:16:45.957 [main] DEBUG org.hibernate.engine.loading.internal.CollectionLoadContext - 1 collections initialized for role: com.joseph.entity.Client.orders
12:16:45.958 [main] DEBUG org.hibernate.loader.Loader - Done entity load
12:16:45.958 [main] DEBUG org.hibernate.engine.internal.TwoPhaseLoad - Done materializing entity [com.joseph.entity.Order#1]
12:16:45.958 [main] DEBUG org.hibernate.engine.loading.internal.CollectionLoadContext - 1 collections were found in result set for role: com.joseph.entity.Order.orderItems
12:16:45.958 [main] DEBUG org.hibernate.engine.loading.internal.CollectionLoadContext - Collection fully initialized: [com.joseph.entity.Order.orderItems#1]
12:16:45.958 [main] DEBUG org.hibernate.engine.loading.internal.CollectionLoadContext - 1 collections initialized for role: com.joseph.entity.Order.orderItems
12:16:45.958 [main] DEBUG org.hibernate.loader.Loader - Done entity load
12:16:45.965 [main] DEBUG org.springframework.orm.jpa.JpaTransactionManager - Initiating transaction commit
12:16:45.965 [main] DEBUG org.springframework.orm.jpa.JpaTransactionManager - Committing JPA transaction on EntityManager [SessionImpl(PersistenceContext[entityKeys=[EntityKey[com.joseph.entity.Client#1], EntityKey[com.joseph.entity.Order#1]],collectionKeys=[CollectionKey[com.joseph.entity.Client.orders#1], CollectionKey[com.joseph.entity.Order.orderItems#1]]];ActionQueue[insertions=ExecutableList{size=0} updates=ExecutableList{size=0} deletions=ExecutableList{size=0} orphanRemovals=ExecutableList{size=0} collectionCreations=ExecutableList{size=0} collectionRemovals=ExecutableList{size=0} collectionUpdates=ExecutableList{size=0} collectionQueuedOps=ExecutableList{size=0} unresolvedInsertDependencies=null])]
12:16:45.965 [main] DEBUG org.hibernate.engine.transaction.internal.TransactionImpl - committing
12:16:45.967 [main] DEBUG org.hibernate.event.internal.AbstractFlushingEventListener - Processing flush-time cascades
12:16:45.974 [main] DEBUG org.hibernate.event.internal.AbstractFlushingEventListener - Dirty checking collections
12:16:45.988 [main] DEBUG org.hibernate.engine.internal.Collections - Collection found: [com.joseph.entity.Order.orderItems#1], was: [com.joseph.entity.Order.orderItems#1] (initialized)
12:16:45.989 [main] DEBUG org.hibernate.engine.internal.Collections - Collection found: [com.joseph.entity.Client.orders#1], was: [com.joseph.entity.Client.orders#1] (initialized)
12:16:45.989 [main] DEBUG org.hibernate.event.internal.AbstractFlushingEventListener - Flushed: 0 insertions, 0 updates, 0 deletions to 2 objects
12:16:45.989 [main] DEBUG org.hibernate.event.internal.AbstractFlushingEventListener - Flushed: 0 (re)creations, 0 updates, 0 removals to 2 collections
12:16:45.991 [main] DEBUG org.hibernate.internal.util.EntityPrinter - Listing entities:
12:16:45.992 [main] DEBUG org.hibernate.internal.util.EntityPrinter - com.joseph.entity.Client{nameclient=yassine, emailclient=yassine@gmail.com, orders=[com.joseph.entity.Order#1], idclient=1}
12:16:45.992 [main] DEBUG org.hibernate.internal.util.EntityPrinter - com.joseph.entity.Order{idorder=1, client=com.joseph.entity.Client#1, dateorder=2024-01-03, orderItems=[], statusorder=INPROGRESS, totalorder=300.0}
12:16:45.995 [main] DEBUG org.springframework.orm.jpa.JpaTransactionManager - Closing JPA EntityManager [SessionImpl(PersistenceContext[entityKeys=[EntityKey[com.joseph.entity.Client#1], EntityKey[com.joseph.entity.Order#1]],collectionKeys=[CollectionKey[com.joseph.entity.Client.orders#1], CollectionKey[com.joseph.entity.Order.orderItems#1]]];ActionQueue[insertions=ExecutableList{size=0} updates=ExecutableList{size=0} deletions=ExecutableList{size=0} orphanRemovals=ExecutableList{size=0} collectionCreations=ExecutableList{size=0} collectionRemovals=ExecutableList{size=0} collectionUpdates=ExecutableList{size=0} collectionQueuedOps=ExecutableList{size=0} unresolvedInsertDependencies=null])] after transaction
12:16:46.004 [main] DEBUG org.springframework.test.context.cache.DefaultCacheAwareContextLoaderDelegate - Retrieved ApplicationContext [1911152052] from cache with key [[MergedContextConfiguration@f5958c9 testClass = OrderServiceImplTest, locations = '{}', classes = '{class com.joseph.config.PersistenceJPAConfig}', contextInitializerClasses = '[]', activeProfiles = '{}', propertySourceLocations = '{}', propertySourceProperties = '{}', contextCustomizers = set[[empty]], contextLoader = 'org.springframework.test.context.support.DelegatingSmartContextLoader', parent = [null]]]
12:16:46.005 [main] DEBUG org.springframework.test.context.cache - Spring test ApplicationContext cache statistics: [DefaultContextCache@46e190ed size = 1, maxSize = 32, parentContextCount = 0, hitCount = 4, missCount = 1]
12:16:46.007 [main] DEBUG org.springframework.test.context.cache.DefaultCacheAwareContextLoaderDelegate - Retrieved ApplicationContext [1911152052] from cache with key [[MergedContextConfiguration@f5958c9 testClass = OrderServiceImplTest, locations = '{}', classes = '{class com.joseph.config.PersistenceJPAConfig}', contextInitializerClasses = '[]', activeProfiles = '{}', propertySourceLocations = '{}', propertySourceProperties = '{}', contextCustomizers = set[[empty]], contextLoader = 'org.springframework.test.context.support.DelegatingSmartContextLoader', parent = [null]]]
12:16:46.008 [main] DEBUG org.springframework.test.context.cache - Spring test ApplicationContext cache statistics: [DefaultContextCache@46e190ed size = 1, maxSize = 32, parentContextCount = 0, hitCount = 5, missCount = 1]
12:16:46.009 [main] DEBUG org.springframework.test.context.support.AbstractDirtiesContextTestExecutionListener - After test method: context [DefaultTestContext@77c2494c testClass = OrderServiceImplTest, testInstance = com.joseph.service.Impl.OrderServiceImplTest@61322f9d, testMethod = testSaveOrder@OrderServiceImplTest, testException = [null], mergedContextConfiguration = [MergedContextConfiguration@f5958c9 testClass = OrderServiceImplTest, locations = '{}', classes = '{class com.joseph.config.PersistenceJPAConfig}', contextInitializerClasses = '[]', activeProfiles = '{}', propertySourceLocations = '{}', propertySourceProperties = '{}', contextCustomizers = set[[empty]], contextLoader = 'org.springframework.test.context.support.DelegatingSmartContextLoader', parent = [null]], attributes = map[[empty]]], class annotated with @DirtiesContext [false] with mode [null], method annotated with @DirtiesContext [false] with mode [null].
]]></system-out>
  </testcase>
</testsuite>