<?xml version="1.0" encoding="UTF-8"?>
<testsuite xmlns:xsi="http://www.w3.org/2001/XMLSchema-instance" xsi:noNamespaceSchemaLocation="https://maven.apache.org/surefire/maven-surefire-plugin/xsd/surefire-test-report-3.0.xsd" version="3.0" name="com.joseph.service.Impl.ClientServiceImplTest$parameterizedAndRepetedTest" time="0.508" tests="7" errors="0" skipped="0" failures="0">
  <properties>
    <property name="sun.desktop" value="windows"/>
    <property name="awt.toolkit" value="sun.awt.windows.WToolkit"/>
    <property name="file.encoding.pkg" value="sun.io"/>
    <property name="java.specification.version" value="1.8"/>
    <property name="sun.cpu.isalist" value="amd64"/>
    <property name="sun.jnu.encoding" value="Cp1252"/>
    <property name="java.class.path" value="C:\Users\AZUZ\Desktop\craftStore-With-spring-core-testing\target\test-classes;C:\Users\AZUZ\Desktop\craftStore-With-spring-core-testing\target\classes;C:\Users\AZUZ\.m2\repository\com\fasterxml\jackson\core\jackson-databind\2.13.0\jackson-databind-2.13.0.jar;C:\Users\AZUZ\.m2\repository\com\fasterxml\jackson\core\jackson-core\2.13.0\jackson-core-2.13.0.jar;C:\Users\AZUZ\.m2\repository\com\fasterxml\jackson\core\jackson-annotations\2.13.0\jackson-annotations-2.13.0.jar;C:\Users\AZUZ\.m2\repository\org\apache\poi\poi-ooxml\3.11\poi-ooxml-3.11.jar;C:\Users\AZUZ\.m2\repository\org\apache\poi\poi\3.11\poi-3.11.jar;C:\Users\AZUZ\.m2\repository\commons-codec\commons-codec\1.9\commons-codec-1.9.jar;C:\Users\AZUZ\.m2\repository\org\apache\poi\poi-ooxml-schemas\3.11\poi-ooxml-schemas-3.11.jar;C:\Users\AZUZ\.m2\repository\org\apache\xmlbeans\xmlbeans\2.6.0\xmlbeans-2.6.0.jar;C:\Users\AZUZ\.m2\repository\stax\stax-api\1.0.1\stax-api-1.0.1.jar;C:\Users\AZUZ\.m2\repository\org\springframework\spring-webmvc\5.2.22.RELEASE\spring-webmvc-5.2.22.RELEASE.jar;C:\Users\AZUZ\.m2\repository\org\springframework\spring-aop\5.2.22.RELEASE\spring-aop-5.2.22.RELEASE.jar;C:\Users\AZUZ\.m2\repository\org\springframework\spring-beans\5.2.22.RELEASE\spring-beans-5.2.22.RELEASE.jar;C:\Users\AZUZ\.m2\repository\org\springframework\spring-context\5.2.22.RELEASE\spring-context-5.2.22.RELEASE.jar;C:\Users\AZUZ\.m2\repository\org\springframework\spring-core\5.2.22.RELEASE\spring-core-5.2.22.RELEASE.jar;C:\Users\AZUZ\.m2\repository\org\springframework\spring-jcl\5.2.22.RELEASE\spring-jcl-5.2.22.RELEASE.jar;C:\Users\AZUZ\.m2\repository\org\springframework\spring-expression\5.2.22.RELEASE\spring-expression-5.2.22.RELEASE.jar;C:\Users\AZUZ\.m2\repository\org\springframework\spring-web\5.2.22.RELEASE\spring-web-5.2.22.RELEASE.jar;C:\Users\AZUZ\.m2\repository\org\thymeleaf\thymeleaf-spring5\3.0.15.RELEASE\thymeleaf-spring5-3.0.15.RELEASE.jar;C:\Users\AZUZ\.m2\repository\org\thymeleaf\thymeleaf\3.0.15.RELEASE\thymeleaf-3.0.15.RELEASE.jar;C:\Users\AZUZ\.m2\repository\org\attoparser\attoparser\2.0.5.RELEASE\attoparser-2.0.5.RELEASE.jar;C:\Users\AZUZ\.m2\repository\org\unbescape\unbescape\1.1.6.RELEASE\unbescape-1.1.6.RELEASE.jar;C:\Users\AZUZ\.m2\repository\org\webjars\bootstrap\5.2.0\bootstrap-5.2.0.jar;C:\Users\AZUZ\.m2\repository\jakarta\servlet\jakarta.servlet-api\4.0.4\jakarta.servlet-api-4.0.4.jar;C:\Users\AZUZ\.m2\repository\org\springframework\spring-test\5.2.22.RELEASE\spring-test-5.2.22.RELEASE.jar;C:\Users\AZUZ\.m2\repository\org\slf4j\slf4j-api\1.7.32\slf4j-api-1.7.32.jar;C:\Users\AZUZ\.m2\repository\ch\qos\logback\logback-classic\1.2.6\logback-classic-1.2.6.jar;C:\Users\AZUZ\.m2\repository\ch\qos\logback\logback-core\1.2.6\logback-core-1.2.6.jar;C:\Users\AZUZ\.m2\repository\org\junit\jupiter\junit-jupiter-api\5.9.0\junit-jupiter-api-5.9.0.jar;C:\Users\AZUZ\.m2\repository\org\opentest4j\opentest4j\1.2.0\opentest4j-1.2.0.jar;C:\Users\AZUZ\.m2\repository\org\junit\platform\junit-platform-commons\1.9.0\junit-platform-commons-1.9.0.jar;C:\Users\AZUZ\.m2\repository\org\apiguardian\apiguardian-api\1.1.2\apiguardian-api-1.1.2.jar;C:\Users\AZUZ\.m2\repository\org\junit\jupiter\junit-jupiter-params\5.10.0\junit-jupiter-params-5.10.0.jar;C:\Users\AZUZ\.m2\repository\org\junit\jupiter\junit-jupiter-engine\5.9.0\junit-jupiter-engine-5.9.0.jar;C:\Users\AZUZ\.m2\repository\org\junit\platform\junit-platform-engine\1.9.0\junit-platform-engine-1.9.0.jar;C:\Users\AZUZ\.m2\repository\org\hamcrest\hamcrest-core\2.2\hamcrest-core-2.2.jar;C:\Users\AZUZ\.m2\repository\org\hamcrest\hamcrest\2.2\hamcrest-2.2.jar;C:\Users\AZUZ\.m2\repository\com\mysql\mysql-connector-j\8.0.31\mysql-connector-j-8.0.31.jar;C:\Users\AZUZ\.m2\repository\com\google\protobuf\protobuf-java\3.19.4\protobuf-java-3.19.4.jar;C:\Users\AZUZ\.m2\repository\org\springframework\spring-orm\5.2.22.RELEASE\spring-orm-5.2.22.RELEASE.jar;C:\Users\AZUZ\.m2\repository\org\springframework\spring-jdbc\5.2.22.RELEASE\spring-jdbc-5.2.22.RELEASE.jar;C:\Users\AZUZ\.m2\repository\org\springframework\spring-tx\5.2.22.RELEASE\spring-tx-5.2.22.RELEASE.jar;C:\Users\AZUZ\.m2\repository\org\hibernate\hibernate-entitymanager\5.2.17.Final\hibernate-entitymanager-5.2.17.Final.jar;C:\Users\AZUZ\.m2\repository\org\jboss\logging\jboss-logging\3.3.1.Final\jboss-logging-3.3.1.Final.jar;C:\Users\AZUZ\.m2\repository\org\hibernate\hibernate-core\5.2.17.Final\hibernate-core-5.2.17.Final.jar;C:\Users\AZUZ\.m2\repository\antlr\antlr\2.7.7\antlr-2.7.7.jar;C:\Users\AZUZ\.m2\repository\org\jboss\jandex\2.0.3.Final\jandex-2.0.3.Final.jar;C:\Users\AZUZ\.m2\repository\dom4j\dom4j\1.6.1\dom4j-1.6.1.jar;C:\Users\AZUZ\.m2\repository\org\hibernate\common\hibernate-commons-annotations\5.0.1.Final\hibernate-commons-annotations-5.0.1.Final.jar;C:\Users\AZUZ\.m2\repository\org\hibernate\javax\persistence\hibernate-jpa-2.1-api\1.0.0.Final\hibernate-jpa-2.1-api-1.0.0.Final.jar;C:\Users\AZUZ\.m2\repository\org\javassist\javassist\3.22.0-GA\javassist-3.22.0-GA.jar;C:\Users\AZUZ\.m2\repository\net\bytebuddy\byte-buddy\1.6.14\byte-buddy-1.6.14.jar;C:\Users\AZUZ\.m2\repository\org\jboss\spec\javax\transaction\jboss-transaction-api_1.2_spec\1.0.1.Final\jboss-transaction-api_1.2_spec-1.0.1.Final.jar;C:\Users\AZUZ\.m2\repository\org\hibernate\hibernate-validator\5.4.1.Final\hibernate-validator-5.4.1.Final.jar;C:\Users\AZUZ\.m2\repository\javax\validation\validation-api\1.1.0.Final\validation-api-1.1.0.Final.jar;C:\Users\AZUZ\.m2\repository\com\fasterxml\classmate\1.3.1\classmate-1.3.1.jar;C:\Users\AZUZ\.m2\repository\org\springframework\data\spring-data-jpa\2.1.0.RELEASE\spring-data-jpa-2.1.0.RELEASE.jar;C:\Users\AZUZ\.m2\repository\org\springframework\data\spring-data-commons\2.1.0.RELEASE\spring-data-commons-2.1.0.RELEASE.jar;C:\Users\AZUZ\.m2\repository\org\aspectj\aspectjrt\1.9.1\aspectjrt-1.9.1.jar;C:\Users\AZUZ\.m2\repository\com\h2database\h2\2.1.214\h2-2.1.214.jar;"/>
    <property name="java.vm.vendor" value="Oracle Corporation"/>
    <property name="sun.arch.data.model" value="64"/>
    <property name="user.variant" value=""/>
    <property name="java.vendor.url" value="http://java.oracle.com/"/>
    <property name="user.timezone" value="Africa/Casablanca"/>
    <property name="user.country.format" value="US"/>
    <property name="java.vm.specification.version" value="1.8"/>
    <property name="os.name" value="Windows 10"/>
    <property name="user.country" value="FR"/>
    <property name="sun.java.launcher" value="SUN_STANDARD"/>
    <property name="sun.boot.library.path" value="C:\Program Files\Java\jdk1.8.0_202\jre\bin"/>
    <property name="sun.java.command" value="C:\Users\AZUZ\AppData\Local\Temp\surefire5076529982768076834\surefirebooter-20240104163857344_3.jar C:\Users\AZUZ\AppData\Local\Temp\surefire5076529982768076834 2024-01-04T16-38-56_483-jvmRun1 surefire-20240104163857344_1tmp surefire_0-20240104163857344_2tmp"/>
    <property name="surefire.test.class.path" value="C:\Users\AZUZ\Desktop\craftStore-With-spring-core-testing\target\test-classes;C:\Users\AZUZ\Desktop\craftStore-With-spring-core-testing\target\classes;C:\Users\AZUZ\.m2\repository\com\fasterxml\jackson\core\jackson-databind\2.13.0\jackson-databind-2.13.0.jar;C:\Users\AZUZ\.m2\repository\com\fasterxml\jackson\core\jackson-core\2.13.0\jackson-core-2.13.0.jar;C:\Users\AZUZ\.m2\repository\com\fasterxml\jackson\core\jackson-annotations\2.13.0\jackson-annotations-2.13.0.jar;C:\Users\AZUZ\.m2\repository\org\apache\poi\poi-ooxml\3.11\poi-ooxml-3.11.jar;C:\Users\AZUZ\.m2\repository\org\apache\poi\poi\3.11\poi-3.11.jar;C:\Users\AZUZ\.m2\repository\commons-codec\commons-codec\1.9\commons-codec-1.9.jar;C:\Users\AZUZ\.m2\repository\org\apache\poi\poi-ooxml-schemas\3.11\poi-ooxml-schemas-3.11.jar;C:\Users\AZUZ\.m2\repository\org\apache\xmlbeans\xmlbeans\2.6.0\xmlbeans-2.6.0.jar;C:\Users\AZUZ\.m2\repository\stax\stax-api\1.0.1\stax-api-1.0.1.jar;C:\Users\AZUZ\.m2\repository\org\springframework\spring-webmvc\5.2.22.RELEASE\spring-webmvc-5.2.22.RELEASE.jar;C:\Users\AZUZ\.m2\repository\org\springframework\spring-aop\5.2.22.RELEASE\spring-aop-5.2.22.RELEASE.jar;C:\Users\AZUZ\.m2\repository\org\springframework\spring-beans\5.2.22.RELEASE\spring-beans-5.2.22.RELEASE.jar;C:\Users\AZUZ\.m2\repository\org\springframework\spring-context\5.2.22.RELEASE\spring-context-5.2.22.RELEASE.jar;C:\Users\AZUZ\.m2\repository\org\springframework\spring-core\5.2.22.RELEASE\spring-core-5.2.22.RELEASE.jar;C:\Users\AZUZ\.m2\repository\org\springframework\spring-jcl\5.2.22.RELEASE\spring-jcl-5.2.22.RELEASE.jar;C:\Users\AZUZ\.m2\repository\org\springframework\spring-expression\5.2.22.RELEASE\spring-expression-5.2.22.RELEASE.jar;C:\Users\AZUZ\.m2\repository\org\springframework\spring-web\5.2.22.RELEASE\spring-web-5.2.22.RELEASE.jar;C:\Users\AZUZ\.m2\repository\org\thymeleaf\thymeleaf-spring5\3.0.15.RELEASE\thymeleaf-spring5-3.0.15.RELEASE.jar;C:\Users\AZUZ\.m2\repository\org\thymeleaf\thymeleaf\3.0.15.RELEASE\thymeleaf-3.0.15.RELEASE.jar;C:\Users\AZUZ\.m2\repository\org\attoparser\attoparser\2.0.5.RELEASE\attoparser-2.0.5.RELEASE.jar;C:\Users\AZUZ\.m2\repository\org\unbescape\unbescape\1.1.6.RELEASE\unbescape-1.1.6.RELEASE.jar;C:\Users\AZUZ\.m2\repository\org\webjars\bootstrap\5.2.0\bootstrap-5.2.0.jar;C:\Users\AZUZ\.m2\repository\jakarta\servlet\jakarta.servlet-api\4.0.4\jakarta.servlet-api-4.0.4.jar;C:\Users\AZUZ\.m2\repository\org\springframework\spring-test\5.2.22.RELEASE\spring-test-5.2.22.RELEASE.jar;C:\Users\AZUZ\.m2\repository\org\slf4j\slf4j-api\1.7.32\slf4j-api-1.7.32.jar;C:\Users\AZUZ\.m2\repository\ch\qos\logback\logback-classic\1.2.6\logback-classic-1.2.6.jar;C:\Users\AZUZ\.m2\repository\ch\qos\logback\logback-core\1.2.6\logback-core-1.2.6.jar;C:\Users\AZUZ\.m2\repository\org\junit\jupiter\junit-jupiter-api\5.9.0\junit-jupiter-api-5.9.0.jar;C:\Users\AZUZ\.m2\repository\org\opentest4j\opentest4j\1.2.0\opentest4j-1.2.0.jar;C:\Users\AZUZ\.m2\repository\org\junit\platform\junit-platform-commons\1.9.0\junit-platform-commons-1.9.0.jar;C:\Users\AZUZ\.m2\repository\org\apiguardian\apiguardian-api\1.1.2\apiguardian-api-1.1.2.jar;C:\Users\AZUZ\.m2\repository\org\junit\jupiter\junit-jupiter-params\5.10.0\junit-jupiter-params-5.10.0.jar;C:\Users\AZUZ\.m2\repository\org\junit\jupiter\junit-jupiter-engine\5.9.0\junit-jupiter-engine-5.9.0.jar;C:\Users\AZUZ\.m2\repository\org\junit\platform\junit-platform-engine\1.9.0\junit-platform-engine-1.9.0.jar;C:\Users\AZUZ\.m2\repository\org\hamcrest\hamcrest-core\2.2\hamcrest-core-2.2.jar;C:\Users\AZUZ\.m2\repository\org\hamcrest\hamcrest\2.2\hamcrest-2.2.jar;C:\Users\AZUZ\.m2\repository\com\mysql\mysql-connector-j\8.0.31\mysql-connector-j-8.0.31.jar;C:\Users\AZUZ\.m2\repository\com\google\protobuf\protobuf-java\3.19.4\protobuf-java-3.19.4.jar;C:\Users\AZUZ\.m2\repository\org\springframework\spring-orm\5.2.22.RELEASE\spring-orm-5.2.22.RELEASE.jar;C:\Users\AZUZ\.m2\repository\org\springframework\spring-jdbc\5.2.22.RELEASE\spring-jdbc-5.2.22.RELEASE.jar;C:\Users\AZUZ\.m2\repository\org\springframework\spring-tx\5.2.22.RELEASE\spring-tx-5.2.22.RELEASE.jar;C:\Users\AZUZ\.m2\repository\org\hibernate\hibernate-entitymanager\5.2.17.Final\hibernate-entitymanager-5.2.17.Final.jar;C:\Users\AZUZ\.m2\repository\org\jboss\logging\jboss-logging\3.3.1.Final\jboss-logging-3.3.1.Final.jar;C:\Users\AZUZ\.m2\repository\org\hibernate\hibernate-core\5.2.17.Final\hibernate-core-5.2.17.Final.jar;C:\Users\AZUZ\.m2\repository\antlr\antlr\2.7.7\antlr-2.7.7.jar;C:\Users\AZUZ\.m2\repository\org\jboss\jandex\2.0.3.Final\jandex-2.0.3.Final.jar;C:\Users\AZUZ\.m2\repository\dom4j\dom4j\1.6.1\dom4j-1.6.1.jar;C:\Users\AZUZ\.m2\repository\org\hibernate\common\hibernate-commons-annotations\5.0.1.Final\hibernate-commons-annotations-5.0.1.Final.jar;C:\Users\AZUZ\.m2\repository\org\hibernate\javax\persistence\hibernate-jpa-2.1-api\1.0.0.Final\hibernate-jpa-2.1-api-1.0.0.Final.jar;C:\Users\AZUZ\.m2\repository\org\javassist\javassist\3.22.0-GA\javassist-3.22.0-GA.jar;C:\Users\AZUZ\.m2\repository\net\bytebuddy\byte-buddy\1.6.14\byte-buddy-1.6.14.jar;C:\Users\AZUZ\.m2\repository\org\jboss\spec\javax\transaction\jboss-transaction-api_1.2_spec\1.0.1.Final\jboss-transaction-api_1.2_spec-1.0.1.Final.jar;C:\Users\AZUZ\.m2\repository\org\hibernate\hibernate-validator\5.4.1.Final\hibernate-validator-5.4.1.Final.jar;C:\Users\AZUZ\.m2\repository\javax\validation\validation-api\1.1.0.Final\validation-api-1.1.0.Final.jar;C:\Users\AZUZ\.m2\repository\com\fasterxml\classmate\1.3.1\classmate-1.3.1.jar;C:\Users\AZUZ\.m2\repository\org\springframework\data\spring-data-jpa\2.1.0.RELEASE\spring-data-jpa-2.1.0.RELEASE.jar;C:\Users\AZUZ\.m2\repository\org\springframework\data\spring-data-commons\2.1.0.RELEASE\spring-data-commons-2.1.0.RELEASE.jar;C:\Users\AZUZ\.m2\repository\org\aspectj\aspectjrt\1.9.1\aspectjrt-1.9.1.jar;C:\Users\AZUZ\.m2\repository\com\h2database\h2\2.1.214\h2-2.1.214.jar;"/>
    <property name="sun.cpu.endian" value="little"/>
    <property name="user.home" value="C:\Users\AZUZ"/>
    <property name="user.language" value="fr"/>
    <property name="java.specification.vendor" value="Oracle Corporation"/>
    <property name="java.home" value="C:\Program Files\Java\jdk1.8.0_202\jre"/>
    <property name="basedir" value="C:\Users\AZUZ\Desktop\craftStore-With-spring-core-testing"/>
    <property name="file.separator" value="\"/>
    <property name="line.separator" value="&#10;"/>
    <property name="java.vm.specification.vendor" value="Oracle Corporation"/>
    <property name="java.specification.name" value="Java Platform API Specification"/>
    <property name="java.awt.graphicsenv" value="sun.awt.Win32GraphicsEnvironment"/>
    <property name="surefire.real.class.path" value="C:\Users\AZUZ\AppData\Local\Temp\surefire5076529982768076834\surefirebooter-20240104163857344_3.jar"/>
    <property name="sun.boot.class.path" value="C:\Program Files\Java\jdk1.8.0_202\jre\lib\resources.jar;C:\Program Files\Java\jdk1.8.0_202\jre\lib\rt.jar;C:\Program Files\Java\jdk1.8.0_202\jre\lib\sunrsasign.jar;C:\Program Files\Java\jdk1.8.0_202\jre\lib\jsse.jar;C:\Program Files\Java\jdk1.8.0_202\jre\lib\jce.jar;C:\Program Files\Java\jdk1.8.0_202\jre\lib\charsets.jar;C:\Program Files\Java\jdk1.8.0_202\jre\lib\jfr.jar;C:\Program Files\Java\jdk1.8.0_202\jre\classes"/>
    <property name="user.script" value=""/>
    <property name="sun.management.compiler" value="HotSpot 64-Bit Tiered Compilers"/>
    <property name="java.runtime.version" value="1.8.0_202-b08"/>
    <property name="user.name" value="AZUZ"/>
    <property name="path.separator" value=";"/>
    <property name="os.version" value="10.0"/>
    <property name="java.endorsed.dirs" value="C:\Program Files\Java\jdk1.8.0_202\jre\lib\endorsed"/>
    <property name="java.runtime.name" value="Java(TM) SE Runtime Environment"/>
    <property name="file.encoding" value="Cp1252"/>
    <property name="java.vm.name" value="Java HotSpot(TM) 64-Bit Server VM"/>
    <property name="localRepository" value="C:\Users\AZUZ\.m2\repository"/>
    <property name="java.vendor.url.bug" value="http://bugreport.sun.com/bugreport/"/>
    <property name="java.io.tmpdir" value="C:\Users\AZUZ\AppData\Local\Temp\"/>
    <property name="java.version" value="1.8.0_202"/>
    <property name="user.dir" value="C:\Users\AZUZ\Desktop\craftStore-With-spring-core-testing"/>
    <property name="os.arch" value="amd64"/>
    <property name="java.vm.specification.name" value="Java Virtual Machine Specification"/>
    <property name="java.awt.printerjob" value="sun.awt.windows.WPrinterJob"/>
    <property name="user.language.format" value="en"/>
    <property name="sun.os.patch.level" value=""/>
    <property name="java.library.path" value="C:\Program Files\Java\jdk1.8.0_202\jre\bin;C:\WINDOWS\Sun\Java\bin;C:\WINDOWS\system32;C:\WINDOWS;C:\Program Files\Common Files\Oracle\Java\javapath;C:\Program Files\Java\jdk1.8.0_202;C:\Program Files (x86)\Common Files\Oracle\Java\javapath;C:\Program Files (x86)\VMware\VMware Workstation\bin\;C:\WINDOWS\system32;C:\WINDOWS;C:\WINDOWS\System32\Wbem;C:\WINDOWS\System32\WindowsPowerShell\v1.0\;C:\WINDOWS\System32\OpenSSH\;C:\Program Files\PuTTY\;C:\Program Files\nodejs\;C:\Program Files\Git\cmd;%MAVEN_HOME%\bin;C:\apache-maven-3.9.6\bin;C:\Users\AZUZ\AppData\Local\Programs\Python\Python37\Scripts\;C:\Users\AZUZ\AppData\Local\Programs\Python\Python37\;C:\Users\AZUZ\AppData\Local\Microsoft\WindowsApps;C:\Users\AZUZ\AppData\Local\Programs\Microsoft VS Code\bin;C:\Users\AZUZ\AppData\Roaming\npm;C:\apache-maven-3.9.6\bin;C:\Program Files\Java\jdk1.8.0_202\bin;;."/>
    <property name="java.vm.info" value="mixed mode"/>
    <property name="java.vendor" value="Oracle Corporation"/>
    <property name="java.vm.version" value="25.202-b08"/>
    <property name="java.ext.dirs" value="C:\Program Files\Java\jdk1.8.0_202\jre\lib\ext;C:\WINDOWS\Sun\Java\lib\ext"/>
    <property name="sun.io.unicode.encoding" value="UnicodeLittle"/>
    <property name="java.class.version" value="52.0"/>
  </properties>
  <testcase name="testDeleteClient" classname="com.joseph.service.Impl.ClientServiceImplTest" time="0.268">
    <system-out><![CDATA[16:38:59.065 [main] DEBUG org.springframework.test.context.BootstrapUtils - Instantiating CacheAwareContextLoaderDelegate from class [org.springframework.test.context.cache.DefaultCacheAwareContextLoaderDelegate]
16:38:59.079 [main] DEBUG org.springframework.test.context.BootstrapUtils - Instantiating BootstrapContext using constructor [public org.springframework.test.context.support.DefaultBootstrapContext(java.lang.Class,org.springframework.test.context.CacheAwareContextLoaderDelegate)]
16:38:59.111 [main] DEBUG org.springframework.test.context.BootstrapUtils - Instantiating TestContextBootstrapper for test class [com.joseph.service.Impl.ClientServiceImplTest] from class [org.springframework.test.context.support.DefaultTestContextBootstrapper]
16:38:59.142 [main] DEBUG org.springframework.test.context.support.AbstractDelegatingSmartContextLoader - Delegating to AnnotationConfigContextLoader to process context configuration [ContextConfigurationAttributes@71d44a3 declaringClass = 'com.joseph.service.Impl.ClientServiceImplTest', classes = '{class com.joseph.config.PersistenceJPAConfig}', locations = '{}', inheritLocations = true, initializers = '{}', inheritInitializers = true, name = [null], contextLoaderClass = 'org.springframework.test.context.ContextLoader'].
16:38:59.167 [main] DEBUG org.springframework.test.context.support.ActiveProfilesUtils - Could not find an 'annotation declaring class' for annotation type [org.springframework.test.context.ActiveProfiles] and class [com.joseph.service.Impl.ClientServiceImplTest]
16:38:59.168 [main] DEBUG org.springframework.test.context.support.DefaultTestContextBootstrapper - @TestExecutionListeners is not present for class [com.joseph.service.Impl.ClientServiceImplTest]: using defaults.
16:38:59.169 [main] INFO org.springframework.test.context.support.DefaultTestContextBootstrapper - Loaded default TestExecutionListener class names from location [META-INF/spring.factories]: [org.springframework.test.context.web.ServletTestExecutionListener, org.springframework.test.context.support.DirtiesContextBeforeModesTestExecutionListener, org.springframework.test.context.support.DependencyInjectionTestExecutionListener, org.springframework.test.context.support.DirtiesContextTestExecutionListener, org.springframework.test.context.transaction.TransactionalTestExecutionListener, org.springframework.test.context.jdbc.SqlScriptsTestExecutionListener, org.springframework.test.context.event.EventPublishingTestExecutionListener]
16:38:59.187 [main] INFO org.springframework.test.context.support.DefaultTestContextBootstrapper - Using TestExecutionListeners: [org.springframework.test.context.web.ServletTestExecutionListener@587e5365, org.springframework.test.context.support.DirtiesContextBeforeModesTestExecutionListener@22fcf7ab, org.springframework.test.context.support.DependencyInjectionTestExecutionListener@2de23121, org.springframework.test.context.support.DirtiesContextTestExecutionListener@63475ace, org.springframework.test.context.transaction.TransactionalTestExecutionListener@4988d8b8, org.springframework.test.context.jdbc.SqlScriptsTestExecutionListener@c0c2f8d, org.springframework.test.context.event.EventPublishingTestExecutionListener@305b7c14]
16:38:59.189 [main] DEBUG org.springframework.test.context.support.AbstractDirtiesContextTestExecutionListener - Before test class: context [DefaultTestContext@158a8276 testClass = ClientServiceImplTest, testInstance = [null], testMethod = [null], testException = [null], mergedContextConfiguration = [MergedContextConfiguration@3c3d9b6b testClass = ClientServiceImplTest, locations = '{}', classes = '{class com.joseph.config.PersistenceJPAConfig}', contextInitializerClasses = '[]', activeProfiles = '{}', propertySourceLocations = '{}', propertySourceProperties = '{}', contextCustomizers = set[[empty]], contextLoader = 'org.springframework.test.context.support.DelegatingSmartContextLoader', parent = [null]], attributes = map[[empty]]], class annotated with @DirtiesContext [false] with mode [null].
16:38:59.202 [main] DEBUG org.springframework.test.context.support.DependencyInjectionTestExecutionListener - Performing dependency injection for test context [[DefaultTestContext@158a8276 testClass = ClientServiceImplTest, testInstance = com.joseph.service.Impl.ClientServiceImplTest@63070bab, testMethod = [null], testException = [null], mergedContextConfiguration = [MergedContextConfiguration@3c3d9b6b testClass = ClientServiceImplTest, locations = '{}', classes = '{class com.joseph.config.PersistenceJPAConfig}', contextInitializerClasses = '[]', activeProfiles = '{}', propertySourceLocations = '{}', propertySourceProperties = '{}', contextCustomizers = set[[empty]], contextLoader = 'org.springframework.test.context.support.DelegatingSmartContextLoader', parent = [null]], attributes = map[[empty]]]].
16:38:59.202 [main] DEBUG org.springframework.test.context.support.AbstractDelegatingSmartContextLoader - Delegating to AnnotationConfigContextLoader to load context from [MergedContextConfiguration@3c3d9b6b testClass = ClientServiceImplTest, locations = '{}', classes = '{class com.joseph.config.PersistenceJPAConfig}', contextInitializerClasses = '[]', activeProfiles = '{}', propertySourceLocations = '{}', propertySourceProperties = '{}', contextCustomizers = set[[empty]], contextLoader = 'org.springframework.test.context.support.DelegatingSmartContextLoader', parent = [null]].
16:38:59.202 [main] DEBUG org.springframework.test.context.support.AbstractGenericContextLoader - Loading ApplicationContext for merged context configuration [[MergedContextConfiguration@3c3d9b6b testClass = ClientServiceImplTest, locations = '{}', classes = '{class com.joseph.config.PersistenceJPAConfig}', contextInitializerClasses = '[]', activeProfiles = '{}', propertySourceLocations = '{}', propertySourceProperties = '{}', contextCustomizers = set[[empty]], contextLoader = 'org.springframework.test.context.support.DelegatingSmartContextLoader', parent = [null]]].
16:38:59.264 [main] DEBUG org.springframework.core.env.StandardEnvironment - Activating profiles []
16:38:59.264 [main] DEBUG org.springframework.test.context.support.AnnotationConfigContextLoader - Registering component classes: {class com.joseph.config.PersistenceJPAConfig}
16:38:59.338 [main] DEBUG org.springframework.context.support.GenericApplicationContext - Refreshing org.springframework.context.support.GenericApplicationContext@1018bde2
16:38:59.352 [main] DEBUG org.springframework.beans.factory.support.DefaultListableBeanFactory - Creating shared instance of singleton bean 'org.springframework.context.annotation.internalConfigurationAnnotationProcessor'
16:38:59.446 [main] DEBUG org.springframework.context.annotation.ClassPathBeanDefinitionScanner - Identified candidate component class: file [C:\Users\AZUZ\Desktop\craftStore-With-spring-core-testing\target\classes\com\joseph\entity\Client.class]
16:38:59.448 [main] DEBUG org.springframework.context.annotation.ClassPathBeanDefinitionScanner - Identified candidate component class: file [C:\Users\AZUZ\Desktop\craftStore-With-spring-core-testing\target\classes\com\joseph\entity\Order.class]
16:38:59.448 [main] DEBUG org.springframework.context.annotation.ClassPathBeanDefinitionScanner - Identified candidate component class: file [C:\Users\AZUZ\Desktop\craftStore-With-spring-core-testing\target\classes\com\joseph\entity\OrderItem.class]
16:38:59.449 [main] DEBUG org.springframework.context.annotation.ClassPathBeanDefinitionScanner - Identified candidate component class: file [C:\Users\AZUZ\Desktop\craftStore-With-spring-core-testing\target\classes\com\joseph\entity\Product.class]
16:38:59.453 [main] DEBUG org.springframework.context.annotation.ClassPathBeanDefinitionScanner - Ignored because not a concrete top-level class: file [C:\Users\AZUZ\Desktop\craftStore-With-spring-core-testing\target\classes\com\joseph\repository\ClientRepository.class]
16:38:59.455 [main] DEBUG org.springframework.context.annotation.ClassPathBeanDefinitionScanner - Ignored because not a concrete top-level class: file [C:\Users\AZUZ\Desktop\craftStore-With-spring-core-testing\target\classes\com\joseph\repository\OrderItemRepository.class]
16:38:59.458 [main] DEBUG org.springframework.context.annotation.ClassPathBeanDefinitionScanner - Ignored because not a concrete top-level class: file [C:\Users\AZUZ\Desktop\craftStore-With-spring-core-testing\target\classes\com\joseph\repository\OrderRepository.class]
16:38:59.459 [main] DEBUG org.springframework.context.annotation.ClassPathBeanDefinitionScanner - Ignored because not a concrete top-level class: file [C:\Users\AZUZ\Desktop\craftStore-With-spring-core-testing\target\classes\com\joseph\repository\ProductRepository.class]
16:38:59.462 [main] DEBUG org.springframework.context.annotation.ClassPathBeanDefinitionScanner - Identified candidate component class: file [C:\Users\AZUZ\Desktop\craftStore-With-spring-core-testing\target\classes\com\joseph\service\Impl\ClientServiceImpl.class]
16:38:59.463 [main] DEBUG org.springframework.context.annotation.ClassPathBeanDefinitionScanner - Identified candidate component class: file [C:\Users\AZUZ\Desktop\craftStore-With-spring-core-testing\target\classes\com\joseph\service\Impl\OrderItemServiceImpl.class]
16:38:59.464 [main] DEBUG org.springframework.context.annotation.ClassPathBeanDefinitionScanner - Identified candidate component class: file [C:\Users\AZUZ\Desktop\craftStore-With-spring-core-testing\target\classes\com\joseph\service\Impl\OrderServiceImpl.class]
16:38:59.465 [main] DEBUG org.springframework.context.annotation.ClassPathBeanDefinitionScanner - Identified candidate component class: file [C:\Users\AZUZ\Desktop\craftStore-With-spring-core-testing\target\classes\com\joseph\service\Impl\ProductServiceImpl.class]
16:38:59.477 [main] DEBUG org.springframework.context.annotation.ClassPathBeanDefinitionScanner - Identified candidate component class: file [C:\Users\AZUZ\Desktop\craftStore-With-spring-core-testing\target\classes\com\joseph\web\ClientController.class]
16:38:59.479 [main] DEBUG org.springframework.context.annotation.ClassPathBeanDefinitionScanner - Identified candidate component class: file [C:\Users\AZUZ\Desktop\craftStore-With-spring-core-testing\target\classes\com\joseph\web\HelloController.class]
16:38:59.480 [main] DEBUG org.springframework.context.annotation.ClassPathBeanDefinitionScanner - Identified candidate component class: file [C:\Users\AZUZ\Desktop\craftStore-With-spring-core-testing\target\classes\com\joseph\web\OrderController.class]
16:38:59.482 [main] DEBUG org.springframework.context.annotation.ClassPathBeanDefinitionScanner - Identified candidate component class: file [C:\Users\AZUZ\Desktop\craftStore-With-spring-core-testing\target\classes\com\joseph\web\ProductController.class]
16:38:59.575 [main] INFO org.springframework.data.repository.config.RepositoryConfigurationDelegate - Bootstrapping Spring Data repositories in DEFAULT mode.
16:38:59.588 [main] DEBUG org.springframework.data.repository.config.RepositoryConfigurationDelegate - Scanning for repositories in packages com.joseph.repository.
16:38:59.598 [main] DEBUG org.springframework.data.repository.config.RepositoryComponentProvider - Identified candidate component class: file [C:\Users\AZUZ\Desktop\craftStore-With-spring-core-testing\target\classes\com\joseph\repository\ClientRepository.class]
16:38:59.599 [main] DEBUG org.springframework.data.repository.config.RepositoryComponentProvider - Identified candidate component class: file [C:\Users\AZUZ\Desktop\craftStore-With-spring-core-testing\target\classes\com\joseph\repository\OrderItemRepository.class]
16:38:59.599 [main] DEBUG org.springframework.data.repository.config.RepositoryComponentProvider - Identified candidate component class: file [C:\Users\AZUZ\Desktop\craftStore-With-spring-core-testing\target\classes\com\joseph\repository\OrderRepository.class]
16:38:59.599 [main] DEBUG org.springframework.data.repository.config.RepositoryComponentProvider - Identified candidate component class: file [C:\Users\AZUZ\Desktop\craftStore-With-spring-core-testing\target\classes\com\joseph\repository\ProductRepository.class]
16:38:59.705 [main] INFO org.springframework.data.repository.config.RepositoryConfigurationDelegate - Finished Spring Data repository scanning in 116ms. Found 4 repository interfaces.
16:38:59.921 [main] DEBUG org.springframework.beans.factory.support.DefaultListableBeanFactory - Creating shared instance of singleton bean 'emBeanDefinitionRegistrarPostProcessor'
16:38:59.929 [main] DEBUG org.springframework.beans.factory.support.DefaultListableBeanFactory - Creating shared instance of singleton bean 'org.springframework.context.event.internalEventListenerProcessor'
16:38:59.933 [main] DEBUG org.springframework.beans.factory.support.DefaultListableBeanFactory - Creating shared instance of singleton bean 'org.springframework.context.event.internalEventListenerFactory'
16:38:59.934 [main] DEBUG org.springframework.beans.factory.support.DefaultListableBeanFactory - Creating shared instance of singleton bean 'org.springframework.transaction.config.internalTransactionalEventListenerFactory'
16:38:59.940 [main] DEBUG org.springframework.beans.factory.support.DefaultListableBeanFactory - Creating shared instance of singleton bean 'org.springframework.context.annotation.internalAutowiredAnnotationProcessor'
16:38:59.943 [main] DEBUG org.springframework.beans.factory.support.DefaultListableBeanFactory - Creating shared instance of singleton bean 'org.springframework.context.annotation.internalCommonAnnotationProcessor'
16:38:59.948 [main] DEBUG org.springframework.beans.factory.support.DefaultListableBeanFactory - Creating shared instance of singleton bean 'org.springframework.context.annotation.internalPersistenceAnnotationProcessor'
16:38:59.951 [main] DEBUG org.springframework.beans.factory.support.DefaultListableBeanFactory - Creating shared instance of singleton bean 'exceptionTranslation'
16:38:59.951 [main] DEBUG org.springframework.beans.factory.support.DefaultListableBeanFactory - Creating shared instance of singleton bean 'persistenceJPAConfig'
16:38:59.994 [main] INFO org.springframework.context.support.PostProcessorRegistrationDelegate$BeanPostProcessorChecker - Bean 'persistenceJPAConfig' of type [com.joseph.config.PersistenceJPAConfig$$EnhancerBySpringCGLIB$$c9772279] is not eligible for getting processed by all BeanPostProcessors (for example: not eligible for auto-proxying)
16:39:00.015 [main] DEBUG org.springframework.beans.factory.support.DefaultListableBeanFactory - Creating shared instance of singleton bean 'org.springframework.aop.config.internalAutoProxyCreator'
16:39:00.073 [main] DEBUG org.springframework.beans.factory.support.DefaultListableBeanFactory - Creating shared instance of singleton bean 'entityManagerFactory'
16:39:00.090 [main] DEBUG org.springframework.beans.factory.support.DefaultListableBeanFactory - Creating shared instance of singleton bean 'dataSource'
16:39:00.093 [main] DEBUG org.springframework.core.env.PropertySourcesPropertyResolver - Found key 'jdbc.driverClassName' in PropertySource 'class path resource [database.properties]' with value of type String
16:39:00.108 [main] DEBUG org.springframework.jdbc.datasource.DriverManagerDataSource - Loaded JDBC driver: com.mysql.cj.jdbc.Driver
16:39:00.108 [main] DEBUG org.springframework.core.env.PropertySourcesPropertyResolver - Found key 'jdbc.url' in PropertySource 'class path resource [database.properties]' with value of type String
16:39:00.108 [main] DEBUG org.springframework.core.env.PropertySourcesPropertyResolver - Found key 'jdbc.user' in PropertySource 'class path resource [database.properties]' with value of type String
16:39:00.108 [main] DEBUG org.springframework.core.env.PropertySourcesPropertyResolver - Found key 'jdbc.pass' in PropertySource 'class path resource [database.properties]' with value of type String
16:39:00.112 [main] DEBUG org.springframework.beans.factory.support.DefaultListableBeanFactory - Creating shared instance of singleton bean 'org.springframework.transaction.config.internalTransactionAdvisor'
16:39:00.113 [main] DEBUG org.springframework.beans.factory.support.DefaultListableBeanFactory - Creating shared instance of singleton bean 'org.springframework.transaction.annotation.ProxyTransactionManagementConfiguration'
16:39:00.131 [main] DEBUG org.springframework.beans.factory.support.DefaultListableBeanFactory - Creating shared instance of singleton bean 'transactionAttributeSource'
16:39:00.134 [main] DEBUG org.springframework.beans.factory.support.DefaultListableBeanFactory - Creating shared instance of singleton bean 'transactionInterceptor'
16:39:00.135 [main] DEBUG org.springframework.beans.factory.support.DefaultListableBeanFactory - Autowiring by type from bean name 'transactionInterceptor' via factory method to bean named 'transactionAttributeSource'
16:39:00.143 [main] DEBUG org.springframework.beans.factory.support.DefaultListableBeanFactory - Autowiring by type from bean name 'org.springframework.transaction.config.internalTransactionAdvisor' via factory method to bean named 'transactionAttributeSource'
16:39:00.143 [main] DEBUG org.springframework.beans.factory.support.DefaultListableBeanFactory - Autowiring by type from bean name 'org.springframework.transaction.config.internalTransactionAdvisor' via factory method to bean named 'transactionInterceptor'
16:39:00.183 [main] DEBUG org.jboss.logging - Logging Provider: org.jboss.logging.Slf4jLoggerProvider
16:39:00.184 [main] DEBUG org.springframework.core.env.PropertySourcesPropertyResolver - Found key 'hibernate.hbm2ddl.auto' in PropertySource 'class path resource [database.properties]' with value of type String
16:39:00.184 [main] DEBUG org.springframework.core.env.PropertySourcesPropertyResolver - Found key 'hibernate.dialect' in PropertySource 'class path resource [database.properties]' with value of type String
16:39:00.185 [main] DEBUG org.springframework.core.env.PropertySourcesPropertyResolver - Found key 'hibernate.cache.use_second_level_cache' in PropertySource 'class path resource [database.properties]' with value of type String
16:39:00.185 [main] DEBUG org.springframework.core.env.PropertySourcesPropertyResolver - Found key 'hibernate.cache.use_query_cache' in PropertySource 'class path resource [database.properties]' with value of type String
16:39:00.204 [main] DEBUG org.springframework.orm.jpa.LocalContainerEntityManagerFactoryBean - Building JPA container EntityManagerFactory for persistence unit 'default'
16:39:00.226 [main] DEBUG org.hibernate.jpa.internal.util.LogHelper - PersistenceUnitInfo [
	name: default
	persistence provider classname: null
	classloader: sun.misc.Launcher$AppClassLoader@42a57993
	excludeUnlistedClasses: true
	JTA datasource: null
	Non JTA datasource: org.springframework.jdbc.datasource.DriverManagerDataSource@65045a87
	Transaction type: RESOURCE_LOCAL
	PU root URL: file:/C:/Users/AZUZ/Desktop/craftStore-With-spring-core-testing/target/test-classes/
	Shared Cache Mode: UNSPECIFIED
	Validation Mode: AUTO
	Jar files URLs []
	Managed classes names [
		com.joseph.entity.Client
		com.joseph.entity.Order
		com.joseph.entity.OrderItem
		com.joseph.entity.Product]
	Mapping files names []
	Properties []
16:39:00.240 [main] DEBUG org.hibernate.integrator.internal.IntegratorServiceImpl - Adding Integrator [org.hibernate.cfg.beanvalidation.BeanValidationIntegrator].
16:39:00.242 [main] DEBUG org.hibernate.integrator.internal.IntegratorServiceImpl - Adding Integrator [org.hibernate.secure.spi.JaccIntegrator].
16:39:00.246 [main] DEBUG org.hibernate.integrator.internal.IntegratorServiceImpl - Adding Integrator [org.hibernate.cache.internal.CollectionCacheInvalidator].
16:39:00.246 [main] DEBUG org.hibernate.integrator.internal.IntegratorServiceImpl - Adding Integrator [org.hibernate.jpa.event.spi.JpaIntegrator].
16:39:00.351 [main] INFO org.hibernate.Version - HHH000412: Hibernate Core {5.2.17.Final}
16:39:00.352 [main] INFO org.hibernate.cfg.Environment - HHH000206: hibernate.properties not found
16:39:00.362 [main] DEBUG org.hibernate.service.spi.ServiceBinding - Overriding existing service binding [org.hibernate.secure.spi.JaccService]
16:39:00.384 [main] DEBUG org.hibernate.cache.internal.RegionFactoryInitiator - Cache region factory : org.hibernate.cache.internal.NoCachingRegionFactory
16:39:00.390 [main] INFO org.hibernate.annotations.common.Version - HCANN000001: Hibernate Commons Annotations {5.0.1.Final}
16:39:00.460 [main] DEBUG org.hibernate.type.BasicTypeRegistry - Adding type registration boolean -> org.hibernate.type.BooleanType@24f360b2
16:39:00.461 [main] DEBUG org.hibernate.type.BasicTypeRegistry - Adding type registration boolean -> org.hibernate.type.BooleanType@24f360b2
16:39:00.461 [main] DEBUG org.hibernate.type.BasicTypeRegistry - Adding type registration java.lang.Boolean -> org.hibernate.type.BooleanType@24f360b2
16:39:00.462 [main] DEBUG org.hibernate.type.BasicTypeRegistry - Adding type registration numeric_boolean -> org.hibernate.type.NumericBooleanType@54107f42
16:39:00.464 [main] DEBUG org.hibernate.type.BasicTypeRegistry - Adding type registration true_false -> org.hibernate.type.TrueFalseType@21ec5d87
16:39:00.465 [main] DEBUG org.hibernate.type.BasicTypeRegistry - Adding type registration yes_no -> org.hibernate.type.YesNoType@59aa20b3
16:39:00.467 [main] DEBUG org.hibernate.type.BasicTypeRegistry - Adding type registration byte -> org.hibernate.type.ByteType@455351c4
16:39:00.467 [main] DEBUG org.hibernate.type.BasicTypeRegistry - Adding type registration byte -> org.hibernate.type.ByteType@455351c4
16:39:00.467 [main] DEBUG org.hibernate.type.BasicTypeRegistry - Adding type registration java.lang.Byte -> org.hibernate.type.ByteType@455351c4
16:39:00.468 [main] DEBUG org.hibernate.type.BasicTypeRegistry - Adding type registration character -> org.hibernate.type.CharacterType@4efcf8a
16:39:00.468 [main] DEBUG org.hibernate.type.BasicTypeRegistry - Adding type registration char -> org.hibernate.type.CharacterType@4efcf8a
16:39:00.468 [main] DEBUG org.hibernate.type.BasicTypeRegistry - Adding type registration java.lang.Character -> org.hibernate.type.CharacterType@4efcf8a
16:39:00.470 [main] DEBUG org.hibernate.type.BasicTypeRegistry - Adding type registration short -> org.hibernate.type.ShortType@459f7aa3
16:39:00.470 [main] DEBUG org.hibernate.type.BasicTypeRegistry - Adding type registration short -> org.hibernate.type.ShortType@459f7aa3
16:39:00.470 [main] DEBUG org.hibernate.type.BasicTypeRegistry - Adding type registration java.lang.Short -> org.hibernate.type.ShortType@459f7aa3
16:39:00.472 [main] DEBUG org.hibernate.type.BasicTypeRegistry - Adding type registration integer -> org.hibernate.type.IntegerType@2a76b80a
16:39:00.472 [main] DEBUG org.hibernate.type.BasicTypeRegistry - Adding type registration int -> org.hibernate.type.IntegerType@2a76b80a
16:39:00.472 [main] DEBUG org.hibernate.type.BasicTypeRegistry - Adding type registration java.lang.Integer -> org.hibernate.type.IntegerType@2a76b80a
16:39:00.473 [main] DEBUG org.hibernate.type.BasicTypeRegistry - Adding type registration long -> org.hibernate.type.LongType@43ed0ff3
16:39:00.473 [main] DEBUG org.hibernate.type.BasicTypeRegistry - Adding type registration long -> org.hibernate.type.LongType@43ed0ff3
16:39:00.474 [main] DEBUG org.hibernate.type.BasicTypeRegistry - Adding type registration java.lang.Long -> org.hibernate.type.LongType@43ed0ff3
16:39:00.476 [main] DEBUG org.hibernate.type.BasicTypeRegistry - Adding type registration float -> org.hibernate.type.FloatType@538613b3
16:39:00.476 [main] DEBUG org.hibernate.type.BasicTypeRegistry - Adding type registration float -> org.hibernate.type.FloatType@538613b3
16:39:00.476 [main] DEBUG org.hibernate.type.BasicTypeRegistry - Adding type registration java.lang.Float -> org.hibernate.type.FloatType@538613b3
16:39:00.478 [main] DEBUG org.hibernate.type.BasicTypeRegistry - Adding type registration double -> org.hibernate.type.DoubleType@18cc679e
16:39:00.478 [main] DEBUG org.hibernate.type.BasicTypeRegistry - Adding type registration double -> org.hibernate.type.DoubleType@18cc679e
16:39:00.478 [main] DEBUG org.hibernate.type.BasicTypeRegistry - Adding type registration java.lang.Double -> org.hibernate.type.DoubleType@18cc679e
16:39:00.479 [main] DEBUG org.hibernate.type.BasicTypeRegistry - Adding type registration big_decimal -> org.hibernate.type.BigDecimalType@560cbf1a
16:39:00.480 [main] DEBUG org.hibernate.type.BasicTypeRegistry - Adding type registration java.math.BigDecimal -> org.hibernate.type.BigDecimalType@560cbf1a
16:39:00.481 [main] DEBUG org.hibernate.type.BasicTypeRegistry - Adding type registration big_integer -> org.hibernate.type.BigIntegerType@7e094740
16:39:00.481 [main] DEBUG org.hibernate.type.BasicTypeRegistry - Adding type registration java.math.BigInteger -> org.hibernate.type.BigIntegerType@7e094740
16:39:00.482 [main] DEBUG org.hibernate.type.BasicTypeRegistry - Adding type registration string -> org.hibernate.type.StringType@3591009c
16:39:00.482 [main] DEBUG org.hibernate.type.BasicTypeRegistry - Adding type registration java.lang.String -> org.hibernate.type.StringType@3591009c
16:39:00.484 [main] DEBUG org.hibernate.type.BasicTypeRegistry - Adding type registration nstring -> org.hibernate.type.StringNVarcharType@758f4f03
16:39:00.485 [main] DEBUG org.hibernate.type.BasicTypeRegistry - Adding type registration ncharacter -> org.hibernate.type.CharacterNCharType@9cd25ff
16:39:00.486 [main] DEBUG org.hibernate.type.BasicTypeRegistry - Adding type registration url -> org.hibernate.type.UrlType@2de366bb
16:39:00.486 [main] DEBUG org.hibernate.type.BasicTypeRegistry - Adding type registration java.net.URL -> org.hibernate.type.UrlType@2de366bb
16:39:00.487 [main] DEBUG org.hibernate.type.BasicTypeRegistry - Adding type registration Duration -> org.hibernate.type.DurationType@e24ddd0
16:39:00.487 [main] DEBUG org.hibernate.type.BasicTypeRegistry - Adding type registration java.time.Duration -> org.hibernate.type.DurationType@e24ddd0
16:39:00.496 [main] DEBUG org.hibernate.type.BasicTypeRegistry - Adding type registration Instant -> org.hibernate.type.InstantType@3d6300e8
16:39:00.496 [main] DEBUG org.hibernate.type.BasicTypeRegistry - Adding type registration java.time.Instant -> org.hibernate.type.InstantType@3d6300e8
16:39:00.497 [main] DEBUG org.hibernate.type.BasicTypeRegistry - Adding type registration LocalDateTime -> org.hibernate.type.LocalDateTimeType@7927bd9f
16:39:00.497 [main] DEBUG org.hibernate.type.BasicTypeRegistry - Adding type registration java.time.LocalDateTime -> org.hibernate.type.LocalDateTimeType@7927bd9f
16:39:00.499 [main] DEBUG org.hibernate.type.BasicTypeRegistry - Adding type registration LocalDate -> org.hibernate.type.LocalDateType@617fe9e1
16:39:00.499 [main] DEBUG org.hibernate.type.BasicTypeRegistry - Adding type registration java.time.LocalDate -> org.hibernate.type.LocalDateType@617fe9e1
16:39:00.500 [main] DEBUG org.hibernate.type.BasicTypeRegistry - Adding type registration LocalTime -> org.hibernate.type.LocalTimeType@5b800468
16:39:00.500 [main] DEBUG org.hibernate.type.BasicTypeRegistry - Adding type registration java.time.LocalTime -> org.hibernate.type.LocalTimeType@5b800468
16:39:00.502 [main] DEBUG org.hibernate.type.BasicTypeRegistry - Adding type registration OffsetDateTime -> org.hibernate.type.OffsetDateTimeType@6815c5f2
16:39:00.502 [main] DEBUG org.hibernate.type.BasicTypeRegistry - Adding type registration java.time.OffsetDateTime -> org.hibernate.type.OffsetDateTimeType@6815c5f2
16:39:00.503 [main] DEBUG org.hibernate.type.BasicTypeRegistry - Adding type registration OffsetTime -> org.hibernate.type.OffsetTimeType@3a4b0e5d
16:39:00.503 [main] DEBUG org.hibernate.type.BasicTypeRegistry - Adding type registration java.time.OffsetTime -> org.hibernate.type.OffsetTimeType@3a4b0e5d
16:39:00.505 [main] DEBUG org.hibernate.type.BasicTypeRegistry - Adding type registration ZonedDateTime -> org.hibernate.type.ZonedDateTimeType@aa22f1c
16:39:00.506 [main] DEBUG org.hibernate.type.BasicTypeRegistry - Adding type registration java.time.ZonedDateTime -> org.hibernate.type.ZonedDateTimeType@aa22f1c
16:39:00.508 [main] DEBUG org.hibernate.type.BasicTypeRegistry - Adding type registration date -> org.hibernate.type.DateType@3deb2326
16:39:00.508 [main] DEBUG org.hibernate.type.BasicTypeRegistry - Adding type registration java.sql.Date -> org.hibernate.type.DateType@3deb2326
16:39:00.509 [main] DEBUG org.hibernate.type.BasicTypeRegistry - Adding type registration time -> org.hibernate.type.TimeType@27cf3151
16:39:00.510 [main] DEBUG org.hibernate.type.BasicTypeRegistry - Adding type registration java.sql.Time -> org.hibernate.type.TimeType@27cf3151
16:39:00.511 [main] DEBUG org.hibernate.type.BasicTypeRegistry - Adding type registration timestamp -> org.hibernate.type.TimestampType@7e0aadd0
16:39:00.511 [main] DEBUG org.hibernate.type.BasicTypeRegistry - Adding type registration java.sql.Timestamp -> org.hibernate.type.TimestampType@7e0aadd0
16:39:00.511 [main] DEBUG org.hibernate.type.BasicTypeRegistry - Adding type registration java.util.Date -> org.hibernate.type.TimestampType@7e0aadd0
16:39:00.512 [main] DEBUG org.hibernate.type.BasicTypeRegistry - Adding type registration dbtimestamp -> org.hibernate.type.DbTimestampType@200a26bc
16:39:00.513 [main] DEBUG org.hibernate.type.BasicTypeRegistry - Adding type registration calendar -> org.hibernate.type.CalendarType@34abdee4
16:39:00.513 [main] DEBUG org.hibernate.type.BasicTypeRegistry - Adding type registration java.util.Calendar -> org.hibernate.type.CalendarType@34abdee4
16:39:00.513 [main] DEBUG org.hibernate.type.BasicTypeRegistry - Adding type registration java.util.GregorianCalendar -> org.hibernate.type.CalendarType@34abdee4
16:39:00.514 [main] DEBUG org.hibernate.type.BasicTypeRegistry - Adding type registration calendar_date -> org.hibernate.type.CalendarDateType@77cf3f8b
16:39:00.514 [main] DEBUG org.hibernate.type.BasicTypeRegistry - Adding type registration locale -> org.hibernate.type.LocaleType@7d61eccf
16:39:00.514 [main] DEBUG org.hibernate.type.BasicTypeRegistry - Adding type registration java.util.Locale -> org.hibernate.type.LocaleType@7d61eccf
16:39:00.515 [main] DEBUG org.hibernate.type.BasicTypeRegistry - Adding type registration currency -> org.hibernate.type.CurrencyType@2427e004
16:39:00.515 [main] DEBUG org.hibernate.type.BasicTypeRegistry - Adding type registration java.util.Currency -> org.hibernate.type.CurrencyType@2427e004
16:39:00.516 [main] DEBUG org.hibernate.type.BasicTypeRegistry - Adding type registration timezone -> org.hibernate.type.TimeZoneType@2f66e802
16:39:00.516 [main] DEBUG org.hibernate.type.BasicTypeRegistry - Adding type registration java.util.TimeZone -> org.hibernate.type.TimeZoneType@2f66e802
16:39:00.517 [main] DEBUG org.hibernate.type.BasicTypeRegistry - Adding type registration class -> org.hibernate.type.ClassType@585811a4
16:39:00.517 [main] DEBUG org.hibernate.type.BasicTypeRegistry - Adding type registration java.lang.Class -> org.hibernate.type.ClassType@585811a4
16:39:00.518 [main] DEBUG org.hibernate.type.BasicTypeRegistry - Adding type registration uuid-binary -> org.hibernate.type.UUIDBinaryType@16afbd92
16:39:00.518 [main] DEBUG org.hibernate.type.BasicTypeRegistry - Adding type registration java.util.UUID -> org.hibernate.type.UUIDBinaryType@16afbd92
16:39:00.518 [main] DEBUG org.hibernate.type.BasicTypeRegistry - Adding type registration uuid-char -> org.hibernate.type.UUIDCharType@23c388c2
16:39:00.519 [main] DEBUG org.hibernate.type.BasicTypeRegistry - Adding type registration binary -> org.hibernate.type.BinaryType@5ca17ab0
16:39:00.520 [main] DEBUG org.hibernate.type.BasicTypeRegistry - Adding type registration byte[] -> org.hibernate.type.BinaryType@5ca17ab0
16:39:00.520 [main] DEBUG org.hibernate.type.BasicTypeRegistry - Adding type registration [B -> org.hibernate.type.BinaryType@5ca17ab0
16:39:00.521 [main] DEBUG org.hibernate.type.BasicTypeRegistry - Adding type registration wrapper-binary -> org.hibernate.type.WrapperBinaryType@2db2dd9d
16:39:00.522 [main] DEBUG org.hibernate.type.BasicTypeRegistry - Adding type registration Byte[] -> org.hibernate.type.WrapperBinaryType@2db2dd9d
16:39:00.522 [main] DEBUG org.hibernate.type.BasicTypeRegistry - Adding type registration [Ljava.lang.Byte; -> org.hibernate.type.WrapperBinaryType@2db2dd9d
16:39:00.524 [main] DEBUG org.hibernate.type.BasicTypeRegistry - Adding type registration row_version -> org.hibernate.type.RowVersionType@560513ce
16:39:00.525 [main] DEBUG org.hibernate.type.BasicTypeRegistry - Adding type registration image -> org.hibernate.type.ImageType@6d6bc158
16:39:00.526 [main] DEBUG org.hibernate.type.BasicTypeRegistry - Adding type registration characters -> org.hibernate.type.CharArrayType@fff25f1
16:39:00.527 [main] DEBUG org.hibernate.type.BasicTypeRegistry - Adding type registration char[] -> org.hibernate.type.CharArrayType@fff25f1
16:39:00.527 [main] DEBUG org.hibernate.type.BasicTypeRegistry - Adding type registration [C -> org.hibernate.type.CharArrayType@fff25f1
16:39:00.528 [main] DEBUG org.hibernate.type.BasicTypeRegistry - Adding type registration wrapper-characters -> org.hibernate.type.CharacterArrayType@51768776
16:39:00.528 [main] DEBUG org.hibernate.type.BasicTypeRegistry - Adding type registration [Ljava.lang.Character; -> org.hibernate.type.CharacterArrayType@51768776
16:39:00.528 [main] DEBUG org.hibernate.type.BasicTypeRegistry - Adding type registration Character[] -> org.hibernate.type.CharacterArrayType@51768776
16:39:00.530 [main] DEBUG org.hibernate.type.BasicTypeRegistry - Adding type registration text -> org.hibernate.type.TextType@2e8ab815
16:39:00.531 [main] DEBUG org.hibernate.type.BasicTypeRegistry - Adding type registration ntext -> org.hibernate.type.NTextType@21a5fd96
16:39:00.539 [main] DEBUG org.hibernate.type.BasicTypeRegistry - Adding type registration blob -> org.hibernate.type.BlobType@4fbdc0f0
16:39:00.539 [main] DEBUG org.hibernate.type.BasicTypeRegistry - Adding type registration java.sql.Blob -> org.hibernate.type.BlobType@4fbdc0f0
16:39:00.540 [main] DEBUG org.hibernate.type.BasicTypeRegistry - Adding type registration materialized_blob -> org.hibernate.type.MaterializedBlobType@324c64cd
16:39:00.547 [main] DEBUG org.hibernate.type.BasicTypeRegistry - Adding type registration clob -> org.hibernate.type.ClobType@6b9267b
16:39:00.547 [main] DEBUG org.hibernate.type.BasicTypeRegistry - Adding type registration java.sql.Clob -> org.hibernate.type.ClobType@6b9267b
16:39:00.554 [main] DEBUG org.hibernate.type.BasicTypeRegistry - Adding type registration nclob -> org.hibernate.type.NClobType@241a53ef
16:39:00.554 [main] DEBUG org.hibernate.type.BasicTypeRegistry - Adding type registration java.sql.NClob -> org.hibernate.type.NClobType@241a53ef
16:39:00.555 [main] DEBUG org.hibernate.type.BasicTypeRegistry - Adding type registration materialized_clob -> org.hibernate.type.MaterializedClobType@70e659aa
16:39:00.556 [main] DEBUG org.hibernate.type.BasicTypeRegistry - Adding type registration materialized_nclob -> org.hibernate.type.MaterializedNClobType@73393584
16:39:00.559 [main] DEBUG org.hibernate.type.BasicTypeRegistry - Adding type registration serializable -> org.hibernate.type.SerializableType@1c25b8a7
16:39:00.565 [main] DEBUG org.hibernate.type.BasicTypeRegistry - Adding type registration object -> org.hibernate.type.ObjectType@82c57b3
16:39:00.565 [main] DEBUG org.hibernate.type.BasicTypeRegistry - Adding type registration java.lang.Object -> org.hibernate.type.ObjectType@82c57b3
16:39:00.565 [main] DEBUG org.hibernate.type.BasicTypeRegistry - Adding type registration imm_date -> org.hibernate.type.AdaptedImmutableType@345e5a17
16:39:00.565 [main] DEBUG org.hibernate.type.BasicTypeRegistry - Adding type registration imm_time -> org.hibernate.type.AdaptedImmutableType@5ea502e0
16:39:00.566 [main] DEBUG org.hibernate.type.BasicTypeRegistry - Adding type registration imm_timestamp -> org.hibernate.type.AdaptedImmutableType@443dbe42
16:39:00.567 [main] DEBUG org.hibernate.type.BasicTypeRegistry - Adding type registration imm_dbtimestamp -> org.hibernate.type.AdaptedImmutableType@473b3b7a
16:39:00.567 [main] DEBUG org.hibernate.type.BasicTypeRegistry - Adding type registration imm_calendar -> org.hibernate.type.AdaptedImmutableType@1734f68
16:39:00.568 [main] DEBUG org.hibernate.type.BasicTypeRegistry - Adding type registration imm_calendar_date -> org.hibernate.type.AdaptedImmutableType@77b7ffa4
16:39:00.568 [main] DEBUG org.hibernate.type.BasicTypeRegistry - Adding type registration imm_binary -> org.hibernate.type.AdaptedImmutableType@5ed190be
16:39:00.568 [main] DEBUG org.hibernate.type.BasicTypeRegistry - Adding type registration imm_serializable -> org.hibernate.type.AdaptedImmutableType@402f80f5
16:39:00.580 [main] DEBUG org.springframework.jdbc.datasource.DriverManagerDataSource - Creating new JDBC DriverManager Connection to [jdbc:mysql://localhost:3306/testcraftcore?useSSL=false&useTimezone=true&serverTimezone=UTC]
16:39:00.889 [main] DEBUG org.hibernate.engine.jdbc.env.internal.JdbcEnvironmentInitiator - Database ->
       name : MySQL
    version : 8.0.31
      major : 8
      minor : 0
16:39:00.889 [main] DEBUG org.hibernate.engine.jdbc.env.internal.JdbcEnvironmentInitiator - Driver ->
       name : MySQL Connector/J
    version : mysql-connector-j-8.0.31 (Revision: 0c86fc148d567b62266c2302bdad0f1e7a7e4eba)
      major : 8
      minor : 0
16:39:00.890 [main] DEBUG org.hibernate.engine.jdbc.env.internal.JdbcEnvironmentInitiator - JDBC version : 4.2
16:39:00.904 [main] INFO org.hibernate.dialect.Dialect - HHH000400: Using dialect: org.hibernate.dialect.MySQL5Dialect
16:39:00.984 [main] DEBUG org.hibernate.engine.jdbc.env.spi.IdentifierHelperBuilder - JDBC driver metadata reported database stores quoted identifiers in more than one case
16:39:00.991 [main] DEBUG org.hibernate.engine.jdbc.env.spi.IdentifierHelperBuilder - IdentifierCaseStrategy for both quoted and unquoted identifiers was set to the same strategy [LOWER]; that will likely lead to problems in schema update and validation if using quoted identifiers
16:39:01.691 [main] DEBUG org.hibernate.id.factory.internal.DefaultIdentifierGeneratorFactory - Registering IdentifierGenerator strategy [uuid2] -> [org.hibernate.id.UUIDGenerator]
16:39:01.691 [main] DEBUG org.hibernate.id.factory.internal.DefaultIdentifierGeneratorFactory - Registering IdentifierGenerator strategy [guid] -> [org.hibernate.id.GUIDGenerator]
16:39:01.692 [main] DEBUG org.hibernate.id.factory.internal.DefaultIdentifierGeneratorFactory - Registering IdentifierGenerator strategy [uuid] -> [org.hibernate.id.UUIDHexGenerator]
16:39:01.692 [main] DEBUG org.hibernate.id.factory.internal.DefaultIdentifierGeneratorFactory - Registering IdentifierGenerator strategy [uuid.hex] -> [org.hibernate.id.UUIDHexGenerator]
16:39:01.692 [main] DEBUG org.hibernate.id.factory.internal.DefaultIdentifierGeneratorFactory - Registering IdentifierGenerator strategy [assigned] -> [org.hibernate.id.Assigned]
16:39:01.693 [main] DEBUG org.hibernate.id.factory.internal.DefaultIdentifierGeneratorFactory - Registering IdentifierGenerator strategy [identity] -> [org.hibernate.id.IdentityGenerator]
16:39:01.694 [main] DEBUG org.hibernate.id.factory.internal.DefaultIdentifierGeneratorFactory - Registering IdentifierGenerator strategy [select] -> [org.hibernate.id.SelectGenerator]
16:39:01.695 [main] DEBUG org.hibernate.id.factory.internal.DefaultIdentifierGeneratorFactory - Registering IdentifierGenerator strategy [sequence] -> [org.hibernate.id.enhanced.SequenceStyleGenerator]
16:39:01.696 [main] DEBUG org.hibernate.id.factory.internal.DefaultIdentifierGeneratorFactory - Registering IdentifierGenerator strategy [seqhilo] -> [org.hibernate.id.SequenceHiLoGenerator]
16:39:01.696 [main] DEBUG org.hibernate.id.factory.internal.DefaultIdentifierGeneratorFactory - Registering IdentifierGenerator strategy [increment] -> [org.hibernate.id.IncrementGenerator]
16:39:01.697 [main] DEBUG org.hibernate.id.factory.internal.DefaultIdentifierGeneratorFactory - Registering IdentifierGenerator strategy [foreign] -> [org.hibernate.id.ForeignGenerator]
16:39:01.697 [main] DEBUG org.hibernate.id.factory.internal.DefaultIdentifierGeneratorFactory - Registering IdentifierGenerator strategy [sequence-identity] -> [org.hibernate.id.SequenceIdentityGenerator]
16:39:01.697 [main] DEBUG org.hibernate.id.factory.internal.DefaultIdentifierGeneratorFactory - Registering IdentifierGenerator strategy [enhanced-sequence] -> [org.hibernate.id.enhanced.SequenceStyleGenerator]
16:39:01.698 [main] DEBUG org.hibernate.id.factory.internal.DefaultIdentifierGeneratorFactory - Registering IdentifierGenerator strategy [enhanced-table] -> [org.hibernate.id.enhanced.TableGenerator]
16:39:01.740 [main] DEBUG org.hibernate.boot.model.relational.Namespace - Created database namespace [logicalName=Name{catalog=null, schema=null}, physicalName=Name{catalog=null, schema=null}]
16:39:01.786 [main] DEBUG org.hibernate.cfg.AnnotationBinder - Binding entity from annotated class: com.joseph.entity.Client
16:39:01.809 [main] DEBUG org.hibernate.cfg.Ejb3Column - Binding column: Ejb3DiscriminatorColumn{logicalColumnName'DTYPE', discriminatorTypeName='string'}
16:39:01.813 [main] DEBUG org.hibernate.cfg.annotations.EntityBinder - Import with entity name Client
16:39:01.816 [main] DEBUG org.hibernate.cfg.annotations.EntityBinder - Bind entity com.joseph.entity.Client on table client
16:39:01.836 [main] DEBUG org.hibernate.cfg.Ejb3Column - Binding column: Ejb3Column{table=org.hibernate.mapping.Table(client), mappingColumn=idclient, insertable=true, updatable=true, unique=false}
16:39:01.839 [main] DEBUG org.hibernate.cfg.annotations.PropertyBinder - MetadataSourceProcessor property idclient with lazy=false
16:39:01.840 [main] DEBUG org.hibernate.cfg.AbstractPropertyHolder - Attempting to locate auto-apply AttributeConverter for property [com.joseph.entity.Client:idclient]
16:39:01.842 [main] DEBUG org.hibernate.cfg.annotations.SimpleValueBinder - building SimpleValue for idclient
16:39:01.843 [main] DEBUG org.hibernate.cfg.annotations.PropertyBinder - Building property idclient
16:39:01.847 [main] DEBUG org.hibernate.cfg.Ejb3Column - Binding column: Ejb3Column{table=org.hibernate.mapping.Table(client), mappingColumn=emailclient, insertable=true, updatable=true, unique=false}
16:39:01.847 [main] DEBUG org.hibernate.cfg.annotations.PropertyBinder - MetadataSourceProcessor property emailclient with lazy=false
16:39:01.847 [main] DEBUG org.hibernate.cfg.AbstractPropertyHolder - Attempting to locate auto-apply AttributeConverter for property [com.joseph.entity.Client:emailclient]
16:39:01.847 [main] DEBUG org.hibernate.cfg.annotations.SimpleValueBinder - building SimpleValue for emailclient
16:39:01.847 [main] DEBUG org.hibernate.cfg.annotations.PropertyBinder - Building property emailclient
16:39:01.847 [main] DEBUG org.hibernate.cfg.Ejb3Column - Binding column: Ejb3Column{table=org.hibernate.mapping.Table(client), mappingColumn=nameclient, insertable=true, updatable=true, unique=false}
16:39:01.847 [main] DEBUG org.hibernate.cfg.annotations.PropertyBinder - MetadataSourceProcessor property nameclient with lazy=false
16:39:01.847 [main] DEBUG org.hibernate.cfg.AbstractPropertyHolder - Attempting to locate auto-apply AttributeConverter for property [com.joseph.entity.Client:nameclient]
16:39:01.847 [main] DEBUG org.hibernate.cfg.annotations.SimpleValueBinder - building SimpleValue for nameclient
16:39:01.847 [main] DEBUG org.hibernate.cfg.annotations.PropertyBinder - Building property nameclient
16:39:01.850 [main] DEBUG org.hibernate.cfg.Ejb3Column - Binding column: Ejb3JoinColumn{logicalColumnName='null', referencedColumn='null', mappedBy='client'}
16:39:01.852 [main] DEBUG org.hibernate.cfg.Ejb3Column - Binding column: Ejb3Column{table=org.hibernate.mapping.Table(client), mappingColumn=orders, insertable=true, updatable=true, unique=false}
16:39:01.853 [main] DEBUG org.hibernate.cfg.Ejb3Column - Binding column: Ejb3Column{table=org.hibernate.mapping.Table(client), mappingColumn=null, insertable=true, updatable=true, unique=false}
16:39:01.860 [main] DEBUG org.hibernate.cfg.Ejb3Column - Binding column: Ejb3Column{table=org.hibernate.mapping.Table(client), mappingColumn=element, insertable=true, updatable=true, unique=false}
16:39:01.860 [main] DEBUG org.hibernate.cfg.Ejb3Column - Binding column: Ejb3Column{table=org.hibernate.mapping.Table(client), mappingColumn=orders_KEY, insertable=true, updatable=true, unique=false}
16:39:01.861 [main] DEBUG org.hibernate.cfg.Ejb3Column - Binding column: Ejb3JoinColumn{logicalColumnName='orders_KEY', referencedColumn='null', mappedBy='null'}
16:39:01.862 [main] DEBUG org.hibernate.cfg.Ejb3Column - Binding column: Ejb3JoinColumn{logicalColumnName='null', referencedColumn='null', mappedBy='client'}
16:39:01.862 [main] DEBUG org.hibernate.cfg.Ejb3Column - Binding column: Ejb3JoinColumn{logicalColumnName='null', referencedColumn='null', mappedBy='client'}
16:39:01.862 [main] DEBUG org.hibernate.cfg.annotations.CollectionBinder - Collection role: com.joseph.entity.Client.orders
16:39:01.866 [main] DEBUG org.hibernate.cfg.annotations.PropertyBinder - Building property orders
16:39:01.867 [main] DEBUG org.hibernate.cfg.AnnotationBinder - Binding entity from annotated class: com.joseph.entity.Order
16:39:01.868 [main] DEBUG org.hibernate.cfg.Ejb3Column - Binding column: Ejb3DiscriminatorColumn{logicalColumnName'DTYPE', discriminatorTypeName='string'}
16:39:01.868 [main] DEBUG org.hibernate.cfg.annotations.EntityBinder - Import with entity name Order
16:39:01.868 [main] DEBUG org.hibernate.cfg.annotations.EntityBinder - Bind entity com.joseph.entity.Order on table order_table
16:39:01.876 [main] DEBUG org.hibernate.cfg.Ejb3Column - Binding column: Ejb3Column{table=org.hibernate.mapping.Table(order_table), mappingColumn=idorder, insertable=true, updatable=true, unique=false}
16:39:01.877 [main] DEBUG org.hibernate.cfg.annotations.PropertyBinder - MetadataSourceProcessor property idorder with lazy=false
16:39:01.877 [main] DEBUG org.hibernate.cfg.AbstractPropertyHolder - Attempting to locate auto-apply AttributeConverter for property [com.joseph.entity.Order:idorder]
16:39:01.877 [main] DEBUG org.hibernate.cfg.annotations.SimpleValueBinder - building SimpleValue for idorder
16:39:01.877 [main] DEBUG org.hibernate.cfg.annotations.PropertyBinder - Building property idorder
16:39:01.877 [main] DEBUG org.hibernate.cfg.Ejb3Column - Binding column: Ejb3JoinColumn{logicalColumnName='idclient', referencedColumn='', mappedBy=''}
16:39:01.877 [main] DEBUG org.hibernate.cfg.Ejb3Column - Binding column: Ejb3Column{table=org.hibernate.mapping.Table(order_table), mappingColumn=client, insertable=true, updatable=true, unique=false}
16:39:01.881 [main] DEBUG org.hibernate.cfg.annotations.PropertyBinder - Building property client
16:39:01.883 [main] DEBUG org.hibernate.cfg.Ejb3Column - Binding column: Ejb3Column{table=org.hibernate.mapping.Table(order_table), mappingColumn=dateorder, insertable=true, updatable=true, unique=false}
16:39:01.886 [main] DEBUG org.hibernate.cfg.annotations.PropertyBinder - MetadataSourceProcessor property dateorder with lazy=false
16:39:01.887 [main] DEBUG org.hibernate.cfg.AbstractPropertyHolder - Attempting to locate auto-apply AttributeConverter for property [com.joseph.entity.Order:dateorder]
16:39:01.887 [main] DEBUG org.hibernate.cfg.annotations.SimpleValueBinder - building SimpleValue for dateorder
16:39:01.887 [main] DEBUG org.hibernate.cfg.annotations.PropertyBinder - Building property dateorder
16:39:01.887 [main] DEBUG org.hibernate.cfg.Ejb3Column - Binding column: Ejb3JoinColumn{logicalColumnName='null', referencedColumn='null', mappedBy='order'}
16:39:01.887 [main] DEBUG org.hibernate.cfg.Ejb3Column - Binding column: Ejb3Column{table=org.hibernate.mapping.Table(order_table), mappingColumn=orderItems, insertable=true, updatable=true, unique=false}
16:39:01.887 [main] DEBUG org.hibernate.cfg.Ejb3Column - Binding column: Ejb3Column{table=org.hibernate.mapping.Table(order_table), mappingColumn=null, insertable=true, updatable=true, unique=false}
16:39:01.887 [main] DEBUG org.hibernate.cfg.Ejb3Column - Binding column: Ejb3Column{table=org.hibernate.mapping.Table(order_table), mappingColumn=element, insertable=true, updatable=true, unique=false}
16:39:01.888 [main] DEBUG org.hibernate.cfg.Ejb3Column - Binding column: Ejb3Column{table=org.hibernate.mapping.Table(order_table), mappingColumn=orderItems_KEY, insertable=true, updatable=true, unique=false}
16:39:01.888 [main] DEBUG org.hibernate.cfg.Ejb3Column - Binding column: Ejb3JoinColumn{logicalColumnName='orderItems_KEY', referencedColumn='null', mappedBy='null'}
16:39:01.888 [main] DEBUG org.hibernate.cfg.Ejb3Column - Binding column: Ejb3JoinColumn{logicalColumnName='null', referencedColumn='null', mappedBy='order'}
16:39:01.888 [main] DEBUG org.hibernate.cfg.Ejb3Column - Binding column: Ejb3JoinColumn{logicalColumnName='null', referencedColumn='null', mappedBy='order'}
16:39:01.888 [main] DEBUG org.hibernate.cfg.annotations.CollectionBinder - Collection role: com.joseph.entity.Order.orderItems
16:39:01.888 [main] DEBUG org.hibernate.cfg.annotations.PropertyBinder - Building property orderItems
16:39:01.889 [main] DEBUG org.hibernate.cfg.Ejb3Column - Binding column: Ejb3Column{table=org.hibernate.mapping.Table(order_table), mappingColumn=statusorder, insertable=true, updatable=true, unique=false}
16:39:01.890 [main] DEBUG org.hibernate.cfg.annotations.PropertyBinder - MetadataSourceProcessor property statusorder with lazy=false
16:39:01.890 [main] DEBUG org.hibernate.cfg.AbstractPropertyHolder - Attempting to locate auto-apply AttributeConverter for property [com.joseph.entity.Order:statusorder]
16:39:01.893 [main] DEBUG org.hibernate.cfg.annotations.SimpleValueBinder - building SimpleValue for statusorder
16:39:01.893 [main] DEBUG org.hibernate.cfg.annotations.PropertyBinder - Building property statusorder
16:39:01.893 [main] DEBUG org.hibernate.cfg.Ejb3Column - Binding column: Ejb3Column{table=org.hibernate.mapping.Table(order_table), mappingColumn=totalorder, insertable=true, updatable=true, unique=false}
16:39:01.893 [main] DEBUG org.hibernate.cfg.annotations.PropertyBinder - MetadataSourceProcessor property totalorder with lazy=false
16:39:01.893 [main] DEBUG org.hibernate.cfg.AbstractPropertyHolder - Attempting to locate auto-apply AttributeConverter for property [com.joseph.entity.Order:totalorder]
16:39:01.893 [main] DEBUG org.hibernate.cfg.annotations.SimpleValueBinder - building SimpleValue for totalorder
16:39:01.893 [main] DEBUG org.hibernate.cfg.annotations.PropertyBinder - Building property totalorder
16:39:01.894 [main] DEBUG org.hibernate.cfg.AnnotationBinder - Binding entity from annotated class: com.joseph.entity.OrderItem
16:39:01.894 [main] DEBUG org.hibernate.cfg.Ejb3Column - Binding column: Ejb3DiscriminatorColumn{logicalColumnName'DTYPE', discriminatorTypeName='string'}
16:39:01.894 [main] DEBUG org.hibernate.cfg.annotations.EntityBinder - Import with entity name OrderItem
16:39:01.894 [main] DEBUG org.hibernate.cfg.annotations.EntityBinder - Bind entity com.joseph.entity.OrderItem on table orderitems
16:39:01.895 [main] DEBUG org.hibernate.cfg.Ejb3Column - Binding column: Ejb3Column{table=org.hibernate.mapping.Table(orderitems), mappingColumn=id, insertable=true, updatable=true, unique=false}
16:39:01.895 [main] DEBUG org.hibernate.cfg.annotations.PropertyBinder - MetadataSourceProcessor property id with lazy=false
16:39:01.895 [main] DEBUG org.hibernate.cfg.AbstractPropertyHolder - Attempting to locate auto-apply AttributeConverter for property [com.joseph.entity.OrderItem:id]
16:39:01.896 [main] DEBUG org.hibernate.cfg.annotations.SimpleValueBinder - building SimpleValue for id
16:39:01.896 [main] DEBUG org.hibernate.cfg.annotations.PropertyBinder - Building property id
16:39:01.896 [main] DEBUG org.hibernate.cfg.Ejb3Column - Binding column: Ejb3JoinColumn{logicalColumnName='idorder', referencedColumn='', mappedBy=''}
16:39:01.896 [main] DEBUG org.hibernate.cfg.Ejb3Column - Binding column: Ejb3Column{table=org.hibernate.mapping.Table(orderitems), mappingColumn=order, insertable=true, updatable=true, unique=false}
16:39:01.896 [main] DEBUG org.hibernate.cfg.annotations.PropertyBinder - Building property order
16:39:01.896 [main] DEBUG org.hibernate.cfg.Ejb3Column - Binding column: Ejb3JoinColumn{logicalColumnName='idproduct', referencedColumn='', mappedBy=''}
16:39:01.896 [main] DEBUG org.hibernate.cfg.Ejb3Column - Binding column: Ejb3Column{table=org.hibernate.mapping.Table(orderitems), mappingColumn=product, insertable=true, updatable=true, unique=false}
16:39:01.896 [main] DEBUG org.hibernate.cfg.annotations.PropertyBinder - Building property product
16:39:01.897 [main] DEBUG org.hibernate.cfg.Ejb3Column - Binding column: Ejb3Column{table=org.hibernate.mapping.Table(orderitems), mappingColumn=quantity, insertable=true, updatable=true, unique=false}
16:39:01.897 [main] DEBUG org.hibernate.cfg.annotations.PropertyBinder - MetadataSourceProcessor property quantity with lazy=false
16:39:01.897 [main] DEBUG org.hibernate.cfg.AbstractPropertyHolder - Attempting to locate auto-apply AttributeConverter for property [com.joseph.entity.OrderItem:quantity]
16:39:01.897 [main] DEBUG org.hibernate.cfg.annotations.SimpleValueBinder - building SimpleValue for quantity
16:39:01.897 [main] DEBUG org.hibernate.cfg.annotations.PropertyBinder - Building property quantity
16:39:01.897 [main] DEBUG org.hibernate.cfg.AnnotationBinder - Binding entity from annotated class: com.joseph.entity.Product
16:39:01.897 [main] DEBUG org.hibernate.cfg.Ejb3Column - Binding column: Ejb3DiscriminatorColumn{logicalColumnName'DTYPE', discriminatorTypeName='string'}
16:39:01.898 [main] DEBUG org.hibernate.cfg.annotations.EntityBinder - Import with entity name Product
16:39:01.898 [main] DEBUG org.hibernate.cfg.annotations.EntityBinder - Bind entity com.joseph.entity.Product on table Product
16:39:01.900 [main] DEBUG org.hibernate.cfg.Ejb3Column - Binding column: Ejb3Column{table=org.hibernate.mapping.Table(Product), mappingColumn=idproduct, insertable=true, updatable=true, unique=false}
16:39:01.900 [main] DEBUG org.hibernate.cfg.annotations.PropertyBinder - MetadataSourceProcessor property idproduct with lazy=false
16:39:01.900 [main] DEBUG org.hibernate.cfg.AbstractPropertyHolder - Attempting to locate auto-apply AttributeConverter for property [com.joseph.entity.Product:idproduct]
16:39:01.901 [main] DEBUG org.hibernate.cfg.annotations.SimpleValueBinder - building SimpleValue for idproduct
16:39:01.901 [main] DEBUG org.hibernate.cfg.annotations.PropertyBinder - Building property idproduct
16:39:01.901 [main] DEBUG org.hibernate.cfg.Ejb3Column - Binding column: Ejb3Column{table=org.hibernate.mapping.Table(Product), mappingColumn=nameproduct, insertable=true, updatable=true, unique=false}
16:39:01.901 [main] DEBUG org.hibernate.cfg.annotations.PropertyBinder - MetadataSourceProcessor property nameproduct with lazy=false
16:39:01.901 [main] DEBUG org.hibernate.cfg.AbstractPropertyHolder - Attempting to locate auto-apply AttributeConverter for property [com.joseph.entity.Product:nameproduct]
16:39:01.901 [main] DEBUG org.hibernate.cfg.annotations.SimpleValueBinder - building SimpleValue for nameproduct
16:39:01.901 [main] DEBUG org.hibernate.cfg.annotations.PropertyBinder - Building property nameproduct
16:39:01.901 [main] DEBUG org.hibernate.cfg.Ejb3Column - Binding column: Ejb3JoinColumn{logicalColumnName='null', referencedColumn='null', mappedBy='product'}
16:39:01.901 [main] DEBUG org.hibernate.cfg.Ejb3Column - Binding column: Ejb3Column{table=org.hibernate.mapping.Table(Product), mappingColumn=orderItems, insertable=true, updatable=true, unique=false}
16:39:01.902 [main] DEBUG org.hibernate.cfg.Ejb3Column - Binding column: Ejb3Column{table=org.hibernate.mapping.Table(Product), mappingColumn=null, insertable=true, updatable=true, unique=false}
16:39:01.902 [main] DEBUG org.hibernate.cfg.Ejb3Column - Binding column: Ejb3Column{table=org.hibernate.mapping.Table(Product), mappingColumn=element, insertable=true, updatable=true, unique=false}
16:39:01.902 [main] DEBUG org.hibernate.cfg.Ejb3Column - Binding column: Ejb3Column{table=org.hibernate.mapping.Table(Product), mappingColumn=orderItems_KEY, insertable=true, updatable=true, unique=false}
16:39:01.902 [main] DEBUG org.hibernate.cfg.Ejb3Column - Binding column: Ejb3JoinColumn{logicalColumnName='orderItems_KEY', referencedColumn='null', mappedBy='null'}
16:39:01.902 [main] DEBUG org.hibernate.cfg.Ejb3Column - Binding column: Ejb3JoinColumn{logicalColumnName='null', referencedColumn='null', mappedBy='product'}
16:39:01.902 [main] DEBUG org.hibernate.cfg.Ejb3Column - Binding column: Ejb3JoinColumn{logicalColumnName='null', referencedColumn='null', mappedBy='product'}
16:39:01.902 [main] DEBUG org.hibernate.cfg.annotations.CollectionBinder - Collection role: com.joseph.entity.Product.orderItems
16:39:01.902 [main] DEBUG org.hibernate.cfg.annotations.PropertyBinder - Building property orderItems
16:39:01.903 [main] DEBUG org.hibernate.cfg.Ejb3Column - Binding column: Ejb3Column{table=org.hibernate.mapping.Table(Product), mappingColumn=priceproduct, insertable=true, updatable=true, unique=false}
16:39:01.903 [main] DEBUG org.hibernate.cfg.annotations.PropertyBinder - MetadataSourceProcessor property priceproduct with lazy=false
16:39:01.903 [main] DEBUG org.hibernate.cfg.AbstractPropertyHolder - Attempting to locate auto-apply AttributeConverter for property [com.joseph.entity.Product:priceproduct]
16:39:01.903 [main] DEBUG org.hibernate.cfg.annotations.SimpleValueBinder - building SimpleValue for priceproduct
16:39:01.903 [main] DEBUG org.hibernate.cfg.annotations.PropertyBinder - Building property priceproduct
16:39:01.903 [main] DEBUG org.hibernate.cfg.Ejb3Column - Binding column: Ejb3Column{table=org.hibernate.mapping.Table(Product), mappingColumn=stockproduct, insertable=true, updatable=true, unique=false}
16:39:01.903 [main] DEBUG org.hibernate.cfg.annotations.PropertyBinder - MetadataSourceProcessor property stockproduct with lazy=false
16:39:01.903 [main] DEBUG org.hibernate.cfg.AbstractPropertyHolder - Attempting to locate auto-apply AttributeConverter for property [com.joseph.entity.Product:stockproduct]
16:39:01.903 [main] DEBUG org.hibernate.cfg.annotations.SimpleValueBinder - building SimpleValue for stockproduct
16:39:01.903 [main] DEBUG org.hibernate.cfg.annotations.PropertyBinder - Building property stockproduct
16:39:01.904 [main] DEBUG org.hibernate.cfg.annotations.SimpleValueBinder - Starting fillSimpleValue for idclient
16:39:01.905 [main] DEBUG org.hibernate.cfg.annotations.SimpleValueBinder - Starting fillSimpleValue for emailclient
16:39:01.905 [main] DEBUG org.hibernate.cfg.annotations.SimpleValueBinder - Starting fillSimpleValue for nameclient
16:39:01.905 [main] DEBUG org.hibernate.cfg.annotations.SimpleValueBinder - Starting fillSimpleValue for idorder
16:39:01.905 [main] DEBUG org.hibernate.cfg.annotations.SimpleValueBinder - Starting fillSimpleValue for dateorder
16:39:01.905 [main] DEBUG org.hibernate.cfg.annotations.SimpleValueBinder - Starting fillSimpleValue for statusorder
16:39:01.906 [main] DEBUG org.hibernate.cfg.annotations.SimpleValueBinder - Starting fillSimpleValue for totalorder
16:39:01.906 [main] DEBUG org.hibernate.cfg.annotations.SimpleValueBinder - Starting fillSimpleValue for id
16:39:01.906 [main] DEBUG org.hibernate.cfg.annotations.SimpleValueBinder - Starting fillSimpleValue for quantity
16:39:01.906 [main] DEBUG org.hibernate.cfg.annotations.SimpleValueBinder - Starting fillSimpleValue for idproduct
16:39:01.906 [main] DEBUG org.hibernate.cfg.annotations.SimpleValueBinder - Starting fillSimpleValue for nameproduct
16:39:01.906 [main] DEBUG org.hibernate.cfg.annotations.SimpleValueBinder - Starting fillSimpleValue for priceproduct
16:39:01.906 [main] DEBUG org.hibernate.cfg.annotations.SimpleValueBinder - Starting fillSimpleValue for stockproduct
16:39:01.910 [main] DEBUG org.hibernate.mapping.PrimaryKey - Forcing column [idclient] to be non-null as it is part of the primary key for table [client]
16:39:01.910 [main] DEBUG org.hibernate.mapping.PrimaryKey - Forcing column [idorder] to be non-null as it is part of the primary key for table [order_table]
16:39:01.910 [main] DEBUG org.hibernate.mapping.PrimaryKey - Forcing column [id] to be non-null as it is part of the primary key for table [orderitems]
16:39:01.910 [main] DEBUG org.hibernate.mapping.PrimaryKey - Forcing column [idproduct] to be non-null as it is part of the primary key for table [product]
16:39:01.910 [main] DEBUG org.hibernate.cfg.CollectionSecondPass - Second pass for collection: com.joseph.entity.Client.orders
16:39:01.910 [main] DEBUG org.hibernate.cfg.annotations.CollectionBinder - Binding a OneToMany: com.joseph.entity.Client.orders through a foreign key
16:39:01.911 [main] DEBUG org.hibernate.cfg.annotations.CollectionBinder - Mapping collection: com.joseph.entity.Client.orders -> order_table
16:39:01.912 [main] DEBUG org.hibernate.cfg.annotations.TableBinder - Retrieving property com.joseph.entity.Order.client
16:39:01.912 [main] DEBUG org.hibernate.cfg.CollectionSecondPass - Mapped collection key: idclient, one-to-many: com.joseph.entity.Order
16:39:01.912 [main] DEBUG org.hibernate.cfg.CollectionSecondPass - Second pass for collection: com.joseph.entity.Order.orderItems
16:39:01.913 [main] DEBUG org.hibernate.cfg.annotations.CollectionBinder - Binding a OneToMany: com.joseph.entity.Order.orderItems through a foreign key
16:39:01.913 [main] DEBUG org.hibernate.cfg.annotations.CollectionBinder - Mapping collection: com.joseph.entity.Order.orderItems -> orderitems
16:39:01.913 [main] DEBUG org.hibernate.cfg.annotations.TableBinder - Retrieving property com.joseph.entity.OrderItem.order
16:39:01.913 [main] DEBUG org.hibernate.cfg.CollectionSecondPass - Mapped collection key: idorder, one-to-many: com.joseph.entity.OrderItem
16:39:01.913 [main] DEBUG org.hibernate.cfg.CollectionSecondPass - Second pass for collection: com.joseph.entity.Product.orderItems
16:39:01.913 [main] DEBUG org.hibernate.cfg.annotations.CollectionBinder - Binding a OneToMany: com.joseph.entity.Product.orderItems through a foreign key
16:39:01.913 [main] DEBUG org.hibernate.cfg.annotations.CollectionBinder - Mapping collection: com.joseph.entity.Product.orderItems -> orderitems
16:39:01.913 [main] DEBUG org.hibernate.cfg.annotations.TableBinder - Retrieving property com.joseph.entity.OrderItem.product
16:39:01.913 [main] DEBUG org.hibernate.cfg.CollectionSecondPass - Mapped collection key: idproduct, one-to-many: com.joseph.entity.OrderItem
16:39:01.913 [main] DEBUG org.hibernate.boot.internal.InFlightMetadataCollectorImpl - Resolving reference to class: com.joseph.entity.Client
16:39:01.915 [main] DEBUG org.hibernate.boot.internal.InFlightMetadataCollectorImpl - Resolving reference to class: com.joseph.entity.Order
16:39:01.916 [main] DEBUG org.hibernate.boot.internal.InFlightMetadataCollectorImpl - Resolving reference to class: com.joseph.entity.Product
16:39:01.920 [main] DEBUG org.hibernate.boot.internal.InFlightMetadataCollectorImpl - Resolving reference to class: com.joseph.entity.Client
16:39:01.920 [main] DEBUG org.hibernate.boot.internal.InFlightMetadataCollectorImpl - Resolving reference to class: com.joseph.entity.Order
16:39:01.920 [main] DEBUG org.hibernate.boot.internal.InFlightMetadataCollectorImpl - Resolving reference to class: com.joseph.entity.Product
16:39:01.951 [main] DEBUG org.hibernate.internal.SessionFactoryImpl - Building session factory
16:39:01.952 [main] DEBUG org.hibernate.cfg.Settings - SessionFactory name : null
16:39:01.952 [main] DEBUG org.hibernate.cfg.Settings - Automatic flush during beforeCompletion(): enabled
16:39:01.952 [main] DEBUG org.hibernate.cfg.Settings - Automatic session close at end of transaction: disabled
16:39:01.952 [main] DEBUG org.hibernate.cfg.Settings - Statistics: disabled
16:39:01.952 [main] DEBUG org.hibernate.cfg.Settings - Deleted entity synthetic identifier rollback: disabled
16:39:01.952 [main] DEBUG org.hibernate.cfg.Settings - Default entity-mode: pojo
16:39:01.952 [main] DEBUG org.hibernate.cfg.Settings - Check Nullability in Core (should be disabled when Bean Validation is on): enabled
16:39:01.952 [main] DEBUG org.hibernate.cfg.Settings - Allow initialization of lazy state outside session : disabled
16:39:01.952 [main] DEBUG org.hibernate.cfg.Settings - Using BatchFetchStyle : LEGACY
16:39:01.952 [main] DEBUG org.hibernate.cfg.Settings - Default batch fetch size: -1
16:39:01.952 [main] DEBUG org.hibernate.cfg.Settings - Maximum outer join fetch depth: 2
16:39:01.952 [main] DEBUG org.hibernate.cfg.Settings - Default null ordering: NONE
16:39:01.952 [main] DEBUG org.hibernate.cfg.Settings - Order SQL updates by primary key: disabled
16:39:01.953 [main] DEBUG org.hibernate.cfg.Settings - Order SQL inserts for batching: disabled
16:39:01.953 [main] DEBUG org.hibernate.cfg.Settings - multi-tenancy strategy : NONE
16:39:01.953 [main] DEBUG org.hibernate.cfg.Settings - JTA Track by Thread: enabled
16:39:01.953 [main] DEBUG org.hibernate.cfg.Settings - Query language substitutions: {}
16:39:01.953 [main] DEBUG org.hibernate.cfg.Settings - JPA query language strict compliance: disabled
16:39:01.953 [main] DEBUG org.hibernate.cfg.Settings - Named query checking : enabled
16:39:01.953 [main] DEBUG org.hibernate.cfg.Settings - Second-level cache: disabled
16:39:01.953 [main] DEBUG org.hibernate.cfg.Settings - Second-level query cache: disabled
16:39:01.953 [main] DEBUG org.hibernate.cfg.Settings - Second-level query cache factory: null
16:39:01.953 [main] DEBUG org.hibernate.cfg.Settings - Second-level cache region prefix: null
16:39:01.954 [main] DEBUG org.hibernate.cfg.Settings - Optimize second-level cache for minimal puts: disabled
16:39:01.954 [main] DEBUG org.hibernate.cfg.Settings - Structured second-level cache entries: disabled
16:39:01.954 [main] DEBUG org.hibernate.cfg.Settings - Second-level cache direct-reference entries: disabled
16:39:01.954 [main] DEBUG org.hibernate.cfg.Settings - Automatic eviction of collection cache: disabled
16:39:01.954 [main] DEBUG org.hibernate.cfg.Settings - JDBC batch size: 15
16:39:01.954 [main] DEBUG org.hibernate.cfg.Settings - JDBC batch updates for versioned data: enabled
16:39:01.954 [main] DEBUG org.hibernate.cfg.Settings - Scrollable result sets: enabled
16:39:01.954 [main] DEBUG org.hibernate.cfg.Settings - Wrap result sets: disabled
16:39:01.954 [main] DEBUG org.hibernate.cfg.Settings - JDBC3 getGeneratedKeys(): enabled
16:39:01.954 [main] DEBUG org.hibernate.cfg.Settings - JDBC result set fetch size: null
16:39:01.954 [main] DEBUG org.hibernate.cfg.Settings - Connection release mode: ON_CLOSE
16:39:01.954 [main] DEBUG org.hibernate.cfg.Settings - Generate SQL with comments: disabled
16:39:02.007 [main] DEBUG org.hibernate.internal.SessionFactoryImpl - Session factory constructed with filter configurations : {}
16:39:02.007 [main] DEBUG org.hibernate.internal.SessionFactoryImpl - Instantiating session factory with properties: {sun.desktop=windows, awt.toolkit=sun.awt.windows.WToolkit, file.encoding.pkg=sun.io, java.specification.version=1.8, hibernate.connection.handling_mode=DELAYED_ACQUISITION_AND_HOLD, sun.cpu.isalist=amd64, sun.jnu.encoding=Cp1252, hibernate.dialect=org.hibernate.dialect.MySQL5Dialect, java.class.path=C:\Users\AZUZ\Desktop\craftStore-With-spring-core-testing\target\test-classes;C:\Users\AZUZ\Desktop\craftStore-With-spring-core-testing\target\classes;C:\Users\AZUZ\.m2\repository\com\fasterxml\jackson\core\jackson-databind\2.13.0\jackson-databind-2.13.0.jar;C:\Users\AZUZ\.m2\repository\com\fasterxml\jackson\core\jackson-core\2.13.0\jackson-core-2.13.0.jar;C:\Users\AZUZ\.m2\repository\com\fasterxml\jackson\core\jackson-annotations\2.13.0\jackson-annotations-2.13.0.jar;C:\Users\AZUZ\.m2\repository\org\apache\poi\poi-ooxml\3.11\poi-ooxml-3.11.jar;C:\Users\AZUZ\.m2\repository\org\apache\poi\poi\3.11\poi-3.11.jar;C:\Users\AZUZ\.m2\repository\commons-codec\commons-codec\1.9\commons-codec-1.9.jar;C:\Users\AZUZ\.m2\repository\org\apache\poi\poi-ooxml-schemas\3.11\poi-ooxml-schemas-3.11.jar;C:\Users\AZUZ\.m2\repository\org\apache\xmlbeans\xmlbeans\2.6.0\xmlbeans-2.6.0.jar;C:\Users\AZUZ\.m2\repository\stax\stax-api\1.0.1\stax-api-1.0.1.jar;C:\Users\AZUZ\.m2\repository\org\springframework\spring-webmvc\5.2.22.RELEASE\spring-webmvc-5.2.22.RELEASE.jar;C:\Users\AZUZ\.m2\repository\org\springframework\spring-aop\5.2.22.RELEASE\spring-aop-5.2.22.RELEASE.jar;C:\Users\AZUZ\.m2\repository\org\springframework\spring-beans\5.2.22.RELEASE\spring-beans-5.2.22.RELEASE.jar;C:\Users\AZUZ\.m2\repository\org\springframework\spring-context\5.2.22.RELEASE\spring-context-5.2.22.RELEASE.jar;C:\Users\AZUZ\.m2\repository\org\springframework\spring-core\5.2.22.RELEASE\spring-core-5.2.22.RELEASE.jar;C:\Users\AZUZ\.m2\repository\org\springframework\spring-jcl\5.2.22.RELEASE\spring-jcl-5.2.22.RELEASE.jar;C:\Users\AZUZ\.m2\repository\org\springframework\spring-expression\5.2.22.RELEASE\spring-expression-5.2.22.RELEASE.jar;C:\Users\AZUZ\.m2\repository\org\springframework\spring-web\5.2.22.RELEASE\spring-web-5.2.22.RELEASE.jar;C:\Users\AZUZ\.m2\repository\org\thymeleaf\thymeleaf-spring5\3.0.15.RELEASE\thymeleaf-spring5-3.0.15.RELEASE.jar;C:\Users\AZUZ\.m2\repository\org\thymeleaf\thymeleaf\3.0.15.RELEASE\thymeleaf-3.0.15.RELEASE.jar;C:\Users\AZUZ\.m2\repository\org\attoparser\attoparser\2.0.5.RELEASE\attoparser-2.0.5.RELEASE.jar;C:\Users\AZUZ\.m2\repository\org\unbescape\unbescape\1.1.6.RELEASE\unbescape-1.1.6.RELEASE.jar;C:\Users\AZUZ\.m2\repository\org\webjars\bootstrap\5.2.0\bootstrap-5.2.0.jar;C:\Users\AZUZ\.m2\repository\jakarta\servlet\jakarta.servlet-api\4.0.4\jakarta.servlet-api-4.0.4.jar;C:\Users\AZUZ\.m2\repository\org\springframework\spring-test\5.2.22.RELEASE\spring-test-5.2.22.RELEASE.jar;C:\Users\AZUZ\.m2\repository\org\slf4j\slf4j-api\1.7.32\slf4j-api-1.7.32.jar;C:\Users\AZUZ\.m2\repository\ch\qos\logback\logback-classic\1.2.6\logback-classic-1.2.6.jar;C:\Users\AZUZ\.m2\repository\ch\qos\logback\logback-core\1.2.6\logback-core-1.2.6.jar;C:\Users\AZUZ\.m2\repository\org\junit\jupiter\junit-jupiter-api\5.9.0\junit-jupiter-api-5.9.0.jar;C:\Users\AZUZ\.m2\repository\org\opentest4j\opentest4j\1.2.0\opentest4j-1.2.0.jar;C:\Users\AZUZ\.m2\repository\org\junit\platform\junit-platform-commons\1.9.0\junit-platform-commons-1.9.0.jar;C:\Users\AZUZ\.m2\repository\org\apiguardian\apiguardian-api\1.1.2\apiguardian-api-1.1.2.jar;C:\Users\AZUZ\.m2\repository\org\junit\jupiter\junit-jupiter-params\5.10.0\junit-jupiter-params-5.10.0.jar;C:\Users\AZUZ\.m2\repository\org\junit\jupiter\junit-jupiter-engine\5.9.0\junit-jupiter-engine-5.9.0.jar;C:\Users\AZUZ\.m2\repository\org\junit\platform\junit-platform-engine\1.9.0\junit-platform-engine-1.9.0.jar;C:\Users\AZUZ\.m2\repository\org\hamcrest\hamcrest-core\2.2\hamcrest-core-2.2.jar;C:\Users\AZUZ\.m2\repository\org\hamcrest\hamcrest\2.2\hamcrest-2.2.jar;C:\Users\AZUZ\.m2\repository\com\mysql\mysql-connector-j\8.0.31\mysql-connector-j-8.0.31.jar;C:\Users\AZUZ\.m2\repository\com\google\protobuf\protobuf-java\3.19.4\protobuf-java-3.19.4.jar;C:\Users\AZUZ\.m2\repository\org\springframework\spring-orm\5.2.22.RELEASE\spring-orm-5.2.22.RELEASE.jar;C:\Users\AZUZ\.m2\repository\org\springframework\spring-jdbc\5.2.22.RELEASE\spring-jdbc-5.2.22.RELEASE.jar;C:\Users\AZUZ\.m2\repository\org\springframework\spring-tx\5.2.22.RELEASE\spring-tx-5.2.22.RELEASE.jar;C:\Users\AZUZ\.m2\repository\org\hibernate\hibernate-entitymanager\5.2.17.Final\hibernate-entitymanager-5.2.17.Final.jar;C:\Users\AZUZ\.m2\repository\org\jboss\logging\jboss-logging\3.3.1.Final\jboss-logging-3.3.1.Final.jar;C:\Users\AZUZ\.m2\repository\org\hibernate\hibernate-core\5.2.17.Final\hibernate-core-5.2.17.Final.jar;C:\Users\AZUZ\.m2\repository\antlr\antlr\2.7.7\antlr-2.7.7.jar;C:\Users\AZUZ\.m2\repository\org\jboss\jandex\2.0.3.Final\jandex-2.0.3.Final.jar;C:\Users\AZUZ\.m2\repository\dom4j\dom4j\1.6.1\dom4j-1.6.1.jar;C:\Users\AZUZ\.m2\repository\org\hibernate\common\hibernate-commons-annotations\5.0.1.Final\hibernate-commons-annotations-5.0.1.Final.jar;C:\Users\AZUZ\.m2\repository\org\hibernate\javax\persistence\hibernate-jpa-2.1-api\1.0.0.Final\hibernate-jpa-2.1-api-1.0.0.Final.jar;C:\Users\AZUZ\.m2\repository\org\javassist\javassist\3.22.0-GA\javassist-3.22.0-GA.jar;C:\Users\AZUZ\.m2\repository\net\bytebuddy\byte-buddy\1.6.14\byte-buddy-1.6.14.jar;C:\Users\AZUZ\.m2\repository\org\jboss\spec\javax\transaction\jboss-transaction-api_1.2_spec\1.0.1.Final\jboss-transaction-api_1.2_spec-1.0.1.Final.jar;C:\Users\AZUZ\.m2\repository\org\hibernate\hibernate-validator\5.4.1.Final\hibernate-validator-5.4.1.Final.jar;C:\Users\AZUZ\.m2\repository\javax\validation\validation-api\1.1.0.Final\validation-api-1.1.0.Final.jar;C:\Users\AZUZ\.m2\repository\com\fasterxml\classmate\1.3.1\classmate-1.3.1.jar;C:\Users\AZUZ\.m2\repository\org\springframework\data\spring-data-jpa\2.1.0.RELEASE\spring-data-jpa-2.1.0.RELEASE.jar;C:\Users\AZUZ\.m2\repository\org\springframework\data\spring-data-commons\2.1.0.RELEASE\spring-data-commons-2.1.0.RELEASE.jar;C:\Users\AZUZ\.m2\repository\org\aspectj\aspectjrt\1.9.1\aspectjrt-1.9.1.jar;C:\Users\AZUZ\.m2\repository\com\h2database\h2\2.1.214\h2-2.1.214.jar;, java.vm.vendor=Oracle Corporation, sun.arch.data.model=64, user.variant=, java.vendor.url=http://java.oracle.com/, user.timezone=Africa/Casablanca, user.country.format=US, os.name=Windows 10, java.vm.specification.version=1.8, javax.persistence.validation.mode=AUTO, user.country=FR, sun.java.launcher=SUN_STANDARD, sun.boot.library.path=C:\Program Files\Java\jdk1.8.0_202\jre\bin, sun.java.command=C:\Users\AZUZ\AppData\Local\Temp\surefire5076529982768076834\surefirebooter-20240104163857344_3.jar C:\Users\AZUZ\AppData\Local\Temp\surefire5076529982768076834 2024-01-04T16-38-56_483-jvmRun1 surefire-20240104163857344_1tmp surefire_0-20240104163857344_2tmp, javax.persistence.sharedCache.mode=UNSPECIFIED, surefire.test.class.path=C:\Users\AZUZ\Desktop\craftStore-With-spring-core-testing\target\test-classes;C:\Users\AZUZ\Desktop\craftStore-With-spring-core-testing\target\classes;C:\Users\AZUZ\.m2\repository\com\fasterxml\jackson\core\jackson-databind\2.13.0\jackson-databind-2.13.0.jar;C:\Users\AZUZ\.m2\repository\com\fasterxml\jackson\core\jackson-core\2.13.0\jackson-core-2.13.0.jar;C:\Users\AZUZ\.m2\repository\com\fasterxml\jackson\core\jackson-annotations\2.13.0\jackson-annotations-2.13.0.jar;C:\Users\AZUZ\.m2\repository\org\apache\poi\poi-ooxml\3.11\poi-ooxml-3.11.jar;C:\Users\AZUZ\.m2\repository\org\apache\poi\poi\3.11\poi-3.11.jar;C:\Users\AZUZ\.m2\repository\commons-codec\commons-codec\1.9\commons-codec-1.9.jar;C:\Users\AZUZ\.m2\repository\org\apache\poi\poi-ooxml-schemas\3.11\poi-ooxml-schemas-3.11.jar;C:\Users\AZUZ\.m2\repository\org\apache\xmlbeans\xmlbeans\2.6.0\xmlbeans-2.6.0.jar;C:\Users\AZUZ\.m2\repository\stax\stax-api\1.0.1\stax-api-1.0.1.jar;C:\Users\AZUZ\.m2\repository\org\springframework\spring-webmvc\5.2.22.RELEASE\spring-webmvc-5.2.22.RELEASE.jar;C:\Users\AZUZ\.m2\repository\org\springframework\spring-aop\5.2.22.RELEASE\spring-aop-5.2.22.RELEASE.jar;C:\Users\AZUZ\.m2\repository\org\springframework\spring-beans\5.2.22.RELEASE\spring-beans-5.2.22.RELEASE.jar;C:\Users\AZUZ\.m2\repository\org\springframework\spring-context\5.2.22.RELEASE\spring-context-5.2.22.RELEASE.jar;C:\Users\AZUZ\.m2\repository\org\springframework\spring-core\5.2.22.RELEASE\spring-core-5.2.22.RELEASE.jar;C:\Users\AZUZ\.m2\repository\org\springframework\spring-jcl\5.2.22.RELEASE\spring-jcl-5.2.22.RELEASE.jar;C:\Users\AZUZ\.m2\repository\org\springframework\spring-expression\5.2.22.RELEASE\spring-expression-5.2.22.RELEASE.jar;C:\Users\AZUZ\.m2\repository\org\springframework\spring-web\5.2.22.RELEASE\spring-web-5.2.22.RELEASE.jar;C:\Users\AZUZ\.m2\repository\org\thymeleaf\thymeleaf-spring5\3.0.15.RELEASE\thymeleaf-spring5-3.0.15.RELEASE.jar;C:\Users\AZUZ\.m2\repository\org\thymeleaf\thymeleaf\3.0.15.RELEASE\thymeleaf-3.0.15.RELEASE.jar;C:\Users\AZUZ\.m2\repository\org\attoparser\attoparser\2.0.5.RELEASE\attoparser-2.0.5.RELEASE.jar;C:\Users\AZUZ\.m2\repository\org\unbescape\unbescape\1.1.6.RELEASE\unbescape-1.1.6.RELEASE.jar;C:\Users\AZUZ\.m2\repository\org\webjars\bootstrap\5.2.0\bootstrap-5.2.0.jar;C:\Users\AZUZ\.m2\repository\jakarta\servlet\jakarta.servlet-api\4.0.4\jakarta.servlet-api-4.0.4.jar;C:\Users\AZUZ\.m2\repository\org\springframework\spring-test\5.2.22.RELEASE\spring-test-5.2.22.RELEASE.jar;C:\Users\AZUZ\.m2\repository\org\slf4j\slf4j-api\1.7.32\slf4j-api-1.7.32.jar;C:\Users\AZUZ\.m2\repository\ch\qos\logback\logback-classic\1.2.6\logback-classic-1.2.6.jar;C:\Users\AZUZ\.m2\repository\ch\qos\logback\logback-core\1.2.6\logback-core-1.2.6.jar;C:\Users\AZUZ\.m2\repository\org\junit\jupiter\junit-jupiter-api\5.9.0\junit-jupiter-api-5.9.0.jar;C:\Users\AZUZ\.m2\repository\org\opentest4j\opentest4j\1.2.0\opentest4j-1.2.0.jar;C:\Users\AZUZ\.m2\repository\org\junit\platform\junit-platform-commons\1.9.0\junit-platform-commons-1.9.0.jar;C:\Users\AZUZ\.m2\repository\org\apiguardian\apiguardian-api\1.1.2\apiguardian-api-1.1.2.jar;C:\Users\AZUZ\.m2\repository\org\junit\jupiter\junit-jupiter-params\5.10.0\junit-jupiter-params-5.10.0.jar;C:\Users\AZUZ\.m2\repository\org\junit\jupiter\junit-jupiter-engine\5.9.0\junit-jupiter-engine-5.9.0.jar;C:\Users\AZUZ\.m2\repository\org\junit\platform\junit-platform-engine\1.9.0\junit-platform-engine-1.9.0.jar;C:\Users\AZUZ\.m2\repository\org\hamcrest\hamcrest-core\2.2\hamcrest-core-2.2.jar;C:\Users\AZUZ\.m2\repository\org\hamcrest\hamcrest\2.2\hamcrest-2.2.jar;C:\Users\AZUZ\.m2\repository\com\mysql\mysql-connector-j\8.0.31\mysql-connector-j-8.0.31.jar;C:\Users\AZUZ\.m2\repository\com\google\protobuf\protobuf-java\3.19.4\protobuf-java-3.19.4.jar;C:\Users\AZUZ\.m2\repository\org\springframework\spring-orm\5.2.22.RELEASE\spring-orm-5.2.22.RELEASE.jar;C:\Users\AZUZ\.m2\repository\org\springframework\spring-jdbc\5.2.22.RELEASE\spring-jdbc-5.2.22.RELEASE.jar;C:\Users\AZUZ\.m2\repository\org\springframework\spring-tx\5.2.22.RELEASE\spring-tx-5.2.22.RELEASE.jar;C:\Users\AZUZ\.m2\repository\org\hibernate\hibernate-entitymanager\5.2.17.Final\hibernate-entitymanager-5.2.17.Final.jar;C:\Users\AZUZ\.m2\repository\org\jboss\logging\jboss-logging\3.3.1.Final\jboss-logging-3.3.1.Final.jar;C:\Users\AZUZ\.m2\repository\org\hibernate\hibernate-core\5.2.17.Final\hibernate-core-5.2.17.Final.jar;C:\Users\AZUZ\.m2\repository\antlr\antlr\2.7.7\antlr-2.7.7.jar;C:\Users\AZUZ\.m2\repository\org\jboss\jandex\2.0.3.Final\jandex-2.0.3.Final.jar;C:\Users\AZUZ\.m2\repository\dom4j\dom4j\1.6.1\dom4j-1.6.1.jar;C:\Users\AZUZ\.m2\repository\org\hibernate\common\hibernate-commons-annotations\5.0.1.Final\hibernate-commons-annotations-5.0.1.Final.jar;C:\Users\AZUZ\.m2\repository\org\hibernate\javax\persistence\hibernate-jpa-2.1-api\1.0.0.Final\hibernate-jpa-2.1-api-1.0.0.Final.jar;C:\Users\AZUZ\.m2\repository\org\javassist\javassist\3.22.0-GA\javassist-3.22.0-GA.jar;C:\Users\AZUZ\.m2\repository\net\bytebuddy\byte-buddy\1.6.14\byte-buddy-1.6.14.jar;C:\Users\AZUZ\.m2\repository\org\jboss\spec\javax\transaction\jboss-transaction-api_1.2_spec\1.0.1.Final\jboss-transaction-api_1.2_spec-1.0.1.Final.jar;C:\Users\AZUZ\.m2\repository\org\hibernate\hibernate-validator\5.4.1.Final\hibernate-validator-5.4.1.Final.jar;C:\Users\AZUZ\.m2\repository\javax\validation\validation-api\1.1.0.Final\validation-api-1.1.0.Final.jar;C:\Users\AZUZ\.m2\repository\com\fasterxml\classmate\1.3.1\classmate-1.3.1.jar;C:\Users\AZUZ\.m2\repository\org\springframework\data\spring-data-jpa\2.1.0.RELEASE\spring-data-jpa-2.1.0.RELEASE.jar;C:\Users\AZUZ\.m2\repository\org\springframework\data\spring-data-commons\2.1.0.RELEASE\spring-data-commons-2.1.0.RELEASE.jar;C:\Users\AZUZ\.m2\repository\org\aspectj\aspectjrt\1.9.1\aspectjrt-1.9.1.jar;C:\Users\AZUZ\.m2\repository\com\h2database\h2\2.1.214\h2-2.1.214.jar;, sun.cpu.endian=little, user.home=C:\Users\AZUZ, user.language=fr, java.specification.vendor=Oracle Corporation, java.home=C:\Program Files\Java\jdk1.8.0_202\jre, basedir=C:\Users\AZUZ\Desktop\craftStore-With-spring-core-testing, file.separator=\, line.separator=
, java.vm.specification.vendor=Oracle Corporation, java.specification.name=Java Platform API Specification, hibernate.transaction.coordinator_class=class org.hibernate.resource.transaction.backend.jdbc.internal.JdbcResourceLocalTransactionCoordinatorBuilderImpl, java.awt.graphicsenv=sun.awt.Win32GraphicsEnvironment, surefire.real.class.path=C:\Users\AZUZ\AppData\Local\Temp\surefire5076529982768076834\surefirebooter-20240104163857344_3.jar, sun.boot.class.path=C:\Program Files\Java\jdk1.8.0_202\jre\lib\resources.jar;C:\Program Files\Java\jdk1.8.0_202\jre\lib\rt.jar;C:\Program Files\Java\jdk1.8.0_202\jre\lib\sunrsasign.jar;C:\Program Files\Java\jdk1.8.0_202\jre\lib\jsse.jar;C:\Program Files\Java\jdk1.8.0_202\jre\lib\jce.jar;C:\Program Files\Java\jdk1.8.0_202\jre\lib\charsets.jar;C:\Program Files\Java\jdk1.8.0_202\jre\lib\jfr.jar;C:\Program Files\Java\jdk1.8.0_202\jre\classes, hibernate.hbm2ddl.auto=update, user.script=, sun.management.compiler=HotSpot 64-Bit Tiered Compilers, java.runtime.version=1.8.0_202-b08, hibernate.cache.use_query_cache=false, user.name=AZUZ, path.separator=;, os.version=10.0, java.endorsed.dirs=C:\Program Files\Java\jdk1.8.0_202\jre\lib\endorsed, java.runtime.name=Java(TM) SE Runtime Environment, hibernate.ejb.persistenceUnitName=default, file.encoding=Cp1252, java.vm.name=Java HotSpot(TM) 64-Bit Server VM, localRepository=C:\Users\AZUZ\.m2\repository, java.vendor.url.bug=http://bugreport.sun.com/bugreport/, java.io.tmpdir=C:\Users\AZUZ\AppData\Local\Temp\, java.version=1.8.0_202, user.dir=C:\Users\AZUZ\Desktop\craftStore-With-spring-core-testing, os.arch=amd64, java.vm.specification.name=Java Virtual Machine Specification, java.awt.printerjob=sun.awt.windows.WPrinterJob, user.language.format=en, sun.os.patch.level=, hibernate.boot.CfgXmlAccessService.key=org.hibernate.boot.cfgxml.spi.LoadedConfig@1976f537, hibernate.cache.use_second_level_cache=false, java.library.path=C:\Program Files\Java\jdk1.8.0_202\jre\bin;C:\WINDOWS\Sun\Java\bin;C:\WINDOWS\system32;C:\WINDOWS;C:\Program Files\Common Files\Oracle\Java\javapath;C:\Program Files\Java\jdk1.8.0_202;C:\Program Files (x86)\Common Files\Oracle\Java\javapath;C:\Program Files (x86)\VMware\VMware Workstation\bin\;C:\WINDOWS\system32;C:\WINDOWS;C:\WINDOWS\System32\Wbem;C:\WINDOWS\System32\WindowsPowerShell\v1.0\;C:\WINDOWS\System32\OpenSSH\;C:\Program Files\PuTTY\;C:\Program Files\nodejs\;C:\Program Files\Git\cmd;%MAVEN_HOME%\bin;C:\apache-maven-3.9.6\bin;C:\Users\AZUZ\AppData\Local\Programs\Python\Python37\Scripts\;C:\Users\AZUZ\AppData\Local\Programs\Python\Python37\;C:\Users\AZUZ\AppData\Local\Microsoft\WindowsApps;C:\Users\AZUZ\AppData\Local\Programs\Microsoft VS Code\bin;C:\Users\AZUZ\AppData\Roaming\npm;C:\apache-maven-3.9.6\bin;C:\Program Files\Java\jdk1.8.0_202\bin;;., java.vm.info=mixed mode, java.vendor=Oracle Corporation, java.vm.version=25.202-b08, hibernate.bytecode.use_reflection_optimizer=false, hibernate.connection.datasource=org.springframework.jdbc.datasource.DriverManagerDataSource@65045a87, java.ext.dirs=C:\Program Files\Java\jdk1.8.0_202\jre\lib\ext;C:\WINDOWS\Sun\Java\lib\ext, sun.io.unicode.encoding=UnicodeLittle, java.class.version=52.0}
16:39:02.040 [main] INFO org.hibernate.validator.internal.util.Version - HV000001: Hibernate Validator 5.4.1.Final
16:39:02.059 [main] DEBUG org.hibernate.validator.internal.engine.resolver.DefaultTraversableResolver - Found javax.persistence.Persistence on classpath containing 'getPersistenceUtil'. Assuming JPA 2 environment. Trying to instantiate JPA aware TraversableResolver
16:39:02.060 [main] DEBUG org.hibernate.validator.internal.engine.resolver.DefaultTraversableResolver - Instantiated JPA aware TraversableResolver of type org.hibernate.validator.internal.engine.resolver.JPATraversableResolver.
16:39:02.062 [main] DEBUG org.hibernate.validator.internal.xml.ValidationXmlParser - Trying to load META-INF/validation.xml for XML based Validator configuration.
16:39:02.063 [main] DEBUG org.hibernate.validator.internal.xml.ResourceLoaderHelper - Trying to load META-INF/validation.xml via TCCL
16:39:02.064 [main] DEBUG org.hibernate.validator.internal.xml.ResourceLoaderHelper - Trying to load META-INF/validation.xml via Hibernate Validator's class loader
16:39:02.064 [main] DEBUG org.hibernate.validator.internal.xml.ValidationXmlParser - No META-INF/validation.xml found. Using annotation based configuration only.
16:39:02.075 [main] DEBUG org.hibernate.cfg.beanvalidation.TypeSafeActivator - Unable to acquire Bean Validation ValidatorFactory, skipping activation
16:39:02.076 [main] DEBUG org.hibernate.secure.spi.JaccIntegrator - Skipping JACC integration as it was not enabled
16:39:02.080 [main] DEBUG org.hibernate.engine.spi.CascadeStyles - External cascade style registration [persist : STYLE_PERSIST_SKIPLAZY] overrode base registration [STYLE_PERSIST]
16:39:02.110 [main] DEBUG org.hibernate.internal.SessionFactoryImpl - Instantiated session factory
16:39:02.180 [main] DEBUG org.hibernate.boot.internal.ClassLoaderAccessImpl - Not known whether passed class name [com.joseph.entity.Client] is safe
16:39:02.180 [main] DEBUG org.hibernate.boot.internal.ClassLoaderAccessImpl - No temp ClassLoader provided; using live ClassLoader for loading potentially unsafe class : com.joseph.entity.Client
16:39:02.212 [main] DEBUG org.hibernate.boot.internal.ClassLoaderAccessImpl - Not known whether passed class name [com.joseph.entity.Client] is safe
16:39:02.212 [main] DEBUG org.hibernate.boot.internal.ClassLoaderAccessImpl - No temp ClassLoader provided; using live ClassLoader for loading potentially unsafe class : com.joseph.entity.Client
16:39:02.267 [main] DEBUG org.hibernate.boot.internal.ClassLoaderAccessImpl - Not known whether passed class name [com.joseph.entity.Order] is safe
16:39:02.267 [main] DEBUG org.hibernate.boot.internal.ClassLoaderAccessImpl - No temp ClassLoader provided; using live ClassLoader for loading potentially unsafe class : com.joseph.entity.Order
16:39:02.273 [main] DEBUG org.hibernate.boot.internal.ClassLoaderAccessImpl - Not known whether passed class name [com.joseph.entity.Order] is safe
16:39:02.273 [main] DEBUG org.hibernate.boot.internal.ClassLoaderAccessImpl - No temp ClassLoader provided; using live ClassLoader for loading potentially unsafe class : com.joseph.entity.Order
16:39:02.281 [main] DEBUG org.hibernate.boot.internal.ClassLoaderAccessImpl - Not known whether passed class name [com.joseph.entity.Product] is safe
16:39:02.281 [main] DEBUG org.hibernate.boot.internal.ClassLoaderAccessImpl - No temp ClassLoader provided; using live ClassLoader for loading potentially unsafe class : com.joseph.entity.Product
16:39:02.281 [main] DEBUG org.hibernate.boot.internal.ClassLoaderAccessImpl - Not known whether passed class name [com.joseph.entity.Product] is safe
16:39:02.281 [main] DEBUG org.hibernate.boot.internal.ClassLoaderAccessImpl - No temp ClassLoader provided; using live ClassLoader for loading potentially unsafe class : com.joseph.entity.Product
16:39:02.286 [main] DEBUG org.hibernate.boot.internal.ClassLoaderAccessImpl - Not known whether passed class name [com.joseph.entity.OrderItem] is safe
16:39:02.286 [main] DEBUG org.hibernate.boot.internal.ClassLoaderAccessImpl - No temp ClassLoader provided; using live ClassLoader for loading potentially unsafe class : com.joseph.entity.OrderItem
16:39:02.287 [main] DEBUG org.hibernate.boot.internal.ClassLoaderAccessImpl - Not known whether passed class name [com.joseph.entity.OrderItem] is safe
16:39:02.287 [main] DEBUG org.hibernate.boot.internal.ClassLoaderAccessImpl - No temp ClassLoader provided; using live ClassLoader for loading potentially unsafe class : com.joseph.entity.OrderItem
16:39:02.310 [main] DEBUG org.hibernate.persister.collection.AbstractCollectionPersister - Static SQL for collection: com.joseph.entity.Order.orderItems
16:39:02.316 [main] DEBUG org.hibernate.persister.collection.AbstractCollectionPersister -  Row insert: update orderitems set idorder=? where id=?
16:39:02.317 [main] DEBUG org.hibernate.persister.collection.AbstractCollectionPersister -  Row update: update orderitems set  where id=?
16:39:02.317 [main] DEBUG org.hibernate.persister.collection.AbstractCollectionPersister -  Row delete: update orderitems set idorder=null where idorder=? and id=?
16:39:02.318 [main] DEBUG org.hibernate.persister.collection.AbstractCollectionPersister -  One-shot delete: update orderitems set idorder=null where idorder=?
16:39:02.324 [main] DEBUG org.hibernate.persister.collection.AbstractCollectionPersister - Static SQL for collection: com.joseph.entity.Product.orderItems
16:39:02.324 [main] DEBUG org.hibernate.persister.collection.AbstractCollectionPersister -  Row insert: update orderitems set idproduct=? where id=?
16:39:02.324 [main] DEBUG org.hibernate.persister.collection.AbstractCollectionPersister -  Row update: update orderitems set  where id=?
16:39:02.324 [main] DEBUG org.hibernate.persister.collection.AbstractCollectionPersister -  Row delete: update orderitems set idproduct=null where idproduct=? and id=?
16:39:02.324 [main] DEBUG org.hibernate.persister.collection.AbstractCollectionPersister -  One-shot delete: update orderitems set idproduct=null where idproduct=?
16:39:02.324 [main] DEBUG org.hibernate.persister.collection.AbstractCollectionPersister - Static SQL for collection: com.joseph.entity.Client.orders
16:39:02.324 [main] DEBUG org.hibernate.persister.collection.AbstractCollectionPersister -  Row insert: update order_table set idclient=? where idorder=?
16:39:02.324 [main] DEBUG org.hibernate.persister.collection.AbstractCollectionPersister -  Row update: update order_table set  where idorder=?
16:39:02.324 [main] DEBUG org.hibernate.persister.collection.AbstractCollectionPersister -  Row delete: update order_table set idclient=null where idclient=? and idorder=?
16:39:02.324 [main] DEBUG org.hibernate.persister.collection.AbstractCollectionPersister -  One-shot delete: update order_table set idclient=null where idclient=?
16:39:02.329 [main] DEBUG org.hibernate.persister.entity.AbstractEntityPersister - Static SQL for entity: com.joseph.entity.Client
16:39:02.329 [main] DEBUG org.hibernate.persister.entity.AbstractEntityPersister -  Version select: select idclient from client where idclient =?
16:39:02.329 [main] DEBUG org.hibernate.persister.entity.AbstractEntityPersister -  Snapshot select: select client_.idclient, client_.emailclient as emailcli2_0_, client_.nameclient as nameclie3_0_ from client client_ where client_.idclient=?
16:39:02.329 [main] DEBUG org.hibernate.persister.entity.AbstractEntityPersister -  Insert 0: insert into client (emailclient, nameclient, idclient) values (?, ?, ?)
16:39:02.329 [main] DEBUG org.hibernate.persister.entity.AbstractEntityPersister -  Update 0: update client set emailclient=?, nameclient=? where idclient=?
16:39:02.329 [main] DEBUG org.hibernate.persister.entity.AbstractEntityPersister -  Delete 0: delete from client where idclient=?
16:39:02.330 [main] DEBUG org.hibernate.persister.entity.AbstractEntityPersister -  Identity insert: insert into client (emailclient, nameclient) values (?, ?)
16:39:02.356 [main] DEBUG org.hibernate.loader.plan.build.internal.spaces.QuerySpacesImpl - Adding QuerySpace : uid = <gen:0> -> org.hibernate.loader.plan.build.internal.spaces.EntityQuerySpaceImpl@1a2909ae]
16:39:02.357 [main] DEBUG org.hibernate.persister.walking.spi.MetamodelGraphWalker - Visiting attribute path : emailclient
16:39:02.357 [main] DEBUG org.hibernate.persister.walking.spi.MetamodelGraphWalker - Visiting attribute path : nameclient
16:39:02.357 [main] DEBUG org.hibernate.persister.walking.spi.MetamodelGraphWalker - Visiting attribute path : orders
16:39:02.362 [main] DEBUG org.hibernate.loader.plan.build.internal.spaces.QuerySpacesImpl - Adding QuerySpace : uid = <gen:1> -> org.hibernate.loader.plan.build.internal.spaces.CollectionQuerySpaceImpl@6b4283c4]
16:39:02.364 [main] DEBUG org.hibernate.loader.plan.build.internal.spaces.QuerySpacesImpl - Adding QuerySpace : uid = <gen:2> -> org.hibernate.loader.plan.build.internal.spaces.EntityQuerySpaceImpl@6a4ccef7]
16:39:02.365 [main] DEBUG org.hibernate.loader.plan.build.internal.FetchStyleLoadPlanBuildingAssociationVisitationStrategy - Building LoadPlan...
16:39:02.380 [main] DEBUG org.hibernate.loader.plan.exec.internal.LoadQueryJoinAndFetchProcessor - processing queryspace <gen:0>
16:39:02.384 [main] DEBUG org.hibernate.loader.plan.build.spi.LoadPlanTreePrinter - LoadPlan(entity=com.joseph.entity.Client)
    - Returns
       - EntityReturnImpl(entity=com.joseph.entity.Client, querySpaceUid=<gen:0>, path=com.joseph.entity.Client)
          - CollectionAttributeFetchImpl(collection=com.joseph.entity.Client.orders, querySpaceUid=<gen:1>, path=com.joseph.entity.Client.orders)
             - (collection element) CollectionFetchableElementEntityGraph(entity=com.joseph.entity.Order, querySpaceUid=<gen:2>, path=com.joseph.entity.Client.orders.<elements>)
    - QuerySpaces
       - EntityQuerySpaceImpl(uid=<gen:0>, entity=com.joseph.entity.Client)
          - SQL table alias mapping - client0_
          - alias suffix - 0_
          - suffixed key columns - {idclient1_0_0_}

16:39:02.386 [main] DEBUG org.hibernate.loader.entity.plan.EntityLoader - Static select for entity com.joseph.entity.Client [NONE]: select client0_.idclient as idclient1_0_0_, client0_.emailclient as emailcli2_0_0_, client0_.nameclient as nameclie3_0_0_ from client client0_ where client0_.idclient=?
16:39:02.386 [main] DEBUG org.hibernate.loader.plan.build.internal.spaces.QuerySpacesImpl - Adding QuerySpace : uid = <gen:0> -> org.hibernate.loader.plan.build.internal.spaces.EntityQuerySpaceImpl@534c6767]
16:39:02.386 [main] DEBUG org.hibernate.persister.walking.spi.MetamodelGraphWalker - Visiting attribute path : emailclient
16:39:02.386 [main] DEBUG org.hibernate.persister.walking.spi.MetamodelGraphWalker - Visiting attribute path : nameclient
16:39:02.386 [main] DEBUG org.hibernate.persister.walking.spi.MetamodelGraphWalker - Visiting attribute path : orders
16:39:02.386 [main] DEBUG org.hibernate.loader.plan.build.internal.spaces.QuerySpacesImpl - Adding QuerySpace : uid = <gen:1> -> org.hibernate.loader.plan.build.internal.spaces.CollectionQuerySpaceImpl@29a1505c]
16:39:02.386 [main] DEBUG org.hibernate.loader.plan.build.internal.spaces.QuerySpacesImpl - Adding QuerySpace : uid = <gen:2> -> org.hibernate.loader.plan.build.internal.spaces.EntityQuerySpaceImpl@24db6ce]
16:39:02.386 [main] DEBUG org.hibernate.loader.plan.build.internal.FetchStyleLoadPlanBuildingAssociationVisitationStrategy - Building LoadPlan...
16:39:02.386 [main] DEBUG org.hibernate.loader.plan.exec.internal.LoadQueryJoinAndFetchProcessor - processing queryspace <gen:0>
16:39:02.386 [main] DEBUG org.hibernate.loader.plan.build.spi.LoadPlanTreePrinter - LoadPlan(entity=com.joseph.entity.Client)
    - Returns
       - EntityReturnImpl(entity=com.joseph.entity.Client, querySpaceUid=<gen:0>, path=com.joseph.entity.Client)
          - CollectionAttributeFetchImpl(collection=com.joseph.entity.Client.orders, querySpaceUid=<gen:1>, path=com.joseph.entity.Client.orders)
             - (collection element) CollectionFetchableElementEntityGraph(entity=com.joseph.entity.Order, querySpaceUid=<gen:2>, path=com.joseph.entity.Client.orders.<elements>)
    - QuerySpaces
       - EntityQuerySpaceImpl(uid=<gen:0>, entity=com.joseph.entity.Client)
          - SQL table alias mapping - client0_
          - alias suffix - 0_
          - suffixed key columns - {idclient1_0_0_}

16:39:02.386 [main] DEBUG org.hibernate.loader.entity.plan.EntityLoader - Static select for entity com.joseph.entity.Client [READ]: select client0_.idclient as idclient1_0_0_, client0_.emailclient as emailcli2_0_0_, client0_.nameclient as nameclie3_0_0_ from client client0_ where client0_.idclient=?
16:39:02.386 [main] DEBUG org.hibernate.loader.plan.build.internal.spaces.QuerySpacesImpl - Adding QuerySpace : uid = <gen:0> -> org.hibernate.loader.plan.build.internal.spaces.EntityQuerySpaceImpl@320a8ebf]
16:39:02.386 [main] DEBUG org.hibernate.persister.walking.spi.MetamodelGraphWalker - Visiting attribute path : emailclient
16:39:02.386 [main] DEBUG org.hibernate.persister.walking.spi.MetamodelGraphWalker - Visiting attribute path : nameclient
16:39:02.386 [main] DEBUG org.hibernate.persister.walking.spi.MetamodelGraphWalker - Visiting attribute path : orders
16:39:02.386 [main] DEBUG org.hibernate.loader.plan.build.internal.spaces.QuerySpacesImpl - Adding QuerySpace : uid = <gen:1> -> org.hibernate.loader.plan.build.internal.spaces.CollectionQuerySpaceImpl@44b18fe4]
16:39:02.386 [main] DEBUG org.hibernate.loader.plan.build.internal.spaces.QuerySpacesImpl - Adding QuerySpace : uid = <gen:2> -> org.hibernate.loader.plan.build.internal.spaces.EntityQuerySpaceImpl@2ba5aa7a]
16:39:02.388 [main] DEBUG org.hibernate.loader.plan.build.internal.FetchStyleLoadPlanBuildingAssociationVisitationStrategy - Building LoadPlan...
16:39:02.388 [main] DEBUG org.hibernate.loader.plan.exec.internal.LoadQueryJoinAndFetchProcessor - processing queryspace <gen:0>
16:39:02.388 [main] DEBUG org.hibernate.loader.plan.build.spi.LoadPlanTreePrinter - LoadPlan(entity=com.joseph.entity.Client)
    - Returns
       - EntityReturnImpl(entity=com.joseph.entity.Client, querySpaceUid=<gen:0>, path=com.joseph.entity.Client)
          - CollectionAttributeFetchImpl(collection=com.joseph.entity.Client.orders, querySpaceUid=<gen:1>, path=com.joseph.entity.Client.orders)
             - (collection element) CollectionFetchableElementEntityGraph(entity=com.joseph.entity.Order, querySpaceUid=<gen:2>, path=com.joseph.entity.Client.orders.<elements>)
    - QuerySpaces
       - EntityQuerySpaceImpl(uid=<gen:0>, entity=com.joseph.entity.Client)
          - SQL table alias mapping - client0_
          - alias suffix - 0_
          - suffixed key columns - {idclient1_0_0_}

16:39:02.388 [main] DEBUG org.hibernate.loader.entity.plan.EntityLoader - Static select for entity com.joseph.entity.Client [UPGRADE]: select client0_.idclient as idclient1_0_0_, client0_.emailclient as emailcli2_0_0_, client0_.nameclient as nameclie3_0_0_ from client client0_ where client0_.idclient=? for update
16:39:02.388 [main] DEBUG org.hibernate.loader.plan.build.internal.spaces.QuerySpacesImpl - Adding QuerySpace : uid = <gen:0> -> org.hibernate.loader.plan.build.internal.spaces.EntityQuerySpaceImpl@4d3ca6c7]
16:39:02.388 [main] DEBUG org.hibernate.persister.walking.spi.MetamodelGraphWalker - Visiting attribute path : emailclient
16:39:02.388 [main] DEBUG org.hibernate.persister.walking.spi.MetamodelGraphWalker - Visiting attribute path : nameclient
16:39:02.388 [main] DEBUG org.hibernate.persister.walking.spi.MetamodelGraphWalker - Visiting attribute path : orders
16:39:02.388 [main] DEBUG org.hibernate.loader.plan.build.internal.spaces.QuerySpacesImpl - Adding QuerySpace : uid = <gen:1> -> org.hibernate.loader.plan.build.internal.spaces.CollectionQuerySpaceImpl@6a638c79]
16:39:02.388 [main] DEBUG org.hibernate.loader.plan.build.internal.spaces.QuerySpacesImpl - Adding QuerySpace : uid = <gen:2> -> org.hibernate.loader.plan.build.internal.spaces.EntityQuerySpaceImpl@6c931d35]
16:39:02.389 [main] DEBUG org.hibernate.loader.plan.build.internal.FetchStyleLoadPlanBuildingAssociationVisitationStrategy - Building LoadPlan...
16:39:02.389 [main] DEBUG org.hibernate.loader.plan.exec.internal.LoadQueryJoinAndFetchProcessor - processing queryspace <gen:0>
16:39:02.389 [main] DEBUG org.hibernate.loader.plan.build.spi.LoadPlanTreePrinter - LoadPlan(entity=com.joseph.entity.Client)
    - Returns
       - EntityReturnImpl(entity=com.joseph.entity.Client, querySpaceUid=<gen:0>, path=com.joseph.entity.Client)
          - CollectionAttributeFetchImpl(collection=com.joseph.entity.Client.orders, querySpaceUid=<gen:1>, path=com.joseph.entity.Client.orders)
             - (collection element) CollectionFetchableElementEntityGraph(entity=com.joseph.entity.Order, querySpaceUid=<gen:2>, path=com.joseph.entity.Client.orders.<elements>)
    - QuerySpaces
       - EntityQuerySpaceImpl(uid=<gen:0>, entity=com.joseph.entity.Client)
          - SQL table alias mapping - client0_
          - alias suffix - 0_
          - suffixed key columns - {idclient1_0_0_}

16:39:02.389 [main] DEBUG org.hibernate.loader.entity.plan.EntityLoader - Static select for entity com.joseph.entity.Client [UPGRADE_NOWAIT]: select client0_.idclient as idclient1_0_0_, client0_.emailclient as emailcli2_0_0_, client0_.nameclient as nameclie3_0_0_ from client client0_ where client0_.idclient=? for update
16:39:02.389 [main] DEBUG org.hibernate.loader.plan.build.internal.spaces.QuerySpacesImpl - Adding QuerySpace : uid = <gen:0> -> org.hibernate.loader.plan.build.internal.spaces.EntityQuerySpaceImpl@44b194fe]
16:39:02.389 [main] DEBUG org.hibernate.persister.walking.spi.MetamodelGraphWalker - Visiting attribute path : emailclient
16:39:02.389 [main] DEBUG org.hibernate.persister.walking.spi.MetamodelGraphWalker - Visiting attribute path : nameclient
16:39:02.389 [main] DEBUG org.hibernate.persister.walking.spi.MetamodelGraphWalker - Visiting attribute path : orders
16:39:02.389 [main] DEBUG org.hibernate.loader.plan.build.internal.spaces.QuerySpacesImpl - Adding QuerySpace : uid = <gen:1> -> org.hibernate.loader.plan.build.internal.spaces.CollectionQuerySpaceImpl@3fe46690]
16:39:02.389 [main] DEBUG org.hibernate.loader.plan.build.internal.spaces.QuerySpacesImpl - Adding QuerySpace : uid = <gen:2> -> org.hibernate.loader.plan.build.internal.spaces.EntityQuerySpaceImpl@4beabeec]
16:39:02.389 [main] DEBUG org.hibernate.loader.plan.build.internal.FetchStyleLoadPlanBuildingAssociationVisitationStrategy - Building LoadPlan...
16:39:02.389 [main] DEBUG org.hibernate.loader.plan.exec.internal.LoadQueryJoinAndFetchProcessor - processing queryspace <gen:0>
16:39:02.390 [main] DEBUG org.hibernate.loader.plan.build.spi.LoadPlanTreePrinter - LoadPlan(entity=com.joseph.entity.Client)
    - Returns
       - EntityReturnImpl(entity=com.joseph.entity.Client, querySpaceUid=<gen:0>, path=com.joseph.entity.Client)
          - CollectionAttributeFetchImpl(collection=com.joseph.entity.Client.orders, querySpaceUid=<gen:1>, path=com.joseph.entity.Client.orders)
             - (collection element) CollectionFetchableElementEntityGraph(entity=com.joseph.entity.Order, querySpaceUid=<gen:2>, path=com.joseph.entity.Client.orders.<elements>)
    - QuerySpaces
       - EntityQuerySpaceImpl(uid=<gen:0>, entity=com.joseph.entity.Client)
          - SQL table alias mapping - client0_
          - alias suffix - 0_
          - suffixed key columns - {idclient1_0_0_}

16:39:02.390 [main] DEBUG org.hibernate.loader.entity.plan.EntityLoader - Static select for entity com.joseph.entity.Client [UPGRADE_SKIPLOCKED]: select client0_.idclient as idclient1_0_0_, client0_.emailclient as emailcli2_0_0_, client0_.nameclient as nameclie3_0_0_ from client client0_ where client0_.idclient=? for update
16:39:02.390 [main] DEBUG org.hibernate.loader.plan.build.internal.spaces.QuerySpacesImpl - Adding QuerySpace : uid = <gen:0> -> org.hibernate.loader.plan.build.internal.spaces.EntityQuerySpaceImpl@3b4d50b]
16:39:02.390 [main] DEBUG org.hibernate.persister.walking.spi.MetamodelGraphWalker - Visiting attribute path : emailclient
16:39:02.390 [main] DEBUG org.hibernate.persister.walking.spi.MetamodelGraphWalker - Visiting attribute path : nameclient
16:39:02.390 [main] DEBUG org.hibernate.persister.walking.spi.MetamodelGraphWalker - Visiting attribute path : orders
16:39:02.390 [main] DEBUG org.hibernate.loader.plan.build.internal.spaces.QuerySpacesImpl - Adding QuerySpace : uid = <gen:1> -> org.hibernate.loader.plan.build.internal.spaces.CollectionQuerySpaceImpl@476ee5b3]
16:39:02.390 [main] DEBUG org.hibernate.loader.plan.build.internal.spaces.QuerySpacesImpl - Adding QuerySpace : uid = <gen:2> -> org.hibernate.loader.plan.build.internal.spaces.EntityQuerySpaceImpl@59ed3e6c]
16:39:02.390 [main] DEBUG org.hibernate.loader.plan.build.internal.FetchStyleLoadPlanBuildingAssociationVisitationStrategy - Building LoadPlan...
16:39:02.390 [main] DEBUG org.hibernate.loader.plan.exec.internal.LoadQueryJoinAndFetchProcessor - processing queryspace <gen:0>
16:39:02.390 [main] DEBUG org.hibernate.loader.plan.build.spi.LoadPlanTreePrinter - LoadPlan(entity=com.joseph.entity.Client)
    - Returns
       - EntityReturnImpl(entity=com.joseph.entity.Client, querySpaceUid=<gen:0>, path=com.joseph.entity.Client)
          - CollectionAttributeFetchImpl(collection=com.joseph.entity.Client.orders, querySpaceUid=<gen:1>, path=com.joseph.entity.Client.orders)
             - (collection element) CollectionFetchableElementEntityGraph(entity=com.joseph.entity.Order, querySpaceUid=<gen:2>, path=com.joseph.entity.Client.orders.<elements>)
    - QuerySpaces
       - EntityQuerySpaceImpl(uid=<gen:0>, entity=com.joseph.entity.Client)
          - SQL table alias mapping - client0_
          - alias suffix - 0_
          - suffixed key columns - {idclient1_0_0_}

16:39:02.390 [main] DEBUG org.hibernate.loader.entity.plan.EntityLoader - Static select for entity com.joseph.entity.Client [FORCE]: select client0_.idclient as idclient1_0_0_, client0_.emailclient as emailcli2_0_0_, client0_.nameclient as nameclie3_0_0_ from client client0_ where client0_.idclient=? for update
16:39:02.390 [main] DEBUG org.hibernate.loader.plan.build.internal.spaces.QuerySpacesImpl - Adding QuerySpace : uid = <gen:0> -> org.hibernate.loader.plan.build.internal.spaces.EntityQuerySpaceImpl@7cd4a4d7]
16:39:02.390 [main] DEBUG org.hibernate.persister.walking.spi.MetamodelGraphWalker - Visiting attribute path : emailclient
16:39:02.390 [main] DEBUG org.hibernate.persister.walking.spi.MetamodelGraphWalker - Visiting attribute path : nameclient
16:39:02.390 [main] DEBUG org.hibernate.persister.walking.spi.MetamodelGraphWalker - Visiting attribute path : orders
16:39:02.390 [main] DEBUG org.hibernate.loader.plan.build.internal.spaces.QuerySpacesImpl - Adding QuerySpace : uid = <gen:1> -> org.hibernate.loader.plan.build.internal.spaces.CollectionQuerySpaceImpl@18da4dd]
16:39:02.390 [main] DEBUG org.hibernate.loader.plan.build.internal.spaces.QuerySpacesImpl - Adding QuerySpace : uid = <gen:2> -> org.hibernate.loader.plan.build.internal.spaces.EntityQuerySpaceImpl@31a3f4de]
16:39:02.392 [main] DEBUG org.hibernate.loader.plan.build.internal.FetchStyleLoadPlanBuildingAssociationVisitationStrategy - Building LoadPlan...
16:39:02.392 [main] DEBUG org.hibernate.loader.plan.exec.internal.LoadQueryJoinAndFetchProcessor - processing queryspace <gen:0>
16:39:02.392 [main] DEBUG org.hibernate.loader.plan.build.spi.LoadPlanTreePrinter - LoadPlan(entity=com.joseph.entity.Client)
    - Returns
       - EntityReturnImpl(entity=com.joseph.entity.Client, querySpaceUid=<gen:0>, path=com.joseph.entity.Client)
          - CollectionAttributeFetchImpl(collection=com.joseph.entity.Client.orders, querySpaceUid=<gen:1>, path=com.joseph.entity.Client.orders)
             - (collection element) CollectionFetchableElementEntityGraph(entity=com.joseph.entity.Order, querySpaceUid=<gen:2>, path=com.joseph.entity.Client.orders.<elements>)
    - QuerySpaces
       - EntityQuerySpaceImpl(uid=<gen:0>, entity=com.joseph.entity.Client)
          - SQL table alias mapping - client0_
          - alias suffix - 0_
          - suffixed key columns - {idclient1_0_0_}

16:39:02.392 [main] DEBUG org.hibernate.loader.entity.plan.EntityLoader - Static select for entity com.joseph.entity.Client [PESSIMISTIC_READ]: select client0_.idclient as idclient1_0_0_, client0_.emailclient as emailcli2_0_0_, client0_.nameclient as nameclie3_0_0_ from client client0_ where client0_.idclient=? lock in share mode
16:39:02.392 [main] DEBUG org.hibernate.loader.plan.build.internal.spaces.QuerySpacesImpl - Adding QuerySpace : uid = <gen:0> -> org.hibernate.loader.plan.build.internal.spaces.EntityQuerySpaceImpl@68880c21]
16:39:02.392 [main] DEBUG org.hibernate.persister.walking.spi.MetamodelGraphWalker - Visiting attribute path : emailclient
16:39:02.392 [main] DEBUG org.hibernate.persister.walking.spi.MetamodelGraphWalker - Visiting attribute path : nameclient
16:39:02.392 [main] DEBUG org.hibernate.persister.walking.spi.MetamodelGraphWalker - Visiting attribute path : orders
16:39:02.392 [main] DEBUG org.hibernate.loader.plan.build.internal.spaces.QuerySpacesImpl - Adding QuerySpace : uid = <gen:1> -> org.hibernate.loader.plan.build.internal.spaces.CollectionQuerySpaceImpl@4195105b]
16:39:02.392 [main] DEBUG org.hibernate.loader.plan.build.internal.spaces.QuerySpacesImpl - Adding QuerySpace : uid = <gen:2> -> org.hibernate.loader.plan.build.internal.spaces.EntityQuerySpaceImpl@6f3e19b3]
16:39:02.392 [main] DEBUG org.hibernate.loader.plan.build.internal.FetchStyleLoadPlanBuildingAssociationVisitationStrategy - Building LoadPlan...
16:39:02.392 [main] DEBUG org.hibernate.loader.plan.exec.internal.LoadQueryJoinAndFetchProcessor - processing queryspace <gen:0>
16:39:02.392 [main] DEBUG org.hibernate.loader.plan.build.spi.LoadPlanTreePrinter - LoadPlan(entity=com.joseph.entity.Client)
    - Returns
       - EntityReturnImpl(entity=com.joseph.entity.Client, querySpaceUid=<gen:0>, path=com.joseph.entity.Client)
          - CollectionAttributeFetchImpl(collection=com.joseph.entity.Client.orders, querySpaceUid=<gen:1>, path=com.joseph.entity.Client.orders)
             - (collection element) CollectionFetchableElementEntityGraph(entity=com.joseph.entity.Order, querySpaceUid=<gen:2>, path=com.joseph.entity.Client.orders.<elements>)
    - QuerySpaces
       - EntityQuerySpaceImpl(uid=<gen:0>, entity=com.joseph.entity.Client)
          - SQL table alias mapping - client0_
          - alias suffix - 0_
          - suffixed key columns - {idclient1_0_0_}

16:39:02.392 [main] DEBUG org.hibernate.loader.entity.plan.EntityLoader - Static select for entity com.joseph.entity.Client [PESSIMISTIC_WRITE]: select client0_.idclient as idclient1_0_0_, client0_.emailclient as emailcli2_0_0_, client0_.nameclient as nameclie3_0_0_ from client client0_ where client0_.idclient=? for update
16:39:02.394 [main] DEBUG org.hibernate.loader.plan.build.internal.spaces.QuerySpacesImpl - Adding QuerySpace : uid = <gen:0> -> org.hibernate.loader.plan.build.internal.spaces.EntityQuerySpaceImpl@47ffe971]
16:39:02.394 [main] DEBUG org.hibernate.persister.walking.spi.MetamodelGraphWalker - Visiting attribute path : emailclient
16:39:02.394 [main] DEBUG org.hibernate.persister.walking.spi.MetamodelGraphWalker - Visiting attribute path : nameclient
16:39:02.394 [main] DEBUG org.hibernate.persister.walking.spi.MetamodelGraphWalker - Visiting attribute path : orders
16:39:02.394 [main] DEBUG org.hibernate.loader.plan.build.internal.spaces.QuerySpacesImpl - Adding QuerySpace : uid = <gen:1> -> org.hibernate.loader.plan.build.internal.spaces.CollectionQuerySpaceImpl@14fa92af]
16:39:02.394 [main] DEBUG org.hibernate.loader.plan.build.internal.spaces.QuerySpacesImpl - Adding QuerySpace : uid = <gen:2> -> org.hibernate.loader.plan.build.internal.spaces.EntityQuerySpaceImpl@b16e202]
16:39:02.394 [main] DEBUG org.hibernate.loader.plan.build.internal.FetchStyleLoadPlanBuildingAssociationVisitationStrategy - Building LoadPlan...
16:39:02.394 [main] DEBUG org.hibernate.loader.plan.exec.internal.LoadQueryJoinAndFetchProcessor - processing queryspace <gen:0>
16:39:02.394 [main] DEBUG org.hibernate.loader.plan.build.spi.LoadPlanTreePrinter - LoadPlan(entity=com.joseph.entity.Client)
    - Returns
       - EntityReturnImpl(entity=com.joseph.entity.Client, querySpaceUid=<gen:0>, path=com.joseph.entity.Client)
          - CollectionAttributeFetchImpl(collection=com.joseph.entity.Client.orders, querySpaceUid=<gen:1>, path=com.joseph.entity.Client.orders)
             - (collection element) CollectionFetchableElementEntityGraph(entity=com.joseph.entity.Order, querySpaceUid=<gen:2>, path=com.joseph.entity.Client.orders.<elements>)
    - QuerySpaces
       - EntityQuerySpaceImpl(uid=<gen:0>, entity=com.joseph.entity.Client)
          - SQL table alias mapping - client0_
          - alias suffix - 0_
          - suffixed key columns - {idclient1_0_0_}

16:39:02.394 [main] DEBUG org.hibernate.loader.entity.plan.EntityLoader - Static select for entity com.joseph.entity.Client [PESSIMISTIC_FORCE_INCREMENT]: select client0_.idclient as idclient1_0_0_, client0_.emailclient as emailcli2_0_0_, client0_.nameclient as nameclie3_0_0_ from client client0_ where client0_.idclient=? for update
16:39:02.394 [main] DEBUG org.hibernate.loader.plan.build.internal.spaces.QuerySpacesImpl - Adding QuerySpace : uid = <gen:0> -> org.hibernate.loader.plan.build.internal.spaces.EntityQuerySpaceImpl@339a3670]
16:39:02.394 [main] DEBUG org.hibernate.persister.walking.spi.MetamodelGraphWalker - Visiting attribute path : emailclient
16:39:02.394 [main] DEBUG org.hibernate.persister.walking.spi.MetamodelGraphWalker - Visiting attribute path : nameclient
16:39:02.394 [main] DEBUG org.hibernate.persister.walking.spi.MetamodelGraphWalker - Visiting attribute path : orders
16:39:02.394 [main] DEBUG org.hibernate.loader.plan.build.internal.spaces.QuerySpacesImpl - Adding QuerySpace : uid = <gen:1> -> org.hibernate.loader.plan.build.internal.spaces.CollectionQuerySpaceImpl@2c7a8af2]
16:39:02.394 [main] DEBUG org.hibernate.loader.plan.build.internal.spaces.QuerySpacesImpl - Adding QuerySpace : uid = <gen:2> -> org.hibernate.loader.plan.build.internal.spaces.EntityQuerySpaceImpl@10c07b8d]
16:39:02.394 [main] DEBUG org.hibernate.loader.plan.build.internal.FetchStyleLoadPlanBuildingAssociationVisitationStrategy - Building LoadPlan...
16:39:02.395 [main] DEBUG org.hibernate.loader.plan.exec.internal.LoadQueryJoinAndFetchProcessor - processing queryspace <gen:0>
16:39:02.395 [main] DEBUG org.hibernate.loader.plan.build.spi.LoadPlanTreePrinter - LoadPlan(entity=com.joseph.entity.Client)
    - Returns
       - EntityReturnImpl(entity=com.joseph.entity.Client, querySpaceUid=<gen:0>, path=com.joseph.entity.Client)
          - CollectionAttributeFetchImpl(collection=com.joseph.entity.Client.orders, querySpaceUid=<gen:1>, path=com.joseph.entity.Client.orders)
             - (collection element) CollectionFetchableElementEntityGraph(entity=com.joseph.entity.Order, querySpaceUid=<gen:2>, path=com.joseph.entity.Client.orders.<elements>)
    - QuerySpaces
       - EntityQuerySpaceImpl(uid=<gen:0>, entity=com.joseph.entity.Client)
          - SQL table alias mapping - client0_
          - alias suffix - 0_
          - suffixed key columns - {idclient1_0_0_}

16:39:02.395 [main] DEBUG org.hibernate.loader.entity.plan.EntityLoader - Static select for entity com.joseph.entity.Client [OPTIMISTIC]: select client0_.idclient as idclient1_0_0_, client0_.emailclient as emailcli2_0_0_, client0_.nameclient as nameclie3_0_0_ from client client0_ where client0_.idclient=?
16:39:02.395 [main] DEBUG org.hibernate.loader.plan.build.internal.spaces.QuerySpacesImpl - Adding QuerySpace : uid = <gen:0> -> org.hibernate.loader.plan.build.internal.spaces.EntityQuerySpaceImpl@720bf653]
16:39:02.395 [main] DEBUG org.hibernate.persister.walking.spi.MetamodelGraphWalker - Visiting attribute path : emailclient
16:39:02.395 [main] DEBUG org.hibernate.persister.walking.spi.MetamodelGraphWalker - Visiting attribute path : nameclient
16:39:02.395 [main] DEBUG org.hibernate.persister.walking.spi.MetamodelGraphWalker - Visiting attribute path : orders
16:39:02.395 [main] DEBUG org.hibernate.loader.plan.build.internal.spaces.QuerySpacesImpl - Adding QuerySpace : uid = <gen:1> -> org.hibernate.loader.plan.build.internal.spaces.CollectionQuerySpaceImpl@4edef76c]
16:39:02.395 [main] DEBUG org.hibernate.loader.plan.build.internal.spaces.QuerySpacesImpl - Adding QuerySpace : uid = <gen:2> -> org.hibernate.loader.plan.build.internal.spaces.EntityQuerySpaceImpl@5d51e129]
16:39:02.395 [main] DEBUG org.hibernate.loader.plan.build.internal.FetchStyleLoadPlanBuildingAssociationVisitationStrategy - Building LoadPlan...
16:39:02.395 [main] DEBUG org.hibernate.loader.plan.exec.internal.LoadQueryJoinAndFetchProcessor - processing queryspace <gen:0>
16:39:02.396 [main] DEBUG org.hibernate.loader.plan.build.spi.LoadPlanTreePrinter - LoadPlan(entity=com.joseph.entity.Client)
    - Returns
       - EntityReturnImpl(entity=com.joseph.entity.Client, querySpaceUid=<gen:0>, path=com.joseph.entity.Client)
          - CollectionAttributeFetchImpl(collection=com.joseph.entity.Client.orders, querySpaceUid=<gen:1>, path=com.joseph.entity.Client.orders)
             - (collection element) CollectionFetchableElementEntityGraph(entity=com.joseph.entity.Order, querySpaceUid=<gen:2>, path=com.joseph.entity.Client.orders.<elements>)
    - QuerySpaces
       - EntityQuerySpaceImpl(uid=<gen:0>, entity=com.joseph.entity.Client)
          - SQL table alias mapping - client0_
          - alias suffix - 0_
          - suffixed key columns - {idclient1_0_0_}

16:39:02.396 [main] DEBUG org.hibernate.loader.entity.plan.EntityLoader - Static select for entity com.joseph.entity.Client [OPTIMISTIC_FORCE_INCREMENT]: select client0_.idclient as idclient1_0_0_, client0_.emailclient as emailcli2_0_0_, client0_.nameclient as nameclie3_0_0_ from client client0_ where client0_.idclient=?
16:39:02.409 [main] DEBUG org.hibernate.loader.Loader - Static select for action ACTION_MERGE on entity com.joseph.entity.Client: select client0_.idclient as idclient1_0_1_, client0_.emailclient as emailcli2_0_1_, client0_.nameclient as nameclie3_0_1_, orders1_.idclient as idclient5_1_3_, orders1_.idorder as idorder1_1_3_, orders1_.idorder as idorder1_1_0_, orders1_.idclient as idclient5_1_0_, orders1_.dateorder as dateorde2_1_0_, orders1_.statusorder as statusor3_1_0_, orders1_.totalorder as totalord4_1_0_ from client client0_ left outer join order_table orders1_ on client0_.idclient=orders1_.idclient where client0_.idclient=?
16:39:02.409 [main] DEBUG org.hibernate.loader.Loader - Static select for action ACTION_REFRESH on entity com.joseph.entity.Client: select client0_.idclient as idclient1_0_1_, client0_.emailclient as emailcli2_0_1_, client0_.nameclient as nameclie3_0_1_, orders1_.idclient as idclient5_1_3_, orders1_.idorder as idorder1_1_3_, orders1_.idorder as idorder1_1_0_, orders1_.idclient as idclient5_1_0_, orders1_.dateorder as dateorde2_1_0_, orders1_.statusorder as statusor3_1_0_, orders1_.totalorder as totalord4_1_0_ from client client0_ left outer join order_table orders1_ on client0_.idclient=orders1_.idclient where client0_.idclient=?
16:39:02.409 [main] DEBUG org.hibernate.persister.entity.AbstractEntityPersister - Static SQL for entity: com.joseph.entity.Order
16:39:02.409 [main] DEBUG org.hibernate.persister.entity.AbstractEntityPersister -  Version select: select idorder from order_table where idorder =?
16:39:02.409 [main] DEBUG org.hibernate.persister.entity.AbstractEntityPersister -  Snapshot select: select order_.idorder, order_.idclient as idclient5_1_, order_.dateorder as dateorde2_1_, order_.statusorder as statusor3_1_, order_.totalorder as totalord4_1_ from order_table order_ where order_.idorder=?
16:39:02.409 [main] DEBUG org.hibernate.persister.entity.AbstractEntityPersister -  Insert 0: insert into order_table (idclient, dateorder, statusorder, totalorder, idorder) values (?, ?, ?, ?, ?)
16:39:02.409 [main] DEBUG org.hibernate.persister.entity.AbstractEntityPersister -  Update 0: update order_table set idclient=?, dateorder=?, statusorder=?, totalorder=? where idorder=?
16:39:02.410 [main] DEBUG org.hibernate.persister.entity.AbstractEntityPersister -  Delete 0: delete from order_table where idorder=?
16:39:02.410 [main] DEBUG org.hibernate.persister.entity.AbstractEntityPersister -  Identity insert: insert into order_table (idclient, dateorder, statusorder, totalorder) values (?, ?, ?, ?)
16:39:02.410 [main] DEBUG org.hibernate.loader.plan.build.internal.spaces.QuerySpacesImpl - Adding QuerySpace : uid = <gen:0> -> org.hibernate.loader.plan.build.internal.spaces.EntityQuerySpaceImpl@9b21bd3]
16:39:02.410 [main] DEBUG org.hibernate.persister.walking.spi.MetamodelGraphWalker - Visiting attribute path : client
16:39:02.410 [main] DEBUG org.hibernate.loader.plan.build.internal.spaces.QuerySpacesImpl - Adding QuerySpace : uid = <gen:1> -> org.hibernate.loader.plan.build.internal.spaces.EntityQuerySpaceImpl@7661b5a]
16:39:02.411 [main] DEBUG org.hibernate.persister.walking.spi.MetamodelGraphWalker - Visiting attribute path : client.emailclient
16:39:02.411 [main] DEBUG org.hibernate.persister.walking.spi.MetamodelGraphWalker - Visiting attribute path : client.nameclient
16:39:02.411 [main] DEBUG org.hibernate.persister.walking.spi.MetamodelGraphWalker - Visiting attribute path : client.orders
16:39:02.411 [main] DEBUG org.hibernate.persister.walking.spi.MetamodelGraphWalker - Property path deemed to be circular : client.orders
16:39:02.411 [main] DEBUG org.hibernate.persister.walking.spi.MetamodelGraphWalker - Visiting attribute path : dateorder
16:39:02.411 [main] DEBUG org.hibernate.persister.walking.spi.MetamodelGraphWalker - Visiting attribute path : orderItems
16:39:02.411 [main] DEBUG org.hibernate.loader.plan.build.internal.spaces.QuerySpacesImpl - Adding QuerySpace : uid = <gen:2> -> org.hibernate.loader.plan.build.internal.spaces.CollectionQuerySpaceImpl@75483843]
16:39:02.412 [main] DEBUG org.hibernate.loader.plan.build.internal.spaces.QuerySpacesImpl - Adding QuerySpace : uid = <gen:3> -> org.hibernate.loader.plan.build.internal.spaces.EntityQuerySpaceImpl@336206d8]
16:39:02.412 [main] DEBUG org.hibernate.persister.walking.spi.MetamodelGraphWalker - Visiting attribute path : statusorder
16:39:02.412 [main] DEBUG org.hibernate.persister.walking.spi.MetamodelGraphWalker - Visiting attribute path : totalorder
16:39:02.412 [main] DEBUG org.hibernate.loader.plan.build.internal.FetchStyleLoadPlanBuildingAssociationVisitationStrategy - Building LoadPlan...
16:39:02.412 [main] DEBUG org.hibernate.loader.plan.exec.internal.LoadQueryJoinAndFetchProcessor - processing queryspace <gen:0>
16:39:02.412 [main] DEBUG org.hibernate.loader.plan.build.spi.LoadPlanTreePrinter - LoadPlan(entity=com.joseph.entity.Order)
    - Returns
       - EntityReturnImpl(entity=com.joseph.entity.Order, querySpaceUid=<gen:0>, path=com.joseph.entity.Order)
          - EntityAttributeFetchImpl(entity=com.joseph.entity.Client, querySpaceUid=<gen:1>, path=com.joseph.entity.Order.client)
          - CollectionAttributeFetchImpl(collection=com.joseph.entity.Order.orderItems, querySpaceUid=<gen:2>, path=com.joseph.entity.Order.orderItems)
             - (collection element) CollectionFetchableElementEntityGraph(entity=com.joseph.entity.OrderItem, querySpaceUid=<gen:3>, path=com.joseph.entity.Order.orderItems.<elements>)
    - QuerySpaces
       - EntityQuerySpaceImpl(uid=<gen:0>, entity=com.joseph.entity.Order)
          - SQL table alias mapping - order0_
          - alias suffix - 0_
          - suffixed key columns - {idorder1_1_0_}
          - JOIN (JoinDefinedByMetadata(client)) : <gen:0> -> <gen:1>
             - EntityQuerySpaceImpl(uid=<gen:1>, entity=com.joseph.entity.Client)
                - SQL table alias mapping - client1_
                - alias suffix - 1_
                - suffixed key columns - {idclient1_0_1_}

16:39:02.412 [main] DEBUG org.hibernate.loader.entity.plan.EntityLoader - Static select for entity com.joseph.entity.Order [NONE]: select order0_.idorder as idorder1_1_0_, order0_.idclient as idclient5_1_0_, order0_.dateorder as dateorde2_1_0_, order0_.statusorder as statusor3_1_0_, order0_.totalorder as totalord4_1_0_, client1_.idclient as idclient1_0_1_, client1_.emailclient as emailcli2_0_1_, client1_.nameclient as nameclie3_0_1_ from order_table order0_ left outer join client client1_ on order0_.idclient=client1_.idclient where order0_.idorder=?
16:39:02.412 [main] DEBUG org.hibernate.loader.plan.build.internal.spaces.QuerySpacesImpl - Adding QuerySpace : uid = <gen:0> -> org.hibernate.loader.plan.build.internal.spaces.EntityQuerySpaceImpl@5ec4ff02]
16:39:02.412 [main] DEBUG org.hibernate.persister.walking.spi.MetamodelGraphWalker - Visiting attribute path : client
16:39:02.413 [main] DEBUG org.hibernate.loader.plan.build.internal.spaces.QuerySpacesImpl - Adding QuerySpace : uid = <gen:1> -> org.hibernate.loader.plan.build.internal.spaces.EntityQuerySpaceImpl@2b2f5fcf]
16:39:02.413 [main] DEBUG org.hibernate.persister.walking.spi.MetamodelGraphWalker - Visiting attribute path : client.emailclient
16:39:02.413 [main] DEBUG org.hibernate.persister.walking.spi.MetamodelGraphWalker - Visiting attribute path : client.nameclient
16:39:02.413 [main] DEBUG org.hibernate.persister.walking.spi.MetamodelGraphWalker - Visiting attribute path : client.orders
16:39:02.413 [main] DEBUG org.hibernate.persister.walking.spi.MetamodelGraphWalker - Property path deemed to be circular : client.orders
16:39:02.413 [main] DEBUG org.hibernate.persister.walking.spi.MetamodelGraphWalker - Visiting attribute path : dateorder
16:39:02.413 [main] DEBUG org.hibernate.persister.walking.spi.MetamodelGraphWalker - Visiting attribute path : orderItems
16:39:02.413 [main] DEBUG org.hibernate.loader.plan.build.internal.spaces.QuerySpacesImpl - Adding QuerySpace : uid = <gen:2> -> org.hibernate.loader.plan.build.internal.spaces.CollectionQuerySpaceImpl@711d1a52]
16:39:02.413 [main] DEBUG org.hibernate.loader.plan.build.internal.spaces.QuerySpacesImpl - Adding QuerySpace : uid = <gen:3> -> org.hibernate.loader.plan.build.internal.spaces.EntityQuerySpaceImpl@612e21b9]
16:39:02.413 [main] DEBUG org.hibernate.persister.walking.spi.MetamodelGraphWalker - Visiting attribute path : statusorder
16:39:02.413 [main] DEBUG org.hibernate.persister.walking.spi.MetamodelGraphWalker - Visiting attribute path : totalorder
16:39:02.413 [main] DEBUG org.hibernate.loader.plan.build.internal.FetchStyleLoadPlanBuildingAssociationVisitationStrategy - Building LoadPlan...
16:39:02.413 [main] DEBUG org.hibernate.loader.plan.exec.internal.LoadQueryJoinAndFetchProcessor - processing queryspace <gen:0>
16:39:02.414 [main] DEBUG org.hibernate.loader.plan.build.spi.LoadPlanTreePrinter - LoadPlan(entity=com.joseph.entity.Order)
    - Returns
       - EntityReturnImpl(entity=com.joseph.entity.Order, querySpaceUid=<gen:0>, path=com.joseph.entity.Order)
          - EntityAttributeFetchImpl(entity=com.joseph.entity.Client, querySpaceUid=<gen:1>, path=com.joseph.entity.Order.client)
          - CollectionAttributeFetchImpl(collection=com.joseph.entity.Order.orderItems, querySpaceUid=<gen:2>, path=com.joseph.entity.Order.orderItems)
             - (collection element) CollectionFetchableElementEntityGraph(entity=com.joseph.entity.OrderItem, querySpaceUid=<gen:3>, path=com.joseph.entity.Order.orderItems.<elements>)
    - QuerySpaces
       - EntityQuerySpaceImpl(uid=<gen:0>, entity=com.joseph.entity.Order)
          - SQL table alias mapping - order0_
          - alias suffix - 0_
          - suffixed key columns - {idorder1_1_0_}
          - JOIN (JoinDefinedByMetadata(client)) : <gen:0> -> <gen:1>
             - EntityQuerySpaceImpl(uid=<gen:1>, entity=com.joseph.entity.Client)
                - SQL table alias mapping - client1_
                - alias suffix - 1_
                - suffixed key columns - {idclient1_0_1_}

16:39:02.414 [main] DEBUG org.hibernate.loader.entity.plan.EntityLoader - Static select for entity com.joseph.entity.Order [READ]: select order0_.idorder as idorder1_1_0_, order0_.idclient as idclient5_1_0_, order0_.dateorder as dateorde2_1_0_, order0_.statusorder as statusor3_1_0_, order0_.totalorder as totalord4_1_0_, client1_.idclient as idclient1_0_1_, client1_.emailclient as emailcli2_0_1_, client1_.nameclient as nameclie3_0_1_ from order_table order0_ left outer join client client1_ on order0_.idclient=client1_.idclient where order0_.idorder=?
16:39:02.414 [main] DEBUG org.hibernate.loader.plan.build.internal.spaces.QuerySpacesImpl - Adding QuerySpace : uid = <gen:0> -> org.hibernate.loader.plan.build.internal.spaces.EntityQuerySpaceImpl@302edb74]
16:39:02.414 [main] DEBUG org.hibernate.persister.walking.spi.MetamodelGraphWalker - Visiting attribute path : client
16:39:02.414 [main] DEBUG org.hibernate.loader.plan.build.internal.spaces.QuerySpacesImpl - Adding QuerySpace : uid = <gen:1> -> org.hibernate.loader.plan.build.internal.spaces.EntityQuerySpaceImpl@672b72ba]
16:39:02.414 [main] DEBUG org.hibernate.persister.walking.spi.MetamodelGraphWalker - Visiting attribute path : dateorder
16:39:02.414 [main] DEBUG org.hibernate.persister.walking.spi.MetamodelGraphWalker - Visiting attribute path : orderItems
16:39:02.414 [main] DEBUG org.hibernate.loader.plan.build.internal.spaces.QuerySpacesImpl - Adding QuerySpace : uid = <gen:2> -> org.hibernate.loader.plan.build.internal.spaces.CollectionQuerySpaceImpl@7718a40f]
16:39:02.415 [main] DEBUG org.hibernate.loader.plan.build.internal.spaces.QuerySpacesImpl - Adding QuerySpace : uid = <gen:3> -> org.hibernate.loader.plan.build.internal.spaces.EntityQuerySpaceImpl@312b34e3]
16:39:02.415 [main] DEBUG org.hibernate.persister.walking.spi.MetamodelGraphWalker - Visiting attribute path : statusorder
16:39:02.415 [main] DEBUG org.hibernate.persister.walking.spi.MetamodelGraphWalker - Visiting attribute path : totalorder
16:39:02.415 [main] DEBUG org.hibernate.loader.plan.build.internal.FetchStyleLoadPlanBuildingAssociationVisitationStrategy - Building LoadPlan...
16:39:02.415 [main] DEBUG org.hibernate.loader.plan.exec.internal.LoadQueryJoinAndFetchProcessor - processing queryspace <gen:0>
16:39:02.415 [main] DEBUG org.hibernate.loader.plan.build.spi.LoadPlanTreePrinter - LoadPlan(entity=com.joseph.entity.Order)
    - Returns
       - EntityReturnImpl(entity=com.joseph.entity.Order, querySpaceUid=<gen:0>, path=com.joseph.entity.Order)
          - EntityAttributeFetchImpl(entity=com.joseph.entity.Client, querySpaceUid=<gen:1>, path=com.joseph.entity.Order.client)
          - CollectionAttributeFetchImpl(collection=com.joseph.entity.Order.orderItems, querySpaceUid=<gen:2>, path=com.joseph.entity.Order.orderItems)
             - (collection element) CollectionFetchableElementEntityGraph(entity=com.joseph.entity.OrderItem, querySpaceUid=<gen:3>, path=com.joseph.entity.Order.orderItems.<elements>)
    - QuerySpaces
       - EntityQuerySpaceImpl(uid=<gen:0>, entity=com.joseph.entity.Order)
          - SQL table alias mapping - order0_
          - alias suffix - 0_
          - suffixed key columns - {idorder1_1_0_}

16:39:02.415 [main] DEBUG org.hibernate.loader.entity.plan.EntityLoader - Static select for entity com.joseph.entity.Order [UPGRADE]: select order0_.idorder as idorder1_1_0_, order0_.idclient as idclient5_1_0_, order0_.dateorder as dateorde2_1_0_, order0_.statusorder as statusor3_1_0_, order0_.totalorder as totalord4_1_0_ from order_table order0_ where order0_.idorder=? for update
16:39:02.415 [main] DEBUG org.hibernate.loader.plan.build.internal.spaces.QuerySpacesImpl - Adding QuerySpace : uid = <gen:0> -> org.hibernate.loader.plan.build.internal.spaces.EntityQuerySpaceImpl@26844abb]
16:39:02.415 [main] DEBUG org.hibernate.persister.walking.spi.MetamodelGraphWalker - Visiting attribute path : client
16:39:02.415 [main] DEBUG org.hibernate.loader.plan.build.internal.spaces.QuerySpacesImpl - Adding QuerySpace : uid = <gen:1> -> org.hibernate.loader.plan.build.internal.spaces.EntityQuerySpaceImpl@288ca5f0]
16:39:02.415 [main] DEBUG org.hibernate.persister.walking.spi.MetamodelGraphWalker - Visiting attribute path : dateorder
16:39:02.415 [main] DEBUG org.hibernate.persister.walking.spi.MetamodelGraphWalker - Visiting attribute path : orderItems
16:39:02.415 [main] DEBUG org.hibernate.loader.plan.build.internal.spaces.QuerySpacesImpl - Adding QuerySpace : uid = <gen:2> -> org.hibernate.loader.plan.build.internal.spaces.CollectionQuerySpaceImpl@4068102e]
16:39:02.415 [main] DEBUG org.hibernate.loader.plan.build.internal.spaces.QuerySpacesImpl - Adding QuerySpace : uid = <gen:3> -> org.hibernate.loader.plan.build.internal.spaces.EntityQuerySpaceImpl@44bd4b0a]
16:39:02.415 [main] DEBUG org.hibernate.persister.walking.spi.MetamodelGraphWalker - Visiting attribute path : statusorder
16:39:02.415 [main] DEBUG org.hibernate.persister.walking.spi.MetamodelGraphWalker - Visiting attribute path : totalorder
16:39:02.415 [main] DEBUG org.hibernate.loader.plan.build.internal.FetchStyleLoadPlanBuildingAssociationVisitationStrategy - Building LoadPlan...
16:39:02.416 [main] DEBUG org.hibernate.loader.plan.exec.internal.LoadQueryJoinAndFetchProcessor - processing queryspace <gen:0>
16:39:02.416 [main] DEBUG org.hibernate.loader.plan.build.spi.LoadPlanTreePrinter - LoadPlan(entity=com.joseph.entity.Order)
    - Returns
       - EntityReturnImpl(entity=com.joseph.entity.Order, querySpaceUid=<gen:0>, path=com.joseph.entity.Order)
          - EntityAttributeFetchImpl(entity=com.joseph.entity.Client, querySpaceUid=<gen:1>, path=com.joseph.entity.Order.client)
          - CollectionAttributeFetchImpl(collection=com.joseph.entity.Order.orderItems, querySpaceUid=<gen:2>, path=com.joseph.entity.Order.orderItems)
             - (collection element) CollectionFetchableElementEntityGraph(entity=com.joseph.entity.OrderItem, querySpaceUid=<gen:3>, path=com.joseph.entity.Order.orderItems.<elements>)
    - QuerySpaces
       - EntityQuerySpaceImpl(uid=<gen:0>, entity=com.joseph.entity.Order)
          - SQL table alias mapping - order0_
          - alias suffix - 0_
          - suffixed key columns - {idorder1_1_0_}

16:39:02.416 [main] DEBUG org.hibernate.loader.entity.plan.EntityLoader - Static select for entity com.joseph.entity.Order [UPGRADE_NOWAIT]: select order0_.idorder as idorder1_1_0_, order0_.idclient as idclient5_1_0_, order0_.dateorder as dateorde2_1_0_, order0_.statusorder as statusor3_1_0_, order0_.totalorder as totalord4_1_0_ from order_table order0_ where order0_.idorder=? for update
16:39:02.416 [main] DEBUG org.hibernate.loader.plan.build.internal.spaces.QuerySpacesImpl - Adding QuerySpace : uid = <gen:0> -> org.hibernate.loader.plan.build.internal.spaces.EntityQuerySpaceImpl@6c008c24]
16:39:02.417 [main] DEBUG org.hibernate.persister.walking.spi.MetamodelGraphWalker - Visiting attribute path : client
16:39:02.417 [main] DEBUG org.hibernate.loader.plan.build.internal.spaces.QuerySpacesImpl - Adding QuerySpace : uid = <gen:1> -> org.hibernate.loader.plan.build.internal.spaces.EntityQuerySpaceImpl@21079a12]
16:39:02.417 [main] DEBUG org.hibernate.persister.walking.spi.MetamodelGraphWalker - Visiting attribute path : dateorder
16:39:02.417 [main] DEBUG org.hibernate.persister.walking.spi.MetamodelGraphWalker - Visiting attribute path : orderItems
16:39:02.417 [main] DEBUG org.hibernate.loader.plan.build.internal.spaces.QuerySpacesImpl - Adding QuerySpace : uid = <gen:2> -> org.hibernate.loader.plan.build.internal.spaces.CollectionQuerySpaceImpl@fcc6023]
16:39:02.417 [main] DEBUG org.hibernate.loader.plan.build.internal.spaces.QuerySpacesImpl - Adding QuerySpace : uid = <gen:3> -> org.hibernate.loader.plan.build.internal.spaces.EntityQuerySpaceImpl@67c5ac52]
16:39:02.417 [main] DEBUG org.hibernate.persister.walking.spi.MetamodelGraphWalker - Visiting attribute path : statusorder
16:39:02.417 [main] DEBUG org.hibernate.persister.walking.spi.MetamodelGraphWalker - Visiting attribute path : totalorder
16:39:02.417 [main] DEBUG org.hibernate.loader.plan.build.internal.FetchStyleLoadPlanBuildingAssociationVisitationStrategy - Building LoadPlan...
16:39:02.417 [main] DEBUG org.hibernate.loader.plan.exec.internal.LoadQueryJoinAndFetchProcessor - processing queryspace <gen:0>
16:39:02.417 [main] DEBUG org.hibernate.loader.plan.build.spi.LoadPlanTreePrinter - LoadPlan(entity=com.joseph.entity.Order)
    - Returns
       - EntityReturnImpl(entity=com.joseph.entity.Order, querySpaceUid=<gen:0>, path=com.joseph.entity.Order)
          - EntityAttributeFetchImpl(entity=com.joseph.entity.Client, querySpaceUid=<gen:1>, path=com.joseph.entity.Order.client)
          - CollectionAttributeFetchImpl(collection=com.joseph.entity.Order.orderItems, querySpaceUid=<gen:2>, path=com.joseph.entity.Order.orderItems)
             - (collection element) CollectionFetchableElementEntityGraph(entity=com.joseph.entity.OrderItem, querySpaceUid=<gen:3>, path=com.joseph.entity.Order.orderItems.<elements>)
    - QuerySpaces
       - EntityQuerySpaceImpl(uid=<gen:0>, entity=com.joseph.entity.Order)
          - SQL table alias mapping - order0_
          - alias suffix - 0_
          - suffixed key columns - {idorder1_1_0_}

16:39:02.418 [main] DEBUG org.hibernate.loader.entity.plan.EntityLoader - Static select for entity com.joseph.entity.Order [UPGRADE_SKIPLOCKED]: select order0_.idorder as idorder1_1_0_, order0_.idclient as idclient5_1_0_, order0_.dateorder as dateorde2_1_0_, order0_.statusorder as statusor3_1_0_, order0_.totalorder as totalord4_1_0_ from order_table order0_ where order0_.idorder=? for update
16:39:02.418 [main] DEBUG org.hibernate.loader.plan.build.internal.spaces.QuerySpacesImpl - Adding QuerySpace : uid = <gen:0> -> org.hibernate.loader.plan.build.internal.spaces.EntityQuerySpaceImpl@36417a54]
16:39:02.418 [main] DEBUG org.hibernate.persister.walking.spi.MetamodelGraphWalker - Visiting attribute path : client
16:39:02.418 [main] DEBUG org.hibernate.loader.plan.build.internal.spaces.QuerySpacesImpl - Adding QuerySpace : uid = <gen:1> -> org.hibernate.loader.plan.build.internal.spaces.EntityQuerySpaceImpl@472a11ae]
16:39:02.418 [main] DEBUG org.hibernate.persister.walking.spi.MetamodelGraphWalker - Visiting attribute path : dateorder
16:39:02.418 [main] DEBUG org.hibernate.persister.walking.spi.MetamodelGraphWalker - Visiting attribute path : orderItems
16:39:02.418 [main] DEBUG org.hibernate.loader.plan.build.internal.spaces.QuerySpacesImpl - Adding QuerySpace : uid = <gen:2> -> org.hibernate.loader.plan.build.internal.spaces.CollectionQuerySpaceImpl@dc79225]
16:39:02.418 [main] DEBUG org.hibernate.loader.plan.build.internal.spaces.QuerySpacesImpl - Adding QuerySpace : uid = <gen:3> -> org.hibernate.loader.plan.build.internal.spaces.EntityQuerySpaceImpl@30e9ca13]
16:39:02.418 [main] DEBUG org.hibernate.persister.walking.spi.MetamodelGraphWalker - Visiting attribute path : statusorder
16:39:02.418 [main] DEBUG org.hibernate.persister.walking.spi.MetamodelGraphWalker - Visiting attribute path : totalorder
16:39:02.419 [main] DEBUG org.hibernate.loader.plan.build.internal.FetchStyleLoadPlanBuildingAssociationVisitationStrategy - Building LoadPlan...
16:39:02.420 [main] DEBUG org.hibernate.loader.plan.exec.internal.LoadQueryJoinAndFetchProcessor - processing queryspace <gen:0>
16:39:02.421 [main] DEBUG org.hibernate.loader.plan.build.spi.LoadPlanTreePrinter - LoadPlan(entity=com.joseph.entity.Order)
    - Returns
       - EntityReturnImpl(entity=com.joseph.entity.Order, querySpaceUid=<gen:0>, path=com.joseph.entity.Order)
          - EntityAttributeFetchImpl(entity=com.joseph.entity.Client, querySpaceUid=<gen:1>, path=com.joseph.entity.Order.client)
          - CollectionAttributeFetchImpl(collection=com.joseph.entity.Order.orderItems, querySpaceUid=<gen:2>, path=com.joseph.entity.Order.orderItems)
             - (collection element) CollectionFetchableElementEntityGraph(entity=com.joseph.entity.OrderItem, querySpaceUid=<gen:3>, path=com.joseph.entity.Order.orderItems.<elements>)
    - QuerySpaces
       - EntityQuerySpaceImpl(uid=<gen:0>, entity=com.joseph.entity.Order)
          - SQL table alias mapping - order0_
          - alias suffix - 0_
          - suffixed key columns - {idorder1_1_0_}

16:39:02.421 [main] DEBUG org.hibernate.loader.entity.plan.EntityLoader - Static select for entity com.joseph.entity.Order [FORCE]: select order0_.idorder as idorder1_1_0_, order0_.idclient as idclient5_1_0_, order0_.dateorder as dateorde2_1_0_, order0_.statusorder as statusor3_1_0_, order0_.totalorder as totalord4_1_0_ from order_table order0_ where order0_.idorder=? for update
16:39:02.421 [main] DEBUG org.hibernate.loader.plan.build.internal.spaces.QuerySpacesImpl - Adding QuerySpace : uid = <gen:0> -> org.hibernate.loader.plan.build.internal.spaces.EntityQuerySpaceImpl@46185a1b]
16:39:02.421 [main] DEBUG org.hibernate.persister.walking.spi.MetamodelGraphWalker - Visiting attribute path : client
16:39:02.421 [main] DEBUG org.hibernate.loader.plan.build.internal.spaces.QuerySpacesImpl - Adding QuerySpace : uid = <gen:1> -> org.hibernate.loader.plan.build.internal.spaces.EntityQuerySpaceImpl@60cf62ad]
16:39:02.421 [main] DEBUG org.hibernate.persister.walking.spi.MetamodelGraphWalker - Visiting attribute path : dateorder
16:39:02.421 [main] DEBUG org.hibernate.persister.walking.spi.MetamodelGraphWalker - Visiting attribute path : orderItems
16:39:02.421 [main] DEBUG org.hibernate.loader.plan.build.internal.spaces.QuerySpacesImpl - Adding QuerySpace : uid = <gen:2> -> org.hibernate.loader.plan.build.internal.spaces.CollectionQuerySpaceImpl@1e0895f5]
16:39:02.421 [main] DEBUG org.hibernate.loader.plan.build.internal.spaces.QuerySpacesImpl - Adding QuerySpace : uid = <gen:3> -> org.hibernate.loader.plan.build.internal.spaces.EntityQuerySpaceImpl@1ac4ccad]
16:39:02.421 [main] DEBUG org.hibernate.persister.walking.spi.MetamodelGraphWalker - Visiting attribute path : statusorder
16:39:02.421 [main] DEBUG org.hibernate.persister.walking.spi.MetamodelGraphWalker - Visiting attribute path : totalorder
16:39:02.422 [main] DEBUG org.hibernate.loader.plan.build.internal.FetchStyleLoadPlanBuildingAssociationVisitationStrategy - Building LoadPlan...
16:39:02.422 [main] DEBUG org.hibernate.loader.plan.exec.internal.LoadQueryJoinAndFetchProcessor - processing queryspace <gen:0>
16:39:02.422 [main] DEBUG org.hibernate.loader.plan.build.spi.LoadPlanTreePrinter - LoadPlan(entity=com.joseph.entity.Order)
    - Returns
       - EntityReturnImpl(entity=com.joseph.entity.Order, querySpaceUid=<gen:0>, path=com.joseph.entity.Order)
          - EntityAttributeFetchImpl(entity=com.joseph.entity.Client, querySpaceUid=<gen:1>, path=com.joseph.entity.Order.client)
          - CollectionAttributeFetchImpl(collection=com.joseph.entity.Order.orderItems, querySpaceUid=<gen:2>, path=com.joseph.entity.Order.orderItems)
             - (collection element) CollectionFetchableElementEntityGraph(entity=com.joseph.entity.OrderItem, querySpaceUid=<gen:3>, path=com.joseph.entity.Order.orderItems.<elements>)
    - QuerySpaces
       - EntityQuerySpaceImpl(uid=<gen:0>, entity=com.joseph.entity.Order)
          - SQL table alias mapping - order0_
          - alias suffix - 0_
          - suffixed key columns - {idorder1_1_0_}

16:39:02.422 [main] DEBUG org.hibernate.loader.entity.plan.EntityLoader - Static select for entity com.joseph.entity.Order [PESSIMISTIC_READ]: select order0_.idorder as idorder1_1_0_, order0_.idclient as idclient5_1_0_, order0_.dateorder as dateorde2_1_0_, order0_.statusorder as statusor3_1_0_, order0_.totalorder as totalord4_1_0_ from order_table order0_ where order0_.idorder=? lock in share mode
16:39:02.422 [main] DEBUG org.hibernate.loader.plan.build.internal.spaces.QuerySpacesImpl - Adding QuerySpace : uid = <gen:0> -> org.hibernate.loader.plan.build.internal.spaces.EntityQuerySpaceImpl@fd9ebde]
16:39:02.423 [main] DEBUG org.hibernate.persister.walking.spi.MetamodelGraphWalker - Visiting attribute path : client
16:39:02.423 [main] DEBUG org.hibernate.loader.plan.build.internal.spaces.QuerySpacesImpl - Adding QuerySpace : uid = <gen:1> -> org.hibernate.loader.plan.build.internal.spaces.EntityQuerySpaceImpl@4ee5b2d9]
16:39:02.423 [main] DEBUG org.hibernate.persister.walking.spi.MetamodelGraphWalker - Visiting attribute path : dateorder
16:39:02.423 [main] DEBUG org.hibernate.persister.walking.spi.MetamodelGraphWalker - Visiting attribute path : orderItems
16:39:02.423 [main] DEBUG org.hibernate.loader.plan.build.internal.spaces.QuerySpacesImpl - Adding QuerySpace : uid = <gen:2> -> org.hibernate.loader.plan.build.internal.spaces.CollectionQuerySpaceImpl@72f8ae0c]
16:39:02.423 [main] DEBUG org.hibernate.loader.plan.build.internal.spaces.QuerySpacesImpl - Adding QuerySpace : uid = <gen:3> -> org.hibernate.loader.plan.build.internal.spaces.EntityQuerySpaceImpl@323f3c96]
16:39:02.423 [main] DEBUG org.hibernate.persister.walking.spi.MetamodelGraphWalker - Visiting attribute path : statusorder
16:39:02.423 [main] DEBUG org.hibernate.persister.walking.spi.MetamodelGraphWalker - Visiting attribute path : totalorder
16:39:02.423 [main] DEBUG org.hibernate.loader.plan.build.internal.FetchStyleLoadPlanBuildingAssociationVisitationStrategy - Building LoadPlan...
16:39:02.424 [main] DEBUG org.hibernate.loader.plan.exec.internal.LoadQueryJoinAndFetchProcessor - processing queryspace <gen:0>
16:39:02.425 [main] DEBUG org.hibernate.loader.plan.build.spi.LoadPlanTreePrinter - LoadPlan(entity=com.joseph.entity.Order)
    - Returns
       - EntityReturnImpl(entity=com.joseph.entity.Order, querySpaceUid=<gen:0>, path=com.joseph.entity.Order)
          - EntityAttributeFetchImpl(entity=com.joseph.entity.Client, querySpaceUid=<gen:1>, path=com.joseph.entity.Order.client)
          - CollectionAttributeFetchImpl(collection=com.joseph.entity.Order.orderItems, querySpaceUid=<gen:2>, path=com.joseph.entity.Order.orderItems)
             - (collection element) CollectionFetchableElementEntityGraph(entity=com.joseph.entity.OrderItem, querySpaceUid=<gen:3>, path=com.joseph.entity.Order.orderItems.<elements>)
    - QuerySpaces
       - EntityQuerySpaceImpl(uid=<gen:0>, entity=com.joseph.entity.Order)
          - SQL table alias mapping - order0_
          - alias suffix - 0_
          - suffixed key columns - {idorder1_1_0_}

16:39:02.425 [main] DEBUG org.hibernate.loader.entity.plan.EntityLoader - Static select for entity com.joseph.entity.Order [PESSIMISTIC_WRITE]: select order0_.idorder as idorder1_1_0_, order0_.idclient as idclient5_1_0_, order0_.dateorder as dateorde2_1_0_, order0_.statusorder as statusor3_1_0_, order0_.totalorder as totalord4_1_0_ from order_table order0_ where order0_.idorder=? for update
16:39:02.425 [main] DEBUG org.hibernate.loader.plan.build.internal.spaces.QuerySpacesImpl - Adding QuerySpace : uid = <gen:0> -> org.hibernate.loader.plan.build.internal.spaces.EntityQuerySpaceImpl@6726cc69]
16:39:02.425 [main] DEBUG org.hibernate.persister.walking.spi.MetamodelGraphWalker - Visiting attribute path : client
16:39:02.425 [main] DEBUG org.hibernate.loader.plan.build.internal.spaces.QuerySpacesImpl - Adding QuerySpace : uid = <gen:1> -> org.hibernate.loader.plan.build.internal.spaces.EntityQuerySpaceImpl@33899f7a]
16:39:02.425 [main] DEBUG org.hibernate.persister.walking.spi.MetamodelGraphWalker - Visiting attribute path : dateorder
16:39:02.425 [main] DEBUG org.hibernate.persister.walking.spi.MetamodelGraphWalker - Visiting attribute path : orderItems
16:39:02.425 [main] DEBUG org.hibernate.loader.plan.build.internal.spaces.QuerySpacesImpl - Adding QuerySpace : uid = <gen:2> -> org.hibernate.loader.plan.build.internal.spaces.CollectionQuerySpaceImpl@7899de11]
16:39:02.425 [main] DEBUG org.hibernate.loader.plan.build.internal.spaces.QuerySpacesImpl - Adding QuerySpace : uid = <gen:3> -> org.hibernate.loader.plan.build.internal.spaces.EntityQuerySpaceImpl@290d10ef]
16:39:02.425 [main] DEBUG org.hibernate.persister.walking.spi.MetamodelGraphWalker - Visiting attribute path : statusorder
16:39:02.425 [main] DEBUG org.hibernate.persister.walking.spi.MetamodelGraphWalker - Visiting attribute path : totalorder
16:39:02.425 [main] DEBUG org.hibernate.loader.plan.build.internal.FetchStyleLoadPlanBuildingAssociationVisitationStrategy - Building LoadPlan...
16:39:02.426 [main] DEBUG org.hibernate.loader.plan.exec.internal.LoadQueryJoinAndFetchProcessor - processing queryspace <gen:0>
16:39:02.427 [main] DEBUG org.hibernate.loader.plan.build.spi.LoadPlanTreePrinter - LoadPlan(entity=com.joseph.entity.Order)
    - Returns
       - EntityReturnImpl(entity=com.joseph.entity.Order, querySpaceUid=<gen:0>, path=com.joseph.entity.Order)
          - EntityAttributeFetchImpl(entity=com.joseph.entity.Client, querySpaceUid=<gen:1>, path=com.joseph.entity.Order.client)
          - CollectionAttributeFetchImpl(collection=com.joseph.entity.Order.orderItems, querySpaceUid=<gen:2>, path=com.joseph.entity.Order.orderItems)
             - (collection element) CollectionFetchableElementEntityGraph(entity=com.joseph.entity.OrderItem, querySpaceUid=<gen:3>, path=com.joseph.entity.Order.orderItems.<elements>)
    - QuerySpaces
       - EntityQuerySpaceImpl(uid=<gen:0>, entity=com.joseph.entity.Order)
          - SQL table alias mapping - order0_
          - alias suffix - 0_
          - suffixed key columns - {idorder1_1_0_}

16:39:02.427 [main] DEBUG org.hibernate.loader.entity.plan.EntityLoader - Static select for entity com.joseph.entity.Order [PESSIMISTIC_FORCE_INCREMENT]: select order0_.idorder as idorder1_1_0_, order0_.idclient as idclient5_1_0_, order0_.dateorder as dateorde2_1_0_, order0_.statusorder as statusor3_1_0_, order0_.totalorder as totalord4_1_0_ from order_table order0_ where order0_.idorder=? for update
16:39:02.427 [main] DEBUG org.hibernate.loader.plan.build.internal.spaces.QuerySpacesImpl - Adding QuerySpace : uid = <gen:0> -> org.hibernate.loader.plan.build.internal.spaces.EntityQuerySpaceImpl@1bc0d349]
16:39:02.427 [main] DEBUG org.hibernate.persister.walking.spi.MetamodelGraphWalker - Visiting attribute path : client
16:39:02.427 [main] DEBUG org.hibernate.loader.plan.build.internal.spaces.QuerySpacesImpl - Adding QuerySpace : uid = <gen:1> -> org.hibernate.loader.plan.build.internal.spaces.EntityQuerySpaceImpl@5292ceca]
16:39:02.427 [main] DEBUG org.hibernate.persister.walking.spi.MetamodelGraphWalker - Visiting attribute path : dateorder
16:39:02.427 [main] DEBUG org.hibernate.persister.walking.spi.MetamodelGraphWalker - Visiting attribute path : orderItems
16:39:02.428 [main] DEBUG org.hibernate.loader.plan.build.internal.spaces.QuerySpacesImpl - Adding QuerySpace : uid = <gen:2> -> org.hibernate.loader.plan.build.internal.spaces.CollectionQuerySpaceImpl@13d9261f]
16:39:02.428 [main] DEBUG org.hibernate.loader.plan.build.internal.spaces.QuerySpacesImpl - Adding QuerySpace : uid = <gen:3> -> org.hibernate.loader.plan.build.internal.spaces.EntityQuerySpaceImpl@e9ef5b6]
16:39:02.428 [main] DEBUG org.hibernate.persister.walking.spi.MetamodelGraphWalker - Visiting attribute path : statusorder
16:39:02.428 [main] DEBUG org.hibernate.persister.walking.spi.MetamodelGraphWalker - Visiting attribute path : totalorder
16:39:02.428 [main] DEBUG org.hibernate.loader.plan.build.internal.FetchStyleLoadPlanBuildingAssociationVisitationStrategy - Building LoadPlan...
16:39:02.428 [main] DEBUG org.hibernate.loader.plan.exec.internal.LoadQueryJoinAndFetchProcessor - processing queryspace <gen:0>
16:39:02.428 [main] DEBUG org.hibernate.loader.plan.build.spi.LoadPlanTreePrinter - LoadPlan(entity=com.joseph.entity.Order)
    - Returns
       - EntityReturnImpl(entity=com.joseph.entity.Order, querySpaceUid=<gen:0>, path=com.joseph.entity.Order)
          - EntityAttributeFetchImpl(entity=com.joseph.entity.Client, querySpaceUid=<gen:1>, path=com.joseph.entity.Order.client)
          - CollectionAttributeFetchImpl(collection=com.joseph.entity.Order.orderItems, querySpaceUid=<gen:2>, path=com.joseph.entity.Order.orderItems)
             - (collection element) CollectionFetchableElementEntityGraph(entity=com.joseph.entity.OrderItem, querySpaceUid=<gen:3>, path=com.joseph.entity.Order.orderItems.<elements>)
    - QuerySpaces
       - EntityQuerySpaceImpl(uid=<gen:0>, entity=com.joseph.entity.Order)
          - SQL table alias mapping - order0_
          - alias suffix - 0_
          - suffixed key columns - {idorder1_1_0_}

16:39:02.429 [main] DEBUG org.hibernate.loader.entity.plan.EntityLoader - Static select for entity com.joseph.entity.Order [OPTIMISTIC]: select order0_.idorder as idorder1_1_0_, order0_.idclient as idclient5_1_0_, order0_.dateorder as dateorde2_1_0_, order0_.statusorder as statusor3_1_0_, order0_.totalorder as totalord4_1_0_ from order_table order0_ where order0_.idorder=?
16:39:02.429 [main] DEBUG org.hibernate.loader.plan.build.internal.spaces.QuerySpacesImpl - Adding QuerySpace : uid = <gen:0> -> org.hibernate.loader.plan.build.internal.spaces.EntityQuerySpaceImpl@5300cac]
16:39:02.429 [main] DEBUG org.hibernate.persister.walking.spi.MetamodelGraphWalker - Visiting attribute path : client
16:39:02.429 [main] DEBUG org.hibernate.loader.plan.build.internal.spaces.QuerySpacesImpl - Adding QuerySpace : uid = <gen:1> -> org.hibernate.loader.plan.build.internal.spaces.EntityQuerySpaceImpl@1ba359bd]
16:39:02.429 [main] DEBUG org.hibernate.persister.walking.spi.MetamodelGraphWalker - Visiting attribute path : dateorder
16:39:02.429 [main] DEBUG org.hibernate.persister.walking.spi.MetamodelGraphWalker - Visiting attribute path : orderItems
16:39:02.429 [main] DEBUG org.hibernate.loader.plan.build.internal.spaces.QuerySpacesImpl - Adding QuerySpace : uid = <gen:2> -> org.hibernate.loader.plan.build.internal.spaces.CollectionQuerySpaceImpl@62e93c3a]
16:39:02.429 [main] DEBUG org.hibernate.loader.plan.build.internal.spaces.QuerySpacesImpl - Adding QuerySpace : uid = <gen:3> -> org.hibernate.loader.plan.build.internal.spaces.EntityQuerySpaceImpl@673919a7]
16:39:02.429 [main] DEBUG org.hibernate.persister.walking.spi.MetamodelGraphWalker - Visiting attribute path : statusorder
16:39:02.429 [main] DEBUG org.hibernate.persister.walking.spi.MetamodelGraphWalker - Visiting attribute path : totalorder
16:39:02.430 [main] DEBUG org.hibernate.loader.plan.build.internal.FetchStyleLoadPlanBuildingAssociationVisitationStrategy - Building LoadPlan...
16:39:02.430 [main] DEBUG org.hibernate.loader.plan.exec.internal.LoadQueryJoinAndFetchProcessor - processing queryspace <gen:0>
16:39:02.430 [main] DEBUG org.hibernate.loader.plan.build.spi.LoadPlanTreePrinter - LoadPlan(entity=com.joseph.entity.Order)
    - Returns
       - EntityReturnImpl(entity=com.joseph.entity.Order, querySpaceUid=<gen:0>, path=com.joseph.entity.Order)
          - EntityAttributeFetchImpl(entity=com.joseph.entity.Client, querySpaceUid=<gen:1>, path=com.joseph.entity.Order.client)
          - CollectionAttributeFetchImpl(collection=com.joseph.entity.Order.orderItems, querySpaceUid=<gen:2>, path=com.joseph.entity.Order.orderItems)
             - (collection element) CollectionFetchableElementEntityGraph(entity=com.joseph.entity.OrderItem, querySpaceUid=<gen:3>, path=com.joseph.entity.Order.orderItems.<elements>)
    - QuerySpaces
       - EntityQuerySpaceImpl(uid=<gen:0>, entity=com.joseph.entity.Order)
          - SQL table alias mapping - order0_
          - alias suffix - 0_
          - suffixed key columns - {idorder1_1_0_}

16:39:02.430 [main] DEBUG org.hibernate.loader.entity.plan.EntityLoader - Static select for entity com.joseph.entity.Order [OPTIMISTIC_FORCE_INCREMENT]: select order0_.idorder as idorder1_1_0_, order0_.idclient as idclient5_1_0_, order0_.dateorder as dateorde2_1_0_, order0_.statusorder as statusor3_1_0_, order0_.totalorder as totalord4_1_0_ from order_table order0_ where order0_.idorder=?
16:39:02.431 [main] DEBUG org.hibernate.loader.Loader - Static select for action ACTION_MERGE on entity com.joseph.entity.Order: select order0_.idorder as idorder1_1_1_, order0_.idclient as idclient5_1_1_, order0_.dateorder as dateorde2_1_1_, order0_.statusorder as statusor3_1_1_, order0_.totalorder as totalord4_1_1_, orderitems1_.idorder as idorder3_2_3_, orderitems1_.id as id1_2_3_, orderitems1_.id as id1_2_0_, orderitems1_.idorder as idorder3_2_0_, orderitems1_.idproduct as idproduc4_2_0_, orderitems1_.quantity as quantity2_2_0_ from order_table order0_ left outer join orderitems orderitems1_ on order0_.idorder=orderitems1_.idorder where order0_.idorder=?
16:39:02.431 [main] DEBUG org.hibernate.loader.Loader - Static select for action ACTION_REFRESH on entity com.joseph.entity.Order: select order0_.idorder as idorder1_1_1_, order0_.idclient as idclient5_1_1_, order0_.dateorder as dateorde2_1_1_, order0_.statusorder as statusor3_1_1_, order0_.totalorder as totalord4_1_1_, orderitems1_.idorder as idorder3_2_3_, orderitems1_.id as id1_2_3_, orderitems1_.id as id1_2_0_, orderitems1_.idorder as idorder3_2_0_, orderitems1_.idproduct as idproduc4_2_0_, orderitems1_.quantity as quantity2_2_0_ from order_table order0_ left outer join orderitems orderitems1_ on order0_.idorder=orderitems1_.idorder where order0_.idorder=?
16:39:02.431 [main] DEBUG org.hibernate.persister.entity.AbstractEntityPersister - Static SQL for entity: com.joseph.entity.Product
16:39:02.431 [main] DEBUG org.hibernate.persister.entity.AbstractEntityPersister -  Version select: select idproduct from Product where idproduct =?
16:39:02.431 [main] DEBUG org.hibernate.persister.entity.AbstractEntityPersister -  Snapshot select: select product_.idproduct, product_.nameproduct as nameprod2_3_, product_.priceproduct as pricepro3_3_, product_.stockproduct as stockpro4_3_ from Product product_ where product_.idproduct=?
16:39:02.431 [main] DEBUG org.hibernate.persister.entity.AbstractEntityPersister -  Insert 0: insert into Product (nameproduct, priceproduct, stockproduct, idproduct) values (?, ?, ?, ?)
16:39:02.431 [main] DEBUG org.hibernate.persister.entity.AbstractEntityPersister -  Update 0: update Product set nameproduct=?, priceproduct=?, stockproduct=? where idproduct=?
16:39:02.431 [main] DEBUG org.hibernate.persister.entity.AbstractEntityPersister -  Delete 0: delete from Product where idproduct=?
16:39:02.431 [main] DEBUG org.hibernate.persister.entity.AbstractEntityPersister -  Identity insert: insert into Product (nameproduct, priceproduct, stockproduct) values (?, ?, ?)
16:39:02.431 [main] DEBUG org.hibernate.loader.plan.build.internal.spaces.QuerySpacesImpl - Adding QuerySpace : uid = <gen:0> -> org.hibernate.loader.plan.build.internal.spaces.EntityQuerySpaceImpl@25d93198]
16:39:02.432 [main] DEBUG org.hibernate.persister.walking.spi.MetamodelGraphWalker - Visiting attribute path : nameproduct
16:39:02.432 [main] DEBUG org.hibernate.persister.walking.spi.MetamodelGraphWalker - Visiting attribute path : orderItems
16:39:02.432 [main] DEBUG org.hibernate.loader.plan.build.internal.spaces.QuerySpacesImpl - Adding QuerySpace : uid = <gen:1> -> org.hibernate.loader.plan.build.internal.spaces.CollectionQuerySpaceImpl@f951a7f]
16:39:02.432 [main] DEBUG org.hibernate.loader.plan.build.internal.spaces.QuerySpacesImpl - Adding QuerySpace : uid = <gen:2> -> org.hibernate.loader.plan.build.internal.spaces.EntityQuerySpaceImpl@20cece0b]
16:39:02.432 [main] DEBUG org.hibernate.persister.walking.spi.MetamodelGraphWalker - Visiting attribute path : priceproduct
16:39:02.432 [main] DEBUG org.hibernate.persister.walking.spi.MetamodelGraphWalker - Visiting attribute path : stockproduct
16:39:02.432 [main] DEBUG org.hibernate.loader.plan.build.internal.FetchStyleLoadPlanBuildingAssociationVisitationStrategy - Building LoadPlan...
16:39:02.432 [main] DEBUG org.hibernate.loader.plan.exec.internal.LoadQueryJoinAndFetchProcessor - processing queryspace <gen:0>
16:39:02.432 [main] DEBUG org.hibernate.loader.plan.build.spi.LoadPlanTreePrinter - LoadPlan(entity=com.joseph.entity.Product)
    - Returns
       - EntityReturnImpl(entity=com.joseph.entity.Product, querySpaceUid=<gen:0>, path=com.joseph.entity.Product)
          - CollectionAttributeFetchImpl(collection=com.joseph.entity.Product.orderItems, querySpaceUid=<gen:1>, path=com.joseph.entity.Product.orderItems)
             - (collection element) CollectionFetchableElementEntityGraph(entity=com.joseph.entity.OrderItem, querySpaceUid=<gen:2>, path=com.joseph.entity.Product.orderItems.<elements>)
    - QuerySpaces
       - EntityQuerySpaceImpl(uid=<gen:0>, entity=com.joseph.entity.Product)
          - SQL table alias mapping - product0_
          - alias suffix - 0_
          - suffixed key columns - {idproduc1_3_0_}

16:39:02.432 [main] DEBUG org.hibernate.loader.entity.plan.EntityLoader - Static select for entity com.joseph.entity.Product [NONE]: select product0_.idproduct as idproduc1_3_0_, product0_.nameproduct as nameprod2_3_0_, product0_.priceproduct as pricepro3_3_0_, product0_.stockproduct as stockpro4_3_0_ from Product product0_ where product0_.idproduct=?
16:39:02.432 [main] DEBUG org.hibernate.loader.plan.build.internal.spaces.QuerySpacesImpl - Adding QuerySpace : uid = <gen:0> -> org.hibernate.loader.plan.build.internal.spaces.EntityQuerySpaceImpl@4c777e7b]
16:39:02.433 [main] DEBUG org.hibernate.persister.walking.spi.MetamodelGraphWalker - Visiting attribute path : nameproduct
16:39:02.433 [main] DEBUG org.hibernate.persister.walking.spi.MetamodelGraphWalker - Visiting attribute path : orderItems
16:39:02.433 [main] DEBUG org.hibernate.loader.plan.build.internal.spaces.QuerySpacesImpl - Adding QuerySpace : uid = <gen:1> -> org.hibernate.loader.plan.build.internal.spaces.CollectionQuerySpaceImpl@78e22d35]
16:39:02.433 [main] DEBUG org.hibernate.loader.plan.build.internal.spaces.QuerySpacesImpl - Adding QuerySpace : uid = <gen:2> -> org.hibernate.loader.plan.build.internal.spaces.EntityQuerySpaceImpl@2e8a1ab4]
16:39:02.433 [main] DEBUG org.hibernate.persister.walking.spi.MetamodelGraphWalker - Visiting attribute path : priceproduct
16:39:02.433 [main] DEBUG org.hibernate.persister.walking.spi.MetamodelGraphWalker - Visiting attribute path : stockproduct
16:39:02.433 [main] DEBUG org.hibernate.loader.plan.build.internal.FetchStyleLoadPlanBuildingAssociationVisitationStrategy - Building LoadPlan...
16:39:02.433 [main] DEBUG org.hibernate.loader.plan.exec.internal.LoadQueryJoinAndFetchProcessor - processing queryspace <gen:0>
16:39:02.434 [main] DEBUG org.hibernate.loader.plan.build.spi.LoadPlanTreePrinter - LoadPlan(entity=com.joseph.entity.Product)
    - Returns
       - EntityReturnImpl(entity=com.joseph.entity.Product, querySpaceUid=<gen:0>, path=com.joseph.entity.Product)
          - CollectionAttributeFetchImpl(collection=com.joseph.entity.Product.orderItems, querySpaceUid=<gen:1>, path=com.joseph.entity.Product.orderItems)
             - (collection element) CollectionFetchableElementEntityGraph(entity=com.joseph.entity.OrderItem, querySpaceUid=<gen:2>, path=com.joseph.entity.Product.orderItems.<elements>)
    - QuerySpaces
       - EntityQuerySpaceImpl(uid=<gen:0>, entity=com.joseph.entity.Product)
          - SQL table alias mapping - product0_
          - alias suffix - 0_
          - suffixed key columns - {idproduc1_3_0_}

16:39:02.434 [main] DEBUG org.hibernate.loader.entity.plan.EntityLoader - Static select for entity com.joseph.entity.Product [READ]: select product0_.idproduct as idproduc1_3_0_, product0_.nameproduct as nameprod2_3_0_, product0_.priceproduct as pricepro3_3_0_, product0_.stockproduct as stockpro4_3_0_ from Product product0_ where product0_.idproduct=?
16:39:02.434 [main] DEBUG org.hibernate.loader.plan.build.internal.spaces.QuerySpacesImpl - Adding QuerySpace : uid = <gen:0> -> org.hibernate.loader.plan.build.internal.spaces.EntityQuerySpaceImpl@59f93db8]
16:39:02.434 [main] DEBUG org.hibernate.persister.walking.spi.MetamodelGraphWalker - Visiting attribute path : nameproduct
16:39:02.434 [main] DEBUG org.hibernate.persister.walking.spi.MetamodelGraphWalker - Visiting attribute path : orderItems
16:39:02.435 [main] DEBUG org.hibernate.loader.plan.build.internal.spaces.QuerySpacesImpl - Adding QuerySpace : uid = <gen:1> -> org.hibernate.loader.plan.build.internal.spaces.CollectionQuerySpaceImpl@73c9e8e8]
16:39:02.435 [main] DEBUG org.hibernate.loader.plan.build.internal.spaces.QuerySpacesImpl - Adding QuerySpace : uid = <gen:2> -> org.hibernate.loader.plan.build.internal.spaces.EntityQuerySpaceImpl@de8039f]
16:39:02.435 [main] DEBUG org.hibernate.persister.walking.spi.MetamodelGraphWalker - Visiting attribute path : priceproduct
16:39:02.435 [main] DEBUG org.hibernate.persister.walking.spi.MetamodelGraphWalker - Visiting attribute path : stockproduct
16:39:02.435 [main] DEBUG org.hibernate.loader.plan.build.internal.FetchStyleLoadPlanBuildingAssociationVisitationStrategy - Building LoadPlan...
16:39:02.435 [main] DEBUG org.hibernate.loader.plan.exec.internal.LoadQueryJoinAndFetchProcessor - processing queryspace <gen:0>
16:39:02.436 [main] DEBUG org.hibernate.loader.plan.build.spi.LoadPlanTreePrinter - LoadPlan(entity=com.joseph.entity.Product)
    - Returns
       - EntityReturnImpl(entity=com.joseph.entity.Product, querySpaceUid=<gen:0>, path=com.joseph.entity.Product)
          - CollectionAttributeFetchImpl(collection=com.joseph.entity.Product.orderItems, querySpaceUid=<gen:1>, path=com.joseph.entity.Product.orderItems)
             - (collection element) CollectionFetchableElementEntityGraph(entity=com.joseph.entity.OrderItem, querySpaceUid=<gen:2>, path=com.joseph.entity.Product.orderItems.<elements>)
    - QuerySpaces
       - EntityQuerySpaceImpl(uid=<gen:0>, entity=com.joseph.entity.Product)
          - SQL table alias mapping - product0_
          - alias suffix - 0_
          - suffixed key columns - {idproduc1_3_0_}

16:39:02.436 [main] DEBUG org.hibernate.loader.entity.plan.EntityLoader - Static select for entity com.joseph.entity.Product [UPGRADE]: select product0_.idproduct as idproduc1_3_0_, product0_.nameproduct as nameprod2_3_0_, product0_.priceproduct as pricepro3_3_0_, product0_.stockproduct as stockpro4_3_0_ from Product product0_ where product0_.idproduct=? for update
16:39:02.436 [main] DEBUG org.hibernate.loader.plan.build.internal.spaces.QuerySpacesImpl - Adding QuerySpace : uid = <gen:0> -> org.hibernate.loader.plan.build.internal.spaces.EntityQuerySpaceImpl@1deceb67]
16:39:02.437 [main] DEBUG org.hibernate.persister.walking.spi.MetamodelGraphWalker - Visiting attribute path : nameproduct
16:39:02.437 [main] DEBUG org.hibernate.persister.walking.spi.MetamodelGraphWalker - Visiting attribute path : orderItems
16:39:02.437 [main] DEBUG org.hibernate.loader.plan.build.internal.spaces.QuerySpacesImpl - Adding QuerySpace : uid = <gen:1> -> org.hibernate.loader.plan.build.internal.spaces.CollectionQuerySpaceImpl@64984b0f]
16:39:02.437 [main] DEBUG org.hibernate.loader.plan.build.internal.spaces.QuerySpacesImpl - Adding QuerySpace : uid = <gen:2> -> org.hibernate.loader.plan.build.internal.spaces.EntityQuerySpaceImpl@292158f8]
16:39:02.437 [main] DEBUG org.hibernate.persister.walking.spi.MetamodelGraphWalker - Visiting attribute path : priceproduct
16:39:02.437 [main] DEBUG org.hibernate.persister.walking.spi.MetamodelGraphWalker - Visiting attribute path : stockproduct
16:39:02.437 [main] DEBUG org.hibernate.loader.plan.build.internal.FetchStyleLoadPlanBuildingAssociationVisitationStrategy - Building LoadPlan...
16:39:02.437 [main] DEBUG org.hibernate.loader.plan.exec.internal.LoadQueryJoinAndFetchProcessor - processing queryspace <gen:0>
16:39:02.438 [main] DEBUG org.hibernate.loader.plan.build.spi.LoadPlanTreePrinter - LoadPlan(entity=com.joseph.entity.Product)
    - Returns
       - EntityReturnImpl(entity=com.joseph.entity.Product, querySpaceUid=<gen:0>, path=com.joseph.entity.Product)
          - CollectionAttributeFetchImpl(collection=com.joseph.entity.Product.orderItems, querySpaceUid=<gen:1>, path=com.joseph.entity.Product.orderItems)
             - (collection element) CollectionFetchableElementEntityGraph(entity=com.joseph.entity.OrderItem, querySpaceUid=<gen:2>, path=com.joseph.entity.Product.orderItems.<elements>)
    - QuerySpaces
       - EntityQuerySpaceImpl(uid=<gen:0>, entity=com.joseph.entity.Product)
          - SQL table alias mapping - product0_
          - alias suffix - 0_
          - suffixed key columns - {idproduc1_3_0_}

16:39:02.438 [main] DEBUG org.hibernate.loader.entity.plan.EntityLoader - Static select for entity com.joseph.entity.Product [UPGRADE_NOWAIT]: select product0_.idproduct as idproduc1_3_0_, product0_.nameproduct as nameprod2_3_0_, product0_.priceproduct as pricepro3_3_0_, product0_.stockproduct as stockpro4_3_0_ from Product product0_ where product0_.idproduct=? for update
16:39:02.438 [main] DEBUG org.hibernate.loader.plan.build.internal.spaces.QuerySpacesImpl - Adding QuerySpace : uid = <gen:0> -> org.hibernate.loader.plan.build.internal.spaces.EntityQuerySpaceImpl@53ec2968]
16:39:02.438 [main] DEBUG org.hibernate.persister.walking.spi.MetamodelGraphWalker - Visiting attribute path : nameproduct
16:39:02.438 [main] DEBUG org.hibernate.persister.walking.spi.MetamodelGraphWalker - Visiting attribute path : orderItems
16:39:02.438 [main] DEBUG org.hibernate.loader.plan.build.internal.spaces.QuerySpacesImpl - Adding QuerySpace : uid = <gen:1> -> org.hibernate.loader.plan.build.internal.spaces.CollectionQuerySpaceImpl@7e19755a]
16:39:02.438 [main] DEBUG org.hibernate.loader.plan.build.internal.spaces.QuerySpacesImpl - Adding QuerySpace : uid = <gen:2> -> org.hibernate.loader.plan.build.internal.spaces.EntityQuerySpaceImpl@5d5c04f9]
16:39:02.438 [main] DEBUG org.hibernate.persister.walking.spi.MetamodelGraphWalker - Visiting attribute path : priceproduct
16:39:02.438 [main] DEBUG org.hibernate.persister.walking.spi.MetamodelGraphWalker - Visiting attribute path : stockproduct
16:39:02.438 [main] DEBUG org.hibernate.loader.plan.build.internal.FetchStyleLoadPlanBuildingAssociationVisitationStrategy - Building LoadPlan...
16:39:02.439 [main] DEBUG org.hibernate.loader.plan.exec.internal.LoadQueryJoinAndFetchProcessor - processing queryspace <gen:0>
16:39:02.439 [main] DEBUG org.hibernate.loader.plan.build.spi.LoadPlanTreePrinter - LoadPlan(entity=com.joseph.entity.Product)
    - Returns
       - EntityReturnImpl(entity=com.joseph.entity.Product, querySpaceUid=<gen:0>, path=com.joseph.entity.Product)
          - CollectionAttributeFetchImpl(collection=com.joseph.entity.Product.orderItems, querySpaceUid=<gen:1>, path=com.joseph.entity.Product.orderItems)
             - (collection element) CollectionFetchableElementEntityGraph(entity=com.joseph.entity.OrderItem, querySpaceUid=<gen:2>, path=com.joseph.entity.Product.orderItems.<elements>)
    - QuerySpaces
       - EntityQuerySpaceImpl(uid=<gen:0>, entity=com.joseph.entity.Product)
          - SQL table alias mapping - product0_
          - alias suffix - 0_
          - suffixed key columns - {idproduc1_3_0_}

16:39:02.441 [main] DEBUG org.hibernate.loader.entity.plan.EntityLoader - Static select for entity com.joseph.entity.Product [UPGRADE_SKIPLOCKED]: select product0_.idproduct as idproduc1_3_0_, product0_.nameproduct as nameprod2_3_0_, product0_.priceproduct as pricepro3_3_0_, product0_.stockproduct as stockpro4_3_0_ from Product product0_ where product0_.idproduct=? for update
16:39:02.441 [main] DEBUG org.hibernate.loader.plan.build.internal.spaces.QuerySpacesImpl - Adding QuerySpace : uid = <gen:0> -> org.hibernate.loader.plan.build.internal.spaces.EntityQuerySpaceImpl@6f49d153]
16:39:02.441 [main] DEBUG org.hibernate.persister.walking.spi.MetamodelGraphWalker - Visiting attribute path : nameproduct
16:39:02.441 [main] DEBUG org.hibernate.persister.walking.spi.MetamodelGraphWalker - Visiting attribute path : orderItems
16:39:02.441 [main] DEBUG org.hibernate.loader.plan.build.internal.spaces.QuerySpacesImpl - Adding QuerySpace : uid = <gen:1> -> org.hibernate.loader.plan.build.internal.spaces.CollectionQuerySpaceImpl@7e7f0216]
16:39:02.442 [main] DEBUG org.hibernate.loader.plan.build.internal.spaces.QuerySpacesImpl - Adding QuerySpace : uid = <gen:2> -> org.hibernate.loader.plan.build.internal.spaces.EntityQuerySpaceImpl@4339baec]
16:39:02.442 [main] DEBUG org.hibernate.persister.walking.spi.MetamodelGraphWalker - Visiting attribute path : priceproduct
16:39:02.442 [main] DEBUG org.hibernate.persister.walking.spi.MetamodelGraphWalker - Visiting attribute path : stockproduct
16:39:02.442 [main] DEBUG org.hibernate.loader.plan.build.internal.FetchStyleLoadPlanBuildingAssociationVisitationStrategy - Building LoadPlan...
16:39:02.442 [main] DEBUG org.hibernate.loader.plan.exec.internal.LoadQueryJoinAndFetchProcessor - processing queryspace <gen:0>
16:39:02.442 [main] DEBUG org.hibernate.loader.plan.build.spi.LoadPlanTreePrinter - LoadPlan(entity=com.joseph.entity.Product)
    - Returns
       - EntityReturnImpl(entity=com.joseph.entity.Product, querySpaceUid=<gen:0>, path=com.joseph.entity.Product)
          - CollectionAttributeFetchImpl(collection=com.joseph.entity.Product.orderItems, querySpaceUid=<gen:1>, path=com.joseph.entity.Product.orderItems)
             - (collection element) CollectionFetchableElementEntityGraph(entity=com.joseph.entity.OrderItem, querySpaceUid=<gen:2>, path=com.joseph.entity.Product.orderItems.<elements>)
    - QuerySpaces
       - EntityQuerySpaceImpl(uid=<gen:0>, entity=com.joseph.entity.Product)
          - SQL table alias mapping - product0_
          - alias suffix - 0_
          - suffixed key columns - {idproduc1_3_0_}

16:39:02.442 [main] DEBUG org.hibernate.loader.entity.plan.EntityLoader - Static select for entity com.joseph.entity.Product [FORCE]: select product0_.idproduct as idproduc1_3_0_, product0_.nameproduct as nameprod2_3_0_, product0_.priceproduct as pricepro3_3_0_, product0_.stockproduct as stockpro4_3_0_ from Product product0_ where product0_.idproduct=? for update
16:39:02.442 [main] DEBUG org.hibernate.loader.plan.build.internal.spaces.QuerySpacesImpl - Adding QuerySpace : uid = <gen:0> -> org.hibernate.loader.plan.build.internal.spaces.EntityQuerySpaceImpl@62db3891]
16:39:02.442 [main] DEBUG org.hibernate.persister.walking.spi.MetamodelGraphWalker - Visiting attribute path : nameproduct
16:39:02.442 [main] DEBUG org.hibernate.persister.walking.spi.MetamodelGraphWalker - Visiting attribute path : orderItems
16:39:02.443 [main] DEBUG org.hibernate.loader.plan.build.internal.spaces.QuerySpacesImpl - Adding QuerySpace : uid = <gen:1> -> org.hibernate.loader.plan.build.internal.spaces.CollectionQuerySpaceImpl@6724cdec]
16:39:02.443 [main] DEBUG org.hibernate.loader.plan.build.internal.spaces.QuerySpacesImpl - Adding QuerySpace : uid = <gen:2> -> org.hibernate.loader.plan.build.internal.spaces.EntityQuerySpaceImpl@6944e53e]
16:39:02.443 [main] DEBUG org.hibernate.persister.walking.spi.MetamodelGraphWalker - Visiting attribute path : priceproduct
16:39:02.443 [main] DEBUG org.hibernate.persister.walking.spi.MetamodelGraphWalker - Visiting attribute path : stockproduct
16:39:02.443 [main] DEBUG org.hibernate.loader.plan.build.internal.FetchStyleLoadPlanBuildingAssociationVisitationStrategy - Building LoadPlan...
16:39:02.443 [main] DEBUG org.hibernate.loader.plan.exec.internal.LoadQueryJoinAndFetchProcessor - processing queryspace <gen:0>
16:39:02.443 [main] DEBUG org.hibernate.loader.plan.build.spi.LoadPlanTreePrinter - LoadPlan(entity=com.joseph.entity.Product)
    - Returns
       - EntityReturnImpl(entity=com.joseph.entity.Product, querySpaceUid=<gen:0>, path=com.joseph.entity.Product)
          - CollectionAttributeFetchImpl(collection=com.joseph.entity.Product.orderItems, querySpaceUid=<gen:1>, path=com.joseph.entity.Product.orderItems)
             - (collection element) CollectionFetchableElementEntityGraph(entity=com.joseph.entity.OrderItem, querySpaceUid=<gen:2>, path=com.joseph.entity.Product.orderItems.<elements>)
    - QuerySpaces
       - EntityQuerySpaceImpl(uid=<gen:0>, entity=com.joseph.entity.Product)
          - SQL table alias mapping - product0_
          - alias suffix - 0_
          - suffixed key columns - {idproduc1_3_0_}

16:39:02.443 [main] DEBUG org.hibernate.loader.entity.plan.EntityLoader - Static select for entity com.joseph.entity.Product [PESSIMISTIC_READ]: select product0_.idproduct as idproduc1_3_0_, product0_.nameproduct as nameprod2_3_0_, product0_.priceproduct as pricepro3_3_0_, product0_.stockproduct as stockpro4_3_0_ from Product product0_ where product0_.idproduct=? lock in share mode
16:39:02.444 [main] DEBUG org.hibernate.loader.plan.build.internal.spaces.QuerySpacesImpl - Adding QuerySpace : uid = <gen:0> -> org.hibernate.loader.plan.build.internal.spaces.EntityQuerySpaceImpl@52e04737]
16:39:02.444 [main] DEBUG org.hibernate.persister.walking.spi.MetamodelGraphWalker - Visiting attribute path : nameproduct
16:39:02.444 [main] DEBUG org.hibernate.persister.walking.spi.MetamodelGraphWalker - Visiting attribute path : orderItems
16:39:02.444 [main] DEBUG org.hibernate.loader.plan.build.internal.spaces.QuerySpacesImpl - Adding QuerySpace : uid = <gen:1> -> org.hibernate.loader.plan.build.internal.spaces.CollectionQuerySpaceImpl@1a4d1ab7]
16:39:02.444 [main] DEBUG org.hibernate.loader.plan.build.internal.spaces.QuerySpacesImpl - Adding QuerySpace : uid = <gen:2> -> org.hibernate.loader.plan.build.internal.spaces.EntityQuerySpaceImpl@546e61d5]
16:39:02.444 [main] DEBUG org.hibernate.persister.walking.spi.MetamodelGraphWalker - Visiting attribute path : priceproduct
16:39:02.444 [main] DEBUG org.hibernate.persister.walking.spi.MetamodelGraphWalker - Visiting attribute path : stockproduct
16:39:02.444 [main] DEBUG org.hibernate.loader.plan.build.internal.FetchStyleLoadPlanBuildingAssociationVisitationStrategy - Building LoadPlan...
16:39:02.444 [main] DEBUG org.hibernate.loader.plan.exec.internal.LoadQueryJoinAndFetchProcessor - processing queryspace <gen:0>
16:39:02.445 [main] DEBUG org.hibernate.loader.plan.build.spi.LoadPlanTreePrinter - LoadPlan(entity=com.joseph.entity.Product)
    - Returns
       - EntityReturnImpl(entity=com.joseph.entity.Product, querySpaceUid=<gen:0>, path=com.joseph.entity.Product)
          - CollectionAttributeFetchImpl(collection=com.joseph.entity.Product.orderItems, querySpaceUid=<gen:1>, path=com.joseph.entity.Product.orderItems)
             - (collection element) CollectionFetchableElementEntityGraph(entity=com.joseph.entity.OrderItem, querySpaceUid=<gen:2>, path=com.joseph.entity.Product.orderItems.<elements>)
    - QuerySpaces
       - EntityQuerySpaceImpl(uid=<gen:0>, entity=com.joseph.entity.Product)
          - SQL table alias mapping - product0_
          - alias suffix - 0_
          - suffixed key columns - {idproduc1_3_0_}

16:39:02.445 [main] DEBUG org.hibernate.loader.entity.plan.EntityLoader - Static select for entity com.joseph.entity.Product [PESSIMISTIC_WRITE]: select product0_.idproduct as idproduc1_3_0_, product0_.nameproduct as nameprod2_3_0_, product0_.priceproduct as pricepro3_3_0_, product0_.stockproduct as stockpro4_3_0_ from Product product0_ where product0_.idproduct=? for update
16:39:02.445 [main] DEBUG org.hibernate.loader.plan.build.internal.spaces.QuerySpacesImpl - Adding QuerySpace : uid = <gen:0> -> org.hibernate.loader.plan.build.internal.spaces.EntityQuerySpaceImpl@4674d90]
16:39:02.445 [main] DEBUG org.hibernate.persister.walking.spi.MetamodelGraphWalker - Visiting attribute path : nameproduct
16:39:02.445 [main] DEBUG org.hibernate.persister.walking.spi.MetamodelGraphWalker - Visiting attribute path : orderItems
16:39:02.445 [main] DEBUG org.hibernate.loader.plan.build.internal.spaces.QuerySpacesImpl - Adding QuerySpace : uid = <gen:1> -> org.hibernate.loader.plan.build.internal.spaces.CollectionQuerySpaceImpl@1292071f]
16:39:02.445 [main] DEBUG org.hibernate.loader.plan.build.internal.spaces.QuerySpacesImpl - Adding QuerySpace : uid = <gen:2> -> org.hibernate.loader.plan.build.internal.spaces.EntityQuerySpaceImpl@35d5ac51]
16:39:02.445 [main] DEBUG org.hibernate.persister.walking.spi.MetamodelGraphWalker - Visiting attribute path : priceproduct
16:39:02.445 [main] DEBUG org.hibernate.persister.walking.spi.MetamodelGraphWalker - Visiting attribute path : stockproduct
16:39:02.445 [main] DEBUG org.hibernate.loader.plan.build.internal.FetchStyleLoadPlanBuildingAssociationVisitationStrategy - Building LoadPlan...
16:39:02.445 [main] DEBUG org.hibernate.loader.plan.exec.internal.LoadQueryJoinAndFetchProcessor - processing queryspace <gen:0>
16:39:02.446 [main] DEBUG org.hibernate.loader.plan.build.spi.LoadPlanTreePrinter - LoadPlan(entity=com.joseph.entity.Product)
    - Returns
       - EntityReturnImpl(entity=com.joseph.entity.Product, querySpaceUid=<gen:0>, path=com.joseph.entity.Product)
          - CollectionAttributeFetchImpl(collection=com.joseph.entity.Product.orderItems, querySpaceUid=<gen:1>, path=com.joseph.entity.Product.orderItems)
             - (collection element) CollectionFetchableElementEntityGraph(entity=com.joseph.entity.OrderItem, querySpaceUid=<gen:2>, path=com.joseph.entity.Product.orderItems.<elements>)
    - QuerySpaces
       - EntityQuerySpaceImpl(uid=<gen:0>, entity=com.joseph.entity.Product)
          - SQL table alias mapping - product0_
          - alias suffix - 0_
          - suffixed key columns - {idproduc1_3_0_}

16:39:02.446 [main] DEBUG org.hibernate.loader.entity.plan.EntityLoader - Static select for entity com.joseph.entity.Product [PESSIMISTIC_FORCE_INCREMENT]: select product0_.idproduct as idproduc1_3_0_, product0_.nameproduct as nameprod2_3_0_, product0_.priceproduct as pricepro3_3_0_, product0_.stockproduct as stockpro4_3_0_ from Product product0_ where product0_.idproduct=? for update
16:39:02.446 [main] DEBUG org.hibernate.loader.plan.build.internal.spaces.QuerySpacesImpl - Adding QuerySpace : uid = <gen:0> -> org.hibernate.loader.plan.build.internal.spaces.EntityQuerySpaceImpl@b606cb6]
16:39:02.446 [main] DEBUG org.hibernate.persister.walking.spi.MetamodelGraphWalker - Visiting attribute path : nameproduct
16:39:02.446 [main] DEBUG org.hibernate.persister.walking.spi.MetamodelGraphWalker - Visiting attribute path : orderItems
16:39:02.446 [main] DEBUG org.hibernate.loader.plan.build.internal.spaces.QuerySpacesImpl - Adding QuerySpace : uid = <gen:1> -> org.hibernate.loader.plan.build.internal.spaces.CollectionQuerySpaceImpl@2819c460]
16:39:02.447 [main] DEBUG org.hibernate.loader.plan.build.internal.spaces.QuerySpacesImpl - Adding QuerySpace : uid = <gen:2> -> org.hibernate.loader.plan.build.internal.spaces.EntityQuerySpaceImpl@30364216]
16:39:02.447 [main] DEBUG org.hibernate.persister.walking.spi.MetamodelGraphWalker - Visiting attribute path : priceproduct
16:39:02.447 [main] DEBUG org.hibernate.persister.walking.spi.MetamodelGraphWalker - Visiting attribute path : stockproduct
16:39:02.447 [main] DEBUG org.hibernate.loader.plan.build.internal.FetchStyleLoadPlanBuildingAssociationVisitationStrategy - Building LoadPlan...
16:39:02.447 [main] DEBUG org.hibernate.loader.plan.exec.internal.LoadQueryJoinAndFetchProcessor - processing queryspace <gen:0>
16:39:02.447 [main] DEBUG org.hibernate.loader.plan.build.spi.LoadPlanTreePrinter - LoadPlan(entity=com.joseph.entity.Product)
    - Returns
       - EntityReturnImpl(entity=com.joseph.entity.Product, querySpaceUid=<gen:0>, path=com.joseph.entity.Product)
          - CollectionAttributeFetchImpl(collection=com.joseph.entity.Product.orderItems, querySpaceUid=<gen:1>, path=com.joseph.entity.Product.orderItems)
             - (collection element) CollectionFetchableElementEntityGraph(entity=com.joseph.entity.OrderItem, querySpaceUid=<gen:2>, path=com.joseph.entity.Product.orderItems.<elements>)
    - QuerySpaces
       - EntityQuerySpaceImpl(uid=<gen:0>, entity=com.joseph.entity.Product)
          - SQL table alias mapping - product0_
          - alias suffix - 0_
          - suffixed key columns - {idproduc1_3_0_}

16:39:02.447 [main] DEBUG org.hibernate.loader.entity.plan.EntityLoader - Static select for entity com.joseph.entity.Product [OPTIMISTIC]: select product0_.idproduct as idproduc1_3_0_, product0_.nameproduct as nameprod2_3_0_, product0_.priceproduct as pricepro3_3_0_, product0_.stockproduct as stockpro4_3_0_ from Product product0_ where product0_.idproduct=?
16:39:02.447 [main] DEBUG org.hibernate.loader.plan.build.internal.spaces.QuerySpacesImpl - Adding QuerySpace : uid = <gen:0> -> org.hibernate.loader.plan.build.internal.spaces.EntityQuerySpaceImpl@38bb9d7a]
16:39:02.447 [main] DEBUG org.hibernate.persister.walking.spi.MetamodelGraphWalker - Visiting attribute path : nameproduct
16:39:02.447 [main] DEBUG org.hibernate.persister.walking.spi.MetamodelGraphWalker - Visiting attribute path : orderItems
16:39:02.448 [main] DEBUG org.hibernate.loader.plan.build.internal.spaces.QuerySpacesImpl - Adding QuerySpace : uid = <gen:1> -> org.hibernate.loader.plan.build.internal.spaces.CollectionQuerySpaceImpl@78d6447a]
16:39:02.448 [main] DEBUG org.hibernate.loader.plan.build.internal.spaces.QuerySpacesImpl - Adding QuerySpace : uid = <gen:2> -> org.hibernate.loader.plan.build.internal.spaces.EntityQuerySpaceImpl@7a729f84]
16:39:02.448 [main] DEBUG org.hibernate.persister.walking.spi.MetamodelGraphWalker - Visiting attribute path : priceproduct
16:39:02.448 [main] DEBUG org.hibernate.persister.walking.spi.MetamodelGraphWalker - Visiting attribute path : stockproduct
16:39:02.448 [main] DEBUG org.hibernate.loader.plan.build.internal.FetchStyleLoadPlanBuildingAssociationVisitationStrategy - Building LoadPlan...
16:39:02.448 [main] DEBUG org.hibernate.loader.plan.exec.internal.LoadQueryJoinAndFetchProcessor - processing queryspace <gen:0>
16:39:02.448 [main] DEBUG org.hibernate.loader.plan.build.spi.LoadPlanTreePrinter - LoadPlan(entity=com.joseph.entity.Product)
    - Returns
       - EntityReturnImpl(entity=com.joseph.entity.Product, querySpaceUid=<gen:0>, path=com.joseph.entity.Product)
          - CollectionAttributeFetchImpl(collection=com.joseph.entity.Product.orderItems, querySpaceUid=<gen:1>, path=com.joseph.entity.Product.orderItems)
             - (collection element) CollectionFetchableElementEntityGraph(entity=com.joseph.entity.OrderItem, querySpaceUid=<gen:2>, path=com.joseph.entity.Product.orderItems.<elements>)
    - QuerySpaces
       - EntityQuerySpaceImpl(uid=<gen:0>, entity=com.joseph.entity.Product)
          - SQL table alias mapping - product0_
          - alias suffix - 0_
          - suffixed key columns - {idproduc1_3_0_}

16:39:02.449 [main] DEBUG org.hibernate.loader.entity.plan.EntityLoader - Static select for entity com.joseph.entity.Product [OPTIMISTIC_FORCE_INCREMENT]: select product0_.idproduct as idproduc1_3_0_, product0_.nameproduct as nameprod2_3_0_, product0_.priceproduct as pricepro3_3_0_, product0_.stockproduct as stockpro4_3_0_ from Product product0_ where product0_.idproduct=?
16:39:02.450 [main] DEBUG org.hibernate.loader.Loader - Static select for action ACTION_MERGE on entity com.joseph.entity.Product: select product0_.idproduct as idproduc1_3_1_, product0_.nameproduct as nameprod2_3_1_, product0_.priceproduct as pricepro3_3_1_, product0_.stockproduct as stockpro4_3_1_, orderitems1_.idproduct as idproduc4_2_3_, orderitems1_.id as id1_2_3_, orderitems1_.id as id1_2_0_, orderitems1_.idorder as idorder3_2_0_, orderitems1_.idproduct as idproduc4_2_0_, orderitems1_.quantity as quantity2_2_0_ from Product product0_ left outer join orderitems orderitems1_ on product0_.idproduct=orderitems1_.idproduct where product0_.idproduct=?
16:39:02.452 [main] DEBUG org.hibernate.loader.Loader - Static select for action ACTION_REFRESH on entity com.joseph.entity.Product: select product0_.idproduct as idproduc1_3_1_, product0_.nameproduct as nameprod2_3_1_, product0_.priceproduct as pricepro3_3_1_, product0_.stockproduct as stockpro4_3_1_, orderitems1_.idproduct as idproduc4_2_3_, orderitems1_.id as id1_2_3_, orderitems1_.id as id1_2_0_, orderitems1_.idorder as idorder3_2_0_, orderitems1_.idproduct as idproduc4_2_0_, orderitems1_.quantity as quantity2_2_0_ from Product product0_ left outer join orderitems orderitems1_ on product0_.idproduct=orderitems1_.idproduct where product0_.idproduct=?
16:39:02.452 [main] DEBUG org.hibernate.persister.entity.AbstractEntityPersister - Static SQL for entity: com.joseph.entity.OrderItem
16:39:02.452 [main] DEBUG org.hibernate.persister.entity.AbstractEntityPersister -  Version select: select id from orderitems where id =?
16:39:02.452 [main] DEBUG org.hibernate.persister.entity.AbstractEntityPersister -  Snapshot select: select orderitem_.id, orderitem_.idorder as idorder3_2_, orderitem_.idproduct as idproduc4_2_, orderitem_.quantity as quantity2_2_ from orderitems orderitem_ where orderitem_.id=?
16:39:02.452 [main] DEBUG org.hibernate.persister.entity.AbstractEntityPersister -  Insert 0: insert into orderitems (idorder, idproduct, quantity, id) values (?, ?, ?, ?)
16:39:02.452 [main] DEBUG org.hibernate.persister.entity.AbstractEntityPersister -  Update 0: update orderitems set idorder=?, idproduct=?, quantity=? where id=?
16:39:02.452 [main] DEBUG org.hibernate.persister.entity.AbstractEntityPersister -  Delete 0: delete from orderitems where id=?
16:39:02.452 [main] DEBUG org.hibernate.persister.entity.AbstractEntityPersister -  Identity insert: insert into orderitems (idorder, idproduct, quantity) values (?, ?, ?)
16:39:02.453 [main] DEBUG org.hibernate.loader.plan.build.internal.spaces.QuerySpacesImpl - Adding QuerySpace : uid = <gen:0> -> org.hibernate.loader.plan.build.internal.spaces.EntityQuerySpaceImpl@1e469dfd]
16:39:02.453 [main] DEBUG org.hibernate.persister.walking.spi.MetamodelGraphWalker - Visiting attribute path : order
16:39:02.453 [main] DEBUG org.hibernate.loader.plan.build.internal.spaces.QuerySpacesImpl - Adding QuerySpace : uid = <gen:1> -> org.hibernate.loader.plan.build.internal.spaces.EntityQuerySpaceImpl@1f7076bc]
16:39:02.453 [main] DEBUG org.hibernate.persister.walking.spi.MetamodelGraphWalker - Visiting attribute path : order.client
16:39:02.453 [main] DEBUG org.hibernate.loader.plan.build.internal.spaces.QuerySpacesImpl - Adding QuerySpace : uid = <gen:2> -> org.hibernate.loader.plan.build.internal.spaces.EntityQuerySpaceImpl@5b9396d3]
16:39:02.453 [main] DEBUG org.hibernate.persister.walking.spi.MetamodelGraphWalker - Visiting attribute path : order.client.emailclient
16:39:02.453 [main] DEBUG org.hibernate.persister.walking.spi.MetamodelGraphWalker - Visiting attribute path : order.client.nameclient
16:39:02.453 [main] DEBUG org.hibernate.persister.walking.spi.MetamodelGraphWalker - Visiting attribute path : order.client.orders
16:39:02.453 [main] DEBUG org.hibernate.persister.walking.spi.MetamodelGraphWalker - Property path deemed to be circular : order.client.orders
16:39:02.454 [main] DEBUG org.hibernate.persister.walking.spi.MetamodelGraphWalker - Visiting attribute path : order.dateorder
16:39:02.454 [main] DEBUG org.hibernate.persister.walking.spi.MetamodelGraphWalker - Visiting attribute path : order.orderItems
16:39:02.454 [main] DEBUG org.hibernate.persister.walking.spi.MetamodelGraphWalker - Property path deemed to be circular : order.orderItems
16:39:02.454 [main] DEBUG org.hibernate.persister.walking.spi.MetamodelGraphWalker - Visiting attribute path : order.statusorder
16:39:02.454 [main] DEBUG org.hibernate.persister.walking.spi.MetamodelGraphWalker - Visiting attribute path : order.totalorder
16:39:02.454 [main] DEBUG org.hibernate.persister.walking.spi.MetamodelGraphWalker - Visiting attribute path : product
16:39:02.454 [main] DEBUG org.hibernate.loader.plan.build.internal.spaces.QuerySpacesImpl - Adding QuerySpace : uid = <gen:3> -> org.hibernate.loader.plan.build.internal.spaces.EntityQuerySpaceImpl@6a472566]
16:39:02.454 [main] DEBUG org.hibernate.persister.walking.spi.MetamodelGraphWalker - Visiting attribute path : product.nameproduct
16:39:02.454 [main] DEBUG org.hibernate.persister.walking.spi.MetamodelGraphWalker - Visiting attribute path : product.orderItems
16:39:02.454 [main] DEBUG org.hibernate.persister.walking.spi.MetamodelGraphWalker - Property path deemed to be circular : product.orderItems
16:39:02.454 [main] DEBUG org.hibernate.persister.walking.spi.MetamodelGraphWalker - Visiting attribute path : product.priceproduct
16:39:02.454 [main] DEBUG org.hibernate.persister.walking.spi.MetamodelGraphWalker - Visiting attribute path : product.stockproduct
16:39:02.455 [main] DEBUG org.hibernate.persister.walking.spi.MetamodelGraphWalker - Visiting attribute path : quantity
16:39:02.455 [main] DEBUG org.hibernate.loader.plan.build.internal.FetchStyleLoadPlanBuildingAssociationVisitationStrategy - Building LoadPlan...
16:39:02.455 [main] DEBUG org.hibernate.loader.plan.exec.internal.LoadQueryJoinAndFetchProcessor - processing queryspace <gen:0>
16:39:02.456 [main] DEBUG org.hibernate.loader.plan.build.spi.LoadPlanTreePrinter - LoadPlan(entity=com.joseph.entity.OrderItem)
    - Returns
       - EntityReturnImpl(entity=com.joseph.entity.OrderItem, querySpaceUid=<gen:0>, path=com.joseph.entity.OrderItem)
          - EntityAttributeFetchImpl(entity=com.joseph.entity.Order, querySpaceUid=<gen:1>, path=com.joseph.entity.OrderItem.order)
             - EntityAttributeFetchImpl(entity=com.joseph.entity.Client, querySpaceUid=<gen:2>, path=com.joseph.entity.OrderItem.order.client)
          - EntityAttributeFetchImpl(entity=com.joseph.entity.Product, querySpaceUid=<gen:3>, path=com.joseph.entity.OrderItem.product)
    - QuerySpaces
       - EntityQuerySpaceImpl(uid=<gen:0>, entity=com.joseph.entity.OrderItem)
          - SQL table alias mapping - orderitem0_
          - alias suffix - 0_
          - suffixed key columns - {id1_2_0_}
          - JOIN (JoinDefinedByMetadata(order)) : <gen:0> -> <gen:1>
             - EntityQuerySpaceImpl(uid=<gen:1>, entity=com.joseph.entity.Order)
                - SQL table alias mapping - order1_
                - alias suffix - 1_
                - suffixed key columns - {idorder1_1_1_}
                - JOIN (JoinDefinedByMetadata(client)) : <gen:1> -> <gen:2>
                   - EntityQuerySpaceImpl(uid=<gen:2>, entity=com.joseph.entity.Client)
                      - SQL table alias mapping - client2_
                      - alias suffix - 2_
                      - suffixed key columns - {idclient1_0_2_}
          - JOIN (JoinDefinedByMetadata(product)) : <gen:0> -> <gen:3>
             - EntityQuerySpaceImpl(uid=<gen:3>, entity=com.joseph.entity.Product)
                - SQL table alias mapping - product3_
                - alias suffix - 3_
                - suffixed key columns - {idproduc1_3_3_}

16:39:02.456 [main] DEBUG org.hibernate.loader.entity.plan.EntityLoader - Static select for entity com.joseph.entity.OrderItem [NONE]: select orderitem0_.id as id1_2_0_, orderitem0_.idorder as idorder3_2_0_, orderitem0_.idproduct as idproduc4_2_0_, orderitem0_.quantity as quantity2_2_0_, order1_.idorder as idorder1_1_1_, order1_.idclient as idclient5_1_1_, order1_.dateorder as dateorde2_1_1_, order1_.statusorder as statusor3_1_1_, order1_.totalorder as totalord4_1_1_, client2_.idclient as idclient1_0_2_, client2_.emailclient as emailcli2_0_2_, client2_.nameclient as nameclie3_0_2_, product3_.idproduct as idproduc1_3_3_, product3_.nameproduct as nameprod2_3_3_, product3_.priceproduct as pricepro3_3_3_, product3_.stockproduct as stockpro4_3_3_ from orderitems orderitem0_ left outer join order_table order1_ on orderitem0_.idorder=order1_.idorder left outer join client client2_ on order1_.idclient=client2_.idclient left outer join Product product3_ on orderitem0_.idproduct=product3_.idproduct where orderitem0_.id=?
16:39:02.456 [main] DEBUG org.hibernate.loader.plan.build.internal.spaces.QuerySpacesImpl - Adding QuerySpace : uid = <gen:0> -> org.hibernate.loader.plan.build.internal.spaces.EntityQuerySpaceImpl@5e65afb6]
16:39:02.456 [main] DEBUG org.hibernate.persister.walking.spi.MetamodelGraphWalker - Visiting attribute path : order
16:39:02.456 [main] DEBUG org.hibernate.loader.plan.build.internal.spaces.QuerySpacesImpl - Adding QuerySpace : uid = <gen:1> -> org.hibernate.loader.plan.build.internal.spaces.EntityQuerySpaceImpl@8851ce1]
16:39:02.457 [main] DEBUG org.hibernate.persister.walking.spi.MetamodelGraphWalker - Visiting attribute path : order.client
16:39:02.457 [main] DEBUG org.hibernate.loader.plan.build.internal.spaces.QuerySpacesImpl - Adding QuerySpace : uid = <gen:2> -> org.hibernate.loader.plan.build.internal.spaces.EntityQuerySpaceImpl@5ef6fd7f]
16:39:02.457 [main] DEBUG org.hibernate.persister.walking.spi.MetamodelGraphWalker - Visiting attribute path : order.client.emailclient
16:39:02.457 [main] DEBUG org.hibernate.persister.walking.spi.MetamodelGraphWalker - Visiting attribute path : order.client.nameclient
16:39:02.457 [main] DEBUG org.hibernate.persister.walking.spi.MetamodelGraphWalker - Visiting attribute path : order.client.orders
16:39:02.457 [main] DEBUG org.hibernate.persister.walking.spi.MetamodelGraphWalker - Property path deemed to be circular : order.client.orders
16:39:02.457 [main] DEBUG org.hibernate.persister.walking.spi.MetamodelGraphWalker - Visiting attribute path : order.dateorder
16:39:02.457 [main] DEBUG org.hibernate.persister.walking.spi.MetamodelGraphWalker - Visiting attribute path : order.orderItems
16:39:02.457 [main] DEBUG org.hibernate.persister.walking.spi.MetamodelGraphWalker - Property path deemed to be circular : order.orderItems
16:39:02.457 [main] DEBUG org.hibernate.persister.walking.spi.MetamodelGraphWalker - Visiting attribute path : order.statusorder
16:39:02.457 [main] DEBUG org.hibernate.persister.walking.spi.MetamodelGraphWalker - Visiting attribute path : order.totalorder
16:39:02.457 [main] DEBUG org.hibernate.persister.walking.spi.MetamodelGraphWalker - Visiting attribute path : product
16:39:02.457 [main] DEBUG org.hibernate.loader.plan.build.internal.spaces.QuerySpacesImpl - Adding QuerySpace : uid = <gen:3> -> org.hibernate.loader.plan.build.internal.spaces.EntityQuerySpaceImpl@767191b1]
16:39:02.457 [main] DEBUG org.hibernate.persister.walking.spi.MetamodelGraphWalker - Visiting attribute path : product.nameproduct
16:39:02.457 [main] DEBUG org.hibernate.persister.walking.spi.MetamodelGraphWalker - Visiting attribute path : product.orderItems
16:39:02.457 [main] DEBUG org.hibernate.persister.walking.spi.MetamodelGraphWalker - Property path deemed to be circular : product.orderItems
16:39:02.457 [main] DEBUG org.hibernate.persister.walking.spi.MetamodelGraphWalker - Visiting attribute path : product.priceproduct
16:39:02.457 [main] DEBUG org.hibernate.persister.walking.spi.MetamodelGraphWalker - Visiting attribute path : product.stockproduct
16:39:02.457 [main] DEBUG org.hibernate.persister.walking.spi.MetamodelGraphWalker - Visiting attribute path : quantity
16:39:02.459 [main] DEBUG org.hibernate.loader.plan.build.internal.FetchStyleLoadPlanBuildingAssociationVisitationStrategy - Building LoadPlan...
16:39:02.459 [main] DEBUG org.hibernate.loader.plan.exec.internal.LoadQueryJoinAndFetchProcessor - processing queryspace <gen:0>
16:39:02.460 [main] DEBUG org.hibernate.loader.plan.build.spi.LoadPlanTreePrinter - LoadPlan(entity=com.joseph.entity.OrderItem)
    - Returns
       - EntityReturnImpl(entity=com.joseph.entity.OrderItem, querySpaceUid=<gen:0>, path=com.joseph.entity.OrderItem)
          - EntityAttributeFetchImpl(entity=com.joseph.entity.Order, querySpaceUid=<gen:1>, path=com.joseph.entity.OrderItem.order)
             - EntityAttributeFetchImpl(entity=com.joseph.entity.Client, querySpaceUid=<gen:2>, path=com.joseph.entity.OrderItem.order.client)
          - EntityAttributeFetchImpl(entity=com.joseph.entity.Product, querySpaceUid=<gen:3>, path=com.joseph.entity.OrderItem.product)
    - QuerySpaces
       - EntityQuerySpaceImpl(uid=<gen:0>, entity=com.joseph.entity.OrderItem)
          - SQL table alias mapping - orderitem0_
          - alias suffix - 0_
          - suffixed key columns - {id1_2_0_}
          - JOIN (JoinDefinedByMetadata(order)) : <gen:0> -> <gen:1>
             - EntityQuerySpaceImpl(uid=<gen:1>, entity=com.joseph.entity.Order)
                - SQL table alias mapping - order1_
                - alias suffix - 1_
                - suffixed key columns - {idorder1_1_1_}
                - JOIN (JoinDefinedByMetadata(client)) : <gen:1> -> <gen:2>
                   - EntityQuerySpaceImpl(uid=<gen:2>, entity=com.joseph.entity.Client)
                      - SQL table alias mapping - client2_
                      - alias suffix - 2_
                      - suffixed key columns - {idclient1_0_2_}
          - JOIN (JoinDefinedByMetadata(product)) : <gen:0> -> <gen:3>
             - EntityQuerySpaceImpl(uid=<gen:3>, entity=com.joseph.entity.Product)
                - SQL table alias mapping - product3_
                - alias suffix - 3_
                - suffixed key columns - {idproduc1_3_3_}

16:39:02.460 [main] DEBUG org.hibernate.loader.entity.plan.EntityLoader - Static select for entity com.joseph.entity.OrderItem [READ]: select orderitem0_.id as id1_2_0_, orderitem0_.idorder as idorder3_2_0_, orderitem0_.idproduct as idproduc4_2_0_, orderitem0_.quantity as quantity2_2_0_, order1_.idorder as idorder1_1_1_, order1_.idclient as idclient5_1_1_, order1_.dateorder as dateorde2_1_1_, order1_.statusorder as statusor3_1_1_, order1_.totalorder as totalord4_1_1_, client2_.idclient as idclient1_0_2_, client2_.emailclient as emailcli2_0_2_, client2_.nameclient as nameclie3_0_2_, product3_.idproduct as idproduc1_3_3_, product3_.nameproduct as nameprod2_3_3_, product3_.priceproduct as pricepro3_3_3_, product3_.stockproduct as stockpro4_3_3_ from orderitems orderitem0_ left outer join order_table order1_ on orderitem0_.idorder=order1_.idorder left outer join client client2_ on order1_.idclient=client2_.idclient left outer join Product product3_ on orderitem0_.idproduct=product3_.idproduct where orderitem0_.id=?
16:39:02.460 [main] DEBUG org.hibernate.loader.plan.build.internal.spaces.QuerySpacesImpl - Adding QuerySpace : uid = <gen:0> -> org.hibernate.loader.plan.build.internal.spaces.EntityQuerySpaceImpl@5d21202d]
16:39:02.460 [main] DEBUG org.hibernate.persister.walking.spi.MetamodelGraphWalker - Visiting attribute path : order
16:39:02.460 [main] DEBUG org.hibernate.loader.plan.build.internal.spaces.QuerySpacesImpl - Adding QuerySpace : uid = <gen:1> -> org.hibernate.loader.plan.build.internal.spaces.EntityQuerySpaceImpl@6eb17ec8]
16:39:02.460 [main] DEBUG org.hibernate.persister.walking.spi.MetamodelGraphWalker - Visiting attribute path : product
16:39:02.460 [main] DEBUG org.hibernate.loader.plan.build.internal.spaces.QuerySpacesImpl - Adding QuerySpace : uid = <gen:2> -> org.hibernate.loader.plan.build.internal.spaces.EntityQuerySpaceImpl@730f9695]
16:39:02.460 [main] DEBUG org.hibernate.persister.walking.spi.MetamodelGraphWalker - Visiting attribute path : quantity
16:39:02.460 [main] DEBUG org.hibernate.loader.plan.build.internal.FetchStyleLoadPlanBuildingAssociationVisitationStrategy - Building LoadPlan...
16:39:02.460 [main] DEBUG org.hibernate.loader.plan.exec.internal.LoadQueryJoinAndFetchProcessor - processing queryspace <gen:0>
16:39:02.461 [main] DEBUG org.hibernate.loader.plan.build.spi.LoadPlanTreePrinter - LoadPlan(entity=com.joseph.entity.OrderItem)
    - Returns
       - EntityReturnImpl(entity=com.joseph.entity.OrderItem, querySpaceUid=<gen:0>, path=com.joseph.entity.OrderItem)
          - EntityAttributeFetchImpl(entity=com.joseph.entity.Order, querySpaceUid=<gen:1>, path=com.joseph.entity.OrderItem.order)
          - EntityAttributeFetchImpl(entity=com.joseph.entity.Product, querySpaceUid=<gen:2>, path=com.joseph.entity.OrderItem.product)
    - QuerySpaces
       - EntityQuerySpaceImpl(uid=<gen:0>, entity=com.joseph.entity.OrderItem)
          - SQL table alias mapping - orderitem0_
          - alias suffix - 0_
          - suffixed key columns - {id1_2_0_}

16:39:02.461 [main] DEBUG org.hibernate.loader.entity.plan.EntityLoader - Static select for entity com.joseph.entity.OrderItem [UPGRADE]: select orderitem0_.id as id1_2_0_, orderitem0_.idorder as idorder3_2_0_, orderitem0_.idproduct as idproduc4_2_0_, orderitem0_.quantity as quantity2_2_0_ from orderitems orderitem0_ where orderitem0_.id=? for update
16:39:02.461 [main] DEBUG org.hibernate.loader.plan.build.internal.spaces.QuerySpacesImpl - Adding QuerySpace : uid = <gen:0> -> org.hibernate.loader.plan.build.internal.spaces.EntityQuerySpaceImpl@277bf091]
16:39:02.461 [main] DEBUG org.hibernate.persister.walking.spi.MetamodelGraphWalker - Visiting attribute path : order
16:39:02.461 [main] DEBUG org.hibernate.loader.plan.build.internal.spaces.QuerySpacesImpl - Adding QuerySpace : uid = <gen:1> -> org.hibernate.loader.plan.build.internal.spaces.EntityQuerySpaceImpl@6a094db2]
16:39:02.461 [main] DEBUG org.hibernate.persister.walking.spi.MetamodelGraphWalker - Visiting attribute path : product
16:39:02.461 [main] DEBUG org.hibernate.loader.plan.build.internal.spaces.QuerySpacesImpl - Adding QuerySpace : uid = <gen:2> -> org.hibernate.loader.plan.build.internal.spaces.EntityQuerySpaceImpl@65bdd558]
16:39:02.461 [main] DEBUG org.hibernate.persister.walking.spi.MetamodelGraphWalker - Visiting attribute path : quantity
16:39:02.461 [main] DEBUG org.hibernate.loader.plan.build.internal.FetchStyleLoadPlanBuildingAssociationVisitationStrategy - Building LoadPlan...
16:39:02.461 [main] DEBUG org.hibernate.loader.plan.exec.internal.LoadQueryJoinAndFetchProcessor - processing queryspace <gen:0>
16:39:02.461 [main] DEBUG org.hibernate.loader.plan.build.spi.LoadPlanTreePrinter - LoadPlan(entity=com.joseph.entity.OrderItem)
    - Returns
       - EntityReturnImpl(entity=com.joseph.entity.OrderItem, querySpaceUid=<gen:0>, path=com.joseph.entity.OrderItem)
          - EntityAttributeFetchImpl(entity=com.joseph.entity.Order, querySpaceUid=<gen:1>, path=com.joseph.entity.OrderItem.order)
          - EntityAttributeFetchImpl(entity=com.joseph.entity.Product, querySpaceUid=<gen:2>, path=com.joseph.entity.OrderItem.product)
    - QuerySpaces
       - EntityQuerySpaceImpl(uid=<gen:0>, entity=com.joseph.entity.OrderItem)
          - SQL table alias mapping - orderitem0_
          - alias suffix - 0_
          - suffixed key columns - {id1_2_0_}

16:39:02.461 [main] DEBUG org.hibernate.loader.entity.plan.EntityLoader - Static select for entity com.joseph.entity.OrderItem [UPGRADE_NOWAIT]: select orderitem0_.id as id1_2_0_, orderitem0_.idorder as idorder3_2_0_, orderitem0_.idproduct as idproduc4_2_0_, orderitem0_.quantity as quantity2_2_0_ from orderitems orderitem0_ where orderitem0_.id=? for update
16:39:02.462 [main] DEBUG org.hibernate.loader.plan.build.internal.spaces.QuerySpacesImpl - Adding QuerySpace : uid = <gen:0> -> org.hibernate.loader.plan.build.internal.spaces.EntityQuerySpaceImpl@1dba4e06]
16:39:02.462 [main] DEBUG org.hibernate.persister.walking.spi.MetamodelGraphWalker - Visiting attribute path : order
16:39:02.462 [main] DEBUG org.hibernate.loader.plan.build.internal.spaces.QuerySpacesImpl - Adding QuerySpace : uid = <gen:1> -> org.hibernate.loader.plan.build.internal.spaces.EntityQuerySpaceImpl@6b2e46af]
16:39:02.462 [main] DEBUG org.hibernate.persister.walking.spi.MetamodelGraphWalker - Visiting attribute path : product
16:39:02.462 [main] DEBUG org.hibernate.loader.plan.build.internal.spaces.QuerySpacesImpl - Adding QuerySpace : uid = <gen:2> -> org.hibernate.loader.plan.build.internal.spaces.EntityQuerySpaceImpl@60325987]
16:39:02.462 [main] DEBUG org.hibernate.persister.walking.spi.MetamodelGraphWalker - Visiting attribute path : quantity
16:39:02.462 [main] DEBUG org.hibernate.loader.plan.build.internal.FetchStyleLoadPlanBuildingAssociationVisitationStrategy - Building LoadPlan...
16:39:02.462 [main] DEBUG org.hibernate.loader.plan.exec.internal.LoadQueryJoinAndFetchProcessor - processing queryspace <gen:0>
16:39:02.462 [main] DEBUG org.hibernate.loader.plan.build.spi.LoadPlanTreePrinter - LoadPlan(entity=com.joseph.entity.OrderItem)
    - Returns
       - EntityReturnImpl(entity=com.joseph.entity.OrderItem, querySpaceUid=<gen:0>, path=com.joseph.entity.OrderItem)
          - EntityAttributeFetchImpl(entity=com.joseph.entity.Order, querySpaceUid=<gen:1>, path=com.joseph.entity.OrderItem.order)
          - EntityAttributeFetchImpl(entity=com.joseph.entity.Product, querySpaceUid=<gen:2>, path=com.joseph.entity.OrderItem.product)
    - QuerySpaces
       - EntityQuerySpaceImpl(uid=<gen:0>, entity=com.joseph.entity.OrderItem)
          - SQL table alias mapping - orderitem0_
          - alias suffix - 0_
          - suffixed key columns - {id1_2_0_}

16:39:02.462 [main] DEBUG org.hibernate.loader.entity.plan.EntityLoader - Static select for entity com.joseph.entity.OrderItem [UPGRADE_SKIPLOCKED]: select orderitem0_.id as id1_2_0_, orderitem0_.idorder as idorder3_2_0_, orderitem0_.idproduct as idproduc4_2_0_, orderitem0_.quantity as quantity2_2_0_ from orderitems orderitem0_ where orderitem0_.id=? for update
16:39:02.462 [main] DEBUG org.hibernate.loader.plan.build.internal.spaces.QuerySpacesImpl - Adding QuerySpace : uid = <gen:0> -> org.hibernate.loader.plan.build.internal.spaces.EntityQuerySpaceImpl@2f37f1f9]
16:39:02.463 [main] DEBUG org.hibernate.persister.walking.spi.MetamodelGraphWalker - Visiting attribute path : order
16:39:02.463 [main] DEBUG org.hibernate.loader.plan.build.internal.spaces.QuerySpacesImpl - Adding QuerySpace : uid = <gen:1> -> org.hibernate.loader.plan.build.internal.spaces.EntityQuerySpaceImpl@2af69643]
16:39:02.463 [main] DEBUG org.hibernate.persister.walking.spi.MetamodelGraphWalker - Visiting attribute path : product
16:39:02.463 [main] DEBUG org.hibernate.loader.plan.build.internal.spaces.QuerySpacesImpl - Adding QuerySpace : uid = <gen:2> -> org.hibernate.loader.plan.build.internal.spaces.EntityQuerySpaceImpl@587a1cfb]
16:39:02.463 [main] DEBUG org.hibernate.persister.walking.spi.MetamodelGraphWalker - Visiting attribute path : quantity
16:39:02.463 [main] DEBUG org.hibernate.loader.plan.build.internal.FetchStyleLoadPlanBuildingAssociationVisitationStrategy - Building LoadPlan...
16:39:02.463 [main] DEBUG org.hibernate.loader.plan.exec.internal.LoadQueryJoinAndFetchProcessor - processing queryspace <gen:0>
16:39:02.463 [main] DEBUG org.hibernate.loader.plan.build.spi.LoadPlanTreePrinter - LoadPlan(entity=com.joseph.entity.OrderItem)
    - Returns
       - EntityReturnImpl(entity=com.joseph.entity.OrderItem, querySpaceUid=<gen:0>, path=com.joseph.entity.OrderItem)
          - EntityAttributeFetchImpl(entity=com.joseph.entity.Order, querySpaceUid=<gen:1>, path=com.joseph.entity.OrderItem.order)
          - EntityAttributeFetchImpl(entity=com.joseph.entity.Product, querySpaceUid=<gen:2>, path=com.joseph.entity.OrderItem.product)
    - QuerySpaces
       - EntityQuerySpaceImpl(uid=<gen:0>, entity=com.joseph.entity.OrderItem)
          - SQL table alias mapping - orderitem0_
          - alias suffix - 0_
          - suffixed key columns - {id1_2_0_}

16:39:02.464 [main] DEBUG org.hibernate.loader.entity.plan.EntityLoader - Static select for entity com.joseph.entity.OrderItem [FORCE]: select orderitem0_.id as id1_2_0_, orderitem0_.idorder as idorder3_2_0_, orderitem0_.idproduct as idproduc4_2_0_, orderitem0_.quantity as quantity2_2_0_ from orderitems orderitem0_ where orderitem0_.id=? for update
16:39:02.464 [main] DEBUG org.hibernate.loader.plan.build.internal.spaces.QuerySpacesImpl - Adding QuerySpace : uid = <gen:0> -> org.hibernate.loader.plan.build.internal.spaces.EntityQuerySpaceImpl@48528634]
16:39:02.464 [main] DEBUG org.hibernate.persister.walking.spi.MetamodelGraphWalker - Visiting attribute path : order
16:39:02.464 [main] DEBUG org.hibernate.loader.plan.build.internal.spaces.QuerySpacesImpl - Adding QuerySpace : uid = <gen:1> -> org.hibernate.loader.plan.build.internal.spaces.EntityQuerySpaceImpl@4047d2d9]
16:39:02.464 [main] DEBUG org.hibernate.persister.walking.spi.MetamodelGraphWalker - Visiting attribute path : product
16:39:02.464 [main] DEBUG org.hibernate.loader.plan.build.internal.spaces.QuerySpacesImpl - Adding QuerySpace : uid = <gen:2> -> org.hibernate.loader.plan.build.internal.spaces.EntityQuerySpaceImpl@48d293ee]
16:39:02.464 [main] DEBUG org.hibernate.persister.walking.spi.MetamodelGraphWalker - Visiting attribute path : quantity
16:39:02.464 [main] DEBUG org.hibernate.loader.plan.build.internal.FetchStyleLoadPlanBuildingAssociationVisitationStrategy - Building LoadPlan...
16:39:02.464 [main] DEBUG org.hibernate.loader.plan.exec.internal.LoadQueryJoinAndFetchProcessor - processing queryspace <gen:0>
16:39:02.464 [main] DEBUG org.hibernate.loader.plan.build.spi.LoadPlanTreePrinter - LoadPlan(entity=com.joseph.entity.OrderItem)
    - Returns
       - EntityReturnImpl(entity=com.joseph.entity.OrderItem, querySpaceUid=<gen:0>, path=com.joseph.entity.OrderItem)
          - EntityAttributeFetchImpl(entity=com.joseph.entity.Order, querySpaceUid=<gen:1>, path=com.joseph.entity.OrderItem.order)
          - EntityAttributeFetchImpl(entity=com.joseph.entity.Product, querySpaceUid=<gen:2>, path=com.joseph.entity.OrderItem.product)
    - QuerySpaces
       - EntityQuerySpaceImpl(uid=<gen:0>, entity=com.joseph.entity.OrderItem)
          - SQL table alias mapping - orderitem0_
          - alias suffix - 0_
          - suffixed key columns - {id1_2_0_}

16:39:02.464 [main] DEBUG org.hibernate.loader.entity.plan.EntityLoader - Static select for entity com.joseph.entity.OrderItem [PESSIMISTIC_READ]: select orderitem0_.id as id1_2_0_, orderitem0_.idorder as idorder3_2_0_, orderitem0_.idproduct as idproduc4_2_0_, orderitem0_.quantity as quantity2_2_0_ from orderitems orderitem0_ where orderitem0_.id=? lock in share mode
16:39:02.464 [main] DEBUG org.hibernate.loader.plan.build.internal.spaces.QuerySpacesImpl - Adding QuerySpace : uid = <gen:0> -> org.hibernate.loader.plan.build.internal.spaces.EntityQuerySpaceImpl@146dcfe6]
16:39:02.464 [main] DEBUG org.hibernate.persister.walking.spi.MetamodelGraphWalker - Visiting attribute path : order
16:39:02.464 [main] DEBUG org.hibernate.loader.plan.build.internal.spaces.QuerySpacesImpl - Adding QuerySpace : uid = <gen:1> -> org.hibernate.loader.plan.build.internal.spaces.EntityQuerySpaceImpl@5c77ba8f]
16:39:02.464 [main] DEBUG org.hibernate.persister.walking.spi.MetamodelGraphWalker - Visiting attribute path : product
16:39:02.464 [main] DEBUG org.hibernate.loader.plan.build.internal.spaces.QuerySpacesImpl - Adding QuerySpace : uid = <gen:2> -> org.hibernate.loader.plan.build.internal.spaces.EntityQuerySpaceImpl@660f0c]
16:39:02.464 [main] DEBUG org.hibernate.persister.walking.spi.MetamodelGraphWalker - Visiting attribute path : quantity
16:39:02.464 [main] DEBUG org.hibernate.loader.plan.build.internal.FetchStyleLoadPlanBuildingAssociationVisitationStrategy - Building LoadPlan...
16:39:02.465 [main] DEBUG org.hibernate.loader.plan.exec.internal.LoadQueryJoinAndFetchProcessor - processing queryspace <gen:0>
16:39:02.465 [main] DEBUG org.hibernate.loader.plan.build.spi.LoadPlanTreePrinter - LoadPlan(entity=com.joseph.entity.OrderItem)
    - Returns
       - EntityReturnImpl(entity=com.joseph.entity.OrderItem, querySpaceUid=<gen:0>, path=com.joseph.entity.OrderItem)
          - EntityAttributeFetchImpl(entity=com.joseph.entity.Order, querySpaceUid=<gen:1>, path=com.joseph.entity.OrderItem.order)
          - EntityAttributeFetchImpl(entity=com.joseph.entity.Product, querySpaceUid=<gen:2>, path=com.joseph.entity.OrderItem.product)
    - QuerySpaces
       - EntityQuerySpaceImpl(uid=<gen:0>, entity=com.joseph.entity.OrderItem)
          - SQL table alias mapping - orderitem0_
          - alias suffix - 0_
          - suffixed key columns - {id1_2_0_}

16:39:02.465 [main] DEBUG org.hibernate.loader.entity.plan.EntityLoader - Static select for entity com.joseph.entity.OrderItem [PESSIMISTIC_WRITE]: select orderitem0_.id as id1_2_0_, orderitem0_.idorder as idorder3_2_0_, orderitem0_.idproduct as idproduc4_2_0_, orderitem0_.quantity as quantity2_2_0_ from orderitems orderitem0_ where orderitem0_.id=? for update
16:39:02.465 [main] DEBUG org.hibernate.loader.plan.build.internal.spaces.QuerySpacesImpl - Adding QuerySpace : uid = <gen:0> -> org.hibernate.loader.plan.build.internal.spaces.EntityQuerySpaceImpl@7a0ef219]
16:39:02.465 [main] DEBUG org.hibernate.persister.walking.spi.MetamodelGraphWalker - Visiting attribute path : order
16:39:02.465 [main] DEBUG org.hibernate.loader.plan.build.internal.spaces.QuerySpacesImpl - Adding QuerySpace : uid = <gen:1> -> org.hibernate.loader.plan.build.internal.spaces.EntityQuerySpaceImpl@7add323c]
16:39:02.465 [main] DEBUG org.hibernate.persister.walking.spi.MetamodelGraphWalker - Visiting attribute path : product
16:39:02.465 [main] DEBUG org.hibernate.loader.plan.build.internal.spaces.QuerySpacesImpl - Adding QuerySpace : uid = <gen:2> -> org.hibernate.loader.plan.build.internal.spaces.EntityQuerySpaceImpl@4a734c04]
16:39:02.465 [main] DEBUG org.hibernate.persister.walking.spi.MetamodelGraphWalker - Visiting attribute path : quantity
16:39:02.465 [main] DEBUG org.hibernate.loader.plan.build.internal.FetchStyleLoadPlanBuildingAssociationVisitationStrategy - Building LoadPlan...
16:39:02.466 [main] DEBUG org.hibernate.loader.plan.exec.internal.LoadQueryJoinAndFetchProcessor - processing queryspace <gen:0>
16:39:02.467 [main] DEBUG org.hibernate.loader.plan.build.spi.LoadPlanTreePrinter - LoadPlan(entity=com.joseph.entity.OrderItem)
    - Returns
       - EntityReturnImpl(entity=com.joseph.entity.OrderItem, querySpaceUid=<gen:0>, path=com.joseph.entity.OrderItem)
          - EntityAttributeFetchImpl(entity=com.joseph.entity.Order, querySpaceUid=<gen:1>, path=com.joseph.entity.OrderItem.order)
          - EntityAttributeFetchImpl(entity=com.joseph.entity.Product, querySpaceUid=<gen:2>, path=com.joseph.entity.OrderItem.product)
    - QuerySpaces
       - EntityQuerySpaceImpl(uid=<gen:0>, entity=com.joseph.entity.OrderItem)
          - SQL table alias mapping - orderitem0_
          - alias suffix - 0_
          - suffixed key columns - {id1_2_0_}

16:39:02.467 [main] DEBUG org.hibernate.loader.entity.plan.EntityLoader - Static select for entity com.joseph.entity.OrderItem [PESSIMISTIC_FORCE_INCREMENT]: select orderitem0_.id as id1_2_0_, orderitem0_.idorder as idorder3_2_0_, orderitem0_.idproduct as idproduc4_2_0_, orderitem0_.quantity as quantity2_2_0_ from orderitems orderitem0_ where orderitem0_.id=? for update
16:39:02.467 [main] DEBUG org.hibernate.loader.plan.build.internal.spaces.QuerySpacesImpl - Adding QuerySpace : uid = <gen:0> -> org.hibernate.loader.plan.build.internal.spaces.EntityQuerySpaceImpl@4760f169]
16:39:02.467 [main] DEBUG org.hibernate.persister.walking.spi.MetamodelGraphWalker - Visiting attribute path : order
16:39:02.467 [main] DEBUG org.hibernate.loader.plan.build.internal.spaces.QuerySpacesImpl - Adding QuerySpace : uid = <gen:1> -> org.hibernate.loader.plan.build.internal.spaces.EntityQuerySpaceImpl@35c12c7a]
16:39:02.467 [main] DEBUG org.hibernate.persister.walking.spi.MetamodelGraphWalker - Visiting attribute path : product
16:39:02.467 [main] DEBUG org.hibernate.loader.plan.build.internal.spaces.QuerySpacesImpl - Adding QuerySpace : uid = <gen:2> -> org.hibernate.loader.plan.build.internal.spaces.EntityQuerySpaceImpl@658255aa]
16:39:02.467 [main] DEBUG org.hibernate.persister.walking.spi.MetamodelGraphWalker - Visiting attribute path : quantity
16:39:02.467 [main] DEBUG org.hibernate.loader.plan.build.internal.FetchStyleLoadPlanBuildingAssociationVisitationStrategy - Building LoadPlan...
16:39:02.468 [main] DEBUG org.hibernate.loader.plan.exec.internal.LoadQueryJoinAndFetchProcessor - processing queryspace <gen:0>
16:39:02.468 [main] DEBUG org.hibernate.loader.plan.build.spi.LoadPlanTreePrinter - LoadPlan(entity=com.joseph.entity.OrderItem)
    - Returns
       - EntityReturnImpl(entity=com.joseph.entity.OrderItem, querySpaceUid=<gen:0>, path=com.joseph.entity.OrderItem)
          - EntityAttributeFetchImpl(entity=com.joseph.entity.Order, querySpaceUid=<gen:1>, path=com.joseph.entity.OrderItem.order)
          - EntityAttributeFetchImpl(entity=com.joseph.entity.Product, querySpaceUid=<gen:2>, path=com.joseph.entity.OrderItem.product)
    - QuerySpaces
       - EntityQuerySpaceImpl(uid=<gen:0>, entity=com.joseph.entity.OrderItem)
          - SQL table alias mapping - orderitem0_
          - alias suffix - 0_
          - suffixed key columns - {id1_2_0_}

16:39:02.468 [main] DEBUG org.hibernate.loader.entity.plan.EntityLoader - Static select for entity com.joseph.entity.OrderItem [OPTIMISTIC]: select orderitem0_.id as id1_2_0_, orderitem0_.idorder as idorder3_2_0_, orderitem0_.idproduct as idproduc4_2_0_, orderitem0_.quantity as quantity2_2_0_ from orderitems orderitem0_ where orderitem0_.id=?
16:39:02.469 [main] DEBUG org.hibernate.loader.plan.build.internal.spaces.QuerySpacesImpl - Adding QuerySpace : uid = <gen:0> -> org.hibernate.loader.plan.build.internal.spaces.EntityQuerySpaceImpl@25290bca]
16:39:02.469 [main] DEBUG org.hibernate.persister.walking.spi.MetamodelGraphWalker - Visiting attribute path : order
16:39:02.469 [main] DEBUG org.hibernate.loader.plan.build.internal.spaces.QuerySpacesImpl - Adding QuerySpace : uid = <gen:1> -> org.hibernate.loader.plan.build.internal.spaces.EntityQuerySpaceImpl@4ac86d6a]
16:39:02.469 [main] DEBUG org.hibernate.persister.walking.spi.MetamodelGraphWalker - Visiting attribute path : product
16:39:02.469 [main] DEBUG org.hibernate.loader.plan.build.internal.spaces.QuerySpacesImpl - Adding QuerySpace : uid = <gen:2> -> org.hibernate.loader.plan.build.internal.spaces.EntityQuerySpaceImpl@3d904e9c]
16:39:02.469 [main] DEBUG org.hibernate.persister.walking.spi.MetamodelGraphWalker - Visiting attribute path : quantity
16:39:02.469 [main] DEBUG org.hibernate.loader.plan.build.internal.FetchStyleLoadPlanBuildingAssociationVisitationStrategy - Building LoadPlan...
16:39:02.469 [main] DEBUG org.hibernate.loader.plan.exec.internal.LoadQueryJoinAndFetchProcessor - processing queryspace <gen:0>
16:39:02.470 [main] DEBUG org.hibernate.loader.plan.build.spi.LoadPlanTreePrinter - LoadPlan(entity=com.joseph.entity.OrderItem)
    - Returns
       - EntityReturnImpl(entity=com.joseph.entity.OrderItem, querySpaceUid=<gen:0>, path=com.joseph.entity.OrderItem)
          - EntityAttributeFetchImpl(entity=com.joseph.entity.Order, querySpaceUid=<gen:1>, path=com.joseph.entity.OrderItem.order)
          - EntityAttributeFetchImpl(entity=com.joseph.entity.Product, querySpaceUid=<gen:2>, path=com.joseph.entity.OrderItem.product)
    - QuerySpaces
       - EntityQuerySpaceImpl(uid=<gen:0>, entity=com.joseph.entity.OrderItem)
          - SQL table alias mapping - orderitem0_
          - alias suffix - 0_
          - suffixed key columns - {id1_2_0_}

16:39:02.470 [main] DEBUG org.hibernate.loader.entity.plan.EntityLoader - Static select for entity com.joseph.entity.OrderItem [OPTIMISTIC_FORCE_INCREMENT]: select orderitem0_.id as id1_2_0_, orderitem0_.idorder as idorder3_2_0_, orderitem0_.idproduct as idproduc4_2_0_, orderitem0_.quantity as quantity2_2_0_ from orderitems orderitem0_ where orderitem0_.id=?
16:39:02.470 [main] DEBUG org.hibernate.loader.Loader - Static select for action ACTION_MERGE on entity com.joseph.entity.OrderItem: select orderitem0_.id as id1_2_0_, orderitem0_.idorder as idorder3_2_0_, orderitem0_.idproduct as idproduc4_2_0_, orderitem0_.quantity as quantity2_2_0_ from orderitems orderitem0_ where orderitem0_.id=?
16:39:02.470 [main] DEBUG org.hibernate.loader.Loader - Static select for action ACTION_REFRESH on entity com.joseph.entity.OrderItem: select orderitem0_.id as id1_2_0_, orderitem0_.idorder as idorder3_2_0_, orderitem0_.idproduct as idproduc4_2_0_, orderitem0_.quantity as quantity2_2_0_ from orderitems orderitem0_ where orderitem0_.id=?
16:39:02.474 [main] DEBUG org.hibernate.loader.plan.build.internal.spaces.QuerySpacesImpl - Adding QuerySpace : uid = <gen:0> -> org.hibernate.loader.plan.build.internal.spaces.CollectionQuerySpaceImpl@6920614]
16:39:02.475 [main] DEBUG org.hibernate.loader.plan.build.internal.spaces.QuerySpacesImpl - Adding QuerySpace : uid = <gen:1> -> org.hibernate.loader.plan.build.internal.spaces.EntityQuerySpaceImpl@6069dd38]
16:39:02.475 [main] DEBUG org.hibernate.persister.walking.spi.MetamodelGraphWalker - Visiting attribute path : order
16:39:02.476 [main] DEBUG org.hibernate.persister.walking.spi.MetamodelGraphWalker - Property path deemed to be circular : order
16:39:02.476 [main] DEBUG org.hibernate.persister.walking.spi.MetamodelGraphWalker - Visiting attribute path : product
16:39:02.476 [main] DEBUG org.hibernate.loader.plan.build.internal.spaces.QuerySpacesImpl - Adding QuerySpace : uid = <gen:2> -> org.hibernate.loader.plan.build.internal.spaces.EntityQuerySpaceImpl@26dc9bd5]
16:39:02.476 [main] DEBUG org.hibernate.persister.walking.spi.MetamodelGraphWalker - Visiting attribute path : product.nameproduct
16:39:02.476 [main] DEBUG org.hibernate.persister.walking.spi.MetamodelGraphWalker - Visiting attribute path : product.orderItems
16:39:02.476 [main] DEBUG org.hibernate.persister.walking.spi.MetamodelGraphWalker - Property path deemed to be circular : product.orderItems
16:39:02.476 [main] DEBUG org.hibernate.persister.walking.spi.MetamodelGraphWalker - Visiting attribute path : product.priceproduct
16:39:02.476 [main] DEBUG org.hibernate.persister.walking.spi.MetamodelGraphWalker - Visiting attribute path : product.stockproduct
16:39:02.476 [main] DEBUG org.hibernate.persister.walking.spi.MetamodelGraphWalker - Visiting attribute path : quantity
16:39:02.476 [main] DEBUG org.hibernate.loader.plan.build.internal.FetchStyleLoadPlanBuildingAssociationVisitationStrategy - Building LoadPlan...
16:39:02.481 [main] DEBUG org.hibernate.loader.plan.exec.internal.LoadQueryJoinAndFetchProcessor - processing queryspace <gen:0>
16:39:02.481 [main] DEBUG org.hibernate.loader.plan.build.spi.LoadPlanTreePrinter - LoadPlan(collection=com.joseph.entity.Order.orderItems)
    - Returns
       - CollectionReturnImpl(collection=com.joseph.entity.Order.orderItems, querySpaceUid=<gen:0>, path=[com.joseph.entity.Order.orderItems])
          - (collection element) CollectionFetchableElementEntityGraph(entity=com.joseph.entity.OrderItem, querySpaceUid=<gen:1>, path=[com.joseph.entity.Order.orderItems].<elements>)
             - EntityAttributeFetchImpl(entity=com.joseph.entity.Product, querySpaceUid=<gen:2>, path=[com.joseph.entity.Order.orderItems].<elements>.product)
    - QuerySpaces
       - CollectionQuerySpaceImpl(uid=<gen:0>, collection=com.joseph.entity.Order.orderItems)
          - SQL table alias mapping - orderitems0_
          - alias suffix - 0_
          - suffixed key columns - {idorder3_2_0_}
          - entity-element alias suffix - 1_
          - 1_entity-element suffixed key columns - id1_2_1_
          - JOIN (JoinDefinedByMetadata(elements)) : <gen:0> -> <gen:1>
             - EntityQuerySpaceImpl(uid=<gen:1>, entity=com.joseph.entity.OrderItem)
                - SQL table alias mapping - orderitems0_
                - alias suffix - 1_
                - suffixed key columns - {id1_2_1_}
                - JOIN (JoinDefinedByMetadata(product)) : <gen:1> -> <gen:2>
                   - EntityQuerySpaceImpl(uid=<gen:2>, entity=com.joseph.entity.Product)
                      - SQL table alias mapping - product1_
                      - alias suffix - 2_
                      - suffixed key columns - {idproduc1_3_2_}

16:39:02.482 [main] DEBUG org.hibernate.loader.collection.plan.CollectionLoader - Static select for collection com.joseph.entity.Order.orderItems: select orderitems0_.idorder as idorder3_2_0_, orderitems0_.id as id1_2_0_, orderitems0_.id as id1_2_1_, orderitems0_.idorder as idorder3_2_1_, orderitems0_.idproduct as idproduc4_2_1_, orderitems0_.quantity as quantity2_2_1_, product1_.idproduct as idproduc1_3_2_, product1_.nameproduct as nameprod2_3_2_, product1_.priceproduct as pricepro3_3_2_, product1_.stockproduct as stockpro4_3_2_ from orderitems orderitems0_ left outer join Product product1_ on orderitems0_.idproduct=product1_.idproduct where orderitems0_.idorder=?
16:39:02.482 [main] DEBUG org.hibernate.loader.plan.build.internal.spaces.QuerySpacesImpl - Adding QuerySpace : uid = <gen:0> -> org.hibernate.loader.plan.build.internal.spaces.CollectionQuerySpaceImpl@21bd20ee]
16:39:02.482 [main] DEBUG org.hibernate.loader.plan.build.internal.spaces.QuerySpacesImpl - Adding QuerySpace : uid = <gen:1> -> org.hibernate.loader.plan.build.internal.spaces.EntityQuerySpaceImpl@26c47874]
16:39:02.482 [main] DEBUG org.hibernate.persister.walking.spi.MetamodelGraphWalker - Visiting attribute path : order
16:39:02.482 [main] DEBUG org.hibernate.loader.plan.build.internal.spaces.QuerySpacesImpl - Adding QuerySpace : uid = <gen:2> -> org.hibernate.loader.plan.build.internal.spaces.EntityQuerySpaceImpl@60bbacfc]
16:39:02.483 [main] DEBUG org.hibernate.persister.walking.spi.MetamodelGraphWalker - Visiting attribute path : order.client
16:39:02.483 [main] DEBUG org.hibernate.loader.plan.build.internal.spaces.QuerySpacesImpl - Adding QuerySpace : uid = <gen:3> -> org.hibernate.loader.plan.build.internal.spaces.EntityQuerySpaceImpl@255eaa6b]
16:39:02.483 [main] DEBUG org.hibernate.persister.walking.spi.MetamodelGraphWalker - Visiting attribute path : order.client.emailclient
16:39:02.483 [main] DEBUG org.hibernate.persister.walking.spi.MetamodelGraphWalker - Visiting attribute path : order.client.nameclient
16:39:02.483 [main] DEBUG org.hibernate.persister.walking.spi.MetamodelGraphWalker - Visiting attribute path : order.client.orders
16:39:02.483 [main] DEBUG org.hibernate.persister.walking.spi.MetamodelGraphWalker - Property path deemed to be circular : order.client.orders
16:39:02.484 [main] DEBUG org.hibernate.persister.walking.spi.MetamodelGraphWalker - Visiting attribute path : order.dateorder
16:39:02.484 [main] DEBUG org.hibernate.persister.walking.spi.MetamodelGraphWalker - Visiting attribute path : order.orderItems
16:39:02.484 [main] DEBUG org.hibernate.persister.walking.spi.MetamodelGraphWalker - Property path deemed to be circular : order.orderItems
16:39:02.484 [main] DEBUG org.hibernate.persister.walking.spi.MetamodelGraphWalker - Visiting attribute path : order.statusorder
16:39:02.484 [main] DEBUG org.hibernate.persister.walking.spi.MetamodelGraphWalker - Visiting attribute path : order.totalorder
16:39:02.484 [main] DEBUG org.hibernate.persister.walking.spi.MetamodelGraphWalker - Visiting attribute path : product
16:39:02.484 [main] DEBUG org.hibernate.persister.walking.spi.MetamodelGraphWalker - Property path deemed to be circular : product
16:39:02.484 [main] DEBUG org.hibernate.persister.walking.spi.MetamodelGraphWalker - Visiting attribute path : quantity
16:39:02.485 [main] DEBUG org.hibernate.loader.plan.build.internal.FetchStyleLoadPlanBuildingAssociationVisitationStrategy - Building LoadPlan...
16:39:02.486 [main] DEBUG org.hibernate.loader.plan.exec.internal.LoadQueryJoinAndFetchProcessor - processing queryspace <gen:0>
16:39:02.488 [main] DEBUG org.hibernate.loader.plan.build.spi.LoadPlanTreePrinter - LoadPlan(collection=com.joseph.entity.Product.orderItems)
    - Returns
       - CollectionReturnImpl(collection=com.joseph.entity.Product.orderItems, querySpaceUid=<gen:0>, path=[com.joseph.entity.Product.orderItems])
          - (collection element) CollectionFetchableElementEntityGraph(entity=com.joseph.entity.OrderItem, querySpaceUid=<gen:1>, path=[com.joseph.entity.Product.orderItems].<elements>)
             - EntityAttributeFetchImpl(entity=com.joseph.entity.Order, querySpaceUid=<gen:2>, path=[com.joseph.entity.Product.orderItems].<elements>.order)
                - EntityAttributeFetchImpl(entity=com.joseph.entity.Client, querySpaceUid=<gen:3>, path=[com.joseph.entity.Product.orderItems].<elements>.order.client)
    - QuerySpaces
       - CollectionQuerySpaceImpl(uid=<gen:0>, collection=com.joseph.entity.Product.orderItems)
          - SQL table alias mapping - orderitems0_
          - alias suffix - 0_
          - suffixed key columns - {idproduc4_2_0_}
          - entity-element alias suffix - 1_
          - 1_entity-element suffixed key columns - id1_2_1_
          - JOIN (JoinDefinedByMetadata(elements)) : <gen:0> -> <gen:1>
             - EntityQuerySpaceImpl(uid=<gen:1>, entity=com.joseph.entity.OrderItem)
                - SQL table alias mapping - orderitems0_
                - alias suffix - 1_
                - suffixed key columns - {id1_2_1_}
                - JOIN (JoinDefinedByMetadata(order)) : <gen:1> -> <gen:2>
                   - EntityQuerySpaceImpl(uid=<gen:2>, entity=com.joseph.entity.Order)
                      - SQL table alias mapping - order1_
                      - alias suffix - 2_
                      - suffixed key columns - {idorder1_1_2_}
                      - JOIN (JoinDefinedByMetadata(client)) : <gen:2> -> <gen:3>
                         - EntityQuerySpaceImpl(uid=<gen:3>, entity=com.joseph.entity.Client)
                            - SQL table alias mapping - client2_
                            - alias suffix - 3_
                            - suffixed key columns - {idclient1_0_3_}

16:39:02.489 [main] DEBUG org.hibernate.loader.collection.plan.CollectionLoader - Static select for collection com.joseph.entity.Product.orderItems: select orderitems0_.idproduct as idproduc4_2_0_, orderitems0_.id as id1_2_0_, orderitems0_.id as id1_2_1_, orderitems0_.idorder as idorder3_2_1_, orderitems0_.idproduct as idproduc4_2_1_, orderitems0_.quantity as quantity2_2_1_, order1_.idorder as idorder1_1_2_, order1_.idclient as idclient5_1_2_, order1_.dateorder as dateorde2_1_2_, order1_.statusorder as statusor3_1_2_, order1_.totalorder as totalord4_1_2_, client2_.idclient as idclient1_0_3_, client2_.emailclient as emailcli2_0_3_, client2_.nameclient as nameclie3_0_3_ from orderitems orderitems0_ left outer join order_table order1_ on orderitems0_.idorder=order1_.idorder left outer join client client2_ on order1_.idclient=client2_.idclient where orderitems0_.idproduct=?
16:39:02.489 [main] DEBUG org.hibernate.loader.plan.build.internal.spaces.QuerySpacesImpl - Adding QuerySpace : uid = <gen:0> -> org.hibernate.loader.plan.build.internal.spaces.CollectionQuerySpaceImpl@7a0e7ecd]
16:39:02.489 [main] DEBUG org.hibernate.loader.plan.build.internal.spaces.QuerySpacesImpl - Adding QuerySpace : uid = <gen:1> -> org.hibernate.loader.plan.build.internal.spaces.EntityQuerySpaceImpl@54e3658c]
16:39:02.489 [main] DEBUG org.hibernate.persister.walking.spi.MetamodelGraphWalker - Visiting attribute path : client
16:39:02.489 [main] DEBUG org.hibernate.persister.walking.spi.MetamodelGraphWalker - Property path deemed to be circular : client
16:39:02.489 [main] DEBUG org.hibernate.persister.walking.spi.MetamodelGraphWalker - Visiting attribute path : dateorder
16:39:02.489 [main] DEBUG org.hibernate.persister.walking.spi.MetamodelGraphWalker - Visiting attribute path : orderItems
16:39:02.489 [main] DEBUG org.hibernate.loader.plan.build.internal.spaces.QuerySpacesImpl - Adding QuerySpace : uid = <gen:2> -> org.hibernate.loader.plan.build.internal.spaces.CollectionQuerySpaceImpl@352c44a8]
16:39:02.490 [main] DEBUG org.hibernate.loader.plan.build.internal.spaces.QuerySpacesImpl - Adding QuerySpace : uid = <gen:3> -> org.hibernate.loader.plan.build.internal.spaces.EntityQuerySpaceImpl@7aac8884]
16:39:02.490 [main] DEBUG org.hibernate.persister.walking.spi.MetamodelGraphWalker - Visiting attribute path : statusorder
16:39:02.490 [main] DEBUG org.hibernate.persister.walking.spi.MetamodelGraphWalker - Visiting attribute path : totalorder
16:39:02.490 [main] DEBUG org.hibernate.loader.plan.build.internal.FetchStyleLoadPlanBuildingAssociationVisitationStrategy - Building LoadPlan...
16:39:02.491 [main] DEBUG org.hibernate.loader.plan.exec.internal.LoadQueryJoinAndFetchProcessor - processing queryspace <gen:0>
16:39:02.491 [main] DEBUG org.hibernate.loader.plan.build.spi.LoadPlanTreePrinter - LoadPlan(collection=com.joseph.entity.Client.orders)
    - Returns
       - CollectionReturnImpl(collection=com.joseph.entity.Client.orders, querySpaceUid=<gen:0>, path=[com.joseph.entity.Client.orders])
          - (collection element) CollectionFetchableElementEntityGraph(entity=com.joseph.entity.Order, querySpaceUid=<gen:1>, path=[com.joseph.entity.Client.orders].<elements>)
             - CollectionAttributeFetchImpl(collection=com.joseph.entity.Order.orderItems, querySpaceUid=<gen:2>, path=[com.joseph.entity.Client.orders].<elements>.orderItems)
                - (collection element) CollectionFetchableElementEntityGraph(entity=com.joseph.entity.OrderItem, querySpaceUid=<gen:3>, path=[com.joseph.entity.Client.orders].<elements>.orderItems.<elements>)
    - QuerySpaces
       - CollectionQuerySpaceImpl(uid=<gen:0>, collection=com.joseph.entity.Client.orders)
          - SQL table alias mapping - orders0_
          - alias suffix - 0_
          - suffixed key columns - {idclient5_1_0_}
          - entity-element alias suffix - 1_
          - 1_entity-element suffixed key columns - idorder1_1_1_
          - JOIN (JoinDefinedByMetadata(elements)) : <gen:0> -> <gen:1>
             - EntityQuerySpaceImpl(uid=<gen:1>, entity=com.joseph.entity.Order)
                - SQL table alias mapping - orders0_
                - alias suffix - 1_
                - suffixed key columns - {idorder1_1_1_}

16:39:02.492 [main] DEBUG org.hibernate.loader.collection.plan.CollectionLoader - Static select for collection com.joseph.entity.Client.orders: select orders0_.idclient as idclient5_1_0_, orders0_.idorder as idorder1_1_0_, orders0_.idorder as idorder1_1_1_, orders0_.idclient as idclient5_1_1_, orders0_.dateorder as dateorde2_1_1_, orders0_.statusorder as statusor3_1_1_, orders0_.totalorder as totalord4_1_1_ from order_table orders0_ where orders0_.idclient=?
16:39:02.576 [main] DEBUG org.springframework.jdbc.datasource.DriverManagerDataSource - Creating new JDBC DriverManager Connection to [jdbc:mysql://localhost:3306/testcraftcore?useSSL=false&useTimezone=true&serverTimezone=UTC]
16:39:02.620 [main] DEBUG org.hibernate.mapping.Table - No alter strings for table : client
16:39:02.620 [main] DEBUG org.hibernate.mapping.Table - No alter strings for table : order_table
16:39:02.621 [main] DEBUG org.hibernate.mapping.Table - No alter strings for table : orderitems
16:39:02.621 [main] DEBUG org.hibernate.mapping.Table - No alter strings for table : Product
16:39:02.633 [main] DEBUG org.hibernate.SQL - alter table order_table add constraint FKfx79vynhbbaokugk03ha1vye4 foreign key (idclient) references client (idclient)
16:39:02.669 [main] DEBUG org.hibernate.SQL - alter table orderitems add constraint FK42t1tplgy68d8h916ayhxt361 foreign key (idorder) references order_table (idorder)
16:39:02.694 [main] DEBUG org.hibernate.SQL - alter table orderitems add constraint FK7ueivg25n0r3oiq1c9hg73ut2 foreign key (idproduct) references Product (idproduct)
16:39:02.731 [main] DEBUG org.hibernate.engine.transaction.jta.platform.internal.JtaPlatformInitiator - No JtaPlatform was specified, checking resolver
16:39:02.732 [main] DEBUG org.hibernate.engine.transaction.jta.platform.internal.JtaPlatformResolverInitiator - No JtaPlatformResolver was specified, using default [org.hibernate.engine.transaction.jta.platform.internal.StandardJtaPlatformResolver]
16:39:02.739 [main] DEBUG org.hibernate.engine.transaction.jta.platform.internal.StandardJtaPlatformResolver - Could not resolve JtaPlatform, using default [org.hibernate.engine.transaction.jta.platform.internal.NoJtaPlatform]
16:39:02.740 [main] DEBUG org.hibernate.query.spi.NamedQueryRepository - Checking 0 named HQL queries
16:39:02.740 [main] DEBUG org.hibernate.query.spi.NamedQueryRepository - Checking 0 named SQL queries
16:39:02.741 [main] DEBUG org.hibernate.internal.SessionFactoryRegistry - Initializing SessionFactoryRegistry : org.hibernate.internal.SessionFactoryRegistry@74170687
16:39:02.741 [main] DEBUG org.hibernate.internal.SessionFactoryRegistry - Registering SessionFactory: b0f87314-eaf6-4582-90cd-7a02c3ed7a0c (<unnamed>)
16:39:02.741 [main] DEBUG org.hibernate.internal.SessionFactoryRegistry - Not binding SessionFactory to JNDI, no JNDI name configured
16:39:02.741 [main] INFO org.springframework.orm.jpa.LocalContainerEntityManagerFactoryBean - Initialized JPA EntityManagerFactory for persistence unit 'default'
16:39:02.745 [main] DEBUG org.springframework.beans.factory.support.DefaultListableBeanFactory - Creating shared instance of singleton bean 'client'
16:39:02.747 [main] DEBUG org.springframework.beans.factory.support.DefaultListableBeanFactory - Creating shared instance of singleton bean 'order'
16:39:02.748 [main] DEBUG org.springframework.beans.factory.support.DefaultListableBeanFactory - Creating shared instance of singleton bean 'orderItem'
16:39:02.750 [main] DEBUG org.springframework.beans.factory.support.DefaultListableBeanFactory - Creating shared instance of singleton bean 'product'
16:39:02.751 [main] DEBUG org.springframework.beans.factory.support.DefaultListableBeanFactory - Creating shared instance of singleton bean 'clientServiceImpl'
16:39:02.753 [main] DEBUG org.springframework.beans.factory.support.DefaultListableBeanFactory - Creating shared instance of singleton bean 'clientRepository'
16:39:02.825 [main] DEBUG org.springframework.beans.factory.support.DefaultListableBeanFactory - Creating shared instance of singleton bean 'jpaMappingContext'
16:39:02.826 [main] DEBUG org.springframework.data.jpa.repository.config.JpaMetamodelMappingContextFactoryBean - Initializing JpaMetamodelMappingContext…
16:39:02.838 [main] DEBUG org.springframework.data.jpa.repository.config.JpaMetamodelMappingContextFactoryBean - Finished initializing JpaMetamodelMappingContext!
16:39:02.853 [main] DEBUG org.springframework.orm.jpa.SharedEntityManagerCreator$SharedEntityManagerInvocationHandler - Creating new EntityManager for shared EntityManager invocation
16:39:02.995 [main] DEBUG org.hibernate.stat.internal.StatisticsInitiator - Statistics initialized [enabled=false]
16:39:03.006 [main] DEBUG org.springframework.orm.jpa.SharedEntityManagerCreator$SharedEntityManagerInvocationHandler - Creating new EntityManager for shared EntityManager invocation
16:39:03.121 [main] DEBUG org.springframework.data.repository.core.support.RepositoryFactorySupport - Initializing repository instance for com.joseph.repository.ClientRepository…
16:39:03.142 [main] DEBUG org.springframework.orm.jpa.SharedEntityManagerCreator$SharedEntityManagerInvocationHandler - Creating new EntityManager for shared EntityManager invocation
16:39:03.208 [main] DEBUG org.springframework.orm.jpa.SharedEntityManagerCreator$SharedEntityManagerInvocationHandler - Creating new EntityManager for shared EntityManager invocation
16:39:03.217 [main] DEBUG org.springframework.data.repository.core.support.RepositoryFactorySupport - Finished creation of repository instance for com.joseph.repository.ClientRepository.
16:39:03.236 [main] DEBUG org.springframework.beans.factory.support.DefaultListableBeanFactory - Creating shared instance of singleton bean 'orderItemServiceImpl'
16:39:03.237 [main] DEBUG org.springframework.beans.factory.support.DefaultListableBeanFactory - Creating shared instance of singleton bean 'orderItemRepository'
16:39:03.242 [main] DEBUG org.springframework.orm.jpa.SharedEntityManagerCreator$SharedEntityManagerInvocationHandler - Creating new EntityManager for shared EntityManager invocation
16:39:03.243 [main] DEBUG org.springframework.data.repository.core.support.RepositoryFactorySupport - Initializing repository instance for com.joseph.repository.OrderItemRepository…
16:39:03.244 [main] DEBUG org.springframework.orm.jpa.SharedEntityManagerCreator$SharedEntityManagerInvocationHandler - Creating new EntityManager for shared EntityManager invocation
16:39:03.245 [main] DEBUG org.springframework.orm.jpa.SharedEntityManagerCreator$SharedEntityManagerInvocationHandler - Creating new EntityManager for shared EntityManager invocation
16:39:03.259 [main] DEBUG org.springframework.data.jpa.repository.query.JpaQueryFactory - Looking up query for method findByOrder
16:39:03.263 [main] DEBUG org.springframework.data.jpa.repository.query.NamedQuery - Looking up named query OrderItem.findByOrder
16:39:03.267 [main] DEBUG org.springframework.data.jpa.repository.query.NamedQuery - Did not find named query OrderItem.findByOrder
16:39:03.270 [main] DEBUG org.springframework.orm.jpa.SharedEntityManagerCreator$SharedEntityManagerInvocationHandler - Creating new EntityManager for shared EntityManager invocation
16:39:03.333 [main] DEBUG org.springframework.data.jpa.repository.query.JpaQueryFactory - Looking up query for method deleteByOrder
16:39:03.334 [main] DEBUG org.springframework.data.jpa.repository.query.NamedQuery - Looking up named query OrderItem.deleteByOrder
16:39:03.334 [main] DEBUG org.springframework.data.jpa.repository.query.NamedQuery - Did not find named query OrderItem.deleteByOrder
16:39:03.334 [main] DEBUG org.springframework.orm.jpa.SharedEntityManagerCreator$SharedEntityManagerInvocationHandler - Creating new EntityManager for shared EntityManager invocation
16:39:03.337 [main] DEBUG org.springframework.data.repository.core.support.RepositoryFactorySupport - Finished creation of repository instance for com.joseph.repository.OrderItemRepository.
16:39:03.338 [main] DEBUG org.springframework.beans.factory.support.DefaultListableBeanFactory - Creating shared instance of singleton bean 'orderServiceImpl'
16:39:03.339 [main] DEBUG org.springframework.beans.factory.support.DefaultListableBeanFactory - Creating shared instance of singleton bean 'orderRepository'
16:39:03.344 [main] DEBUG org.springframework.orm.jpa.SharedEntityManagerCreator$SharedEntityManagerInvocationHandler - Creating new EntityManager for shared EntityManager invocation
16:39:03.344 [main] DEBUG org.springframework.data.repository.core.support.RepositoryFactorySupport - Initializing repository instance for com.joseph.repository.OrderRepository…
16:39:03.346 [main] DEBUG org.springframework.orm.jpa.SharedEntityManagerCreator$SharedEntityManagerInvocationHandler - Creating new EntityManager for shared EntityManager invocation
16:39:03.347 [main] DEBUG org.springframework.orm.jpa.SharedEntityManagerCreator$SharedEntityManagerInvocationHandler - Creating new EntityManager for shared EntityManager invocation
16:39:03.366 [main] DEBUG org.springframework.data.jpa.repository.query.JpaQueryFactory - Looking up query for method getTotalOrdersBetweenDates
16:39:03.366 [main] DEBUG org.springframework.orm.jpa.SharedEntityManagerCreator$SharedEntityManagerInvocationHandler - Creating new EntityManager for shared EntityManager invocation
16:39:03.384 [main] DEBUG org.hibernate.hql.internal.QueryTranslatorFactoryInitiator - QueryTranslatorFactory : org.hibernate.hql.internal.ast.ASTQueryTranslatorFactory@2ffb3aec
16:39:03.385 [main] INFO org.hibernate.hql.internal.QueryTranslatorFactoryInitiator - HHH000397: Using ASTQueryTranslatorFactory
16:39:03.411 [main] DEBUG org.hibernate.hql.internal.ast.QueryTranslatorImpl - parse() - HQL: SELECT NEW com.joseph.Model.rapportData(o.dateorder, SUM(o.totalorder)) FROM com.joseph.entity.Order o WHERE o.dateorder BETWEEN :startDate AND :endDate GROUP BY o.dateorder ORDER BY o.dateorder
16:39:03.415 [main] DEBUG org.hibernate.hql.internal.ast.HqlParser - weakKeywords() : new LT(1) token - ["Order",<108> previously: <41>,line=1,col=96,possibleID=true]
16:39:03.420 [main] DEBUG org.hibernate.hql.internal.ast.ErrorCounter - throwQueryException() : no errors
16:39:03.423 [main] DEBUG org.hibernate.hql.internal.ast.QueryTranslatorImpl - --- HQL AST ---
 \-[QUERY] Node: 'query'
    +-[SELECT_FROM] Node: 'SELECT_FROM'
    |  +-[FROM] Node: 'FROM'
    |  |  \-[RANGE] Node: 'RANGE'
    |  |     +-[DOT] Node: '.'
    |  |     |  +-[DOT] Node: '.'
    |  |     |  |  +-[DOT] Node: '.'
    |  |     |  |  |  +-[IDENT] Node: 'com'
    |  |     |  |  |  \-[IDENT] Node: 'joseph'
    |  |     |  |  \-[IDENT] Node: 'entity'
    |  |     |  \-[IDENT] Node: 'Order'
    |  |     \-[ALIAS] Node: 'o'
    |  \-[SELECT] Node: 'SELECT'
    |     \-[CONSTRUCTOR] Node: '('
    |        +-[DOT] Node: '.'
    |        |  +-[DOT] Node: '.'
    |        |  |  +-[DOT] Node: '.'
    |        |  |  |  +-[IDENT] Node: 'com'
    |        |  |  |  \-[IDENT] Node: 'joseph'
    |        |  |  \-[IDENT] Node: 'Model'
    |        |  \-[IDENT] Node: 'rapportData'
    |        +-[DOT] Node: '.'
    |        |  +-[IDENT] Node: 'o'
    |        |  \-[IDENT] Node: 'dateorder'
    |        \-[AGGREGATE] Node: 'SUM'
    |           \-[DOT] Node: '.'
    |              +-[IDENT] Node: 'o'
    |              \-[IDENT] Node: 'totalorder'
    +-[WHERE] Node: 'WHERE'
    |  \-[BETWEEN] Node: 'between'
    |     +-[DOT] Node: '.'
    |     |  +-[IDENT] Node: 'o'
    |     |  \-[IDENT] Node: 'dateorder'
    |     +-[COLON] Node: ':'
    |     |  \-[IDENT] Node: 'startDate'
    |     \-[COLON] Node: ':'
    |        \-[IDENT] Node: 'endDate'
    +-[GROUP] Node: 'GROUP'
    |  \-[DOT] Node: '.'
    |     +-[IDENT] Node: 'o'
    |     \-[IDENT] Node: 'dateorder'
    \-[ORDER] Node: 'ORDER'
       \-[DOT] Node: '.'
          +-[IDENT] Node: 'o'
          \-[IDENT] Node: 'dateorder'

16:39:03.445 [main] DEBUG org.hibernate.hql.internal.antlr.HqlSqlBaseWalker - select << begin [level=1, statement=select]
16:39:03.462 [main] DEBUG org.hibernate.hql.internal.ast.tree.FromElement - FromClause{level=1} : com.joseph.entity.Order (o) -> order0_
16:39:03.465 [main] DEBUG org.hibernate.hql.internal.ast.tree.FromReferenceNode - Resolved : o -> order0_.idorder
16:39:03.467 [main] DEBUG org.hibernate.hql.internal.ast.tree.DotNode - getDataType() : dateorder -> org.hibernate.type.LocalDateType@617fe9e1
16:39:03.468 [main] DEBUG org.hibernate.hql.internal.ast.tree.FromReferenceNode - Resolved : o.dateorder -> order0_.dateorder
16:39:03.471 [main] DEBUG org.hibernate.hql.internal.ast.tree.FromReferenceNode - Resolved : o -> order0_.idorder
16:39:03.471 [main] DEBUG org.hibernate.hql.internal.ast.tree.DotNode - getDataType() : totalorder -> org.hibernate.type.DoubleType@18cc679e
16:39:03.471 [main] DEBUG org.hibernate.hql.internal.ast.tree.FromReferenceNode - Resolved : o.totalorder -> order0_.totalorder
16:39:03.474 [main] DEBUG org.hibernate.hql.internal.ast.tree.FromReferenceNode - Resolved : o -> order0_.idorder
16:39:03.474 [main] DEBUG org.hibernate.hql.internal.ast.tree.DotNode - getDataType() : dateorder -> org.hibernate.type.LocalDateType@617fe9e1
16:39:03.474 [main] DEBUG org.hibernate.hql.internal.ast.tree.FromReferenceNode - Resolved : o.dateorder -> order0_.dateorder
16:39:03.478 [main] DEBUG org.hibernate.hql.internal.ast.tree.FromReferenceNode - Resolved : o -> order0_.idorder
16:39:03.478 [main] DEBUG org.hibernate.hql.internal.ast.tree.DotNode - getDataType() : dateorder -> org.hibernate.type.LocalDateType@617fe9e1
16:39:03.478 [main] DEBUG org.hibernate.hql.internal.ast.tree.FromReferenceNode - Resolved : o.dateorder -> order0_.dateorder
16:39:03.479 [main] DEBUG org.hibernate.hql.internal.ast.tree.FromReferenceNode - Resolved : o -> order0_.idorder
16:39:03.479 [main] DEBUG org.hibernate.hql.internal.ast.tree.DotNode - getDataType() : dateorder -> org.hibernate.type.LocalDateType@617fe9e1
16:39:03.479 [main] DEBUG org.hibernate.hql.internal.ast.tree.FromReferenceNode - Resolved : o.dateorder -> order0_.dateorder
16:39:03.479 [main] DEBUG org.hibernate.hql.internal.antlr.HqlSqlBaseWalker - select : finishing up [level=1, statement=select]
16:39:03.480 [main] DEBUG org.hibernate.hql.internal.ast.HqlSqlWalker - processQuery() :  ( SELECT ( {select clause} ( ( ( . ( . ( . com joseph ) Model ) rapportData ) ( order0_.dateorder order0_.idorder dateorder ) ( SUM ( order0_.totalorder order0_.idorder totalorder ) ) ) ) ( FromClause{level=1} order_table order0_ ) ( WHERE ( between ( order0_.dateorder order0_.idorder dateorder ) ? ? ) ) ( GROUP ( order0_.dateorder order0_.idorder dateorder ) ) ( ORDER ( order0_.dateorder order0_.idorder dateorder ) ) )
16:39:03.491 [main] DEBUG org.hibernate.hql.internal.ast.util.JoinProcessor - Using FROM fragment [order_table order0_]
16:39:03.491 [main] DEBUG org.hibernate.hql.internal.antlr.HqlSqlBaseWalker - select >> end [level=1, statement=select]
16:39:03.492 [main] DEBUG org.hibernate.hql.internal.ast.QueryTranslatorImpl - --- SQL AST ---
 \-[SELECT] QueryNode: 'SELECT'  querySpaces (order_table)
    +-[SELECT_CLAUSE] SelectClause: '{select clause}'
    |  \-[CONSTRUCTOR] ConstructorNode: '('
    |     +-[DOT] DotNode: '.' {propertyName=null,dereferenceType=UNKNOWN,getPropertyPath=null,path=com.joseph.Model.rapportData,no from element}
    |     |  +-[DOT] DotNode: '.' {propertyName=null,dereferenceType=UNKNOWN,getPropertyPath=null,path=com.joseph.Model,no from element}
    |     |  |  +-[DOT] DotNode: '.' {propertyName=null,dereferenceType=UNKNOWN,getPropertyPath=null,path=com.joseph,no from element}
    |     |  |  |  +-[IDENT] IdentNode: 'com' {originalText=com}
    |     |  |  |  \-[IDENT] IdentNode: 'joseph' {originalText=joseph}
    |     |  |  \-[IDENT] IdentNode: 'Model' {originalText=Model}
    |     |  \-[IDENT] IdentNode: 'rapportData' {originalText=rapportData}
    |     +-[DOT] DotNode: 'order0_.dateorder' {propertyName=dateorder,dereferenceType=PRIMITIVE,getPropertyPath=dateorder,path=o.dateorder,tableAlias=order0_,className=com.joseph.entity.Order,classAlias=o}
    |     |  +-[ALIAS_REF] IdentNode: 'order0_.idorder' {alias=o, className=com.joseph.entity.Order, tableAlias=order0_}
    |     |  \-[IDENT] IdentNode: 'dateorder' {originalText=dateorder}
    |     +-[SELECT_COLUMNS] SqlNode: ' as col_0_0_'
    |     +-[AGGREGATE] AggregateNode: 'SUM'
    |     |  \-[DOT] DotNode: 'order0_.totalorder' {propertyName=totalorder,dereferenceType=PRIMITIVE,getPropertyPath=totalorder,path=o.totalorder,tableAlias=order0_,className=com.joseph.entity.Order,classAlias=o}
    |     |     +-[ALIAS_REF] IdentNode: 'order0_.idorder' {alias=o, className=com.joseph.entity.Order, tableAlias=order0_}
    |     |     \-[IDENT] IdentNode: 'totalorder' {originalText=totalorder}
    |     \-[SELECT_COLUMNS] SqlNode: ' as col_1_0_'
    +-[FROM] FromClause: 'FROM' FromClause{level=1, fromElementCounter=1, fromElements=1, fromElementByClassAlias=[o], fromElementByTableAlias=[order0_], fromElementsByPath=[], collectionJoinFromElementsByPath=[], impliedElements=[]}
    |  \-[FROM_FRAGMENT] FromElement: 'order_table order0_' FromElement{explicit,not a collection join,not a fetch join,fetch non-lazy properties,classAlias=o,role=null,tableName=order_table,tableAlias=order0_,origin=null,columns={,className=com.joseph.entity.Order}}
    +-[WHERE] SqlNode: 'WHERE'
    |  \-[BETWEEN] BetweenOperatorNode: 'between'
    |     +-[DOT] DotNode: 'order0_.dateorder' {propertyName=dateorder,dereferenceType=PRIMITIVE,getPropertyPath=dateorder,path=o.dateorder,tableAlias=order0_,className=com.joseph.entity.Order,classAlias=o}
    |     |  +-[ALIAS_REF] IdentNode: 'order0_.idorder' {alias=o, className=com.joseph.entity.Order, tableAlias=order0_}
    |     |  \-[IDENT] IdentNode: 'dateorder' {originalText=dateorder}
    |     +-[NAMED_PARAM] ParameterNode: '?' {name=startDate, expectedType=org.hibernate.type.LocalDateType@617fe9e1}
    |     \-[NAMED_PARAM] ParameterNode: '?' {name=endDate, expectedType=org.hibernate.type.LocalDateType@617fe9e1}
    +-[GROUP] SqlNode: 'GROUP'
    |  \-[DOT] DotNode: 'order0_.dateorder' {propertyName=dateorder,dereferenceType=PRIMITIVE,getPropertyPath=dateorder,path=o.dateorder,tableAlias=order0_,className=com.joseph.entity.Order,classAlias=o}
    |     +-[ALIAS_REF] IdentNode: 'order0_.idorder' {alias=o, className=com.joseph.entity.Order, tableAlias=order0_}
    |     \-[IDENT] IdentNode: 'dateorder' {originalText=dateorder}
    \-[ORDER] OrderByClause: 'ORDER'
       \-[DOT] DotNode: 'order0_.dateorder' {propertyName=dateorder,dereferenceType=PRIMITIVE,getPropertyPath=dateorder,path=o.dateorder,tableAlias=order0_,className=com.joseph.entity.Order,classAlias=o}
          +-[ALIAS_REF] IdentNode: 'order0_.idorder' {alias=o, className=com.joseph.entity.Order, tableAlias=order0_}
          \-[IDENT] IdentNode: 'dateorder' {originalText=dateorder}

16:39:03.492 [main] DEBUG org.hibernate.hql.internal.ast.ErrorCounter - throwQueryException() : no errors
16:39:03.508 [main] DEBUG org.hibernate.hql.internal.ast.QueryTranslatorImpl - HQL: SELECT NEW com.joseph.Model.rapportData(o.dateorder, SUM(o.totalorder)) FROM com.joseph.entity.Order o WHERE o.dateorder BETWEEN :startDate AND :endDate GROUP BY o.dateorder ORDER BY o.dateorder
16:39:03.509 [main] DEBUG org.hibernate.hql.internal.ast.QueryTranslatorImpl - SQL: select order0_.dateorder as col_0_0_, sum(order0_.totalorder) as col_1_0_ from order_table order0_ where order0_.dateorder between ? and ? group by order0_.dateorder order by order0_.dateorder
16:39:03.509 [main] DEBUG org.hibernate.hql.internal.ast.ErrorCounter - throwQueryException() : no errors
16:39:03.529 [main] DEBUG org.springframework.data.repository.core.support.RepositoryFactorySupport - Finished creation of repository instance for com.joseph.repository.OrderRepository.
16:39:03.542 [main] DEBUG org.springframework.beans.factory.support.DefaultListableBeanFactory - Creating shared instance of singleton bean 'productServiceImpl'
16:39:03.545 [main] DEBUG org.springframework.beans.factory.support.DefaultListableBeanFactory - Creating shared instance of singleton bean 'productRepository'
16:39:03.557 [main] DEBUG org.springframework.orm.jpa.SharedEntityManagerCreator$SharedEntityManagerInvocationHandler - Creating new EntityManager for shared EntityManager invocation
16:39:03.558 [main] DEBUG org.springframework.data.repository.core.support.RepositoryFactorySupport - Initializing repository instance for com.joseph.repository.ProductRepository…
16:39:03.559 [main] DEBUG org.springframework.orm.jpa.SharedEntityManagerCreator$SharedEntityManagerInvocationHandler - Creating new EntityManager for shared EntityManager invocation
16:39:03.560 [main] DEBUG org.springframework.orm.jpa.SharedEntityManagerCreator$SharedEntityManagerInvocationHandler - Creating new EntityManager for shared EntityManager invocation
16:39:03.564 [main] DEBUG org.springframework.data.jpa.repository.query.JpaQueryFactory - Looking up query for method findByNameproduct
16:39:03.565 [main] DEBUG org.springframework.data.jpa.repository.query.NamedQuery - Looking up named query Product.findByNameproduct
16:39:03.566 [main] DEBUG org.springframework.data.jpa.repository.query.NamedQuery - Did not find named query Product.findByNameproduct
16:39:03.566 [main] DEBUG org.springframework.orm.jpa.SharedEntityManagerCreator$SharedEntityManagerInvocationHandler - Creating new EntityManager for shared EntityManager invocation
16:39:03.571 [main] DEBUG org.springframework.data.repository.core.support.RepositoryFactorySupport - Finished creation of repository instance for com.joseph.repository.ProductRepository.
16:39:03.580 [main] DEBUG org.springframework.beans.factory.support.DefaultListableBeanFactory - Creating shared instance of singleton bean 'clientController'
16:39:03.586 [main] DEBUG org.springframework.beans.factory.support.DefaultListableBeanFactory - Creating shared instance of singleton bean 'helloController'
16:39:03.588 [main] DEBUG org.springframework.beans.factory.support.DefaultListableBeanFactory - Creating shared instance of singleton bean 'orderController'
16:39:03.595 [main] DEBUG org.springframework.beans.factory.support.DefaultListableBeanFactory - Creating shared instance of singleton bean 'productController'
16:39:03.597 [main] DEBUG org.springframework.beans.factory.support.DefaultListableBeanFactory - Creating shared instance of singleton bean 'transactionManager'
16:39:03.599 [main] DEBUG org.springframework.beans.factory.support.DefaultListableBeanFactory - Autowiring by type from bean name 'transactionManager' via factory method to bean named 'entityManagerFactory'
16:39:03.625 [main] DEBUG org.springframework.test.context.cache.DefaultCacheAwareContextLoaderDelegate - Storing ApplicationContext [270056930] in cache under key [[MergedContextConfiguration@3c3d9b6b testClass = ClientServiceImplTest, locations = '{}', classes = '{class com.joseph.config.PersistenceJPAConfig}', contextInitializerClasses = '[]', activeProfiles = '{}', propertySourceLocations = '{}', propertySourceProperties = '{}', contextCustomizers = set[[empty]], contextLoader = 'org.springframework.test.context.support.DelegatingSmartContextLoader', parent = [null]]]
16:39:03.625 [main] DEBUG org.springframework.test.context.cache - Spring test ApplicationContext cache statistics: [DefaultContextCache@65bb6275 size = 1, maxSize = 32, parentContextCount = 0, hitCount = 0, missCount = 1]
16:39:03.630 [main] DEBUG org.springframework.test.context.cache.DefaultCacheAwareContextLoaderDelegate - Retrieved ApplicationContext [270056930] from cache with key [[MergedContextConfiguration@3c3d9b6b testClass = ClientServiceImplTest, locations = '{}', classes = '{class com.joseph.config.PersistenceJPAConfig}', contextInitializerClasses = '[]', activeProfiles = '{}', propertySourceLocations = '{}', propertySourceProperties = '{}', contextCustomizers = set[[empty]], contextLoader = 'org.springframework.test.context.support.DelegatingSmartContextLoader', parent = [null]]]
16:39:03.630 [main] DEBUG org.springframework.test.context.cache - Spring test ApplicationContext cache statistics: [DefaultContextCache@65bb6275 size = 1, maxSize = 32, parentContextCount = 0, hitCount = 1, missCount = 1]
16:39:03.657 [main] DEBUG org.springframework.test.context.support.AbstractDirtiesContextTestExecutionListener - Before test method: context [DefaultTestContext@158a8276 testClass = ClientServiceImplTest, testInstance = com.joseph.service.Impl.ClientServiceImplTest@63070bab, testMethod = testDeleteClient@ClientServiceImplTest, testException = [null], mergedContextConfiguration = [MergedContextConfiguration@3c3d9b6b testClass = ClientServiceImplTest, locations = '{}', classes = '{class com.joseph.config.PersistenceJPAConfig}', contextInitializerClasses = '[]', activeProfiles = '{}', propertySourceLocations = '{}', propertySourceProperties = '{}', contextCustomizers = set[[empty]], contextLoader = 'org.springframework.test.context.support.DelegatingSmartContextLoader', parent = [null]], attributes = map[[empty]]], class annotated with @DirtiesContext [false] with mode [null], method annotated with @DirtiesContext [false] with mode [null].
16:39:03.664 [main] DEBUG org.springframework.test.context.transaction.TransactionalTestExecutionListener - Explicit transaction definition [PROPAGATION_REQUIRED,ISOLATION_DEFAULT] found for test context [DefaultTestContext@158a8276 testClass = ClientServiceImplTest, testInstance = com.joseph.service.Impl.ClientServiceImplTest@63070bab, testMethod = testDeleteClient@ClientServiceImplTest, testException = [null], mergedContextConfiguration = [MergedContextConfiguration@3c3d9b6b testClass = ClientServiceImplTest, locations = '{}', classes = '{class com.joseph.config.PersistenceJPAConfig}', contextInitializerClasses = '[]', activeProfiles = '{}', propertySourceLocations = '{}', propertySourceProperties = '{}', contextCustomizers = set[[empty]], contextLoader = 'org.springframework.test.context.support.DelegatingSmartContextLoader', parent = [null]], attributes = map[[empty]]]
16:39:03.664 [main] DEBUG org.springframework.test.context.cache.DefaultCacheAwareContextLoaderDelegate - Retrieved ApplicationContext [270056930] from cache with key [[MergedContextConfiguration@3c3d9b6b testClass = ClientServiceImplTest, locations = '{}', classes = '{class com.joseph.config.PersistenceJPAConfig}', contextInitializerClasses = '[]', activeProfiles = '{}', propertySourceLocations = '{}', propertySourceProperties = '{}', contextCustomizers = set[[empty]], contextLoader = 'org.springframework.test.context.support.DelegatingSmartContextLoader', parent = [null]]]
16:39:03.665 [main] DEBUG org.springframework.test.context.cache - Spring test ApplicationContext cache statistics: [DefaultContextCache@65bb6275 size = 1, maxSize = 32, parentContextCount = 0, hitCount = 2, missCount = 1]
16:39:03.668 [main] DEBUG org.springframework.test.context.transaction.TransactionalTestExecutionListener - No method-level @Rollback override: using default rollback [true] for test context [DefaultTestContext@158a8276 testClass = ClientServiceImplTest, testInstance = com.joseph.service.Impl.ClientServiceImplTest@63070bab, testMethod = testDeleteClient@ClientServiceImplTest, testException = [null], mergedContextConfiguration = [MergedContextConfiguration@3c3d9b6b testClass = ClientServiceImplTest, locations = '{}', classes = '{class com.joseph.config.PersistenceJPAConfig}', contextInitializerClasses = '[]', activeProfiles = '{}', propertySourceLocations = '{}', propertySourceProperties = '{}', contextCustomizers = set[[empty]], contextLoader = 'org.springframework.test.context.support.DelegatingSmartContextLoader', parent = [null]], attributes = map[[empty]]].
16:39:03.671 [main] DEBUG org.springframework.orm.jpa.JpaTransactionManager - Creating new transaction with name [com.joseph.service.Impl.ClientServiceImplTest.testDeleteClient]: PROPAGATION_REQUIRED,ISOLATION_DEFAULT
16:39:03.671 [main] DEBUG org.springframework.orm.jpa.JpaTransactionManager - Opened new EntityManager [SessionImpl(PersistenceContext[entityKeys=[],collectionKeys=[]];ActionQueue[insertions=ExecutableList{size=0} updates=ExecutableList{size=0} deletions=ExecutableList{size=0} orphanRemovals=ExecutableList{size=0} collectionCreations=ExecutableList{size=0} collectionRemovals=ExecutableList{size=0} collectionUpdates=ExecutableList{size=0} collectionQueuedOps=ExecutableList{size=0} unresolvedInsertDependencies=null])] for JPA transaction
16:39:03.674 [main] DEBUG org.hibernate.engine.transaction.internal.TransactionImpl - begin
16:39:03.674 [main] DEBUG org.springframework.jdbc.datasource.DriverManagerDataSource - Creating new JDBC DriverManager Connection to [jdbc:mysql://localhost:3306/testcraftcore?useSSL=false&useTimezone=true&serverTimezone=UTC]
16:39:03.680 [main] DEBUG org.springframework.orm.jpa.JpaTransactionManager - Exposing JPA transaction as JDBC [org.springframework.orm.jpa.vendor.HibernateJpaDialect$HibernateConnectionHandle@7a2ab862]
16:39:03.680 [main] INFO org.springframework.test.context.transaction.TransactionContext - Began transaction (1) for test context [DefaultTestContext@158a8276 testClass = ClientServiceImplTest, testInstance = com.joseph.service.Impl.ClientServiceImplTest@63070bab, testMethod = testDeleteClient@ClientServiceImplTest, testException = [null], mergedContextConfiguration = [MergedContextConfiguration@3c3d9b6b testClass = ClientServiceImplTest, locations = '{}', classes = '{class com.joseph.config.PersistenceJPAConfig}', contextInitializerClasses = '[]', activeProfiles = '{}', propertySourceLocations = '{}', propertySourceProperties = '{}', contextCustomizers = set[[empty]], contextLoader = 'org.springframework.test.context.support.DelegatingSmartContextLoader', parent = [null]], attributes = map[[empty]]]; transaction manager [org.springframework.orm.jpa.JpaTransactionManager@58a2d9f9]; rollback [true]
16:39:03.686 [main] DEBUG org.springframework.test.context.cache.DefaultCacheAwareContextLoaderDelegate - Retrieved ApplicationContext [270056930] from cache with key [[MergedContextConfiguration@3c3d9b6b testClass = ClientServiceImplTest, locations = '{}', classes = '{class com.joseph.config.PersistenceJPAConfig}', contextInitializerClasses = '[]', activeProfiles = '{}', propertySourceLocations = '{}', propertySourceProperties = '{}', contextCustomizers = set[[empty]], contextLoader = 'org.springframework.test.context.support.DelegatingSmartContextLoader', parent = [null]]]
16:39:03.686 [main] DEBUG org.springframework.test.context.cache - Spring test ApplicationContext cache statistics: [DefaultContextCache@65bb6275 size = 1, maxSize = 32, parentContextCount = 0, hitCount = 3, missCount = 1]
16:39:03.698 [main] DEBUG org.springframework.data.repository.core.support.TransactionalRepositoryProxyPostProcessor$CustomAnnotationTransactionAttributeSource - Adding transactional method 'deleteAll' with attribute: PROPAGATION_REQUIRED,ISOLATION_DEFAULT
16:39:03.702 [main] DEBUG org.springframework.orm.jpa.JpaTransactionManager - Found thread-bound EntityManager [SessionImpl(PersistenceContext[entityKeys=[],collectionKeys=[]];ActionQueue[insertions=ExecutableList{size=0} updates=ExecutableList{size=0} deletions=ExecutableList{size=0} orphanRemovals=ExecutableList{size=0} collectionCreations=ExecutableList{size=0} collectionRemovals=ExecutableList{size=0} collectionUpdates=ExecutableList{size=0} collectionQueuedOps=ExecutableList{size=0} unresolvedInsertDependencies=null])] for JPA transaction
16:39:03.702 [main] DEBUG org.springframework.orm.jpa.JpaTransactionManager - Participating in existing transaction
16:39:03.709 [main] DEBUG org.hibernate.query.criteria.internal.CriteriaQueryImpl - Rendered criteria query -> select generatedAlias0 from Client as generatedAlias0
16:39:03.711 [main] DEBUG org.hibernate.hql.internal.ast.QueryTranslatorImpl - parse() - HQL: select generatedAlias0 from com.joseph.entity.Client as generatedAlias0
16:39:03.712 [main] DEBUG org.hibernate.hql.internal.ast.ErrorCounter - throwQueryException() : no errors
16:39:03.712 [main] DEBUG org.hibernate.hql.internal.ast.QueryTranslatorImpl - --- HQL AST ---
 \-[QUERY] Node: 'query'
    \-[SELECT_FROM] Node: 'SELECT_FROM'
       +-[FROM] Node: 'from'
       |  \-[RANGE] Node: 'RANGE'
       |     +-[DOT] Node: '.'
       |     |  +-[DOT] Node: '.'
       |     |  |  +-[DOT] Node: '.'
       |     |  |  |  +-[IDENT] Node: 'com'
       |     |  |  |  \-[IDENT] Node: 'joseph'
       |     |  |  \-[IDENT] Node: 'entity'
       |     |  \-[IDENT] Node: 'Client'
       |     \-[ALIAS] Node: 'generatedAlias0'
       \-[SELECT] Node: 'select'
          \-[IDENT] Node: 'generatedAlias0'

16:39:03.712 [main] DEBUG org.hibernate.hql.internal.antlr.HqlSqlBaseWalker - select << begin [level=1, statement=select]
16:39:03.712 [main] DEBUG org.hibernate.hql.internal.ast.tree.FromElement - FromClause{level=1} : com.joseph.entity.Client (generatedAlias0) -> client0_
16:39:03.712 [main] DEBUG org.hibernate.hql.internal.ast.tree.FromReferenceNode - Resolved : generatedAlias0 -> client0_.idclient
16:39:03.712 [main] DEBUG org.hibernate.hql.internal.antlr.HqlSqlBaseWalker - select : finishing up [level=1, statement=select]
16:39:03.713 [main] DEBUG org.hibernate.hql.internal.ast.HqlSqlWalker - processQuery() :  ( SELECT ( {select clause} client0_.idclient ) ( FromClause{level=1} client client0_ ) )
16:39:03.716 [main] DEBUG org.hibernate.hql.internal.ast.util.JoinProcessor - Using FROM fragment [client client0_]
16:39:03.716 [main] DEBUG org.hibernate.hql.internal.antlr.HqlSqlBaseWalker - select >> end [level=1, statement=select]
16:39:03.717 [main] DEBUG org.hibernate.hql.internal.ast.QueryTranslatorImpl - --- SQL AST ---
 \-[SELECT] QueryNode: 'SELECT'  querySpaces (client)
    +-[SELECT_CLAUSE] SelectClause: '{select clause}'
    |  +-[ALIAS_REF] IdentNode: 'client0_.idclient as idclient1_0_' {alias=generatedAlias0, className=com.joseph.entity.Client, tableAlias=client0_}
    |  \-[SQL_TOKEN] SqlFragment: 'client0_.emailclient as emailcli2_0_, client0_.nameclient as nameclie3_0_'
    \-[FROM] FromClause: 'from' FromClause{level=1, fromElementCounter=1, fromElements=1, fromElementByClassAlias=[generatedAlias0], fromElementByTableAlias=[client0_], fromElementsByPath=[], collectionJoinFromElementsByPath=[], impliedElements=[]}
       \-[FROM_FRAGMENT] FromElement: 'client client0_' FromElement{explicit,not a collection join,not a fetch join,fetch non-lazy properties,classAlias=generatedAlias0,role=null,tableName=client,tableAlias=client0_,origin=null,columns={,className=com.joseph.entity.Client}}

16:39:03.717 [main] DEBUG org.hibernate.hql.internal.ast.ErrorCounter - throwQueryException() : no errors
16:39:03.717 [main] DEBUG org.hibernate.hql.internal.ast.QueryTranslatorImpl - HQL: select generatedAlias0 from com.joseph.entity.Client as generatedAlias0
16:39:03.717 [main] DEBUG org.hibernate.hql.internal.ast.QueryTranslatorImpl - SQL: select client0_.idclient as idclient1_0_, client0_.emailclient as emailcli2_0_, client0_.nameclient as nameclie3_0_ from client client0_
16:39:03.717 [main] DEBUG org.hibernate.hql.internal.ast.ErrorCounter - throwQueryException() : no errors
16:39:03.735 [main] DEBUG org.hibernate.SQL - select client0_.idclient as idclient1_0_, client0_.emailclient as emailcli2_0_, client0_.nameclient as nameclie3_0_ from client client0_
16:39:03.751 [main] DEBUG org.springframework.data.repository.core.support.TransactionalRepositoryProxyPostProcessor$CustomAnnotationTransactionAttributeSource - Adding transactional method 'save' with attribute: PROPAGATION_REQUIRED,ISOLATION_DEFAULT
16:39:03.751 [main] DEBUG org.springframework.orm.jpa.JpaTransactionManager - Found thread-bound EntityManager [SessionImpl(PersistenceContext[entityKeys=[],collectionKeys=[]];ActionQueue[insertions=ExecutableList{size=0} updates=ExecutableList{size=0} deletions=ExecutableList{size=0} orphanRemovals=ExecutableList{size=0} collectionCreations=ExecutableList{size=0} collectionRemovals=ExecutableList{size=0} collectionUpdates=ExecutableList{size=0} collectionQueuedOps=ExecutableList{size=0} unresolvedInsertDependencies=null])] for JPA transaction
16:39:03.751 [main] DEBUG org.springframework.orm.jpa.JpaTransactionManager - Participating in existing transaction
16:39:03.794 [main] DEBUG org.hibernate.engine.spi.ActionQueue - Executing identity-insert immediately
16:39:03.796 [main] DEBUG org.hibernate.SQL - insert into client (emailclient, nameclient) values (?, ?)
16:39:03.800 [main] DEBUG org.hibernate.id.IdentifierGeneratorHelper - Natively generated identity: 113
16:39:03.800 [main] DEBUG org.hibernate.resource.jdbc.internal.ResourceRegistryStandardImpl - HHH000387: ResultSet's statement was not registered
16:39:03.806 [main] DEBUG org.springframework.orm.jpa.JpaTransactionManager - Found thread-bound EntityManager [SessionImpl(PersistenceContext[entityKeys=[EntityKey[com.joseph.entity.Client#113]],collectionKeys=[]];ActionQueue[insertions=ExecutableList{size=0} updates=ExecutableList{size=0} deletions=ExecutableList{size=0} orphanRemovals=ExecutableList{size=0} collectionCreations=ExecutableList{size=0} collectionRemovals=ExecutableList{size=0} collectionUpdates=ExecutableList{size=0} collectionQueuedOps=ExecutableList{size=0} unresolvedInsertDependencies=null])] for JPA transaction
16:39:03.806 [main] DEBUG org.springframework.orm.jpa.JpaTransactionManager - Participating in existing transaction
16:39:03.806 [main] DEBUG org.hibernate.engine.spi.ActionQueue - Executing identity-insert immediately
16:39:03.806 [main] DEBUG org.hibernate.SQL - insert into client (emailclient, nameclient) values (?, ?)
16:39:03.807 [main] DEBUG org.hibernate.id.IdentifierGeneratorHelper - Natively generated identity: 114
16:39:03.807 [main] DEBUG org.hibernate.resource.jdbc.internal.ResourceRegistryStandardImpl - HHH000387: ResultSet's statement was not registered
16:39:03.807 [main] DEBUG org.springframework.orm.jpa.JpaTransactionManager - Found thread-bound EntityManager [SessionImpl(PersistenceContext[entityKeys=[EntityKey[com.joseph.entity.Client#114], EntityKey[com.joseph.entity.Client#113]],collectionKeys=[]];ActionQueue[insertions=ExecutableList{size=0} updates=ExecutableList{size=0} deletions=ExecutableList{size=0} orphanRemovals=ExecutableList{size=0} collectionCreations=ExecutableList{size=0} collectionRemovals=ExecutableList{size=0} collectionUpdates=ExecutableList{size=0} collectionQueuedOps=ExecutableList{size=0} unresolvedInsertDependencies=null])] for JPA transaction
16:39:03.807 [main] DEBUG org.springframework.orm.jpa.JpaTransactionManager - Participating in existing transaction
16:39:03.808 [main] DEBUG org.hibernate.engine.spi.ActionQueue - Executing identity-insert immediately
16:39:03.808 [main] DEBUG org.hibernate.SQL - insert into client (emailclient, nameclient) values (?, ?)
16:39:03.809 [main] DEBUG org.hibernate.id.IdentifierGeneratorHelper - Natively generated identity: 115
16:39:03.809 [main] DEBUG org.hibernate.resource.jdbc.internal.ResourceRegistryStandardImpl - HHH000387: ResultSet's statement was not registered
16:39:03.810 [main] DEBUG org.springframework.test.context.cache.DefaultCacheAwareContextLoaderDelegate - Retrieved ApplicationContext [270056930] from cache with key [[MergedContextConfiguration@3c3d9b6b testClass = ClientServiceImplTest, locations = '{}', classes = '{class com.joseph.config.PersistenceJPAConfig}', contextInitializerClasses = '[]', activeProfiles = '{}', propertySourceLocations = '{}', propertySourceProperties = '{}', contextCustomizers = set[[empty]], contextLoader = 'org.springframework.test.context.support.DelegatingSmartContextLoader', parent = [null]]]
16:39:03.810 [main] DEBUG org.springframework.test.context.cache - Spring test ApplicationContext cache statistics: [DefaultContextCache@65bb6275 size = 1, maxSize = 32, parentContextCount = 0, hitCount = 4, missCount = 1]
16:39:03.814 [main] DEBUG org.springframework.orm.jpa.JpaTransactionManager - Found thread-bound EntityManager [SessionImpl(PersistenceContext[entityKeys=[EntityKey[com.joseph.entity.Client#114], EntityKey[com.joseph.entity.Client#113], EntityKey[com.joseph.entity.Client#115]],collectionKeys=[]];ActionQueue[insertions=ExecutableList{size=0} updates=ExecutableList{size=0} deletions=ExecutableList{size=0} orphanRemovals=ExecutableList{size=0} collectionCreations=ExecutableList{size=0} collectionRemovals=ExecutableList{size=0} collectionUpdates=ExecutableList{size=0} collectionQueuedOps=ExecutableList{size=0} unresolvedInsertDependencies=null])] for JPA transaction
16:39:03.815 [main] DEBUG org.springframework.orm.jpa.JpaTransactionManager - Participating in existing transaction
16:39:03.825 [main] DEBUG org.springframework.data.repository.core.support.TransactionalRepositoryProxyPostProcessor$CustomAnnotationTransactionAttributeSource - Adding transactional method 'deleteById' with attribute: PROPAGATION_REQUIRED,ISOLATION_DEFAULT
16:39:03.825 [main] DEBUG org.springframework.orm.jpa.JpaTransactionManager - Found thread-bound EntityManager [SessionImpl(PersistenceContext[entityKeys=[EntityKey[com.joseph.entity.Client#114], EntityKey[com.joseph.entity.Client#113], EntityKey[com.joseph.entity.Client#115]],collectionKeys=[]];ActionQueue[insertions=ExecutableList{size=0} updates=ExecutableList{size=0} deletions=ExecutableList{size=0} orphanRemovals=ExecutableList{size=0} collectionCreations=ExecutableList{size=0} collectionRemovals=ExecutableList{size=0} collectionUpdates=ExecutableList{size=0} collectionQueuedOps=ExecutableList{size=0} unresolvedInsertDependencies=null])] for JPA transaction
16:39:03.825 [main] DEBUG org.springframework.orm.jpa.JpaTransactionManager - Participating in existing transaction
16:39:03.837 [main] DEBUG org.springframework.data.repository.core.support.TransactionalRepositoryProxyPostProcessor$CustomAnnotationTransactionAttributeSource - Adding transactional method 'findAll' with attribute: PROPAGATION_REQUIRED,ISOLATION_DEFAULT,readOnly
16:39:03.837 [main] DEBUG org.springframework.orm.jpa.JpaTransactionManager - Found thread-bound EntityManager [SessionImpl(PersistenceContext[entityKeys=[EntityKey[com.joseph.entity.Client#114], EntityKey[com.joseph.entity.Client#113], EntityKey[com.joseph.entity.Client#115]],collectionKeys=[]];ActionQueue[insertions=ExecutableList{size=0} updates=ExecutableList{size=0} deletions=ExecutableList{size=1} orphanRemovals=ExecutableList{size=0} collectionCreations=ExecutableList{size=0} collectionRemovals=ExecutableList{size=0} collectionUpdates=ExecutableList{size=0} collectionQueuedOps=ExecutableList{size=0} unresolvedInsertDependencies=null])] for JPA transaction
16:39:03.837 [main] DEBUG org.springframework.orm.jpa.JpaTransactionManager - Participating in existing transaction
16:39:03.838 [main] DEBUG org.hibernate.query.criteria.internal.CriteriaQueryImpl - Rendered criteria query -> select generatedAlias0 from Client as generatedAlias0
16:39:03.839 [main] DEBUG org.hibernate.event.internal.AbstractFlushingEventListener - Processing flush-time cascades
16:39:03.841 [main] DEBUG org.hibernate.event.internal.AbstractFlushingEventListener - Dirty checking collections
16:39:03.847 [main] DEBUG org.hibernate.engine.internal.Collections - Collection found: [com.joseph.entity.Client.orders#113], was: [<unreferenced>] (initialized)
16:39:03.847 [main] DEBUG org.hibernate.engine.internal.Collections - Collection found: [com.joseph.entity.Client.orders#114], was: [<unreferenced>] (initialized)
16:39:03.847 [main] DEBUG org.hibernate.engine.internal.Collections - Found collection with unloaded owner: [<unreferenced>]
16:39:03.848 [main] DEBUG org.hibernate.event.internal.AbstractFlushingEventListener - Flushed: 0 insertions, 0 updates, 1 deletions to 3 objects
16:39:03.848 [main] DEBUG org.hibernate.event.internal.AbstractFlushingEventListener - Flushed: 2 (re)creations, 0 updates, 0 removals to 3 collections
16:39:03.850 [main] DEBUG org.hibernate.internal.util.EntityPrinter - Listing entities:
16:39:03.851 [main] DEBUG org.hibernate.internal.util.EntityPrinter - com.joseph.entity.Client{nameclient=test, emailclient=test1@test.com, orders=[], idclient=114}
16:39:03.851 [main] DEBUG org.hibernate.internal.util.EntityPrinter - com.joseph.entity.Client{nameclient=test, emailclient=test@test.com, orders=[], idclient=113}
16:39:03.851 [main] DEBUG org.hibernate.internal.util.EntityPrinter - com.joseph.entity.Client{nameclient=test, emailclient=test2@test.com, orders=[], idclient=115}
16:39:03.851 [main] DEBUG org.hibernate.engine.spi.ActionQueue - Changes must be flushed to space: client
16:39:03.863 [main] DEBUG org.hibernate.SQL - delete from client where idclient=?
16:39:03.870 [main] DEBUG org.hibernate.SQL - select client0_.idclient as idclient1_0_, client0_.emailclient as emailcli2_0_, client0_.nameclient as nameclie3_0_ from client client0_
16:39:03.872 [main] DEBUG org.hibernate.loader.Loader - Result set row: 0
16:39:03.873 [main] DEBUG org.hibernate.loader.Loader - Result row: EntityKey[com.joseph.entity.Client#114]
16:39:03.873 [main] DEBUG org.hibernate.loader.Loader - Result set row: 1
16:39:03.874 [main] DEBUG org.hibernate.loader.Loader - Result row: EntityKey[com.joseph.entity.Client#113]
16:39:03.881 [main] DEBUG org.springframework.test.context.cache.DefaultCacheAwareContextLoaderDelegate - Retrieved ApplicationContext [270056930] from cache with key [[MergedContextConfiguration@3c3d9b6b testClass = ClientServiceImplTest, locations = '{}', classes = '{class com.joseph.config.PersistenceJPAConfig}', contextInitializerClasses = '[]', activeProfiles = '{}', propertySourceLocations = '{}', propertySourceProperties = '{}', contextCustomizers = set[[empty]], contextLoader = 'org.springframework.test.context.support.DelegatingSmartContextLoader', parent = [null]]]
16:39:03.881 [main] DEBUG org.springframework.test.context.cache - Spring test ApplicationContext cache statistics: [DefaultContextCache@65bb6275 size = 1, maxSize = 32, parentContextCount = 0, hitCount = 5, missCount = 1]
16:39:03.883 [main] DEBUG org.springframework.orm.jpa.JpaTransactionManager - Found thread-bound EntityManager [SessionImpl(PersistenceContext[entityKeys=[EntityKey[com.joseph.entity.Client#114], EntityKey[com.joseph.entity.Client#113]],collectionKeys=[CollectionKey[com.joseph.entity.Client.orders#113], CollectionKey[com.joseph.entity.Client.orders#114]]];ActionQueue[insertions=ExecutableList{size=0} updates=ExecutableList{size=0} deletions=ExecutableList{size=0} orphanRemovals=ExecutableList{size=0} collectionCreations=ExecutableList{size=0} collectionRemovals=ExecutableList{size=0} collectionUpdates=ExecutableList{size=0} collectionQueuedOps=ExecutableList{size=0} unresolvedInsertDependencies=null])] for JPA transaction
16:39:03.883 [main] DEBUG org.springframework.orm.jpa.JpaTransactionManager - Participating in existing transaction
16:39:03.883 [main] DEBUG org.hibernate.query.criteria.internal.CriteriaQueryImpl - Rendered criteria query -> select generatedAlias0 from Client as generatedAlias0
16:39:03.884 [main] DEBUG org.hibernate.event.internal.AbstractFlushingEventListener - Processing flush-time cascades
16:39:03.884 [main] DEBUG org.hibernate.event.internal.AbstractFlushingEventListener - Dirty checking collections
16:39:03.884 [main] DEBUG org.hibernate.engine.internal.Collections - Collection found: [com.joseph.entity.Client.orders#113], was: [com.joseph.entity.Client.orders#113] (initialized)
16:39:03.884 [main] DEBUG org.hibernate.engine.internal.Collections - Collection found: [com.joseph.entity.Client.orders#114], was: [com.joseph.entity.Client.orders#114] (initialized)
16:39:03.885 [main] DEBUG org.hibernate.event.internal.AbstractFlushingEventListener - Flushed: 0 insertions, 0 updates, 0 deletions to 2 objects
16:39:03.885 [main] DEBUG org.hibernate.event.internal.AbstractFlushingEventListener - Flushed: 0 (re)creations, 0 updates, 0 removals to 2 collections
16:39:03.885 [main] DEBUG org.hibernate.internal.util.EntityPrinter - Listing entities:
16:39:03.885 [main] DEBUG org.hibernate.internal.util.EntityPrinter - com.joseph.entity.Client{nameclient=test, emailclient=test1@test.com, orders=[], idclient=114}
16:39:03.885 [main] DEBUG org.hibernate.internal.util.EntityPrinter - com.joseph.entity.Client{nameclient=test, emailclient=test@test.com, orders=[], idclient=113}
16:39:03.885 [main] DEBUG org.hibernate.SQL - select client0_.idclient as idclient1_0_, client0_.emailclient as emailcli2_0_, client0_.nameclient as nameclie3_0_ from client client0_
16:39:03.887 [main] DEBUG org.hibernate.loader.Loader - Result set row: 0
16:39:03.887 [main] DEBUG org.hibernate.loader.Loader - Result row: EntityKey[com.joseph.entity.Client#114]
16:39:03.887 [main] DEBUG org.hibernate.loader.Loader - Result set row: 1
16:39:03.887 [main] DEBUG org.hibernate.loader.Loader - Result row: EntityKey[com.joseph.entity.Client#113]
16:39:03.889 [main] DEBUG org.springframework.test.context.cache.DefaultCacheAwareContextLoaderDelegate - Retrieved ApplicationContext [270056930] from cache with key [[MergedContextConfiguration@3c3d9b6b testClass = ClientServiceImplTest, locations = '{}', classes = '{class com.joseph.config.PersistenceJPAConfig}', contextInitializerClasses = '[]', activeProfiles = '{}', propertySourceLocations = '{}', propertySourceProperties = '{}', contextCustomizers = set[[empty]], contextLoader = 'org.springframework.test.context.support.DelegatingSmartContextLoader', parent = [null]]]
16:39:03.889 [main] DEBUG org.springframework.test.context.cache - Spring test ApplicationContext cache statistics: [DefaultContextCache@65bb6275 size = 1, maxSize = 32, parentContextCount = 0, hitCount = 6, missCount = 1]
16:39:03.890 [main] DEBUG org.springframework.orm.jpa.JpaTransactionManager - Initiating transaction rollback
16:39:03.891 [main] DEBUG org.springframework.orm.jpa.JpaTransactionManager - Rolling back JPA transaction on EntityManager [SessionImpl(PersistenceContext[entityKeys=[EntityKey[com.joseph.entity.Client#114], EntityKey[com.joseph.entity.Client#113]],collectionKeys=[CollectionKey[com.joseph.entity.Client.orders#113], CollectionKey[com.joseph.entity.Client.orders#114]]];ActionQueue[insertions=ExecutableList{size=0} updates=ExecutableList{size=0} deletions=ExecutableList{size=2} orphanRemovals=ExecutableList{size=0} collectionCreations=ExecutableList{size=0} collectionRemovals=ExecutableList{size=0} collectionUpdates=ExecutableList{size=0} collectionQueuedOps=ExecutableList{size=0} unresolvedInsertDependencies=null])]
16:39:03.891 [main] DEBUG org.hibernate.engine.transaction.internal.TransactionImpl - rolling back
16:39:03.892 [main] DEBUG org.springframework.orm.jpa.JpaTransactionManager - Closing JPA EntityManager [SessionImpl(PersistenceContext[entityKeys=[],collectionKeys=[]];ActionQueue[insertions=ExecutableList{size=0} updates=ExecutableList{size=0} deletions=ExecutableList{size=0} orphanRemovals=ExecutableList{size=0} collectionCreations=ExecutableList{size=0} collectionRemovals=ExecutableList{size=0} collectionUpdates=ExecutableList{size=0} collectionQueuedOps=ExecutableList{size=0} unresolvedInsertDependencies=null])] after transaction
16:39:03.892 [main] DEBUG org.hibernate.engine.jdbc.internal.JdbcCoordinatorImpl - HHH000420: Closing un-released batch
16:39:03.893 [main] INFO org.springframework.test.context.transaction.TransactionContext - Rolled back transaction for test: [DefaultTestContext@158a8276 testClass = ClientServiceImplTest, testInstance = com.joseph.service.Impl.ClientServiceImplTest@63070bab, testMethod = testDeleteClient@ClientServiceImplTest, testException = [null], mergedContextConfiguration = [MergedContextConfiguration@3c3d9b6b testClass = ClientServiceImplTest, locations = '{}', classes = '{class com.joseph.config.PersistenceJPAConfig}', contextInitializerClasses = '[]', activeProfiles = '{}', propertySourceLocations = '{}', propertySourceProperties = '{}', contextCustomizers = set[[empty]], contextLoader = 'org.springframework.test.context.support.DelegatingSmartContextLoader', parent = [null]], attributes = map[[empty]]]
16:39:03.894 [main] DEBUG org.springframework.test.context.support.AbstractDirtiesContextTestExecutionListener - After test method: context [DefaultTestContext@158a8276 testClass = ClientServiceImplTest, testInstance = com.joseph.service.Impl.ClientServiceImplTest@63070bab, testMethod = testDeleteClient@ClientServiceImplTest, testException = [null], mergedContextConfiguration = [MergedContextConfiguration@3c3d9b6b testClass = ClientServiceImplTest, locations = '{}', classes = '{class com.joseph.config.PersistenceJPAConfig}', contextInitializerClasses = '[]', activeProfiles = '{}', propertySourceLocations = '{}', propertySourceProperties = '{}', contextCustomizers = set[[empty]], contextLoader = 'org.springframework.test.context.support.DelegatingSmartContextLoader', parent = [null]], attributes = map[[empty]]], class annotated with @DirtiesContext [false] with mode [null], method annotated with @DirtiesContext [false] with mode [null].
]]></system-out>
  </testcase>
  <testcase name="testSaveClient" classname="com.joseph.service.Impl.ClientServiceImplTest" time="0.085">
    <system-out><![CDATA[16:39:03.908 [main] DEBUG org.springframework.test.context.support.DependencyInjectionTestExecutionListener - Performing dependency injection for test context [[DefaultTestContext@158a8276 testClass = ClientServiceImplTest, testInstance = com.joseph.service.Impl.ClientServiceImplTest@472d0f4, testMethod = [null], testException = [null], mergedContextConfiguration = [MergedContextConfiguration@3c3d9b6b testClass = ClientServiceImplTest, locations = '{}', classes = '{class com.joseph.config.PersistenceJPAConfig}', contextInitializerClasses = '[]', activeProfiles = '{}', propertySourceLocations = '{}', propertySourceProperties = '{}', contextCustomizers = set[[empty]], contextLoader = 'org.springframework.test.context.support.DelegatingSmartContextLoader', parent = [null]], attributes = map[[empty]]]].
16:39:03.908 [main] DEBUG org.springframework.test.context.cache.DefaultCacheAwareContextLoaderDelegate - Retrieved ApplicationContext [270056930] from cache with key [[MergedContextConfiguration@3c3d9b6b testClass = ClientServiceImplTest, locations = '{}', classes = '{class com.joseph.config.PersistenceJPAConfig}', contextInitializerClasses = '[]', activeProfiles = '{}', propertySourceLocations = '{}', propertySourceProperties = '{}', contextCustomizers = set[[empty]], contextLoader = 'org.springframework.test.context.support.DelegatingSmartContextLoader', parent = [null]]]
16:39:03.908 [main] DEBUG org.springframework.test.context.cache - Spring test ApplicationContext cache statistics: [DefaultContextCache@65bb6275 size = 1, maxSize = 32, parentContextCount = 0, hitCount = 7, missCount = 1]
16:39:03.909 [main] DEBUG org.springframework.test.context.cache.DefaultCacheAwareContextLoaderDelegate - Retrieved ApplicationContext [270056930] from cache with key [[MergedContextConfiguration@3c3d9b6b testClass = ClientServiceImplTest, locations = '{}', classes = '{class com.joseph.config.PersistenceJPAConfig}', contextInitializerClasses = '[]', activeProfiles = '{}', propertySourceLocations = '{}', propertySourceProperties = '{}', contextCustomizers = set[[empty]], contextLoader = 'org.springframework.test.context.support.DelegatingSmartContextLoader', parent = [null]]]
16:39:03.909 [main] DEBUG org.springframework.test.context.cache - Spring test ApplicationContext cache statistics: [DefaultContextCache@65bb6275 size = 1, maxSize = 32, parentContextCount = 0, hitCount = 8, missCount = 1]
16:39:03.910 [main] DEBUG org.springframework.test.context.support.AbstractDirtiesContextTestExecutionListener - Before test method: context [DefaultTestContext@158a8276 testClass = ClientServiceImplTest, testInstance = com.joseph.service.Impl.ClientServiceImplTest@472d0f4, testMethod = testSaveClient@ClientServiceImplTest, testException = [null], mergedContextConfiguration = [MergedContextConfiguration@3c3d9b6b testClass = ClientServiceImplTest, locations = '{}', classes = '{class com.joseph.config.PersistenceJPAConfig}', contextInitializerClasses = '[]', activeProfiles = '{}', propertySourceLocations = '{}', propertySourceProperties = '{}', contextCustomizers = set[[empty]], contextLoader = 'org.springframework.test.context.support.DelegatingSmartContextLoader', parent = [null]], attributes = map[[empty]]], class annotated with @DirtiesContext [false] with mode [null], method annotated with @DirtiesContext [false] with mode [null].
16:39:03.911 [main] DEBUG org.springframework.test.context.transaction.TransactionalTestExecutionListener - Explicit transaction definition [PROPAGATION_REQUIRED,ISOLATION_DEFAULT] found for test context [DefaultTestContext@158a8276 testClass = ClientServiceImplTest, testInstance = com.joseph.service.Impl.ClientServiceImplTest@472d0f4, testMethod = testSaveClient@ClientServiceImplTest, testException = [null], mergedContextConfiguration = [MergedContextConfiguration@3c3d9b6b testClass = ClientServiceImplTest, locations = '{}', classes = '{class com.joseph.config.PersistenceJPAConfig}', contextInitializerClasses = '[]', activeProfiles = '{}', propertySourceLocations = '{}', propertySourceProperties = '{}', contextCustomizers = set[[empty]], contextLoader = 'org.springframework.test.context.support.DelegatingSmartContextLoader', parent = [null]], attributes = map[[empty]]]
16:39:03.911 [main] DEBUG org.springframework.test.context.cache.DefaultCacheAwareContextLoaderDelegate - Retrieved ApplicationContext [270056930] from cache with key [[MergedContextConfiguration@3c3d9b6b testClass = ClientServiceImplTest, locations = '{}', classes = '{class com.joseph.config.PersistenceJPAConfig}', contextInitializerClasses = '[]', activeProfiles = '{}', propertySourceLocations = '{}', propertySourceProperties = '{}', contextCustomizers = set[[empty]], contextLoader = 'org.springframework.test.context.support.DelegatingSmartContextLoader', parent = [null]]]
16:39:03.911 [main] DEBUG org.springframework.test.context.cache - Spring test ApplicationContext cache statistics: [DefaultContextCache@65bb6275 size = 1, maxSize = 32, parentContextCount = 0, hitCount = 9, missCount = 1]
16:39:03.911 [main] DEBUG org.springframework.test.context.transaction.TransactionalTestExecutionListener - No method-level @Rollback override: using default rollback [true] for test context [DefaultTestContext@158a8276 testClass = ClientServiceImplTest, testInstance = com.joseph.service.Impl.ClientServiceImplTest@472d0f4, testMethod = testSaveClient@ClientServiceImplTest, testException = [null], mergedContextConfiguration = [MergedContextConfiguration@3c3d9b6b testClass = ClientServiceImplTest, locations = '{}', classes = '{class com.joseph.config.PersistenceJPAConfig}', contextInitializerClasses = '[]', activeProfiles = '{}', propertySourceLocations = '{}', propertySourceProperties = '{}', contextCustomizers = set[[empty]], contextLoader = 'org.springframework.test.context.support.DelegatingSmartContextLoader', parent = [null]], attributes = map[[empty]]].
16:39:03.911 [main] DEBUG org.springframework.orm.jpa.JpaTransactionManager - Creating new transaction with name [com.joseph.service.Impl.ClientServiceImplTest.testSaveClient]: PROPAGATION_REQUIRED,ISOLATION_DEFAULT
16:39:03.912 [main] DEBUG org.springframework.orm.jpa.JpaTransactionManager - Opened new EntityManager [SessionImpl(PersistenceContext[entityKeys=[],collectionKeys=[]];ActionQueue[insertions=ExecutableList{size=0} updates=ExecutableList{size=0} deletions=ExecutableList{size=0} orphanRemovals=ExecutableList{size=0} collectionCreations=ExecutableList{size=0} collectionRemovals=ExecutableList{size=0} collectionUpdates=ExecutableList{size=0} collectionQueuedOps=ExecutableList{size=0} unresolvedInsertDependencies=null])] for JPA transaction
16:39:03.912 [main] DEBUG org.hibernate.engine.transaction.internal.TransactionImpl - begin
16:39:03.912 [main] DEBUG org.springframework.jdbc.datasource.DriverManagerDataSource - Creating new JDBC DriverManager Connection to [jdbc:mysql://localhost:3306/testcraftcore?useSSL=false&useTimezone=true&serverTimezone=UTC]
16:39:03.921 [main] DEBUG org.springframework.orm.jpa.JpaTransactionManager - Exposing JPA transaction as JDBC [org.springframework.orm.jpa.vendor.HibernateJpaDialect$HibernateConnectionHandle@4d7a64ca]
16:39:03.922 [main] INFO org.springframework.test.context.transaction.TransactionContext - Began transaction (1) for test context [DefaultTestContext@158a8276 testClass = ClientServiceImplTest, testInstance = com.joseph.service.Impl.ClientServiceImplTest@472d0f4, testMethod = testSaveClient@ClientServiceImplTest, testException = [null], mergedContextConfiguration = [MergedContextConfiguration@3c3d9b6b testClass = ClientServiceImplTest, locations = '{}', classes = '{class com.joseph.config.PersistenceJPAConfig}', contextInitializerClasses = '[]', activeProfiles = '{}', propertySourceLocations = '{}', propertySourceProperties = '{}', contextCustomizers = set[[empty]], contextLoader = 'org.springframework.test.context.support.DelegatingSmartContextLoader', parent = [null]], attributes = map[[empty]]]; transaction manager [org.springframework.orm.jpa.JpaTransactionManager@58a2d9f9]; rollback [true]
16:39:03.922 [main] DEBUG org.springframework.test.context.cache.DefaultCacheAwareContextLoaderDelegate - Retrieved ApplicationContext [270056930] from cache with key [[MergedContextConfiguration@3c3d9b6b testClass = ClientServiceImplTest, locations = '{}', classes = '{class com.joseph.config.PersistenceJPAConfig}', contextInitializerClasses = '[]', activeProfiles = '{}', propertySourceLocations = '{}', propertySourceProperties = '{}', contextCustomizers = set[[empty]], contextLoader = 'org.springframework.test.context.support.DelegatingSmartContextLoader', parent = [null]]]
16:39:03.922 [main] DEBUG org.springframework.test.context.cache - Spring test ApplicationContext cache statistics: [DefaultContextCache@65bb6275 size = 1, maxSize = 32, parentContextCount = 0, hitCount = 10, missCount = 1]
16:39:03.922 [main] DEBUG org.springframework.orm.jpa.JpaTransactionManager - Found thread-bound EntityManager [SessionImpl(PersistenceContext[entityKeys=[],collectionKeys=[]];ActionQueue[insertions=ExecutableList{size=0} updates=ExecutableList{size=0} deletions=ExecutableList{size=0} orphanRemovals=ExecutableList{size=0} collectionCreations=ExecutableList{size=0} collectionRemovals=ExecutableList{size=0} collectionUpdates=ExecutableList{size=0} collectionQueuedOps=ExecutableList{size=0} unresolvedInsertDependencies=null])] for JPA transaction
16:39:03.922 [main] DEBUG org.springframework.orm.jpa.JpaTransactionManager - Participating in existing transaction
16:39:03.923 [main] DEBUG org.hibernate.query.criteria.internal.CriteriaQueryImpl - Rendered criteria query -> select generatedAlias0 from Client as generatedAlias0
16:39:03.923 [main] DEBUG org.hibernate.SQL - select client0_.idclient as idclient1_0_, client0_.emailclient as emailcli2_0_, client0_.nameclient as nameclie3_0_ from client client0_
16:39:03.925 [main] DEBUG org.hibernate.loader.Loader - Result set row: 0
16:39:03.925 [main] DEBUG org.hibernate.loader.Loader - Result row: EntityKey[com.joseph.entity.Client#114]
16:39:03.929 [main] DEBUG org.hibernate.loader.Loader - Result set row: 1
16:39:03.929 [main] DEBUG org.hibernate.loader.Loader - Result row: EntityKey[com.joseph.entity.Client#113]
16:39:03.930 [main] DEBUG org.hibernate.engine.internal.TwoPhaseLoad - Resolving associations for [com.joseph.entity.Client#114]
16:39:03.932 [main] DEBUG org.hibernate.engine.internal.TwoPhaseLoad - Done materializing entity [com.joseph.entity.Client#114]
16:39:03.932 [main] DEBUG org.hibernate.engine.internal.TwoPhaseLoad - Resolving associations for [com.joseph.entity.Client#113]
16:39:03.933 [main] DEBUG org.hibernate.engine.internal.TwoPhaseLoad - Done materializing entity [com.joseph.entity.Client#113]
16:39:03.937 [main] DEBUG org.hibernate.loader.collection.plan.AbstractLoadPlanBasedCollectionInitializer - Loading collection: [com.joseph.entity.Client.orders#114]
16:39:03.937 [main] DEBUG org.hibernate.SQL - select orders0_.idclient as idclient5_1_0_, orders0_.idorder as idorder1_1_0_, orders0_.idorder as idorder1_1_1_, orders0_.idclient as idclient5_1_1_, orders0_.dateorder as dateorde2_1_1_, orders0_.statusorder as statusor3_1_1_, orders0_.totalorder as totalord4_1_1_ from order_table orders0_ where orders0_.idclient=?
16:39:03.943 [main] DEBUG org.hibernate.loader.plan.exec.process.internal.ResultSetProcessorImpl - Preparing collection intializer : [com.joseph.entity.Client.orders#114]
16:39:03.948 [main] DEBUG org.hibernate.engine.loading.internal.CollectionLoadContext - 1 collections were found in result set for role: com.joseph.entity.Client.orders
16:39:03.948 [main] DEBUG org.hibernate.engine.loading.internal.CollectionLoadContext - Collection fully initialized: [com.joseph.entity.Client.orders#114]
16:39:03.948 [main] DEBUG org.hibernate.engine.loading.internal.CollectionLoadContext - 1 collections initialized for role: com.joseph.entity.Client.orders
16:39:03.948 [main] DEBUG org.hibernate.resource.jdbc.internal.ResourceRegistryStandardImpl - HHH000387: ResultSet's statement was not registered
16:39:03.949 [main] DEBUG org.hibernate.loader.collection.plan.AbstractLoadPlanBasedCollectionInitializer - Done loading collection
16:39:03.949 [main] DEBUG org.hibernate.loader.collection.plan.AbstractLoadPlanBasedCollectionInitializer - Loading collection: [com.joseph.entity.Client.orders#113]
16:39:03.949 [main] DEBUG org.hibernate.SQL - select orders0_.idclient as idclient5_1_0_, orders0_.idorder as idorder1_1_0_, orders0_.idorder as idorder1_1_1_, orders0_.idclient as idclient5_1_1_, orders0_.dateorder as dateorde2_1_1_, orders0_.statusorder as statusor3_1_1_, orders0_.totalorder as totalord4_1_1_ from order_table orders0_ where orders0_.idclient=?
16:39:03.951 [main] DEBUG org.hibernate.loader.plan.exec.process.internal.ResultSetProcessorImpl - Preparing collection intializer : [com.joseph.entity.Client.orders#113]
16:39:03.951 [main] DEBUG org.hibernate.engine.loading.internal.CollectionLoadContext - 1 collections were found in result set for role: com.joseph.entity.Client.orders
16:39:03.951 [main] DEBUG org.hibernate.engine.loading.internal.CollectionLoadContext - Collection fully initialized: [com.joseph.entity.Client.orders#113]
16:39:03.951 [main] DEBUG org.hibernate.engine.loading.internal.CollectionLoadContext - 1 collections initialized for role: com.joseph.entity.Client.orders
16:39:03.951 [main] DEBUG org.hibernate.resource.jdbc.internal.ResourceRegistryStandardImpl - HHH000387: ResultSet's statement was not registered
16:39:03.951 [main] DEBUG org.hibernate.loader.collection.plan.AbstractLoadPlanBasedCollectionInitializer - Done loading collection
16:39:03.952 [main] DEBUG org.springframework.orm.jpa.JpaTransactionManager - Found thread-bound EntityManager [SessionImpl(PersistenceContext[entityKeys=[EntityKey[com.joseph.entity.Client#114], EntityKey[com.joseph.entity.Client#113]],collectionKeys=[CollectionKey[com.joseph.entity.Client.orders#113], CollectionKey[com.joseph.entity.Client.orders#114]]];ActionQueue[insertions=ExecutableList{size=0} updates=ExecutableList{size=0} deletions=ExecutableList{size=2} orphanRemovals=ExecutableList{size=0} collectionCreations=ExecutableList{size=0} collectionRemovals=ExecutableList{size=0} collectionUpdates=ExecutableList{size=0} collectionQueuedOps=ExecutableList{size=0} unresolvedInsertDependencies=null])] for JPA transaction
16:39:03.952 [main] DEBUG org.springframework.orm.jpa.JpaTransactionManager - Participating in existing transaction
16:39:03.953 [main] DEBUG org.hibernate.engine.spi.ActionQueue - Executing identity-insert immediately
16:39:03.953 [main] DEBUG org.hibernate.SQL - insert into client (emailclient, nameclient) values (?, ?)
16:39:03.954 [main] DEBUG org.hibernate.id.IdentifierGeneratorHelper - Natively generated identity: 116
16:39:03.954 [main] DEBUG org.hibernate.resource.jdbc.internal.ResourceRegistryStandardImpl - HHH000387: ResultSet's statement was not registered
16:39:03.954 [main] DEBUG org.springframework.orm.jpa.JpaTransactionManager - Found thread-bound EntityManager [SessionImpl(PersistenceContext[entityKeys=[EntityKey[com.joseph.entity.Client#114], EntityKey[com.joseph.entity.Client#113], EntityKey[com.joseph.entity.Client#116]],collectionKeys=[CollectionKey[com.joseph.entity.Client.orders#113], CollectionKey[com.joseph.entity.Client.orders#114]]];ActionQueue[insertions=ExecutableList{size=0} updates=ExecutableList{size=0} deletions=ExecutableList{size=2} orphanRemovals=ExecutableList{size=0} collectionCreations=ExecutableList{size=0} collectionRemovals=ExecutableList{size=0} collectionUpdates=ExecutableList{size=0} collectionQueuedOps=ExecutableList{size=0} unresolvedInsertDependencies=null])] for JPA transaction
16:39:03.955 [main] DEBUG org.springframework.orm.jpa.JpaTransactionManager - Participating in existing transaction
16:39:03.955 [main] DEBUG org.hibernate.engine.spi.ActionQueue - Executing identity-insert immediately
16:39:03.955 [main] DEBUG org.hibernate.SQL - insert into client (emailclient, nameclient) values (?, ?)
16:39:03.956 [main] DEBUG org.hibernate.id.IdentifierGeneratorHelper - Natively generated identity: 117
16:39:03.956 [main] DEBUG org.hibernate.resource.jdbc.internal.ResourceRegistryStandardImpl - HHH000387: ResultSet's statement was not registered
16:39:03.957 [main] DEBUG org.springframework.orm.jpa.JpaTransactionManager - Found thread-bound EntityManager [SessionImpl(PersistenceContext[entityKeys=[EntityKey[com.joseph.entity.Client#114], EntityKey[com.joseph.entity.Client#113], EntityKey[com.joseph.entity.Client#116], EntityKey[com.joseph.entity.Client#117]],collectionKeys=[CollectionKey[com.joseph.entity.Client.orders#113], CollectionKey[com.joseph.entity.Client.orders#114]]];ActionQueue[insertions=ExecutableList{size=0} updates=ExecutableList{size=0} deletions=ExecutableList{size=2} orphanRemovals=ExecutableList{size=0} collectionCreations=ExecutableList{size=0} collectionRemovals=ExecutableList{size=0} collectionUpdates=ExecutableList{size=0} collectionQueuedOps=ExecutableList{size=0} unresolvedInsertDependencies=null])] for JPA transaction
16:39:03.958 [main] DEBUG org.springframework.orm.jpa.JpaTransactionManager - Participating in existing transaction
16:39:03.958 [main] DEBUG org.hibernate.engine.spi.ActionQueue - Executing identity-insert immediately
16:39:03.958 [main] DEBUG org.hibernate.SQL - insert into client (emailclient, nameclient) values (?, ?)
16:39:03.964 [main] DEBUG org.hibernate.id.IdentifierGeneratorHelper - Natively generated identity: 118
16:39:03.964 [main] DEBUG org.hibernate.resource.jdbc.internal.ResourceRegistryStandardImpl - HHH000387: ResultSet's statement was not registered
16:39:03.964 [main] DEBUG org.springframework.test.context.cache.DefaultCacheAwareContextLoaderDelegate - Retrieved ApplicationContext [270056930] from cache with key [[MergedContextConfiguration@3c3d9b6b testClass = ClientServiceImplTest, locations = '{}', classes = '{class com.joseph.config.PersistenceJPAConfig}', contextInitializerClasses = '[]', activeProfiles = '{}', propertySourceLocations = '{}', propertySourceProperties = '{}', contextCustomizers = set[[empty]], contextLoader = 'org.springframework.test.context.support.DelegatingSmartContextLoader', parent = [null]]]
16:39:03.964 [main] DEBUG org.springframework.test.context.cache - Spring test ApplicationContext cache statistics: [DefaultContextCache@65bb6275 size = 1, maxSize = 32, parentContextCount = 0, hitCount = 11, missCount = 1]
16:39:03.965 [main] DEBUG org.springframework.orm.jpa.JpaTransactionManager - Found thread-bound EntityManager [SessionImpl(PersistenceContext[entityKeys=[EntityKey[com.joseph.entity.Client#114], EntityKey[com.joseph.entity.Client#113], EntityKey[com.joseph.entity.Client#116], EntityKey[com.joseph.entity.Client#118], EntityKey[com.joseph.entity.Client#117]],collectionKeys=[CollectionKey[com.joseph.entity.Client.orders#113], CollectionKey[com.joseph.entity.Client.orders#114]]];ActionQueue[insertions=ExecutableList{size=0} updates=ExecutableList{size=0} deletions=ExecutableList{size=2} orphanRemovals=ExecutableList{size=0} collectionCreations=ExecutableList{size=0} collectionRemovals=ExecutableList{size=0} collectionUpdates=ExecutableList{size=0} collectionQueuedOps=ExecutableList{size=0} unresolvedInsertDependencies=null])] for JPA transaction
16:39:03.965 [main] DEBUG org.springframework.orm.jpa.JpaTransactionManager - Participating in existing transaction
16:39:03.965 [main] DEBUG org.springframework.orm.jpa.JpaTransactionManager - Found thread-bound EntityManager [SessionImpl(PersistenceContext[entityKeys=[EntityKey[com.joseph.entity.Client#114], EntityKey[com.joseph.entity.Client#113], EntityKey[com.joseph.entity.Client#116], EntityKey[com.joseph.entity.Client#118], EntityKey[com.joseph.entity.Client#117]],collectionKeys=[CollectionKey[com.joseph.entity.Client.orders#113], CollectionKey[com.joseph.entity.Client.orders#114]]];ActionQueue[insertions=ExecutableList{size=0} updates=ExecutableList{size=0} deletions=ExecutableList{size=2} orphanRemovals=ExecutableList{size=0} collectionCreations=ExecutableList{size=0} collectionRemovals=ExecutableList{size=0} collectionUpdates=ExecutableList{size=0} collectionQueuedOps=ExecutableList{size=0} unresolvedInsertDependencies=null])] for JPA transaction
16:39:03.965 [main] DEBUG org.springframework.orm.jpa.JpaTransactionManager - Participating in existing transaction
16:39:03.965 [main] DEBUG org.hibernate.engine.spi.ActionQueue - Executing identity-insert immediately
16:39:03.966 [main] DEBUG org.hibernate.SQL - insert into client (emailclient, nameclient) values (?, ?)
16:39:03.970 [main] DEBUG org.hibernate.id.IdentifierGeneratorHelper - Natively generated identity: 119
16:39:03.970 [main] DEBUG org.hibernate.resource.jdbc.internal.ResourceRegistryStandardImpl - HHH000387: ResultSet's statement was not registered
16:39:03.971 [main] DEBUG org.springframework.orm.jpa.JpaTransactionManager - Found thread-bound EntityManager [SessionImpl(PersistenceContext[entityKeys=[EntityKey[com.joseph.entity.Client#119], EntityKey[com.joseph.entity.Client#114], EntityKey[com.joseph.entity.Client#113], EntityKey[com.joseph.entity.Client#116], EntityKey[com.joseph.entity.Client#118], EntityKey[com.joseph.entity.Client#117]],collectionKeys=[CollectionKey[com.joseph.entity.Client.orders#113], CollectionKey[com.joseph.entity.Client.orders#114]]];ActionQueue[insertions=ExecutableList{size=0} updates=ExecutableList{size=0} deletions=ExecutableList{size=2} orphanRemovals=ExecutableList{size=0} collectionCreations=ExecutableList{size=0} collectionRemovals=ExecutableList{size=0} collectionUpdates=ExecutableList{size=0} collectionQueuedOps=ExecutableList{size=0} unresolvedInsertDependencies=null])] for JPA transaction
16:39:03.971 [main] DEBUG org.springframework.orm.jpa.JpaTransactionManager - Participating in existing transaction
16:39:03.971 [main] DEBUG org.hibernate.query.criteria.internal.CriteriaQueryImpl - Rendered criteria query -> select generatedAlias0 from Client as generatedAlias0
16:39:03.972 [main] DEBUG org.hibernate.event.internal.AbstractFlushingEventListener - Processing flush-time cascades
16:39:03.972 [main] DEBUG org.hibernate.event.internal.AbstractFlushingEventListener - Dirty checking collections
16:39:03.972 [main] DEBUG org.hibernate.engine.internal.Collections - Collection found: [com.joseph.entity.Client.orders#116], was: [<unreferenced>] (initialized)
16:39:03.972 [main] DEBUG org.hibernate.engine.internal.Collections - Collection found: [com.joseph.entity.Client.orders#117], was: [<unreferenced>] (initialized)
16:39:03.972 [main] DEBUG org.hibernate.engine.internal.Collections - Collection found: [com.joseph.entity.Client.orders#118], was: [<unreferenced>] (initialized)
16:39:03.972 [main] DEBUG org.hibernate.engine.internal.Collections - Collection found: [com.joseph.entity.Client.orders#119], was: [<unreferenced>] (initialized)
16:39:03.972 [main] DEBUG org.hibernate.engine.internal.Collections - Collection dereferenced: [com.joseph.entity.Client.orders#114]
16:39:03.972 [main] DEBUG org.hibernate.engine.internal.Collections - Collection dereferenced: [com.joseph.entity.Client.orders#113]
16:39:03.973 [main] DEBUG org.hibernate.event.internal.AbstractFlushingEventListener - Flushed: 0 insertions, 0 updates, 2 deletions to 6 objects
16:39:03.973 [main] DEBUG org.hibernate.event.internal.AbstractFlushingEventListener - Flushed: 4 (re)creations, 0 updates, 2 removals to 6 collections
16:39:03.973 [main] DEBUG org.hibernate.internal.util.EntityPrinter - Listing entities:
16:39:03.973 [main] DEBUG org.hibernate.internal.util.EntityPrinter - com.joseph.entity.Client{nameclient=test4, emailclient=test4@test.com, orders=[], idclient=119}
16:39:03.973 [main] DEBUG org.hibernate.internal.util.EntityPrinter - com.joseph.entity.Client{nameclient=test, emailclient=test1@test.com, orders=[], idclient=114}
16:39:03.973 [main] DEBUG org.hibernate.internal.util.EntityPrinter - com.joseph.entity.Client{nameclient=test, emailclient=test@test.com, orders=[], idclient=113}
16:39:03.973 [main] DEBUG org.hibernate.internal.util.EntityPrinter - com.joseph.entity.Client{nameclient=test, emailclient=test@test.com, orders=[], idclient=116}
16:39:03.973 [main] DEBUG org.hibernate.internal.util.EntityPrinter - com.joseph.entity.Client{nameclient=test, emailclient=test2@test.com, orders=[], idclient=118}
16:39:03.973 [main] DEBUG org.hibernate.internal.util.EntityPrinter - com.joseph.entity.Client{nameclient=test, emailclient=test1@test.com, orders=[], idclient=117}
16:39:03.973 [main] DEBUG org.hibernate.engine.spi.ActionQueue - Changes must be flushed to space: client
16:39:03.974 [main] DEBUG org.hibernate.SQL - delete from client where idclient=?
16:39:03.975 [main] DEBUG org.hibernate.SQL - delete from client where idclient=?
16:39:03.977 [main] DEBUG org.hibernate.SQL - select client0_.idclient as idclient1_0_, client0_.emailclient as emailcli2_0_, client0_.nameclient as nameclie3_0_ from client client0_
16:39:03.983 [main] DEBUG org.hibernate.loader.Loader - Result set row: 0
16:39:03.984 [main] DEBUG org.hibernate.loader.Loader - Result row: EntityKey[com.joseph.entity.Client#119]
16:39:03.984 [main] DEBUG org.hibernate.loader.Loader - Result set row: 1
16:39:03.984 [main] DEBUG org.hibernate.loader.Loader - Result row: EntityKey[com.joseph.entity.Client#118]
16:39:03.984 [main] DEBUG org.hibernate.loader.Loader - Result set row: 2
16:39:03.984 [main] DEBUG org.hibernate.loader.Loader - Result row: EntityKey[com.joseph.entity.Client#117]
16:39:03.984 [main] DEBUG org.hibernate.loader.Loader - Result set row: 3
16:39:03.984 [main] DEBUG org.hibernate.loader.Loader - Result row: EntityKey[com.joseph.entity.Client#116]
16:39:03.984 [main] DEBUG org.springframework.test.context.cache.DefaultCacheAwareContextLoaderDelegate - Retrieved ApplicationContext [270056930] from cache with key [[MergedContextConfiguration@3c3d9b6b testClass = ClientServiceImplTest, locations = '{}', classes = '{class com.joseph.config.PersistenceJPAConfig}', contextInitializerClasses = '[]', activeProfiles = '{}', propertySourceLocations = '{}', propertySourceProperties = '{}', contextCustomizers = set[[empty]], contextLoader = 'org.springframework.test.context.support.DelegatingSmartContextLoader', parent = [null]]]
16:39:03.985 [main] DEBUG org.springframework.test.context.cache - Spring test ApplicationContext cache statistics: [DefaultContextCache@65bb6275 size = 1, maxSize = 32, parentContextCount = 0, hitCount = 12, missCount = 1]
16:39:03.985 [main] DEBUG org.springframework.orm.jpa.JpaTransactionManager - Found thread-bound EntityManager [SessionImpl(PersistenceContext[entityKeys=[EntityKey[com.joseph.entity.Client#119], EntityKey[com.joseph.entity.Client#116], EntityKey[com.joseph.entity.Client#118], EntityKey[com.joseph.entity.Client#117]],collectionKeys=[CollectionKey[com.joseph.entity.Client.orders#116], CollectionKey[com.joseph.entity.Client.orders#117], CollectionKey[com.joseph.entity.Client.orders#118], CollectionKey[com.joseph.entity.Client.orders#119]]];ActionQueue[insertions=ExecutableList{size=0} updates=ExecutableList{size=0} deletions=ExecutableList{size=0} orphanRemovals=ExecutableList{size=0} collectionCreations=ExecutableList{size=0} collectionRemovals=ExecutableList{size=0} collectionUpdates=ExecutableList{size=0} collectionQueuedOps=ExecutableList{size=0} unresolvedInsertDependencies=null])] for JPA transaction
16:39:03.985 [main] DEBUG org.springframework.orm.jpa.JpaTransactionManager - Participating in existing transaction
16:39:03.986 [main] DEBUG org.hibernate.query.criteria.internal.CriteriaQueryImpl - Rendered criteria query -> select generatedAlias0 from Client as generatedAlias0
16:39:03.987 [main] DEBUG org.hibernate.event.internal.AbstractFlushingEventListener - Processing flush-time cascades
16:39:03.988 [main] DEBUG org.hibernate.event.internal.AbstractFlushingEventListener - Dirty checking collections
16:39:03.989 [main] DEBUG org.hibernate.engine.internal.Collections - Collection found: [com.joseph.entity.Client.orders#116], was: [com.joseph.entity.Client.orders#116] (initialized)
16:39:03.989 [main] DEBUG org.hibernate.engine.internal.Collections - Collection found: [com.joseph.entity.Client.orders#117], was: [com.joseph.entity.Client.orders#117] (initialized)
16:39:03.989 [main] DEBUG org.hibernate.engine.internal.Collections - Collection found: [com.joseph.entity.Client.orders#118], was: [com.joseph.entity.Client.orders#118] (initialized)
16:39:03.989 [main] DEBUG org.hibernate.engine.internal.Collections - Collection found: [com.joseph.entity.Client.orders#119], was: [com.joseph.entity.Client.orders#119] (initialized)
16:39:03.989 [main] DEBUG org.hibernate.event.internal.AbstractFlushingEventListener - Flushed: 0 insertions, 0 updates, 0 deletions to 4 objects
16:39:03.989 [main] DEBUG org.hibernate.event.internal.AbstractFlushingEventListener - Flushed: 0 (re)creations, 0 updates, 0 removals to 4 collections
16:39:03.989 [main] DEBUG org.hibernate.internal.util.EntityPrinter - Listing entities:
16:39:03.989 [main] DEBUG org.hibernate.internal.util.EntityPrinter - com.joseph.entity.Client{nameclient=test4, emailclient=test4@test.com, orders=[], idclient=119}
16:39:03.991 [main] DEBUG org.hibernate.internal.util.EntityPrinter - com.joseph.entity.Client{nameclient=test, emailclient=test@test.com, orders=[], idclient=116}
16:39:03.991 [main] DEBUG org.hibernate.internal.util.EntityPrinter - com.joseph.entity.Client{nameclient=test, emailclient=test2@test.com, orders=[], idclient=118}
16:39:03.991 [main] DEBUG org.hibernate.internal.util.EntityPrinter - com.joseph.entity.Client{nameclient=test, emailclient=test1@test.com, orders=[], idclient=117}
16:39:03.991 [main] DEBUG org.hibernate.SQL - select client0_.idclient as idclient1_0_, client0_.emailclient as emailcli2_0_, client0_.nameclient as nameclie3_0_ from client client0_
16:39:03.992 [main] DEBUG org.hibernate.loader.Loader - Result set row: 0
16:39:03.992 [main] DEBUG org.hibernate.loader.Loader - Result row: EntityKey[com.joseph.entity.Client#119]
16:39:03.992 [main] DEBUG org.hibernate.loader.Loader - Result set row: 1
16:39:03.992 [main] DEBUG org.hibernate.loader.Loader - Result row: EntityKey[com.joseph.entity.Client#118]
16:39:03.992 [main] DEBUG org.hibernate.loader.Loader - Result set row: 2
16:39:03.992 [main] DEBUG org.hibernate.loader.Loader - Result row: EntityKey[com.joseph.entity.Client#117]
16:39:03.992 [main] DEBUG org.hibernate.loader.Loader - Result set row: 3
16:39:03.992 [main] DEBUG org.hibernate.loader.Loader - Result row: EntityKey[com.joseph.entity.Client#116]
16:39:03.993 [main] DEBUG org.springframework.test.context.cache.DefaultCacheAwareContextLoaderDelegate - Retrieved ApplicationContext [270056930] from cache with key [[MergedContextConfiguration@3c3d9b6b testClass = ClientServiceImplTest, locations = '{}', classes = '{class com.joseph.config.PersistenceJPAConfig}', contextInitializerClasses = '[]', activeProfiles = '{}', propertySourceLocations = '{}', propertySourceProperties = '{}', contextCustomizers = set[[empty]], contextLoader = 'org.springframework.test.context.support.DelegatingSmartContextLoader', parent = [null]]]
16:39:03.993 [main] DEBUG org.springframework.test.context.cache - Spring test ApplicationContext cache statistics: [DefaultContextCache@65bb6275 size = 1, maxSize = 32, parentContextCount = 0, hitCount = 13, missCount = 1]
16:39:03.993 [main] DEBUG org.springframework.orm.jpa.JpaTransactionManager - Initiating transaction rollback
16:39:03.993 [main] DEBUG org.springframework.orm.jpa.JpaTransactionManager - Rolling back JPA transaction on EntityManager [SessionImpl(PersistenceContext[entityKeys=[EntityKey[com.joseph.entity.Client#119], EntityKey[com.joseph.entity.Client#116], EntityKey[com.joseph.entity.Client#118], EntityKey[com.joseph.entity.Client#117]],collectionKeys=[CollectionKey[com.joseph.entity.Client.orders#116], CollectionKey[com.joseph.entity.Client.orders#117], CollectionKey[com.joseph.entity.Client.orders#118], CollectionKey[com.joseph.entity.Client.orders#119]]];ActionQueue[insertions=ExecutableList{size=0} updates=ExecutableList{size=0} deletions=ExecutableList{size=4} orphanRemovals=ExecutableList{size=0} collectionCreations=ExecutableList{size=0} collectionRemovals=ExecutableList{size=0} collectionUpdates=ExecutableList{size=0} collectionQueuedOps=ExecutableList{size=0} unresolvedInsertDependencies=null])]
16:39:03.993 [main] DEBUG org.hibernate.engine.transaction.internal.TransactionImpl - rolling back
16:39:03.994 [main] DEBUG org.springframework.orm.jpa.JpaTransactionManager - Closing JPA EntityManager [SessionImpl(PersistenceContext[entityKeys=[],collectionKeys=[]];ActionQueue[insertions=ExecutableList{size=0} updates=ExecutableList{size=0} deletions=ExecutableList{size=0} orphanRemovals=ExecutableList{size=0} collectionCreations=ExecutableList{size=0} collectionRemovals=ExecutableList{size=0} collectionUpdates=ExecutableList{size=0} collectionQueuedOps=ExecutableList{size=0} unresolvedInsertDependencies=null])] after transaction
16:39:03.994 [main] DEBUG org.hibernate.engine.jdbc.internal.JdbcCoordinatorImpl - HHH000420: Closing un-released batch
16:39:03.995 [main] INFO org.springframework.test.context.transaction.TransactionContext - Rolled back transaction for test: [DefaultTestContext@158a8276 testClass = ClientServiceImplTest, testInstance = com.joseph.service.Impl.ClientServiceImplTest@472d0f4, testMethod = testSaveClient@ClientServiceImplTest, testException = [null], mergedContextConfiguration = [MergedContextConfiguration@3c3d9b6b testClass = ClientServiceImplTest, locations = '{}', classes = '{class com.joseph.config.PersistenceJPAConfig}', contextInitializerClasses = '[]', activeProfiles = '{}', propertySourceLocations = '{}', propertySourceProperties = '{}', contextCustomizers = set[[empty]], contextLoader = 'org.springframework.test.context.support.DelegatingSmartContextLoader', parent = [null]], attributes = map[[empty]]]
16:39:03.995 [main] DEBUG org.springframework.test.context.support.AbstractDirtiesContextTestExecutionListener - After test method: context [DefaultTestContext@158a8276 testClass = ClientServiceImplTest, testInstance = com.joseph.service.Impl.ClientServiceImplTest@472d0f4, testMethod = testSaveClient@ClientServiceImplTest, testException = [null], mergedContextConfiguration = [MergedContextConfiguration@3c3d9b6b testClass = ClientServiceImplTest, locations = '{}', classes = '{class com.joseph.config.PersistenceJPAConfig}', contextInitializerClasses = '[]', activeProfiles = '{}', propertySourceLocations = '{}', propertySourceProperties = '{}', contextCustomizers = set[[empty]], contextLoader = 'org.springframework.test.context.support.DelegatingSmartContextLoader', parent = [null]], attributes = map[[empty]]], class annotated with @DirtiesContext [false] with mode [null], method annotated with @DirtiesContext [false] with mode [null].
]]></system-out>
  </testcase>
  <testcase name="TestGetClients" classname="com.joseph.service.Impl.ClientServiceImplTest" time="0.075">
    <system-out><![CDATA[16:39:03.996 [main] DEBUG org.springframework.test.context.support.DependencyInjectionTestExecutionListener - Performing dependency injection for test context [[DefaultTestContext@158a8276 testClass = ClientServiceImplTest, testInstance = com.joseph.service.Impl.ClientServiceImplTest@7ca16adc, testMethod = [null], testException = [null], mergedContextConfiguration = [MergedContextConfiguration@3c3d9b6b testClass = ClientServiceImplTest, locations = '{}', classes = '{class com.joseph.config.PersistenceJPAConfig}', contextInitializerClasses = '[]', activeProfiles = '{}', propertySourceLocations = '{}', propertySourceProperties = '{}', contextCustomizers = set[[empty]], contextLoader = 'org.springframework.test.context.support.DelegatingSmartContextLoader', parent = [null]], attributes = map[[empty]]]].
16:39:03.996 [main] DEBUG org.springframework.test.context.cache.DefaultCacheAwareContextLoaderDelegate - Retrieved ApplicationContext [270056930] from cache with key [[MergedContextConfiguration@3c3d9b6b testClass = ClientServiceImplTest, locations = '{}', classes = '{class com.joseph.config.PersistenceJPAConfig}', contextInitializerClasses = '[]', activeProfiles = '{}', propertySourceLocations = '{}', propertySourceProperties = '{}', contextCustomizers = set[[empty]], contextLoader = 'org.springframework.test.context.support.DelegatingSmartContextLoader', parent = [null]]]
16:39:03.996 [main] DEBUG org.springframework.test.context.cache - Spring test ApplicationContext cache statistics: [DefaultContextCache@65bb6275 size = 1, maxSize = 32, parentContextCount = 0, hitCount = 14, missCount = 1]
16:39:03.996 [main] DEBUG org.springframework.test.context.cache.DefaultCacheAwareContextLoaderDelegate - Retrieved ApplicationContext [270056930] from cache with key [[MergedContextConfiguration@3c3d9b6b testClass = ClientServiceImplTest, locations = '{}', classes = '{class com.joseph.config.PersistenceJPAConfig}', contextInitializerClasses = '[]', activeProfiles = '{}', propertySourceLocations = '{}', propertySourceProperties = '{}', contextCustomizers = set[[empty]], contextLoader = 'org.springframework.test.context.support.DelegatingSmartContextLoader', parent = [null]]]
16:39:03.997 [main] DEBUG org.springframework.test.context.cache - Spring test ApplicationContext cache statistics: [DefaultContextCache@65bb6275 size = 1, maxSize = 32, parentContextCount = 0, hitCount = 15, missCount = 1]
16:39:03.998 [main] DEBUG org.springframework.test.context.support.AbstractDirtiesContextTestExecutionListener - Before test method: context [DefaultTestContext@158a8276 testClass = ClientServiceImplTest, testInstance = com.joseph.service.Impl.ClientServiceImplTest@7ca16adc, testMethod = TestGetClients@ClientServiceImplTest, testException = [null], mergedContextConfiguration = [MergedContextConfiguration@3c3d9b6b testClass = ClientServiceImplTest, locations = '{}', classes = '{class com.joseph.config.PersistenceJPAConfig}', contextInitializerClasses = '[]', activeProfiles = '{}', propertySourceLocations = '{}', propertySourceProperties = '{}', contextCustomizers = set[[empty]], contextLoader = 'org.springframework.test.context.support.DelegatingSmartContextLoader', parent = [null]], attributes = map[[empty]]], class annotated with @DirtiesContext [false] with mode [null], method annotated with @DirtiesContext [false] with mode [null].
16:39:03.998 [main] DEBUG org.springframework.test.context.transaction.TransactionalTestExecutionListener - Explicit transaction definition [PROPAGATION_REQUIRED,ISOLATION_DEFAULT] found for test context [DefaultTestContext@158a8276 testClass = ClientServiceImplTest, testInstance = com.joseph.service.Impl.ClientServiceImplTest@7ca16adc, testMethod = TestGetClients@ClientServiceImplTest, testException = [null], mergedContextConfiguration = [MergedContextConfiguration@3c3d9b6b testClass = ClientServiceImplTest, locations = '{}', classes = '{class com.joseph.config.PersistenceJPAConfig}', contextInitializerClasses = '[]', activeProfiles = '{}', propertySourceLocations = '{}', propertySourceProperties = '{}', contextCustomizers = set[[empty]], contextLoader = 'org.springframework.test.context.support.DelegatingSmartContextLoader', parent = [null]], attributes = map[[empty]]]
16:39:03.998 [main] DEBUG org.springframework.test.context.cache.DefaultCacheAwareContextLoaderDelegate - Retrieved ApplicationContext [270056930] from cache with key [[MergedContextConfiguration@3c3d9b6b testClass = ClientServiceImplTest, locations = '{}', classes = '{class com.joseph.config.PersistenceJPAConfig}', contextInitializerClasses = '[]', activeProfiles = '{}', propertySourceLocations = '{}', propertySourceProperties = '{}', contextCustomizers = set[[empty]], contextLoader = 'org.springframework.test.context.support.DelegatingSmartContextLoader', parent = [null]]]
16:39:03.999 [main] DEBUG org.springframework.test.context.cache - Spring test ApplicationContext cache statistics: [DefaultContextCache@65bb6275 size = 1, maxSize = 32, parentContextCount = 0, hitCount = 16, missCount = 1]
16:39:03.999 [main] DEBUG org.springframework.test.context.transaction.TransactionalTestExecutionListener - No method-level @Rollback override: using default rollback [true] for test context [DefaultTestContext@158a8276 testClass = ClientServiceImplTest, testInstance = com.joseph.service.Impl.ClientServiceImplTest@7ca16adc, testMethod = TestGetClients@ClientServiceImplTest, testException = [null], mergedContextConfiguration = [MergedContextConfiguration@3c3d9b6b testClass = ClientServiceImplTest, locations = '{}', classes = '{class com.joseph.config.PersistenceJPAConfig}', contextInitializerClasses = '[]', activeProfiles = '{}', propertySourceLocations = '{}', propertySourceProperties = '{}', contextCustomizers = set[[empty]], contextLoader = 'org.springframework.test.context.support.DelegatingSmartContextLoader', parent = [null]], attributes = map[[empty]]].
16:39:04.000 [main] DEBUG org.springframework.orm.jpa.JpaTransactionManager - Creating new transaction with name [com.joseph.service.Impl.ClientServiceImplTest.TestGetClients]: PROPAGATION_REQUIRED,ISOLATION_DEFAULT
16:39:04.001 [main] DEBUG org.springframework.orm.jpa.JpaTransactionManager - Opened new EntityManager [SessionImpl(PersistenceContext[entityKeys=[],collectionKeys=[]];ActionQueue[insertions=ExecutableList{size=0} updates=ExecutableList{size=0} deletions=ExecutableList{size=0} orphanRemovals=ExecutableList{size=0} collectionCreations=ExecutableList{size=0} collectionRemovals=ExecutableList{size=0} collectionUpdates=ExecutableList{size=0} collectionQueuedOps=ExecutableList{size=0} unresolvedInsertDependencies=null])] for JPA transaction
16:39:04.002 [main] DEBUG org.hibernate.engine.transaction.internal.TransactionImpl - begin
16:39:04.002 [main] DEBUG org.springframework.jdbc.datasource.DriverManagerDataSource - Creating new JDBC DriverManager Connection to [jdbc:mysql://localhost:3306/testcraftcore?useSSL=false&useTimezone=true&serverTimezone=UTC]
16:39:04.009 [main] DEBUG org.springframework.orm.jpa.JpaTransactionManager - Exposing JPA transaction as JDBC [org.springframework.orm.jpa.vendor.HibernateJpaDialect$HibernateConnectionHandle@4ac8768e]
16:39:04.010 [main] INFO org.springframework.test.context.transaction.TransactionContext - Began transaction (1) for test context [DefaultTestContext@158a8276 testClass = ClientServiceImplTest, testInstance = com.joseph.service.Impl.ClientServiceImplTest@7ca16adc, testMethod = TestGetClients@ClientServiceImplTest, testException = [null], mergedContextConfiguration = [MergedContextConfiguration@3c3d9b6b testClass = ClientServiceImplTest, locations = '{}', classes = '{class com.joseph.config.PersistenceJPAConfig}', contextInitializerClasses = '[]', activeProfiles = '{}', propertySourceLocations = '{}', propertySourceProperties = '{}', contextCustomizers = set[[empty]], contextLoader = 'org.springframework.test.context.support.DelegatingSmartContextLoader', parent = [null]], attributes = map[[empty]]]; transaction manager [org.springframework.orm.jpa.JpaTransactionManager@58a2d9f9]; rollback [true]
16:39:04.010 [main] DEBUG org.springframework.test.context.cache.DefaultCacheAwareContextLoaderDelegate - Retrieved ApplicationContext [270056930] from cache with key [[MergedContextConfiguration@3c3d9b6b testClass = ClientServiceImplTest, locations = '{}', classes = '{class com.joseph.config.PersistenceJPAConfig}', contextInitializerClasses = '[]', activeProfiles = '{}', propertySourceLocations = '{}', propertySourceProperties = '{}', contextCustomizers = set[[empty]], contextLoader = 'org.springframework.test.context.support.DelegatingSmartContextLoader', parent = [null]]]
16:39:04.010 [main] DEBUG org.springframework.test.context.cache - Spring test ApplicationContext cache statistics: [DefaultContextCache@65bb6275 size = 1, maxSize = 32, parentContextCount = 0, hitCount = 17, missCount = 1]
16:39:04.010 [main] DEBUG org.springframework.orm.jpa.JpaTransactionManager - Found thread-bound EntityManager [SessionImpl(PersistenceContext[entityKeys=[],collectionKeys=[]];ActionQueue[insertions=ExecutableList{size=0} updates=ExecutableList{size=0} deletions=ExecutableList{size=0} orphanRemovals=ExecutableList{size=0} collectionCreations=ExecutableList{size=0} collectionRemovals=ExecutableList{size=0} collectionUpdates=ExecutableList{size=0} collectionQueuedOps=ExecutableList{size=0} unresolvedInsertDependencies=null])] for JPA transaction
16:39:04.010 [main] DEBUG org.springframework.orm.jpa.JpaTransactionManager - Participating in existing transaction
16:39:04.011 [main] DEBUG org.hibernate.query.criteria.internal.CriteriaQueryImpl - Rendered criteria query -> select generatedAlias0 from Client as generatedAlias0
16:39:04.011 [main] DEBUG org.hibernate.SQL - select client0_.idclient as idclient1_0_, client0_.emailclient as emailcli2_0_, client0_.nameclient as nameclie3_0_ from client client0_
16:39:04.013 [main] DEBUG org.hibernate.loader.Loader - Result set row: 0
16:39:04.013 [main] DEBUG org.hibernate.loader.Loader - Result row: EntityKey[com.joseph.entity.Client#119]
16:39:04.013 [main] DEBUG org.hibernate.loader.Loader - Result set row: 1
16:39:04.013 [main] DEBUG org.hibernate.loader.Loader - Result row: EntityKey[com.joseph.entity.Client#118]
16:39:04.014 [main] DEBUG org.hibernate.loader.Loader - Result set row: 2
16:39:04.014 [main] DEBUG org.hibernate.loader.Loader - Result row: EntityKey[com.joseph.entity.Client#117]
16:39:04.014 [main] DEBUG org.hibernate.loader.Loader - Result set row: 3
16:39:04.014 [main] DEBUG org.hibernate.loader.Loader - Result row: EntityKey[com.joseph.entity.Client#116]
16:39:04.014 [main] DEBUG org.hibernate.engine.internal.TwoPhaseLoad - Resolving associations for [com.joseph.entity.Client#119]
16:39:04.014 [main] DEBUG org.hibernate.engine.internal.TwoPhaseLoad - Done materializing entity [com.joseph.entity.Client#119]
16:39:04.014 [main] DEBUG org.hibernate.engine.internal.TwoPhaseLoad - Resolving associations for [com.joseph.entity.Client#118]
16:39:04.014 [main] DEBUG org.hibernate.engine.internal.TwoPhaseLoad - Done materializing entity [com.joseph.entity.Client#118]
16:39:04.014 [main] DEBUG org.hibernate.engine.internal.TwoPhaseLoad - Resolving associations for [com.joseph.entity.Client#117]
16:39:04.014 [main] DEBUG org.hibernate.engine.internal.TwoPhaseLoad - Done materializing entity [com.joseph.entity.Client#117]
16:39:04.014 [main] DEBUG org.hibernate.engine.internal.TwoPhaseLoad - Resolving associations for [com.joseph.entity.Client#116]
16:39:04.014 [main] DEBUG org.hibernate.engine.internal.TwoPhaseLoad - Done materializing entity [com.joseph.entity.Client#116]
16:39:04.015 [main] DEBUG org.hibernate.loader.collection.plan.AbstractLoadPlanBasedCollectionInitializer - Loading collection: [com.joseph.entity.Client.orders#119]
16:39:04.015 [main] DEBUG org.hibernate.SQL - select orders0_.idclient as idclient5_1_0_, orders0_.idorder as idorder1_1_0_, orders0_.idorder as idorder1_1_1_, orders0_.idclient as idclient5_1_1_, orders0_.dateorder as dateorde2_1_1_, orders0_.statusorder as statusor3_1_1_, orders0_.totalorder as totalord4_1_1_ from order_table orders0_ where orders0_.idclient=?
16:39:04.017 [main] DEBUG org.hibernate.loader.plan.exec.process.internal.ResultSetProcessorImpl - Preparing collection intializer : [com.joseph.entity.Client.orders#119]
16:39:04.018 [main] DEBUG org.hibernate.engine.loading.internal.CollectionLoadContext - 1 collections were found in result set for role: com.joseph.entity.Client.orders
16:39:04.018 [main] DEBUG org.hibernate.engine.loading.internal.CollectionLoadContext - Collection fully initialized: [com.joseph.entity.Client.orders#119]
16:39:04.018 [main] DEBUG org.hibernate.engine.loading.internal.CollectionLoadContext - 1 collections initialized for role: com.joseph.entity.Client.orders
16:39:04.018 [main] DEBUG org.hibernate.resource.jdbc.internal.ResourceRegistryStandardImpl - HHH000387: ResultSet's statement was not registered
16:39:04.018 [main] DEBUG org.hibernate.loader.collection.plan.AbstractLoadPlanBasedCollectionInitializer - Done loading collection
16:39:04.019 [main] DEBUG org.hibernate.loader.collection.plan.AbstractLoadPlanBasedCollectionInitializer - Loading collection: [com.joseph.entity.Client.orders#118]
16:39:04.019 [main] DEBUG org.hibernate.SQL - select orders0_.idclient as idclient5_1_0_, orders0_.idorder as idorder1_1_0_, orders0_.idorder as idorder1_1_1_, orders0_.idclient as idclient5_1_1_, orders0_.dateorder as dateorde2_1_1_, orders0_.statusorder as statusor3_1_1_, orders0_.totalorder as totalord4_1_1_ from order_table orders0_ where orders0_.idclient=?
16:39:04.020 [main] DEBUG org.hibernate.loader.plan.exec.process.internal.ResultSetProcessorImpl - Preparing collection intializer : [com.joseph.entity.Client.orders#118]
16:39:04.020 [main] DEBUG org.hibernate.engine.loading.internal.CollectionLoadContext - 1 collections were found in result set for role: com.joseph.entity.Client.orders
16:39:04.020 [main] DEBUG org.hibernate.engine.loading.internal.CollectionLoadContext - Collection fully initialized: [com.joseph.entity.Client.orders#118]
16:39:04.020 [main] DEBUG org.hibernate.engine.loading.internal.CollectionLoadContext - 1 collections initialized for role: com.joseph.entity.Client.orders
16:39:04.021 [main] DEBUG org.hibernate.resource.jdbc.internal.ResourceRegistryStandardImpl - HHH000387: ResultSet's statement was not registered
16:39:04.021 [main] DEBUG org.hibernate.loader.collection.plan.AbstractLoadPlanBasedCollectionInitializer - Done loading collection
16:39:04.021 [main] DEBUG org.hibernate.loader.collection.plan.AbstractLoadPlanBasedCollectionInitializer - Loading collection: [com.joseph.entity.Client.orders#117]
16:39:04.021 [main] DEBUG org.hibernate.SQL - select orders0_.idclient as idclient5_1_0_, orders0_.idorder as idorder1_1_0_, orders0_.idorder as idorder1_1_1_, orders0_.idclient as idclient5_1_1_, orders0_.dateorder as dateorde2_1_1_, orders0_.statusorder as statusor3_1_1_, orders0_.totalorder as totalord4_1_1_ from order_table orders0_ where orders0_.idclient=?
16:39:04.023 [main] DEBUG org.hibernate.loader.plan.exec.process.internal.ResultSetProcessorImpl - Preparing collection intializer : [com.joseph.entity.Client.orders#117]
16:39:04.023 [main] DEBUG org.hibernate.engine.loading.internal.CollectionLoadContext - 1 collections were found in result set for role: com.joseph.entity.Client.orders
16:39:04.023 [main] DEBUG org.hibernate.engine.loading.internal.CollectionLoadContext - Collection fully initialized: [com.joseph.entity.Client.orders#117]
16:39:04.023 [main] DEBUG org.hibernate.engine.loading.internal.CollectionLoadContext - 1 collections initialized for role: com.joseph.entity.Client.orders
16:39:04.023 [main] DEBUG org.hibernate.resource.jdbc.internal.ResourceRegistryStandardImpl - HHH000387: ResultSet's statement was not registered
16:39:04.023 [main] DEBUG org.hibernate.loader.collection.plan.AbstractLoadPlanBasedCollectionInitializer - Done loading collection
16:39:04.023 [main] DEBUG org.hibernate.loader.collection.plan.AbstractLoadPlanBasedCollectionInitializer - Loading collection: [com.joseph.entity.Client.orders#116]
16:39:04.024 [main] DEBUG org.hibernate.SQL - select orders0_.idclient as idclient5_1_0_, orders0_.idorder as idorder1_1_0_, orders0_.idorder as idorder1_1_1_, orders0_.idclient as idclient5_1_1_, orders0_.dateorder as dateorde2_1_1_, orders0_.statusorder as statusor3_1_1_, orders0_.totalorder as totalord4_1_1_ from order_table orders0_ where orders0_.idclient=?
16:39:04.027 [main] DEBUG org.hibernate.loader.plan.exec.process.internal.ResultSetProcessorImpl - Preparing collection intializer : [com.joseph.entity.Client.orders#116]
16:39:04.027 [main] DEBUG org.hibernate.engine.loading.internal.CollectionLoadContext - 1 collections were found in result set for role: com.joseph.entity.Client.orders
16:39:04.027 [main] DEBUG org.hibernate.engine.loading.internal.CollectionLoadContext - Collection fully initialized: [com.joseph.entity.Client.orders#116]
16:39:04.027 [main] DEBUG org.hibernate.engine.loading.internal.CollectionLoadContext - 1 collections initialized for role: com.joseph.entity.Client.orders
16:39:04.027 [main] DEBUG org.hibernate.resource.jdbc.internal.ResourceRegistryStandardImpl - HHH000387: ResultSet's statement was not registered
16:39:04.027 [main] DEBUG org.hibernate.loader.collection.plan.AbstractLoadPlanBasedCollectionInitializer - Done loading collection
16:39:04.027 [main] DEBUG org.springframework.orm.jpa.JpaTransactionManager - Found thread-bound EntityManager [SessionImpl(PersistenceContext[entityKeys=[EntityKey[com.joseph.entity.Client#119], EntityKey[com.joseph.entity.Client#116], EntityKey[com.joseph.entity.Client#118], EntityKey[com.joseph.entity.Client#117]],collectionKeys=[CollectionKey[com.joseph.entity.Client.orders#116], CollectionKey[com.joseph.entity.Client.orders#117], CollectionKey[com.joseph.entity.Client.orders#118], CollectionKey[com.joseph.entity.Client.orders#119]]];ActionQueue[insertions=ExecutableList{size=0} updates=ExecutableList{size=0} deletions=ExecutableList{size=4} orphanRemovals=ExecutableList{size=0} collectionCreations=ExecutableList{size=0} collectionRemovals=ExecutableList{size=0} collectionUpdates=ExecutableList{size=0} collectionQueuedOps=ExecutableList{size=0} unresolvedInsertDependencies=null])] for JPA transaction
16:39:04.028 [main] DEBUG org.springframework.orm.jpa.JpaTransactionManager - Participating in existing transaction
16:39:04.028 [main] DEBUG org.hibernate.engine.spi.ActionQueue - Executing identity-insert immediately
16:39:04.028 [main] DEBUG org.hibernate.SQL - insert into client (emailclient, nameclient) values (?, ?)
16:39:04.029 [main] DEBUG org.hibernate.id.IdentifierGeneratorHelper - Natively generated identity: 120
16:39:04.029 [main] DEBUG org.hibernate.resource.jdbc.internal.ResourceRegistryStandardImpl - HHH000387: ResultSet's statement was not registered
16:39:04.029 [main] DEBUG org.springframework.orm.jpa.JpaTransactionManager - Found thread-bound EntityManager [SessionImpl(PersistenceContext[entityKeys=[EntityKey[com.joseph.entity.Client#120], EntityKey[com.joseph.entity.Client#119], EntityKey[com.joseph.entity.Client#116], EntityKey[com.joseph.entity.Client#118], EntityKey[com.joseph.entity.Client#117]],collectionKeys=[CollectionKey[com.joseph.entity.Client.orders#116], CollectionKey[com.joseph.entity.Client.orders#117], CollectionKey[com.joseph.entity.Client.orders#118], CollectionKey[com.joseph.entity.Client.orders#119]]];ActionQueue[insertions=ExecutableList{size=0} updates=ExecutableList{size=0} deletions=ExecutableList{size=4} orphanRemovals=ExecutableList{size=0} collectionCreations=ExecutableList{size=0} collectionRemovals=ExecutableList{size=0} collectionUpdates=ExecutableList{size=0} collectionQueuedOps=ExecutableList{size=0} unresolvedInsertDependencies=null])] for JPA transaction
16:39:04.029 [main] DEBUG org.springframework.orm.jpa.JpaTransactionManager - Participating in existing transaction
16:39:04.029 [main] DEBUG org.hibernate.engine.spi.ActionQueue - Executing identity-insert immediately
16:39:04.030 [main] DEBUG org.hibernate.SQL - insert into client (emailclient, nameclient) values (?, ?)
16:39:04.031 [main] DEBUG org.hibernate.id.IdentifierGeneratorHelper - Natively generated identity: 121
16:39:04.031 [main] DEBUG org.hibernate.resource.jdbc.internal.ResourceRegistryStandardImpl - HHH000387: ResultSet's statement was not registered
16:39:04.031 [main] DEBUG org.springframework.orm.jpa.JpaTransactionManager - Found thread-bound EntityManager [SessionImpl(PersistenceContext[entityKeys=[EntityKey[com.joseph.entity.Client#120], EntityKey[com.joseph.entity.Client#119], EntityKey[com.joseph.entity.Client#121], EntityKey[com.joseph.entity.Client#116], EntityKey[com.joseph.entity.Client#118], EntityKey[com.joseph.entity.Client#117]],collectionKeys=[CollectionKey[com.joseph.entity.Client.orders#116], CollectionKey[com.joseph.entity.Client.orders#117], CollectionKey[com.joseph.entity.Client.orders#118], CollectionKey[com.joseph.entity.Client.orders#119]]];ActionQueue[insertions=ExecutableList{size=0} updates=ExecutableList{size=0} deletions=ExecutableList{size=4} orphanRemovals=ExecutableList{size=0} collectionCreations=ExecutableList{size=0} collectionRemovals=ExecutableList{size=0} collectionUpdates=ExecutableList{size=0} collectionQueuedOps=ExecutableList{size=0} unresolvedInsertDependencies=null])] for JPA transaction
16:39:04.031 [main] DEBUG org.springframework.orm.jpa.JpaTransactionManager - Participating in existing transaction
16:39:04.031 [main] DEBUG org.hibernate.engine.spi.ActionQueue - Executing identity-insert immediately
16:39:04.031 [main] DEBUG org.hibernate.SQL - insert into client (emailclient, nameclient) values (?, ?)
16:39:04.033 [main] DEBUG org.hibernate.id.IdentifierGeneratorHelper - Natively generated identity: 122
16:39:04.033 [main] DEBUG org.hibernate.resource.jdbc.internal.ResourceRegistryStandardImpl - HHH000387: ResultSet's statement was not registered
16:39:04.034 [main] DEBUG org.springframework.test.context.cache.DefaultCacheAwareContextLoaderDelegate - Retrieved ApplicationContext [270056930] from cache with key [[MergedContextConfiguration@3c3d9b6b testClass = ClientServiceImplTest, locations = '{}', classes = '{class com.joseph.config.PersistenceJPAConfig}', contextInitializerClasses = '[]', activeProfiles = '{}', propertySourceLocations = '{}', propertySourceProperties = '{}', contextCustomizers = set[[empty]], contextLoader = 'org.springframework.test.context.support.DelegatingSmartContextLoader', parent = [null]]]
16:39:04.034 [main] DEBUG org.springframework.test.context.cache - Spring test ApplicationContext cache statistics: [DefaultContextCache@65bb6275 size = 1, maxSize = 32, parentContextCount = 0, hitCount = 18, missCount = 1]
16:39:04.035 [main] DEBUG org.springframework.orm.jpa.JpaTransactionManager - Found thread-bound EntityManager [SessionImpl(PersistenceContext[entityKeys=[EntityKey[com.joseph.entity.Client#120], EntityKey[com.joseph.entity.Client#119], EntityKey[com.joseph.entity.Client#122], EntityKey[com.joseph.entity.Client#121], EntityKey[com.joseph.entity.Client#116], EntityKey[com.joseph.entity.Client#118], EntityKey[com.joseph.entity.Client#117]],collectionKeys=[CollectionKey[com.joseph.entity.Client.orders#116], CollectionKey[com.joseph.entity.Client.orders#117], CollectionKey[com.joseph.entity.Client.orders#118], CollectionKey[com.joseph.entity.Client.orders#119]]];ActionQueue[insertions=ExecutableList{size=0} updates=ExecutableList{size=0} deletions=ExecutableList{size=4} orphanRemovals=ExecutableList{size=0} collectionCreations=ExecutableList{size=0} collectionRemovals=ExecutableList{size=0} collectionUpdates=ExecutableList{size=0} collectionQueuedOps=ExecutableList{size=0} unresolvedInsertDependencies=null])] for JPA transaction
16:39:04.035 [main] DEBUG org.springframework.orm.jpa.JpaTransactionManager - Participating in existing transaction
16:39:04.035 [main] DEBUG org.springframework.orm.jpa.JpaTransactionManager - Found thread-bound EntityManager [SessionImpl(PersistenceContext[entityKeys=[EntityKey[com.joseph.entity.Client#120], EntityKey[com.joseph.entity.Client#119], EntityKey[com.joseph.entity.Client#122], EntityKey[com.joseph.entity.Client#121], EntityKey[com.joseph.entity.Client#116], EntityKey[com.joseph.entity.Client#118], EntityKey[com.joseph.entity.Client#117]],collectionKeys=[CollectionKey[com.joseph.entity.Client.orders#116], CollectionKey[com.joseph.entity.Client.orders#117], CollectionKey[com.joseph.entity.Client.orders#118], CollectionKey[com.joseph.entity.Client.orders#119]]];ActionQueue[insertions=ExecutableList{size=0} updates=ExecutableList{size=0} deletions=ExecutableList{size=4} orphanRemovals=ExecutableList{size=0} collectionCreations=ExecutableList{size=0} collectionRemovals=ExecutableList{size=0} collectionUpdates=ExecutableList{size=0} collectionQueuedOps=ExecutableList{size=0} unresolvedInsertDependencies=null])] for JPA transaction
16:39:04.036 [main] DEBUG org.springframework.orm.jpa.JpaTransactionManager - Participating in existing transaction
16:39:04.036 [main] DEBUG org.hibernate.query.criteria.internal.CriteriaQueryImpl - Rendered criteria query -> select generatedAlias0 from Client as generatedAlias0
16:39:04.036 [main] DEBUG org.hibernate.event.internal.AbstractFlushingEventListener - Processing flush-time cascades
16:39:04.036 [main] DEBUG org.hibernate.event.internal.AbstractFlushingEventListener - Dirty checking collections
16:39:04.037 [main] DEBUG org.hibernate.engine.internal.Collections - Collection found: [com.joseph.entity.Client.orders#120], was: [<unreferenced>] (initialized)
16:39:04.037 [main] DEBUG org.hibernate.engine.internal.Collections - Collection found: [com.joseph.entity.Client.orders#121], was: [<unreferenced>] (initialized)
16:39:04.037 [main] DEBUG org.hibernate.engine.internal.Collections - Collection found: [com.joseph.entity.Client.orders#122], was: [<unreferenced>] (initialized)
16:39:04.037 [main] DEBUG org.hibernate.engine.internal.Collections - Collection dereferenced: [com.joseph.entity.Client.orders#119]
16:39:04.037 [main] DEBUG org.hibernate.engine.internal.Collections - Collection dereferenced: [com.joseph.entity.Client.orders#118]
16:39:04.037 [main] DEBUG org.hibernate.engine.internal.Collections - Collection dereferenced: [com.joseph.entity.Client.orders#117]
16:39:04.037 [main] DEBUG org.hibernate.engine.internal.Collections - Collection dereferenced: [com.joseph.entity.Client.orders#116]
16:39:04.037 [main] DEBUG org.hibernate.event.internal.AbstractFlushingEventListener - Flushed: 0 insertions, 0 updates, 4 deletions to 7 objects
16:39:04.037 [main] DEBUG org.hibernate.event.internal.AbstractFlushingEventListener - Flushed: 3 (re)creations, 0 updates, 4 removals to 7 collections
16:39:04.037 [main] DEBUG org.hibernate.internal.util.EntityPrinter - Listing entities:
16:39:04.037 [main] DEBUG org.hibernate.internal.util.EntityPrinter - com.joseph.entity.Client{nameclient=test, emailclient=test@test.com, orders=[], idclient=120}
16:39:04.037 [main] DEBUG org.hibernate.internal.util.EntityPrinter - com.joseph.entity.Client{nameclient=test4, emailclient=test4@test.com, orders=[], idclient=119}
16:39:04.037 [main] DEBUG org.hibernate.internal.util.EntityPrinter - com.joseph.entity.Client{nameclient=test, emailclient=test2@test.com, orders=[], idclient=122}
16:39:04.037 [main] DEBUG org.hibernate.internal.util.EntityPrinter - com.joseph.entity.Client{nameclient=test, emailclient=test1@test.com, orders=[], idclient=121}
16:39:04.037 [main] DEBUG org.hibernate.internal.util.EntityPrinter - com.joseph.entity.Client{nameclient=test, emailclient=test@test.com, orders=[], idclient=116}
16:39:04.037 [main] DEBUG org.hibernate.internal.util.EntityPrinter - com.joseph.entity.Client{nameclient=test, emailclient=test2@test.com, orders=[], idclient=118}
16:39:04.037 [main] DEBUG org.hibernate.internal.util.EntityPrinter - com.joseph.entity.Client{nameclient=test, emailclient=test1@test.com, orders=[], idclient=117}
16:39:04.037 [main] DEBUG org.hibernate.engine.spi.ActionQueue - Changes must be flushed to space: client
16:39:04.038 [main] DEBUG org.hibernate.SQL - delete from client where idclient=?
16:39:04.038 [main] DEBUG org.hibernate.SQL - delete from client where idclient=?
16:39:04.040 [main] DEBUG org.hibernate.SQL - delete from client where idclient=?
16:39:04.041 [main] DEBUG org.hibernate.SQL - delete from client where idclient=?
16:39:04.042 [main] DEBUG org.hibernate.SQL - select client0_.idclient as idclient1_0_, client0_.emailclient as emailcli2_0_, client0_.nameclient as nameclie3_0_ from client client0_
16:39:04.044 [main] DEBUG org.hibernate.loader.Loader - Result set row: 0
16:39:04.044 [main] DEBUG org.hibernate.loader.Loader - Result row: EntityKey[com.joseph.entity.Client#122]
16:39:04.044 [main] DEBUG org.hibernate.loader.Loader - Result set row: 1
16:39:04.045 [main] DEBUG org.hibernate.loader.Loader - Result row: EntityKey[com.joseph.entity.Client#121]
16:39:04.045 [main] DEBUG org.hibernate.loader.Loader - Result set row: 2
16:39:04.046 [main] DEBUG org.hibernate.loader.Loader - Result row: EntityKey[com.joseph.entity.Client#120]
16:39:04.048 [main] DEBUG org.springframework.test.context.cache.DefaultCacheAwareContextLoaderDelegate - Retrieved ApplicationContext [270056930] from cache with key [[MergedContextConfiguration@3c3d9b6b testClass = ClientServiceImplTest, locations = '{}', classes = '{class com.joseph.config.PersistenceJPAConfig}', contextInitializerClasses = '[]', activeProfiles = '{}', propertySourceLocations = '{}', propertySourceProperties = '{}', contextCustomizers = set[[empty]], contextLoader = 'org.springframework.test.context.support.DelegatingSmartContextLoader', parent = [null]]]
16:39:04.048 [main] DEBUG org.springframework.test.context.cache - Spring test ApplicationContext cache statistics: [DefaultContextCache@65bb6275 size = 1, maxSize = 32, parentContextCount = 0, hitCount = 19, missCount = 1]
16:39:04.052 [main] DEBUG org.springframework.orm.jpa.JpaTransactionManager - Found thread-bound EntityManager [SessionImpl(PersistenceContext[entityKeys=[EntityKey[com.joseph.entity.Client#120], EntityKey[com.joseph.entity.Client#122], EntityKey[com.joseph.entity.Client#121]],collectionKeys=[CollectionKey[com.joseph.entity.Client.orders#120], CollectionKey[com.joseph.entity.Client.orders#121], CollectionKey[com.joseph.entity.Client.orders#122]]];ActionQueue[insertions=ExecutableList{size=0} updates=ExecutableList{size=0} deletions=ExecutableList{size=0} orphanRemovals=ExecutableList{size=0} collectionCreations=ExecutableList{size=0} collectionRemovals=ExecutableList{size=0} collectionUpdates=ExecutableList{size=0} collectionQueuedOps=ExecutableList{size=0} unresolvedInsertDependencies=null])] for JPA transaction
16:39:04.052 [main] DEBUG org.springframework.orm.jpa.JpaTransactionManager - Participating in existing transaction
16:39:04.052 [main] DEBUG org.hibernate.query.criteria.internal.CriteriaQueryImpl - Rendered criteria query -> select generatedAlias0 from Client as generatedAlias0
16:39:04.053 [main] DEBUG org.hibernate.event.internal.AbstractFlushingEventListener - Processing flush-time cascades
16:39:04.053 [main] DEBUG org.hibernate.event.internal.AbstractFlushingEventListener - Dirty checking collections
16:39:04.054 [main] DEBUG org.hibernate.engine.internal.Collections - Collection found: [com.joseph.entity.Client.orders#120], was: [com.joseph.entity.Client.orders#120] (initialized)
16:39:04.058 [main] DEBUG org.hibernate.engine.internal.Collections - Collection found: [com.joseph.entity.Client.orders#121], was: [com.joseph.entity.Client.orders#121] (initialized)
16:39:04.058 [main] DEBUG org.hibernate.engine.internal.Collections - Collection found: [com.joseph.entity.Client.orders#122], was: [com.joseph.entity.Client.orders#122] (initialized)
16:39:04.059 [main] DEBUG org.hibernate.event.internal.AbstractFlushingEventListener - Flushed: 0 insertions, 0 updates, 0 deletions to 3 objects
16:39:04.059 [main] DEBUG org.hibernate.event.internal.AbstractFlushingEventListener - Flushed: 0 (re)creations, 0 updates, 0 removals to 3 collections
16:39:04.059 [main] DEBUG org.hibernate.internal.util.EntityPrinter - Listing entities:
16:39:04.059 [main] DEBUG org.hibernate.internal.util.EntityPrinter - com.joseph.entity.Client{nameclient=test, emailclient=test@test.com, orders=[], idclient=120}
16:39:04.059 [main] DEBUG org.hibernate.internal.util.EntityPrinter - com.joseph.entity.Client{nameclient=test, emailclient=test2@test.com, orders=[], idclient=122}
16:39:04.059 [main] DEBUG org.hibernate.internal.util.EntityPrinter - com.joseph.entity.Client{nameclient=test, emailclient=test1@test.com, orders=[], idclient=121}
16:39:04.059 [main] DEBUG org.hibernate.SQL - select client0_.idclient as idclient1_0_, client0_.emailclient as emailcli2_0_, client0_.nameclient as nameclie3_0_ from client client0_
16:39:04.060 [main] DEBUG org.hibernate.loader.Loader - Result set row: 0
16:39:04.061 [main] DEBUG org.hibernate.loader.Loader - Result row: EntityKey[com.joseph.entity.Client#122]
16:39:04.061 [main] DEBUG org.hibernate.loader.Loader - Result set row: 1
16:39:04.061 [main] DEBUG org.hibernate.loader.Loader - Result row: EntityKey[com.joseph.entity.Client#121]
16:39:04.061 [main] DEBUG org.hibernate.loader.Loader - Result set row: 2
16:39:04.061 [main] DEBUG org.hibernate.loader.Loader - Result row: EntityKey[com.joseph.entity.Client#120]
16:39:04.063 [main] DEBUG org.springframework.test.context.cache.DefaultCacheAwareContextLoaderDelegate - Retrieved ApplicationContext [270056930] from cache with key [[MergedContextConfiguration@3c3d9b6b testClass = ClientServiceImplTest, locations = '{}', classes = '{class com.joseph.config.PersistenceJPAConfig}', contextInitializerClasses = '[]', activeProfiles = '{}', propertySourceLocations = '{}', propertySourceProperties = '{}', contextCustomizers = set[[empty]], contextLoader = 'org.springframework.test.context.support.DelegatingSmartContextLoader', parent = [null]]]
16:39:04.063 [main] DEBUG org.springframework.test.context.cache - Spring test ApplicationContext cache statistics: [DefaultContextCache@65bb6275 size = 1, maxSize = 32, parentContextCount = 0, hitCount = 20, missCount = 1]
16:39:04.063 [main] DEBUG org.springframework.orm.jpa.JpaTransactionManager - Initiating transaction rollback
16:39:04.063 [main] DEBUG org.springframework.orm.jpa.JpaTransactionManager - Rolling back JPA transaction on EntityManager [SessionImpl(PersistenceContext[entityKeys=[EntityKey[com.joseph.entity.Client#120], EntityKey[com.joseph.entity.Client#122], EntityKey[com.joseph.entity.Client#121]],collectionKeys=[CollectionKey[com.joseph.entity.Client.orders#120], CollectionKey[com.joseph.entity.Client.orders#121], CollectionKey[com.joseph.entity.Client.orders#122]]];ActionQueue[insertions=ExecutableList{size=0} updates=ExecutableList{size=0} deletions=ExecutableList{size=3} orphanRemovals=ExecutableList{size=0} collectionCreations=ExecutableList{size=0} collectionRemovals=ExecutableList{size=0} collectionUpdates=ExecutableList{size=0} collectionQueuedOps=ExecutableList{size=0} unresolvedInsertDependencies=null])]
16:39:04.063 [main] DEBUG org.hibernate.engine.transaction.internal.TransactionImpl - rolling back
16:39:04.071 [main] DEBUG org.springframework.orm.jpa.JpaTransactionManager - Closing JPA EntityManager [SessionImpl(PersistenceContext[entityKeys=[],collectionKeys=[]];ActionQueue[insertions=ExecutableList{size=0} updates=ExecutableList{size=0} deletions=ExecutableList{size=0} orphanRemovals=ExecutableList{size=0} collectionCreations=ExecutableList{size=0} collectionRemovals=ExecutableList{size=0} collectionUpdates=ExecutableList{size=0} collectionQueuedOps=ExecutableList{size=0} unresolvedInsertDependencies=null])] after transaction
16:39:04.071 [main] DEBUG org.hibernate.engine.jdbc.internal.JdbcCoordinatorImpl - HHH000420: Closing un-released batch
16:39:04.071 [main] INFO org.springframework.test.context.transaction.TransactionContext - Rolled back transaction for test: [DefaultTestContext@158a8276 testClass = ClientServiceImplTest, testInstance = com.joseph.service.Impl.ClientServiceImplTest@7ca16adc, testMethod = TestGetClients@ClientServiceImplTest, testException = [null], mergedContextConfiguration = [MergedContextConfiguration@3c3d9b6b testClass = ClientServiceImplTest, locations = '{}', classes = '{class com.joseph.config.PersistenceJPAConfig}', contextInitializerClasses = '[]', activeProfiles = '{}', propertySourceLocations = '{}', propertySourceProperties = '{}', contextCustomizers = set[[empty]], contextLoader = 'org.springframework.test.context.support.DelegatingSmartContextLoader', parent = [null]], attributes = map[[empty]]]
16:39:04.072 [main] DEBUG org.springframework.test.context.support.AbstractDirtiesContextTestExecutionListener - After test method: context [DefaultTestContext@158a8276 testClass = ClientServiceImplTest, testInstance = com.joseph.service.Impl.ClientServiceImplTest@7ca16adc, testMethod = TestGetClients@ClientServiceImplTest, testException = [null], mergedContextConfiguration = [MergedContextConfiguration@3c3d9b6b testClass = ClientServiceImplTest, locations = '{}', classes = '{class com.joseph.config.PersistenceJPAConfig}', contextInitializerClasses = '[]', activeProfiles = '{}', propertySourceLocations = '{}', propertySourceProperties = '{}', contextCustomizers = set[[empty]], contextLoader = 'org.springframework.test.context.support.DelegatingSmartContextLoader', parent = [null]], attributes = map[[empty]]], class annotated with @DirtiesContext [false] with mode [null], method annotated with @DirtiesContext [false] with mode [null].
]]></system-out>
  </testcase>
  <testcase name="TestGetClient" classname="com.joseph.service.Impl.ClientServiceImplTest" time="0.088">
    <system-out><![CDATA[16:39:04.073 [main] DEBUG org.springframework.test.context.support.DependencyInjectionTestExecutionListener - Performing dependency injection for test context [[DefaultTestContext@158a8276 testClass = ClientServiceImplTest, testInstance = com.joseph.service.Impl.ClientServiceImplTest@4a1a256d, testMethod = [null], testException = [null], mergedContextConfiguration = [MergedContextConfiguration@3c3d9b6b testClass = ClientServiceImplTest, locations = '{}', classes = '{class com.joseph.config.PersistenceJPAConfig}', contextInitializerClasses = '[]', activeProfiles = '{}', propertySourceLocations = '{}', propertySourceProperties = '{}', contextCustomizers = set[[empty]], contextLoader = 'org.springframework.test.context.support.DelegatingSmartContextLoader', parent = [null]], attributes = map[[empty]]]].
16:39:04.074 [main] DEBUG org.springframework.test.context.cache.DefaultCacheAwareContextLoaderDelegate - Retrieved ApplicationContext [270056930] from cache with key [[MergedContextConfiguration@3c3d9b6b testClass = ClientServiceImplTest, locations = '{}', classes = '{class com.joseph.config.PersistenceJPAConfig}', contextInitializerClasses = '[]', activeProfiles = '{}', propertySourceLocations = '{}', propertySourceProperties = '{}', contextCustomizers = set[[empty]], contextLoader = 'org.springframework.test.context.support.DelegatingSmartContextLoader', parent = [null]]]
16:39:04.074 [main] DEBUG org.springframework.test.context.cache - Spring test ApplicationContext cache statistics: [DefaultContextCache@65bb6275 size = 1, maxSize = 32, parentContextCount = 0, hitCount = 21, missCount = 1]
16:39:04.075 [main] DEBUG org.springframework.test.context.cache.DefaultCacheAwareContextLoaderDelegate - Retrieved ApplicationContext [270056930] from cache with key [[MergedContextConfiguration@3c3d9b6b testClass = ClientServiceImplTest, locations = '{}', classes = '{class com.joseph.config.PersistenceJPAConfig}', contextInitializerClasses = '[]', activeProfiles = '{}', propertySourceLocations = '{}', propertySourceProperties = '{}', contextCustomizers = set[[empty]], contextLoader = 'org.springframework.test.context.support.DelegatingSmartContextLoader', parent = [null]]]
16:39:04.075 [main] DEBUG org.springframework.test.context.cache - Spring test ApplicationContext cache statistics: [DefaultContextCache@65bb6275 size = 1, maxSize = 32, parentContextCount = 0, hitCount = 22, missCount = 1]
16:39:04.078 [main] DEBUG org.springframework.test.context.support.AbstractDirtiesContextTestExecutionListener - Before test method: context [DefaultTestContext@158a8276 testClass = ClientServiceImplTest, testInstance = com.joseph.service.Impl.ClientServiceImplTest@4a1a256d, testMethod = TestGetClient@ClientServiceImplTest, testException = [null], mergedContextConfiguration = [MergedContextConfiguration@3c3d9b6b testClass = ClientServiceImplTest, locations = '{}', classes = '{class com.joseph.config.PersistenceJPAConfig}', contextInitializerClasses = '[]', activeProfiles = '{}', propertySourceLocations = '{}', propertySourceProperties = '{}', contextCustomizers = set[[empty]], contextLoader = 'org.springframework.test.context.support.DelegatingSmartContextLoader', parent = [null]], attributes = map[[empty]]], class annotated with @DirtiesContext [false] with mode [null], method annotated with @DirtiesContext [false] with mode [null].
16:39:04.078 [main] DEBUG org.springframework.test.context.transaction.TransactionalTestExecutionListener - Explicit transaction definition [PROPAGATION_REQUIRED,ISOLATION_DEFAULT] found for test context [DefaultTestContext@158a8276 testClass = ClientServiceImplTest, testInstance = com.joseph.service.Impl.ClientServiceImplTest@4a1a256d, testMethod = TestGetClient@ClientServiceImplTest, testException = [null], mergedContextConfiguration = [MergedContextConfiguration@3c3d9b6b testClass = ClientServiceImplTest, locations = '{}', classes = '{class com.joseph.config.PersistenceJPAConfig}', contextInitializerClasses = '[]', activeProfiles = '{}', propertySourceLocations = '{}', propertySourceProperties = '{}', contextCustomizers = set[[empty]], contextLoader = 'org.springframework.test.context.support.DelegatingSmartContextLoader', parent = [null]], attributes = map[[empty]]]
16:39:04.078 [main] DEBUG org.springframework.test.context.cache.DefaultCacheAwareContextLoaderDelegate - Retrieved ApplicationContext [270056930] from cache with key [[MergedContextConfiguration@3c3d9b6b testClass = ClientServiceImplTest, locations = '{}', classes = '{class com.joseph.config.PersistenceJPAConfig}', contextInitializerClasses = '[]', activeProfiles = '{}', propertySourceLocations = '{}', propertySourceProperties = '{}', contextCustomizers = set[[empty]], contextLoader = 'org.springframework.test.context.support.DelegatingSmartContextLoader', parent = [null]]]
16:39:04.078 [main] DEBUG org.springframework.test.context.cache - Spring test ApplicationContext cache statistics: [DefaultContextCache@65bb6275 size = 1, maxSize = 32, parentContextCount = 0, hitCount = 23, missCount = 1]
16:39:04.079 [main] DEBUG org.springframework.test.context.transaction.TransactionalTestExecutionListener - No method-level @Rollback override: using default rollback [true] for test context [DefaultTestContext@158a8276 testClass = ClientServiceImplTest, testInstance = com.joseph.service.Impl.ClientServiceImplTest@4a1a256d, testMethod = TestGetClient@ClientServiceImplTest, testException = [null], mergedContextConfiguration = [MergedContextConfiguration@3c3d9b6b testClass = ClientServiceImplTest, locations = '{}', classes = '{class com.joseph.config.PersistenceJPAConfig}', contextInitializerClasses = '[]', activeProfiles = '{}', propertySourceLocations = '{}', propertySourceProperties = '{}', contextCustomizers = set[[empty]], contextLoader = 'org.springframework.test.context.support.DelegatingSmartContextLoader', parent = [null]], attributes = map[[empty]]].
16:39:04.079 [main] DEBUG org.springframework.orm.jpa.JpaTransactionManager - Creating new transaction with name [com.joseph.service.Impl.ClientServiceImplTest.TestGetClient]: PROPAGATION_REQUIRED,ISOLATION_DEFAULT
16:39:04.079 [main] DEBUG org.springframework.orm.jpa.JpaTransactionManager - Opened new EntityManager [SessionImpl(PersistenceContext[entityKeys=[],collectionKeys=[]];ActionQueue[insertions=ExecutableList{size=0} updates=ExecutableList{size=0} deletions=ExecutableList{size=0} orphanRemovals=ExecutableList{size=0} collectionCreations=ExecutableList{size=0} collectionRemovals=ExecutableList{size=0} collectionUpdates=ExecutableList{size=0} collectionQueuedOps=ExecutableList{size=0} unresolvedInsertDependencies=null])] for JPA transaction
16:39:04.079 [main] DEBUG org.hibernate.engine.transaction.internal.TransactionImpl - begin
16:39:04.079 [main] DEBUG org.springframework.jdbc.datasource.DriverManagerDataSource - Creating new JDBC DriverManager Connection to [jdbc:mysql://localhost:3306/testcraftcore?useSSL=false&useTimezone=true&serverTimezone=UTC]
16:39:04.101 [main] DEBUG org.springframework.orm.jpa.JpaTransactionManager - Exposing JPA transaction as JDBC [org.springframework.orm.jpa.vendor.HibernateJpaDialect$HibernateConnectionHandle@3cdc7b09]
16:39:04.102 [main] INFO org.springframework.test.context.transaction.TransactionContext - Began transaction (1) for test context [DefaultTestContext@158a8276 testClass = ClientServiceImplTest, testInstance = com.joseph.service.Impl.ClientServiceImplTest@4a1a256d, testMethod = TestGetClient@ClientServiceImplTest, testException = [null], mergedContextConfiguration = [MergedContextConfiguration@3c3d9b6b testClass = ClientServiceImplTest, locations = '{}', classes = '{class com.joseph.config.PersistenceJPAConfig}', contextInitializerClasses = '[]', activeProfiles = '{}', propertySourceLocations = '{}', propertySourceProperties = '{}', contextCustomizers = set[[empty]], contextLoader = 'org.springframework.test.context.support.DelegatingSmartContextLoader', parent = [null]], attributes = map[[empty]]]; transaction manager [org.springframework.orm.jpa.JpaTransactionManager@58a2d9f9]; rollback [true]
16:39:04.102 [main] DEBUG org.springframework.test.context.cache.DefaultCacheAwareContextLoaderDelegate - Retrieved ApplicationContext [270056930] from cache with key [[MergedContextConfiguration@3c3d9b6b testClass = ClientServiceImplTest, locations = '{}', classes = '{class com.joseph.config.PersistenceJPAConfig}', contextInitializerClasses = '[]', activeProfiles = '{}', propertySourceLocations = '{}', propertySourceProperties = '{}', contextCustomizers = set[[empty]], contextLoader = 'org.springframework.test.context.support.DelegatingSmartContextLoader', parent = [null]]]
16:39:04.102 [main] DEBUG org.springframework.test.context.cache - Spring test ApplicationContext cache statistics: [DefaultContextCache@65bb6275 size = 1, maxSize = 32, parentContextCount = 0, hitCount = 24, missCount = 1]
16:39:04.103 [main] DEBUG org.springframework.orm.jpa.JpaTransactionManager - Found thread-bound EntityManager [SessionImpl(PersistenceContext[entityKeys=[],collectionKeys=[]];ActionQueue[insertions=ExecutableList{size=0} updates=ExecutableList{size=0} deletions=ExecutableList{size=0} orphanRemovals=ExecutableList{size=0} collectionCreations=ExecutableList{size=0} collectionRemovals=ExecutableList{size=0} collectionUpdates=ExecutableList{size=0} collectionQueuedOps=ExecutableList{size=0} unresolvedInsertDependencies=null])] for JPA transaction
16:39:04.103 [main] DEBUG org.springframework.orm.jpa.JpaTransactionManager - Participating in existing transaction
16:39:04.103 [main] DEBUG org.hibernate.query.criteria.internal.CriteriaQueryImpl - Rendered criteria query -> select generatedAlias0 from Client as generatedAlias0
16:39:04.104 [main] DEBUG org.hibernate.SQL - select client0_.idclient as idclient1_0_, client0_.emailclient as emailcli2_0_, client0_.nameclient as nameclie3_0_ from client client0_
16:39:04.107 [main] DEBUG org.hibernate.loader.Loader - Result set row: 0
16:39:04.107 [main] DEBUG org.hibernate.loader.Loader - Result row: EntityKey[com.joseph.entity.Client#122]
16:39:04.107 [main] DEBUG org.hibernate.loader.Loader - Result set row: 1
16:39:04.108 [main] DEBUG org.hibernate.loader.Loader - Result row: EntityKey[com.joseph.entity.Client#121]
16:39:04.108 [main] DEBUG org.hibernate.loader.Loader - Result set row: 2
16:39:04.108 [main] DEBUG org.hibernate.loader.Loader - Result row: EntityKey[com.joseph.entity.Client#120]
16:39:04.108 [main] DEBUG org.hibernate.engine.internal.TwoPhaseLoad - Resolving associations for [com.joseph.entity.Client#122]
16:39:04.108 [main] DEBUG org.hibernate.engine.internal.TwoPhaseLoad - Done materializing entity [com.joseph.entity.Client#122]
16:39:04.108 [main] DEBUG org.hibernate.engine.internal.TwoPhaseLoad - Resolving associations for [com.joseph.entity.Client#121]
16:39:04.108 [main] DEBUG org.hibernate.engine.internal.TwoPhaseLoad - Done materializing entity [com.joseph.entity.Client#121]
16:39:04.108 [main] DEBUG org.hibernate.engine.internal.TwoPhaseLoad - Resolving associations for [com.joseph.entity.Client#120]
16:39:04.108 [main] DEBUG org.hibernate.engine.internal.TwoPhaseLoad - Done materializing entity [com.joseph.entity.Client#120]
16:39:04.109 [main] DEBUG org.hibernate.loader.collection.plan.AbstractLoadPlanBasedCollectionInitializer - Loading collection: [com.joseph.entity.Client.orders#122]
16:39:04.109 [main] DEBUG org.hibernate.SQL - select orders0_.idclient as idclient5_1_0_, orders0_.idorder as idorder1_1_0_, orders0_.idorder as idorder1_1_1_, orders0_.idclient as idclient5_1_1_, orders0_.dateorder as dateorde2_1_1_, orders0_.statusorder as statusor3_1_1_, orders0_.totalorder as totalord4_1_1_ from order_table orders0_ where orders0_.idclient=?
16:39:04.111 [main] DEBUG org.hibernate.loader.plan.exec.process.internal.ResultSetProcessorImpl - Preparing collection intializer : [com.joseph.entity.Client.orders#122]
16:39:04.111 [main] DEBUG org.hibernate.engine.loading.internal.CollectionLoadContext - 1 collections were found in result set for role: com.joseph.entity.Client.orders
16:39:04.111 [main] DEBUG org.hibernate.engine.loading.internal.CollectionLoadContext - Collection fully initialized: [com.joseph.entity.Client.orders#122]
16:39:04.112 [main] DEBUG org.hibernate.engine.loading.internal.CollectionLoadContext - 1 collections initialized for role: com.joseph.entity.Client.orders
16:39:04.112 [main] DEBUG org.hibernate.resource.jdbc.internal.ResourceRegistryStandardImpl - HHH000387: ResultSet's statement was not registered
16:39:04.112 [main] DEBUG org.hibernate.loader.collection.plan.AbstractLoadPlanBasedCollectionInitializer - Done loading collection
16:39:04.112 [main] DEBUG org.hibernate.loader.collection.plan.AbstractLoadPlanBasedCollectionInitializer - Loading collection: [com.joseph.entity.Client.orders#121]
16:39:04.112 [main] DEBUG org.hibernate.SQL - select orders0_.idclient as idclient5_1_0_, orders0_.idorder as idorder1_1_0_, orders0_.idorder as idorder1_1_1_, orders0_.idclient as idclient5_1_1_, orders0_.dateorder as dateorde2_1_1_, orders0_.statusorder as statusor3_1_1_, orders0_.totalorder as totalord4_1_1_ from order_table orders0_ where orders0_.idclient=?
16:39:04.114 [main] DEBUG org.hibernate.loader.plan.exec.process.internal.ResultSetProcessorImpl - Preparing collection intializer : [com.joseph.entity.Client.orders#121]
16:39:04.114 [main] DEBUG org.hibernate.engine.loading.internal.CollectionLoadContext - 1 collections were found in result set for role: com.joseph.entity.Client.orders
16:39:04.114 [main] DEBUG org.hibernate.engine.loading.internal.CollectionLoadContext - Collection fully initialized: [com.joseph.entity.Client.orders#121]
16:39:04.114 [main] DEBUG org.hibernate.engine.loading.internal.CollectionLoadContext - 1 collections initialized for role: com.joseph.entity.Client.orders
16:39:04.114 [main] DEBUG org.hibernate.resource.jdbc.internal.ResourceRegistryStandardImpl - HHH000387: ResultSet's statement was not registered
16:39:04.114 [main] DEBUG org.hibernate.loader.collection.plan.AbstractLoadPlanBasedCollectionInitializer - Done loading collection
16:39:04.115 [main] DEBUG org.hibernate.loader.collection.plan.AbstractLoadPlanBasedCollectionInitializer - Loading collection: [com.joseph.entity.Client.orders#120]
16:39:04.115 [main] DEBUG org.hibernate.SQL - select orders0_.idclient as idclient5_1_0_, orders0_.idorder as idorder1_1_0_, orders0_.idorder as idorder1_1_1_, orders0_.idclient as idclient5_1_1_, orders0_.dateorder as dateorde2_1_1_, orders0_.statusorder as statusor3_1_1_, orders0_.totalorder as totalord4_1_1_ from order_table orders0_ where orders0_.idclient=?
16:39:04.117 [main] DEBUG org.hibernate.loader.plan.exec.process.internal.ResultSetProcessorImpl - Preparing collection intializer : [com.joseph.entity.Client.orders#120]
16:39:04.117 [main] DEBUG org.hibernate.engine.loading.internal.CollectionLoadContext - 1 collections were found in result set for role: com.joseph.entity.Client.orders
16:39:04.117 [main] DEBUG org.hibernate.engine.loading.internal.CollectionLoadContext - Collection fully initialized: [com.joseph.entity.Client.orders#120]
16:39:04.117 [main] DEBUG org.hibernate.engine.loading.internal.CollectionLoadContext - 1 collections initialized for role: com.joseph.entity.Client.orders
16:39:04.117 [main] DEBUG org.hibernate.resource.jdbc.internal.ResourceRegistryStandardImpl - HHH000387: ResultSet's statement was not registered
16:39:04.117 [main] DEBUG org.hibernate.loader.collection.plan.AbstractLoadPlanBasedCollectionInitializer - Done loading collection
16:39:04.118 [main] DEBUG org.springframework.orm.jpa.JpaTransactionManager - Found thread-bound EntityManager [SessionImpl(PersistenceContext[entityKeys=[EntityKey[com.joseph.entity.Client#120], EntityKey[com.joseph.entity.Client#122], EntityKey[com.joseph.entity.Client#121]],collectionKeys=[CollectionKey[com.joseph.entity.Client.orders#120], CollectionKey[com.joseph.entity.Client.orders#121], CollectionKey[com.joseph.entity.Client.orders#122]]];ActionQueue[insertions=ExecutableList{size=0} updates=ExecutableList{size=0} deletions=ExecutableList{size=3} orphanRemovals=ExecutableList{size=0} collectionCreations=ExecutableList{size=0} collectionRemovals=ExecutableList{size=0} collectionUpdates=ExecutableList{size=0} collectionQueuedOps=ExecutableList{size=0} unresolvedInsertDependencies=null])] for JPA transaction
16:39:04.118 [main] DEBUG org.springframework.orm.jpa.JpaTransactionManager - Participating in existing transaction
16:39:04.118 [main] DEBUG org.hibernate.engine.spi.ActionQueue - Executing identity-insert immediately
16:39:04.118 [main] DEBUG org.hibernate.SQL - insert into client (emailclient, nameclient) values (?, ?)
16:39:04.120 [main] DEBUG org.hibernate.id.IdentifierGeneratorHelper - Natively generated identity: 123
16:39:04.120 [main] DEBUG org.hibernate.resource.jdbc.internal.ResourceRegistryStandardImpl - HHH000387: ResultSet's statement was not registered
16:39:04.120 [main] DEBUG org.springframework.orm.jpa.JpaTransactionManager - Found thread-bound EntityManager [SessionImpl(PersistenceContext[entityKeys=[EntityKey[com.joseph.entity.Client#120], EntityKey[com.joseph.entity.Client#122], EntityKey[com.joseph.entity.Client#121], EntityKey[com.joseph.entity.Client#123]],collectionKeys=[CollectionKey[com.joseph.entity.Client.orders#120], CollectionKey[com.joseph.entity.Client.orders#121], CollectionKey[com.joseph.entity.Client.orders#122]]];ActionQueue[insertions=ExecutableList{size=0} updates=ExecutableList{size=0} deletions=ExecutableList{size=3} orphanRemovals=ExecutableList{size=0} collectionCreations=ExecutableList{size=0} collectionRemovals=ExecutableList{size=0} collectionUpdates=ExecutableList{size=0} collectionQueuedOps=ExecutableList{size=0} unresolvedInsertDependencies=null])] for JPA transaction
16:39:04.120 [main] DEBUG org.springframework.orm.jpa.JpaTransactionManager - Participating in existing transaction
16:39:04.121 [main] DEBUG org.hibernate.engine.spi.ActionQueue - Executing identity-insert immediately
16:39:04.121 [main] DEBUG org.hibernate.SQL - insert into client (emailclient, nameclient) values (?, ?)
16:39:04.123 [main] DEBUG org.hibernate.id.IdentifierGeneratorHelper - Natively generated identity: 124
16:39:04.123 [main] DEBUG org.hibernate.resource.jdbc.internal.ResourceRegistryStandardImpl - HHH000387: ResultSet's statement was not registered
16:39:04.124 [main] DEBUG org.springframework.orm.jpa.JpaTransactionManager - Found thread-bound EntityManager [SessionImpl(PersistenceContext[entityKeys=[EntityKey[com.joseph.entity.Client#120], EntityKey[com.joseph.entity.Client#122], EntityKey[com.joseph.entity.Client#121], EntityKey[com.joseph.entity.Client#124], EntityKey[com.joseph.entity.Client#123]],collectionKeys=[CollectionKey[com.joseph.entity.Client.orders#120], CollectionKey[com.joseph.entity.Client.orders#121], CollectionKey[com.joseph.entity.Client.orders#122]]];ActionQueue[insertions=ExecutableList{size=0} updates=ExecutableList{size=0} deletions=ExecutableList{size=3} orphanRemovals=ExecutableList{size=0} collectionCreations=ExecutableList{size=0} collectionRemovals=ExecutableList{size=0} collectionUpdates=ExecutableList{size=0} collectionQueuedOps=ExecutableList{size=0} unresolvedInsertDependencies=null])] for JPA transaction
16:39:04.124 [main] DEBUG org.springframework.orm.jpa.JpaTransactionManager - Participating in existing transaction
16:39:04.124 [main] DEBUG org.hibernate.engine.spi.ActionQueue - Executing identity-insert immediately
16:39:04.124 [main] DEBUG org.hibernate.SQL - insert into client (emailclient, nameclient) values (?, ?)
16:39:04.126 [main] DEBUG org.hibernate.id.IdentifierGeneratorHelper - Natively generated identity: 125
16:39:04.126 [main] DEBUG org.hibernate.resource.jdbc.internal.ResourceRegistryStandardImpl - HHH000387: ResultSet's statement was not registered
16:39:04.127 [main] DEBUG org.springframework.test.context.cache.DefaultCacheAwareContextLoaderDelegate - Retrieved ApplicationContext [270056930] from cache with key [[MergedContextConfiguration@3c3d9b6b testClass = ClientServiceImplTest, locations = '{}', classes = '{class com.joseph.config.PersistenceJPAConfig}', contextInitializerClasses = '[]', activeProfiles = '{}', propertySourceLocations = '{}', propertySourceProperties = '{}', contextCustomizers = set[[empty]], contextLoader = 'org.springframework.test.context.support.DelegatingSmartContextLoader', parent = [null]]]
16:39:04.127 [main] DEBUG org.springframework.test.context.cache - Spring test ApplicationContext cache statistics: [DefaultContextCache@65bb6275 size = 1, maxSize = 32, parentContextCount = 0, hitCount = 25, missCount = 1]
16:39:04.127 [main] DEBUG org.springframework.orm.jpa.JpaTransactionManager - Found thread-bound EntityManager [SessionImpl(PersistenceContext[entityKeys=[EntityKey[com.joseph.entity.Client#120], EntityKey[com.joseph.entity.Client#122], EntityKey[com.joseph.entity.Client#121], EntityKey[com.joseph.entity.Client#124], EntityKey[com.joseph.entity.Client#123], EntityKey[com.joseph.entity.Client#125]],collectionKeys=[CollectionKey[com.joseph.entity.Client.orders#120], CollectionKey[com.joseph.entity.Client.orders#121], CollectionKey[com.joseph.entity.Client.orders#122]]];ActionQueue[insertions=ExecutableList{size=0} updates=ExecutableList{size=0} deletions=ExecutableList{size=3} orphanRemovals=ExecutableList{size=0} collectionCreations=ExecutableList{size=0} collectionRemovals=ExecutableList{size=0} collectionUpdates=ExecutableList{size=0} collectionQueuedOps=ExecutableList{size=0} unresolvedInsertDependencies=null])] for JPA transaction
16:39:04.127 [main] DEBUG org.springframework.orm.jpa.JpaTransactionManager - Participating in existing transaction
16:39:04.127 [main] DEBUG org.hibernate.query.criteria.internal.CriteriaQueryImpl - Rendered criteria query -> select generatedAlias0 from Client as generatedAlias0
16:39:04.128 [main] DEBUG org.hibernate.event.internal.AbstractFlushingEventListener - Processing flush-time cascades
16:39:04.128 [main] DEBUG org.hibernate.event.internal.AbstractFlushingEventListener - Dirty checking collections
16:39:04.128 [main] DEBUG org.hibernate.engine.internal.Collections - Collection found: [com.joseph.entity.Client.orders#123], was: [<unreferenced>] (initialized)
16:39:04.128 [main] DEBUG org.hibernate.engine.internal.Collections - Collection found: [com.joseph.entity.Client.orders#124], was: [<unreferenced>] (initialized)
16:39:04.128 [main] DEBUG org.hibernate.engine.internal.Collections - Collection found: [com.joseph.entity.Client.orders#125], was: [<unreferenced>] (initialized)
16:39:04.128 [main] DEBUG org.hibernate.engine.internal.Collections - Collection dereferenced: [com.joseph.entity.Client.orders#122]
16:39:04.128 [main] DEBUG org.hibernate.engine.internal.Collections - Collection dereferenced: [com.joseph.entity.Client.orders#121]
16:39:04.128 [main] DEBUG org.hibernate.engine.internal.Collections - Collection dereferenced: [com.joseph.entity.Client.orders#120]
16:39:04.129 [main] DEBUG org.hibernate.event.internal.AbstractFlushingEventListener - Flushed: 0 insertions, 0 updates, 3 deletions to 6 objects
16:39:04.129 [main] DEBUG org.hibernate.event.internal.AbstractFlushingEventListener - Flushed: 3 (re)creations, 0 updates, 3 removals to 6 collections
16:39:04.129 [main] DEBUG org.hibernate.internal.util.EntityPrinter - Listing entities:
16:39:04.129 [main] DEBUG org.hibernate.internal.util.EntityPrinter - com.joseph.entity.Client{nameclient=test, emailclient=test@test.com, orders=[], idclient=120}
16:39:04.129 [main] DEBUG org.hibernate.internal.util.EntityPrinter - com.joseph.entity.Client{nameclient=test, emailclient=test2@test.com, orders=[], idclient=122}
16:39:04.129 [main] DEBUG org.hibernate.internal.util.EntityPrinter - com.joseph.entity.Client{nameclient=test, emailclient=test1@test.com, orders=[], idclient=121}
16:39:04.129 [main] DEBUG org.hibernate.internal.util.EntityPrinter - com.joseph.entity.Client{nameclient=test, emailclient=test1@test.com, orders=[], idclient=124}
16:39:04.129 [main] DEBUG org.hibernate.internal.util.EntityPrinter - com.joseph.entity.Client{nameclient=test, emailclient=test@test.com, orders=[], idclient=123}
16:39:04.129 [main] DEBUG org.hibernate.internal.util.EntityPrinter - com.joseph.entity.Client{nameclient=test, emailclient=test2@test.com, orders=[], idclient=125}
16:39:04.129 [main] DEBUG org.hibernate.engine.spi.ActionQueue - Changes must be flushed to space: client
16:39:04.129 [main] DEBUG org.hibernate.SQL - delete from client where idclient=?
16:39:04.131 [main] DEBUG org.hibernate.SQL - delete from client where idclient=?
16:39:04.133 [main] DEBUG org.hibernate.SQL - delete from client where idclient=?
16:39:04.134 [main] DEBUG org.hibernate.SQL - select client0_.idclient as idclient1_0_, client0_.emailclient as emailcli2_0_, client0_.nameclient as nameclie3_0_ from client client0_
16:39:04.135 [main] DEBUG org.hibernate.loader.Loader - Result set row: 0
16:39:04.135 [main] DEBUG org.hibernate.loader.Loader - Result row: EntityKey[com.joseph.entity.Client#125]
16:39:04.135 [main] DEBUG org.hibernate.loader.Loader - Result set row: 1
16:39:04.135 [main] DEBUG org.hibernate.loader.Loader - Result row: EntityKey[com.joseph.entity.Client#124]
16:39:04.135 [main] DEBUG org.hibernate.loader.Loader - Result set row: 2
16:39:04.135 [main] DEBUG org.hibernate.loader.Loader - Result row: EntityKey[com.joseph.entity.Client#123]
16:39:04.136 [main] DEBUG org.springframework.orm.jpa.JpaTransactionManager - Found thread-bound EntityManager [SessionImpl(PersistenceContext[entityKeys=[EntityKey[com.joseph.entity.Client#124], EntityKey[com.joseph.entity.Client#123], EntityKey[com.joseph.entity.Client#125]],collectionKeys=[CollectionKey[com.joseph.entity.Client.orders#123], CollectionKey[com.joseph.entity.Client.orders#124], CollectionKey[com.joseph.entity.Client.orders#125]]];ActionQueue[insertions=ExecutableList{size=0} updates=ExecutableList{size=0} deletions=ExecutableList{size=0} orphanRemovals=ExecutableList{size=0} collectionCreations=ExecutableList{size=0} collectionRemovals=ExecutableList{size=0} collectionUpdates=ExecutableList{size=0} collectionQueuedOps=ExecutableList{size=0} unresolvedInsertDependencies=null])] for JPA transaction
16:39:04.136 [main] DEBUG org.springframework.orm.jpa.JpaTransactionManager - Participating in existing transaction
16:39:04.137 [main] DEBUG org.springframework.data.repository.core.support.TransactionalRepositoryProxyPostProcessor$CustomAnnotationTransactionAttributeSource - Adding transactional method 'findById' with attribute: PROPAGATION_REQUIRED,ISOLATION_DEFAULT,readOnly
16:39:04.137 [main] DEBUG org.springframework.orm.jpa.JpaTransactionManager - Found thread-bound EntityManager [SessionImpl(PersistenceContext[entityKeys=[EntityKey[com.joseph.entity.Client#124], EntityKey[com.joseph.entity.Client#123], EntityKey[com.joseph.entity.Client#125]],collectionKeys=[CollectionKey[com.joseph.entity.Client.orders#123], CollectionKey[com.joseph.entity.Client.orders#124], CollectionKey[com.joseph.entity.Client.orders#125]]];ActionQueue[insertions=ExecutableList{size=0} updates=ExecutableList{size=0} deletions=ExecutableList{size=0} orphanRemovals=ExecutableList{size=0} collectionCreations=ExecutableList{size=0} collectionRemovals=ExecutableList{size=0} collectionUpdates=ExecutableList{size=0} collectionQueuedOps=ExecutableList{size=0} unresolvedInsertDependencies=null])] for JPA transaction
16:39:04.137 [main] DEBUG org.springframework.orm.jpa.JpaTransactionManager - Participating in existing transaction
16:39:04.138 [main] DEBUG org.springframework.test.context.cache.DefaultCacheAwareContextLoaderDelegate - Retrieved ApplicationContext [270056930] from cache with key [[MergedContextConfiguration@3c3d9b6b testClass = ClientServiceImplTest, locations = '{}', classes = '{class com.joseph.config.PersistenceJPAConfig}', contextInitializerClasses = '[]', activeProfiles = '{}', propertySourceLocations = '{}', propertySourceProperties = '{}', contextCustomizers = set[[empty]], contextLoader = 'org.springframework.test.context.support.DelegatingSmartContextLoader', parent = [null]]]
16:39:04.138 [main] DEBUG org.springframework.test.context.cache - Spring test ApplicationContext cache statistics: [DefaultContextCache@65bb6275 size = 1, maxSize = 32, parentContextCount = 0, hitCount = 26, missCount = 1]
16:39:04.154 [main] DEBUG org.springframework.orm.jpa.JpaTransactionManager - Found thread-bound EntityManager [SessionImpl(PersistenceContext[entityKeys=[EntityKey[com.joseph.entity.Client#124], EntityKey[com.joseph.entity.Client#123], EntityKey[com.joseph.entity.Client#125]],collectionKeys=[CollectionKey[com.joseph.entity.Client.orders#123], CollectionKey[com.joseph.entity.Client.orders#124], CollectionKey[com.joseph.entity.Client.orders#125]]];ActionQueue[insertions=ExecutableList{size=0} updates=ExecutableList{size=0} deletions=ExecutableList{size=0} orphanRemovals=ExecutableList{size=0} collectionCreations=ExecutableList{size=0} collectionRemovals=ExecutableList{size=0} collectionUpdates=ExecutableList{size=0} collectionQueuedOps=ExecutableList{size=0} unresolvedInsertDependencies=null])] for JPA transaction
16:39:04.154 [main] DEBUG org.springframework.orm.jpa.JpaTransactionManager - Participating in existing transaction
16:39:04.154 [main] DEBUG org.hibernate.query.criteria.internal.CriteriaQueryImpl - Rendered criteria query -> select generatedAlias0 from Client as generatedAlias0
16:39:04.154 [main] DEBUG org.hibernate.event.internal.AbstractFlushingEventListener - Processing flush-time cascades
16:39:04.154 [main] DEBUG org.hibernate.event.internal.AbstractFlushingEventListener - Dirty checking collections
16:39:04.155 [main] DEBUG org.hibernate.engine.internal.Collections - Collection found: [com.joseph.entity.Client.orders#123], was: [com.joseph.entity.Client.orders#123] (initialized)
16:39:04.155 [main] DEBUG org.hibernate.engine.internal.Collections - Collection found: [com.joseph.entity.Client.orders#124], was: [com.joseph.entity.Client.orders#124] (initialized)
16:39:04.156 [main] DEBUG org.hibernate.engine.internal.Collections - Collection found: [com.joseph.entity.Client.orders#125], was: [com.joseph.entity.Client.orders#125] (initialized)
16:39:04.156 [main] DEBUG org.hibernate.event.internal.AbstractFlushingEventListener - Flushed: 0 insertions, 0 updates, 0 deletions to 3 objects
16:39:04.156 [main] DEBUG org.hibernate.event.internal.AbstractFlushingEventListener - Flushed: 0 (re)creations, 0 updates, 0 removals to 3 collections
16:39:04.156 [main] DEBUG org.hibernate.internal.util.EntityPrinter - Listing entities:
16:39:04.156 [main] DEBUG org.hibernate.internal.util.EntityPrinter - com.joseph.entity.Client{nameclient=test, emailclient=test1@test.com, orders=[], idclient=124}
16:39:04.156 [main] DEBUG org.hibernate.internal.util.EntityPrinter - com.joseph.entity.Client{nameclient=test, emailclient=test@test.com, orders=[], idclient=123}
16:39:04.156 [main] DEBUG org.hibernate.internal.util.EntityPrinter - com.joseph.entity.Client{nameclient=test, emailclient=test2@test.com, orders=[], idclient=125}
16:39:04.156 [main] DEBUG org.hibernate.SQL - select client0_.idclient as idclient1_0_, client0_.emailclient as emailcli2_0_, client0_.nameclient as nameclie3_0_ from client client0_
16:39:04.158 [main] DEBUG org.hibernate.loader.Loader - Result set row: 0
16:39:04.159 [main] DEBUG org.hibernate.loader.Loader - Result row: EntityKey[com.joseph.entity.Client#125]
16:39:04.159 [main] DEBUG org.hibernate.loader.Loader - Result set row: 1
16:39:04.159 [main] DEBUG org.hibernate.loader.Loader - Result row: EntityKey[com.joseph.entity.Client#124]
16:39:04.159 [main] DEBUG org.hibernate.loader.Loader - Result set row: 2
16:39:04.159 [main] DEBUG org.hibernate.loader.Loader - Result row: EntityKey[com.joseph.entity.Client#123]
16:39:04.162 [main] DEBUG org.springframework.test.context.cache.DefaultCacheAwareContextLoaderDelegate - Retrieved ApplicationContext [270056930] from cache with key [[MergedContextConfiguration@3c3d9b6b testClass = ClientServiceImplTest, locations = '{}', classes = '{class com.joseph.config.PersistenceJPAConfig}', contextInitializerClasses = '[]', activeProfiles = '{}', propertySourceLocations = '{}', propertySourceProperties = '{}', contextCustomizers = set[[empty]], contextLoader = 'org.springframework.test.context.support.DelegatingSmartContextLoader', parent = [null]]]
16:39:04.162 [main] DEBUG org.springframework.test.context.cache - Spring test ApplicationContext cache statistics: [DefaultContextCache@65bb6275 size = 1, maxSize = 32, parentContextCount = 0, hitCount = 27, missCount = 1]
16:39:04.162 [main] DEBUG org.springframework.orm.jpa.JpaTransactionManager - Initiating transaction rollback
16:39:04.162 [main] DEBUG org.springframework.orm.jpa.JpaTransactionManager - Rolling back JPA transaction on EntityManager [SessionImpl(PersistenceContext[entityKeys=[EntityKey[com.joseph.entity.Client#124], EntityKey[com.joseph.entity.Client#123], EntityKey[com.joseph.entity.Client#125]],collectionKeys=[CollectionKey[com.joseph.entity.Client.orders#123], CollectionKey[com.joseph.entity.Client.orders#124], CollectionKey[com.joseph.entity.Client.orders#125]]];ActionQueue[insertions=ExecutableList{size=0} updates=ExecutableList{size=0} deletions=ExecutableList{size=3} orphanRemovals=ExecutableList{size=0} collectionCreations=ExecutableList{size=0} collectionRemovals=ExecutableList{size=0} collectionUpdates=ExecutableList{size=0} collectionQueuedOps=ExecutableList{size=0} unresolvedInsertDependencies=null])]
16:39:04.162 [main] DEBUG org.hibernate.engine.transaction.internal.TransactionImpl - rolling back
16:39:04.163 [main] DEBUG org.springframework.orm.jpa.JpaTransactionManager - Closing JPA EntityManager [SessionImpl(PersistenceContext[entityKeys=[],collectionKeys=[]];ActionQueue[insertions=ExecutableList{size=0} updates=ExecutableList{size=0} deletions=ExecutableList{size=0} orphanRemovals=ExecutableList{size=0} collectionCreations=ExecutableList{size=0} collectionRemovals=ExecutableList{size=0} collectionUpdates=ExecutableList{size=0} collectionQueuedOps=ExecutableList{size=0} unresolvedInsertDependencies=null])] after transaction
16:39:04.163 [main] DEBUG org.hibernate.engine.jdbc.internal.JdbcCoordinatorImpl - HHH000420: Closing un-released batch
16:39:04.164 [main] INFO org.springframework.test.context.transaction.TransactionContext - Rolled back transaction for test: [DefaultTestContext@158a8276 testClass = ClientServiceImplTest, testInstance = com.joseph.service.Impl.ClientServiceImplTest@4a1a256d, testMethod = TestGetClient@ClientServiceImplTest, testException = [null], mergedContextConfiguration = [MergedContextConfiguration@3c3d9b6b testClass = ClientServiceImplTest, locations = '{}', classes = '{class com.joseph.config.PersistenceJPAConfig}', contextInitializerClasses = '[]', activeProfiles = '{}', propertySourceLocations = '{}', propertySourceProperties = '{}', contextCustomizers = set[[empty]], contextLoader = 'org.springframework.test.context.support.DelegatingSmartContextLoader', parent = [null]], attributes = map[[empty]]]
16:39:04.164 [main] DEBUG org.springframework.test.context.support.AbstractDirtiesContextTestExecutionListener - After test method: context [DefaultTestContext@158a8276 testClass = ClientServiceImplTest, testInstance = com.joseph.service.Impl.ClientServiceImplTest@4a1a256d, testMethod = TestGetClient@ClientServiceImplTest, testException = [null], mergedContextConfiguration = [MergedContextConfiguration@3c3d9b6b testClass = ClientServiceImplTest, locations = '{}', classes = '{class com.joseph.config.PersistenceJPAConfig}', contextInitializerClasses = '[]', activeProfiles = '{}', propertySourceLocations = '{}', propertySourceProperties = '{}', contextCustomizers = set[[empty]], contextLoader = 'org.springframework.test.context.support.DelegatingSmartContextLoader', parent = [null]], attributes = map[[empty]]], class annotated with @DirtiesContext [false] with mode [null], method annotated with @DirtiesContext [false] with mode [null].
]]></system-out>
  </testcase>
  <testcase name="saveClientWithParameterizedData(String, String)[1]" classname="com.joseph.service.Impl.ClientServiceImplTest$parameterizedAndRepetedTest" time="0.163">
    <system-out><![CDATA[16:39:04.171 [main] DEBUG org.springframework.test.context.BootstrapUtils - Instantiating CacheAwareContextLoaderDelegate from class [org.springframework.test.context.cache.DefaultCacheAwareContextLoaderDelegate]
16:39:04.171 [main] DEBUG org.springframework.test.context.BootstrapUtils - Instantiating BootstrapContext using constructor [public org.springframework.test.context.support.DefaultBootstrapContext(java.lang.Class,org.springframework.test.context.CacheAwareContextLoaderDelegate)]
16:39:04.172 [main] DEBUG org.springframework.test.context.BootstrapUtils - Instantiating TestContextBootstrapper for test class [com.joseph.service.Impl.ClientServiceImplTest$parameterizedAndRepetedTest] from class [org.springframework.test.context.support.DefaultTestContextBootstrapper]
16:39:04.173 [main] DEBUG org.springframework.test.context.support.AbstractDelegatingSmartContextLoader - Delegating to AnnotationConfigContextLoader to process context configuration [ContextConfigurationAttributes@1cc8416a declaringClass = 'com.joseph.service.Impl.ClientServiceImplTest$parameterizedAndRepetedTest', classes = '{class com.joseph.config.PersistenceJPAConfig}', locations = '{}', inheritLocations = true, initializers = '{}', inheritInitializers = true, name = [null], contextLoaderClass = 'org.springframework.test.context.ContextLoader'].
16:39:04.174 [main] DEBUG org.springframework.test.context.support.ActiveProfilesUtils - Could not find an 'annotation declaring class' for annotation type [org.springframework.test.context.ActiveProfiles] and class [com.joseph.service.Impl.ClientServiceImplTest$parameterizedAndRepetedTest]
16:39:04.175 [main] DEBUG org.springframework.test.context.support.DefaultTestContextBootstrapper - @TestExecutionListeners is not present for class [com.joseph.service.Impl.ClientServiceImplTest$parameterizedAndRepetedTest]: using defaults.
16:39:04.175 [main] INFO org.springframework.test.context.support.DefaultTestContextBootstrapper - Loaded default TestExecutionListener class names from location [META-INF/spring.factories]: [org.springframework.test.context.web.ServletTestExecutionListener, org.springframework.test.context.support.DirtiesContextBeforeModesTestExecutionListener, org.springframework.test.context.support.DependencyInjectionTestExecutionListener, org.springframework.test.context.support.DirtiesContextTestExecutionListener, org.springframework.test.context.transaction.TransactionalTestExecutionListener, org.springframework.test.context.jdbc.SqlScriptsTestExecutionListener, org.springframework.test.context.event.EventPublishingTestExecutionListener]
16:39:04.175 [main] INFO org.springframework.test.context.support.DefaultTestContextBootstrapper - Using TestExecutionListeners: [org.springframework.test.context.web.ServletTestExecutionListener@331ff3ac, org.springframework.test.context.support.DirtiesContextBeforeModesTestExecutionListener@2e5e6fc4, org.springframework.test.context.support.DependencyInjectionTestExecutionListener@2785db06, org.springframework.test.context.support.DirtiesContextTestExecutionListener@79980d8d, org.springframework.test.context.transaction.TransactionalTestExecutionListener@35d60381, org.springframework.test.context.jdbc.SqlScriptsTestExecutionListener@68ab6ab0, org.springframework.test.context.event.EventPublishingTestExecutionListener@61ffd148]
16:39:04.176 [main] DEBUG org.springframework.test.context.support.AbstractDirtiesContextTestExecutionListener - Before test class: context [DefaultTestContext@58324c9f testClass = ClientServiceImplTest.parameterizedAndRepetedTest, testInstance = [null], testMethod = [null], testException = [null], mergedContextConfiguration = [MergedContextConfiguration@5d7d8613 testClass = ClientServiceImplTest.parameterizedAndRepetedTest, locations = '{}', classes = '{class com.joseph.config.PersistenceJPAConfig}', contextInitializerClasses = '[]', activeProfiles = '{}', propertySourceLocations = '{}', propertySourceProperties = '{}', contextCustomizers = set[[empty]], contextLoader = 'org.springframework.test.context.support.DelegatingSmartContextLoader', parent = [null]], attributes = map[[empty]]], class annotated with @DirtiesContext [false] with mode [null].
16:39:04.176 [main] DEBUG org.springframework.test.context.cache.DefaultCacheAwareContextLoaderDelegate - Retrieved ApplicationContext [270056930] from cache with key [[MergedContextConfiguration@5d7d8613 testClass = ClientServiceImplTest.parameterizedAndRepetedTest, locations = '{}', classes = '{class com.joseph.config.PersistenceJPAConfig}', contextInitializerClasses = '[]', activeProfiles = '{}', propertySourceLocations = '{}', propertySourceProperties = '{}', contextCustomizers = set[[empty]], contextLoader = 'org.springframework.test.context.support.DelegatingSmartContextLoader', parent = [null]]]
16:39:04.176 [main] DEBUG org.springframework.test.context.cache - Spring test ApplicationContext cache statistics: [DefaultContextCache@65bb6275 size = 1, maxSize = 32, parentContextCount = 0, hitCount = 28, missCount = 1]
16:39:04.293 [main] DEBUG org.springframework.test.context.support.DependencyInjectionTestExecutionListener - Performing dependency injection for test context [[DefaultTestContext@158a8276 testClass = ClientServiceImplTest, testInstance = com.joseph.service.Impl.ClientServiceImplTest@174721c4, testMethod = [null], testException = [null], mergedContextConfiguration = [MergedContextConfiguration@3c3d9b6b testClass = ClientServiceImplTest, locations = '{}', classes = '{class com.joseph.config.PersistenceJPAConfig}', contextInitializerClasses = '[]', activeProfiles = '{}', propertySourceLocations = '{}', propertySourceProperties = '{}', contextCustomizers = set[[empty]], contextLoader = 'org.springframework.test.context.support.DelegatingSmartContextLoader', parent = [null]], attributes = map[[empty]]]].
16:39:04.293 [main] DEBUG org.springframework.test.context.cache.DefaultCacheAwareContextLoaderDelegate - Retrieved ApplicationContext [270056930] from cache with key [[MergedContextConfiguration@3c3d9b6b testClass = ClientServiceImplTest, locations = '{}', classes = '{class com.joseph.config.PersistenceJPAConfig}', contextInitializerClasses = '[]', activeProfiles = '{}', propertySourceLocations = '{}', propertySourceProperties = '{}', contextCustomizers = set[[empty]], contextLoader = 'org.springframework.test.context.support.DelegatingSmartContextLoader', parent = [null]]]
16:39:04.293 [main] DEBUG org.springframework.test.context.cache - Spring test ApplicationContext cache statistics: [DefaultContextCache@65bb6275 size = 1, maxSize = 32, parentContextCount = 0, hitCount = 29, missCount = 1]
16:39:04.294 [main] DEBUG org.springframework.test.context.cache.DefaultCacheAwareContextLoaderDelegate - Retrieved ApplicationContext [270056930] from cache with key [[MergedContextConfiguration@3c3d9b6b testClass = ClientServiceImplTest, locations = '{}', classes = '{class com.joseph.config.PersistenceJPAConfig}', contextInitializerClasses = '[]', activeProfiles = '{}', propertySourceLocations = '{}', propertySourceProperties = '{}', contextCustomizers = set[[empty]], contextLoader = 'org.springframework.test.context.support.DelegatingSmartContextLoader', parent = [null]]]
16:39:04.294 [main] DEBUG org.springframework.test.context.cache - Spring test ApplicationContext cache statistics: [DefaultContextCache@65bb6275 size = 1, maxSize = 32, parentContextCount = 0, hitCount = 30, missCount = 1]
16:39:04.295 [main] DEBUG org.springframework.test.context.support.DependencyInjectionTestExecutionListener - Performing dependency injection for test context [[DefaultTestContext@58324c9f testClass = ClientServiceImplTest.parameterizedAndRepetedTest, testInstance = com.joseph.service.Impl.ClientServiceImplTest$parameterizedAndRepetedTest@3592c1c4, testMethod = [null], testException = [null], mergedContextConfiguration = [MergedContextConfiguration@5d7d8613 testClass = ClientServiceImplTest.parameterizedAndRepetedTest, locations = '{}', classes = '{class com.joseph.config.PersistenceJPAConfig}', contextInitializerClasses = '[]', activeProfiles = '{}', propertySourceLocations = '{}', propertySourceProperties = '{}', contextCustomizers = set[[empty]], contextLoader = 'org.springframework.test.context.support.DelegatingSmartContextLoader', parent = [null]], attributes = map[[empty]]]].
16:39:04.296 [main] DEBUG org.springframework.test.context.cache.DefaultCacheAwareContextLoaderDelegate - Retrieved ApplicationContext [270056930] from cache with key [[MergedContextConfiguration@5d7d8613 testClass = ClientServiceImplTest.parameterizedAndRepetedTest, locations = '{}', classes = '{class com.joseph.config.PersistenceJPAConfig}', contextInitializerClasses = '[]', activeProfiles = '{}', propertySourceLocations = '{}', propertySourceProperties = '{}', contextCustomizers = set[[empty]], contextLoader = 'org.springframework.test.context.support.DelegatingSmartContextLoader', parent = [null]]]
16:39:04.296 [main] DEBUG org.springframework.test.context.cache - Spring test ApplicationContext cache statistics: [DefaultContextCache@65bb6275 size = 1, maxSize = 32, parentContextCount = 0, hitCount = 31, missCount = 1]
16:39:04.296 [main] DEBUG org.springframework.test.context.cache.DefaultCacheAwareContextLoaderDelegate - Retrieved ApplicationContext [270056930] from cache with key [[MergedContextConfiguration@5d7d8613 testClass = ClientServiceImplTest.parameterizedAndRepetedTest, locations = '{}', classes = '{class com.joseph.config.PersistenceJPAConfig}', contextInitializerClasses = '[]', activeProfiles = '{}', propertySourceLocations = '{}', propertySourceProperties = '{}', contextCustomizers = set[[empty]], contextLoader = 'org.springframework.test.context.support.DelegatingSmartContextLoader', parent = [null]]]
16:39:04.296 [main] DEBUG org.springframework.test.context.cache - Spring test ApplicationContext cache statistics: [DefaultContextCache@65bb6275 size = 1, maxSize = 32, parentContextCount = 0, hitCount = 32, missCount = 1]
16:39:04.299 [main] DEBUG org.springframework.test.context.support.AbstractDirtiesContextTestExecutionListener - Before test method: context [DefaultTestContext@58324c9f testClass = ClientServiceImplTest.parameterizedAndRepetedTest, testInstance = com.joseph.service.Impl.ClientServiceImplTest$parameterizedAndRepetedTest@3592c1c4, testMethod = saveClientWithParameterizedData@ClientServiceImplTest.parameterizedAndRepetedTest, testException = [null], mergedContextConfiguration = [MergedContextConfiguration@5d7d8613 testClass = ClientServiceImplTest.parameterizedAndRepetedTest, locations = '{}', classes = '{class com.joseph.config.PersistenceJPAConfig}', contextInitializerClasses = '[]', activeProfiles = '{}', propertySourceLocations = '{}', propertySourceProperties = '{}', contextCustomizers = set[[empty]], contextLoader = 'org.springframework.test.context.support.DelegatingSmartContextLoader', parent = [null]], attributes = map[[empty]]], class annotated with @DirtiesContext [false] with mode [null], method annotated with @DirtiesContext [false] with mode [null].
16:39:04.299 [main] DEBUG org.springframework.test.context.cache.DefaultCacheAwareContextLoaderDelegate - Retrieved ApplicationContext [270056930] from cache with key [[MergedContextConfiguration@5d7d8613 testClass = ClientServiceImplTest.parameterizedAndRepetedTest, locations = '{}', classes = '{class com.joseph.config.PersistenceJPAConfig}', contextInitializerClasses = '[]', activeProfiles = '{}', propertySourceLocations = '{}', propertySourceProperties = '{}', contextCustomizers = set[[empty]], contextLoader = 'org.springframework.test.context.support.DelegatingSmartContextLoader', parent = [null]]]
16:39:04.302 [main] DEBUG org.springframework.test.context.cache - Spring test ApplicationContext cache statistics: [DefaultContextCache@65bb6275 size = 1, maxSize = 32, parentContextCount = 0, hitCount = 33, missCount = 1]
16:39:04.303 [main] DEBUG org.springframework.orm.jpa.JpaTransactionManager - Creating new transaction with name [org.springframework.data.jpa.repository.support.SimpleJpaRepository.deleteAll]: PROPAGATION_REQUIRED,ISOLATION_DEFAULT
16:39:04.303 [main] DEBUG org.springframework.orm.jpa.JpaTransactionManager - Opened new EntityManager [SessionImpl(PersistenceContext[entityKeys=[],collectionKeys=[]];ActionQueue[insertions=ExecutableList{size=0} updates=ExecutableList{size=0} deletions=ExecutableList{size=0} orphanRemovals=ExecutableList{size=0} collectionCreations=ExecutableList{size=0} collectionRemovals=ExecutableList{size=0} collectionUpdates=ExecutableList{size=0} collectionQueuedOps=ExecutableList{size=0} unresolvedInsertDependencies=null])] for JPA transaction
16:39:04.303 [main] DEBUG org.hibernate.engine.transaction.internal.TransactionImpl - begin
16:39:04.303 [main] DEBUG org.springframework.jdbc.datasource.DriverManagerDataSource - Creating new JDBC DriverManager Connection to [jdbc:mysql://localhost:3306/testcraftcore?useSSL=false&useTimezone=true&serverTimezone=UTC]
16:39:04.309 [main] DEBUG org.springframework.orm.jpa.JpaTransactionManager - Exposing JPA transaction as JDBC [org.springframework.orm.jpa.vendor.HibernateJpaDialect$HibernateConnectionHandle@4aeb0e2b]
16:39:04.310 [main] DEBUG org.hibernate.query.criteria.internal.CriteriaQueryImpl - Rendered criteria query -> select generatedAlias0 from Client as generatedAlias0
16:39:04.310 [main] DEBUG org.hibernate.SQL - select client0_.idclient as idclient1_0_, client0_.emailclient as emailcli2_0_, client0_.nameclient as nameclie3_0_ from client client0_
16:39:04.312 [main] DEBUG org.hibernate.loader.Loader - Result set row: 0
16:39:04.313 [main] DEBUG org.hibernate.loader.Loader - Result row: EntityKey[com.joseph.entity.Client#125]
16:39:04.313 [main] DEBUG org.hibernate.loader.Loader - Result set row: 1
16:39:04.313 [main] DEBUG org.hibernate.loader.Loader - Result row: EntityKey[com.joseph.entity.Client#124]
16:39:04.313 [main] DEBUG org.hibernate.loader.Loader - Result set row: 2
16:39:04.313 [main] DEBUG org.hibernate.loader.Loader - Result row: EntityKey[com.joseph.entity.Client#123]
16:39:04.313 [main] DEBUG org.hibernate.engine.internal.TwoPhaseLoad - Resolving associations for [com.joseph.entity.Client#125]
16:39:04.313 [main] DEBUG org.hibernate.engine.internal.TwoPhaseLoad - Done materializing entity [com.joseph.entity.Client#125]
16:39:04.313 [main] DEBUG org.hibernate.engine.internal.TwoPhaseLoad - Resolving associations for [com.joseph.entity.Client#124]
16:39:04.313 [main] DEBUG org.hibernate.engine.internal.TwoPhaseLoad - Done materializing entity [com.joseph.entity.Client#124]
16:39:04.313 [main] DEBUG org.hibernate.engine.internal.TwoPhaseLoad - Resolving associations for [com.joseph.entity.Client#123]
16:39:04.313 [main] DEBUG org.hibernate.engine.internal.TwoPhaseLoad - Done materializing entity [com.joseph.entity.Client#123]
16:39:04.314 [main] DEBUG org.hibernate.loader.collection.plan.AbstractLoadPlanBasedCollectionInitializer - Loading collection: [com.joseph.entity.Client.orders#125]
16:39:04.314 [main] DEBUG org.hibernate.SQL - select orders0_.idclient as idclient5_1_0_, orders0_.idorder as idorder1_1_0_, orders0_.idorder as idorder1_1_1_, orders0_.idclient as idclient5_1_1_, orders0_.dateorder as dateorde2_1_1_, orders0_.statusorder as statusor3_1_1_, orders0_.totalorder as totalord4_1_1_ from order_table orders0_ where orders0_.idclient=?
16:39:04.317 [main] DEBUG org.hibernate.loader.plan.exec.process.internal.ResultSetProcessorImpl - Preparing collection intializer : [com.joseph.entity.Client.orders#125]
16:39:04.317 [main] DEBUG org.hibernate.engine.loading.internal.CollectionLoadContext - 1 collections were found in result set for role: com.joseph.entity.Client.orders
16:39:04.317 [main] DEBUG org.hibernate.engine.loading.internal.CollectionLoadContext - Collection fully initialized: [com.joseph.entity.Client.orders#125]
16:39:04.317 [main] DEBUG org.hibernate.engine.loading.internal.CollectionLoadContext - 1 collections initialized for role: com.joseph.entity.Client.orders
16:39:04.317 [main] DEBUG org.hibernate.resource.jdbc.internal.ResourceRegistryStandardImpl - HHH000387: ResultSet's statement was not registered
16:39:04.318 [main] DEBUG org.hibernate.loader.collection.plan.AbstractLoadPlanBasedCollectionInitializer - Done loading collection
16:39:04.318 [main] DEBUG org.hibernate.loader.collection.plan.AbstractLoadPlanBasedCollectionInitializer - Loading collection: [com.joseph.entity.Client.orders#124]
16:39:04.318 [main] DEBUG org.hibernate.SQL - select orders0_.idclient as idclient5_1_0_, orders0_.idorder as idorder1_1_0_, orders0_.idorder as idorder1_1_1_, orders0_.idclient as idclient5_1_1_, orders0_.dateorder as dateorde2_1_1_, orders0_.statusorder as statusor3_1_1_, orders0_.totalorder as totalord4_1_1_ from order_table orders0_ where orders0_.idclient=?
16:39:04.320 [main] DEBUG org.hibernate.loader.plan.exec.process.internal.ResultSetProcessorImpl - Preparing collection intializer : [com.joseph.entity.Client.orders#124]
16:39:04.320 [main] DEBUG org.hibernate.engine.loading.internal.CollectionLoadContext - 1 collections were found in result set for role: com.joseph.entity.Client.orders
16:39:04.320 [main] DEBUG org.hibernate.engine.loading.internal.CollectionLoadContext - Collection fully initialized: [com.joseph.entity.Client.orders#124]
16:39:04.320 [main] DEBUG org.hibernate.engine.loading.internal.CollectionLoadContext - 1 collections initialized for role: com.joseph.entity.Client.orders
16:39:04.320 [main] DEBUG org.hibernate.resource.jdbc.internal.ResourceRegistryStandardImpl - HHH000387: ResultSet's statement was not registered
16:39:04.320 [main] DEBUG org.hibernate.loader.collection.plan.AbstractLoadPlanBasedCollectionInitializer - Done loading collection
16:39:04.320 [main] DEBUG org.hibernate.loader.collection.plan.AbstractLoadPlanBasedCollectionInitializer - Loading collection: [com.joseph.entity.Client.orders#123]
16:39:04.320 [main] DEBUG org.hibernate.SQL - select orders0_.idclient as idclient5_1_0_, orders0_.idorder as idorder1_1_0_, orders0_.idorder as idorder1_1_1_, orders0_.idclient as idclient5_1_1_, orders0_.dateorder as dateorde2_1_1_, orders0_.statusorder as statusor3_1_1_, orders0_.totalorder as totalord4_1_1_ from order_table orders0_ where orders0_.idclient=?
16:39:04.322 [main] DEBUG org.hibernate.loader.plan.exec.process.internal.ResultSetProcessorImpl - Preparing collection intializer : [com.joseph.entity.Client.orders#123]
16:39:04.322 [main] DEBUG org.hibernate.engine.loading.internal.CollectionLoadContext - 1 collections were found in result set for role: com.joseph.entity.Client.orders
16:39:04.322 [main] DEBUG org.hibernate.engine.loading.internal.CollectionLoadContext - Collection fully initialized: [com.joseph.entity.Client.orders#123]
16:39:04.322 [main] DEBUG org.hibernate.engine.loading.internal.CollectionLoadContext - 1 collections initialized for role: com.joseph.entity.Client.orders
16:39:04.322 [main] DEBUG org.hibernate.resource.jdbc.internal.ResourceRegistryStandardImpl - HHH000387: ResultSet's statement was not registered
16:39:04.322 [main] DEBUG org.hibernate.loader.collection.plan.AbstractLoadPlanBasedCollectionInitializer - Done loading collection
16:39:04.322 [main] DEBUG org.springframework.orm.jpa.JpaTransactionManager - Initiating transaction commit
16:39:04.322 [main] DEBUG org.springframework.orm.jpa.JpaTransactionManager - Committing JPA transaction on EntityManager [SessionImpl(PersistenceContext[entityKeys=[EntityKey[com.joseph.entity.Client#124], EntityKey[com.joseph.entity.Client#123], EntityKey[com.joseph.entity.Client#125]],collectionKeys=[CollectionKey[com.joseph.entity.Client.orders#123], CollectionKey[com.joseph.entity.Client.orders#124], CollectionKey[com.joseph.entity.Client.orders#125]]];ActionQueue[insertions=ExecutableList{size=0} updates=ExecutableList{size=0} deletions=ExecutableList{size=3} orphanRemovals=ExecutableList{size=0} collectionCreations=ExecutableList{size=0} collectionRemovals=ExecutableList{size=0} collectionUpdates=ExecutableList{size=0} collectionQueuedOps=ExecutableList{size=0} unresolvedInsertDependencies=null])]
16:39:04.322 [main] DEBUG org.hibernate.engine.transaction.internal.TransactionImpl - committing
16:39:04.323 [main] DEBUG org.hibernate.event.internal.AbstractFlushingEventListener - Processing flush-time cascades
16:39:04.323 [main] DEBUG org.hibernate.event.internal.AbstractFlushingEventListener - Dirty checking collections
16:39:04.323 [main] DEBUG org.hibernate.engine.internal.Collections - Collection dereferenced: [com.joseph.entity.Client.orders#125]
16:39:04.323 [main] DEBUG org.hibernate.engine.internal.Collections - Collection dereferenced: [com.joseph.entity.Client.orders#124]
16:39:04.323 [main] DEBUG org.hibernate.engine.internal.Collections - Collection dereferenced: [com.joseph.entity.Client.orders#123]
16:39:04.323 [main] DEBUG org.hibernate.event.internal.AbstractFlushingEventListener - Flushed: 0 insertions, 0 updates, 3 deletions to 3 objects
16:39:04.323 [main] DEBUG org.hibernate.event.internal.AbstractFlushingEventListener - Flushed: 0 (re)creations, 0 updates, 3 removals to 3 collections
16:39:04.323 [main] DEBUG org.hibernate.internal.util.EntityPrinter - Listing entities:
16:39:04.323 [main] DEBUG org.hibernate.internal.util.EntityPrinter - com.joseph.entity.Client{nameclient=test, emailclient=test1@test.com, orders=[], idclient=124}
16:39:04.323 [main] DEBUG org.hibernate.internal.util.EntityPrinter - com.joseph.entity.Client{nameclient=test, emailclient=test@test.com, orders=[], idclient=123}
16:39:04.323 [main] DEBUG org.hibernate.internal.util.EntityPrinter - com.joseph.entity.Client{nameclient=test, emailclient=test2@test.com, orders=[], idclient=125}
16:39:04.324 [main] DEBUG org.hibernate.SQL - delete from client where idclient=?
16:39:04.325 [main] DEBUG org.hibernate.SQL - delete from client where idclient=?
16:39:04.326 [main] DEBUG org.hibernate.SQL - delete from client where idclient=?
16:39:04.328 [main] DEBUG org.springframework.orm.jpa.JpaTransactionManager - Closing JPA EntityManager [SessionImpl(PersistenceContext[entityKeys=[],collectionKeys=[]];ActionQueue[insertions=ExecutableList{size=0} updates=ExecutableList{size=0} deletions=ExecutableList{size=0} orphanRemovals=ExecutableList{size=0} collectionCreations=ExecutableList{size=0} collectionRemovals=ExecutableList{size=0} collectionUpdates=ExecutableList{size=0} collectionQueuedOps=ExecutableList{size=0} unresolvedInsertDependencies=null])] after transaction
16:39:04.329 [main] DEBUG org.hibernate.engine.jdbc.internal.JdbcCoordinatorImpl - HHH000420: Closing un-released batch
16:39:04.329 [main] DEBUG org.springframework.orm.jpa.JpaTransactionManager - Creating new transaction with name [org.springframework.data.jpa.repository.support.SimpleJpaRepository.save]: PROPAGATION_REQUIRED,ISOLATION_DEFAULT
16:39:04.329 [main] DEBUG org.springframework.orm.jpa.JpaTransactionManager - Opened new EntityManager [SessionImpl(PersistenceContext[entityKeys=[],collectionKeys=[]];ActionQueue[insertions=ExecutableList{size=0} updates=ExecutableList{size=0} deletions=ExecutableList{size=0} orphanRemovals=ExecutableList{size=0} collectionCreations=ExecutableList{size=0} collectionRemovals=ExecutableList{size=0} collectionUpdates=ExecutableList{size=0} collectionQueuedOps=ExecutableList{size=0} unresolvedInsertDependencies=null])] for JPA transaction
16:39:04.329 [main] DEBUG org.hibernate.engine.transaction.internal.TransactionImpl - begin
16:39:04.329 [main] DEBUG org.springframework.jdbc.datasource.DriverManagerDataSource - Creating new JDBC DriverManager Connection to [jdbc:mysql://localhost:3306/testcraftcore?useSSL=false&useTimezone=true&serverTimezone=UTC]
16:39:04.337 [main] DEBUG org.springframework.orm.jpa.JpaTransactionManager - Exposing JPA transaction as JDBC [org.springframework.orm.jpa.vendor.HibernateJpaDialect$HibernateConnectionHandle@7e8279e5]
16:39:04.338 [main] DEBUG org.hibernate.engine.spi.ActionQueue - Executing identity-insert immediately
16:39:04.338 [main] DEBUG org.hibernate.SQL - insert into client (emailclient, nameclient) values (?, ?)
16:39:04.340 [main] DEBUG org.hibernate.id.IdentifierGeneratorHelper - Natively generated identity: 126
16:39:04.340 [main] DEBUG org.hibernate.resource.jdbc.internal.ResourceRegistryStandardImpl - HHH000387: ResultSet's statement was not registered
16:39:04.341 [main] DEBUG org.springframework.orm.jpa.JpaTransactionManager - Initiating transaction commit
16:39:04.341 [main] DEBUG org.springframework.orm.jpa.JpaTransactionManager - Committing JPA transaction on EntityManager [SessionImpl(PersistenceContext[entityKeys=[EntityKey[com.joseph.entity.Client#126]],collectionKeys=[]];ActionQueue[insertions=ExecutableList{size=0} updates=ExecutableList{size=0} deletions=ExecutableList{size=0} orphanRemovals=ExecutableList{size=0} collectionCreations=ExecutableList{size=0} collectionRemovals=ExecutableList{size=0} collectionUpdates=ExecutableList{size=0} collectionQueuedOps=ExecutableList{size=0} unresolvedInsertDependencies=null])]
16:39:04.341 [main] DEBUG org.hibernate.engine.transaction.internal.TransactionImpl - committing
16:39:04.341 [main] DEBUG org.hibernate.event.internal.AbstractFlushingEventListener - Processing flush-time cascades
16:39:04.341 [main] DEBUG org.hibernate.event.internal.AbstractFlushingEventListener - Dirty checking collections
16:39:04.341 [main] DEBUG org.hibernate.engine.internal.Collections - Collection found: [com.joseph.entity.Client.orders#126], was: [<unreferenced>] (initialized)
16:39:04.341 [main] DEBUG org.hibernate.event.internal.AbstractFlushingEventListener - Flushed: 0 insertions, 0 updates, 0 deletions to 1 objects
16:39:04.341 [main] DEBUG org.hibernate.event.internal.AbstractFlushingEventListener - Flushed: 1 (re)creations, 0 updates, 0 removals to 1 collections
16:39:04.341 [main] DEBUG org.hibernate.internal.util.EntityPrinter - Listing entities:
16:39:04.341 [main] DEBUG org.hibernate.internal.util.EntityPrinter - com.joseph.entity.Client{nameclient=test, emailclient=test@test.com, orders=[], idclient=126}
16:39:04.342 [main] DEBUG org.springframework.orm.jpa.JpaTransactionManager - Closing JPA EntityManager [SessionImpl(PersistenceContext[entityKeys=[EntityKey[com.joseph.entity.Client#126]],collectionKeys=[CollectionKey[com.joseph.entity.Client.orders#126]]];ActionQueue[insertions=ExecutableList{size=0} updates=ExecutableList{size=0} deletions=ExecutableList{size=0} orphanRemovals=ExecutableList{size=0} collectionCreations=ExecutableList{size=0} collectionRemovals=ExecutableList{size=0} collectionUpdates=ExecutableList{size=0} collectionQueuedOps=ExecutableList{size=0} unresolvedInsertDependencies=null])] after transaction
16:39:04.343 [main] DEBUG org.springframework.orm.jpa.JpaTransactionManager - Creating new transaction with name [org.springframework.data.jpa.repository.support.SimpleJpaRepository.save]: PROPAGATION_REQUIRED,ISOLATION_DEFAULT
16:39:04.343 [main] DEBUG org.springframework.orm.jpa.JpaTransactionManager - Opened new EntityManager [SessionImpl(PersistenceContext[entityKeys=[],collectionKeys=[]];ActionQueue[insertions=ExecutableList{size=0} updates=ExecutableList{size=0} deletions=ExecutableList{size=0} orphanRemovals=ExecutableList{size=0} collectionCreations=ExecutableList{size=0} collectionRemovals=ExecutableList{size=0} collectionUpdates=ExecutableList{size=0} collectionQueuedOps=ExecutableList{size=0} unresolvedInsertDependencies=null])] for JPA transaction
16:39:04.343 [main] DEBUG org.hibernate.engine.transaction.internal.TransactionImpl - begin
16:39:04.343 [main] DEBUG org.springframework.jdbc.datasource.DriverManagerDataSource - Creating new JDBC DriverManager Connection to [jdbc:mysql://localhost:3306/testcraftcore?useSSL=false&useTimezone=true&serverTimezone=UTC]
16:39:04.348 [main] DEBUG org.springframework.orm.jpa.JpaTransactionManager - Exposing JPA transaction as JDBC [org.springframework.orm.jpa.vendor.HibernateJpaDialect$HibernateConnectionHandle@12d2ddde]
16:39:04.349 [main] DEBUG org.hibernate.engine.spi.ActionQueue - Executing identity-insert immediately
16:39:04.349 [main] DEBUG org.hibernate.SQL - insert into client (emailclient, nameclient) values (?, ?)
16:39:04.352 [main] DEBUG org.hibernate.id.IdentifierGeneratorHelper - Natively generated identity: 127
16:39:04.353 [main] DEBUG org.hibernate.resource.jdbc.internal.ResourceRegistryStandardImpl - HHH000387: ResultSet's statement was not registered
16:39:04.353 [main] DEBUG org.springframework.orm.jpa.JpaTransactionManager - Initiating transaction commit
16:39:04.353 [main] DEBUG org.springframework.orm.jpa.JpaTransactionManager - Committing JPA transaction on EntityManager [SessionImpl(PersistenceContext[entityKeys=[EntityKey[com.joseph.entity.Client#127]],collectionKeys=[]];ActionQueue[insertions=ExecutableList{size=0} updates=ExecutableList{size=0} deletions=ExecutableList{size=0} orphanRemovals=ExecutableList{size=0} collectionCreations=ExecutableList{size=0} collectionRemovals=ExecutableList{size=0} collectionUpdates=ExecutableList{size=0} collectionQueuedOps=ExecutableList{size=0} unresolvedInsertDependencies=null])]
16:39:04.353 [main] DEBUG org.hibernate.engine.transaction.internal.TransactionImpl - committing
16:39:04.353 [main] DEBUG org.hibernate.event.internal.AbstractFlushingEventListener - Processing flush-time cascades
16:39:04.353 [main] DEBUG org.hibernate.event.internal.AbstractFlushingEventListener - Dirty checking collections
16:39:04.355 [main] DEBUG org.hibernate.engine.internal.Collections - Collection found: [com.joseph.entity.Client.orders#127], was: [<unreferenced>] (initialized)
16:39:04.355 [main] DEBUG org.hibernate.event.internal.AbstractFlushingEventListener - Flushed: 0 insertions, 0 updates, 0 deletions to 1 objects
16:39:04.355 [main] DEBUG org.hibernate.event.internal.AbstractFlushingEventListener - Flushed: 1 (re)creations, 0 updates, 0 removals to 1 collections
16:39:04.355 [main] DEBUG org.hibernate.internal.util.EntityPrinter - Listing entities:
16:39:04.355 [main] DEBUG org.hibernate.internal.util.EntityPrinter - com.joseph.entity.Client{nameclient=test, emailclient=test1@test.com, orders=[], idclient=127}
16:39:04.356 [main] DEBUG org.springframework.orm.jpa.JpaTransactionManager - Closing JPA EntityManager [SessionImpl(PersistenceContext[entityKeys=[EntityKey[com.joseph.entity.Client#127]],collectionKeys=[CollectionKey[com.joseph.entity.Client.orders#127]]];ActionQueue[insertions=ExecutableList{size=0} updates=ExecutableList{size=0} deletions=ExecutableList{size=0} orphanRemovals=ExecutableList{size=0} collectionCreations=ExecutableList{size=0} collectionRemovals=ExecutableList{size=0} collectionUpdates=ExecutableList{size=0} collectionQueuedOps=ExecutableList{size=0} unresolvedInsertDependencies=null])] after transaction
16:39:04.356 [main] DEBUG org.springframework.orm.jpa.JpaTransactionManager - Creating new transaction with name [org.springframework.data.jpa.repository.support.SimpleJpaRepository.save]: PROPAGATION_REQUIRED,ISOLATION_DEFAULT
16:39:04.357 [main] DEBUG org.springframework.orm.jpa.JpaTransactionManager - Opened new EntityManager [SessionImpl(PersistenceContext[entityKeys=[],collectionKeys=[]];ActionQueue[insertions=ExecutableList{size=0} updates=ExecutableList{size=0} deletions=ExecutableList{size=0} orphanRemovals=ExecutableList{size=0} collectionCreations=ExecutableList{size=0} collectionRemovals=ExecutableList{size=0} collectionUpdates=ExecutableList{size=0} collectionQueuedOps=ExecutableList{size=0} unresolvedInsertDependencies=null])] for JPA transaction
16:39:04.357 [main] DEBUG org.hibernate.engine.transaction.internal.TransactionImpl - begin
16:39:04.357 [main] DEBUG org.springframework.jdbc.datasource.DriverManagerDataSource - Creating new JDBC DriverManager Connection to [jdbc:mysql://localhost:3306/testcraftcore?useSSL=false&useTimezone=true&serverTimezone=UTC]
16:39:04.361 [main] DEBUG org.springframework.orm.jpa.JpaTransactionManager - Exposing JPA transaction as JDBC [org.springframework.orm.jpa.vendor.HibernateJpaDialect$HibernateConnectionHandle@5ae15]
16:39:04.362 [main] DEBUG org.hibernate.engine.spi.ActionQueue - Executing identity-insert immediately
16:39:04.362 [main] DEBUG org.hibernate.SQL - insert into client (emailclient, nameclient) values (?, ?)
16:39:04.364 [main] DEBUG org.hibernate.id.IdentifierGeneratorHelper - Natively generated identity: 128
16:39:04.364 [main] DEBUG org.hibernate.resource.jdbc.internal.ResourceRegistryStandardImpl - HHH000387: ResultSet's statement was not registered
16:39:04.364 [main] DEBUG org.springframework.orm.jpa.JpaTransactionManager - Initiating transaction commit
16:39:04.365 [main] DEBUG org.springframework.orm.jpa.JpaTransactionManager - Committing JPA transaction on EntityManager [SessionImpl(PersistenceContext[entityKeys=[EntityKey[com.joseph.entity.Client#128]],collectionKeys=[]];ActionQueue[insertions=ExecutableList{size=0} updates=ExecutableList{size=0} deletions=ExecutableList{size=0} orphanRemovals=ExecutableList{size=0} collectionCreations=ExecutableList{size=0} collectionRemovals=ExecutableList{size=0} collectionUpdates=ExecutableList{size=0} collectionQueuedOps=ExecutableList{size=0} unresolvedInsertDependencies=null])]
16:39:04.365 [main] DEBUG org.hibernate.engine.transaction.internal.TransactionImpl - committing
16:39:04.365 [main] DEBUG org.hibernate.event.internal.AbstractFlushingEventListener - Processing flush-time cascades
16:39:04.365 [main] DEBUG org.hibernate.event.internal.AbstractFlushingEventListener - Dirty checking collections
16:39:04.365 [main] DEBUG org.hibernate.engine.internal.Collections - Collection found: [com.joseph.entity.Client.orders#128], was: [<unreferenced>] (initialized)
16:39:04.365 [main] DEBUG org.hibernate.event.internal.AbstractFlushingEventListener - Flushed: 0 insertions, 0 updates, 0 deletions to 1 objects
16:39:04.365 [main] DEBUG org.hibernate.event.internal.AbstractFlushingEventListener - Flushed: 1 (re)creations, 0 updates, 0 removals to 1 collections
16:39:04.365 [main] DEBUG org.hibernate.internal.util.EntityPrinter - Listing entities:
16:39:04.365 [main] DEBUG org.hibernate.internal.util.EntityPrinter - com.joseph.entity.Client{nameclient=test, emailclient=test2@test.com, orders=[], idclient=128}
16:39:04.366 [main] DEBUG org.springframework.orm.jpa.JpaTransactionManager - Closing JPA EntityManager [SessionImpl(PersistenceContext[entityKeys=[EntityKey[com.joseph.entity.Client#128]],collectionKeys=[CollectionKey[com.joseph.entity.Client.orders#128]]];ActionQueue[insertions=ExecutableList{size=0} updates=ExecutableList{size=0} deletions=ExecutableList{size=0} orphanRemovals=ExecutableList{size=0} collectionCreations=ExecutableList{size=0} collectionRemovals=ExecutableList{size=0} collectionUpdates=ExecutableList{size=0} collectionQueuedOps=ExecutableList{size=0} unresolvedInsertDependencies=null])] after transaction
16:39:04.367 [main] DEBUG org.springframework.test.context.cache.DefaultCacheAwareContextLoaderDelegate - Retrieved ApplicationContext [270056930] from cache with key [[MergedContextConfiguration@5d7d8613 testClass = ClientServiceImplTest.parameterizedAndRepetedTest, locations = '{}', classes = '{class com.joseph.config.PersistenceJPAConfig}', contextInitializerClasses = '[]', activeProfiles = '{}', propertySourceLocations = '{}', propertySourceProperties = '{}', contextCustomizers = set[[empty]], contextLoader = 'org.springframework.test.context.support.DelegatingSmartContextLoader', parent = [null]]]
16:39:04.367 [main] DEBUG org.springframework.test.context.cache - Spring test ApplicationContext cache statistics: [DefaultContextCache@65bb6275 size = 1, maxSize = 32, parentContextCount = 0, hitCount = 34, missCount = 1]
16:39:04.396 [main] DEBUG org.springframework.orm.jpa.JpaTransactionManager - Creating new transaction with name [com.joseph.service.Impl.ClientServiceImpl.saveClient]: PROPAGATION_REQUIRED,ISOLATION_DEFAULT
16:39:04.396 [main] DEBUG org.springframework.orm.jpa.JpaTransactionManager - Opened new EntityManager [SessionImpl(PersistenceContext[entityKeys=[],collectionKeys=[]];ActionQueue[insertions=ExecutableList{size=0} updates=ExecutableList{size=0} deletions=ExecutableList{size=0} orphanRemovals=ExecutableList{size=0} collectionCreations=ExecutableList{size=0} collectionRemovals=ExecutableList{size=0} collectionUpdates=ExecutableList{size=0} collectionQueuedOps=ExecutableList{size=0} unresolvedInsertDependencies=null])] for JPA transaction
16:39:04.396 [main] DEBUG org.hibernate.engine.transaction.internal.TransactionImpl - begin
16:39:04.396 [main] DEBUG org.springframework.jdbc.datasource.DriverManagerDataSource - Creating new JDBC DriverManager Connection to [jdbc:mysql://localhost:3306/testcraftcore?useSSL=false&useTimezone=true&serverTimezone=UTC]
16:39:04.403 [main] DEBUG org.springframework.orm.jpa.JpaTransactionManager - Exposing JPA transaction as JDBC [org.springframework.orm.jpa.vendor.HibernateJpaDialect$HibernateConnectionHandle@1f782c05]
16:39:04.403 [main] DEBUG org.springframework.orm.jpa.JpaTransactionManager - Found thread-bound EntityManager [SessionImpl(PersistenceContext[entityKeys=[],collectionKeys=[]];ActionQueue[insertions=ExecutableList{size=0} updates=ExecutableList{size=0} deletions=ExecutableList{size=0} orphanRemovals=ExecutableList{size=0} collectionCreations=ExecutableList{size=0} collectionRemovals=ExecutableList{size=0} collectionUpdates=ExecutableList{size=0} collectionQueuedOps=ExecutableList{size=0} unresolvedInsertDependencies=null])] for JPA transaction
16:39:04.404 [main] DEBUG org.springframework.orm.jpa.JpaTransactionManager - Participating in existing transaction
16:39:04.406 [main] DEBUG org.hibernate.event.internal.DefaultMergeEventListener - EntityCopyObserver strategy: disallow
16:39:04.408 [main] DEBUG org.hibernate.loader.Loader - Loading entity: [com.joseph.entity.Client#128]
16:39:04.408 [main] DEBUG org.hibernate.SQL - select client0_.idclient as idclient1_0_1_, client0_.emailclient as emailcli2_0_1_, client0_.nameclient as nameclie3_0_1_, orders1_.idclient as idclient5_1_3_, orders1_.idorder as idorder1_1_3_, orders1_.idorder as idorder1_1_0_, orders1_.idclient as idclient5_1_0_, orders1_.dateorder as dateorde2_1_0_, orders1_.statusorder as statusor3_1_0_, orders1_.totalorder as totalord4_1_0_ from client client0_ left outer join order_table orders1_ on client0_.idclient=orders1_.idclient where client0_.idclient=?
16:39:04.411 [main] DEBUG org.hibernate.loader.Loader - Result set row: 0
16:39:04.412 [main] DEBUG org.hibernate.loader.Loader - Result row: null, EntityKey[com.joseph.entity.Client#128]
16:39:04.412 [main] DEBUG org.hibernate.loader.Loader - Result set contains (possibly empty) collection: [com.joseph.entity.Client.orders#128]
16:39:04.412 [main] DEBUG org.hibernate.engine.internal.TwoPhaseLoad - Resolving associations for [com.joseph.entity.Client#128]
16:39:04.412 [main] DEBUG org.hibernate.engine.internal.TwoPhaseLoad - Done materializing entity [com.joseph.entity.Client#128]
16:39:04.412 [main] DEBUG org.hibernate.engine.loading.internal.CollectionLoadContext - 1 collections were found in result set for role: com.joseph.entity.Client.orders
16:39:04.413 [main] DEBUG org.hibernate.engine.loading.internal.CollectionLoadContext - Collection fully initialized: [com.joseph.entity.Client.orders#128]
16:39:04.413 [main] DEBUG org.hibernate.engine.loading.internal.CollectionLoadContext - 1 collections initialized for role: com.joseph.entity.Client.orders
16:39:04.413 [main] DEBUG org.hibernate.loader.Loader - Done entity load
16:39:04.413 [main] DEBUG org.hibernate.engine.spi.CollectionEntry - Reset storedSnapshot to {} for CollectionEntry[com.joseph.entity.Client.orders#128]
16:39:04.413 [main] DEBUG org.springframework.orm.jpa.JpaTransactionManager - Initiating transaction commit
16:39:04.413 [main] DEBUG org.springframework.orm.jpa.JpaTransactionManager - Committing JPA transaction on EntityManager [SessionImpl(PersistenceContext[entityKeys=[EntityKey[com.joseph.entity.Client#128]],collectionKeys=[CollectionKey[com.joseph.entity.Client.orders#128]]];ActionQueue[insertions=ExecutableList{size=0} updates=ExecutableList{size=0} deletions=ExecutableList{size=0} orphanRemovals=ExecutableList{size=0} collectionCreations=ExecutableList{size=0} collectionRemovals=ExecutableList{size=0} collectionUpdates=ExecutableList{size=0} collectionQueuedOps=ExecutableList{size=0} unresolvedInsertDependencies=null])]
16:39:04.413 [main] DEBUG org.hibernate.engine.transaction.internal.TransactionImpl - committing
16:39:04.413 [main] DEBUG org.hibernate.event.internal.AbstractFlushingEventListener - Processing flush-time cascades
16:39:04.413 [main] DEBUG org.hibernate.event.internal.AbstractFlushingEventListener - Dirty checking collections
16:39:04.414 [main] DEBUG org.hibernate.engine.internal.Collections - Collection found: [com.joseph.entity.Client.orders#128], was: [com.joseph.entity.Client.orders#128] (initialized)
16:39:04.414 [main] DEBUG org.hibernate.event.internal.AbstractFlushingEventListener - Flushed: 0 insertions, 1 updates, 0 deletions to 1 objects
16:39:04.414 [main] DEBUG org.hibernate.event.internal.AbstractFlushingEventListener - Flushed: 0 (re)creations, 0 updates, 0 removals to 1 collections
16:39:04.414 [main] DEBUG org.hibernate.internal.util.EntityPrinter - Listing entities:
16:39:04.414 [main] DEBUG org.hibernate.internal.util.EntityPrinter - com.joseph.entity.Client{nameclient=client1Test, emailclient=test@test.com, orders=[], idclient=128}
16:39:04.415 [main] DEBUG org.hibernate.SQL - update client set emailclient=?, nameclient=? where idclient=?
16:39:04.419 [main] DEBUG org.springframework.orm.jpa.JpaTransactionManager - Closing JPA EntityManager [SessionImpl(PersistenceContext[entityKeys=[EntityKey[com.joseph.entity.Client#128]],collectionKeys=[CollectionKey[com.joseph.entity.Client.orders#128]]];ActionQueue[insertions=ExecutableList{size=0} updates=ExecutableList{size=0} deletions=ExecutableList{size=0} orphanRemovals=ExecutableList{size=0} collectionCreations=ExecutableList{size=0} collectionRemovals=ExecutableList{size=0} collectionUpdates=ExecutableList{size=0} collectionQueuedOps=ExecutableList{size=0} unresolvedInsertDependencies=null])] after transaction
16:39:04.420 [main] DEBUG org.springframework.orm.jpa.JpaTransactionManager - Creating new transaction with name [org.springframework.data.jpa.repository.support.SimpleJpaRepository.findAll]: PROPAGATION_REQUIRED,ISOLATION_DEFAULT,readOnly
16:39:04.420 [main] DEBUG org.springframework.orm.jpa.JpaTransactionManager - Opened new EntityManager [SessionImpl(PersistenceContext[entityKeys=[],collectionKeys=[]];ActionQueue[insertions=ExecutableList{size=0} updates=ExecutableList{size=0} deletions=ExecutableList{size=0} orphanRemovals=ExecutableList{size=0} collectionCreations=ExecutableList{size=0} collectionRemovals=ExecutableList{size=0} collectionUpdates=ExecutableList{size=0} collectionQueuedOps=ExecutableList{size=0} unresolvedInsertDependencies=null])] for JPA transaction
16:39:04.422 [main] DEBUG org.springframework.jdbc.datasource.DriverManagerDataSource - Creating new JDBC DriverManager Connection to [jdbc:mysql://localhost:3306/testcraftcore?useSSL=false&useTimezone=true&serverTimezone=UTC]
16:39:04.428 [main] DEBUG org.springframework.jdbc.datasource.DataSourceUtils - Setting JDBC Connection [com.mysql.cj.jdbc.ConnectionImpl@7573b9ee] read-only
16:39:04.428 [main] DEBUG org.hibernate.engine.transaction.internal.TransactionImpl - begin
16:39:04.429 [main] DEBUG org.springframework.orm.jpa.JpaTransactionManager - Exposing JPA transaction as JDBC [org.springframework.orm.jpa.vendor.HibernateJpaDialect$HibernateConnectionHandle@9a20cbd]
16:39:04.429 [main] DEBUG org.hibernate.query.criteria.internal.CriteriaQueryImpl - Rendered criteria query -> select generatedAlias0 from Client as generatedAlias0
16:39:04.430 [main] DEBUG org.hibernate.SQL - select client0_.idclient as idclient1_0_, client0_.emailclient as emailcli2_0_, client0_.nameclient as nameclie3_0_ from client client0_
16:39:04.431 [main] DEBUG org.hibernate.loader.Loader - Result set row: 0
16:39:04.431 [main] DEBUG org.hibernate.loader.Loader - Result row: EntityKey[com.joseph.entity.Client#126]
16:39:04.431 [main] DEBUG org.hibernate.loader.Loader - Result set row: 1
16:39:04.431 [main] DEBUG org.hibernate.loader.Loader - Result row: EntityKey[com.joseph.entity.Client#127]
16:39:04.431 [main] DEBUG org.hibernate.loader.Loader - Result set row: 2
16:39:04.431 [main] DEBUG org.hibernate.loader.Loader - Result row: EntityKey[com.joseph.entity.Client#128]
16:39:04.431 [main] DEBUG org.hibernate.engine.internal.TwoPhaseLoad - Resolving associations for [com.joseph.entity.Client#126]
16:39:04.431 [main] DEBUG org.hibernate.engine.internal.TwoPhaseLoad - Done materializing entity [com.joseph.entity.Client#126]
16:39:04.431 [main] DEBUG org.hibernate.engine.internal.TwoPhaseLoad - Resolving associations for [com.joseph.entity.Client#127]
16:39:04.431 [main] DEBUG org.hibernate.engine.internal.TwoPhaseLoad - Done materializing entity [com.joseph.entity.Client#127]
16:39:04.433 [main] DEBUG org.hibernate.engine.internal.TwoPhaseLoad - Resolving associations for [com.joseph.entity.Client#128]
16:39:04.433 [main] DEBUG org.hibernate.engine.internal.TwoPhaseLoad - Done materializing entity [com.joseph.entity.Client#128]
16:39:04.433 [main] DEBUG org.springframework.orm.jpa.JpaTransactionManager - Initiating transaction commit
16:39:04.433 [main] DEBUG org.springframework.orm.jpa.JpaTransactionManager - Committing JPA transaction on EntityManager [SessionImpl(PersistenceContext[entityKeys=[EntityKey[com.joseph.entity.Client#128], EntityKey[com.joseph.entity.Client#127], EntityKey[com.joseph.entity.Client#126]],collectionKeys=[CollectionKey[com.joseph.entity.Client.orders#128], CollectionKey[com.joseph.entity.Client.orders#126], CollectionKey[com.joseph.entity.Client.orders#127]]];ActionQueue[insertions=ExecutableList{size=0} updates=ExecutableList{size=0} deletions=ExecutableList{size=0} orphanRemovals=ExecutableList{size=0} collectionCreations=ExecutableList{size=0} collectionRemovals=ExecutableList{size=0} collectionUpdates=ExecutableList{size=0} collectionQueuedOps=ExecutableList{size=0} unresolvedInsertDependencies=null])]
16:39:04.433 [main] DEBUG org.hibernate.engine.transaction.internal.TransactionImpl - committing
16:39:04.434 [main] DEBUG org.springframework.jdbc.datasource.DataSourceUtils - Resetting read-only flag of JDBC Connection [com.mysql.cj.jdbc.ConnectionImpl@7573b9ee]
16:39:04.435 [main] DEBUG org.springframework.orm.jpa.JpaTransactionManager - Closing JPA EntityManager [SessionImpl(PersistenceContext[entityKeys=[EntityKey[com.joseph.entity.Client#128], EntityKey[com.joseph.entity.Client#127], EntityKey[com.joseph.entity.Client#126]],collectionKeys=[CollectionKey[com.joseph.entity.Client.orders#128], CollectionKey[com.joseph.entity.Client.orders#126], CollectionKey[com.joseph.entity.Client.orders#127]]];ActionQueue[insertions=ExecutableList{size=0} updates=ExecutableList{size=0} deletions=ExecutableList{size=0} orphanRemovals=ExecutableList{size=0} collectionCreations=ExecutableList{size=0} collectionRemovals=ExecutableList{size=0} collectionUpdates=ExecutableList{size=0} collectionQueuedOps=ExecutableList{size=0} unresolvedInsertDependencies=null])] after transaction
16:39:04.438 [main] DEBUG org.springframework.test.context.cache.DefaultCacheAwareContextLoaderDelegate - Retrieved ApplicationContext [270056930] from cache with key [[MergedContextConfiguration@5d7d8613 testClass = ClientServiceImplTest.parameterizedAndRepetedTest, locations = '{}', classes = '{class com.joseph.config.PersistenceJPAConfig}', contextInitializerClasses = '[]', activeProfiles = '{}', propertySourceLocations = '{}', propertySourceProperties = '{}', contextCustomizers = set[[empty]], contextLoader = 'org.springframework.test.context.support.DelegatingSmartContextLoader', parent = [null]]]
16:39:04.438 [main] DEBUG org.springframework.test.context.cache - Spring test ApplicationContext cache statistics: [DefaultContextCache@65bb6275 size = 1, maxSize = 32, parentContextCount = 0, hitCount = 35, missCount = 1]
16:39:04.438 [main] DEBUG org.springframework.orm.jpa.JpaTransactionManager - Creating new transaction with name [org.springframework.data.jpa.repository.support.SimpleJpaRepository.deleteAll]: PROPAGATION_REQUIRED,ISOLATION_DEFAULT
16:39:04.438 [main] DEBUG org.springframework.orm.jpa.JpaTransactionManager - Opened new EntityManager [SessionImpl(PersistenceContext[entityKeys=[],collectionKeys=[]];ActionQueue[insertions=ExecutableList{size=0} updates=ExecutableList{size=0} deletions=ExecutableList{size=0} orphanRemovals=ExecutableList{size=0} collectionCreations=ExecutableList{size=0} collectionRemovals=ExecutableList{size=0} collectionUpdates=ExecutableList{size=0} collectionQueuedOps=ExecutableList{size=0} unresolvedInsertDependencies=null])] for JPA transaction
16:39:04.438 [main] DEBUG org.hibernate.engine.transaction.internal.TransactionImpl - begin
16:39:04.438 [main] DEBUG org.springframework.jdbc.datasource.DriverManagerDataSource - Creating new JDBC DriverManager Connection to [jdbc:mysql://localhost:3306/testcraftcore?useSSL=false&useTimezone=true&serverTimezone=UTC]
16:39:04.443 [main] DEBUG org.springframework.orm.jpa.JpaTransactionManager - Exposing JPA transaction as JDBC [org.springframework.orm.jpa.vendor.HibernateJpaDialect$HibernateConnectionHandle@160b4809]
16:39:04.443 [main] DEBUG org.hibernate.query.criteria.internal.CriteriaQueryImpl - Rendered criteria query -> select generatedAlias0 from Client as generatedAlias0
16:39:04.443 [main] DEBUG org.hibernate.SQL - select client0_.idclient as idclient1_0_, client0_.emailclient as emailcli2_0_, client0_.nameclient as nameclie3_0_ from client client0_
16:39:04.445 [main] DEBUG org.hibernate.loader.Loader - Result set row: 0
16:39:04.445 [main] DEBUG org.hibernate.loader.Loader - Result row: EntityKey[com.joseph.entity.Client#126]
16:39:04.445 [main] DEBUG org.hibernate.loader.Loader - Result set row: 1
16:39:04.445 [main] DEBUG org.hibernate.loader.Loader - Result row: EntityKey[com.joseph.entity.Client#127]
16:39:04.445 [main] DEBUG org.hibernate.loader.Loader - Result set row: 2
16:39:04.445 [main] DEBUG org.hibernate.loader.Loader - Result row: EntityKey[com.joseph.entity.Client#128]
16:39:04.446 [main] DEBUG org.hibernate.engine.internal.TwoPhaseLoad - Resolving associations for [com.joseph.entity.Client#126]
16:39:04.446 [main] DEBUG org.hibernate.engine.internal.TwoPhaseLoad - Done materializing entity [com.joseph.entity.Client#126]
16:39:04.446 [main] DEBUG org.hibernate.engine.internal.TwoPhaseLoad - Resolving associations for [com.joseph.entity.Client#127]
16:39:04.446 [main] DEBUG org.hibernate.engine.internal.TwoPhaseLoad - Done materializing entity [com.joseph.entity.Client#127]
16:39:04.446 [main] DEBUG org.hibernate.engine.internal.TwoPhaseLoad - Resolving associations for [com.joseph.entity.Client#128]
16:39:04.446 [main] DEBUG org.hibernate.engine.internal.TwoPhaseLoad - Done materializing entity [com.joseph.entity.Client#128]
16:39:04.446 [main] DEBUG org.hibernate.loader.collection.plan.AbstractLoadPlanBasedCollectionInitializer - Loading collection: [com.joseph.entity.Client.orders#126]
16:39:04.446 [main] DEBUG org.hibernate.SQL - select orders0_.idclient as idclient5_1_0_, orders0_.idorder as idorder1_1_0_, orders0_.idorder as idorder1_1_1_, orders0_.idclient as idclient5_1_1_, orders0_.dateorder as dateorde2_1_1_, orders0_.statusorder as statusor3_1_1_, orders0_.totalorder as totalord4_1_1_ from order_table orders0_ where orders0_.idclient=?
16:39:04.449 [main] DEBUG org.hibernate.loader.plan.exec.process.internal.ResultSetProcessorImpl - Preparing collection intializer : [com.joseph.entity.Client.orders#126]
16:39:04.449 [main] DEBUG org.hibernate.engine.loading.internal.CollectionLoadContext - 1 collections were found in result set for role: com.joseph.entity.Client.orders
16:39:04.449 [main] DEBUG org.hibernate.engine.loading.internal.CollectionLoadContext - Collection fully initialized: [com.joseph.entity.Client.orders#126]
16:39:04.449 [main] DEBUG org.hibernate.engine.loading.internal.CollectionLoadContext - 1 collections initialized for role: com.joseph.entity.Client.orders
16:39:04.449 [main] DEBUG org.hibernate.resource.jdbc.internal.ResourceRegistryStandardImpl - HHH000387: ResultSet's statement was not registered
16:39:04.449 [main] DEBUG org.hibernate.loader.collection.plan.AbstractLoadPlanBasedCollectionInitializer - Done loading collection
16:39:04.449 [main] DEBUG org.hibernate.loader.collection.plan.AbstractLoadPlanBasedCollectionInitializer - Loading collection: [com.joseph.entity.Client.orders#127]
16:39:04.449 [main] DEBUG org.hibernate.SQL - select orders0_.idclient as idclient5_1_0_, orders0_.idorder as idorder1_1_0_, orders0_.idorder as idorder1_1_1_, orders0_.idclient as idclient5_1_1_, orders0_.dateorder as dateorde2_1_1_, orders0_.statusorder as statusor3_1_1_, orders0_.totalorder as totalord4_1_1_ from order_table orders0_ where orders0_.idclient=?
16:39:04.451 [main] DEBUG org.hibernate.loader.plan.exec.process.internal.ResultSetProcessorImpl - Preparing collection intializer : [com.joseph.entity.Client.orders#127]
16:39:04.451 [main] DEBUG org.hibernate.engine.loading.internal.CollectionLoadContext - 1 collections were found in result set for role: com.joseph.entity.Client.orders
16:39:04.451 [main] DEBUG org.hibernate.engine.loading.internal.CollectionLoadContext - Collection fully initialized: [com.joseph.entity.Client.orders#127]
16:39:04.451 [main] DEBUG org.hibernate.engine.loading.internal.CollectionLoadContext - 1 collections initialized for role: com.joseph.entity.Client.orders
16:39:04.451 [main] DEBUG org.hibernate.resource.jdbc.internal.ResourceRegistryStandardImpl - HHH000387: ResultSet's statement was not registered
16:39:04.451 [main] DEBUG org.hibernate.loader.collection.plan.AbstractLoadPlanBasedCollectionInitializer - Done loading collection
16:39:04.451 [main] DEBUG org.hibernate.loader.collection.plan.AbstractLoadPlanBasedCollectionInitializer - Loading collection: [com.joseph.entity.Client.orders#128]
16:39:04.451 [main] DEBUG org.hibernate.SQL - select orders0_.idclient as idclient5_1_0_, orders0_.idorder as idorder1_1_0_, orders0_.idorder as idorder1_1_1_, orders0_.idclient as idclient5_1_1_, orders0_.dateorder as dateorde2_1_1_, orders0_.statusorder as statusor3_1_1_, orders0_.totalorder as totalord4_1_1_ from order_table orders0_ where orders0_.idclient=?
16:39:04.453 [main] DEBUG org.hibernate.loader.plan.exec.process.internal.ResultSetProcessorImpl - Preparing collection intializer : [com.joseph.entity.Client.orders#128]
16:39:04.453 [main] DEBUG org.hibernate.engine.loading.internal.CollectionLoadContext - 1 collections were found in result set for role: com.joseph.entity.Client.orders
16:39:04.453 [main] DEBUG org.hibernate.engine.loading.internal.CollectionLoadContext - Collection fully initialized: [com.joseph.entity.Client.orders#128]
16:39:04.453 [main] DEBUG org.hibernate.engine.loading.internal.CollectionLoadContext - 1 collections initialized for role: com.joseph.entity.Client.orders
16:39:04.453 [main] DEBUG org.hibernate.resource.jdbc.internal.ResourceRegistryStandardImpl - HHH000387: ResultSet's statement was not registered
16:39:04.453 [main] DEBUG org.hibernate.loader.collection.plan.AbstractLoadPlanBasedCollectionInitializer - Done loading collection
16:39:04.453 [main] DEBUG org.springframework.orm.jpa.JpaTransactionManager - Initiating transaction commit
16:39:04.453 [main] DEBUG org.springframework.orm.jpa.JpaTransactionManager - Committing JPA transaction on EntityManager [SessionImpl(PersistenceContext[entityKeys=[EntityKey[com.joseph.entity.Client#128], EntityKey[com.joseph.entity.Client#127], EntityKey[com.joseph.entity.Client#126]],collectionKeys=[CollectionKey[com.joseph.entity.Client.orders#128], CollectionKey[com.joseph.entity.Client.orders#126], CollectionKey[com.joseph.entity.Client.orders#127]]];ActionQueue[insertions=ExecutableList{size=0} updates=ExecutableList{size=0} deletions=ExecutableList{size=3} orphanRemovals=ExecutableList{size=0} collectionCreations=ExecutableList{size=0} collectionRemovals=ExecutableList{size=0} collectionUpdates=ExecutableList{size=0} collectionQueuedOps=ExecutableList{size=0} unresolvedInsertDependencies=null])]
16:39:04.453 [main] DEBUG org.hibernate.engine.transaction.internal.TransactionImpl - committing
16:39:04.453 [main] DEBUG org.hibernate.event.internal.AbstractFlushingEventListener - Processing flush-time cascades
16:39:04.453 [main] DEBUG org.hibernate.event.internal.AbstractFlushingEventListener - Dirty checking collections
16:39:04.454 [main] DEBUG org.hibernate.engine.internal.Collections - Collection dereferenced: [com.joseph.entity.Client.orders#126]
16:39:04.454 [main] DEBUG org.hibernate.engine.internal.Collections - Collection dereferenced: [com.joseph.entity.Client.orders#127]
16:39:04.454 [main] DEBUG org.hibernate.engine.internal.Collections - Collection dereferenced: [com.joseph.entity.Client.orders#128]
16:39:04.454 [main] DEBUG org.hibernate.event.internal.AbstractFlushingEventListener - Flushed: 0 insertions, 0 updates, 3 deletions to 3 objects
16:39:04.454 [main] DEBUG org.hibernate.event.internal.AbstractFlushingEventListener - Flushed: 0 (re)creations, 0 updates, 3 removals to 3 collections
16:39:04.454 [main] DEBUG org.hibernate.internal.util.EntityPrinter - Listing entities:
16:39:04.454 [main] DEBUG org.hibernate.internal.util.EntityPrinter - com.joseph.entity.Client{nameclient=client1Test, emailclient=test@test.com, orders=[], idclient=128}
16:39:04.454 [main] DEBUG org.hibernate.internal.util.EntityPrinter - com.joseph.entity.Client{nameclient=test, emailclient=test1@test.com, orders=[], idclient=127}
16:39:04.454 [main] DEBUG org.hibernate.internal.util.EntityPrinter - com.joseph.entity.Client{nameclient=test, emailclient=test@test.com, orders=[], idclient=126}
16:39:04.454 [main] DEBUG org.hibernate.SQL - delete from client where idclient=?
16:39:04.455 [main] DEBUG org.hibernate.SQL - delete from client where idclient=?
16:39:04.456 [main] DEBUG org.hibernate.SQL - delete from client where idclient=?
16:39:04.458 [main] DEBUG org.springframework.orm.jpa.JpaTransactionManager - Closing JPA EntityManager [SessionImpl(PersistenceContext[entityKeys=[],collectionKeys=[]];ActionQueue[insertions=ExecutableList{size=0} updates=ExecutableList{size=0} deletions=ExecutableList{size=0} orphanRemovals=ExecutableList{size=0} collectionCreations=ExecutableList{size=0} collectionRemovals=ExecutableList{size=0} collectionUpdates=ExecutableList{size=0} collectionQueuedOps=ExecutableList{size=0} unresolvedInsertDependencies=null])] after transaction
16:39:04.458 [main] DEBUG org.hibernate.engine.jdbc.internal.JdbcCoordinatorImpl - HHH000420: Closing un-released batch
16:39:04.458 [main] DEBUG org.springframework.test.context.cache.DefaultCacheAwareContextLoaderDelegate - Retrieved ApplicationContext [270056930] from cache with key [[MergedContextConfiguration@5d7d8613 testClass = ClientServiceImplTest.parameterizedAndRepetedTest, locations = '{}', classes = '{class com.joseph.config.PersistenceJPAConfig}', contextInitializerClasses = '[]', activeProfiles = '{}', propertySourceLocations = '{}', propertySourceProperties = '{}', contextCustomizers = set[[empty]], contextLoader = 'org.springframework.test.context.support.DelegatingSmartContextLoader', parent = [null]]]
16:39:04.458 [main] DEBUG org.springframework.test.context.cache - Spring test ApplicationContext cache statistics: [DefaultContextCache@65bb6275 size = 1, maxSize = 32, parentContextCount = 0, hitCount = 36, missCount = 1]
16:39:04.459 [main] DEBUG org.springframework.test.context.support.AbstractDirtiesContextTestExecutionListener - After test method: context [DefaultTestContext@58324c9f testClass = ClientServiceImplTest.parameterizedAndRepetedTest, testInstance = com.joseph.service.Impl.ClientServiceImplTest$parameterizedAndRepetedTest@3592c1c4, testMethod = saveClientWithParameterizedData@ClientServiceImplTest.parameterizedAndRepetedTest, testException = [null], mergedContextConfiguration = [MergedContextConfiguration@5d7d8613 testClass = ClientServiceImplTest.parameterizedAndRepetedTest, locations = '{}', classes = '{class com.joseph.config.PersistenceJPAConfig}', contextInitializerClasses = '[]', activeProfiles = '{}', propertySourceLocations = '{}', propertySourceProperties = '{}', contextCustomizers = set[[empty]], contextLoader = 'org.springframework.test.context.support.DelegatingSmartContextLoader', parent = [null]], attributes = map[[empty]]], class annotated with @DirtiesContext [false] with mode [null], method annotated with @DirtiesContext [false] with mode [null].
]]></system-out>
  </testcase>
  <testcase name="saveClientWithParameterizedData(String, String)[2]" classname="com.joseph.service.Impl.ClientServiceImplTest$parameterizedAndRepetedTest" time="0.106">
    <system-out><![CDATA[16:39:04.462 [main] DEBUG org.springframework.test.context.support.DependencyInjectionTestExecutionListener - Performing dependency injection for test context [[DefaultTestContext@158a8276 testClass = ClientServiceImplTest, testInstance = com.joseph.service.Impl.ClientServiceImplTest@13803a94, testMethod = [null], testException = [null], mergedContextConfiguration = [MergedContextConfiguration@3c3d9b6b testClass = ClientServiceImplTest, locations = '{}', classes = '{class com.joseph.config.PersistenceJPAConfig}', contextInitializerClasses = '[]', activeProfiles = '{}', propertySourceLocations = '{}', propertySourceProperties = '{}', contextCustomizers = set[[empty]], contextLoader = 'org.springframework.test.context.support.DelegatingSmartContextLoader', parent = [null]], attributes = map[[empty]]]].
16:39:04.462 [main] DEBUG org.springframework.test.context.cache.DefaultCacheAwareContextLoaderDelegate - Retrieved ApplicationContext [270056930] from cache with key [[MergedContextConfiguration@3c3d9b6b testClass = ClientServiceImplTest, locations = '{}', classes = '{class com.joseph.config.PersistenceJPAConfig}', contextInitializerClasses = '[]', activeProfiles = '{}', propertySourceLocations = '{}', propertySourceProperties = '{}', contextCustomizers = set[[empty]], contextLoader = 'org.springframework.test.context.support.DelegatingSmartContextLoader', parent = [null]]]
16:39:04.462 [main] DEBUG org.springframework.test.context.cache - Spring test ApplicationContext cache statistics: [DefaultContextCache@65bb6275 size = 1, maxSize = 32, parentContextCount = 0, hitCount = 37, missCount = 1]
16:39:04.463 [main] DEBUG org.springframework.test.context.cache.DefaultCacheAwareContextLoaderDelegate - Retrieved ApplicationContext [270056930] from cache with key [[MergedContextConfiguration@3c3d9b6b testClass = ClientServiceImplTest, locations = '{}', classes = '{class com.joseph.config.PersistenceJPAConfig}', contextInitializerClasses = '[]', activeProfiles = '{}', propertySourceLocations = '{}', propertySourceProperties = '{}', contextCustomizers = set[[empty]], contextLoader = 'org.springframework.test.context.support.DelegatingSmartContextLoader', parent = [null]]]
16:39:04.463 [main] DEBUG org.springframework.test.context.cache - Spring test ApplicationContext cache statistics: [DefaultContextCache@65bb6275 size = 1, maxSize = 32, parentContextCount = 0, hitCount = 38, missCount = 1]
16:39:04.463 [main] DEBUG org.springframework.test.context.support.DependencyInjectionTestExecutionListener - Performing dependency injection for test context [[DefaultTestContext@58324c9f testClass = ClientServiceImplTest.parameterizedAndRepetedTest, testInstance = com.joseph.service.Impl.ClientServiceImplTest$parameterizedAndRepetedTest@b4732dc, testMethod = [null], testException = [null], mergedContextConfiguration = [MergedContextConfiguration@5d7d8613 testClass = ClientServiceImplTest.parameterizedAndRepetedTest, locations = '{}', classes = '{class com.joseph.config.PersistenceJPAConfig}', contextInitializerClasses = '[]', activeProfiles = '{}', propertySourceLocations = '{}', propertySourceProperties = '{}', contextCustomizers = set[[empty]], contextLoader = 'org.springframework.test.context.support.DelegatingSmartContextLoader', parent = [null]], attributes = map[[empty]]]].
16:39:04.463 [main] DEBUG org.springframework.test.context.cache.DefaultCacheAwareContextLoaderDelegate - Retrieved ApplicationContext [270056930] from cache with key [[MergedContextConfiguration@5d7d8613 testClass = ClientServiceImplTest.parameterizedAndRepetedTest, locations = '{}', classes = '{class com.joseph.config.PersistenceJPAConfig}', contextInitializerClasses = '[]', activeProfiles = '{}', propertySourceLocations = '{}', propertySourceProperties = '{}', contextCustomizers = set[[empty]], contextLoader = 'org.springframework.test.context.support.DelegatingSmartContextLoader', parent = [null]]]
16:39:04.464 [main] DEBUG org.springframework.test.context.cache - Spring test ApplicationContext cache statistics: [DefaultContextCache@65bb6275 size = 1, maxSize = 32, parentContextCount = 0, hitCount = 39, missCount = 1]
16:39:04.464 [main] DEBUG org.springframework.test.context.cache.DefaultCacheAwareContextLoaderDelegate - Retrieved ApplicationContext [270056930] from cache with key [[MergedContextConfiguration@5d7d8613 testClass = ClientServiceImplTest.parameterizedAndRepetedTest, locations = '{}', classes = '{class com.joseph.config.PersistenceJPAConfig}', contextInitializerClasses = '[]', activeProfiles = '{}', propertySourceLocations = '{}', propertySourceProperties = '{}', contextCustomizers = set[[empty]], contextLoader = 'org.springframework.test.context.support.DelegatingSmartContextLoader', parent = [null]]]
16:39:04.464 [main] DEBUG org.springframework.test.context.cache - Spring test ApplicationContext cache statistics: [DefaultContextCache@65bb6275 size = 1, maxSize = 32, parentContextCount = 0, hitCount = 40, missCount = 1]
16:39:04.466 [main] DEBUG org.springframework.test.context.support.AbstractDirtiesContextTestExecutionListener - Before test method: context [DefaultTestContext@58324c9f testClass = ClientServiceImplTest.parameterizedAndRepetedTest, testInstance = com.joseph.service.Impl.ClientServiceImplTest$parameterizedAndRepetedTest@b4732dc, testMethod = saveClientWithParameterizedData@ClientServiceImplTest.parameterizedAndRepetedTest, testException = [null], mergedContextConfiguration = [MergedContextConfiguration@5d7d8613 testClass = ClientServiceImplTest.parameterizedAndRepetedTest, locations = '{}', classes = '{class com.joseph.config.PersistenceJPAConfig}', contextInitializerClasses = '[]', activeProfiles = '{}', propertySourceLocations = '{}', propertySourceProperties = '{}', contextCustomizers = set[[empty]], contextLoader = 'org.springframework.test.context.support.DelegatingSmartContextLoader', parent = [null]], attributes = map[[empty]]], class annotated with @DirtiesContext [false] with mode [null], method annotated with @DirtiesContext [false] with mode [null].
16:39:04.467 [main] DEBUG org.springframework.test.context.cache.DefaultCacheAwareContextLoaderDelegate - Retrieved ApplicationContext [270056930] from cache with key [[MergedContextConfiguration@5d7d8613 testClass = ClientServiceImplTest.parameterizedAndRepetedTest, locations = '{}', classes = '{class com.joseph.config.PersistenceJPAConfig}', contextInitializerClasses = '[]', activeProfiles = '{}', propertySourceLocations = '{}', propertySourceProperties = '{}', contextCustomizers = set[[empty]], contextLoader = 'org.springframework.test.context.support.DelegatingSmartContextLoader', parent = [null]]]
16:39:04.467 [main] DEBUG org.springframework.test.context.cache - Spring test ApplicationContext cache statistics: [DefaultContextCache@65bb6275 size = 1, maxSize = 32, parentContextCount = 0, hitCount = 41, missCount = 1]
16:39:04.467 [main] DEBUG org.springframework.orm.jpa.JpaTransactionManager - Creating new transaction with name [org.springframework.data.jpa.repository.support.SimpleJpaRepository.deleteAll]: PROPAGATION_REQUIRED,ISOLATION_DEFAULT
16:39:04.467 [main] DEBUG org.springframework.orm.jpa.JpaTransactionManager - Opened new EntityManager [SessionImpl(PersistenceContext[entityKeys=[],collectionKeys=[]];ActionQueue[insertions=ExecutableList{size=0} updates=ExecutableList{size=0} deletions=ExecutableList{size=0} orphanRemovals=ExecutableList{size=0} collectionCreations=ExecutableList{size=0} collectionRemovals=ExecutableList{size=0} collectionUpdates=ExecutableList{size=0} collectionQueuedOps=ExecutableList{size=0} unresolvedInsertDependencies=null])] for JPA transaction
16:39:04.469 [main] DEBUG org.hibernate.engine.transaction.internal.TransactionImpl - begin
16:39:04.469 [main] DEBUG org.springframework.jdbc.datasource.DriverManagerDataSource - Creating new JDBC DriverManager Connection to [jdbc:mysql://localhost:3306/testcraftcore?useSSL=false&useTimezone=true&serverTimezone=UTC]
16:39:04.475 [main] DEBUG org.springframework.orm.jpa.JpaTransactionManager - Exposing JPA transaction as JDBC [org.springframework.orm.jpa.vendor.HibernateJpaDialect$HibernateConnectionHandle@3a7c678b]
16:39:04.475 [main] DEBUG org.hibernate.query.criteria.internal.CriteriaQueryImpl - Rendered criteria query -> select generatedAlias0 from Client as generatedAlias0
16:39:04.475 [main] DEBUG org.hibernate.SQL - select client0_.idclient as idclient1_0_, client0_.emailclient as emailcli2_0_, client0_.nameclient as nameclie3_0_ from client client0_
16:39:04.478 [main] DEBUG org.springframework.orm.jpa.JpaTransactionManager - Initiating transaction commit
16:39:04.478 [main] DEBUG org.springframework.orm.jpa.JpaTransactionManager - Committing JPA transaction on EntityManager [SessionImpl(PersistenceContext[entityKeys=[],collectionKeys=[]];ActionQueue[insertions=ExecutableList{size=0} updates=ExecutableList{size=0} deletions=ExecutableList{size=0} orphanRemovals=ExecutableList{size=0} collectionCreations=ExecutableList{size=0} collectionRemovals=ExecutableList{size=0} collectionUpdates=ExecutableList{size=0} collectionQueuedOps=ExecutableList{size=0} unresolvedInsertDependencies=null])]
16:39:04.478 [main] DEBUG org.hibernate.engine.transaction.internal.TransactionImpl - committing
16:39:04.479 [main] DEBUG org.springframework.orm.jpa.JpaTransactionManager - Closing JPA EntityManager [SessionImpl(PersistenceContext[entityKeys=[],collectionKeys=[]];ActionQueue[insertions=ExecutableList{size=0} updates=ExecutableList{size=0} deletions=ExecutableList{size=0} orphanRemovals=ExecutableList{size=0} collectionCreations=ExecutableList{size=0} collectionRemovals=ExecutableList{size=0} collectionUpdates=ExecutableList{size=0} collectionQueuedOps=ExecutableList{size=0} unresolvedInsertDependencies=null])] after transaction
16:39:04.479 [main] DEBUG org.springframework.orm.jpa.JpaTransactionManager - Creating new transaction with name [org.springframework.data.jpa.repository.support.SimpleJpaRepository.save]: PROPAGATION_REQUIRED,ISOLATION_DEFAULT
16:39:04.480 [main] DEBUG org.springframework.orm.jpa.JpaTransactionManager - Opened new EntityManager [SessionImpl(PersistenceContext[entityKeys=[],collectionKeys=[]];ActionQueue[insertions=ExecutableList{size=0} updates=ExecutableList{size=0} deletions=ExecutableList{size=0} orphanRemovals=ExecutableList{size=0} collectionCreations=ExecutableList{size=0} collectionRemovals=ExecutableList{size=0} collectionUpdates=ExecutableList{size=0} collectionQueuedOps=ExecutableList{size=0} unresolvedInsertDependencies=null])] for JPA transaction
16:39:04.480 [main] DEBUG org.hibernate.engine.transaction.internal.TransactionImpl - begin
16:39:04.480 [main] DEBUG org.springframework.jdbc.datasource.DriverManagerDataSource - Creating new JDBC DriverManager Connection to [jdbc:mysql://localhost:3306/testcraftcore?useSSL=false&useTimezone=true&serverTimezone=UTC]
16:39:04.487 [main] DEBUG org.springframework.orm.jpa.JpaTransactionManager - Exposing JPA transaction as JDBC [org.springframework.orm.jpa.vendor.HibernateJpaDialect$HibernateConnectionHandle@656a3d6b]
16:39:04.488 [main] DEBUG org.hibernate.engine.spi.ActionQueue - Executing identity-insert immediately
16:39:04.488 [main] DEBUG org.hibernate.SQL - insert into client (emailclient, nameclient) values (?, ?)
16:39:04.490 [main] DEBUG org.hibernate.id.IdentifierGeneratorHelper - Natively generated identity: 129
16:39:04.490 [main] DEBUG org.hibernate.resource.jdbc.internal.ResourceRegistryStandardImpl - HHH000387: ResultSet's statement was not registered
16:39:04.491 [main] DEBUG org.springframework.orm.jpa.JpaTransactionManager - Initiating transaction commit
16:39:04.491 [main] DEBUG org.springframework.orm.jpa.JpaTransactionManager - Committing JPA transaction on EntityManager [SessionImpl(PersistenceContext[entityKeys=[EntityKey[com.joseph.entity.Client#129]],collectionKeys=[]];ActionQueue[insertions=ExecutableList{size=0} updates=ExecutableList{size=0} deletions=ExecutableList{size=0} orphanRemovals=ExecutableList{size=0} collectionCreations=ExecutableList{size=0} collectionRemovals=ExecutableList{size=0} collectionUpdates=ExecutableList{size=0} collectionQueuedOps=ExecutableList{size=0} unresolvedInsertDependencies=null])]
16:39:04.491 [main] DEBUG org.hibernate.engine.transaction.internal.TransactionImpl - committing
16:39:04.491 [main] DEBUG org.hibernate.event.internal.AbstractFlushingEventListener - Processing flush-time cascades
16:39:04.491 [main] DEBUG org.hibernate.event.internal.AbstractFlushingEventListener - Dirty checking collections
16:39:04.491 [main] DEBUG org.hibernate.engine.internal.Collections - Collection found: [com.joseph.entity.Client.orders#129], was: [<unreferenced>] (initialized)
16:39:04.491 [main] DEBUG org.hibernate.event.internal.AbstractFlushingEventListener - Flushed: 0 insertions, 0 updates, 0 deletions to 1 objects
16:39:04.491 [main] DEBUG org.hibernate.event.internal.AbstractFlushingEventListener - Flushed: 1 (re)creations, 0 updates, 0 removals to 1 collections
16:39:04.491 [main] DEBUG org.hibernate.internal.util.EntityPrinter - Listing entities:
16:39:04.491 [main] DEBUG org.hibernate.internal.util.EntityPrinter - com.joseph.entity.Client{nameclient=test, emailclient=test@test.com, orders=[], idclient=129}
16:39:04.492 [main] DEBUG org.springframework.orm.jpa.JpaTransactionManager - Closing JPA EntityManager [SessionImpl(PersistenceContext[entityKeys=[EntityKey[com.joseph.entity.Client#129]],collectionKeys=[CollectionKey[com.joseph.entity.Client.orders#129]]];ActionQueue[insertions=ExecutableList{size=0} updates=ExecutableList{size=0} deletions=ExecutableList{size=0} orphanRemovals=ExecutableList{size=0} collectionCreations=ExecutableList{size=0} collectionRemovals=ExecutableList{size=0} collectionUpdates=ExecutableList{size=0} collectionQueuedOps=ExecutableList{size=0} unresolvedInsertDependencies=null])] after transaction
16:39:04.492 [main] DEBUG org.springframework.orm.jpa.JpaTransactionManager - Creating new transaction with name [org.springframework.data.jpa.repository.support.SimpleJpaRepository.save]: PROPAGATION_REQUIRED,ISOLATION_DEFAULT
16:39:04.493 [main] DEBUG org.springframework.orm.jpa.JpaTransactionManager - Opened new EntityManager [SessionImpl(PersistenceContext[entityKeys=[],collectionKeys=[]];ActionQueue[insertions=ExecutableList{size=0} updates=ExecutableList{size=0} deletions=ExecutableList{size=0} orphanRemovals=ExecutableList{size=0} collectionCreations=ExecutableList{size=0} collectionRemovals=ExecutableList{size=0} collectionUpdates=ExecutableList{size=0} collectionQueuedOps=ExecutableList{size=0} unresolvedInsertDependencies=null])] for JPA transaction
16:39:04.493 [main] DEBUG org.hibernate.engine.transaction.internal.TransactionImpl - begin
16:39:04.493 [main] DEBUG org.springframework.jdbc.datasource.DriverManagerDataSource - Creating new JDBC DriverManager Connection to [jdbc:mysql://localhost:3306/testcraftcore?useSSL=false&useTimezone=true&serverTimezone=UTC]
16:39:04.498 [main] DEBUG org.springframework.orm.jpa.JpaTransactionManager - Exposing JPA transaction as JDBC [org.springframework.orm.jpa.vendor.HibernateJpaDialect$HibernateConnectionHandle@64e7d698]
16:39:04.499 [main] DEBUG org.hibernate.engine.spi.ActionQueue - Executing identity-insert immediately
16:39:04.499 [main] DEBUG org.hibernate.SQL - insert into client (emailclient, nameclient) values (?, ?)
16:39:04.502 [main] DEBUG org.hibernate.id.IdentifierGeneratorHelper - Natively generated identity: 130
16:39:04.502 [main] DEBUG org.hibernate.resource.jdbc.internal.ResourceRegistryStandardImpl - HHH000387: ResultSet's statement was not registered
16:39:04.504 [main] DEBUG org.springframework.orm.jpa.JpaTransactionManager - Initiating transaction commit
16:39:04.504 [main] DEBUG org.springframework.orm.jpa.JpaTransactionManager - Committing JPA transaction on EntityManager [SessionImpl(PersistenceContext[entityKeys=[EntityKey[com.joseph.entity.Client#130]],collectionKeys=[]];ActionQueue[insertions=ExecutableList{size=0} updates=ExecutableList{size=0} deletions=ExecutableList{size=0} orphanRemovals=ExecutableList{size=0} collectionCreations=ExecutableList{size=0} collectionRemovals=ExecutableList{size=0} collectionUpdates=ExecutableList{size=0} collectionQueuedOps=ExecutableList{size=0} unresolvedInsertDependencies=null])]
16:39:04.504 [main] DEBUG org.hibernate.engine.transaction.internal.TransactionImpl - committing
16:39:04.504 [main] DEBUG org.hibernate.event.internal.AbstractFlushingEventListener - Processing flush-time cascades
16:39:04.504 [main] DEBUG org.hibernate.event.internal.AbstractFlushingEventListener - Dirty checking collections
16:39:04.504 [main] DEBUG org.hibernate.engine.internal.Collections - Collection found: [com.joseph.entity.Client.orders#130], was: [<unreferenced>] (initialized)
16:39:04.504 [main] DEBUG org.hibernate.event.internal.AbstractFlushingEventListener - Flushed: 0 insertions, 0 updates, 0 deletions to 1 objects
16:39:04.504 [main] DEBUG org.hibernate.event.internal.AbstractFlushingEventListener - Flushed: 1 (re)creations, 0 updates, 0 removals to 1 collections
16:39:04.504 [main] DEBUG org.hibernate.internal.util.EntityPrinter - Listing entities:
16:39:04.504 [main] DEBUG org.hibernate.internal.util.EntityPrinter - com.joseph.entity.Client{nameclient=test, emailclient=test1@test.com, orders=[], idclient=130}
16:39:04.505 [main] DEBUG org.springframework.orm.jpa.JpaTransactionManager - Closing JPA EntityManager [SessionImpl(PersistenceContext[entityKeys=[EntityKey[com.joseph.entity.Client#130]],collectionKeys=[CollectionKey[com.joseph.entity.Client.orders#130]]];ActionQueue[insertions=ExecutableList{size=0} updates=ExecutableList{size=0} deletions=ExecutableList{size=0} orphanRemovals=ExecutableList{size=0} collectionCreations=ExecutableList{size=0} collectionRemovals=ExecutableList{size=0} collectionUpdates=ExecutableList{size=0} collectionQueuedOps=ExecutableList{size=0} unresolvedInsertDependencies=null])] after transaction
16:39:04.505 [main] DEBUG org.springframework.orm.jpa.JpaTransactionManager - Creating new transaction with name [org.springframework.data.jpa.repository.support.SimpleJpaRepository.save]: PROPAGATION_REQUIRED,ISOLATION_DEFAULT
16:39:04.506 [main] DEBUG org.springframework.orm.jpa.JpaTransactionManager - Opened new EntityManager [SessionImpl(PersistenceContext[entityKeys=[],collectionKeys=[]];ActionQueue[insertions=ExecutableList{size=0} updates=ExecutableList{size=0} deletions=ExecutableList{size=0} orphanRemovals=ExecutableList{size=0} collectionCreations=ExecutableList{size=0} collectionRemovals=ExecutableList{size=0} collectionUpdates=ExecutableList{size=0} collectionQueuedOps=ExecutableList{size=0} unresolvedInsertDependencies=null])] for JPA transaction
16:39:04.506 [main] DEBUG org.hibernate.engine.transaction.internal.TransactionImpl - begin
16:39:04.506 [main] DEBUG org.springframework.jdbc.datasource.DriverManagerDataSource - Creating new JDBC DriverManager Connection to [jdbc:mysql://localhost:3306/testcraftcore?useSSL=false&useTimezone=true&serverTimezone=UTC]
16:39:04.516 [main] DEBUG org.springframework.orm.jpa.JpaTransactionManager - Exposing JPA transaction as JDBC [org.springframework.orm.jpa.vendor.HibernateJpaDialect$HibernateConnectionHandle@570ba13]
16:39:04.517 [main] DEBUG org.hibernate.engine.spi.ActionQueue - Executing identity-insert immediately
16:39:04.517 [main] DEBUG org.hibernate.SQL - insert into client (emailclient, nameclient) values (?, ?)
16:39:04.519 [main] DEBUG org.hibernate.id.IdentifierGeneratorHelper - Natively generated identity: 131
16:39:04.519 [main] DEBUG org.hibernate.resource.jdbc.internal.ResourceRegistryStandardImpl - HHH000387: ResultSet's statement was not registered
16:39:04.519 [main] DEBUG org.springframework.orm.jpa.JpaTransactionManager - Initiating transaction commit
16:39:04.519 [main] DEBUG org.springframework.orm.jpa.JpaTransactionManager - Committing JPA transaction on EntityManager [SessionImpl(PersistenceContext[entityKeys=[EntityKey[com.joseph.entity.Client#131]],collectionKeys=[]];ActionQueue[insertions=ExecutableList{size=0} updates=ExecutableList{size=0} deletions=ExecutableList{size=0} orphanRemovals=ExecutableList{size=0} collectionCreations=ExecutableList{size=0} collectionRemovals=ExecutableList{size=0} collectionUpdates=ExecutableList{size=0} collectionQueuedOps=ExecutableList{size=0} unresolvedInsertDependencies=null])]
16:39:04.519 [main] DEBUG org.hibernate.engine.transaction.internal.TransactionImpl - committing
16:39:04.519 [main] DEBUG org.hibernate.event.internal.AbstractFlushingEventListener - Processing flush-time cascades
16:39:04.519 [main] DEBUG org.hibernate.event.internal.AbstractFlushingEventListener - Dirty checking collections
16:39:04.520 [main] DEBUG org.hibernate.engine.internal.Collections - Collection found: [com.joseph.entity.Client.orders#131], was: [<unreferenced>] (initialized)
16:39:04.520 [main] DEBUG org.hibernate.event.internal.AbstractFlushingEventListener - Flushed: 0 insertions, 0 updates, 0 deletions to 1 objects
16:39:04.520 [main] DEBUG org.hibernate.event.internal.AbstractFlushingEventListener - Flushed: 1 (re)creations, 0 updates, 0 removals to 1 collections
16:39:04.520 [main] DEBUG org.hibernate.internal.util.EntityPrinter - Listing entities:
16:39:04.520 [main] DEBUG org.hibernate.internal.util.EntityPrinter - com.joseph.entity.Client{nameclient=test, emailclient=test2@test.com, orders=[], idclient=131}
16:39:04.521 [main] DEBUG org.springframework.orm.jpa.JpaTransactionManager - Closing JPA EntityManager [SessionImpl(PersistenceContext[entityKeys=[EntityKey[com.joseph.entity.Client#131]],collectionKeys=[CollectionKey[com.joseph.entity.Client.orders#131]]];ActionQueue[insertions=ExecutableList{size=0} updates=ExecutableList{size=0} deletions=ExecutableList{size=0} orphanRemovals=ExecutableList{size=0} collectionCreations=ExecutableList{size=0} collectionRemovals=ExecutableList{size=0} collectionUpdates=ExecutableList{size=0} collectionQueuedOps=ExecutableList{size=0} unresolvedInsertDependencies=null])] after transaction
16:39:04.522 [main] DEBUG org.springframework.test.context.cache.DefaultCacheAwareContextLoaderDelegate - Retrieved ApplicationContext [270056930] from cache with key [[MergedContextConfiguration@5d7d8613 testClass = ClientServiceImplTest.parameterizedAndRepetedTest, locations = '{}', classes = '{class com.joseph.config.PersistenceJPAConfig}', contextInitializerClasses = '[]', activeProfiles = '{}', propertySourceLocations = '{}', propertySourceProperties = '{}', contextCustomizers = set[[empty]], contextLoader = 'org.springframework.test.context.support.DelegatingSmartContextLoader', parent = [null]]]
16:39:04.522 [main] DEBUG org.springframework.test.context.cache - Spring test ApplicationContext cache statistics: [DefaultContextCache@65bb6275 size = 1, maxSize = 32, parentContextCount = 0, hitCount = 42, missCount = 1]
16:39:04.523 [main] DEBUG org.springframework.orm.jpa.JpaTransactionManager - Creating new transaction with name [com.joseph.service.Impl.ClientServiceImpl.saveClient]: PROPAGATION_REQUIRED,ISOLATION_DEFAULT
16:39:04.525 [main] DEBUG org.springframework.orm.jpa.JpaTransactionManager - Opened new EntityManager [SessionImpl(PersistenceContext[entityKeys=[],collectionKeys=[]];ActionQueue[insertions=ExecutableList{size=0} updates=ExecutableList{size=0} deletions=ExecutableList{size=0} orphanRemovals=ExecutableList{size=0} collectionCreations=ExecutableList{size=0} collectionRemovals=ExecutableList{size=0} collectionUpdates=ExecutableList{size=0} collectionQueuedOps=ExecutableList{size=0} unresolvedInsertDependencies=null])] for JPA transaction
16:39:04.525 [main] DEBUG org.hibernate.engine.transaction.internal.TransactionImpl - begin
16:39:04.525 [main] DEBUG org.springframework.jdbc.datasource.DriverManagerDataSource - Creating new JDBC DriverManager Connection to [jdbc:mysql://localhost:3306/testcraftcore?useSSL=false&useTimezone=true&serverTimezone=UTC]
16:39:04.531 [main] DEBUG org.springframework.orm.jpa.JpaTransactionManager - Exposing JPA transaction as JDBC [org.springframework.orm.jpa.vendor.HibernateJpaDialect$HibernateConnectionHandle@359066bc]
16:39:04.531 [main] DEBUG org.springframework.orm.jpa.JpaTransactionManager - Found thread-bound EntityManager [SessionImpl(PersistenceContext[entityKeys=[],collectionKeys=[]];ActionQueue[insertions=ExecutableList{size=0} updates=ExecutableList{size=0} deletions=ExecutableList{size=0} orphanRemovals=ExecutableList{size=0} collectionCreations=ExecutableList{size=0} collectionRemovals=ExecutableList{size=0} collectionUpdates=ExecutableList{size=0} collectionQueuedOps=ExecutableList{size=0} unresolvedInsertDependencies=null])] for JPA transaction
16:39:04.531 [main] DEBUG org.springframework.orm.jpa.JpaTransactionManager - Participating in existing transaction
16:39:04.531 [main] DEBUG org.hibernate.loader.Loader - Loading entity: [com.joseph.entity.Client#131]
16:39:04.531 [main] DEBUG org.hibernate.SQL - select client0_.idclient as idclient1_0_1_, client0_.emailclient as emailcli2_0_1_, client0_.nameclient as nameclie3_0_1_, orders1_.idclient as idclient5_1_3_, orders1_.idorder as idorder1_1_3_, orders1_.idorder as idorder1_1_0_, orders1_.idclient as idclient5_1_0_, orders1_.dateorder as dateorde2_1_0_, orders1_.statusorder as statusor3_1_0_, orders1_.totalorder as totalord4_1_0_ from client client0_ left outer join order_table orders1_ on client0_.idclient=orders1_.idclient where client0_.idclient=?
16:39:04.536 [main] DEBUG org.hibernate.loader.Loader - Result set row: 0
16:39:04.536 [main] DEBUG org.hibernate.loader.Loader - Result row: null, EntityKey[com.joseph.entity.Client#131]
16:39:04.537 [main] DEBUG org.hibernate.loader.Loader - Result set contains (possibly empty) collection: [com.joseph.entity.Client.orders#131]
16:39:04.537 [main] DEBUG org.hibernate.engine.internal.TwoPhaseLoad - Resolving associations for [com.joseph.entity.Client#131]
16:39:04.537 [main] DEBUG org.hibernate.engine.internal.TwoPhaseLoad - Done materializing entity [com.joseph.entity.Client#131]
16:39:04.537 [main] DEBUG org.hibernate.engine.loading.internal.CollectionLoadContext - 1 collections were found in result set for role: com.joseph.entity.Client.orders
16:39:04.537 [main] DEBUG org.hibernate.engine.loading.internal.CollectionLoadContext - Collection fully initialized: [com.joseph.entity.Client.orders#131]
16:39:04.537 [main] DEBUG org.hibernate.engine.loading.internal.CollectionLoadContext - 1 collections initialized for role: com.joseph.entity.Client.orders
16:39:04.537 [main] DEBUG org.hibernate.loader.Loader - Done entity load
16:39:04.537 [main] DEBUG org.hibernate.engine.spi.CollectionEntry - Reset storedSnapshot to {} for CollectionEntry[com.joseph.entity.Client.orders#131]
16:39:04.537 [main] DEBUG org.springframework.orm.jpa.JpaTransactionManager - Initiating transaction commit
16:39:04.537 [main] DEBUG org.springframework.orm.jpa.JpaTransactionManager - Committing JPA transaction on EntityManager [SessionImpl(PersistenceContext[entityKeys=[EntityKey[com.joseph.entity.Client#131]],collectionKeys=[CollectionKey[com.joseph.entity.Client.orders#131]]];ActionQueue[insertions=ExecutableList{size=0} updates=ExecutableList{size=0} deletions=ExecutableList{size=0} orphanRemovals=ExecutableList{size=0} collectionCreations=ExecutableList{size=0} collectionRemovals=ExecutableList{size=0} collectionUpdates=ExecutableList{size=0} collectionQueuedOps=ExecutableList{size=0} unresolvedInsertDependencies=null])]
16:39:04.537 [main] DEBUG org.hibernate.engine.transaction.internal.TransactionImpl - committing
16:39:04.537 [main] DEBUG org.hibernate.event.internal.AbstractFlushingEventListener - Processing flush-time cascades
16:39:04.537 [main] DEBUG org.hibernate.event.internal.AbstractFlushingEventListener - Dirty checking collections
16:39:04.537 [main] DEBUG org.hibernate.engine.internal.Collections - Collection found: [com.joseph.entity.Client.orders#131], was: [com.joseph.entity.Client.orders#131] (initialized)
16:39:04.538 [main] DEBUG org.hibernate.event.internal.AbstractFlushingEventListener - Flushed: 0 insertions, 1 updates, 0 deletions to 1 objects
16:39:04.538 [main] DEBUG org.hibernate.event.internal.AbstractFlushingEventListener - Flushed: 0 (re)creations, 0 updates, 0 removals to 1 collections
16:39:04.538 [main] DEBUG org.hibernate.internal.util.EntityPrinter - Listing entities:
16:39:04.538 [main] DEBUG org.hibernate.internal.util.EntityPrinter - com.joseph.entity.Client{nameclient=client2Test, emailclient=test@test.com, orders=[], idclient=131}
16:39:04.538 [main] DEBUG org.hibernate.SQL - update client set emailclient=?, nameclient=? where idclient=?
16:39:04.539 [main] DEBUG org.springframework.orm.jpa.JpaTransactionManager - Closing JPA EntityManager [SessionImpl(PersistenceContext[entityKeys=[EntityKey[com.joseph.entity.Client#131]],collectionKeys=[CollectionKey[com.joseph.entity.Client.orders#131]]];ActionQueue[insertions=ExecutableList{size=0} updates=ExecutableList{size=0} deletions=ExecutableList{size=0} orphanRemovals=ExecutableList{size=0} collectionCreations=ExecutableList{size=0} collectionRemovals=ExecutableList{size=0} collectionUpdates=ExecutableList{size=0} collectionQueuedOps=ExecutableList{size=0} unresolvedInsertDependencies=null])] after transaction
16:39:04.540 [main] DEBUG org.springframework.orm.jpa.JpaTransactionManager - Creating new transaction with name [org.springframework.data.jpa.repository.support.SimpleJpaRepository.findAll]: PROPAGATION_REQUIRED,ISOLATION_DEFAULT,readOnly
16:39:04.540 [main] DEBUG org.springframework.orm.jpa.JpaTransactionManager - Opened new EntityManager [SessionImpl(PersistenceContext[entityKeys=[],collectionKeys=[]];ActionQueue[insertions=ExecutableList{size=0} updates=ExecutableList{size=0} deletions=ExecutableList{size=0} orphanRemovals=ExecutableList{size=0} collectionCreations=ExecutableList{size=0} collectionRemovals=ExecutableList{size=0} collectionUpdates=ExecutableList{size=0} collectionQueuedOps=ExecutableList{size=0} unresolvedInsertDependencies=null])] for JPA transaction
16:39:04.540 [main] DEBUG org.springframework.jdbc.datasource.DriverManagerDataSource - Creating new JDBC DriverManager Connection to [jdbc:mysql://localhost:3306/testcraftcore?useSSL=false&useTimezone=true&serverTimezone=UTC]
16:39:04.544 [main] DEBUG org.springframework.jdbc.datasource.DataSourceUtils - Setting JDBC Connection [com.mysql.cj.jdbc.ConnectionImpl@2233cac0] read-only
16:39:04.544 [main] DEBUG org.hibernate.engine.transaction.internal.TransactionImpl - begin
16:39:04.545 [main] DEBUG org.springframework.orm.jpa.JpaTransactionManager - Exposing JPA transaction as JDBC [org.springframework.orm.jpa.vendor.HibernateJpaDialect$HibernateConnectionHandle@67fb5025]
16:39:04.545 [main] DEBUG org.hibernate.query.criteria.internal.CriteriaQueryImpl - Rendered criteria query -> select generatedAlias0 from Client as generatedAlias0
16:39:04.545 [main] DEBUG org.hibernate.SQL - select client0_.idclient as idclient1_0_, client0_.emailclient as emailcli2_0_, client0_.nameclient as nameclie3_0_ from client client0_
16:39:04.546 [main] DEBUG org.hibernate.loader.Loader - Result set row: 0
16:39:04.546 [main] DEBUG org.hibernate.loader.Loader - Result row: EntityKey[com.joseph.entity.Client#129]
16:39:04.546 [main] DEBUG org.hibernate.loader.Loader - Result set row: 1
16:39:04.546 [main] DEBUG org.hibernate.loader.Loader - Result row: EntityKey[com.joseph.entity.Client#130]
16:39:04.546 [main] DEBUG org.hibernate.loader.Loader - Result set row: 2
16:39:04.546 [main] DEBUG org.hibernate.loader.Loader - Result row: EntityKey[com.joseph.entity.Client#131]
16:39:04.546 [main] DEBUG org.hibernate.engine.internal.TwoPhaseLoad - Resolving associations for [com.joseph.entity.Client#129]
16:39:04.546 [main] DEBUG org.hibernate.engine.internal.TwoPhaseLoad - Done materializing entity [com.joseph.entity.Client#129]
16:39:04.546 [main] DEBUG org.hibernate.engine.internal.TwoPhaseLoad - Resolving associations for [com.joseph.entity.Client#130]
16:39:04.546 [main] DEBUG org.hibernate.engine.internal.TwoPhaseLoad - Done materializing entity [com.joseph.entity.Client#130]
16:39:04.546 [main] DEBUG org.hibernate.engine.internal.TwoPhaseLoad - Resolving associations for [com.joseph.entity.Client#131]
16:39:04.546 [main] DEBUG org.hibernate.engine.internal.TwoPhaseLoad - Done materializing entity [com.joseph.entity.Client#131]
16:39:04.546 [main] DEBUG org.springframework.orm.jpa.JpaTransactionManager - Initiating transaction commit
16:39:04.547 [main] DEBUG org.springframework.orm.jpa.JpaTransactionManager - Committing JPA transaction on EntityManager [SessionImpl(PersistenceContext[entityKeys=[EntityKey[com.joseph.entity.Client#130], EntityKey[com.joseph.entity.Client#129], EntityKey[com.joseph.entity.Client#131]],collectionKeys=[CollectionKey[com.joseph.entity.Client.orders#129], CollectionKey[com.joseph.entity.Client.orders#130], CollectionKey[com.joseph.entity.Client.orders#131]]];ActionQueue[insertions=ExecutableList{size=0} updates=ExecutableList{size=0} deletions=ExecutableList{size=0} orphanRemovals=ExecutableList{size=0} collectionCreations=ExecutableList{size=0} collectionRemovals=ExecutableList{size=0} collectionUpdates=ExecutableList{size=0} collectionQueuedOps=ExecutableList{size=0} unresolvedInsertDependencies=null])]
16:39:04.547 [main] DEBUG org.hibernate.engine.transaction.internal.TransactionImpl - committing
16:39:04.548 [main] DEBUG org.springframework.jdbc.datasource.DataSourceUtils - Resetting read-only flag of JDBC Connection [com.mysql.cj.jdbc.ConnectionImpl@2233cac0]
16:39:04.548 [main] DEBUG org.springframework.orm.jpa.JpaTransactionManager - Closing JPA EntityManager [SessionImpl(PersistenceContext[entityKeys=[EntityKey[com.joseph.entity.Client#130], EntityKey[com.joseph.entity.Client#129], EntityKey[com.joseph.entity.Client#131]],collectionKeys=[CollectionKey[com.joseph.entity.Client.orders#129], CollectionKey[com.joseph.entity.Client.orders#130], CollectionKey[com.joseph.entity.Client.orders#131]]];ActionQueue[insertions=ExecutableList{size=0} updates=ExecutableList{size=0} deletions=ExecutableList{size=0} orphanRemovals=ExecutableList{size=0} collectionCreations=ExecutableList{size=0} collectionRemovals=ExecutableList{size=0} collectionUpdates=ExecutableList{size=0} collectionQueuedOps=ExecutableList{size=0} unresolvedInsertDependencies=null])] after transaction
16:39:04.548 [main] DEBUG org.springframework.test.context.cache.DefaultCacheAwareContextLoaderDelegate - Retrieved ApplicationContext [270056930] from cache with key [[MergedContextConfiguration@5d7d8613 testClass = ClientServiceImplTest.parameterizedAndRepetedTest, locations = '{}', classes = '{class com.joseph.config.PersistenceJPAConfig}', contextInitializerClasses = '[]', activeProfiles = '{}', propertySourceLocations = '{}', propertySourceProperties = '{}', contextCustomizers = set[[empty]], contextLoader = 'org.springframework.test.context.support.DelegatingSmartContextLoader', parent = [null]]]
16:39:04.548 [main] DEBUG org.springframework.test.context.cache - Spring test ApplicationContext cache statistics: [DefaultContextCache@65bb6275 size = 1, maxSize = 32, parentContextCount = 0, hitCount = 43, missCount = 1]
16:39:04.549 [main] DEBUG org.springframework.orm.jpa.JpaTransactionManager - Creating new transaction with name [org.springframework.data.jpa.repository.support.SimpleJpaRepository.deleteAll]: PROPAGATION_REQUIRED,ISOLATION_DEFAULT
16:39:04.549 [main] DEBUG org.springframework.orm.jpa.JpaTransactionManager - Opened new EntityManager [SessionImpl(PersistenceContext[entityKeys=[],collectionKeys=[]];ActionQueue[insertions=ExecutableList{size=0} updates=ExecutableList{size=0} deletions=ExecutableList{size=0} orphanRemovals=ExecutableList{size=0} collectionCreations=ExecutableList{size=0} collectionRemovals=ExecutableList{size=0} collectionUpdates=ExecutableList{size=0} collectionQueuedOps=ExecutableList{size=0} unresolvedInsertDependencies=null])] for JPA transaction
16:39:04.549 [main] DEBUG org.hibernate.engine.transaction.internal.TransactionImpl - begin
16:39:04.549 [main] DEBUG org.springframework.jdbc.datasource.DriverManagerDataSource - Creating new JDBC DriverManager Connection to [jdbc:mysql://localhost:3306/testcraftcore?useSSL=false&useTimezone=true&serverTimezone=UTC]
16:39:04.557 [main] DEBUG org.springframework.orm.jpa.JpaTransactionManager - Exposing JPA transaction as JDBC [org.springframework.orm.jpa.vendor.HibernateJpaDialect$HibernateConnectionHandle@6e02721d]
16:39:04.557 [main] DEBUG org.hibernate.query.criteria.internal.CriteriaQueryImpl - Rendered criteria query -> select generatedAlias0 from Client as generatedAlias0
16:39:04.557 [main] DEBUG org.hibernate.SQL - select client0_.idclient as idclient1_0_, client0_.emailclient as emailcli2_0_, client0_.nameclient as nameclie3_0_ from client client0_
16:39:04.558 [main] DEBUG org.hibernate.loader.Loader - Result set row: 0
16:39:04.558 [main] DEBUG org.hibernate.loader.Loader - Result row: EntityKey[com.joseph.entity.Client#129]
16:39:04.559 [main] DEBUG org.hibernate.loader.Loader - Result set row: 1
16:39:04.559 [main] DEBUG org.hibernate.loader.Loader - Result row: EntityKey[com.joseph.entity.Client#130]
16:39:04.559 [main] DEBUG org.hibernate.loader.Loader - Result set row: 2
16:39:04.559 [main] DEBUG org.hibernate.loader.Loader - Result row: EntityKey[com.joseph.entity.Client#131]
16:39:04.559 [main] DEBUG org.hibernate.engine.internal.TwoPhaseLoad - Resolving associations for [com.joseph.entity.Client#129]
16:39:04.559 [main] DEBUG org.hibernate.engine.internal.TwoPhaseLoad - Done materializing entity [com.joseph.entity.Client#129]
16:39:04.559 [main] DEBUG org.hibernate.engine.internal.TwoPhaseLoad - Resolving associations for [com.joseph.entity.Client#130]
16:39:04.559 [main] DEBUG org.hibernate.engine.internal.TwoPhaseLoad - Done materializing entity [com.joseph.entity.Client#130]
16:39:04.559 [main] DEBUG org.hibernate.engine.internal.TwoPhaseLoad - Resolving associations for [com.joseph.entity.Client#131]
16:39:04.559 [main] DEBUG org.hibernate.engine.internal.TwoPhaseLoad - Done materializing entity [com.joseph.entity.Client#131]
16:39:04.560 [main] DEBUG org.hibernate.loader.collection.plan.AbstractLoadPlanBasedCollectionInitializer - Loading collection: [com.joseph.entity.Client.orders#129]
16:39:04.560 [main] DEBUG org.hibernate.SQL - select orders0_.idclient as idclient5_1_0_, orders0_.idorder as idorder1_1_0_, orders0_.idorder as idorder1_1_1_, orders0_.idclient as idclient5_1_1_, orders0_.dateorder as dateorde2_1_1_, orders0_.statusorder as statusor3_1_1_, orders0_.totalorder as totalord4_1_1_ from order_table orders0_ where orders0_.idclient=?
16:39:04.561 [main] DEBUG org.hibernate.loader.plan.exec.process.internal.ResultSetProcessorImpl - Preparing collection intializer : [com.joseph.entity.Client.orders#129]
16:39:04.561 [main] DEBUG org.hibernate.engine.loading.internal.CollectionLoadContext - 1 collections were found in result set for role: com.joseph.entity.Client.orders
16:39:04.561 [main] DEBUG org.hibernate.engine.loading.internal.CollectionLoadContext - Collection fully initialized: [com.joseph.entity.Client.orders#129]
16:39:04.561 [main] DEBUG org.hibernate.engine.loading.internal.CollectionLoadContext - 1 collections initialized for role: com.joseph.entity.Client.orders
16:39:04.561 [main] DEBUG org.hibernate.resource.jdbc.internal.ResourceRegistryStandardImpl - HHH000387: ResultSet's statement was not registered
16:39:04.561 [main] DEBUG org.hibernate.loader.collection.plan.AbstractLoadPlanBasedCollectionInitializer - Done loading collection
16:39:04.561 [main] DEBUG org.hibernate.loader.collection.plan.AbstractLoadPlanBasedCollectionInitializer - Loading collection: [com.joseph.entity.Client.orders#130]
16:39:04.561 [main] DEBUG org.hibernate.SQL - select orders0_.idclient as idclient5_1_0_, orders0_.idorder as idorder1_1_0_, orders0_.idorder as idorder1_1_1_, orders0_.idclient as idclient5_1_1_, orders0_.dateorder as dateorde2_1_1_, orders0_.statusorder as statusor3_1_1_, orders0_.totalorder as totalord4_1_1_ from order_table orders0_ where orders0_.idclient=?
16:39:04.562 [main] DEBUG org.hibernate.loader.plan.exec.process.internal.ResultSetProcessorImpl - Preparing collection intializer : [com.joseph.entity.Client.orders#130]
16:39:04.562 [main] DEBUG org.hibernate.engine.loading.internal.CollectionLoadContext - 1 collections were found in result set for role: com.joseph.entity.Client.orders
16:39:04.563 [main] DEBUG org.hibernate.engine.loading.internal.CollectionLoadContext - Collection fully initialized: [com.joseph.entity.Client.orders#130]
16:39:04.563 [main] DEBUG org.hibernate.engine.loading.internal.CollectionLoadContext - 1 collections initialized for role: com.joseph.entity.Client.orders
16:39:04.563 [main] DEBUG org.hibernate.resource.jdbc.internal.ResourceRegistryStandardImpl - HHH000387: ResultSet's statement was not registered
16:39:04.563 [main] DEBUG org.hibernate.loader.collection.plan.AbstractLoadPlanBasedCollectionInitializer - Done loading collection
16:39:04.563 [main] DEBUG org.hibernate.loader.collection.plan.AbstractLoadPlanBasedCollectionInitializer - Loading collection: [com.joseph.entity.Client.orders#131]
16:39:04.563 [main] DEBUG org.hibernate.SQL - select orders0_.idclient as idclient5_1_0_, orders0_.idorder as idorder1_1_0_, orders0_.idorder as idorder1_1_1_, orders0_.idclient as idclient5_1_1_, orders0_.dateorder as dateorde2_1_1_, orders0_.statusorder as statusor3_1_1_, orders0_.totalorder as totalord4_1_1_ from order_table orders0_ where orders0_.idclient=?
16:39:04.564 [main] DEBUG org.hibernate.loader.plan.exec.process.internal.ResultSetProcessorImpl - Preparing collection intializer : [com.joseph.entity.Client.orders#131]
16:39:04.564 [main] DEBUG org.hibernate.engine.loading.internal.CollectionLoadContext - 1 collections were found in result set for role: com.joseph.entity.Client.orders
16:39:04.564 [main] DEBUG org.hibernate.engine.loading.internal.CollectionLoadContext - Collection fully initialized: [com.joseph.entity.Client.orders#131]
16:39:04.564 [main] DEBUG org.hibernate.engine.loading.internal.CollectionLoadContext - 1 collections initialized for role: com.joseph.entity.Client.orders
16:39:04.564 [main] DEBUG org.hibernate.resource.jdbc.internal.ResourceRegistryStandardImpl - HHH000387: ResultSet's statement was not registered
16:39:04.564 [main] DEBUG org.hibernate.loader.collection.plan.AbstractLoadPlanBasedCollectionInitializer - Done loading collection
16:39:04.564 [main] DEBUG org.springframework.orm.jpa.JpaTransactionManager - Initiating transaction commit
16:39:04.564 [main] DEBUG org.springframework.orm.jpa.JpaTransactionManager - Committing JPA transaction on EntityManager [SessionImpl(PersistenceContext[entityKeys=[EntityKey[com.joseph.entity.Client#130], EntityKey[com.joseph.entity.Client#129], EntityKey[com.joseph.entity.Client#131]],collectionKeys=[CollectionKey[com.joseph.entity.Client.orders#129], CollectionKey[com.joseph.entity.Client.orders#130], CollectionKey[com.joseph.entity.Client.orders#131]]];ActionQueue[insertions=ExecutableList{size=0} updates=ExecutableList{size=0} deletions=ExecutableList{size=3} orphanRemovals=ExecutableList{size=0} collectionCreations=ExecutableList{size=0} collectionRemovals=ExecutableList{size=0} collectionUpdates=ExecutableList{size=0} collectionQueuedOps=ExecutableList{size=0} unresolvedInsertDependencies=null])]
16:39:04.564 [main] DEBUG org.hibernate.engine.transaction.internal.TransactionImpl - committing
16:39:04.564 [main] DEBUG org.hibernate.event.internal.AbstractFlushingEventListener - Processing flush-time cascades
16:39:04.564 [main] DEBUG org.hibernate.event.internal.AbstractFlushingEventListener - Dirty checking collections
16:39:04.564 [main] DEBUG org.hibernate.engine.internal.Collections - Collection dereferenced: [com.joseph.entity.Client.orders#129]
16:39:04.564 [main] DEBUG org.hibernate.engine.internal.Collections - Collection dereferenced: [com.joseph.entity.Client.orders#130]
16:39:04.564 [main] DEBUG org.hibernate.engine.internal.Collections - Collection dereferenced: [com.joseph.entity.Client.orders#131]
16:39:04.564 [main] DEBUG org.hibernate.event.internal.AbstractFlushingEventListener - Flushed: 0 insertions, 0 updates, 3 deletions to 3 objects
16:39:04.565 [main] DEBUG org.hibernate.event.internal.AbstractFlushingEventListener - Flushed: 0 (re)creations, 0 updates, 3 removals to 3 collections
16:39:04.565 [main] DEBUG org.hibernate.internal.util.EntityPrinter - Listing entities:
16:39:04.565 [main] DEBUG org.hibernate.internal.util.EntityPrinter - com.joseph.entity.Client{nameclient=test, emailclient=test1@test.com, orders=[], idclient=130}
16:39:04.565 [main] DEBUG org.hibernate.internal.util.EntityPrinter - com.joseph.entity.Client{nameclient=test, emailclient=test@test.com, orders=[], idclient=129}
16:39:04.565 [main] DEBUG org.hibernate.internal.util.EntityPrinter - com.joseph.entity.Client{nameclient=client2Test, emailclient=test@test.com, orders=[], idclient=131}
16:39:04.565 [main] DEBUG org.hibernate.SQL - delete from client where idclient=?
16:39:04.566 [main] DEBUG org.hibernate.SQL - delete from client where idclient=?
16:39:04.568 [main] DEBUG org.hibernate.SQL - delete from client where idclient=?
16:39:04.570 [main] DEBUG org.springframework.orm.jpa.JpaTransactionManager - Closing JPA EntityManager [SessionImpl(PersistenceContext[entityKeys=[],collectionKeys=[]];ActionQueue[insertions=ExecutableList{size=0} updates=ExecutableList{size=0} deletions=ExecutableList{size=0} orphanRemovals=ExecutableList{size=0} collectionCreations=ExecutableList{size=0} collectionRemovals=ExecutableList{size=0} collectionUpdates=ExecutableList{size=0} collectionQueuedOps=ExecutableList{size=0} unresolvedInsertDependencies=null])] after transaction
16:39:04.570 [main] DEBUG org.hibernate.engine.jdbc.internal.JdbcCoordinatorImpl - HHH000420: Closing un-released batch
16:39:04.571 [main] DEBUG org.springframework.test.context.cache.DefaultCacheAwareContextLoaderDelegate - Retrieved ApplicationContext [270056930] from cache with key [[MergedContextConfiguration@5d7d8613 testClass = ClientServiceImplTest.parameterizedAndRepetedTest, locations = '{}', classes = '{class com.joseph.config.PersistenceJPAConfig}', contextInitializerClasses = '[]', activeProfiles = '{}', propertySourceLocations = '{}', propertySourceProperties = '{}', contextCustomizers = set[[empty]], contextLoader = 'org.springframework.test.context.support.DelegatingSmartContextLoader', parent = [null]]]
16:39:04.571 [main] DEBUG org.springframework.test.context.cache - Spring test ApplicationContext cache statistics: [DefaultContextCache@65bb6275 size = 1, maxSize = 32, parentContextCount = 0, hitCount = 44, missCount = 1]
16:39:04.571 [main] DEBUG org.springframework.test.context.support.AbstractDirtiesContextTestExecutionListener - After test method: context [DefaultTestContext@58324c9f testClass = ClientServiceImplTest.parameterizedAndRepetedTest, testInstance = com.joseph.service.Impl.ClientServiceImplTest$parameterizedAndRepetedTest@b4732dc, testMethod = saveClientWithParameterizedData@ClientServiceImplTest.parameterizedAndRepetedTest, testException = [null], mergedContextConfiguration = [MergedContextConfiguration@5d7d8613 testClass = ClientServiceImplTest.parameterizedAndRepetedTest, locations = '{}', classes = '{class com.joseph.config.PersistenceJPAConfig}', contextInitializerClasses = '[]', activeProfiles = '{}', propertySourceLocations = '{}', propertySourceProperties = '{}', contextCustomizers = set[[empty]], contextLoader = 'org.springframework.test.context.support.DelegatingSmartContextLoader', parent = [null]], attributes = map[[empty]]], class annotated with @DirtiesContext [false] with mode [null], method annotated with @DirtiesContext [false] with mode [null].
]]></system-out>
  </testcase>
  <testcase name="saveClientWithParameterizedData(String, String)[3]" classname="com.joseph.service.Impl.ClientServiceImplTest$parameterizedAndRepetedTest" time="0.095">
    <system-out><![CDATA[16:39:04.573 [main] DEBUG org.springframework.test.context.support.DependencyInjectionTestExecutionListener - Performing dependency injection for test context [[DefaultTestContext@158a8276 testClass = ClientServiceImplTest, testInstance = com.joseph.service.Impl.ClientServiceImplTest@69a024a0, testMethod = [null], testException = [null], mergedContextConfiguration = [MergedContextConfiguration@3c3d9b6b testClass = ClientServiceImplTest, locations = '{}', classes = '{class com.joseph.config.PersistenceJPAConfig}', contextInitializerClasses = '[]', activeProfiles = '{}', propertySourceLocations = '{}', propertySourceProperties = '{}', contextCustomizers = set[[empty]], contextLoader = 'org.springframework.test.context.support.DelegatingSmartContextLoader', parent = [null]], attributes = map[[empty]]]].
16:39:04.573 [main] DEBUG org.springframework.test.context.cache.DefaultCacheAwareContextLoaderDelegate - Retrieved ApplicationContext [270056930] from cache with key [[MergedContextConfiguration@3c3d9b6b testClass = ClientServiceImplTest, locations = '{}', classes = '{class com.joseph.config.PersistenceJPAConfig}', contextInitializerClasses = '[]', activeProfiles = '{}', propertySourceLocations = '{}', propertySourceProperties = '{}', contextCustomizers = set[[empty]], contextLoader = 'org.springframework.test.context.support.DelegatingSmartContextLoader', parent = [null]]]
16:39:04.573 [main] DEBUG org.springframework.test.context.cache - Spring test ApplicationContext cache statistics: [DefaultContextCache@65bb6275 size = 1, maxSize = 32, parentContextCount = 0, hitCount = 45, missCount = 1]
16:39:04.573 [main] DEBUG org.springframework.test.context.cache.DefaultCacheAwareContextLoaderDelegate - Retrieved ApplicationContext [270056930] from cache with key [[MergedContextConfiguration@3c3d9b6b testClass = ClientServiceImplTest, locations = '{}', classes = '{class com.joseph.config.PersistenceJPAConfig}', contextInitializerClasses = '[]', activeProfiles = '{}', propertySourceLocations = '{}', propertySourceProperties = '{}', contextCustomizers = set[[empty]], contextLoader = 'org.springframework.test.context.support.DelegatingSmartContextLoader', parent = [null]]]
16:39:04.573 [main] DEBUG org.springframework.test.context.cache - Spring test ApplicationContext cache statistics: [DefaultContextCache@65bb6275 size = 1, maxSize = 32, parentContextCount = 0, hitCount = 46, missCount = 1]
16:39:04.574 [main] DEBUG org.springframework.test.context.support.DependencyInjectionTestExecutionListener - Performing dependency injection for test context [[DefaultTestContext@58324c9f testClass = ClientServiceImplTest.parameterizedAndRepetedTest, testInstance = com.joseph.service.Impl.ClientServiceImplTest$parameterizedAndRepetedTest@4bf80c29, testMethod = [null], testException = [null], mergedContextConfiguration = [MergedContextConfiguration@5d7d8613 testClass = ClientServiceImplTest.parameterizedAndRepetedTest, locations = '{}', classes = '{class com.joseph.config.PersistenceJPAConfig}', contextInitializerClasses = '[]', activeProfiles = '{}', propertySourceLocations = '{}', propertySourceProperties = '{}', contextCustomizers = set[[empty]], contextLoader = 'org.springframework.test.context.support.DelegatingSmartContextLoader', parent = [null]], attributes = map[[empty]]]].
16:39:04.574 [main] DEBUG org.springframework.test.context.cache.DefaultCacheAwareContextLoaderDelegate - Retrieved ApplicationContext [270056930] from cache with key [[MergedContextConfiguration@5d7d8613 testClass = ClientServiceImplTest.parameterizedAndRepetedTest, locations = '{}', classes = '{class com.joseph.config.PersistenceJPAConfig}', contextInitializerClasses = '[]', activeProfiles = '{}', propertySourceLocations = '{}', propertySourceProperties = '{}', contextCustomizers = set[[empty]], contextLoader = 'org.springframework.test.context.support.DelegatingSmartContextLoader', parent = [null]]]
16:39:04.574 [main] DEBUG org.springframework.test.context.cache - Spring test ApplicationContext cache statistics: [DefaultContextCache@65bb6275 size = 1, maxSize = 32, parentContextCount = 0, hitCount = 47, missCount = 1]
16:39:04.574 [main] DEBUG org.springframework.test.context.cache.DefaultCacheAwareContextLoaderDelegate - Retrieved ApplicationContext [270056930] from cache with key [[MergedContextConfiguration@5d7d8613 testClass = ClientServiceImplTest.parameterizedAndRepetedTest, locations = '{}', classes = '{class com.joseph.config.PersistenceJPAConfig}', contextInitializerClasses = '[]', activeProfiles = '{}', propertySourceLocations = '{}', propertySourceProperties = '{}', contextCustomizers = set[[empty]], contextLoader = 'org.springframework.test.context.support.DelegatingSmartContextLoader', parent = [null]]]
16:39:04.574 [main] DEBUG org.springframework.test.context.cache - Spring test ApplicationContext cache statistics: [DefaultContextCache@65bb6275 size = 1, maxSize = 32, parentContextCount = 0, hitCount = 48, missCount = 1]
16:39:04.576 [main] DEBUG org.springframework.test.context.support.AbstractDirtiesContextTestExecutionListener - Before test method: context [DefaultTestContext@58324c9f testClass = ClientServiceImplTest.parameterizedAndRepetedTest, testInstance = com.joseph.service.Impl.ClientServiceImplTest$parameterizedAndRepetedTest@4bf80c29, testMethod = saveClientWithParameterizedData@ClientServiceImplTest.parameterizedAndRepetedTest, testException = [null], mergedContextConfiguration = [MergedContextConfiguration@5d7d8613 testClass = ClientServiceImplTest.parameterizedAndRepetedTest, locations = '{}', classes = '{class com.joseph.config.PersistenceJPAConfig}', contextInitializerClasses = '[]', activeProfiles = '{}', propertySourceLocations = '{}', propertySourceProperties = '{}', contextCustomizers = set[[empty]], contextLoader = 'org.springframework.test.context.support.DelegatingSmartContextLoader', parent = [null]], attributes = map[[empty]]], class annotated with @DirtiesContext [false] with mode [null], method annotated with @DirtiesContext [false] with mode [null].
16:39:04.576 [main] DEBUG org.springframework.test.context.cache.DefaultCacheAwareContextLoaderDelegate - Retrieved ApplicationContext [270056930] from cache with key [[MergedContextConfiguration@5d7d8613 testClass = ClientServiceImplTest.parameterizedAndRepetedTest, locations = '{}', classes = '{class com.joseph.config.PersistenceJPAConfig}', contextInitializerClasses = '[]', activeProfiles = '{}', propertySourceLocations = '{}', propertySourceProperties = '{}', contextCustomizers = set[[empty]], contextLoader = 'org.springframework.test.context.support.DelegatingSmartContextLoader', parent = [null]]]
16:39:04.576 [main] DEBUG org.springframework.test.context.cache - Spring test ApplicationContext cache statistics: [DefaultContextCache@65bb6275 size = 1, maxSize = 32, parentContextCount = 0, hitCount = 49, missCount = 1]
16:39:04.576 [main] DEBUG org.springframework.orm.jpa.JpaTransactionManager - Creating new transaction with name [org.springframework.data.jpa.repository.support.SimpleJpaRepository.deleteAll]: PROPAGATION_REQUIRED,ISOLATION_DEFAULT
16:39:04.576 [main] DEBUG org.springframework.orm.jpa.JpaTransactionManager - Opened new EntityManager [SessionImpl(PersistenceContext[entityKeys=[],collectionKeys=[]];ActionQueue[insertions=ExecutableList{size=0} updates=ExecutableList{size=0} deletions=ExecutableList{size=0} orphanRemovals=ExecutableList{size=0} collectionCreations=ExecutableList{size=0} collectionRemovals=ExecutableList{size=0} collectionUpdates=ExecutableList{size=0} collectionQueuedOps=ExecutableList{size=0} unresolvedInsertDependencies=null])] for JPA transaction
16:39:04.577 [main] DEBUG org.hibernate.engine.transaction.internal.TransactionImpl - begin
16:39:04.577 [main] DEBUG org.springframework.jdbc.datasource.DriverManagerDataSource - Creating new JDBC DriverManager Connection to [jdbc:mysql://localhost:3306/testcraftcore?useSSL=false&useTimezone=true&serverTimezone=UTC]
16:39:04.585 [main] DEBUG org.springframework.orm.jpa.JpaTransactionManager - Exposing JPA transaction as JDBC [org.springframework.orm.jpa.vendor.HibernateJpaDialect$HibernateConnectionHandle@515b9d4a]
16:39:04.585 [main] DEBUG org.hibernate.query.criteria.internal.CriteriaQueryImpl - Rendered criteria query -> select generatedAlias0 from Client as generatedAlias0
16:39:04.586 [main] DEBUG org.hibernate.SQL - select client0_.idclient as idclient1_0_, client0_.emailclient as emailcli2_0_, client0_.nameclient as nameclie3_0_ from client client0_
16:39:04.587 [main] DEBUG org.springframework.orm.jpa.JpaTransactionManager - Initiating transaction commit
16:39:04.587 [main] DEBUG org.springframework.orm.jpa.JpaTransactionManager - Committing JPA transaction on EntityManager [SessionImpl(PersistenceContext[entityKeys=[],collectionKeys=[]];ActionQueue[insertions=ExecutableList{size=0} updates=ExecutableList{size=0} deletions=ExecutableList{size=0} orphanRemovals=ExecutableList{size=0} collectionCreations=ExecutableList{size=0} collectionRemovals=ExecutableList{size=0} collectionUpdates=ExecutableList{size=0} collectionQueuedOps=ExecutableList{size=0} unresolvedInsertDependencies=null])]
16:39:04.588 [main] DEBUG org.hibernate.engine.transaction.internal.TransactionImpl - committing
16:39:04.588 [main] DEBUG org.springframework.orm.jpa.JpaTransactionManager - Closing JPA EntityManager [SessionImpl(PersistenceContext[entityKeys=[],collectionKeys=[]];ActionQueue[insertions=ExecutableList{size=0} updates=ExecutableList{size=0} deletions=ExecutableList{size=0} orphanRemovals=ExecutableList{size=0} collectionCreations=ExecutableList{size=0} collectionRemovals=ExecutableList{size=0} collectionUpdates=ExecutableList{size=0} collectionQueuedOps=ExecutableList{size=0} unresolvedInsertDependencies=null])] after transaction
16:39:04.589 [main] DEBUG org.springframework.orm.jpa.JpaTransactionManager - Creating new transaction with name [org.springframework.data.jpa.repository.support.SimpleJpaRepository.save]: PROPAGATION_REQUIRED,ISOLATION_DEFAULT
16:39:04.589 [main] DEBUG org.springframework.orm.jpa.JpaTransactionManager - Opened new EntityManager [SessionImpl(PersistenceContext[entityKeys=[],collectionKeys=[]];ActionQueue[insertions=ExecutableList{size=0} updates=ExecutableList{size=0} deletions=ExecutableList{size=0} orphanRemovals=ExecutableList{size=0} collectionCreations=ExecutableList{size=0} collectionRemovals=ExecutableList{size=0} collectionUpdates=ExecutableList{size=0} collectionQueuedOps=ExecutableList{size=0} unresolvedInsertDependencies=null])] for JPA transaction
16:39:04.589 [main] DEBUG org.hibernate.engine.transaction.internal.TransactionImpl - begin
16:39:04.589 [main] DEBUG org.springframework.jdbc.datasource.DriverManagerDataSource - Creating new JDBC DriverManager Connection to [jdbc:mysql://localhost:3306/testcraftcore?useSSL=false&useTimezone=true&serverTimezone=UTC]
16:39:04.595 [main] DEBUG org.springframework.orm.jpa.JpaTransactionManager - Exposing JPA transaction as JDBC [org.springframework.orm.jpa.vendor.HibernateJpaDialect$HibernateConnectionHandle@2b44d6d0]
16:39:04.596 [main] DEBUG org.hibernate.engine.spi.ActionQueue - Executing identity-insert immediately
16:39:04.596 [main] DEBUG org.hibernate.SQL - insert into client (emailclient, nameclient) values (?, ?)
16:39:04.597 [main] DEBUG org.hibernate.id.IdentifierGeneratorHelper - Natively generated identity: 132
16:39:04.597 [main] DEBUG org.hibernate.resource.jdbc.internal.ResourceRegistryStandardImpl - HHH000387: ResultSet's statement was not registered
16:39:04.597 [main] DEBUG org.springframework.orm.jpa.JpaTransactionManager - Initiating transaction commit
16:39:04.597 [main] DEBUG org.springframework.orm.jpa.JpaTransactionManager - Committing JPA transaction on EntityManager [SessionImpl(PersistenceContext[entityKeys=[EntityKey[com.joseph.entity.Client#132]],collectionKeys=[]];ActionQueue[insertions=ExecutableList{size=0} updates=ExecutableList{size=0} deletions=ExecutableList{size=0} orphanRemovals=ExecutableList{size=0} collectionCreations=ExecutableList{size=0} collectionRemovals=ExecutableList{size=0} collectionUpdates=ExecutableList{size=0} collectionQueuedOps=ExecutableList{size=0} unresolvedInsertDependencies=null])]
16:39:04.597 [main] DEBUG org.hibernate.engine.transaction.internal.TransactionImpl - committing
16:39:04.597 [main] DEBUG org.hibernate.event.internal.AbstractFlushingEventListener - Processing flush-time cascades
16:39:04.597 [main] DEBUG org.hibernate.event.internal.AbstractFlushingEventListener - Dirty checking collections
16:39:04.597 [main] DEBUG org.hibernate.engine.internal.Collections - Collection found: [com.joseph.entity.Client.orders#132], was: [<unreferenced>] (initialized)
16:39:04.597 [main] DEBUG org.hibernate.event.internal.AbstractFlushingEventListener - Flushed: 0 insertions, 0 updates, 0 deletions to 1 objects
16:39:04.597 [main] DEBUG org.hibernate.event.internal.AbstractFlushingEventListener - Flushed: 1 (re)creations, 0 updates, 0 removals to 1 collections
16:39:04.598 [main] DEBUG org.hibernate.internal.util.EntityPrinter - Listing entities:
16:39:04.598 [main] DEBUG org.hibernate.internal.util.EntityPrinter - com.joseph.entity.Client{nameclient=test, emailclient=test@test.com, orders=[], idclient=132}
16:39:04.598 [main] DEBUG org.springframework.orm.jpa.JpaTransactionManager - Closing JPA EntityManager [SessionImpl(PersistenceContext[entityKeys=[EntityKey[com.joseph.entity.Client#132]],collectionKeys=[CollectionKey[com.joseph.entity.Client.orders#132]]];ActionQueue[insertions=ExecutableList{size=0} updates=ExecutableList{size=0} deletions=ExecutableList{size=0} orphanRemovals=ExecutableList{size=0} collectionCreations=ExecutableList{size=0} collectionRemovals=ExecutableList{size=0} collectionUpdates=ExecutableList{size=0} collectionQueuedOps=ExecutableList{size=0} unresolvedInsertDependencies=null])] after transaction
16:39:04.599 [main] DEBUG org.springframework.orm.jpa.JpaTransactionManager - Creating new transaction with name [org.springframework.data.jpa.repository.support.SimpleJpaRepository.save]: PROPAGATION_REQUIRED,ISOLATION_DEFAULT
16:39:04.599 [main] DEBUG org.springframework.orm.jpa.JpaTransactionManager - Opened new EntityManager [SessionImpl(PersistenceContext[entityKeys=[],collectionKeys=[]];ActionQueue[insertions=ExecutableList{size=0} updates=ExecutableList{size=0} deletions=ExecutableList{size=0} orphanRemovals=ExecutableList{size=0} collectionCreations=ExecutableList{size=0} collectionRemovals=ExecutableList{size=0} collectionUpdates=ExecutableList{size=0} collectionQueuedOps=ExecutableList{size=0} unresolvedInsertDependencies=null])] for JPA transaction
16:39:04.599 [main] DEBUG org.hibernate.engine.transaction.internal.TransactionImpl - begin
16:39:04.599 [main] DEBUG org.springframework.jdbc.datasource.DriverManagerDataSource - Creating new JDBC DriverManager Connection to [jdbc:mysql://localhost:3306/testcraftcore?useSSL=false&useTimezone=true&serverTimezone=UTC]
16:39:04.604 [main] DEBUG org.springframework.orm.jpa.JpaTransactionManager - Exposing JPA transaction as JDBC [org.springframework.orm.jpa.vendor.HibernateJpaDialect$HibernateConnectionHandle@5934153e]
16:39:04.605 [main] DEBUG org.hibernate.engine.spi.ActionQueue - Executing identity-insert immediately
16:39:04.605 [main] DEBUG org.hibernate.SQL - insert into client (emailclient, nameclient) values (?, ?)
16:39:04.606 [main] DEBUG org.hibernate.id.IdentifierGeneratorHelper - Natively generated identity: 133
16:39:04.606 [main] DEBUG org.hibernate.resource.jdbc.internal.ResourceRegistryStandardImpl - HHH000387: ResultSet's statement was not registered
16:39:04.606 [main] DEBUG org.springframework.orm.jpa.JpaTransactionManager - Initiating transaction commit
16:39:04.606 [main] DEBUG org.springframework.orm.jpa.JpaTransactionManager - Committing JPA transaction on EntityManager [SessionImpl(PersistenceContext[entityKeys=[EntityKey[com.joseph.entity.Client#133]],collectionKeys=[]];ActionQueue[insertions=ExecutableList{size=0} updates=ExecutableList{size=0} deletions=ExecutableList{size=0} orphanRemovals=ExecutableList{size=0} collectionCreations=ExecutableList{size=0} collectionRemovals=ExecutableList{size=0} collectionUpdates=ExecutableList{size=0} collectionQueuedOps=ExecutableList{size=0} unresolvedInsertDependencies=null])]
16:39:04.606 [main] DEBUG org.hibernate.engine.transaction.internal.TransactionImpl - committing
16:39:04.606 [main] DEBUG org.hibernate.event.internal.AbstractFlushingEventListener - Processing flush-time cascades
16:39:04.606 [main] DEBUG org.hibernate.event.internal.AbstractFlushingEventListener - Dirty checking collections
16:39:04.606 [main] DEBUG org.hibernate.engine.internal.Collections - Collection found: [com.joseph.entity.Client.orders#133], was: [<unreferenced>] (initialized)
16:39:04.606 [main] DEBUG org.hibernate.event.internal.AbstractFlushingEventListener - Flushed: 0 insertions, 0 updates, 0 deletions to 1 objects
16:39:04.606 [main] DEBUG org.hibernate.event.internal.AbstractFlushingEventListener - Flushed: 1 (re)creations, 0 updates, 0 removals to 1 collections
16:39:04.606 [main] DEBUG org.hibernate.internal.util.EntityPrinter - Listing entities:
16:39:04.606 [main] DEBUG org.hibernate.internal.util.EntityPrinter - com.joseph.entity.Client{nameclient=test, emailclient=test1@test.com, orders=[], idclient=133}
16:39:04.608 [main] DEBUG org.springframework.orm.jpa.JpaTransactionManager - Closing JPA EntityManager [SessionImpl(PersistenceContext[entityKeys=[EntityKey[com.joseph.entity.Client#133]],collectionKeys=[CollectionKey[com.joseph.entity.Client.orders#133]]];ActionQueue[insertions=ExecutableList{size=0} updates=ExecutableList{size=0} deletions=ExecutableList{size=0} orphanRemovals=ExecutableList{size=0} collectionCreations=ExecutableList{size=0} collectionRemovals=ExecutableList{size=0} collectionUpdates=ExecutableList{size=0} collectionQueuedOps=ExecutableList{size=0} unresolvedInsertDependencies=null])] after transaction
16:39:04.608 [main] DEBUG org.springframework.orm.jpa.JpaTransactionManager - Creating new transaction with name [org.springframework.data.jpa.repository.support.SimpleJpaRepository.save]: PROPAGATION_REQUIRED,ISOLATION_DEFAULT
16:39:04.608 [main] DEBUG org.springframework.orm.jpa.JpaTransactionManager - Opened new EntityManager [SessionImpl(PersistenceContext[entityKeys=[],collectionKeys=[]];ActionQueue[insertions=ExecutableList{size=0} updates=ExecutableList{size=0} deletions=ExecutableList{size=0} orphanRemovals=ExecutableList{size=0} collectionCreations=ExecutableList{size=0} collectionRemovals=ExecutableList{size=0} collectionUpdates=ExecutableList{size=0} collectionQueuedOps=ExecutableList{size=0} unresolvedInsertDependencies=null])] for JPA transaction
16:39:04.609 [main] DEBUG org.hibernate.engine.transaction.internal.TransactionImpl - begin
16:39:04.609 [main] DEBUG org.springframework.jdbc.datasource.DriverManagerDataSource - Creating new JDBC DriverManager Connection to [jdbc:mysql://localhost:3306/testcraftcore?useSSL=false&useTimezone=true&serverTimezone=UTC]
16:39:04.614 [main] DEBUG org.springframework.orm.jpa.JpaTransactionManager - Exposing JPA transaction as JDBC [org.springframework.orm.jpa.vendor.HibernateJpaDialect$HibernateConnectionHandle@1a1ccaaf]
16:39:04.614 [main] DEBUG org.hibernate.engine.spi.ActionQueue - Executing identity-insert immediately
16:39:04.614 [main] DEBUG org.hibernate.SQL - insert into client (emailclient, nameclient) values (?, ?)
16:39:04.616 [main] DEBUG org.hibernate.id.IdentifierGeneratorHelper - Natively generated identity: 134
16:39:04.616 [main] DEBUG org.hibernate.resource.jdbc.internal.ResourceRegistryStandardImpl - HHH000387: ResultSet's statement was not registered
16:39:04.616 [main] DEBUG org.springframework.orm.jpa.JpaTransactionManager - Initiating transaction commit
16:39:04.618 [main] DEBUG org.springframework.orm.jpa.JpaTransactionManager - Committing JPA transaction on EntityManager [SessionImpl(PersistenceContext[entityKeys=[EntityKey[com.joseph.entity.Client#134]],collectionKeys=[]];ActionQueue[insertions=ExecutableList{size=0} updates=ExecutableList{size=0} deletions=ExecutableList{size=0} orphanRemovals=ExecutableList{size=0} collectionCreations=ExecutableList{size=0} collectionRemovals=ExecutableList{size=0} collectionUpdates=ExecutableList{size=0} collectionQueuedOps=ExecutableList{size=0} unresolvedInsertDependencies=null])]
16:39:04.618 [main] DEBUG org.hibernate.engine.transaction.internal.TransactionImpl - committing
16:39:04.618 [main] DEBUG org.hibernate.event.internal.AbstractFlushingEventListener - Processing flush-time cascades
16:39:04.618 [main] DEBUG org.hibernate.event.internal.AbstractFlushingEventListener - Dirty checking collections
16:39:04.619 [main] DEBUG org.hibernate.engine.internal.Collections - Collection found: [com.joseph.entity.Client.orders#134], was: [<unreferenced>] (initialized)
16:39:04.619 [main] DEBUG org.hibernate.event.internal.AbstractFlushingEventListener - Flushed: 0 insertions, 0 updates, 0 deletions to 1 objects
16:39:04.619 [main] DEBUG org.hibernate.event.internal.AbstractFlushingEventListener - Flushed: 1 (re)creations, 0 updates, 0 removals to 1 collections
16:39:04.619 [main] DEBUG org.hibernate.internal.util.EntityPrinter - Listing entities:
16:39:04.619 [main] DEBUG org.hibernate.internal.util.EntityPrinter - com.joseph.entity.Client{nameclient=test, emailclient=test2@test.com, orders=[], idclient=134}
16:39:04.620 [main] DEBUG org.springframework.orm.jpa.JpaTransactionManager - Closing JPA EntityManager [SessionImpl(PersistenceContext[entityKeys=[EntityKey[com.joseph.entity.Client#134]],collectionKeys=[CollectionKey[com.joseph.entity.Client.orders#134]]];ActionQueue[insertions=ExecutableList{size=0} updates=ExecutableList{size=0} deletions=ExecutableList{size=0} orphanRemovals=ExecutableList{size=0} collectionCreations=ExecutableList{size=0} collectionRemovals=ExecutableList{size=0} collectionUpdates=ExecutableList{size=0} collectionQueuedOps=ExecutableList{size=0} unresolvedInsertDependencies=null])] after transaction
16:39:04.621 [main] DEBUG org.springframework.test.context.cache.DefaultCacheAwareContextLoaderDelegate - Retrieved ApplicationContext [270056930] from cache with key [[MergedContextConfiguration@5d7d8613 testClass = ClientServiceImplTest.parameterizedAndRepetedTest, locations = '{}', classes = '{class com.joseph.config.PersistenceJPAConfig}', contextInitializerClasses = '[]', activeProfiles = '{}', propertySourceLocations = '{}', propertySourceProperties = '{}', contextCustomizers = set[[empty]], contextLoader = 'org.springframework.test.context.support.DelegatingSmartContextLoader', parent = [null]]]
16:39:04.621 [main] DEBUG org.springframework.test.context.cache - Spring test ApplicationContext cache statistics: [DefaultContextCache@65bb6275 size = 1, maxSize = 32, parentContextCount = 0, hitCount = 50, missCount = 1]
16:39:04.621 [main] DEBUG org.springframework.orm.jpa.JpaTransactionManager - Creating new transaction with name [com.joseph.service.Impl.ClientServiceImpl.saveClient]: PROPAGATION_REQUIRED,ISOLATION_DEFAULT
16:39:04.621 [main] DEBUG org.springframework.orm.jpa.JpaTransactionManager - Opened new EntityManager [SessionImpl(PersistenceContext[entityKeys=[],collectionKeys=[]];ActionQueue[insertions=ExecutableList{size=0} updates=ExecutableList{size=0} deletions=ExecutableList{size=0} orphanRemovals=ExecutableList{size=0} collectionCreations=ExecutableList{size=0} collectionRemovals=ExecutableList{size=0} collectionUpdates=ExecutableList{size=0} collectionQueuedOps=ExecutableList{size=0} unresolvedInsertDependencies=null])] for JPA transaction
16:39:04.621 [main] DEBUG org.hibernate.engine.transaction.internal.TransactionImpl - begin
16:39:04.621 [main] DEBUG org.springframework.jdbc.datasource.DriverManagerDataSource - Creating new JDBC DriverManager Connection to [jdbc:mysql://localhost:3306/testcraftcore?useSSL=false&useTimezone=true&serverTimezone=UTC]
16:39:04.626 [main] DEBUG org.springframework.orm.jpa.JpaTransactionManager - Exposing JPA transaction as JDBC [org.springframework.orm.jpa.vendor.HibernateJpaDialect$HibernateConnectionHandle@3a38f122]
16:39:04.627 [main] DEBUG org.springframework.orm.jpa.JpaTransactionManager - Found thread-bound EntityManager [SessionImpl(PersistenceContext[entityKeys=[],collectionKeys=[]];ActionQueue[insertions=ExecutableList{size=0} updates=ExecutableList{size=0} deletions=ExecutableList{size=0} orphanRemovals=ExecutableList{size=0} collectionCreations=ExecutableList{size=0} collectionRemovals=ExecutableList{size=0} collectionUpdates=ExecutableList{size=0} collectionQueuedOps=ExecutableList{size=0} unresolvedInsertDependencies=null])] for JPA transaction
16:39:04.627 [main] DEBUG org.springframework.orm.jpa.JpaTransactionManager - Participating in existing transaction
16:39:04.627 [main] DEBUG org.hibernate.loader.Loader - Loading entity: [com.joseph.entity.Client#134]
16:39:04.627 [main] DEBUG org.hibernate.SQL - select client0_.idclient as idclient1_0_1_, client0_.emailclient as emailcli2_0_1_, client0_.nameclient as nameclie3_0_1_, orders1_.idclient as idclient5_1_3_, orders1_.idorder as idorder1_1_3_, orders1_.idorder as idorder1_1_0_, orders1_.idclient as idclient5_1_0_, orders1_.dateorder as dateorde2_1_0_, orders1_.statusorder as statusor3_1_0_, orders1_.totalorder as totalord4_1_0_ from client client0_ left outer join order_table orders1_ on client0_.idclient=orders1_.idclient where client0_.idclient=?
16:39:04.629 [main] DEBUG org.hibernate.loader.Loader - Result set row: 0
16:39:04.629 [main] DEBUG org.hibernate.loader.Loader - Result row: null, EntityKey[com.joseph.entity.Client#134]
16:39:04.630 [main] DEBUG org.hibernate.loader.Loader - Result set contains (possibly empty) collection: [com.joseph.entity.Client.orders#134]
16:39:04.630 [main] DEBUG org.hibernate.engine.internal.TwoPhaseLoad - Resolving associations for [com.joseph.entity.Client#134]
16:39:04.630 [main] DEBUG org.hibernate.engine.internal.TwoPhaseLoad - Done materializing entity [com.joseph.entity.Client#134]
16:39:04.630 [main] DEBUG org.hibernate.engine.loading.internal.CollectionLoadContext - 1 collections were found in result set for role: com.joseph.entity.Client.orders
16:39:04.630 [main] DEBUG org.hibernate.engine.loading.internal.CollectionLoadContext - Collection fully initialized: [com.joseph.entity.Client.orders#134]
16:39:04.630 [main] DEBUG org.hibernate.engine.loading.internal.CollectionLoadContext - 1 collections initialized for role: com.joseph.entity.Client.orders
16:39:04.630 [main] DEBUG org.hibernate.loader.Loader - Done entity load
16:39:04.630 [main] DEBUG org.hibernate.engine.spi.CollectionEntry - Reset storedSnapshot to {} for CollectionEntry[com.joseph.entity.Client.orders#134]
16:39:04.630 [main] DEBUG org.springframework.orm.jpa.JpaTransactionManager - Initiating transaction commit
16:39:04.630 [main] DEBUG org.springframework.orm.jpa.JpaTransactionManager - Committing JPA transaction on EntityManager [SessionImpl(PersistenceContext[entityKeys=[EntityKey[com.joseph.entity.Client#134]],collectionKeys=[CollectionKey[com.joseph.entity.Client.orders#134]]];ActionQueue[insertions=ExecutableList{size=0} updates=ExecutableList{size=0} deletions=ExecutableList{size=0} orphanRemovals=ExecutableList{size=0} collectionCreations=ExecutableList{size=0} collectionRemovals=ExecutableList{size=0} collectionUpdates=ExecutableList{size=0} collectionQueuedOps=ExecutableList{size=0} unresolvedInsertDependencies=null])]
16:39:04.630 [main] DEBUG org.hibernate.engine.transaction.internal.TransactionImpl - committing
16:39:04.630 [main] DEBUG org.hibernate.event.internal.AbstractFlushingEventListener - Processing flush-time cascades
16:39:04.631 [main] DEBUG org.hibernate.event.internal.AbstractFlushingEventListener - Dirty checking collections
16:39:04.631 [main] DEBUG org.hibernate.engine.internal.Collections - Collection found: [com.joseph.entity.Client.orders#134], was: [com.joseph.entity.Client.orders#134] (initialized)
16:39:04.631 [main] DEBUG org.hibernate.event.internal.AbstractFlushingEventListener - Flushed: 0 insertions, 1 updates, 0 deletions to 1 objects
16:39:04.631 [main] DEBUG org.hibernate.event.internal.AbstractFlushingEventListener - Flushed: 0 (re)creations, 0 updates, 0 removals to 1 collections
16:39:04.631 [main] DEBUG org.hibernate.internal.util.EntityPrinter - Listing entities:
16:39:04.631 [main] DEBUG org.hibernate.internal.util.EntityPrinter - com.joseph.entity.Client{nameclient=client3Test, emailclient=test@test.com, orders=[], idclient=134}
16:39:04.631 [main] DEBUG org.hibernate.SQL - update client set emailclient=?, nameclient=? where idclient=?
16:39:04.633 [main] DEBUG org.springframework.orm.jpa.JpaTransactionManager - Closing JPA EntityManager [SessionImpl(PersistenceContext[entityKeys=[EntityKey[com.joseph.entity.Client#134]],collectionKeys=[CollectionKey[com.joseph.entity.Client.orders#134]]];ActionQueue[insertions=ExecutableList{size=0} updates=ExecutableList{size=0} deletions=ExecutableList{size=0} orphanRemovals=ExecutableList{size=0} collectionCreations=ExecutableList{size=0} collectionRemovals=ExecutableList{size=0} collectionUpdates=ExecutableList{size=0} collectionQueuedOps=ExecutableList{size=0} unresolvedInsertDependencies=null])] after transaction
16:39:04.634 [main] DEBUG org.springframework.orm.jpa.JpaTransactionManager - Creating new transaction with name [org.springframework.data.jpa.repository.support.SimpleJpaRepository.findAll]: PROPAGATION_REQUIRED,ISOLATION_DEFAULT,readOnly
16:39:04.634 [main] DEBUG org.springframework.orm.jpa.JpaTransactionManager - Opened new EntityManager [SessionImpl(PersistenceContext[entityKeys=[],collectionKeys=[]];ActionQueue[insertions=ExecutableList{size=0} updates=ExecutableList{size=0} deletions=ExecutableList{size=0} orphanRemovals=ExecutableList{size=0} collectionCreations=ExecutableList{size=0} collectionRemovals=ExecutableList{size=0} collectionUpdates=ExecutableList{size=0} collectionQueuedOps=ExecutableList{size=0} unresolvedInsertDependencies=null])] for JPA transaction
16:39:04.634 [main] DEBUG org.springframework.jdbc.datasource.DriverManagerDataSource - Creating new JDBC DriverManager Connection to [jdbc:mysql://localhost:3306/testcraftcore?useSSL=false&useTimezone=true&serverTimezone=UTC]
16:39:04.639 [main] DEBUG org.springframework.jdbc.datasource.DataSourceUtils - Setting JDBC Connection [com.mysql.cj.jdbc.ConnectionImpl@4e0cc334] read-only
16:39:04.640 [main] DEBUG org.hibernate.engine.transaction.internal.TransactionImpl - begin
16:39:04.640 [main] DEBUG org.springframework.orm.jpa.JpaTransactionManager - Exposing JPA transaction as JDBC [org.springframework.orm.jpa.vendor.HibernateJpaDialect$HibernateConnectionHandle@1e12a5a6]
16:39:04.640 [main] DEBUG org.hibernate.query.criteria.internal.CriteriaQueryImpl - Rendered criteria query -> select generatedAlias0 from Client as generatedAlias0
16:39:04.641 [main] DEBUG org.hibernate.SQL - select client0_.idclient as idclient1_0_, client0_.emailclient as emailcli2_0_, client0_.nameclient as nameclie3_0_ from client client0_
16:39:04.642 [main] DEBUG org.hibernate.loader.Loader - Result set row: 0
16:39:04.642 [main] DEBUG org.hibernate.loader.Loader - Result row: EntityKey[com.joseph.entity.Client#134]
16:39:04.642 [main] DEBUG org.hibernate.loader.Loader - Result set row: 1
16:39:04.642 [main] DEBUG org.hibernate.loader.Loader - Result row: EntityKey[com.joseph.entity.Client#132]
16:39:04.642 [main] DEBUG org.hibernate.loader.Loader - Result set row: 2
16:39:04.642 [main] DEBUG org.hibernate.loader.Loader - Result row: EntityKey[com.joseph.entity.Client#133]
16:39:04.643 [main] DEBUG org.hibernate.engine.internal.TwoPhaseLoad - Resolving associations for [com.joseph.entity.Client#134]
16:39:04.643 [main] DEBUG org.hibernate.engine.internal.TwoPhaseLoad - Done materializing entity [com.joseph.entity.Client#134]
16:39:04.643 [main] DEBUG org.hibernate.engine.internal.TwoPhaseLoad - Resolving associations for [com.joseph.entity.Client#132]
16:39:04.643 [main] DEBUG org.hibernate.engine.internal.TwoPhaseLoad - Done materializing entity [com.joseph.entity.Client#132]
16:39:04.643 [main] DEBUG org.hibernate.engine.internal.TwoPhaseLoad - Resolving associations for [com.joseph.entity.Client#133]
16:39:04.643 [main] DEBUG org.hibernate.engine.internal.TwoPhaseLoad - Done materializing entity [com.joseph.entity.Client#133]
16:39:04.643 [main] DEBUG org.springframework.orm.jpa.JpaTransactionManager - Initiating transaction commit
16:39:04.643 [main] DEBUG org.springframework.orm.jpa.JpaTransactionManager - Committing JPA transaction on EntityManager [SessionImpl(PersistenceContext[entityKeys=[EntityKey[com.joseph.entity.Client#132], EntityKey[com.joseph.entity.Client#134], EntityKey[com.joseph.entity.Client#133]],collectionKeys=[CollectionKey[com.joseph.entity.Client.orders#132], CollectionKey[com.joseph.entity.Client.orders#133], CollectionKey[com.joseph.entity.Client.orders#134]]];ActionQueue[insertions=ExecutableList{size=0} updates=ExecutableList{size=0} deletions=ExecutableList{size=0} orphanRemovals=ExecutableList{size=0} collectionCreations=ExecutableList{size=0} collectionRemovals=ExecutableList{size=0} collectionUpdates=ExecutableList{size=0} collectionQueuedOps=ExecutableList{size=0} unresolvedInsertDependencies=null])]
16:39:04.643 [main] DEBUG org.hibernate.engine.transaction.internal.TransactionImpl - committing
16:39:04.644 [main] DEBUG org.springframework.jdbc.datasource.DataSourceUtils - Resetting read-only flag of JDBC Connection [com.mysql.cj.jdbc.ConnectionImpl@4e0cc334]
16:39:04.644 [main] DEBUG org.springframework.orm.jpa.JpaTransactionManager - Closing JPA EntityManager [SessionImpl(PersistenceContext[entityKeys=[EntityKey[com.joseph.entity.Client#132], EntityKey[com.joseph.entity.Client#134], EntityKey[com.joseph.entity.Client#133]],collectionKeys=[CollectionKey[com.joseph.entity.Client.orders#132], CollectionKey[com.joseph.entity.Client.orders#133], CollectionKey[com.joseph.entity.Client.orders#134]]];ActionQueue[insertions=ExecutableList{size=0} updates=ExecutableList{size=0} deletions=ExecutableList{size=0} orphanRemovals=ExecutableList{size=0} collectionCreations=ExecutableList{size=0} collectionRemovals=ExecutableList{size=0} collectionUpdates=ExecutableList{size=0} collectionQueuedOps=ExecutableList{size=0} unresolvedInsertDependencies=null])] after transaction
16:39:04.645 [main] DEBUG org.springframework.test.context.cache.DefaultCacheAwareContextLoaderDelegate - Retrieved ApplicationContext [270056930] from cache with key [[MergedContextConfiguration@5d7d8613 testClass = ClientServiceImplTest.parameterizedAndRepetedTest, locations = '{}', classes = '{class com.joseph.config.PersistenceJPAConfig}', contextInitializerClasses = '[]', activeProfiles = '{}', propertySourceLocations = '{}', propertySourceProperties = '{}', contextCustomizers = set[[empty]], contextLoader = 'org.springframework.test.context.support.DelegatingSmartContextLoader', parent = [null]]]
16:39:04.645 [main] DEBUG org.springframework.test.context.cache - Spring test ApplicationContext cache statistics: [DefaultContextCache@65bb6275 size = 1, maxSize = 32, parentContextCount = 0, hitCount = 51, missCount = 1]
16:39:04.646 [main] DEBUG org.springframework.orm.jpa.JpaTransactionManager - Creating new transaction with name [org.springframework.data.jpa.repository.support.SimpleJpaRepository.deleteAll]: PROPAGATION_REQUIRED,ISOLATION_DEFAULT
16:39:04.646 [main] DEBUG org.springframework.orm.jpa.JpaTransactionManager - Opened new EntityManager [SessionImpl(PersistenceContext[entityKeys=[],collectionKeys=[]];ActionQueue[insertions=ExecutableList{size=0} updates=ExecutableList{size=0} deletions=ExecutableList{size=0} orphanRemovals=ExecutableList{size=0} collectionCreations=ExecutableList{size=0} collectionRemovals=ExecutableList{size=0} collectionUpdates=ExecutableList{size=0} collectionQueuedOps=ExecutableList{size=0} unresolvedInsertDependencies=null])] for JPA transaction
16:39:04.646 [main] DEBUG org.hibernate.engine.transaction.internal.TransactionImpl - begin
16:39:04.646 [main] DEBUG org.springframework.jdbc.datasource.DriverManagerDataSource - Creating new JDBC DriverManager Connection to [jdbc:mysql://localhost:3306/testcraftcore?useSSL=false&useTimezone=true&serverTimezone=UTC]
16:39:04.653 [main] DEBUG org.springframework.orm.jpa.JpaTransactionManager - Exposing JPA transaction as JDBC [org.springframework.orm.jpa.vendor.HibernateJpaDialect$HibernateConnectionHandle@23ca36d]
16:39:04.653 [main] DEBUG org.hibernate.query.criteria.internal.CriteriaQueryImpl - Rendered criteria query -> select generatedAlias0 from Client as generatedAlias0
16:39:04.654 [main] DEBUG org.hibernate.SQL - select client0_.idclient as idclient1_0_, client0_.emailclient as emailcli2_0_, client0_.nameclient as nameclie3_0_ from client client0_
16:39:04.655 [main] DEBUG org.hibernate.loader.Loader - Result set row: 0
16:39:04.655 [main] DEBUG org.hibernate.loader.Loader - Result row: EntityKey[com.joseph.entity.Client#134]
16:39:04.656 [main] DEBUG org.hibernate.loader.Loader - Result set row: 1
16:39:04.656 [main] DEBUG org.hibernate.loader.Loader - Result row: EntityKey[com.joseph.entity.Client#132]
16:39:04.656 [main] DEBUG org.hibernate.loader.Loader - Result set row: 2
16:39:04.656 [main] DEBUG org.hibernate.loader.Loader - Result row: EntityKey[com.joseph.entity.Client#133]
16:39:04.656 [main] DEBUG org.hibernate.engine.internal.TwoPhaseLoad - Resolving associations for [com.joseph.entity.Client#134]
16:39:04.656 [main] DEBUG org.hibernate.engine.internal.TwoPhaseLoad - Done materializing entity [com.joseph.entity.Client#134]
16:39:04.656 [main] DEBUG org.hibernate.engine.internal.TwoPhaseLoad - Resolving associations for [com.joseph.entity.Client#132]
16:39:04.656 [main] DEBUG org.hibernate.engine.internal.TwoPhaseLoad - Done materializing entity [com.joseph.entity.Client#132]
16:39:04.656 [main] DEBUG org.hibernate.engine.internal.TwoPhaseLoad - Resolving associations for [com.joseph.entity.Client#133]
16:39:04.657 [main] DEBUG org.hibernate.engine.internal.TwoPhaseLoad - Done materializing entity [com.joseph.entity.Client#133]
16:39:04.657 [main] DEBUG org.hibernate.loader.collection.plan.AbstractLoadPlanBasedCollectionInitializer - Loading collection: [com.joseph.entity.Client.orders#134]
16:39:04.657 [main] DEBUG org.hibernate.SQL - select orders0_.idclient as idclient5_1_0_, orders0_.idorder as idorder1_1_0_, orders0_.idorder as idorder1_1_1_, orders0_.idclient as idclient5_1_1_, orders0_.dateorder as dateorde2_1_1_, orders0_.statusorder as statusor3_1_1_, orders0_.totalorder as totalord4_1_1_ from order_table orders0_ where orders0_.idclient=?
16:39:04.658 [main] DEBUG org.hibernate.loader.plan.exec.process.internal.ResultSetProcessorImpl - Preparing collection intializer : [com.joseph.entity.Client.orders#134]
16:39:04.658 [main] DEBUG org.hibernate.engine.loading.internal.CollectionLoadContext - 1 collections were found in result set for role: com.joseph.entity.Client.orders
16:39:04.658 [main] DEBUG org.hibernate.engine.loading.internal.CollectionLoadContext - Collection fully initialized: [com.joseph.entity.Client.orders#134]
16:39:04.658 [main] DEBUG org.hibernate.engine.loading.internal.CollectionLoadContext - 1 collections initialized for role: com.joseph.entity.Client.orders
16:39:04.658 [main] DEBUG org.hibernate.resource.jdbc.internal.ResourceRegistryStandardImpl - HHH000387: ResultSet's statement was not registered
16:39:04.658 [main] DEBUG org.hibernate.loader.collection.plan.AbstractLoadPlanBasedCollectionInitializer - Done loading collection
16:39:04.659 [main] DEBUG org.hibernate.loader.collection.plan.AbstractLoadPlanBasedCollectionInitializer - Loading collection: [com.joseph.entity.Client.orders#132]
16:39:04.659 [main] DEBUG org.hibernate.SQL - select orders0_.idclient as idclient5_1_0_, orders0_.idorder as idorder1_1_0_, orders0_.idorder as idorder1_1_1_, orders0_.idclient as idclient5_1_1_, orders0_.dateorder as dateorde2_1_1_, orders0_.statusorder as statusor3_1_1_, orders0_.totalorder as totalord4_1_1_ from order_table orders0_ where orders0_.idclient=?
16:39:04.660 [main] DEBUG org.hibernate.loader.plan.exec.process.internal.ResultSetProcessorImpl - Preparing collection intializer : [com.joseph.entity.Client.orders#132]
16:39:04.660 [main] DEBUG org.hibernate.engine.loading.internal.CollectionLoadContext - 1 collections were found in result set for role: com.joseph.entity.Client.orders
16:39:04.660 [main] DEBUG org.hibernate.engine.loading.internal.CollectionLoadContext - Collection fully initialized: [com.joseph.entity.Client.orders#132]
16:39:04.660 [main] DEBUG org.hibernate.engine.loading.internal.CollectionLoadContext - 1 collections initialized for role: com.joseph.entity.Client.orders
16:39:04.660 [main] DEBUG org.hibernate.resource.jdbc.internal.ResourceRegistryStandardImpl - HHH000387: ResultSet's statement was not registered
16:39:04.660 [main] DEBUG org.hibernate.loader.collection.plan.AbstractLoadPlanBasedCollectionInitializer - Done loading collection
16:39:04.660 [main] DEBUG org.hibernate.loader.collection.plan.AbstractLoadPlanBasedCollectionInitializer - Loading collection: [com.joseph.entity.Client.orders#133]
16:39:04.661 [main] DEBUG org.hibernate.SQL - select orders0_.idclient as idclient5_1_0_, orders0_.idorder as idorder1_1_0_, orders0_.idorder as idorder1_1_1_, orders0_.idclient as idclient5_1_1_, orders0_.dateorder as dateorde2_1_1_, orders0_.statusorder as statusor3_1_1_, orders0_.totalorder as totalord4_1_1_ from order_table orders0_ where orders0_.idclient=?
16:39:04.662 [main] DEBUG org.hibernate.loader.plan.exec.process.internal.ResultSetProcessorImpl - Preparing collection intializer : [com.joseph.entity.Client.orders#133]
16:39:04.662 [main] DEBUG org.hibernate.engine.loading.internal.CollectionLoadContext - 1 collections were found in result set for role: com.joseph.entity.Client.orders
16:39:04.662 [main] DEBUG org.hibernate.engine.loading.internal.CollectionLoadContext - Collection fully initialized: [com.joseph.entity.Client.orders#133]
16:39:04.662 [main] DEBUG org.hibernate.engine.loading.internal.CollectionLoadContext - 1 collections initialized for role: com.joseph.entity.Client.orders
16:39:04.662 [main] DEBUG org.hibernate.resource.jdbc.internal.ResourceRegistryStandardImpl - HHH000387: ResultSet's statement was not registered
16:39:04.662 [main] DEBUG org.hibernate.loader.collection.plan.AbstractLoadPlanBasedCollectionInitializer - Done loading collection
16:39:04.662 [main] DEBUG org.springframework.orm.jpa.JpaTransactionManager - Initiating transaction commit
16:39:04.662 [main] DEBUG org.springframework.orm.jpa.JpaTransactionManager - Committing JPA transaction on EntityManager [SessionImpl(PersistenceContext[entityKeys=[EntityKey[com.joseph.entity.Client#132], EntityKey[com.joseph.entity.Client#134], EntityKey[com.joseph.entity.Client#133]],collectionKeys=[CollectionKey[com.joseph.entity.Client.orders#132], CollectionKey[com.joseph.entity.Client.orders#133], CollectionKey[com.joseph.entity.Client.orders#134]]];ActionQueue[insertions=ExecutableList{size=0} updates=ExecutableList{size=0} deletions=ExecutableList{size=3} orphanRemovals=ExecutableList{size=0} collectionCreations=ExecutableList{size=0} collectionRemovals=ExecutableList{size=0} collectionUpdates=ExecutableList{size=0} collectionQueuedOps=ExecutableList{size=0} unresolvedInsertDependencies=null])]
16:39:04.662 [main] DEBUG org.hibernate.engine.transaction.internal.TransactionImpl - committing
16:39:04.662 [main] DEBUG org.hibernate.event.internal.AbstractFlushingEventListener - Processing flush-time cascades
16:39:04.662 [main] DEBUG org.hibernate.event.internal.AbstractFlushingEventListener - Dirty checking collections
16:39:04.663 [main] DEBUG org.hibernate.engine.internal.Collections - Collection dereferenced: [com.joseph.entity.Client.orders#134]
16:39:04.663 [main] DEBUG org.hibernate.engine.internal.Collections - Collection dereferenced: [com.joseph.entity.Client.orders#132]
16:39:04.663 [main] DEBUG org.hibernate.engine.internal.Collections - Collection dereferenced: [com.joseph.entity.Client.orders#133]
16:39:04.663 [main] DEBUG org.hibernate.event.internal.AbstractFlushingEventListener - Flushed: 0 insertions, 0 updates, 3 deletions to 3 objects
16:39:04.663 [main] DEBUG org.hibernate.event.internal.AbstractFlushingEventListener - Flushed: 0 (re)creations, 0 updates, 3 removals to 3 collections
16:39:04.663 [main] DEBUG org.hibernate.internal.util.EntityPrinter - Listing entities:
16:39:04.663 [main] DEBUG org.hibernate.internal.util.EntityPrinter - com.joseph.entity.Client{nameclient=test, emailclient=test@test.com, orders=[], idclient=132}
16:39:04.663 [main] DEBUG org.hibernate.internal.util.EntityPrinter - com.joseph.entity.Client{nameclient=client3Test, emailclient=test@test.com, orders=[], idclient=134}
16:39:04.663 [main] DEBUG org.hibernate.internal.util.EntityPrinter - com.joseph.entity.Client{nameclient=test, emailclient=test1@test.com, orders=[], idclient=133}
16:39:04.663 [main] DEBUG org.hibernate.SQL - delete from client where idclient=?
16:39:04.664 [main] DEBUG org.hibernate.SQL - delete from client where idclient=?
16:39:04.665 [main] DEBUG org.hibernate.SQL - delete from client where idclient=?
16:39:04.668 [main] DEBUG org.springframework.orm.jpa.JpaTransactionManager - Closing JPA EntityManager [SessionImpl(PersistenceContext[entityKeys=[],collectionKeys=[]];ActionQueue[insertions=ExecutableList{size=0} updates=ExecutableList{size=0} deletions=ExecutableList{size=0} orphanRemovals=ExecutableList{size=0} collectionCreations=ExecutableList{size=0} collectionRemovals=ExecutableList{size=0} collectionUpdates=ExecutableList{size=0} collectionQueuedOps=ExecutableList{size=0} unresolvedInsertDependencies=null])] after transaction
16:39:04.668 [main] DEBUG org.hibernate.engine.jdbc.internal.JdbcCoordinatorImpl - HHH000420: Closing un-released batch
16:39:04.669 [main] DEBUG org.springframework.test.context.cache.DefaultCacheAwareContextLoaderDelegate - Retrieved ApplicationContext [270056930] from cache with key [[MergedContextConfiguration@5d7d8613 testClass = ClientServiceImplTest.parameterizedAndRepetedTest, locations = '{}', classes = '{class com.joseph.config.PersistenceJPAConfig}', contextInitializerClasses = '[]', activeProfiles = '{}', propertySourceLocations = '{}', propertySourceProperties = '{}', contextCustomizers = set[[empty]], contextLoader = 'org.springframework.test.context.support.DelegatingSmartContextLoader', parent = [null]]]
16:39:04.669 [main] DEBUG org.springframework.test.context.cache - Spring test ApplicationContext cache statistics: [DefaultContextCache@65bb6275 size = 1, maxSize = 32, parentContextCount = 0, hitCount = 52, missCount = 1]
16:39:04.669 [main] DEBUG org.springframework.test.context.support.AbstractDirtiesContextTestExecutionListener - After test method: context [DefaultTestContext@58324c9f testClass = ClientServiceImplTest.parameterizedAndRepetedTest, testInstance = com.joseph.service.Impl.ClientServiceImplTest$parameterizedAndRepetedTest@4bf80c29, testMethod = saveClientWithParameterizedData@ClientServiceImplTest.parameterizedAndRepetedTest, testException = [null], mergedContextConfiguration = [MergedContextConfiguration@5d7d8613 testClass = ClientServiceImplTest.parameterizedAndRepetedTest, locations = '{}', classes = '{class com.joseph.config.PersistenceJPAConfig}', contextInitializerClasses = '[]', activeProfiles = '{}', propertySourceLocations = '{}', propertySourceProperties = '{}', contextCustomizers = set[[empty]], contextLoader = 'org.springframework.test.context.support.DelegatingSmartContextLoader', parent = [null]], attributes = map[[empty]]], class annotated with @DirtiesContext [false] with mode [null], method annotated with @DirtiesContext [false] with mode [null].
]]></system-out>
  </testcase>
</testsuite>