<?xml version="1.0" encoding="UTF-8"?>
<testsuite xmlns:xsi="http://www.w3.org/2001/XMLSchema-instance" xsi:noNamespaceSchemaLocation="https://maven.apache.org/surefire/maven-surefire-plugin/xsd/surefire-test-report-3.0.xsd" version="3.0" name="com.joseph.service.Impl.OrderServiceImplTest$rapports" time="0.278" tests="6" errors="0" skipped="0" failures="0">
  <properties>
    <property name="sun.desktop" value="windows"/>
    <property name="awt.toolkit" value="sun.awt.windows.WToolkit"/>
    <property name="file.encoding.pkg" value="sun.io"/>
    <property name="java.specification.version" value="1.8"/>
    <property name="sun.cpu.isalist" value="amd64"/>
    <property name="sun.jnu.encoding" value="Cp1252"/>
    <property name="java.class.path" value="C:\Users\AZUZ\Desktop\craftStore-With-spring-core-testing\target\test-classes;C:\Users\AZUZ\Desktop\craftStore-With-spring-core-testing\target\classes;C:\Users\AZUZ\.m2\repository\com\fasterxml\jackson\core\jackson-databind\2.13.0\jackson-databind-2.13.0.jar;C:\Users\AZUZ\.m2\repository\com\fasterxml\jackson\core\jackson-core\2.13.0\jackson-core-2.13.0.jar;C:\Users\AZUZ\.m2\repository\com\fasterxml\jackson\core\jackson-annotations\2.13.0\jackson-annotations-2.13.0.jar;C:\Users\AZUZ\.m2\repository\org\apache\poi\poi-ooxml\3.11\poi-ooxml-3.11.jar;C:\Users\AZUZ\.m2\repository\org\apache\poi\poi\3.11\poi-3.11.jar;C:\Users\AZUZ\.m2\repository\commons-codec\commons-codec\1.9\commons-codec-1.9.jar;C:\Users\AZUZ\.m2\repository\org\apache\poi\poi-ooxml-schemas\3.11\poi-ooxml-schemas-3.11.jar;C:\Users\AZUZ\.m2\repository\org\apache\xmlbeans\xmlbeans\2.6.0\xmlbeans-2.6.0.jar;C:\Users\AZUZ\.m2\repository\stax\stax-api\1.0.1\stax-api-1.0.1.jar;C:\Users\AZUZ\.m2\repository\org\springframework\spring-webmvc\5.2.22.RELEASE\spring-webmvc-5.2.22.RELEASE.jar;C:\Users\AZUZ\.m2\repository\org\springframework\spring-aop\5.2.22.RELEASE\spring-aop-5.2.22.RELEASE.jar;C:\Users\AZUZ\.m2\repository\org\springframework\spring-beans\5.2.22.RELEASE\spring-beans-5.2.22.RELEASE.jar;C:\Users\AZUZ\.m2\repository\org\springframework\spring-context\5.2.22.RELEASE\spring-context-5.2.22.RELEASE.jar;C:\Users\AZUZ\.m2\repository\org\springframework\spring-core\5.2.22.RELEASE\spring-core-5.2.22.RELEASE.jar;C:\Users\AZUZ\.m2\repository\org\springframework\spring-jcl\5.2.22.RELEASE\spring-jcl-5.2.22.RELEASE.jar;C:\Users\AZUZ\.m2\repository\org\springframework\spring-expression\5.2.22.RELEASE\spring-expression-5.2.22.RELEASE.jar;C:\Users\AZUZ\.m2\repository\org\springframework\spring-web\5.2.22.RELEASE\spring-web-5.2.22.RELEASE.jar;C:\Users\AZUZ\.m2\repository\org\thymeleaf\thymeleaf-spring5\3.0.15.RELEASE\thymeleaf-spring5-3.0.15.RELEASE.jar;C:\Users\AZUZ\.m2\repository\org\thymeleaf\thymeleaf\3.0.15.RELEASE\thymeleaf-3.0.15.RELEASE.jar;C:\Users\AZUZ\.m2\repository\org\attoparser\attoparser\2.0.5.RELEASE\attoparser-2.0.5.RELEASE.jar;C:\Users\AZUZ\.m2\repository\org\unbescape\unbescape\1.1.6.RELEASE\unbescape-1.1.6.RELEASE.jar;C:\Users\AZUZ\.m2\repository\org\webjars\bootstrap\5.2.0\bootstrap-5.2.0.jar;C:\Users\AZUZ\.m2\repository\jakarta\servlet\jakarta.servlet-api\4.0.4\jakarta.servlet-api-4.0.4.jar;C:\Users\AZUZ\.m2\repository\org\springframework\spring-test\5.2.22.RELEASE\spring-test-5.2.22.RELEASE.jar;C:\Users\AZUZ\.m2\repository\org\slf4j\slf4j-api\1.7.32\slf4j-api-1.7.32.jar;C:\Users\AZUZ\.m2\repository\ch\qos\logback\logback-classic\1.2.6\logback-classic-1.2.6.jar;C:\Users\AZUZ\.m2\repository\ch\qos\logback\logback-core\1.2.6\logback-core-1.2.6.jar;C:\Users\AZUZ\.m2\repository\org\junit\jupiter\junit-jupiter-api\5.9.0\junit-jupiter-api-5.9.0.jar;C:\Users\AZUZ\.m2\repository\org\opentest4j\opentest4j\1.2.0\opentest4j-1.2.0.jar;C:\Users\AZUZ\.m2\repository\org\junit\platform\junit-platform-commons\1.9.0\junit-platform-commons-1.9.0.jar;C:\Users\AZUZ\.m2\repository\org\apiguardian\apiguardian-api\1.1.2\apiguardian-api-1.1.2.jar;C:\Users\AZUZ\.m2\repository\org\junit\jupiter\junit-jupiter-params\5.10.0\junit-jupiter-params-5.10.0.jar;C:\Users\AZUZ\.m2\repository\org\junit\jupiter\junit-jupiter-engine\5.9.0\junit-jupiter-engine-5.9.0.jar;C:\Users\AZUZ\.m2\repository\org\junit\platform\junit-platform-engine\1.9.0\junit-platform-engine-1.9.0.jar;C:\Users\AZUZ\.m2\repository\org\hamcrest\hamcrest-core\2.2\hamcrest-core-2.2.jar;C:\Users\AZUZ\.m2\repository\org\hamcrest\hamcrest\2.2\hamcrest-2.2.jar;C:\Users\AZUZ\.m2\repository\com\mysql\mysql-connector-j\8.0.31\mysql-connector-j-8.0.31.jar;C:\Users\AZUZ\.m2\repository\com\google\protobuf\protobuf-java\3.19.4\protobuf-java-3.19.4.jar;C:\Users\AZUZ\.m2\repository\org\springframework\spring-orm\5.2.22.RELEASE\spring-orm-5.2.22.RELEASE.jar;C:\Users\AZUZ\.m2\repository\org\springframework\spring-jdbc\5.2.22.RELEASE\spring-jdbc-5.2.22.RELEASE.jar;C:\Users\AZUZ\.m2\repository\org\springframework\spring-tx\5.2.22.RELEASE\spring-tx-5.2.22.RELEASE.jar;C:\Users\AZUZ\.m2\repository\org\hibernate\hibernate-entitymanager\5.2.17.Final\hibernate-entitymanager-5.2.17.Final.jar;C:\Users\AZUZ\.m2\repository\org\jboss\logging\jboss-logging\3.3.1.Final\jboss-logging-3.3.1.Final.jar;C:\Users\AZUZ\.m2\repository\org\hibernate\hibernate-core\5.2.17.Final\hibernate-core-5.2.17.Final.jar;C:\Users\AZUZ\.m2\repository\antlr\antlr\2.7.7\antlr-2.7.7.jar;C:\Users\AZUZ\.m2\repository\org\jboss\jandex\2.0.3.Final\jandex-2.0.3.Final.jar;C:\Users\AZUZ\.m2\repository\dom4j\dom4j\1.6.1\dom4j-1.6.1.jar;C:\Users\AZUZ\.m2\repository\org\hibernate\common\hibernate-commons-annotations\5.0.1.Final\hibernate-commons-annotations-5.0.1.Final.jar;C:\Users\AZUZ\.m2\repository\org\hibernate\javax\persistence\hibernate-jpa-2.1-api\1.0.0.Final\hibernate-jpa-2.1-api-1.0.0.Final.jar;C:\Users\AZUZ\.m2\repository\org\javassist\javassist\3.22.0-GA\javassist-3.22.0-GA.jar;C:\Users\AZUZ\.m2\repository\net\bytebuddy\byte-buddy\1.6.14\byte-buddy-1.6.14.jar;C:\Users\AZUZ\.m2\repository\org\jboss\spec\javax\transaction\jboss-transaction-api_1.2_spec\1.0.1.Final\jboss-transaction-api_1.2_spec-1.0.1.Final.jar;C:\Users\AZUZ\.m2\repository\org\hibernate\hibernate-validator\5.4.1.Final\hibernate-validator-5.4.1.Final.jar;C:\Users\AZUZ\.m2\repository\javax\validation\validation-api\1.1.0.Final\validation-api-1.1.0.Final.jar;C:\Users\AZUZ\.m2\repository\com\fasterxml\classmate\1.3.1\classmate-1.3.1.jar;C:\Users\AZUZ\.m2\repository\org\springframework\data\spring-data-jpa\2.1.0.RELEASE\spring-data-jpa-2.1.0.RELEASE.jar;C:\Users\AZUZ\.m2\repository\org\springframework\data\spring-data-commons\2.1.0.RELEASE\spring-data-commons-2.1.0.RELEASE.jar;C:\Users\AZUZ\.m2\repository\org\aspectj\aspectjrt\1.9.1\aspectjrt-1.9.1.jar;C:\Users\AZUZ\.m2\repository\com\h2database\h2\2.1.214\h2-2.1.214.jar;"/>
    <property name="java.vm.vendor" value="Oracle Corporation"/>
    <property name="sun.arch.data.model" value="64"/>
    <property name="user.variant" value=""/>
    <property name="java.vendor.url" value="http://java.oracle.com/"/>
    <property name="user.timezone" value="Africa/Casablanca"/>
    <property name="user.country.format" value="US"/>
    <property name="java.vm.specification.version" value="1.8"/>
    <property name="os.name" value="Windows 10"/>
    <property name="user.country" value="FR"/>
    <property name="sun.java.launcher" value="SUN_STANDARD"/>
    <property name="sun.boot.library.path" value="C:\Program Files\Java\jdk1.8.0_202\jre\bin"/>
    <property name="sun.java.command" value="C:\Users\AZUZ\AppData\Local\Temp\surefire5076529982768076834\surefirebooter-20240104163857344_3.jar C:\Users\AZUZ\AppData\Local\Temp\surefire5076529982768076834 2024-01-04T16-38-56_483-jvmRun1 surefire-20240104163857344_1tmp surefire_0-20240104163857344_2tmp"/>
    <property name="surefire.test.class.path" value="C:\Users\AZUZ\Desktop\craftStore-With-spring-core-testing\target\test-classes;C:\Users\AZUZ\Desktop\craftStore-With-spring-core-testing\target\classes;C:\Users\AZUZ\.m2\repository\com\fasterxml\jackson\core\jackson-databind\2.13.0\jackson-databind-2.13.0.jar;C:\Users\AZUZ\.m2\repository\com\fasterxml\jackson\core\jackson-core\2.13.0\jackson-core-2.13.0.jar;C:\Users\AZUZ\.m2\repository\com\fasterxml\jackson\core\jackson-annotations\2.13.0\jackson-annotations-2.13.0.jar;C:\Users\AZUZ\.m2\repository\org\apache\poi\poi-ooxml\3.11\poi-ooxml-3.11.jar;C:\Users\AZUZ\.m2\repository\org\apache\poi\poi\3.11\poi-3.11.jar;C:\Users\AZUZ\.m2\repository\commons-codec\commons-codec\1.9\commons-codec-1.9.jar;C:\Users\AZUZ\.m2\repository\org\apache\poi\poi-ooxml-schemas\3.11\poi-ooxml-schemas-3.11.jar;C:\Users\AZUZ\.m2\repository\org\apache\xmlbeans\xmlbeans\2.6.0\xmlbeans-2.6.0.jar;C:\Users\AZUZ\.m2\repository\stax\stax-api\1.0.1\stax-api-1.0.1.jar;C:\Users\AZUZ\.m2\repository\org\springframework\spring-webmvc\5.2.22.RELEASE\spring-webmvc-5.2.22.RELEASE.jar;C:\Users\AZUZ\.m2\repository\org\springframework\spring-aop\5.2.22.RELEASE\spring-aop-5.2.22.RELEASE.jar;C:\Users\AZUZ\.m2\repository\org\springframework\spring-beans\5.2.22.RELEASE\spring-beans-5.2.22.RELEASE.jar;C:\Users\AZUZ\.m2\repository\org\springframework\spring-context\5.2.22.RELEASE\spring-context-5.2.22.RELEASE.jar;C:\Users\AZUZ\.m2\repository\org\springframework\spring-core\5.2.22.RELEASE\spring-core-5.2.22.RELEASE.jar;C:\Users\AZUZ\.m2\repository\org\springframework\spring-jcl\5.2.22.RELEASE\spring-jcl-5.2.22.RELEASE.jar;C:\Users\AZUZ\.m2\repository\org\springframework\spring-expression\5.2.22.RELEASE\spring-expression-5.2.22.RELEASE.jar;C:\Users\AZUZ\.m2\repository\org\springframework\spring-web\5.2.22.RELEASE\spring-web-5.2.22.RELEASE.jar;C:\Users\AZUZ\.m2\repository\org\thymeleaf\thymeleaf-spring5\3.0.15.RELEASE\thymeleaf-spring5-3.0.15.RELEASE.jar;C:\Users\AZUZ\.m2\repository\org\thymeleaf\thymeleaf\3.0.15.RELEASE\thymeleaf-3.0.15.RELEASE.jar;C:\Users\AZUZ\.m2\repository\org\attoparser\attoparser\2.0.5.RELEASE\attoparser-2.0.5.RELEASE.jar;C:\Users\AZUZ\.m2\repository\org\unbescape\unbescape\1.1.6.RELEASE\unbescape-1.1.6.RELEASE.jar;C:\Users\AZUZ\.m2\repository\org\webjars\bootstrap\5.2.0\bootstrap-5.2.0.jar;C:\Users\AZUZ\.m2\repository\jakarta\servlet\jakarta.servlet-api\4.0.4\jakarta.servlet-api-4.0.4.jar;C:\Users\AZUZ\.m2\repository\org\springframework\spring-test\5.2.22.RELEASE\spring-test-5.2.22.RELEASE.jar;C:\Users\AZUZ\.m2\repository\org\slf4j\slf4j-api\1.7.32\slf4j-api-1.7.32.jar;C:\Users\AZUZ\.m2\repository\ch\qos\logback\logback-classic\1.2.6\logback-classic-1.2.6.jar;C:\Users\AZUZ\.m2\repository\ch\qos\logback\logback-core\1.2.6\logback-core-1.2.6.jar;C:\Users\AZUZ\.m2\repository\org\junit\jupiter\junit-jupiter-api\5.9.0\junit-jupiter-api-5.9.0.jar;C:\Users\AZUZ\.m2\repository\org\opentest4j\opentest4j\1.2.0\opentest4j-1.2.0.jar;C:\Users\AZUZ\.m2\repository\org\junit\platform\junit-platform-commons\1.9.0\junit-platform-commons-1.9.0.jar;C:\Users\AZUZ\.m2\repository\org\apiguardian\apiguardian-api\1.1.2\apiguardian-api-1.1.2.jar;C:\Users\AZUZ\.m2\repository\org\junit\jupiter\junit-jupiter-params\5.10.0\junit-jupiter-params-5.10.0.jar;C:\Users\AZUZ\.m2\repository\org\junit\jupiter\junit-jupiter-engine\5.9.0\junit-jupiter-engine-5.9.0.jar;C:\Users\AZUZ\.m2\repository\org\junit\platform\junit-platform-engine\1.9.0\junit-platform-engine-1.9.0.jar;C:\Users\AZUZ\.m2\repository\org\hamcrest\hamcrest-core\2.2\hamcrest-core-2.2.jar;C:\Users\AZUZ\.m2\repository\org\hamcrest\hamcrest\2.2\hamcrest-2.2.jar;C:\Users\AZUZ\.m2\repository\com\mysql\mysql-connector-j\8.0.31\mysql-connector-j-8.0.31.jar;C:\Users\AZUZ\.m2\repository\com\google\protobuf\protobuf-java\3.19.4\protobuf-java-3.19.4.jar;C:\Users\AZUZ\.m2\repository\org\springframework\spring-orm\5.2.22.RELEASE\spring-orm-5.2.22.RELEASE.jar;C:\Users\AZUZ\.m2\repository\org\springframework\spring-jdbc\5.2.22.RELEASE\spring-jdbc-5.2.22.RELEASE.jar;C:\Users\AZUZ\.m2\repository\org\springframework\spring-tx\5.2.22.RELEASE\spring-tx-5.2.22.RELEASE.jar;C:\Users\AZUZ\.m2\repository\org\hibernate\hibernate-entitymanager\5.2.17.Final\hibernate-entitymanager-5.2.17.Final.jar;C:\Users\AZUZ\.m2\repository\org\jboss\logging\jboss-logging\3.3.1.Final\jboss-logging-3.3.1.Final.jar;C:\Users\AZUZ\.m2\repository\org\hibernate\hibernate-core\5.2.17.Final\hibernate-core-5.2.17.Final.jar;C:\Users\AZUZ\.m2\repository\antlr\antlr\2.7.7\antlr-2.7.7.jar;C:\Users\AZUZ\.m2\repository\org\jboss\jandex\2.0.3.Final\jandex-2.0.3.Final.jar;C:\Users\AZUZ\.m2\repository\dom4j\dom4j\1.6.1\dom4j-1.6.1.jar;C:\Users\AZUZ\.m2\repository\org\hibernate\common\hibernate-commons-annotations\5.0.1.Final\hibernate-commons-annotations-5.0.1.Final.jar;C:\Users\AZUZ\.m2\repository\org\hibernate\javax\persistence\hibernate-jpa-2.1-api\1.0.0.Final\hibernate-jpa-2.1-api-1.0.0.Final.jar;C:\Users\AZUZ\.m2\repository\org\javassist\javassist\3.22.0-GA\javassist-3.22.0-GA.jar;C:\Users\AZUZ\.m2\repository\net\bytebuddy\byte-buddy\1.6.14\byte-buddy-1.6.14.jar;C:\Users\AZUZ\.m2\repository\org\jboss\spec\javax\transaction\jboss-transaction-api_1.2_spec\1.0.1.Final\jboss-transaction-api_1.2_spec-1.0.1.Final.jar;C:\Users\AZUZ\.m2\repository\org\hibernate\hibernate-validator\5.4.1.Final\hibernate-validator-5.4.1.Final.jar;C:\Users\AZUZ\.m2\repository\javax\validation\validation-api\1.1.0.Final\validation-api-1.1.0.Final.jar;C:\Users\AZUZ\.m2\repository\com\fasterxml\classmate\1.3.1\classmate-1.3.1.jar;C:\Users\AZUZ\.m2\repository\org\springframework\data\spring-data-jpa\2.1.0.RELEASE\spring-data-jpa-2.1.0.RELEASE.jar;C:\Users\AZUZ\.m2\repository\org\springframework\data\spring-data-commons\2.1.0.RELEASE\spring-data-commons-2.1.0.RELEASE.jar;C:\Users\AZUZ\.m2\repository\org\aspectj\aspectjrt\1.9.1\aspectjrt-1.9.1.jar;C:\Users\AZUZ\.m2\repository\com\h2database\h2\2.1.214\h2-2.1.214.jar;"/>
    <property name="sun.cpu.endian" value="little"/>
    <property name="user.home" value="C:\Users\AZUZ"/>
    <property name="user.language" value="fr"/>
    <property name="java.specification.vendor" value="Oracle Corporation"/>
    <property name="java.home" value="C:\Program Files\Java\jdk1.8.0_202\jre"/>
    <property name="basedir" value="C:\Users\AZUZ\Desktop\craftStore-With-spring-core-testing"/>
    <property name="file.separator" value="\"/>
    <property name="line.separator" value="&#10;"/>
    <property name="java.vm.specification.vendor" value="Oracle Corporation"/>
    <property name="java.specification.name" value="Java Platform API Specification"/>
    <property name="java.awt.graphicsenv" value="sun.awt.Win32GraphicsEnvironment"/>
    <property name="surefire.real.class.path" value="C:\Users\AZUZ\AppData\Local\Temp\surefire5076529982768076834\surefirebooter-20240104163857344_3.jar"/>
    <property name="sun.boot.class.path" value="C:\Program Files\Java\jdk1.8.0_202\jre\lib\resources.jar;C:\Program Files\Java\jdk1.8.0_202\jre\lib\rt.jar;C:\Program Files\Java\jdk1.8.0_202\jre\lib\sunrsasign.jar;C:\Program Files\Java\jdk1.8.0_202\jre\lib\jsse.jar;C:\Program Files\Java\jdk1.8.0_202\jre\lib\jce.jar;C:\Program Files\Java\jdk1.8.0_202\jre\lib\charsets.jar;C:\Program Files\Java\jdk1.8.0_202\jre\lib\jfr.jar;C:\Program Files\Java\jdk1.8.0_202\jre\classes"/>
    <property name="user.script" value=""/>
    <property name="sun.management.compiler" value="HotSpot 64-Bit Tiered Compilers"/>
    <property name="java.runtime.version" value="1.8.0_202-b08"/>
    <property name="user.name" value="AZUZ"/>
    <property name="path.separator" value=";"/>
    <property name="os.version" value="10.0"/>
    <property name="java.endorsed.dirs" value="C:\Program Files\Java\jdk1.8.0_202\jre\lib\endorsed"/>
    <property name="java.runtime.name" value="Java(TM) SE Runtime Environment"/>
    <property name="file.encoding" value="Cp1252"/>
    <property name="java.vm.name" value="Java HotSpot(TM) 64-Bit Server VM"/>
    <property name="localRepository" value="C:\Users\AZUZ\.m2\repository"/>
    <property name="java.vendor.url.bug" value="http://bugreport.sun.com/bugreport/"/>
    <property name="java.io.tmpdir" value="C:\Users\AZUZ\AppData\Local\Temp\"/>
    <property name="java.version" value="1.8.0_202"/>
    <property name="user.dir" value="C:\Users\AZUZ\Desktop\craftStore-With-spring-core-testing"/>
    <property name="os.arch" value="amd64"/>
    <property name="java.vm.specification.name" value="Java Virtual Machine Specification"/>
    <property name="java.awt.printerjob" value="sun.awt.windows.WPrinterJob"/>
    <property name="user.language.format" value="en"/>
    <property name="sun.os.patch.level" value=""/>
    <property name="java.library.path" value="C:\Program Files\Java\jdk1.8.0_202\jre\bin;C:\WINDOWS\Sun\Java\bin;C:\WINDOWS\system32;C:\WINDOWS;C:\Program Files\Common Files\Oracle\Java\javapath;C:\Program Files\Java\jdk1.8.0_202;C:\Program Files (x86)\Common Files\Oracle\Java\javapath;C:\Program Files (x86)\VMware\VMware Workstation\bin\;C:\WINDOWS\system32;C:\WINDOWS;C:\WINDOWS\System32\Wbem;C:\WINDOWS\System32\WindowsPowerShell\v1.0\;C:\WINDOWS\System32\OpenSSH\;C:\Program Files\PuTTY\;C:\Program Files\nodejs\;C:\Program Files\Git\cmd;%MAVEN_HOME%\bin;C:\apache-maven-3.9.6\bin;C:\Users\AZUZ\AppData\Local\Programs\Python\Python37\Scripts\;C:\Users\AZUZ\AppData\Local\Programs\Python\Python37\;C:\Users\AZUZ\AppData\Local\Microsoft\WindowsApps;C:\Users\AZUZ\AppData\Local\Programs\Microsoft VS Code\bin;C:\Users\AZUZ\AppData\Roaming\npm;C:\apache-maven-3.9.6\bin;C:\Program Files\Java\jdk1.8.0_202\bin;;."/>
    <property name="java.vm.info" value="mixed mode"/>
    <property name="java.vendor" value="Oracle Corporation"/>
    <property name="java.vm.version" value="25.202-b08"/>
    <property name="java.ext.dirs" value="C:\Program Files\Java\jdk1.8.0_202\jre\lib\ext;C:\WINDOWS\Sun\Java\lib\ext"/>
    <property name="sun.io.unicode.encoding" value="UnicodeLittle"/>
    <property name="java.class.version" value="52.0"/>
  </properties>
  <testcase name="getOrders" classname="com.joseph.service.Impl.OrderServiceImplTest" time="0.156">
    <system-out><![CDATA[16:39:04.681 [main] DEBUG org.springframework.test.context.BootstrapUtils - Instantiating CacheAwareContextLoaderDelegate from class [org.springframework.test.context.cache.DefaultCacheAwareContextLoaderDelegate]
16:39:04.681 [main] DEBUG org.springframework.test.context.BootstrapUtils - Instantiating BootstrapContext using constructor [public org.springframework.test.context.support.DefaultBootstrapContext(java.lang.Class,org.springframework.test.context.CacheAwareContextLoaderDelegate)]
16:39:04.682 [main] DEBUG org.springframework.test.context.BootstrapUtils - Instantiating TestContextBootstrapper for test class [com.joseph.service.Impl.OrderServiceImplTest] from class [org.springframework.test.context.support.DefaultTestContextBootstrapper]
16:39:04.683 [main] DEBUG org.springframework.test.context.support.AbstractDelegatingSmartContextLoader - Delegating to AnnotationConfigContextLoader to process context configuration [ContextConfigurationAttributes@4ef4f627 declaringClass = 'com.joseph.service.Impl.OrderServiceImplTest', classes = '{class com.joseph.config.PersistenceJPAConfig}', locations = '{}', inheritLocations = true, initializers = '{}', inheritInitializers = true, name = [null], contextLoaderClass = 'org.springframework.test.context.ContextLoader'].
16:39:04.685 [main] DEBUG org.springframework.test.context.support.ActiveProfilesUtils - Could not find an 'annotation declaring class' for annotation type [org.springframework.test.context.ActiveProfiles] and class [com.joseph.service.Impl.OrderServiceImplTest]
16:39:04.685 [main] DEBUG org.springframework.test.context.support.DefaultTestContextBootstrapper - @TestExecutionListeners is not present for class [com.joseph.service.Impl.OrderServiceImplTest]: using defaults.
16:39:04.686 [main] INFO org.springframework.test.context.support.DefaultTestContextBootstrapper - Loaded default TestExecutionListener class names from location [META-INF/spring.factories]: [org.springframework.test.context.web.ServletTestExecutionListener, org.springframework.test.context.support.DirtiesContextBeforeModesTestExecutionListener, org.springframework.test.context.support.DependencyInjectionTestExecutionListener, org.springframework.test.context.support.DirtiesContextTestExecutionListener, org.springframework.test.context.transaction.TransactionalTestExecutionListener, org.springframework.test.context.jdbc.SqlScriptsTestExecutionListener, org.springframework.test.context.event.EventPublishingTestExecutionListener]
16:39:04.686 [main] INFO org.springframework.test.context.support.DefaultTestContextBootstrapper - Using TestExecutionListeners: [org.springframework.test.context.web.ServletTestExecutionListener@4ea56bdb, org.springframework.test.context.support.DirtiesContextBeforeModesTestExecutionListener@32227215, org.springframework.test.context.support.DependencyInjectionTestExecutionListener@108e9837, org.springframework.test.context.support.DirtiesContextTestExecutionListener@79a201cf, org.springframework.test.context.transaction.TransactionalTestExecutionListener@1cbc5693, org.springframework.test.context.jdbc.SqlScriptsTestExecutionListener@3d2f3dcb, org.springframework.test.context.event.EventPublishingTestExecutionListener@59845579]
16:39:04.686 [main] DEBUG org.springframework.test.context.support.AbstractDirtiesContextTestExecutionListener - Before test class: context [DefaultTestContext@30c19bff testClass = OrderServiceImplTest, testInstance = [null], testMethod = [null], testException = [null], mergedContextConfiguration = [MergedContextConfiguration@4e375bba testClass = OrderServiceImplTest, locations = '{}', classes = '{class com.joseph.config.PersistenceJPAConfig}', contextInitializerClasses = '[]', activeProfiles = '{}', propertySourceLocations = '{}', propertySourceProperties = '{}', contextCustomizers = set[[empty]], contextLoader = 'org.springframework.test.context.support.DelegatingSmartContextLoader', parent = [null]], attributes = map[[empty]]], class annotated with @DirtiesContext [false] with mode [null].
16:39:04.686 [main] DEBUG org.springframework.test.context.cache.DefaultCacheAwareContextLoaderDelegate - Retrieved ApplicationContext [270056930] from cache with key [[MergedContextConfiguration@4e375bba testClass = OrderServiceImplTest, locations = '{}', classes = '{class com.joseph.config.PersistenceJPAConfig}', contextInitializerClasses = '[]', activeProfiles = '{}', propertySourceLocations = '{}', propertySourceProperties = '{}', contextCustomizers = set[[empty]], contextLoader = 'org.springframework.test.context.support.DelegatingSmartContextLoader', parent = [null]]]
16:39:04.687 [main] DEBUG org.springframework.test.context.cache - Spring test ApplicationContext cache statistics: [DefaultContextCache@65bb6275 size = 1, maxSize = 32, parentContextCount = 0, hitCount = 55, missCount = 1]
16:39:04.687 [main] DEBUG org.springframework.test.context.support.DependencyInjectionTestExecutionListener - Performing dependency injection for test context [[DefaultTestContext@30c19bff testClass = OrderServiceImplTest, testInstance = com.joseph.service.Impl.OrderServiceImplTest@ab2e6d2, testMethod = [null], testException = [null], mergedContextConfiguration = [MergedContextConfiguration@4e375bba testClass = OrderServiceImplTest, locations = '{}', classes = '{class com.joseph.config.PersistenceJPAConfig}', contextInitializerClasses = '[]', activeProfiles = '{}', propertySourceLocations = '{}', propertySourceProperties = '{}', contextCustomizers = set[[empty]], contextLoader = 'org.springframework.test.context.support.DelegatingSmartContextLoader', parent = [null]], attributes = map[[empty]]]].
16:39:04.687 [main] DEBUG org.springframework.test.context.cache.DefaultCacheAwareContextLoaderDelegate - Retrieved ApplicationContext [270056930] from cache with key [[MergedContextConfiguration@4e375bba testClass = OrderServiceImplTest, locations = '{}', classes = '{class com.joseph.config.PersistenceJPAConfig}', contextInitializerClasses = '[]', activeProfiles = '{}', propertySourceLocations = '{}', propertySourceProperties = '{}', contextCustomizers = set[[empty]], contextLoader = 'org.springframework.test.context.support.DelegatingSmartContextLoader', parent = [null]]]
16:39:04.687 [main] DEBUG org.springframework.test.context.cache - Spring test ApplicationContext cache statistics: [DefaultContextCache@65bb6275 size = 1, maxSize = 32, parentContextCount = 0, hitCount = 56, missCount = 1]
16:39:04.688 [main] DEBUG org.springframework.test.context.cache.DefaultCacheAwareContextLoaderDelegate - Retrieved ApplicationContext [270056930] from cache with key [[MergedContextConfiguration@4e375bba testClass = OrderServiceImplTest, locations = '{}', classes = '{class com.joseph.config.PersistenceJPAConfig}', contextInitializerClasses = '[]', activeProfiles = '{}', propertySourceLocations = '{}', propertySourceProperties = '{}', contextCustomizers = set[[empty]], contextLoader = 'org.springframework.test.context.support.DelegatingSmartContextLoader', parent = [null]]]
16:39:04.688 [main] DEBUG org.springframework.test.context.cache - Spring test ApplicationContext cache statistics: [DefaultContextCache@65bb6275 size = 1, maxSize = 32, parentContextCount = 0, hitCount = 57, missCount = 1]
16:39:04.690 [main] DEBUG org.springframework.test.context.support.AbstractDirtiesContextTestExecutionListener - Before test method: context [DefaultTestContext@30c19bff testClass = OrderServiceImplTest, testInstance = com.joseph.service.Impl.OrderServiceImplTest@ab2e6d2, testMethod = getOrders@OrderServiceImplTest, testException = [null], mergedContextConfiguration = [MergedContextConfiguration@4e375bba testClass = OrderServiceImplTest, locations = '{}', classes = '{class com.joseph.config.PersistenceJPAConfig}', contextInitializerClasses = '[]', activeProfiles = '{}', propertySourceLocations = '{}', propertySourceProperties = '{}', contextCustomizers = set[[empty]], contextLoader = 'org.springframework.test.context.support.DelegatingSmartContextLoader', parent = [null]], attributes = map[[empty]]], class annotated with @DirtiesContext [false] with mode [null], method annotated with @DirtiesContext [false] with mode [null].
16:39:04.691 [main] DEBUG org.springframework.test.context.cache.DefaultCacheAwareContextLoaderDelegate - Retrieved ApplicationContext [270056930] from cache with key [[MergedContextConfiguration@4e375bba testClass = OrderServiceImplTest, locations = '{}', classes = '{class com.joseph.config.PersistenceJPAConfig}', contextInitializerClasses = '[]', activeProfiles = '{}', propertySourceLocations = '{}', propertySourceProperties = '{}', contextCustomizers = set[[empty]], contextLoader = 'org.springframework.test.context.support.DelegatingSmartContextLoader', parent = [null]]]
16:39:04.691 [main] DEBUG org.springframework.test.context.cache - Spring test ApplicationContext cache statistics: [DefaultContextCache@65bb6275 size = 1, maxSize = 32, parentContextCount = 0, hitCount = 58, missCount = 1]
16:39:04.692 [main] DEBUG org.springframework.orm.jpa.JpaTransactionManager - Creating new transaction with name [org.springframework.data.jpa.repository.support.SimpleJpaRepository.deleteAll]: PROPAGATION_REQUIRED,ISOLATION_DEFAULT
16:39:04.692 [main] DEBUG org.springframework.orm.jpa.JpaTransactionManager - Opened new EntityManager [SessionImpl(PersistenceContext[entityKeys=[],collectionKeys=[]];ActionQueue[insertions=ExecutableList{size=0} updates=ExecutableList{size=0} deletions=ExecutableList{size=0} orphanRemovals=ExecutableList{size=0} collectionCreations=ExecutableList{size=0} collectionRemovals=ExecutableList{size=0} collectionUpdates=ExecutableList{size=0} collectionQueuedOps=ExecutableList{size=0} unresolvedInsertDependencies=null])] for JPA transaction
16:39:04.692 [main] DEBUG org.hibernate.engine.transaction.internal.TransactionImpl - begin
16:39:04.692 [main] DEBUG org.springframework.jdbc.datasource.DriverManagerDataSource - Creating new JDBC DriverManager Connection to [jdbc:mysql://localhost:3306/testcraftcore?useSSL=false&useTimezone=true&serverTimezone=UTC]
16:39:04.697 [main] DEBUG org.springframework.orm.jpa.JpaTransactionManager - Exposing JPA transaction as JDBC [org.springframework.orm.jpa.vendor.HibernateJpaDialect$HibernateConnectionHandle@674da77b]
16:39:04.697 [main] DEBUG org.hibernate.query.criteria.internal.CriteriaQueryImpl - Rendered criteria query -> select generatedAlias0 from Client as generatedAlias0
16:39:04.699 [main] DEBUG org.hibernate.SQL - select client0_.idclient as idclient1_0_, client0_.emailclient as emailcli2_0_, client0_.nameclient as nameclie3_0_ from client client0_
16:39:04.701 [main] DEBUG org.springframework.orm.jpa.JpaTransactionManager - Initiating transaction commit
16:39:04.701 [main] DEBUG org.springframework.orm.jpa.JpaTransactionManager - Committing JPA transaction on EntityManager [SessionImpl(PersistenceContext[entityKeys=[],collectionKeys=[]];ActionQueue[insertions=ExecutableList{size=0} updates=ExecutableList{size=0} deletions=ExecutableList{size=0} orphanRemovals=ExecutableList{size=0} collectionCreations=ExecutableList{size=0} collectionRemovals=ExecutableList{size=0} collectionUpdates=ExecutableList{size=0} collectionQueuedOps=ExecutableList{size=0} unresolvedInsertDependencies=null])]
16:39:04.701 [main] DEBUG org.hibernate.engine.transaction.internal.TransactionImpl - committing
16:39:04.703 [main] DEBUG org.springframework.orm.jpa.JpaTransactionManager - Closing JPA EntityManager [SessionImpl(PersistenceContext[entityKeys=[],collectionKeys=[]];ActionQueue[insertions=ExecutableList{size=0} updates=ExecutableList{size=0} deletions=ExecutableList{size=0} orphanRemovals=ExecutableList{size=0} collectionCreations=ExecutableList{size=0} collectionRemovals=ExecutableList{size=0} collectionUpdates=ExecutableList{size=0} collectionQueuedOps=ExecutableList{size=0} unresolvedInsertDependencies=null])] after transaction
16:39:04.704 [main] DEBUG org.springframework.orm.jpa.JpaTransactionManager - Creating new transaction with name [org.springframework.data.jpa.repository.support.SimpleJpaRepository.save]: PROPAGATION_REQUIRED,ISOLATION_DEFAULT
16:39:04.704 [main] DEBUG org.springframework.orm.jpa.JpaTransactionManager - Opened new EntityManager [SessionImpl(PersistenceContext[entityKeys=[],collectionKeys=[]];ActionQueue[insertions=ExecutableList{size=0} updates=ExecutableList{size=0} deletions=ExecutableList{size=0} orphanRemovals=ExecutableList{size=0} collectionCreations=ExecutableList{size=0} collectionRemovals=ExecutableList{size=0} collectionUpdates=ExecutableList{size=0} collectionQueuedOps=ExecutableList{size=0} unresolvedInsertDependencies=null])] for JPA transaction
16:39:04.704 [main] DEBUG org.hibernate.engine.transaction.internal.TransactionImpl - begin
16:39:04.704 [main] DEBUG org.springframework.jdbc.datasource.DriverManagerDataSource - Creating new JDBC DriverManager Connection to [jdbc:mysql://localhost:3306/testcraftcore?useSSL=false&useTimezone=true&serverTimezone=UTC]
16:39:04.709 [main] DEBUG org.springframework.orm.jpa.JpaTransactionManager - Exposing JPA transaction as JDBC [org.springframework.orm.jpa.vendor.HibernateJpaDialect$HibernateConnectionHandle@5e9bbd9d]
16:39:04.709 [main] DEBUG org.hibernate.engine.spi.ActionQueue - Executing identity-insert immediately
16:39:04.709 [main] DEBUG org.hibernate.SQL - insert into client (emailclient, nameclient) values (?, ?)
16:39:04.711 [main] DEBUG org.hibernate.id.IdentifierGeneratorHelper - Natively generated identity: 135
16:39:04.711 [main] DEBUG org.hibernate.resource.jdbc.internal.ResourceRegistryStandardImpl - HHH000387: ResultSet's statement was not registered
16:39:04.711 [main] DEBUG org.springframework.orm.jpa.JpaTransactionManager - Initiating transaction commit
16:39:04.711 [main] DEBUG org.springframework.orm.jpa.JpaTransactionManager - Committing JPA transaction on EntityManager [SessionImpl(PersistenceContext[entityKeys=[EntityKey[com.joseph.entity.Client#135]],collectionKeys=[]];ActionQueue[insertions=ExecutableList{size=0} updates=ExecutableList{size=0} deletions=ExecutableList{size=0} orphanRemovals=ExecutableList{size=0} collectionCreations=ExecutableList{size=0} collectionRemovals=ExecutableList{size=0} collectionUpdates=ExecutableList{size=0} collectionQueuedOps=ExecutableList{size=0} unresolvedInsertDependencies=null])]
16:39:04.711 [main] DEBUG org.hibernate.engine.transaction.internal.TransactionImpl - committing
16:39:04.711 [main] DEBUG org.hibernate.event.internal.AbstractFlushingEventListener - Processing flush-time cascades
16:39:04.711 [main] DEBUG org.hibernate.event.internal.AbstractFlushingEventListener - Dirty checking collections
16:39:04.711 [main] DEBUG org.hibernate.engine.internal.Collections - Collection found: [com.joseph.entity.Client.orders#135], was: [<unreferenced>] (initialized)
16:39:04.711 [main] DEBUG org.hibernate.event.internal.AbstractFlushingEventListener - Flushed: 0 insertions, 0 updates, 0 deletions to 1 objects
16:39:04.711 [main] DEBUG org.hibernate.event.internal.AbstractFlushingEventListener - Flushed: 1 (re)creations, 0 updates, 0 removals to 1 collections
16:39:04.711 [main] DEBUG org.hibernate.internal.util.EntityPrinter - Listing entities:
16:39:04.712 [main] DEBUG org.hibernate.internal.util.EntityPrinter - com.joseph.entity.Client{nameclient=null, emailclient=null, orders=[], idclient=135}
16:39:04.712 [main] DEBUG org.springframework.orm.jpa.JpaTransactionManager - Closing JPA EntityManager [SessionImpl(PersistenceContext[entityKeys=[EntityKey[com.joseph.entity.Client#135]],collectionKeys=[CollectionKey[com.joseph.entity.Client.orders#135]]];ActionQueue[insertions=ExecutableList{size=0} updates=ExecutableList{size=0} deletions=ExecutableList{size=0} orphanRemovals=ExecutableList{size=0} collectionCreations=ExecutableList{size=0} collectionRemovals=ExecutableList{size=0} collectionUpdates=ExecutableList{size=0} collectionQueuedOps=ExecutableList{size=0} unresolvedInsertDependencies=null])] after transaction
16:39:04.713 [main] DEBUG org.springframework.data.repository.core.support.TransactionalRepositoryProxyPostProcessor$CustomAnnotationTransactionAttributeSource - Adding transactional method 'save' with attribute: PROPAGATION_REQUIRED,ISOLATION_DEFAULT
16:39:04.714 [main] DEBUG org.springframework.orm.jpa.JpaTransactionManager - Creating new transaction with name [org.springframework.data.jpa.repository.support.SimpleJpaRepository.save]: PROPAGATION_REQUIRED,ISOLATION_DEFAULT
16:39:04.714 [main] DEBUG org.springframework.orm.jpa.JpaTransactionManager - Opened new EntityManager [SessionImpl(PersistenceContext[entityKeys=[],collectionKeys=[]];ActionQueue[insertions=ExecutableList{size=0} updates=ExecutableList{size=0} deletions=ExecutableList{size=0} orphanRemovals=ExecutableList{size=0} collectionCreations=ExecutableList{size=0} collectionRemovals=ExecutableList{size=0} collectionUpdates=ExecutableList{size=0} collectionQueuedOps=ExecutableList{size=0} unresolvedInsertDependencies=null])] for JPA transaction
16:39:04.714 [main] DEBUG org.hibernate.engine.transaction.internal.TransactionImpl - begin
16:39:04.714 [main] DEBUG org.springframework.jdbc.datasource.DriverManagerDataSource - Creating new JDBC DriverManager Connection to [jdbc:mysql://localhost:3306/testcraftcore?useSSL=false&useTimezone=true&serverTimezone=UTC]
16:39:04.719 [main] DEBUG org.springframework.orm.jpa.JpaTransactionManager - Exposing JPA transaction as JDBC [org.springframework.orm.jpa.vendor.HibernateJpaDialect$HibernateConnectionHandle@2de6f1bc]
16:39:04.721 [main] DEBUG org.hibernate.engine.spi.ActionQueue - Executing identity-insert immediately
16:39:04.721 [main] DEBUG org.hibernate.SQL - insert into order_table (idclient, dateorder, statusorder, totalorder) values (?, ?, ?, ?)
16:39:04.729 [main] DEBUG org.hibernate.id.IdentifierGeneratorHelper - Natively generated identity: 89
16:39:04.729 [main] DEBUG org.hibernate.resource.jdbc.internal.ResourceRegistryStandardImpl - HHH000387: ResultSet's statement was not registered
16:39:04.730 [main] DEBUG org.springframework.orm.jpa.JpaTransactionManager - Initiating transaction commit
16:39:04.730 [main] DEBUG org.springframework.orm.jpa.JpaTransactionManager - Committing JPA transaction on EntityManager [SessionImpl(PersistenceContext[entityKeys=[EntityKey[com.joseph.entity.Order#89]],collectionKeys=[]];ActionQueue[insertions=ExecutableList{size=0} updates=ExecutableList{size=0} deletions=ExecutableList{size=0} orphanRemovals=ExecutableList{size=0} collectionCreations=ExecutableList{size=0} collectionRemovals=ExecutableList{size=0} collectionUpdates=ExecutableList{size=0} collectionQueuedOps=ExecutableList{size=0} unresolvedInsertDependencies=null])]
16:39:04.730 [main] DEBUG org.hibernate.engine.transaction.internal.TransactionImpl - committing
16:39:04.730 [main] DEBUG org.hibernate.event.internal.AbstractFlushingEventListener - Processing flush-time cascades
16:39:04.730 [main] DEBUG org.hibernate.event.internal.AbstractFlushingEventListener - Dirty checking collections
16:39:04.730 [main] DEBUG org.hibernate.engine.internal.Collections - Collection found: [com.joseph.entity.Order.orderItems#89], was: [<unreferenced>] (initialized)
16:39:04.730 [main] DEBUG org.hibernate.event.internal.AbstractFlushingEventListener - Flushed: 0 insertions, 0 updates, 0 deletions to 1 objects
16:39:04.730 [main] DEBUG org.hibernate.event.internal.AbstractFlushingEventListener - Flushed: 1 (re)creations, 0 updates, 0 removals to 1 collections
16:39:04.730 [main] DEBUG org.hibernate.internal.util.EntityPrinter - Listing entities:
16:39:04.731 [main] DEBUG org.hibernate.internal.util.EntityPrinter - com.joseph.entity.Order{idorder=89, client=com.joseph.entity.Client#135, dateorder=2024-01-04, orderItems=[], statusorder=INPROGRESS, totalorder=300.0}
16:39:04.731 [main] DEBUG org.springframework.orm.jpa.JpaTransactionManager - Closing JPA EntityManager [SessionImpl(PersistenceContext[entityKeys=[EntityKey[com.joseph.entity.Order#89]],collectionKeys=[CollectionKey[com.joseph.entity.Order.orderItems#89]]];ActionQueue[insertions=ExecutableList{size=0} updates=ExecutableList{size=0} deletions=ExecutableList{size=0} orphanRemovals=ExecutableList{size=0} collectionCreations=ExecutableList{size=0} collectionRemovals=ExecutableList{size=0} collectionUpdates=ExecutableList{size=0} collectionQueuedOps=ExecutableList{size=0} unresolvedInsertDependencies=null])] after transaction
16:39:04.732 [main] DEBUG org.springframework.orm.jpa.JpaTransactionManager - Creating new transaction with name [org.springframework.data.jpa.repository.support.SimpleJpaRepository.save]: PROPAGATION_REQUIRED,ISOLATION_DEFAULT
16:39:04.733 [main] DEBUG org.springframework.orm.jpa.JpaTransactionManager - Opened new EntityManager [SessionImpl(PersistenceContext[entityKeys=[],collectionKeys=[]];ActionQueue[insertions=ExecutableList{size=0} updates=ExecutableList{size=0} deletions=ExecutableList{size=0} orphanRemovals=ExecutableList{size=0} collectionCreations=ExecutableList{size=0} collectionRemovals=ExecutableList{size=0} collectionUpdates=ExecutableList{size=0} collectionQueuedOps=ExecutableList{size=0} unresolvedInsertDependencies=null])] for JPA transaction
16:39:04.733 [main] DEBUG org.hibernate.engine.transaction.internal.TransactionImpl - begin
16:39:04.733 [main] DEBUG org.springframework.jdbc.datasource.DriverManagerDataSource - Creating new JDBC DriverManager Connection to [jdbc:mysql://localhost:3306/testcraftcore?useSSL=false&useTimezone=true&serverTimezone=UTC]
16:39:04.739 [main] DEBUG org.springframework.orm.jpa.JpaTransactionManager - Exposing JPA transaction as JDBC [org.springframework.orm.jpa.vendor.HibernateJpaDialect$HibernateConnectionHandle@4e80a001]
16:39:04.740 [main] DEBUG org.hibernate.engine.spi.ActionQueue - Executing identity-insert immediately
16:39:04.740 [main] DEBUG org.hibernate.SQL - insert into order_table (idclient, dateorder, statusorder, totalorder) values (?, ?, ?, ?)
16:39:04.742 [main] DEBUG org.hibernate.id.IdentifierGeneratorHelper - Natively generated identity: 90
16:39:04.742 [main] DEBUG org.hibernate.resource.jdbc.internal.ResourceRegistryStandardImpl - HHH000387: ResultSet's statement was not registered
16:39:04.743 [main] DEBUG org.springframework.orm.jpa.JpaTransactionManager - Initiating transaction commit
16:39:04.743 [main] DEBUG org.springframework.orm.jpa.JpaTransactionManager - Committing JPA transaction on EntityManager [SessionImpl(PersistenceContext[entityKeys=[EntityKey[com.joseph.entity.Order#90]],collectionKeys=[]];ActionQueue[insertions=ExecutableList{size=0} updates=ExecutableList{size=0} deletions=ExecutableList{size=0} orphanRemovals=ExecutableList{size=0} collectionCreations=ExecutableList{size=0} collectionRemovals=ExecutableList{size=0} collectionUpdates=ExecutableList{size=0} collectionQueuedOps=ExecutableList{size=0} unresolvedInsertDependencies=null])]
16:39:04.743 [main] DEBUG org.hibernate.engine.transaction.internal.TransactionImpl - committing
16:39:04.743 [main] DEBUG org.hibernate.event.internal.AbstractFlushingEventListener - Processing flush-time cascades
16:39:04.743 [main] DEBUG org.hibernate.event.internal.AbstractFlushingEventListener - Dirty checking collections
16:39:04.743 [main] DEBUG org.hibernate.engine.internal.Collections - Collection found: [com.joseph.entity.Order.orderItems#90], was: [<unreferenced>] (initialized)
16:39:04.743 [main] DEBUG org.hibernate.event.internal.AbstractFlushingEventListener - Flushed: 0 insertions, 0 updates, 0 deletions to 1 objects
16:39:04.743 [main] DEBUG org.hibernate.event.internal.AbstractFlushingEventListener - Flushed: 1 (re)creations, 0 updates, 0 removals to 1 collections
16:39:04.743 [main] DEBUG org.hibernate.internal.util.EntityPrinter - Listing entities:
16:39:04.743 [main] DEBUG org.hibernate.internal.util.EntityPrinter - com.joseph.entity.Order{idorder=90, client=com.joseph.entity.Client#135, dateorder=2024-01-04, orderItems=[], statusorder=INPROGRESS, totalorder=300.0}
16:39:04.744 [main] DEBUG org.springframework.orm.jpa.JpaTransactionManager - Closing JPA EntityManager [SessionImpl(PersistenceContext[entityKeys=[EntityKey[com.joseph.entity.Order#90]],collectionKeys=[CollectionKey[com.joseph.entity.Order.orderItems#90]]];ActionQueue[insertions=ExecutableList{size=0} updates=ExecutableList{size=0} deletions=ExecutableList{size=0} orphanRemovals=ExecutableList{size=0} collectionCreations=ExecutableList{size=0} collectionRemovals=ExecutableList{size=0} collectionUpdates=ExecutableList{size=0} collectionQueuedOps=ExecutableList{size=0} unresolvedInsertDependencies=null])] after transaction
16:39:04.744 [main] DEBUG org.springframework.orm.jpa.JpaTransactionManager - Creating new transaction with name [org.springframework.data.jpa.repository.support.SimpleJpaRepository.save]: PROPAGATION_REQUIRED,ISOLATION_DEFAULT
16:39:04.748 [main] DEBUG org.springframework.orm.jpa.JpaTransactionManager - Opened new EntityManager [SessionImpl(PersistenceContext[entityKeys=[],collectionKeys=[]];ActionQueue[insertions=ExecutableList{size=0} updates=ExecutableList{size=0} deletions=ExecutableList{size=0} orphanRemovals=ExecutableList{size=0} collectionCreations=ExecutableList{size=0} collectionRemovals=ExecutableList{size=0} collectionUpdates=ExecutableList{size=0} collectionQueuedOps=ExecutableList{size=0} unresolvedInsertDependencies=null])] for JPA transaction
16:39:04.748 [main] DEBUG org.hibernate.engine.transaction.internal.TransactionImpl - begin
16:39:04.748 [main] DEBUG org.springframework.jdbc.datasource.DriverManagerDataSource - Creating new JDBC DriverManager Connection to [jdbc:mysql://localhost:3306/testcraftcore?useSSL=false&useTimezone=true&serverTimezone=UTC]
16:39:04.756 [main] DEBUG org.springframework.orm.jpa.JpaTransactionManager - Exposing JPA transaction as JDBC [org.springframework.orm.jpa.vendor.HibernateJpaDialect$HibernateConnectionHandle@1d15c0a1]
16:39:04.756 [main] DEBUG org.hibernate.engine.spi.ActionQueue - Executing identity-insert immediately
16:39:04.756 [main] DEBUG org.hibernate.SQL - insert into order_table (idclient, dateorder, statusorder, totalorder) values (?, ?, ?, ?)
16:39:04.759 [main] DEBUG org.hibernate.id.IdentifierGeneratorHelper - Natively generated identity: 91
16:39:04.759 [main] DEBUG org.hibernate.resource.jdbc.internal.ResourceRegistryStandardImpl - HHH000387: ResultSet's statement was not registered
16:39:04.759 [main] DEBUG org.springframework.orm.jpa.JpaTransactionManager - Initiating transaction commit
16:39:04.759 [main] DEBUG org.springframework.orm.jpa.JpaTransactionManager - Committing JPA transaction on EntityManager [SessionImpl(PersistenceContext[entityKeys=[EntityKey[com.joseph.entity.Order#91]],collectionKeys=[]];ActionQueue[insertions=ExecutableList{size=0} updates=ExecutableList{size=0} deletions=ExecutableList{size=0} orphanRemovals=ExecutableList{size=0} collectionCreations=ExecutableList{size=0} collectionRemovals=ExecutableList{size=0} collectionUpdates=ExecutableList{size=0} collectionQueuedOps=ExecutableList{size=0} unresolvedInsertDependencies=null])]
16:39:04.759 [main] DEBUG org.hibernate.engine.transaction.internal.TransactionImpl - committing
16:39:04.759 [main] DEBUG org.hibernate.event.internal.AbstractFlushingEventListener - Processing flush-time cascades
16:39:04.759 [main] DEBUG org.hibernate.event.internal.AbstractFlushingEventListener - Dirty checking collections
16:39:04.759 [main] DEBUG org.hibernate.engine.internal.Collections - Collection found: [com.joseph.entity.Order.orderItems#91], was: [<unreferenced>] (initialized)
16:39:04.760 [main] DEBUG org.hibernate.event.internal.AbstractFlushingEventListener - Flushed: 0 insertions, 0 updates, 0 deletions to 1 objects
16:39:04.760 [main] DEBUG org.hibernate.event.internal.AbstractFlushingEventListener - Flushed: 1 (re)creations, 0 updates, 0 removals to 1 collections
16:39:04.760 [main] DEBUG org.hibernate.internal.util.EntityPrinter - Listing entities:
16:39:04.760 [main] DEBUG org.hibernate.internal.util.EntityPrinter - com.joseph.entity.Order{idorder=91, client=com.joseph.entity.Client#135, dateorder=2024-01-04, orderItems=[], statusorder=INPROGRESS, totalorder=300.0}
16:39:04.760 [main] DEBUG org.springframework.orm.jpa.JpaTransactionManager - Closing JPA EntityManager [SessionImpl(PersistenceContext[entityKeys=[EntityKey[com.joseph.entity.Order#91]],collectionKeys=[CollectionKey[com.joseph.entity.Order.orderItems#91]]];ActionQueue[insertions=ExecutableList{size=0} updates=ExecutableList{size=0} deletions=ExecutableList{size=0} orphanRemovals=ExecutableList{size=0} collectionCreations=ExecutableList{size=0} collectionRemovals=ExecutableList{size=0} collectionUpdates=ExecutableList{size=0} collectionQueuedOps=ExecutableList{size=0} unresolvedInsertDependencies=null])] after transaction
16:39:04.761 [main] DEBUG org.springframework.test.context.cache.DefaultCacheAwareContextLoaderDelegate - Retrieved ApplicationContext [270056930] from cache with key [[MergedContextConfiguration@4e375bba testClass = OrderServiceImplTest, locations = '{}', classes = '{class com.joseph.config.PersistenceJPAConfig}', contextInitializerClasses = '[]', activeProfiles = '{}', propertySourceLocations = '{}', propertySourceProperties = '{}', contextCustomizers = set[[empty]], contextLoader = 'org.springframework.test.context.support.DelegatingSmartContextLoader', parent = [null]]]
16:39:04.761 [main] DEBUG org.springframework.test.context.cache - Spring test ApplicationContext cache statistics: [DefaultContextCache@65bb6275 size = 1, maxSize = 32, parentContextCount = 0, hitCount = 59, missCount = 1]
16:39:04.761 [main] DEBUG org.springframework.orm.jpa.JpaTransactionManager - Creating new transaction with name [com.joseph.service.Impl.OrderServiceImpl.getOrders]: PROPAGATION_REQUIRED,ISOLATION_DEFAULT
16:39:04.762 [main] DEBUG org.springframework.orm.jpa.JpaTransactionManager - Opened new EntityManager [SessionImpl(PersistenceContext[entityKeys=[],collectionKeys=[]];ActionQueue[insertions=ExecutableList{size=0} updates=ExecutableList{size=0} deletions=ExecutableList{size=0} orphanRemovals=ExecutableList{size=0} collectionCreations=ExecutableList{size=0} collectionRemovals=ExecutableList{size=0} collectionUpdates=ExecutableList{size=0} collectionQueuedOps=ExecutableList{size=0} unresolvedInsertDependencies=null])] for JPA transaction
16:39:04.762 [main] DEBUG org.hibernate.engine.transaction.internal.TransactionImpl - begin
16:39:04.762 [main] DEBUG org.springframework.jdbc.datasource.DriverManagerDataSource - Creating new JDBC DriverManager Connection to [jdbc:mysql://localhost:3306/testcraftcore?useSSL=false&useTimezone=true&serverTimezone=UTC]
16:39:04.766 [main] DEBUG org.springframework.orm.jpa.JpaTransactionManager - Exposing JPA transaction as JDBC [org.springframework.orm.jpa.vendor.HibernateJpaDialect$HibernateConnectionHandle@4d98e41b]
16:39:04.775 [main] DEBUG org.springframework.data.repository.core.support.TransactionalRepositoryProxyPostProcessor$CustomAnnotationTransactionAttributeSource - Adding transactional method 'findAll' with attribute: PROPAGATION_REQUIRED,ISOLATION_DEFAULT,readOnly
16:39:04.775 [main] DEBUG org.springframework.orm.jpa.JpaTransactionManager - Found thread-bound EntityManager [SessionImpl(PersistenceContext[entityKeys=[],collectionKeys=[]];ActionQueue[insertions=ExecutableList{size=0} updates=ExecutableList{size=0} deletions=ExecutableList{size=0} orphanRemovals=ExecutableList{size=0} collectionCreations=ExecutableList{size=0} collectionRemovals=ExecutableList{size=0} collectionUpdates=ExecutableList{size=0} collectionQueuedOps=ExecutableList{size=0} unresolvedInsertDependencies=null])] for JPA transaction
16:39:04.775 [main] DEBUG org.springframework.orm.jpa.JpaTransactionManager - Participating in existing transaction
16:39:04.776 [main] DEBUG org.hibernate.query.criteria.internal.CriteriaQueryImpl - Rendered criteria query -> select generatedAlias0 from Order as generatedAlias0
16:39:04.776 [main] DEBUG org.hibernate.hql.internal.ast.QueryTranslatorImpl - parse() - HQL: select generatedAlias0 from com.joseph.entity.Order as generatedAlias0
16:39:04.776 [main] DEBUG org.hibernate.hql.internal.ast.HqlParser - weakKeywords() : new LT(1) token - ["Order",<108> previously: <41>,line=1,col=47,possibleID=true]
16:39:04.776 [main] DEBUG org.hibernate.hql.internal.ast.ErrorCounter - throwQueryException() : no errors
16:39:04.776 [main] DEBUG org.hibernate.hql.internal.ast.QueryTranslatorImpl - --- HQL AST ---
 \-[QUERY] Node: 'query'
    \-[SELECT_FROM] Node: 'SELECT_FROM'
       +-[FROM] Node: 'from'
       |  \-[RANGE] Node: 'RANGE'
       |     +-[DOT] Node: '.'
       |     |  +-[DOT] Node: '.'
       |     |  |  +-[DOT] Node: '.'
       |     |  |  |  +-[IDENT] Node: 'com'
       |     |  |  |  \-[IDENT] Node: 'joseph'
       |     |  |  \-[IDENT] Node: 'entity'
       |     |  \-[IDENT] Node: 'Order'
       |     \-[ALIAS] Node: 'generatedAlias0'
       \-[SELECT] Node: 'select'
          \-[IDENT] Node: 'generatedAlias0'

16:39:04.778 [main] DEBUG org.hibernate.hql.internal.antlr.HqlSqlBaseWalker - select << begin [level=1, statement=select]
16:39:04.778 [main] DEBUG org.hibernate.hql.internal.ast.tree.FromElement - FromClause{level=1} : com.joseph.entity.Order (generatedAlias0) -> order0_
16:39:04.778 [main] DEBUG org.hibernate.hql.internal.ast.tree.FromReferenceNode - Resolved : generatedAlias0 -> order0_.idorder
16:39:04.778 [main] DEBUG org.hibernate.hql.internal.antlr.HqlSqlBaseWalker - select : finishing up [level=1, statement=select]
16:39:04.778 [main] DEBUG org.hibernate.hql.internal.ast.HqlSqlWalker - processQuery() :  ( SELECT ( {select clause} order0_.idorder ) ( FromClause{level=1} order_table order0_ ) )
16:39:04.778 [main] DEBUG org.hibernate.hql.internal.ast.util.JoinProcessor - Using FROM fragment [order_table order0_]
16:39:04.778 [main] DEBUG org.hibernate.hql.internal.antlr.HqlSqlBaseWalker - select >> end [level=1, statement=select]
16:39:04.778 [main] DEBUG org.hibernate.hql.internal.ast.QueryTranslatorImpl - --- SQL AST ---
 \-[SELECT] QueryNode: 'SELECT'  querySpaces (order_table)
    +-[SELECT_CLAUSE] SelectClause: '{select clause}'
    |  +-[ALIAS_REF] IdentNode: 'order0_.idorder as idorder1_1_' {alias=generatedAlias0, className=com.joseph.entity.Order, tableAlias=order0_}
    |  \-[SQL_TOKEN] SqlFragment: 'order0_.idclient as idclient5_1_, order0_.dateorder as dateorde2_1_, order0_.statusorder as statusor3_1_, order0_.totalorder as totalord4_1_'
    \-[FROM] FromClause: 'from' FromClause{level=1, fromElementCounter=1, fromElements=1, fromElementByClassAlias=[generatedAlias0], fromElementByTableAlias=[order0_], fromElementsByPath=[], collectionJoinFromElementsByPath=[], impliedElements=[]}
       \-[FROM_FRAGMENT] FromElement: 'order_table order0_' FromElement{explicit,not a collection join,not a fetch join,fetch non-lazy properties,classAlias=generatedAlias0,role=null,tableName=order_table,tableAlias=order0_,origin=null,columns={,className=com.joseph.entity.Order}}

16:39:04.778 [main] DEBUG org.hibernate.hql.internal.ast.ErrorCounter - throwQueryException() : no errors
16:39:04.778 [main] DEBUG org.hibernate.hql.internal.ast.QueryTranslatorImpl - HQL: select generatedAlias0 from com.joseph.entity.Order as generatedAlias0
16:39:04.778 [main] DEBUG org.hibernate.hql.internal.ast.QueryTranslatorImpl - SQL: select order0_.idorder as idorder1_1_, order0_.idclient as idclient5_1_, order0_.dateorder as dateorde2_1_, order0_.statusorder as statusor3_1_, order0_.totalorder as totalord4_1_ from order_table order0_
16:39:04.778 [main] DEBUG org.hibernate.hql.internal.ast.ErrorCounter - throwQueryException() : no errors
16:39:04.779 [main] DEBUG org.hibernate.SQL - select order0_.idorder as idorder1_1_, order0_.idclient as idclient5_1_, order0_.dateorder as dateorde2_1_, order0_.statusorder as statusor3_1_, order0_.totalorder as totalord4_1_ from order_table order0_
16:39:04.781 [main] DEBUG org.hibernate.loader.Loader - Result set row: 0
16:39:04.781 [main] DEBUG org.hibernate.loader.Loader - Result row: EntityKey[com.joseph.entity.Order#89]
16:39:04.786 [main] DEBUG org.hibernate.loader.Loader - Result set row: 1
16:39:04.786 [main] DEBUG org.hibernate.loader.Loader - Result row: EntityKey[com.joseph.entity.Order#90]
16:39:04.787 [main] DEBUG org.hibernate.loader.Loader - Result set row: 2
16:39:04.787 [main] DEBUG org.hibernate.loader.Loader - Result row: EntityKey[com.joseph.entity.Order#91]
16:39:04.787 [main] DEBUG org.hibernate.engine.internal.TwoPhaseLoad - Resolving associations for [com.joseph.entity.Order#89]
16:39:04.787 [main] DEBUG org.hibernate.SQL - select client0_.idclient as idclient1_0_0_, client0_.emailclient as emailcli2_0_0_, client0_.nameclient as nameclie3_0_0_ from client client0_ where client0_.idclient=?
16:39:04.789 [main] DEBUG org.hibernate.loader.plan.exec.process.internal.ResultSetProcessorImpl - Starting ResultSet row #0
16:39:04.790 [main] DEBUG org.hibernate.loader.plan.exec.process.internal.EntityReferenceInitializerImpl - On call to EntityIdentifierReaderImpl#resolve, EntityKey was already known; should only happen on root returns with an optional identifier specified
16:39:04.791 [main] DEBUG org.hibernate.engine.internal.TwoPhaseLoad - Resolving associations for [com.joseph.entity.Client#135]
16:39:04.791 [main] DEBUG org.hibernate.engine.internal.TwoPhaseLoad - Done materializing entity [com.joseph.entity.Client#135]
16:39:04.791 [main] DEBUG org.hibernate.resource.jdbc.internal.ResourceRegistryStandardImpl - HHH000387: ResultSet's statement was not registered
16:39:04.791 [main] DEBUG org.hibernate.loader.entity.plan.AbstractLoadPlanBasedEntityLoader - Done entity load : com.joseph.entity.Client#135
16:39:04.791 [main] DEBUG org.hibernate.engine.internal.TwoPhaseLoad - Done materializing entity [com.joseph.entity.Order#89]
16:39:04.791 [main] DEBUG org.hibernate.engine.internal.TwoPhaseLoad - Resolving associations for [com.joseph.entity.Order#90]
16:39:04.791 [main] DEBUG org.hibernate.engine.internal.TwoPhaseLoad - Done materializing entity [com.joseph.entity.Order#90]
16:39:04.791 [main] DEBUG org.hibernate.engine.internal.TwoPhaseLoad - Resolving associations for [com.joseph.entity.Order#91]
16:39:04.792 [main] DEBUG org.hibernate.engine.internal.TwoPhaseLoad - Done materializing entity [com.joseph.entity.Order#91]
16:39:04.792 [main] DEBUG org.springframework.orm.jpa.JpaTransactionManager - Initiating transaction commit
16:39:04.792 [main] DEBUG org.springframework.orm.jpa.JpaTransactionManager - Committing JPA transaction on EntityManager [SessionImpl(PersistenceContext[entityKeys=[EntityKey[com.joseph.entity.Order#91], EntityKey[com.joseph.entity.Order#90], EntityKey[com.joseph.entity.Client#135], EntityKey[com.joseph.entity.Order#89]],collectionKeys=[CollectionKey[com.joseph.entity.Order.orderItems#91], CollectionKey[com.joseph.entity.Order.orderItems#90], CollectionKey[com.joseph.entity.Order.orderItems#89], CollectionKey[com.joseph.entity.Client.orders#135]]];ActionQueue[insertions=ExecutableList{size=0} updates=ExecutableList{size=0} deletions=ExecutableList{size=0} orphanRemovals=ExecutableList{size=0} collectionCreations=ExecutableList{size=0} collectionRemovals=ExecutableList{size=0} collectionUpdates=ExecutableList{size=0} collectionQueuedOps=ExecutableList{size=0} unresolvedInsertDependencies=null])]
16:39:04.792 [main] DEBUG org.hibernate.engine.transaction.internal.TransactionImpl - committing
16:39:04.792 [main] DEBUG org.hibernate.event.internal.AbstractFlushingEventListener - Processing flush-time cascades
16:39:04.792 [main] DEBUG org.hibernate.event.internal.AbstractFlushingEventListener - Dirty checking collections
16:39:04.792 [main] DEBUG org.hibernate.engine.internal.Collections - Collection found: [com.joseph.entity.Order.orderItems#89], was: [com.joseph.entity.Order.orderItems#89] (uninitialized)
16:39:04.792 [main] DEBUG org.hibernate.engine.internal.Collections - Collection found: [com.joseph.entity.Order.orderItems#90], was: [com.joseph.entity.Order.orderItems#90] (uninitialized)
16:39:04.792 [main] DEBUG org.hibernate.engine.internal.Collections - Collection found: [com.joseph.entity.Order.orderItems#91], was: [com.joseph.entity.Order.orderItems#91] (uninitialized)
16:39:04.792 [main] DEBUG org.hibernate.engine.internal.Collections - Collection found: [com.joseph.entity.Client.orders#135], was: [com.joseph.entity.Client.orders#135] (uninitialized)
16:39:04.792 [main] DEBUG org.hibernate.event.internal.AbstractFlushingEventListener - Flushed: 0 insertions, 0 updates, 0 deletions to 4 objects
16:39:04.793 [main] DEBUG org.hibernate.event.internal.AbstractFlushingEventListener - Flushed: 0 (re)creations, 0 updates, 0 removals to 4 collections
16:39:04.793 [main] DEBUG org.hibernate.internal.util.EntityPrinter - Listing entities:
16:39:04.793 [main] DEBUG org.hibernate.internal.util.EntityPrinter - com.joseph.entity.Order{idorder=91, client=com.joseph.entity.Client#135, dateorder=2024-01-04, orderItems=<uninitialized>, statusorder=INPROGRESS, totalorder=300.0}
16:39:04.793 [main] DEBUG org.hibernate.internal.util.EntityPrinter - com.joseph.entity.Order{idorder=90, client=com.joseph.entity.Client#135, dateorder=2024-01-04, orderItems=<uninitialized>, statusorder=INPROGRESS, totalorder=300.0}
16:39:04.793 [main] DEBUG org.hibernate.internal.util.EntityPrinter - com.joseph.entity.Client{nameclient=null, emailclient=null, orders=<uninitialized>, idclient=135}
16:39:04.793 [main] DEBUG org.hibernate.internal.util.EntityPrinter - com.joseph.entity.Order{idorder=89, client=com.joseph.entity.Client#135, dateorder=2024-01-04, orderItems=<uninitialized>, statusorder=INPROGRESS, totalorder=300.0}
16:39:04.793 [main] DEBUG org.springframework.orm.jpa.JpaTransactionManager - Closing JPA EntityManager [SessionImpl(PersistenceContext[entityKeys=[EntityKey[com.joseph.entity.Order#91], EntityKey[com.joseph.entity.Order#90], EntityKey[com.joseph.entity.Client#135], EntityKey[com.joseph.entity.Order#89]],collectionKeys=[CollectionKey[com.joseph.entity.Order.orderItems#91], CollectionKey[com.joseph.entity.Order.orderItems#90], CollectionKey[com.joseph.entity.Order.orderItems#89], CollectionKey[com.joseph.entity.Client.orders#135]]];ActionQueue[insertions=ExecutableList{size=0} updates=ExecutableList{size=0} deletions=ExecutableList{size=0} orphanRemovals=ExecutableList{size=0} collectionCreations=ExecutableList{size=0} collectionRemovals=ExecutableList{size=0} collectionUpdates=ExecutableList{size=0} collectionQueuedOps=ExecutableList{size=0} unresolvedInsertDependencies=null])] after transaction
16:39:04.795 [main] DEBUG org.springframework.test.context.cache.DefaultCacheAwareContextLoaderDelegate - Retrieved ApplicationContext [270056930] from cache with key [[MergedContextConfiguration@4e375bba testClass = OrderServiceImplTest, locations = '{}', classes = '{class com.joseph.config.PersistenceJPAConfig}', contextInitializerClasses = '[]', activeProfiles = '{}', propertySourceLocations = '{}', propertySourceProperties = '{}', contextCustomizers = set[[empty]], contextLoader = 'org.springframework.test.context.support.DelegatingSmartContextLoader', parent = [null]]]
16:39:04.796 [main] DEBUG org.springframework.test.context.cache - Spring test ApplicationContext cache statistics: [DefaultContextCache@65bb6275 size = 1, maxSize = 32, parentContextCount = 0, hitCount = 60, missCount = 1]
16:39:04.796 [main] DEBUG org.springframework.orm.jpa.JpaTransactionManager - Creating new transaction with name [org.springframework.data.jpa.repository.support.SimpleJpaRepository.deleteAll]: PROPAGATION_REQUIRED,ISOLATION_DEFAULT
16:39:04.796 [main] DEBUG org.springframework.orm.jpa.JpaTransactionManager - Opened new EntityManager [SessionImpl(PersistenceContext[entityKeys=[],collectionKeys=[]];ActionQueue[insertions=ExecutableList{size=0} updates=ExecutableList{size=0} deletions=ExecutableList{size=0} orphanRemovals=ExecutableList{size=0} collectionCreations=ExecutableList{size=0} collectionRemovals=ExecutableList{size=0} collectionUpdates=ExecutableList{size=0} collectionQueuedOps=ExecutableList{size=0} unresolvedInsertDependencies=null])] for JPA transaction
16:39:04.796 [main] DEBUG org.hibernate.engine.transaction.internal.TransactionImpl - begin
16:39:04.796 [main] DEBUG org.springframework.jdbc.datasource.DriverManagerDataSource - Creating new JDBC DriverManager Connection to [jdbc:mysql://localhost:3306/testcraftcore?useSSL=false&useTimezone=true&serverTimezone=UTC]
16:39:04.806 [main] DEBUG org.springframework.orm.jpa.JpaTransactionManager - Exposing JPA transaction as JDBC [org.springframework.orm.jpa.vendor.HibernateJpaDialect$HibernateConnectionHandle@415d88de]
16:39:04.806 [main] DEBUG org.hibernate.query.criteria.internal.CriteriaQueryImpl - Rendered criteria query -> select generatedAlias0 from Client as generatedAlias0
16:39:04.807 [main] DEBUG org.hibernate.SQL - select client0_.idclient as idclient1_0_, client0_.emailclient as emailcli2_0_, client0_.nameclient as nameclie3_0_ from client client0_
16:39:04.807 [main] DEBUG org.hibernate.loader.Loader - Result set row: 0
16:39:04.807 [main] DEBUG org.hibernate.loader.Loader - Result row: EntityKey[com.joseph.entity.Client#135]
16:39:04.809 [main] DEBUG org.hibernate.engine.internal.TwoPhaseLoad - Resolving associations for [com.joseph.entity.Client#135]
16:39:04.809 [main] DEBUG org.hibernate.engine.internal.TwoPhaseLoad - Done materializing entity [com.joseph.entity.Client#135]
16:39:04.809 [main] DEBUG org.hibernate.loader.collection.plan.AbstractLoadPlanBasedCollectionInitializer - Loading collection: [com.joseph.entity.Client.orders#135]
16:39:04.809 [main] DEBUG org.hibernate.SQL - select orders0_.idclient as idclient5_1_0_, orders0_.idorder as idorder1_1_0_, orders0_.idorder as idorder1_1_1_, orders0_.idclient as idclient5_1_1_, orders0_.dateorder as dateorde2_1_1_, orders0_.statusorder as statusor3_1_1_, orders0_.totalorder as totalord4_1_1_ from order_table orders0_ where orders0_.idclient=?
16:39:04.810 [main] DEBUG org.hibernate.loader.plan.exec.process.internal.ResultSetProcessorImpl - Preparing collection intializer : [com.joseph.entity.Client.orders#135]
16:39:04.811 [main] DEBUG org.hibernate.loader.plan.exec.process.internal.ResultSetProcessorImpl - Starting ResultSet row #0
16:39:04.811 [main] DEBUG org.hibernate.loader.plan.exec.process.internal.CollectionReferenceInitializerImpl - Found row of collection: [com.joseph.entity.Client.orders#135]
16:39:04.812 [main] DEBUG org.hibernate.loader.plan.exec.process.internal.ResultSetProcessorImpl - Starting ResultSet row #1
16:39:04.812 [main] DEBUG org.hibernate.loader.plan.exec.process.internal.CollectionReferenceInitializerImpl - Found row of collection: [com.joseph.entity.Client.orders#135]
16:39:04.812 [main] DEBUG org.hibernate.loader.plan.exec.process.internal.ResultSetProcessorImpl - Starting ResultSet row #2
16:39:04.812 [main] DEBUG org.hibernate.loader.plan.exec.process.internal.CollectionReferenceInitializerImpl - Found row of collection: [com.joseph.entity.Client.orders#135]
16:39:04.812 [main] DEBUG org.hibernate.engine.internal.TwoPhaseLoad - Resolving associations for [com.joseph.entity.Order#89]
16:39:04.813 [main] DEBUG org.hibernate.engine.internal.TwoPhaseLoad - Done materializing entity [com.joseph.entity.Order#89]
16:39:04.813 [main] DEBUG org.hibernate.engine.internal.TwoPhaseLoad - Resolving associations for [com.joseph.entity.Order#90]
16:39:04.813 [main] DEBUG org.hibernate.engine.internal.TwoPhaseLoad - Done materializing entity [com.joseph.entity.Order#90]
16:39:04.813 [main] DEBUG org.hibernate.engine.internal.TwoPhaseLoad - Resolving associations for [com.joseph.entity.Order#91]
16:39:04.813 [main] DEBUG org.hibernate.engine.internal.TwoPhaseLoad - Done materializing entity [com.joseph.entity.Order#91]
16:39:04.813 [main] DEBUG org.hibernate.engine.loading.internal.CollectionLoadContext - 1 collections were found in result set for role: com.joseph.entity.Client.orders
16:39:04.813 [main] DEBUG org.hibernate.engine.loading.internal.CollectionLoadContext - Collection fully initialized: [com.joseph.entity.Client.orders#135]
16:39:04.813 [main] DEBUG org.hibernate.engine.loading.internal.CollectionLoadContext - 1 collections initialized for role: com.joseph.entity.Client.orders
16:39:04.814 [main] DEBUG org.hibernate.resource.jdbc.internal.ResourceRegistryStandardImpl - HHH000387: ResultSet's statement was not registered
16:39:04.814 [main] DEBUG org.hibernate.loader.collection.plan.AbstractLoadPlanBasedCollectionInitializer - Done loading collection
16:39:04.814 [main] DEBUG org.hibernate.loader.collection.plan.AbstractLoadPlanBasedCollectionInitializer - Loading collection: [com.joseph.entity.Order.orderItems#89]
16:39:04.814 [main] DEBUG org.hibernate.SQL - select orderitems0_.idorder as idorder3_2_0_, orderitems0_.id as id1_2_0_, orderitems0_.id as id1_2_1_, orderitems0_.idorder as idorder3_2_1_, orderitems0_.idproduct as idproduc4_2_1_, orderitems0_.quantity as quantity2_2_1_, product1_.idproduct as idproduc1_3_2_, product1_.nameproduct as nameprod2_3_2_, product1_.priceproduct as pricepro3_3_2_, product1_.stockproduct as stockpro4_3_2_ from orderitems orderitems0_ left outer join Product product1_ on orderitems0_.idproduct=product1_.idproduct where orderitems0_.idorder=?
16:39:04.820 [main] DEBUG org.hibernate.loader.plan.exec.process.internal.ResultSetProcessorImpl - Preparing collection intializer : [com.joseph.entity.Order.orderItems#89]
16:39:04.820 [main] DEBUG org.hibernate.engine.loading.internal.CollectionLoadContext - 1 collections were found in result set for role: com.joseph.entity.Order.orderItems
16:39:04.820 [main] DEBUG org.hibernate.engine.loading.internal.CollectionLoadContext - Collection fully initialized: [com.joseph.entity.Order.orderItems#89]
16:39:04.820 [main] DEBUG org.hibernate.engine.loading.internal.CollectionLoadContext - 1 collections initialized for role: com.joseph.entity.Order.orderItems
16:39:04.820 [main] DEBUG org.hibernate.resource.jdbc.internal.ResourceRegistryStandardImpl - HHH000387: ResultSet's statement was not registered
16:39:04.820 [main] DEBUG org.hibernate.loader.collection.plan.AbstractLoadPlanBasedCollectionInitializer - Done loading collection
16:39:04.821 [main] DEBUG org.hibernate.loader.collection.plan.AbstractLoadPlanBasedCollectionInitializer - Loading collection: [com.joseph.entity.Order.orderItems#90]
16:39:04.821 [main] DEBUG org.hibernate.SQL - select orderitems0_.idorder as idorder3_2_0_, orderitems0_.id as id1_2_0_, orderitems0_.id as id1_2_1_, orderitems0_.idorder as idorder3_2_1_, orderitems0_.idproduct as idproduc4_2_1_, orderitems0_.quantity as quantity2_2_1_, product1_.idproduct as idproduc1_3_2_, product1_.nameproduct as nameprod2_3_2_, product1_.priceproduct as pricepro3_3_2_, product1_.stockproduct as stockpro4_3_2_ from orderitems orderitems0_ left outer join Product product1_ on orderitems0_.idproduct=product1_.idproduct where orderitems0_.idorder=?
16:39:04.822 [main] DEBUG org.hibernate.loader.plan.exec.process.internal.ResultSetProcessorImpl - Preparing collection intializer : [com.joseph.entity.Order.orderItems#90]
16:39:04.822 [main] DEBUG org.hibernate.engine.loading.internal.CollectionLoadContext - 1 collections were found in result set for role: com.joseph.entity.Order.orderItems
16:39:04.822 [main] DEBUG org.hibernate.engine.loading.internal.CollectionLoadContext - Collection fully initialized: [com.joseph.entity.Order.orderItems#90]
16:39:04.822 [main] DEBUG org.hibernate.engine.loading.internal.CollectionLoadContext - 1 collections initialized for role: com.joseph.entity.Order.orderItems
16:39:04.822 [main] DEBUG org.hibernate.resource.jdbc.internal.ResourceRegistryStandardImpl - HHH000387: ResultSet's statement was not registered
16:39:04.822 [main] DEBUG org.hibernate.loader.collection.plan.AbstractLoadPlanBasedCollectionInitializer - Done loading collection
16:39:04.823 [main] DEBUG org.hibernate.loader.collection.plan.AbstractLoadPlanBasedCollectionInitializer - Loading collection: [com.joseph.entity.Order.orderItems#91]
16:39:04.823 [main] DEBUG org.hibernate.SQL - select orderitems0_.idorder as idorder3_2_0_, orderitems0_.id as id1_2_0_, orderitems0_.id as id1_2_1_, orderitems0_.idorder as idorder3_2_1_, orderitems0_.idproduct as idproduc4_2_1_, orderitems0_.quantity as quantity2_2_1_, product1_.idproduct as idproduc1_3_2_, product1_.nameproduct as nameprod2_3_2_, product1_.priceproduct as pricepro3_3_2_, product1_.stockproduct as stockpro4_3_2_ from orderitems orderitems0_ left outer join Product product1_ on orderitems0_.idproduct=product1_.idproduct where orderitems0_.idorder=?
16:39:04.824 [main] DEBUG org.hibernate.loader.plan.exec.process.internal.ResultSetProcessorImpl - Preparing collection intializer : [com.joseph.entity.Order.orderItems#91]
16:39:04.824 [main] DEBUG org.hibernate.engine.loading.internal.CollectionLoadContext - 1 collections were found in result set for role: com.joseph.entity.Order.orderItems
16:39:04.824 [main] DEBUG org.hibernate.engine.loading.internal.CollectionLoadContext - Collection fully initialized: [com.joseph.entity.Order.orderItems#91]
16:39:04.824 [main] DEBUG org.hibernate.engine.loading.internal.CollectionLoadContext - 1 collections initialized for role: com.joseph.entity.Order.orderItems
16:39:04.824 [main] DEBUG org.hibernate.resource.jdbc.internal.ResourceRegistryStandardImpl - HHH000387: ResultSet's statement was not registered
16:39:04.824 [main] DEBUG org.hibernate.loader.collection.plan.AbstractLoadPlanBasedCollectionInitializer - Done loading collection
16:39:04.824 [main] DEBUG org.springframework.orm.jpa.JpaTransactionManager - Initiating transaction commit
16:39:04.824 [main] DEBUG org.springframework.orm.jpa.JpaTransactionManager - Committing JPA transaction on EntityManager [SessionImpl(PersistenceContext[entityKeys=[EntityKey[com.joseph.entity.Order#91], EntityKey[com.joseph.entity.Client#135], EntityKey[com.joseph.entity.Order#90], EntityKey[com.joseph.entity.Order#89]],collectionKeys=[CollectionKey[com.joseph.entity.Order.orderItems#91], CollectionKey[com.joseph.entity.Order.orderItems#90], CollectionKey[com.joseph.entity.Order.orderItems#89], CollectionKey[com.joseph.entity.Client.orders#135]]];ActionQueue[insertions=ExecutableList{size=0} updates=ExecutableList{size=0} deletions=ExecutableList{size=4} orphanRemovals=ExecutableList{size=0} collectionCreations=ExecutableList{size=0} collectionRemovals=ExecutableList{size=0} collectionUpdates=ExecutableList{size=0} collectionQueuedOps=ExecutableList{size=0} unresolvedInsertDependencies=null])]
16:39:04.824 [main] DEBUG org.hibernate.engine.transaction.internal.TransactionImpl - committing
16:39:04.825 [main] DEBUG org.hibernate.event.internal.AbstractFlushingEventListener - Processing flush-time cascades
16:39:04.825 [main] DEBUG org.hibernate.event.internal.AbstractFlushingEventListener - Dirty checking collections
16:39:04.825 [main] DEBUG org.hibernate.engine.internal.Collections - Collection dereferenced: [com.joseph.entity.Client.orders#135]
16:39:04.825 [main] DEBUG org.hibernate.engine.internal.Collections - Collection dereferenced: [com.joseph.entity.Order.orderItems#89]
16:39:04.825 [main] DEBUG org.hibernate.engine.internal.Collections - Collection dereferenced: [com.joseph.entity.Order.orderItems#90]
16:39:04.838 [main] DEBUG org.hibernate.engine.internal.Collections - Collection dereferenced: [com.joseph.entity.Order.orderItems#91]
16:39:04.838 [main] DEBUG org.hibernate.event.internal.AbstractFlushingEventListener - Flushed: 0 insertions, 0 updates, 4 deletions to 4 objects
16:39:04.838 [main] DEBUG org.hibernate.event.internal.AbstractFlushingEventListener - Flushed: 0 (re)creations, 0 updates, 4 removals to 4 collections
16:39:04.838 [main] DEBUG org.hibernate.internal.util.EntityPrinter - Listing entities:
16:39:04.838 [main] DEBUG org.hibernate.internal.util.EntityPrinter - com.joseph.entity.Order{idorder=91, client=com.joseph.entity.Client#135, dateorder=2024-01-04, orderItems=[], statusorder=INPROGRESS, totalorder=300.0}
16:39:04.838 [main] DEBUG org.hibernate.internal.util.EntityPrinter - com.joseph.entity.Client{nameclient=null, emailclient=null, orders=[com.joseph.entity.Order#89, com.joseph.entity.Order#90, com.joseph.entity.Order#91], idclient=135}
16:39:04.838 [main] DEBUG org.hibernate.internal.util.EntityPrinter - com.joseph.entity.Order{idorder=90, client=com.joseph.entity.Client#135, dateorder=2024-01-04, orderItems=[], statusorder=INPROGRESS, totalorder=300.0}
16:39:04.838 [main] DEBUG org.hibernate.internal.util.EntityPrinter - com.joseph.entity.Order{idorder=89, client=com.joseph.entity.Client#135, dateorder=2024-01-04, orderItems=[], statusorder=INPROGRESS, totalorder=300.0}
16:39:04.838 [main] DEBUG org.hibernate.SQL - delete from order_table where idorder=?
16:39:04.840 [main] DEBUG org.hibernate.SQL - delete from order_table where idorder=?
16:39:04.841 [main] DEBUG org.hibernate.SQL - delete from order_table where idorder=?
16:39:04.841 [main] DEBUG org.hibernate.SQL - delete from client where idclient=?
16:39:04.844 [main] DEBUG org.springframework.orm.jpa.JpaTransactionManager - Closing JPA EntityManager [SessionImpl(PersistenceContext[entityKeys=[],collectionKeys=[]];ActionQueue[insertions=ExecutableList{size=0} updates=ExecutableList{size=0} deletions=ExecutableList{size=0} orphanRemovals=ExecutableList{size=0} collectionCreations=ExecutableList{size=0} collectionRemovals=ExecutableList{size=0} collectionUpdates=ExecutableList{size=0} collectionQueuedOps=ExecutableList{size=0} unresolvedInsertDependencies=null])] after transaction
16:39:04.844 [main] DEBUG org.hibernate.engine.jdbc.internal.JdbcCoordinatorImpl - HHH000420: Closing un-released batch
16:39:04.844 [main] DEBUG org.springframework.test.context.cache.DefaultCacheAwareContextLoaderDelegate - Retrieved ApplicationContext [270056930] from cache with key [[MergedContextConfiguration@4e375bba testClass = OrderServiceImplTest, locations = '{}', classes = '{class com.joseph.config.PersistenceJPAConfig}', contextInitializerClasses = '[]', activeProfiles = '{}', propertySourceLocations = '{}', propertySourceProperties = '{}', contextCustomizers = set[[empty]], contextLoader = 'org.springframework.test.context.support.DelegatingSmartContextLoader', parent = [null]]]
16:39:04.844 [main] DEBUG org.springframework.test.context.cache - Spring test ApplicationContext cache statistics: [DefaultContextCache@65bb6275 size = 1, maxSize = 32, parentContextCount = 0, hitCount = 61, missCount = 1]
16:39:04.845 [main] DEBUG org.springframework.test.context.support.AbstractDirtiesContextTestExecutionListener - After test method: context [DefaultTestContext@30c19bff testClass = OrderServiceImplTest, testInstance = com.joseph.service.Impl.OrderServiceImplTest@ab2e6d2, testMethod = getOrders@OrderServiceImplTest, testException = [null], mergedContextConfiguration = [MergedContextConfiguration@4e375bba testClass = OrderServiceImplTest, locations = '{}', classes = '{class com.joseph.config.PersistenceJPAConfig}', contextInitializerClasses = '[]', activeProfiles = '{}', propertySourceLocations = '{}', propertySourceProperties = '{}', contextCustomizers = set[[empty]], contextLoader = 'org.springframework.test.context.support.DelegatingSmartContextLoader', parent = [null]], attributes = map[[empty]]], class annotated with @DirtiesContext [false] with mode [null], method annotated with @DirtiesContext [false] with mode [null].
]]></system-out>
  </testcase>
  <testcase name="testdeleteOrder" classname="com.joseph.service.Impl.OrderServiceImplTest" time="0.136">
    <system-out><![CDATA[16:39:04.846 [main] DEBUG org.springframework.test.context.support.DependencyInjectionTestExecutionListener - Performing dependency injection for test context [[DefaultTestContext@30c19bff testClass = OrderServiceImplTest, testInstance = com.joseph.service.Impl.OrderServiceImplTest@7a083b96, testMethod = [null], testException = [null], mergedContextConfiguration = [MergedContextConfiguration@4e375bba testClass = OrderServiceImplTest, locations = '{}', classes = '{class com.joseph.config.PersistenceJPAConfig}', contextInitializerClasses = '[]', activeProfiles = '{}', propertySourceLocations = '{}', propertySourceProperties = '{}', contextCustomizers = set[[empty]], contextLoader = 'org.springframework.test.context.support.DelegatingSmartContextLoader', parent = [null]], attributes = map[[empty]]]].
16:39:04.846 [main] DEBUG org.springframework.test.context.cache.DefaultCacheAwareContextLoaderDelegate - Retrieved ApplicationContext [270056930] from cache with key [[MergedContextConfiguration@4e375bba testClass = OrderServiceImplTest, locations = '{}', classes = '{class com.joseph.config.PersistenceJPAConfig}', contextInitializerClasses = '[]', activeProfiles = '{}', propertySourceLocations = '{}', propertySourceProperties = '{}', contextCustomizers = set[[empty]], contextLoader = 'org.springframework.test.context.support.DelegatingSmartContextLoader', parent = [null]]]
16:39:04.846 [main] DEBUG org.springframework.test.context.cache - Spring test ApplicationContext cache statistics: [DefaultContextCache@65bb6275 size = 1, maxSize = 32, parentContextCount = 0, hitCount = 62, missCount = 1]
16:39:04.847 [main] DEBUG org.springframework.test.context.cache.DefaultCacheAwareContextLoaderDelegate - Retrieved ApplicationContext [270056930] from cache with key [[MergedContextConfiguration@4e375bba testClass = OrderServiceImplTest, locations = '{}', classes = '{class com.joseph.config.PersistenceJPAConfig}', contextInitializerClasses = '[]', activeProfiles = '{}', propertySourceLocations = '{}', propertySourceProperties = '{}', contextCustomizers = set[[empty]], contextLoader = 'org.springframework.test.context.support.DelegatingSmartContextLoader', parent = [null]]]
16:39:04.847 [main] DEBUG org.springframework.test.context.cache - Spring test ApplicationContext cache statistics: [DefaultContextCache@65bb6275 size = 1, maxSize = 32, parentContextCount = 0, hitCount = 63, missCount = 1]
16:39:04.848 [main] DEBUG org.springframework.test.context.support.AbstractDirtiesContextTestExecutionListener - Before test method: context [DefaultTestContext@30c19bff testClass = OrderServiceImplTest, testInstance = com.joseph.service.Impl.OrderServiceImplTest@7a083b96, testMethod = testdeleteOrder@OrderServiceImplTest, testException = [null], mergedContextConfiguration = [MergedContextConfiguration@4e375bba testClass = OrderServiceImplTest, locations = '{}', classes = '{class com.joseph.config.PersistenceJPAConfig}', contextInitializerClasses = '[]', activeProfiles = '{}', propertySourceLocations = '{}', propertySourceProperties = '{}', contextCustomizers = set[[empty]], contextLoader = 'org.springframework.test.context.support.DelegatingSmartContextLoader', parent = [null]], attributes = map[[empty]]], class annotated with @DirtiesContext [false] with mode [null], method annotated with @DirtiesContext [false] with mode [null].
16:39:04.849 [main] DEBUG org.springframework.test.context.cache.DefaultCacheAwareContextLoaderDelegate - Retrieved ApplicationContext [270056930] from cache with key [[MergedContextConfiguration@4e375bba testClass = OrderServiceImplTest, locations = '{}', classes = '{class com.joseph.config.PersistenceJPAConfig}', contextInitializerClasses = '[]', activeProfiles = '{}', propertySourceLocations = '{}', propertySourceProperties = '{}', contextCustomizers = set[[empty]], contextLoader = 'org.springframework.test.context.support.DelegatingSmartContextLoader', parent = [null]]]
16:39:04.849 [main] DEBUG org.springframework.test.context.cache - Spring test ApplicationContext cache statistics: [DefaultContextCache@65bb6275 size = 1, maxSize = 32, parentContextCount = 0, hitCount = 64, missCount = 1]
16:39:04.850 [main] DEBUG org.springframework.orm.jpa.JpaTransactionManager - Creating new transaction with name [org.springframework.data.jpa.repository.support.SimpleJpaRepository.deleteAll]: PROPAGATION_REQUIRED,ISOLATION_DEFAULT
16:39:04.850 [main] DEBUG org.springframework.orm.jpa.JpaTransactionManager - Opened new EntityManager [SessionImpl(PersistenceContext[entityKeys=[],collectionKeys=[]];ActionQueue[insertions=ExecutableList{size=0} updates=ExecutableList{size=0} deletions=ExecutableList{size=0} orphanRemovals=ExecutableList{size=0} collectionCreations=ExecutableList{size=0} collectionRemovals=ExecutableList{size=0} collectionUpdates=ExecutableList{size=0} collectionQueuedOps=ExecutableList{size=0} unresolvedInsertDependencies=null])] for JPA transaction
16:39:04.850 [main] DEBUG org.hibernate.engine.transaction.internal.TransactionImpl - begin
16:39:04.850 [main] DEBUG org.springframework.jdbc.datasource.DriverManagerDataSource - Creating new JDBC DriverManager Connection to [jdbc:mysql://localhost:3306/testcraftcore?useSSL=false&useTimezone=true&serverTimezone=UTC]
16:39:04.857 [main] DEBUG org.springframework.orm.jpa.JpaTransactionManager - Exposing JPA transaction as JDBC [org.springframework.orm.jpa.vendor.HibernateJpaDialect$HibernateConnectionHandle@2c604965]
16:39:04.857 [main] DEBUG org.hibernate.query.criteria.internal.CriteriaQueryImpl - Rendered criteria query -> select generatedAlias0 from Client as generatedAlias0
16:39:04.857 [main] DEBUG org.hibernate.SQL - select client0_.idclient as idclient1_0_, client0_.emailclient as emailcli2_0_, client0_.nameclient as nameclie3_0_ from client client0_
16:39:04.859 [main] DEBUG org.springframework.orm.jpa.JpaTransactionManager - Initiating transaction commit
16:39:04.859 [main] DEBUG org.springframework.orm.jpa.JpaTransactionManager - Committing JPA transaction on EntityManager [SessionImpl(PersistenceContext[entityKeys=[],collectionKeys=[]];ActionQueue[insertions=ExecutableList{size=0} updates=ExecutableList{size=0} deletions=ExecutableList{size=0} orphanRemovals=ExecutableList{size=0} collectionCreations=ExecutableList{size=0} collectionRemovals=ExecutableList{size=0} collectionUpdates=ExecutableList{size=0} collectionQueuedOps=ExecutableList{size=0} unresolvedInsertDependencies=null])]
16:39:04.859 [main] DEBUG org.hibernate.engine.transaction.internal.TransactionImpl - committing
16:39:04.861 [main] DEBUG org.springframework.orm.jpa.JpaTransactionManager - Closing JPA EntityManager [SessionImpl(PersistenceContext[entityKeys=[],collectionKeys=[]];ActionQueue[insertions=ExecutableList{size=0} updates=ExecutableList{size=0} deletions=ExecutableList{size=0} orphanRemovals=ExecutableList{size=0} collectionCreations=ExecutableList{size=0} collectionRemovals=ExecutableList{size=0} collectionUpdates=ExecutableList{size=0} collectionQueuedOps=ExecutableList{size=0} unresolvedInsertDependencies=null])] after transaction
16:39:04.862 [main] DEBUG org.springframework.orm.jpa.JpaTransactionManager - Creating new transaction with name [org.springframework.data.jpa.repository.support.SimpleJpaRepository.save]: PROPAGATION_REQUIRED,ISOLATION_DEFAULT
16:39:04.862 [main] DEBUG org.springframework.orm.jpa.JpaTransactionManager - Opened new EntityManager [SessionImpl(PersistenceContext[entityKeys=[],collectionKeys=[]];ActionQueue[insertions=ExecutableList{size=0} updates=ExecutableList{size=0} deletions=ExecutableList{size=0} orphanRemovals=ExecutableList{size=0} collectionCreations=ExecutableList{size=0} collectionRemovals=ExecutableList{size=0} collectionUpdates=ExecutableList{size=0} collectionQueuedOps=ExecutableList{size=0} unresolvedInsertDependencies=null])] for JPA transaction
16:39:04.863 [main] DEBUG org.hibernate.engine.transaction.internal.TransactionImpl - begin
16:39:04.863 [main] DEBUG org.springframework.jdbc.datasource.DriverManagerDataSource - Creating new JDBC DriverManager Connection to [jdbc:mysql://localhost:3306/testcraftcore?useSSL=false&useTimezone=true&serverTimezone=UTC]
16:39:04.867 [main] DEBUG org.springframework.orm.jpa.JpaTransactionManager - Exposing JPA transaction as JDBC [org.springframework.orm.jpa.vendor.HibernateJpaDialect$HibernateConnectionHandle@1b4872bc]
16:39:04.868 [main] DEBUG org.hibernate.engine.spi.ActionQueue - Executing identity-insert immediately
16:39:04.868 [main] DEBUG org.hibernate.SQL - insert into client (emailclient, nameclient) values (?, ?)
16:39:04.869 [main] DEBUG org.hibernate.id.IdentifierGeneratorHelper - Natively generated identity: 136
16:39:04.869 [main] DEBUG org.hibernate.resource.jdbc.internal.ResourceRegistryStandardImpl - HHH000387: ResultSet's statement was not registered
16:39:04.870 [main] DEBUG org.springframework.orm.jpa.JpaTransactionManager - Initiating transaction commit
16:39:04.870 [main] DEBUG org.springframework.orm.jpa.JpaTransactionManager - Committing JPA transaction on EntityManager [SessionImpl(PersistenceContext[entityKeys=[EntityKey[com.joseph.entity.Client#136]],collectionKeys=[]];ActionQueue[insertions=ExecutableList{size=0} updates=ExecutableList{size=0} deletions=ExecutableList{size=0} orphanRemovals=ExecutableList{size=0} collectionCreations=ExecutableList{size=0} collectionRemovals=ExecutableList{size=0} collectionUpdates=ExecutableList{size=0} collectionQueuedOps=ExecutableList{size=0} unresolvedInsertDependencies=null])]
16:39:04.870 [main] DEBUG org.hibernate.engine.transaction.internal.TransactionImpl - committing
16:39:04.870 [main] DEBUG org.hibernate.event.internal.AbstractFlushingEventListener - Processing flush-time cascades
16:39:04.870 [main] DEBUG org.hibernate.event.internal.AbstractFlushingEventListener - Dirty checking collections
16:39:04.870 [main] DEBUG org.hibernate.engine.internal.Collections - Collection found: [com.joseph.entity.Client.orders#136], was: [<unreferenced>] (initialized)
16:39:04.870 [main] DEBUG org.hibernate.event.internal.AbstractFlushingEventListener - Flushed: 0 insertions, 0 updates, 0 deletions to 1 objects
16:39:04.870 [main] DEBUG org.hibernate.event.internal.AbstractFlushingEventListener - Flushed: 1 (re)creations, 0 updates, 0 removals to 1 collections
16:39:04.870 [main] DEBUG org.hibernate.internal.util.EntityPrinter - Listing entities:
16:39:04.870 [main] DEBUG org.hibernate.internal.util.EntityPrinter - com.joseph.entity.Client{nameclient=null, emailclient=null, orders=[], idclient=136}
16:39:04.871 [main] DEBUG org.springframework.orm.jpa.JpaTransactionManager - Closing JPA EntityManager [SessionImpl(PersistenceContext[entityKeys=[EntityKey[com.joseph.entity.Client#136]],collectionKeys=[CollectionKey[com.joseph.entity.Client.orders#136]]];ActionQueue[insertions=ExecutableList{size=0} updates=ExecutableList{size=0} deletions=ExecutableList{size=0} orphanRemovals=ExecutableList{size=0} collectionCreations=ExecutableList{size=0} collectionRemovals=ExecutableList{size=0} collectionUpdates=ExecutableList{size=0} collectionQueuedOps=ExecutableList{size=0} unresolvedInsertDependencies=null])] after transaction
16:39:04.872 [main] DEBUG org.springframework.orm.jpa.JpaTransactionManager - Creating new transaction with name [org.springframework.data.jpa.repository.support.SimpleJpaRepository.save]: PROPAGATION_REQUIRED,ISOLATION_DEFAULT
16:39:04.872 [main] DEBUG org.springframework.orm.jpa.JpaTransactionManager - Opened new EntityManager [SessionImpl(PersistenceContext[entityKeys=[],collectionKeys=[]];ActionQueue[insertions=ExecutableList{size=0} updates=ExecutableList{size=0} deletions=ExecutableList{size=0} orphanRemovals=ExecutableList{size=0} collectionCreations=ExecutableList{size=0} collectionRemovals=ExecutableList{size=0} collectionUpdates=ExecutableList{size=0} collectionQueuedOps=ExecutableList{size=0} unresolvedInsertDependencies=null])] for JPA transaction
16:39:04.872 [main] DEBUG org.hibernate.engine.transaction.internal.TransactionImpl - begin
16:39:04.872 [main] DEBUG org.springframework.jdbc.datasource.DriverManagerDataSource - Creating new JDBC DriverManager Connection to [jdbc:mysql://localhost:3306/testcraftcore?useSSL=false&useTimezone=true&serverTimezone=UTC]
16:39:04.877 [main] DEBUG org.springframework.orm.jpa.JpaTransactionManager - Exposing JPA transaction as JDBC [org.springframework.orm.jpa.vendor.HibernateJpaDialect$HibernateConnectionHandle@226de93c]
16:39:04.878 [main] DEBUG org.hibernate.engine.spi.ActionQueue - Executing identity-insert immediately
16:39:04.878 [main] DEBUG org.hibernate.SQL - insert into order_table (idclient, dateorder, statusorder, totalorder) values (?, ?, ?, ?)
16:39:04.879 [main] DEBUG org.hibernate.id.IdentifierGeneratorHelper - Natively generated identity: 92
16:39:04.879 [main] DEBUG org.hibernate.resource.jdbc.internal.ResourceRegistryStandardImpl - HHH000387: ResultSet's statement was not registered
16:39:04.880 [main] DEBUG org.springframework.orm.jpa.JpaTransactionManager - Initiating transaction commit
16:39:04.880 [main] DEBUG org.springframework.orm.jpa.JpaTransactionManager - Committing JPA transaction on EntityManager [SessionImpl(PersistenceContext[entityKeys=[EntityKey[com.joseph.entity.Order#92]],collectionKeys=[]];ActionQueue[insertions=ExecutableList{size=0} updates=ExecutableList{size=0} deletions=ExecutableList{size=0} orphanRemovals=ExecutableList{size=0} collectionCreations=ExecutableList{size=0} collectionRemovals=ExecutableList{size=0} collectionUpdates=ExecutableList{size=0} collectionQueuedOps=ExecutableList{size=0} unresolvedInsertDependencies=null])]
16:39:04.880 [main] DEBUG org.hibernate.engine.transaction.internal.TransactionImpl - committing
16:39:04.880 [main] DEBUG org.hibernate.event.internal.AbstractFlushingEventListener - Processing flush-time cascades
16:39:04.880 [main] DEBUG org.hibernate.event.internal.AbstractFlushingEventListener - Dirty checking collections
16:39:04.880 [main] DEBUG org.hibernate.engine.internal.Collections - Collection found: [com.joseph.entity.Order.orderItems#92], was: [<unreferenced>] (initialized)
16:39:04.880 [main] DEBUG org.hibernate.event.internal.AbstractFlushingEventListener - Flushed: 0 insertions, 0 updates, 0 deletions to 1 objects
16:39:04.880 [main] DEBUG org.hibernate.event.internal.AbstractFlushingEventListener - Flushed: 1 (re)creations, 0 updates, 0 removals to 1 collections
16:39:04.880 [main] DEBUG org.hibernate.internal.util.EntityPrinter - Listing entities:
16:39:04.880 [main] DEBUG org.hibernate.internal.util.EntityPrinter - com.joseph.entity.Order{idorder=92, client=com.joseph.entity.Client#136, dateorder=2024-01-04, orderItems=[], statusorder=INPROGRESS, totalorder=300.0}
16:39:04.881 [main] DEBUG org.springframework.orm.jpa.JpaTransactionManager - Closing JPA EntityManager [SessionImpl(PersistenceContext[entityKeys=[EntityKey[com.joseph.entity.Order#92]],collectionKeys=[CollectionKey[com.joseph.entity.Order.orderItems#92]]];ActionQueue[insertions=ExecutableList{size=0} updates=ExecutableList{size=0} deletions=ExecutableList{size=0} orphanRemovals=ExecutableList{size=0} collectionCreations=ExecutableList{size=0} collectionRemovals=ExecutableList{size=0} collectionUpdates=ExecutableList{size=0} collectionQueuedOps=ExecutableList{size=0} unresolvedInsertDependencies=null])] after transaction
16:39:04.882 [main] DEBUG org.springframework.orm.jpa.JpaTransactionManager - Creating new transaction with name [org.springframework.data.jpa.repository.support.SimpleJpaRepository.save]: PROPAGATION_REQUIRED,ISOLATION_DEFAULT
16:39:04.883 [main] DEBUG org.springframework.orm.jpa.JpaTransactionManager - Opened new EntityManager [SessionImpl(PersistenceContext[entityKeys=[],collectionKeys=[]];ActionQueue[insertions=ExecutableList{size=0} updates=ExecutableList{size=0} deletions=ExecutableList{size=0} orphanRemovals=ExecutableList{size=0} collectionCreations=ExecutableList{size=0} collectionRemovals=ExecutableList{size=0} collectionUpdates=ExecutableList{size=0} collectionQueuedOps=ExecutableList{size=0} unresolvedInsertDependencies=null])] for JPA transaction
16:39:04.884 [main] DEBUG org.hibernate.engine.transaction.internal.TransactionImpl - begin
16:39:04.884 [main] DEBUG org.springframework.jdbc.datasource.DriverManagerDataSource - Creating new JDBC DriverManager Connection to [jdbc:mysql://localhost:3306/testcraftcore?useSSL=false&useTimezone=true&serverTimezone=UTC]
16:39:04.889 [main] DEBUG org.springframework.orm.jpa.JpaTransactionManager - Exposing JPA transaction as JDBC [org.springframework.orm.jpa.vendor.HibernateJpaDialect$HibernateConnectionHandle@7df6d663]
16:39:04.890 [main] DEBUG org.hibernate.engine.spi.ActionQueue - Executing identity-insert immediately
16:39:04.890 [main] DEBUG org.hibernate.SQL - insert into order_table (idclient, dateorder, statusorder, totalorder) values (?, ?, ?, ?)
16:39:04.891 [main] DEBUG org.hibernate.id.IdentifierGeneratorHelper - Natively generated identity: 93
16:39:04.891 [main] DEBUG org.hibernate.resource.jdbc.internal.ResourceRegistryStandardImpl - HHH000387: ResultSet's statement was not registered
16:39:04.892 [main] DEBUG org.springframework.orm.jpa.JpaTransactionManager - Initiating transaction commit
16:39:04.892 [main] DEBUG org.springframework.orm.jpa.JpaTransactionManager - Committing JPA transaction on EntityManager [SessionImpl(PersistenceContext[entityKeys=[EntityKey[com.joseph.entity.Order#93]],collectionKeys=[]];ActionQueue[insertions=ExecutableList{size=0} updates=ExecutableList{size=0} deletions=ExecutableList{size=0} orphanRemovals=ExecutableList{size=0} collectionCreations=ExecutableList{size=0} collectionRemovals=ExecutableList{size=0} collectionUpdates=ExecutableList{size=0} collectionQueuedOps=ExecutableList{size=0} unresolvedInsertDependencies=null])]
16:39:04.892 [main] DEBUG org.hibernate.engine.transaction.internal.TransactionImpl - committing
16:39:04.892 [main] DEBUG org.hibernate.event.internal.AbstractFlushingEventListener - Processing flush-time cascades
16:39:04.892 [main] DEBUG org.hibernate.event.internal.AbstractFlushingEventListener - Dirty checking collections
16:39:04.892 [main] DEBUG org.hibernate.engine.internal.Collections - Collection found: [com.joseph.entity.Order.orderItems#93], was: [<unreferenced>] (initialized)
16:39:04.892 [main] DEBUG org.hibernate.event.internal.AbstractFlushingEventListener - Flushed: 0 insertions, 0 updates, 0 deletions to 1 objects
16:39:04.892 [main] DEBUG org.hibernate.event.internal.AbstractFlushingEventListener - Flushed: 1 (re)creations, 0 updates, 0 removals to 1 collections
16:39:04.892 [main] DEBUG org.hibernate.internal.util.EntityPrinter - Listing entities:
16:39:04.892 [main] DEBUG org.hibernate.internal.util.EntityPrinter - com.joseph.entity.Order{idorder=93, client=com.joseph.entity.Client#136, dateorder=2024-01-04, orderItems=[], statusorder=INPROGRESS, totalorder=300.0}
16:39:04.893 [main] DEBUG org.springframework.orm.jpa.JpaTransactionManager - Closing JPA EntityManager [SessionImpl(PersistenceContext[entityKeys=[EntityKey[com.joseph.entity.Order#93]],collectionKeys=[CollectionKey[com.joseph.entity.Order.orderItems#93]]];ActionQueue[insertions=ExecutableList{size=0} updates=ExecutableList{size=0} deletions=ExecutableList{size=0} orphanRemovals=ExecutableList{size=0} collectionCreations=ExecutableList{size=0} collectionRemovals=ExecutableList{size=0} collectionUpdates=ExecutableList{size=0} collectionQueuedOps=ExecutableList{size=0} unresolvedInsertDependencies=null])] after transaction
16:39:04.894 [main] DEBUG org.springframework.orm.jpa.JpaTransactionManager - Creating new transaction with name [org.springframework.data.jpa.repository.support.SimpleJpaRepository.save]: PROPAGATION_REQUIRED,ISOLATION_DEFAULT
16:39:04.894 [main] DEBUG org.springframework.orm.jpa.JpaTransactionManager - Opened new EntityManager [SessionImpl(PersistenceContext[entityKeys=[],collectionKeys=[]];ActionQueue[insertions=ExecutableList{size=0} updates=ExecutableList{size=0} deletions=ExecutableList{size=0} orphanRemovals=ExecutableList{size=0} collectionCreations=ExecutableList{size=0} collectionRemovals=ExecutableList{size=0} collectionUpdates=ExecutableList{size=0} collectionQueuedOps=ExecutableList{size=0} unresolvedInsertDependencies=null])] for JPA transaction
16:39:04.894 [main] DEBUG org.hibernate.engine.transaction.internal.TransactionImpl - begin
16:39:04.894 [main] DEBUG org.springframework.jdbc.datasource.DriverManagerDataSource - Creating new JDBC DriverManager Connection to [jdbc:mysql://localhost:3306/testcraftcore?useSSL=false&useTimezone=true&serverTimezone=UTC]
16:39:04.899 [main] DEBUG org.springframework.orm.jpa.JpaTransactionManager - Exposing JPA transaction as JDBC [org.springframework.orm.jpa.vendor.HibernateJpaDialect$HibernateConnectionHandle@23310248]
16:39:04.900 [main] DEBUG org.hibernate.engine.spi.ActionQueue - Executing identity-insert immediately
16:39:04.900 [main] DEBUG org.hibernate.SQL - insert into order_table (idclient, dateorder, statusorder, totalorder) values (?, ?, ?, ?)
16:39:04.901 [main] DEBUG org.hibernate.id.IdentifierGeneratorHelper - Natively generated identity: 94
16:39:04.901 [main] DEBUG org.hibernate.resource.jdbc.internal.ResourceRegistryStandardImpl - HHH000387: ResultSet's statement was not registered
16:39:04.901 [main] DEBUG org.springframework.orm.jpa.JpaTransactionManager - Initiating transaction commit
16:39:04.901 [main] DEBUG org.springframework.orm.jpa.JpaTransactionManager - Committing JPA transaction on EntityManager [SessionImpl(PersistenceContext[entityKeys=[EntityKey[com.joseph.entity.Order#94]],collectionKeys=[]];ActionQueue[insertions=ExecutableList{size=0} updates=ExecutableList{size=0} deletions=ExecutableList{size=0} orphanRemovals=ExecutableList{size=0} collectionCreations=ExecutableList{size=0} collectionRemovals=ExecutableList{size=0} collectionUpdates=ExecutableList{size=0} collectionQueuedOps=ExecutableList{size=0} unresolvedInsertDependencies=null])]
16:39:04.901 [main] DEBUG org.hibernate.engine.transaction.internal.TransactionImpl - committing
16:39:04.902 [main] DEBUG org.hibernate.event.internal.AbstractFlushingEventListener - Processing flush-time cascades
16:39:04.902 [main] DEBUG org.hibernate.event.internal.AbstractFlushingEventListener - Dirty checking collections
16:39:04.902 [main] DEBUG org.hibernate.engine.internal.Collections - Collection found: [com.joseph.entity.Order.orderItems#94], was: [<unreferenced>] (initialized)
16:39:04.902 [main] DEBUG org.hibernate.event.internal.AbstractFlushingEventListener - Flushed: 0 insertions, 0 updates, 0 deletions to 1 objects
16:39:04.902 [main] DEBUG org.hibernate.event.internal.AbstractFlushingEventListener - Flushed: 1 (re)creations, 0 updates, 0 removals to 1 collections
16:39:04.902 [main] DEBUG org.hibernate.internal.util.EntityPrinter - Listing entities:
16:39:04.902 [main] DEBUG org.hibernate.internal.util.EntityPrinter - com.joseph.entity.Order{idorder=94, client=com.joseph.entity.Client#136, dateorder=2024-01-04, orderItems=[], statusorder=INPROGRESS, totalorder=300.0}
16:39:04.904 [main] DEBUG org.springframework.orm.jpa.JpaTransactionManager - Closing JPA EntityManager [SessionImpl(PersistenceContext[entityKeys=[EntityKey[com.joseph.entity.Order#94]],collectionKeys=[CollectionKey[com.joseph.entity.Order.orderItems#94]]];ActionQueue[insertions=ExecutableList{size=0} updates=ExecutableList{size=0} deletions=ExecutableList{size=0} orphanRemovals=ExecutableList{size=0} collectionCreations=ExecutableList{size=0} collectionRemovals=ExecutableList{size=0} collectionUpdates=ExecutableList{size=0} collectionQueuedOps=ExecutableList{size=0} unresolvedInsertDependencies=null])] after transaction
16:39:04.905 [main] DEBUG org.springframework.test.context.cache.DefaultCacheAwareContextLoaderDelegate - Retrieved ApplicationContext [270056930] from cache with key [[MergedContextConfiguration@4e375bba testClass = OrderServiceImplTest, locations = '{}', classes = '{class com.joseph.config.PersistenceJPAConfig}', contextInitializerClasses = '[]', activeProfiles = '{}', propertySourceLocations = '{}', propertySourceProperties = '{}', contextCustomizers = set[[empty]], contextLoader = 'org.springframework.test.context.support.DelegatingSmartContextLoader', parent = [null]]]
16:39:04.905 [main] DEBUG org.springframework.test.context.cache - Spring test ApplicationContext cache statistics: [DefaultContextCache@65bb6275 size = 1, maxSize = 32, parentContextCount = 0, hitCount = 65, missCount = 1]
16:39:04.905 [main] DEBUG org.springframework.orm.jpa.JpaTransactionManager - Creating new transaction with name [org.springframework.data.jpa.repository.support.SimpleJpaRepository.findAll]: PROPAGATION_REQUIRED,ISOLATION_DEFAULT,readOnly
16:39:04.905 [main] DEBUG org.springframework.orm.jpa.JpaTransactionManager - Opened new EntityManager [SessionImpl(PersistenceContext[entityKeys=[],collectionKeys=[]];ActionQueue[insertions=ExecutableList{size=0} updates=ExecutableList{size=0} deletions=ExecutableList{size=0} orphanRemovals=ExecutableList{size=0} collectionCreations=ExecutableList{size=0} collectionRemovals=ExecutableList{size=0} collectionUpdates=ExecutableList{size=0} collectionQueuedOps=ExecutableList{size=0} unresolvedInsertDependencies=null])] for JPA transaction
16:39:04.905 [main] DEBUG org.springframework.jdbc.datasource.DriverManagerDataSource - Creating new JDBC DriverManager Connection to [jdbc:mysql://localhost:3306/testcraftcore?useSSL=false&useTimezone=true&serverTimezone=UTC]
16:39:04.909 [main] DEBUG org.springframework.jdbc.datasource.DataSourceUtils - Setting JDBC Connection [com.mysql.cj.jdbc.ConnectionImpl@2eb60c71] read-only
16:39:04.910 [main] DEBUG org.hibernate.engine.transaction.internal.TransactionImpl - begin
16:39:04.910 [main] DEBUG org.springframework.orm.jpa.JpaTransactionManager - Exposing JPA transaction as JDBC [org.springframework.orm.jpa.vendor.HibernateJpaDialect$HibernateConnectionHandle@87d9a01]
16:39:04.910 [main] DEBUG org.hibernate.query.criteria.internal.CriteriaQueryImpl - Rendered criteria query -> select generatedAlias0 from Order as generatedAlias0
16:39:04.911 [main] DEBUG org.hibernate.SQL - select order0_.idorder as idorder1_1_, order0_.idclient as idclient5_1_, order0_.dateorder as dateorde2_1_, order0_.statusorder as statusor3_1_, order0_.totalorder as totalord4_1_ from order_table order0_
16:39:04.913 [main] DEBUG org.hibernate.loader.Loader - Result set row: 0
16:39:04.913 [main] DEBUG org.hibernate.loader.Loader - Result row: EntityKey[com.joseph.entity.Order#94]
16:39:04.913 [main] DEBUG org.hibernate.loader.Loader - Result set row: 1
16:39:04.913 [main] DEBUG org.hibernate.loader.Loader - Result row: EntityKey[com.joseph.entity.Order#93]
16:39:04.914 [main] DEBUG org.hibernate.loader.Loader - Result set row: 2
16:39:04.914 [main] DEBUG org.hibernate.loader.Loader - Result row: EntityKey[com.joseph.entity.Order#92]
16:39:04.914 [main] DEBUG org.hibernate.engine.internal.TwoPhaseLoad - Resolving associations for [com.joseph.entity.Order#94]
16:39:04.914 [main] DEBUG org.hibernate.SQL - select client0_.idclient as idclient1_0_0_, client0_.emailclient as emailcli2_0_0_, client0_.nameclient as nameclie3_0_0_ from client client0_ where client0_.idclient=?
16:39:04.915 [main] DEBUG org.hibernate.loader.plan.exec.process.internal.ResultSetProcessorImpl - Starting ResultSet row #0
16:39:04.916 [main] DEBUG org.hibernate.loader.plan.exec.process.internal.EntityReferenceInitializerImpl - On call to EntityIdentifierReaderImpl#resolve, EntityKey was already known; should only happen on root returns with an optional identifier specified
16:39:04.916 [main] DEBUG org.hibernate.engine.internal.TwoPhaseLoad - Resolving associations for [com.joseph.entity.Client#136]
16:39:04.917 [main] DEBUG org.hibernate.engine.internal.TwoPhaseLoad - Done materializing entity [com.joseph.entity.Client#136]
16:39:04.919 [main] DEBUG org.hibernate.resource.jdbc.internal.ResourceRegistryStandardImpl - HHH000387: ResultSet's statement was not registered
16:39:04.919 [main] DEBUG org.hibernate.loader.entity.plan.AbstractLoadPlanBasedEntityLoader - Done entity load : com.joseph.entity.Client#136
16:39:04.919 [main] DEBUG org.hibernate.engine.internal.TwoPhaseLoad - Done materializing entity [com.joseph.entity.Order#94]
16:39:04.919 [main] DEBUG org.hibernate.engine.internal.TwoPhaseLoad - Resolving associations for [com.joseph.entity.Order#93]
16:39:04.919 [main] DEBUG org.hibernate.engine.internal.TwoPhaseLoad - Done materializing entity [com.joseph.entity.Order#93]
16:39:04.919 [main] DEBUG org.hibernate.engine.internal.TwoPhaseLoad - Resolving associations for [com.joseph.entity.Order#92]
16:39:04.919 [main] DEBUG org.hibernate.engine.internal.TwoPhaseLoad - Done materializing entity [com.joseph.entity.Order#92]
16:39:04.920 [main] DEBUG org.springframework.orm.jpa.JpaTransactionManager - Initiating transaction commit
16:39:04.920 [main] DEBUG org.springframework.orm.jpa.JpaTransactionManager - Committing JPA transaction on EntityManager [SessionImpl(PersistenceContext[entityKeys=[EntityKey[com.joseph.entity.Client#136], EntityKey[com.joseph.entity.Order#93], EntityKey[com.joseph.entity.Order#92], EntityKey[com.joseph.entity.Order#94]],collectionKeys=[CollectionKey[com.joseph.entity.Client.orders#136], CollectionKey[com.joseph.entity.Order.orderItems#94], CollectionKey[com.joseph.entity.Order.orderItems#93], CollectionKey[com.joseph.entity.Order.orderItems#92]]];ActionQueue[insertions=ExecutableList{size=0} updates=ExecutableList{size=0} deletions=ExecutableList{size=0} orphanRemovals=ExecutableList{size=0} collectionCreations=ExecutableList{size=0} collectionRemovals=ExecutableList{size=0} collectionUpdates=ExecutableList{size=0} collectionQueuedOps=ExecutableList{size=0} unresolvedInsertDependencies=null])]
16:39:04.920 [main] DEBUG org.hibernate.engine.transaction.internal.TransactionImpl - committing
16:39:04.921 [main] DEBUG org.springframework.jdbc.datasource.DataSourceUtils - Resetting read-only flag of JDBC Connection [com.mysql.cj.jdbc.ConnectionImpl@2eb60c71]
16:39:04.921 [main] DEBUG org.springframework.orm.jpa.JpaTransactionManager - Closing JPA EntityManager [SessionImpl(PersistenceContext[entityKeys=[EntityKey[com.joseph.entity.Client#136], EntityKey[com.joseph.entity.Order#93], EntityKey[com.joseph.entity.Order#92], EntityKey[com.joseph.entity.Order#94]],collectionKeys=[CollectionKey[com.joseph.entity.Client.orders#136], CollectionKey[com.joseph.entity.Order.orderItems#94], CollectionKey[com.joseph.entity.Order.orderItems#93], CollectionKey[com.joseph.entity.Order.orderItems#92]]];ActionQueue[insertions=ExecutableList{size=0} updates=ExecutableList{size=0} deletions=ExecutableList{size=0} orphanRemovals=ExecutableList{size=0} collectionCreations=ExecutableList{size=0} collectionRemovals=ExecutableList{size=0} collectionUpdates=ExecutableList{size=0} collectionQueuedOps=ExecutableList{size=0} unresolvedInsertDependencies=null])] after transaction
16:39:04.922 [main] DEBUG org.springframework.orm.jpa.JpaTransactionManager - Creating new transaction with name [com.joseph.service.Impl.OrderServiceImpl.deleteOrder]: PROPAGATION_REQUIRED,ISOLATION_DEFAULT
16:39:04.922 [main] DEBUG org.springframework.orm.jpa.JpaTransactionManager - Opened new EntityManager [SessionImpl(PersistenceContext[entityKeys=[],collectionKeys=[]];ActionQueue[insertions=ExecutableList{size=0} updates=ExecutableList{size=0} deletions=ExecutableList{size=0} orphanRemovals=ExecutableList{size=0} collectionCreations=ExecutableList{size=0} collectionRemovals=ExecutableList{size=0} collectionUpdates=ExecutableList{size=0} collectionQueuedOps=ExecutableList{size=0} unresolvedInsertDependencies=null])] for JPA transaction
16:39:04.922 [main] DEBUG org.hibernate.engine.transaction.internal.TransactionImpl - begin
16:39:04.922 [main] DEBUG org.springframework.jdbc.datasource.DriverManagerDataSource - Creating new JDBC DriverManager Connection to [jdbc:mysql://localhost:3306/testcraftcore?useSSL=false&useTimezone=true&serverTimezone=UTC]
16:39:04.926 [main] DEBUG org.springframework.orm.jpa.JpaTransactionManager - Exposing JPA transaction as JDBC [org.springframework.orm.jpa.vendor.HibernateJpaDialect$HibernateConnectionHandle@45a1d057]
16:39:04.927 [main] DEBUG org.springframework.data.repository.core.support.TransactionalRepositoryProxyPostProcessor$CustomAnnotationTransactionAttributeSource - Adding transactional method 'deleteById' with attribute: PROPAGATION_REQUIRED,ISOLATION_DEFAULT
16:39:04.927 [main] DEBUG org.springframework.orm.jpa.JpaTransactionManager - Found thread-bound EntityManager [SessionImpl(PersistenceContext[entityKeys=[],collectionKeys=[]];ActionQueue[insertions=ExecutableList{size=0} updates=ExecutableList{size=0} deletions=ExecutableList{size=0} orphanRemovals=ExecutableList{size=0} collectionCreations=ExecutableList{size=0} collectionRemovals=ExecutableList{size=0} collectionUpdates=ExecutableList{size=0} collectionQueuedOps=ExecutableList{size=0} unresolvedInsertDependencies=null])] for JPA transaction
16:39:04.927 [main] DEBUG org.springframework.orm.jpa.JpaTransactionManager - Participating in existing transaction
16:39:04.927 [main] DEBUG org.hibernate.SQL - select order0_.idorder as idorder1_1_0_, order0_.idclient as idclient5_1_0_, order0_.dateorder as dateorde2_1_0_, order0_.statusorder as statusor3_1_0_, order0_.totalorder as totalord4_1_0_, client1_.idclient as idclient1_0_1_, client1_.emailclient as emailcli2_0_1_, client1_.nameclient as nameclie3_0_1_ from order_table order0_ left outer join client client1_ on order0_.idclient=client1_.idclient where order0_.idorder=?
16:39:04.929 [main] DEBUG org.hibernate.loader.plan.exec.process.internal.ResultSetProcessorImpl - Starting ResultSet row #0
16:39:04.929 [main] DEBUG org.hibernate.loader.plan.exec.process.internal.EntityReferenceInitializerImpl - On call to EntityIdentifierReaderImpl#resolve, EntityKey was already known; should only happen on root returns with an optional identifier specified
16:39:04.930 [main] DEBUG org.hibernate.engine.internal.TwoPhaseLoad - Resolving associations for [com.joseph.entity.Order#94]
16:39:04.930 [main] DEBUG org.hibernate.engine.internal.TwoPhaseLoad - Done materializing entity [com.joseph.entity.Order#94]
16:39:04.930 [main] DEBUG org.hibernate.engine.internal.TwoPhaseLoad - Resolving associations for [com.joseph.entity.Client#136]
16:39:04.930 [main] DEBUG org.hibernate.engine.internal.TwoPhaseLoad - Done materializing entity [com.joseph.entity.Client#136]
16:39:04.930 [main] DEBUG org.hibernate.resource.jdbc.internal.ResourceRegistryStandardImpl - HHH000387: ResultSet's statement was not registered
16:39:04.930 [main] DEBUG org.hibernate.loader.entity.plan.AbstractLoadPlanBasedEntityLoader - Done entity load : com.joseph.entity.Order#94
16:39:04.930 [main] DEBUG org.hibernate.loader.collection.plan.AbstractLoadPlanBasedCollectionInitializer - Loading collection: [com.joseph.entity.Order.orderItems#94]
16:39:04.930 [main] DEBUG org.hibernate.SQL - select orderitems0_.idorder as idorder3_2_0_, orderitems0_.id as id1_2_0_, orderitems0_.id as id1_2_1_, orderitems0_.idorder as idorder3_2_1_, orderitems0_.idproduct as idproduc4_2_1_, orderitems0_.quantity as quantity2_2_1_, product1_.idproduct as idproduc1_3_2_, product1_.nameproduct as nameprod2_3_2_, product1_.priceproduct as pricepro3_3_2_, product1_.stockproduct as stockpro4_3_2_ from orderitems orderitems0_ left outer join Product product1_ on orderitems0_.idproduct=product1_.idproduct where orderitems0_.idorder=?
16:39:04.933 [main] DEBUG org.hibernate.loader.plan.exec.process.internal.ResultSetProcessorImpl - Preparing collection intializer : [com.joseph.entity.Order.orderItems#94]
16:39:04.935 [main] DEBUG org.hibernate.engine.loading.internal.CollectionLoadContext - 1 collections were found in result set for role: com.joseph.entity.Order.orderItems
16:39:04.935 [main] DEBUG org.hibernate.engine.loading.internal.CollectionLoadContext - Collection fully initialized: [com.joseph.entity.Order.orderItems#94]
16:39:04.935 [main] DEBUG org.hibernate.engine.loading.internal.CollectionLoadContext - 1 collections initialized for role: com.joseph.entity.Order.orderItems
16:39:04.936 [main] DEBUG org.hibernate.resource.jdbc.internal.ResourceRegistryStandardImpl - HHH000387: ResultSet's statement was not registered
16:39:04.936 [main] DEBUG org.hibernate.loader.collection.plan.AbstractLoadPlanBasedCollectionInitializer - Done loading collection
16:39:04.936 [main] DEBUG org.springframework.orm.jpa.JpaTransactionManager - Initiating transaction commit
16:39:04.936 [main] DEBUG org.springframework.orm.jpa.JpaTransactionManager - Committing JPA transaction on EntityManager [SessionImpl(PersistenceContext[entityKeys=[EntityKey[com.joseph.entity.Client#136], EntityKey[com.joseph.entity.Order#94]],collectionKeys=[CollectionKey[com.joseph.entity.Client.orders#136], CollectionKey[com.joseph.entity.Order.orderItems#94]]];ActionQueue[insertions=ExecutableList{size=0} updates=ExecutableList{size=0} deletions=ExecutableList{size=1} orphanRemovals=ExecutableList{size=0} collectionCreations=ExecutableList{size=0} collectionRemovals=ExecutableList{size=0} collectionUpdates=ExecutableList{size=0} collectionQueuedOps=ExecutableList{size=0} unresolvedInsertDependencies=null])]
16:39:04.936 [main] DEBUG org.hibernate.engine.transaction.internal.TransactionImpl - committing
16:39:04.936 [main] DEBUG org.hibernate.event.internal.AbstractFlushingEventListener - Processing flush-time cascades
16:39:04.936 [main] DEBUG org.hibernate.event.internal.AbstractFlushingEventListener - Dirty checking collections
16:39:04.937 [main] DEBUG org.hibernate.engine.internal.Collections - Collection found: [com.joseph.entity.Client.orders#136], was: [com.joseph.entity.Client.orders#136] (uninitialized)
16:39:04.937 [main] DEBUG org.hibernate.engine.internal.Collections - Collection dereferenced: [com.joseph.entity.Order.orderItems#94]
16:39:04.937 [main] DEBUG org.hibernate.event.internal.AbstractFlushingEventListener - Flushed: 0 insertions, 0 updates, 1 deletions to 2 objects
16:39:04.937 [main] DEBUG org.hibernate.event.internal.AbstractFlushingEventListener - Flushed: 0 (re)creations, 0 updates, 1 removals to 2 collections
16:39:04.937 [main] DEBUG org.hibernate.internal.util.EntityPrinter - Listing entities:
16:39:04.937 [main] DEBUG org.hibernate.internal.util.EntityPrinter - com.joseph.entity.Client{nameclient=null, emailclient=null, orders=<uninitialized>, idclient=136}
16:39:04.937 [main] DEBUG org.hibernate.internal.util.EntityPrinter - com.joseph.entity.Order{idorder=94, client=com.joseph.entity.Client#136, dateorder=2024-01-04, orderItems=[], statusorder=INPROGRESS, totalorder=300.0}
16:39:04.937 [main] DEBUG org.hibernate.SQL - delete from order_table where idorder=?
16:39:04.939 [main] DEBUG org.springframework.orm.jpa.JpaTransactionManager - Closing JPA EntityManager [SessionImpl(PersistenceContext[entityKeys=[EntityKey[com.joseph.entity.Client#136]],collectionKeys=[CollectionKey[com.joseph.entity.Client.orders#136]]];ActionQueue[insertions=ExecutableList{size=0} updates=ExecutableList{size=0} deletions=ExecutableList{size=0} orphanRemovals=ExecutableList{size=0} collectionCreations=ExecutableList{size=0} collectionRemovals=ExecutableList{size=0} collectionUpdates=ExecutableList{size=0} collectionQueuedOps=ExecutableList{size=0} unresolvedInsertDependencies=null])] after transaction
16:39:04.939 [main] DEBUG org.hibernate.engine.jdbc.internal.JdbcCoordinatorImpl - HHH000420: Closing un-released batch
16:39:04.940 [main] DEBUG org.springframework.orm.jpa.JpaTransactionManager - Creating new transaction with name [org.springframework.data.jpa.repository.support.SimpleJpaRepository.findAll]: PROPAGATION_REQUIRED,ISOLATION_DEFAULT,readOnly
16:39:04.940 [main] DEBUG org.springframework.orm.jpa.JpaTransactionManager - Opened new EntityManager [SessionImpl(PersistenceContext[entityKeys=[],collectionKeys=[]];ActionQueue[insertions=ExecutableList{size=0} updates=ExecutableList{size=0} deletions=ExecutableList{size=0} orphanRemovals=ExecutableList{size=0} collectionCreations=ExecutableList{size=0} collectionRemovals=ExecutableList{size=0} collectionUpdates=ExecutableList{size=0} collectionQueuedOps=ExecutableList{size=0} unresolvedInsertDependencies=null])] for JPA transaction
16:39:04.940 [main] DEBUG org.springframework.jdbc.datasource.DriverManagerDataSource - Creating new JDBC DriverManager Connection to [jdbc:mysql://localhost:3306/testcraftcore?useSSL=false&useTimezone=true&serverTimezone=UTC]
16:39:04.945 [main] DEBUG org.springframework.jdbc.datasource.DataSourceUtils - Setting JDBC Connection [com.mysql.cj.jdbc.ConnectionImpl@46320c9a] read-only
16:39:04.946 [main] DEBUG org.hibernate.engine.transaction.internal.TransactionImpl - begin
16:39:04.946 [main] DEBUG org.springframework.orm.jpa.JpaTransactionManager - Exposing JPA transaction as JDBC [org.springframework.orm.jpa.vendor.HibernateJpaDialect$HibernateConnectionHandle@32256e68]
16:39:04.946 [main] DEBUG org.hibernate.query.criteria.internal.CriteriaQueryImpl - Rendered criteria query -> select generatedAlias0 from Order as generatedAlias0
16:39:04.947 [main] DEBUG org.hibernate.SQL - select order0_.idorder as idorder1_1_, order0_.idclient as idclient5_1_, order0_.dateorder as dateorde2_1_, order0_.statusorder as statusor3_1_, order0_.totalorder as totalord4_1_ from order_table order0_
16:39:04.949 [main] DEBUG org.hibernate.loader.Loader - Result set row: 0
16:39:04.950 [main] DEBUG org.hibernate.loader.Loader - Result row: EntityKey[com.joseph.entity.Order#93]
16:39:04.950 [main] DEBUG org.hibernate.loader.Loader - Result set row: 1
16:39:04.951 [main] DEBUG org.hibernate.loader.Loader - Result row: EntityKey[com.joseph.entity.Order#92]
16:39:04.951 [main] DEBUG org.hibernate.engine.internal.TwoPhaseLoad - Resolving associations for [com.joseph.entity.Order#93]
16:39:04.951 [main] DEBUG org.hibernate.SQL - select client0_.idclient as idclient1_0_0_, client0_.emailclient as emailcli2_0_0_, client0_.nameclient as nameclie3_0_0_ from client client0_ where client0_.idclient=?
16:39:04.953 [main] DEBUG org.hibernate.loader.plan.exec.process.internal.ResultSetProcessorImpl - Starting ResultSet row #0
16:39:04.953 [main] DEBUG org.hibernate.loader.plan.exec.process.internal.EntityReferenceInitializerImpl - On call to EntityIdentifierReaderImpl#resolve, EntityKey was already known; should only happen on root returns with an optional identifier specified
16:39:04.953 [main] DEBUG org.hibernate.engine.internal.TwoPhaseLoad - Resolving associations for [com.joseph.entity.Client#136]
16:39:04.954 [main] DEBUG org.hibernate.engine.internal.TwoPhaseLoad - Done materializing entity [com.joseph.entity.Client#136]
16:39:04.954 [main] DEBUG org.hibernate.resource.jdbc.internal.ResourceRegistryStandardImpl - HHH000387: ResultSet's statement was not registered
16:39:04.954 [main] DEBUG org.hibernate.loader.entity.plan.AbstractLoadPlanBasedEntityLoader - Done entity load : com.joseph.entity.Client#136
16:39:04.954 [main] DEBUG org.hibernate.engine.internal.TwoPhaseLoad - Done materializing entity [com.joseph.entity.Order#93]
16:39:04.954 [main] DEBUG org.hibernate.engine.internal.TwoPhaseLoad - Resolving associations for [com.joseph.entity.Order#92]
16:39:04.954 [main] DEBUG org.hibernate.engine.internal.TwoPhaseLoad - Done materializing entity [com.joseph.entity.Order#92]
16:39:04.954 [main] DEBUG org.springframework.orm.jpa.JpaTransactionManager - Initiating transaction commit
16:39:04.954 [main] DEBUG org.springframework.orm.jpa.JpaTransactionManager - Committing JPA transaction on EntityManager [SessionImpl(PersistenceContext[entityKeys=[EntityKey[com.joseph.entity.Client#136], EntityKey[com.joseph.entity.Order#93], EntityKey[com.joseph.entity.Order#92]],collectionKeys=[CollectionKey[com.joseph.entity.Client.orders#136], CollectionKey[com.joseph.entity.Order.orderItems#93], CollectionKey[com.joseph.entity.Order.orderItems#92]]];ActionQueue[insertions=ExecutableList{size=0} updates=ExecutableList{size=0} deletions=ExecutableList{size=0} orphanRemovals=ExecutableList{size=0} collectionCreations=ExecutableList{size=0} collectionRemovals=ExecutableList{size=0} collectionUpdates=ExecutableList{size=0} collectionQueuedOps=ExecutableList{size=0} unresolvedInsertDependencies=null])]
16:39:04.954 [main] DEBUG org.hibernate.engine.transaction.internal.TransactionImpl - committing
16:39:04.955 [main] DEBUG org.springframework.jdbc.datasource.DataSourceUtils - Resetting read-only flag of JDBC Connection [com.mysql.cj.jdbc.ConnectionImpl@46320c9a]
16:39:04.955 [main] DEBUG org.springframework.orm.jpa.JpaTransactionManager - Closing JPA EntityManager [SessionImpl(PersistenceContext[entityKeys=[EntityKey[com.joseph.entity.Client#136], EntityKey[com.joseph.entity.Order#93], EntityKey[com.joseph.entity.Order#92]],collectionKeys=[CollectionKey[com.joseph.entity.Client.orders#136], CollectionKey[com.joseph.entity.Order.orderItems#93], CollectionKey[com.joseph.entity.Order.orderItems#92]]];ActionQueue[insertions=ExecutableList{size=0} updates=ExecutableList{size=0} deletions=ExecutableList{size=0} orphanRemovals=ExecutableList{size=0} collectionCreations=ExecutableList{size=0} collectionRemovals=ExecutableList{size=0} collectionUpdates=ExecutableList{size=0} collectionQueuedOps=ExecutableList{size=0} unresolvedInsertDependencies=null])] after transaction
16:39:04.956 [main] DEBUG org.springframework.test.context.cache.DefaultCacheAwareContextLoaderDelegate - Retrieved ApplicationContext [270056930] from cache with key [[MergedContextConfiguration@4e375bba testClass = OrderServiceImplTest, locations = '{}', classes = '{class com.joseph.config.PersistenceJPAConfig}', contextInitializerClasses = '[]', activeProfiles = '{}', propertySourceLocations = '{}', propertySourceProperties = '{}', contextCustomizers = set[[empty]], contextLoader = 'org.springframework.test.context.support.DelegatingSmartContextLoader', parent = [null]]]
16:39:04.956 [main] DEBUG org.springframework.test.context.cache - Spring test ApplicationContext cache statistics: [DefaultContextCache@65bb6275 size = 1, maxSize = 32, parentContextCount = 0, hitCount = 66, missCount = 1]
16:39:04.956 [main] DEBUG org.springframework.orm.jpa.JpaTransactionManager - Creating new transaction with name [org.springframework.data.jpa.repository.support.SimpleJpaRepository.deleteAll]: PROPAGATION_REQUIRED,ISOLATION_DEFAULT
16:39:04.956 [main] DEBUG org.springframework.orm.jpa.JpaTransactionManager - Opened new EntityManager [SessionImpl(PersistenceContext[entityKeys=[],collectionKeys=[]];ActionQueue[insertions=ExecutableList{size=0} updates=ExecutableList{size=0} deletions=ExecutableList{size=0} orphanRemovals=ExecutableList{size=0} collectionCreations=ExecutableList{size=0} collectionRemovals=ExecutableList{size=0} collectionUpdates=ExecutableList{size=0} collectionQueuedOps=ExecutableList{size=0} unresolvedInsertDependencies=null])] for JPA transaction
16:39:04.956 [main] DEBUG org.hibernate.engine.transaction.internal.TransactionImpl - begin
16:39:04.956 [main] DEBUG org.springframework.jdbc.datasource.DriverManagerDataSource - Creating new JDBC DriverManager Connection to [jdbc:mysql://localhost:3306/testcraftcore?useSSL=false&useTimezone=true&serverTimezone=UTC]
16:39:04.961 [main] DEBUG org.springframework.orm.jpa.JpaTransactionManager - Exposing JPA transaction as JDBC [org.springframework.orm.jpa.vendor.HibernateJpaDialect$HibernateConnectionHandle@4b97b3d2]
16:39:04.961 [main] DEBUG org.hibernate.query.criteria.internal.CriteriaQueryImpl - Rendered criteria query -> select generatedAlias0 from Client as generatedAlias0
16:39:04.962 [main] DEBUG org.hibernate.SQL - select client0_.idclient as idclient1_0_, client0_.emailclient as emailcli2_0_, client0_.nameclient as nameclie3_0_ from client client0_
16:39:04.963 [main] DEBUG org.hibernate.loader.Loader - Result set row: 0
16:39:04.963 [main] DEBUG org.hibernate.loader.Loader - Result row: EntityKey[com.joseph.entity.Client#136]
16:39:04.963 [main] DEBUG org.hibernate.engine.internal.TwoPhaseLoad - Resolving associations for [com.joseph.entity.Client#136]
16:39:04.963 [main] DEBUG org.hibernate.engine.internal.TwoPhaseLoad - Done materializing entity [com.joseph.entity.Client#136]
16:39:04.963 [main] DEBUG org.hibernate.loader.collection.plan.AbstractLoadPlanBasedCollectionInitializer - Loading collection: [com.joseph.entity.Client.orders#136]
16:39:04.964 [main] DEBUG org.hibernate.SQL - select orders0_.idclient as idclient5_1_0_, orders0_.idorder as idorder1_1_0_, orders0_.idorder as idorder1_1_1_, orders0_.idclient as idclient5_1_1_, orders0_.dateorder as dateorde2_1_1_, orders0_.statusorder as statusor3_1_1_, orders0_.totalorder as totalord4_1_1_ from order_table orders0_ where orders0_.idclient=?
16:39:04.965 [main] DEBUG org.hibernate.loader.plan.exec.process.internal.ResultSetProcessorImpl - Preparing collection intializer : [com.joseph.entity.Client.orders#136]
16:39:04.965 [main] DEBUG org.hibernate.loader.plan.exec.process.internal.ResultSetProcessorImpl - Starting ResultSet row #0
16:39:04.965 [main] DEBUG org.hibernate.loader.plan.exec.process.internal.CollectionReferenceInitializerImpl - Found row of collection: [com.joseph.entity.Client.orders#136]
16:39:04.965 [main] DEBUG org.hibernate.loader.plan.exec.process.internal.ResultSetProcessorImpl - Starting ResultSet row #1
16:39:04.967 [main] DEBUG org.hibernate.loader.plan.exec.process.internal.CollectionReferenceInitializerImpl - Found row of collection: [com.joseph.entity.Client.orders#136]
16:39:04.967 [main] DEBUG org.hibernate.engine.internal.TwoPhaseLoad - Resolving associations for [com.joseph.entity.Order#93]
16:39:04.967 [main] DEBUG org.hibernate.engine.internal.TwoPhaseLoad - Done materializing entity [com.joseph.entity.Order#93]
16:39:04.967 [main] DEBUG org.hibernate.engine.internal.TwoPhaseLoad - Resolving associations for [com.joseph.entity.Order#92]
16:39:04.967 [main] DEBUG org.hibernate.engine.internal.TwoPhaseLoad - Done materializing entity [com.joseph.entity.Order#92]
16:39:04.967 [main] DEBUG org.hibernate.engine.loading.internal.CollectionLoadContext - 1 collections were found in result set for role: com.joseph.entity.Client.orders
16:39:04.968 [main] DEBUG org.hibernate.engine.loading.internal.CollectionLoadContext - Collection fully initialized: [com.joseph.entity.Client.orders#136]
16:39:04.968 [main] DEBUG org.hibernate.engine.loading.internal.CollectionLoadContext - 1 collections initialized for role: com.joseph.entity.Client.orders
16:39:04.968 [main] DEBUG org.hibernate.resource.jdbc.internal.ResourceRegistryStandardImpl - HHH000387: ResultSet's statement was not registered
16:39:04.968 [main] DEBUG org.hibernate.loader.collection.plan.AbstractLoadPlanBasedCollectionInitializer - Done loading collection
16:39:04.968 [main] DEBUG org.hibernate.loader.collection.plan.AbstractLoadPlanBasedCollectionInitializer - Loading collection: [com.joseph.entity.Order.orderItems#92]
16:39:04.968 [main] DEBUG org.hibernate.SQL - select orderitems0_.idorder as idorder3_2_0_, orderitems0_.id as id1_2_0_, orderitems0_.id as id1_2_1_, orderitems0_.idorder as idorder3_2_1_, orderitems0_.idproduct as idproduc4_2_1_, orderitems0_.quantity as quantity2_2_1_, product1_.idproduct as idproduc1_3_2_, product1_.nameproduct as nameprod2_3_2_, product1_.priceproduct as pricepro3_3_2_, product1_.stockproduct as stockpro4_3_2_ from orderitems orderitems0_ left outer join Product product1_ on orderitems0_.idproduct=product1_.idproduct where orderitems0_.idorder=?
16:39:04.972 [main] DEBUG org.hibernate.loader.plan.exec.process.internal.ResultSetProcessorImpl - Preparing collection intializer : [com.joseph.entity.Order.orderItems#92]
16:39:04.972 [main] DEBUG org.hibernate.engine.loading.internal.CollectionLoadContext - 1 collections were found in result set for role: com.joseph.entity.Order.orderItems
16:39:04.972 [main] DEBUG org.hibernate.engine.loading.internal.CollectionLoadContext - Collection fully initialized: [com.joseph.entity.Order.orderItems#92]
16:39:04.972 [main] DEBUG org.hibernate.engine.loading.internal.CollectionLoadContext - 1 collections initialized for role: com.joseph.entity.Order.orderItems
16:39:04.972 [main] DEBUG org.hibernate.resource.jdbc.internal.ResourceRegistryStandardImpl - HHH000387: ResultSet's statement was not registered
16:39:04.972 [main] DEBUG org.hibernate.loader.collection.plan.AbstractLoadPlanBasedCollectionInitializer - Done loading collection
16:39:04.972 [main] DEBUG org.hibernate.loader.collection.plan.AbstractLoadPlanBasedCollectionInitializer - Loading collection: [com.joseph.entity.Order.orderItems#93]
16:39:04.973 [main] DEBUG org.hibernate.SQL - select orderitems0_.idorder as idorder3_2_0_, orderitems0_.id as id1_2_0_, orderitems0_.id as id1_2_1_, orderitems0_.idorder as idorder3_2_1_, orderitems0_.idproduct as idproduc4_2_1_, orderitems0_.quantity as quantity2_2_1_, product1_.idproduct as idproduc1_3_2_, product1_.nameproduct as nameprod2_3_2_, product1_.priceproduct as pricepro3_3_2_, product1_.stockproduct as stockpro4_3_2_ from orderitems orderitems0_ left outer join Product product1_ on orderitems0_.idproduct=product1_.idproduct where orderitems0_.idorder=?
16:39:04.974 [main] DEBUG org.hibernate.loader.plan.exec.process.internal.ResultSetProcessorImpl - Preparing collection intializer : [com.joseph.entity.Order.orderItems#93]
16:39:04.974 [main] DEBUG org.hibernate.engine.loading.internal.CollectionLoadContext - 1 collections were found in result set for role: com.joseph.entity.Order.orderItems
16:39:04.974 [main] DEBUG org.hibernate.engine.loading.internal.CollectionLoadContext - Collection fully initialized: [com.joseph.entity.Order.orderItems#93]
16:39:04.974 [main] DEBUG org.hibernate.engine.loading.internal.CollectionLoadContext - 1 collections initialized for role: com.joseph.entity.Order.orderItems
16:39:04.974 [main] DEBUG org.hibernate.resource.jdbc.internal.ResourceRegistryStandardImpl - HHH000387: ResultSet's statement was not registered
16:39:04.974 [main] DEBUG org.hibernate.loader.collection.plan.AbstractLoadPlanBasedCollectionInitializer - Done loading collection
16:39:04.975 [main] DEBUG org.springframework.orm.jpa.JpaTransactionManager - Initiating transaction commit
16:39:04.975 [main] DEBUG org.springframework.orm.jpa.JpaTransactionManager - Committing JPA transaction on EntityManager [SessionImpl(PersistenceContext[entityKeys=[EntityKey[com.joseph.entity.Client#136], EntityKey[com.joseph.entity.Order#93], EntityKey[com.joseph.entity.Order#92]],collectionKeys=[CollectionKey[com.joseph.entity.Client.orders#136], CollectionKey[com.joseph.entity.Order.orderItems#93], CollectionKey[com.joseph.entity.Order.orderItems#92]]];ActionQueue[insertions=ExecutableList{size=0} updates=ExecutableList{size=0} deletions=ExecutableList{size=3} orphanRemovals=ExecutableList{size=0} collectionCreations=ExecutableList{size=0} collectionRemovals=ExecutableList{size=0} collectionUpdates=ExecutableList{size=0} collectionQueuedOps=ExecutableList{size=0} unresolvedInsertDependencies=null])]
16:39:04.975 [main] DEBUG org.hibernate.engine.transaction.internal.TransactionImpl - committing
16:39:04.975 [main] DEBUG org.hibernate.event.internal.AbstractFlushingEventListener - Processing flush-time cascades
16:39:04.975 [main] DEBUG org.hibernate.event.internal.AbstractFlushingEventListener - Dirty checking collections
16:39:04.975 [main] DEBUG org.hibernate.engine.internal.Collections - Collection dereferenced: [com.joseph.entity.Client.orders#136]
16:39:04.975 [main] DEBUG org.hibernate.engine.internal.Collections - Collection dereferenced: [com.joseph.entity.Order.orderItems#93]
16:39:04.975 [main] DEBUG org.hibernate.engine.internal.Collections - Collection dereferenced: [com.joseph.entity.Order.orderItems#92]
16:39:04.975 [main] DEBUG org.hibernate.event.internal.AbstractFlushingEventListener - Flushed: 0 insertions, 0 updates, 3 deletions to 3 objects
16:39:04.975 [main] DEBUG org.hibernate.event.internal.AbstractFlushingEventListener - Flushed: 0 (re)creations, 0 updates, 3 removals to 3 collections
16:39:04.975 [main] DEBUG org.hibernate.internal.util.EntityPrinter - Listing entities:
16:39:04.975 [main] DEBUG org.hibernate.internal.util.EntityPrinter - com.joseph.entity.Client{nameclient=null, emailclient=null, orders=[com.joseph.entity.Order#92, com.joseph.entity.Order#93], idclient=136}
16:39:04.975 [main] DEBUG org.hibernate.internal.util.EntityPrinter - com.joseph.entity.Order{idorder=93, client=com.joseph.entity.Client#136, dateorder=2024-01-04, orderItems=[], statusorder=INPROGRESS, totalorder=300.0}
16:39:04.976 [main] DEBUG org.hibernate.internal.util.EntityPrinter - com.joseph.entity.Order{idorder=92, client=com.joseph.entity.Client#136, dateorder=2024-01-04, orderItems=[], statusorder=INPROGRESS, totalorder=300.0}
16:39:04.976 [main] DEBUG org.hibernate.SQL - delete from order_table where idorder=?
16:39:04.977 [main] DEBUG org.hibernate.SQL - delete from order_table where idorder=?
16:39:04.978 [main] DEBUG org.hibernate.SQL - delete from client where idclient=?
16:39:04.981 [main] DEBUG org.springframework.orm.jpa.JpaTransactionManager - Closing JPA EntityManager [SessionImpl(PersistenceContext[entityKeys=[],collectionKeys=[]];ActionQueue[insertions=ExecutableList{size=0} updates=ExecutableList{size=0} deletions=ExecutableList{size=0} orphanRemovals=ExecutableList{size=0} collectionCreations=ExecutableList{size=0} collectionRemovals=ExecutableList{size=0} collectionUpdates=ExecutableList{size=0} collectionQueuedOps=ExecutableList{size=0} unresolvedInsertDependencies=null])] after transaction
16:39:04.981 [main] DEBUG org.hibernate.engine.jdbc.internal.JdbcCoordinatorImpl - HHH000420: Closing un-released batch
16:39:04.983 [main] DEBUG org.springframework.test.context.cache.DefaultCacheAwareContextLoaderDelegate - Retrieved ApplicationContext [270056930] from cache with key [[MergedContextConfiguration@4e375bba testClass = OrderServiceImplTest, locations = '{}', classes = '{class com.joseph.config.PersistenceJPAConfig}', contextInitializerClasses = '[]', activeProfiles = '{}', propertySourceLocations = '{}', propertySourceProperties = '{}', contextCustomizers = set[[empty]], contextLoader = 'org.springframework.test.context.support.DelegatingSmartContextLoader', parent = [null]]]
16:39:04.983 [main] DEBUG org.springframework.test.context.cache - Spring test ApplicationContext cache statistics: [DefaultContextCache@65bb6275 size = 1, maxSize = 32, parentContextCount = 0, hitCount = 67, missCount = 1]
16:39:04.983 [main] DEBUG org.springframework.test.context.support.AbstractDirtiesContextTestExecutionListener - After test method: context [DefaultTestContext@30c19bff testClass = OrderServiceImplTest, testInstance = com.joseph.service.Impl.OrderServiceImplTest@7a083b96, testMethod = testdeleteOrder@OrderServiceImplTest, testException = [null], mergedContextConfiguration = [MergedContextConfiguration@4e375bba testClass = OrderServiceImplTest, locations = '{}', classes = '{class com.joseph.config.PersistenceJPAConfig}', contextInitializerClasses = '[]', activeProfiles = '{}', propertySourceLocations = '{}', propertySourceProperties = '{}', contextCustomizers = set[[empty]], contextLoader = 'org.springframework.test.context.support.DelegatingSmartContextLoader', parent = [null]], attributes = map[[empty]]], class annotated with @DirtiesContext [false] with mode [null], method annotated with @DirtiesContext [false] with mode [null].
]]></system-out>
  </testcase>
  <testcase name="testSaveOrder" classname="com.joseph.service.Impl.OrderServiceImplTest" time="0.138">
    <system-out><![CDATA[16:39:04.986 [main] DEBUG org.springframework.test.context.support.DependencyInjectionTestExecutionListener - Performing dependency injection for test context [[DefaultTestContext@30c19bff testClass = OrderServiceImplTest, testInstance = com.joseph.service.Impl.OrderServiceImplTest@15986dd5, testMethod = [null], testException = [null], mergedContextConfiguration = [MergedContextConfiguration@4e375bba testClass = OrderServiceImplTest, locations = '{}', classes = '{class com.joseph.config.PersistenceJPAConfig}', contextInitializerClasses = '[]', activeProfiles = '{}', propertySourceLocations = '{}', propertySourceProperties = '{}', contextCustomizers = set[[empty]], contextLoader = 'org.springframework.test.context.support.DelegatingSmartContextLoader', parent = [null]], attributes = map[[empty]]]].
16:39:04.986 [main] DEBUG org.springframework.test.context.cache.DefaultCacheAwareContextLoaderDelegate - Retrieved ApplicationContext [270056930] from cache with key [[MergedContextConfiguration@4e375bba testClass = OrderServiceImplTest, locations = '{}', classes = '{class com.joseph.config.PersistenceJPAConfig}', contextInitializerClasses = '[]', activeProfiles = '{}', propertySourceLocations = '{}', propertySourceProperties = '{}', contextCustomizers = set[[empty]], contextLoader = 'org.springframework.test.context.support.DelegatingSmartContextLoader', parent = [null]]]
16:39:04.986 [main] DEBUG org.springframework.test.context.cache - Spring test ApplicationContext cache statistics: [DefaultContextCache@65bb6275 size = 1, maxSize = 32, parentContextCount = 0, hitCount = 68, missCount = 1]
16:39:04.986 [main] DEBUG org.springframework.test.context.cache.DefaultCacheAwareContextLoaderDelegate - Retrieved ApplicationContext [270056930] from cache with key [[MergedContextConfiguration@4e375bba testClass = OrderServiceImplTest, locations = '{}', classes = '{class com.joseph.config.PersistenceJPAConfig}', contextInitializerClasses = '[]', activeProfiles = '{}', propertySourceLocations = '{}', propertySourceProperties = '{}', contextCustomizers = set[[empty]], contextLoader = 'org.springframework.test.context.support.DelegatingSmartContextLoader', parent = [null]]]
16:39:04.986 [main] DEBUG org.springframework.test.context.cache - Spring test ApplicationContext cache statistics: [DefaultContextCache@65bb6275 size = 1, maxSize = 32, parentContextCount = 0, hitCount = 69, missCount = 1]
16:39:04.988 [main] DEBUG org.springframework.test.context.support.AbstractDirtiesContextTestExecutionListener - Before test method: context [DefaultTestContext@30c19bff testClass = OrderServiceImplTest, testInstance = com.joseph.service.Impl.OrderServiceImplTest@15986dd5, testMethod = testSaveOrder@OrderServiceImplTest, testException = [null], mergedContextConfiguration = [MergedContextConfiguration@4e375bba testClass = OrderServiceImplTest, locations = '{}', classes = '{class com.joseph.config.PersistenceJPAConfig}', contextInitializerClasses = '[]', activeProfiles = '{}', propertySourceLocations = '{}', propertySourceProperties = '{}', contextCustomizers = set[[empty]], contextLoader = 'org.springframework.test.context.support.DelegatingSmartContextLoader', parent = [null]], attributes = map[[empty]]], class annotated with @DirtiesContext [false] with mode [null], method annotated with @DirtiesContext [false] with mode [null].
16:39:04.988 [main] DEBUG org.springframework.test.context.cache.DefaultCacheAwareContextLoaderDelegate - Retrieved ApplicationContext [270056930] from cache with key [[MergedContextConfiguration@4e375bba testClass = OrderServiceImplTest, locations = '{}', classes = '{class com.joseph.config.PersistenceJPAConfig}', contextInitializerClasses = '[]', activeProfiles = '{}', propertySourceLocations = '{}', propertySourceProperties = '{}', contextCustomizers = set[[empty]], contextLoader = 'org.springframework.test.context.support.DelegatingSmartContextLoader', parent = [null]]]
16:39:04.988 [main] DEBUG org.springframework.test.context.cache - Spring test ApplicationContext cache statistics: [DefaultContextCache@65bb6275 size = 1, maxSize = 32, parentContextCount = 0, hitCount = 70, missCount = 1]
16:39:04.988 [main] DEBUG org.springframework.orm.jpa.JpaTransactionManager - Creating new transaction with name [org.springframework.data.jpa.repository.support.SimpleJpaRepository.deleteAll]: PROPAGATION_REQUIRED,ISOLATION_DEFAULT
16:39:04.988 [main] DEBUG org.springframework.orm.jpa.JpaTransactionManager - Opened new EntityManager [SessionImpl(PersistenceContext[entityKeys=[],collectionKeys=[]];ActionQueue[insertions=ExecutableList{size=0} updates=ExecutableList{size=0} deletions=ExecutableList{size=0} orphanRemovals=ExecutableList{size=0} collectionCreations=ExecutableList{size=0} collectionRemovals=ExecutableList{size=0} collectionUpdates=ExecutableList{size=0} collectionQueuedOps=ExecutableList{size=0} unresolvedInsertDependencies=null])] for JPA transaction
16:39:04.989 [main] DEBUG org.hibernate.engine.transaction.internal.TransactionImpl - begin
16:39:04.989 [main] DEBUG org.springframework.jdbc.datasource.DriverManagerDataSource - Creating new JDBC DriverManager Connection to [jdbc:mysql://localhost:3306/testcraftcore?useSSL=false&useTimezone=true&serverTimezone=UTC]
16:39:04.993 [main] DEBUG org.springframework.orm.jpa.JpaTransactionManager - Exposing JPA transaction as JDBC [org.springframework.orm.jpa.vendor.HibernateJpaDialect$HibernateConnectionHandle@5bf9ea6b]
16:39:04.993 [main] DEBUG org.hibernate.query.criteria.internal.CriteriaQueryImpl - Rendered criteria query -> select generatedAlias0 from Client as generatedAlias0
16:39:04.994 [main] DEBUG org.hibernate.SQL - select client0_.idclient as idclient1_0_, client0_.emailclient as emailcli2_0_, client0_.nameclient as nameclie3_0_ from client client0_
16:39:04.995 [main] DEBUG org.springframework.orm.jpa.JpaTransactionManager - Initiating transaction commit
16:39:04.995 [main] DEBUG org.springframework.orm.jpa.JpaTransactionManager - Committing JPA transaction on EntityManager [SessionImpl(PersistenceContext[entityKeys=[],collectionKeys=[]];ActionQueue[insertions=ExecutableList{size=0} updates=ExecutableList{size=0} deletions=ExecutableList{size=0} orphanRemovals=ExecutableList{size=0} collectionCreations=ExecutableList{size=0} collectionRemovals=ExecutableList{size=0} collectionUpdates=ExecutableList{size=0} collectionQueuedOps=ExecutableList{size=0} unresolvedInsertDependencies=null])]
16:39:04.995 [main] DEBUG org.hibernate.engine.transaction.internal.TransactionImpl - committing
16:39:04.996 [main] DEBUG org.springframework.orm.jpa.JpaTransactionManager - Closing JPA EntityManager [SessionImpl(PersistenceContext[entityKeys=[],collectionKeys=[]];ActionQueue[insertions=ExecutableList{size=0} updates=ExecutableList{size=0} deletions=ExecutableList{size=0} orphanRemovals=ExecutableList{size=0} collectionCreations=ExecutableList{size=0} collectionRemovals=ExecutableList{size=0} collectionUpdates=ExecutableList{size=0} collectionQueuedOps=ExecutableList{size=0} unresolvedInsertDependencies=null])] after transaction
16:39:04.996 [main] DEBUG org.springframework.orm.jpa.JpaTransactionManager - Creating new transaction with name [org.springframework.data.jpa.repository.support.SimpleJpaRepository.save]: PROPAGATION_REQUIRED,ISOLATION_DEFAULT
16:39:04.997 [main] DEBUG org.springframework.orm.jpa.JpaTransactionManager - Opened new EntityManager [SessionImpl(PersistenceContext[entityKeys=[],collectionKeys=[]];ActionQueue[insertions=ExecutableList{size=0} updates=ExecutableList{size=0} deletions=ExecutableList{size=0} orphanRemovals=ExecutableList{size=0} collectionCreations=ExecutableList{size=0} collectionRemovals=ExecutableList{size=0} collectionUpdates=ExecutableList{size=0} collectionQueuedOps=ExecutableList{size=0} unresolvedInsertDependencies=null])] for JPA transaction
16:39:04.997 [main] DEBUG org.hibernate.engine.transaction.internal.TransactionImpl - begin
16:39:04.997 [main] DEBUG org.springframework.jdbc.datasource.DriverManagerDataSource - Creating new JDBC DriverManager Connection to [jdbc:mysql://localhost:3306/testcraftcore?useSSL=false&useTimezone=true&serverTimezone=UTC]
16:39:05.001 [main] DEBUG org.springframework.orm.jpa.JpaTransactionManager - Exposing JPA transaction as JDBC [org.springframework.orm.jpa.vendor.HibernateJpaDialect$HibernateConnectionHandle@59d0cdb6]
16:39:05.001 [main] DEBUG org.hibernate.engine.spi.ActionQueue - Executing identity-insert immediately
16:39:05.001 [main] DEBUG org.hibernate.SQL - insert into client (emailclient, nameclient) values (?, ?)
16:39:05.002 [main] DEBUG org.hibernate.id.IdentifierGeneratorHelper - Natively generated identity: 137
16:39:05.002 [main] DEBUG org.hibernate.resource.jdbc.internal.ResourceRegistryStandardImpl - HHH000387: ResultSet's statement was not registered
16:39:05.003 [main] DEBUG org.springframework.orm.jpa.JpaTransactionManager - Initiating transaction commit
16:39:05.003 [main] DEBUG org.springframework.orm.jpa.JpaTransactionManager - Committing JPA transaction on EntityManager [SessionImpl(PersistenceContext[entityKeys=[EntityKey[com.joseph.entity.Client#137]],collectionKeys=[]];ActionQueue[insertions=ExecutableList{size=0} updates=ExecutableList{size=0} deletions=ExecutableList{size=0} orphanRemovals=ExecutableList{size=0} collectionCreations=ExecutableList{size=0} collectionRemovals=ExecutableList{size=0} collectionUpdates=ExecutableList{size=0} collectionQueuedOps=ExecutableList{size=0} unresolvedInsertDependencies=null])]
16:39:05.003 [main] DEBUG org.hibernate.engine.transaction.internal.TransactionImpl - committing
16:39:05.003 [main] DEBUG org.hibernate.event.internal.AbstractFlushingEventListener - Processing flush-time cascades
16:39:05.003 [main] DEBUG org.hibernate.event.internal.AbstractFlushingEventListener - Dirty checking collections
16:39:05.003 [main] DEBUG org.hibernate.engine.internal.Collections - Collection found: [com.joseph.entity.Client.orders#137], was: [<unreferenced>] (initialized)
16:39:05.003 [main] DEBUG org.hibernate.event.internal.AbstractFlushingEventListener - Flushed: 0 insertions, 0 updates, 0 deletions to 1 objects
16:39:05.003 [main] DEBUG org.hibernate.event.internal.AbstractFlushingEventListener - Flushed: 1 (re)creations, 0 updates, 0 removals to 1 collections
16:39:05.003 [main] DEBUG org.hibernate.internal.util.EntityPrinter - Listing entities:
16:39:05.003 [main] DEBUG org.hibernate.internal.util.EntityPrinter - com.joseph.entity.Client{nameclient=null, emailclient=null, orders=[], idclient=137}
16:39:05.004 [main] DEBUG org.springframework.orm.jpa.JpaTransactionManager - Closing JPA EntityManager [SessionImpl(PersistenceContext[entityKeys=[EntityKey[com.joseph.entity.Client#137]],collectionKeys=[CollectionKey[com.joseph.entity.Client.orders#137]]];ActionQueue[insertions=ExecutableList{size=0} updates=ExecutableList{size=0} deletions=ExecutableList{size=0} orphanRemovals=ExecutableList{size=0} collectionCreations=ExecutableList{size=0} collectionRemovals=ExecutableList{size=0} collectionUpdates=ExecutableList{size=0} collectionQueuedOps=ExecutableList{size=0} unresolvedInsertDependencies=null])] after transaction
16:39:05.004 [main] DEBUG org.springframework.orm.jpa.JpaTransactionManager - Creating new transaction with name [org.springframework.data.jpa.repository.support.SimpleJpaRepository.save]: PROPAGATION_REQUIRED,ISOLATION_DEFAULT
16:39:05.005 [main] DEBUG org.springframework.orm.jpa.JpaTransactionManager - Opened new EntityManager [SessionImpl(PersistenceContext[entityKeys=[],collectionKeys=[]];ActionQueue[insertions=ExecutableList{size=0} updates=ExecutableList{size=0} deletions=ExecutableList{size=0} orphanRemovals=ExecutableList{size=0} collectionCreations=ExecutableList{size=0} collectionRemovals=ExecutableList{size=0} collectionUpdates=ExecutableList{size=0} collectionQueuedOps=ExecutableList{size=0} unresolvedInsertDependencies=null])] for JPA transaction
16:39:05.005 [main] DEBUG org.hibernate.engine.transaction.internal.TransactionImpl - begin
16:39:05.005 [main] DEBUG org.springframework.jdbc.datasource.DriverManagerDataSource - Creating new JDBC DriverManager Connection to [jdbc:mysql://localhost:3306/testcraftcore?useSSL=false&useTimezone=true&serverTimezone=UTC]
16:39:05.010 [main] DEBUG org.springframework.orm.jpa.JpaTransactionManager - Exposing JPA transaction as JDBC [org.springframework.orm.jpa.vendor.HibernateJpaDialect$HibernateConnectionHandle@73e776b7]
16:39:05.010 [main] DEBUG org.hibernate.engine.spi.ActionQueue - Executing identity-insert immediately
16:39:05.010 [main] DEBUG org.hibernate.SQL - insert into order_table (idclient, dateorder, statusorder, totalorder) values (?, ?, ?, ?)
16:39:05.010 [main] DEBUG org.hibernate.id.IdentifierGeneratorHelper - Natively generated identity: 95
16:39:05.010 [main] DEBUG org.hibernate.resource.jdbc.internal.ResourceRegistryStandardImpl - HHH000387: ResultSet's statement was not registered
16:39:05.011 [main] DEBUG org.springframework.orm.jpa.JpaTransactionManager - Initiating transaction commit
16:39:05.011 [main] DEBUG org.springframework.orm.jpa.JpaTransactionManager - Committing JPA transaction on EntityManager [SessionImpl(PersistenceContext[entityKeys=[EntityKey[com.joseph.entity.Order#95]],collectionKeys=[]];ActionQueue[insertions=ExecutableList{size=0} updates=ExecutableList{size=0} deletions=ExecutableList{size=0} orphanRemovals=ExecutableList{size=0} collectionCreations=ExecutableList{size=0} collectionRemovals=ExecutableList{size=0} collectionUpdates=ExecutableList{size=0} collectionQueuedOps=ExecutableList{size=0} unresolvedInsertDependencies=null])]
16:39:05.011 [main] DEBUG org.hibernate.engine.transaction.internal.TransactionImpl - committing
16:39:05.011 [main] DEBUG org.hibernate.event.internal.AbstractFlushingEventListener - Processing flush-time cascades
16:39:05.011 [main] DEBUG org.hibernate.event.internal.AbstractFlushingEventListener - Dirty checking collections
16:39:05.011 [main] DEBUG org.hibernate.engine.internal.Collections - Collection found: [com.joseph.entity.Order.orderItems#95], was: [<unreferenced>] (initialized)
16:39:05.011 [main] DEBUG org.hibernate.event.internal.AbstractFlushingEventListener - Flushed: 0 insertions, 0 updates, 0 deletions to 1 objects
16:39:05.011 [main] DEBUG org.hibernate.event.internal.AbstractFlushingEventListener - Flushed: 1 (re)creations, 0 updates, 0 removals to 1 collections
16:39:05.011 [main] DEBUG org.hibernate.internal.util.EntityPrinter - Listing entities:
16:39:05.011 [main] DEBUG org.hibernate.internal.util.EntityPrinter - com.joseph.entity.Order{idorder=95, client=com.joseph.entity.Client#137, dateorder=2024-01-04, orderItems=[], statusorder=INPROGRESS, totalorder=300.0}
16:39:05.012 [main] DEBUG org.springframework.orm.jpa.JpaTransactionManager - Closing JPA EntityManager [SessionImpl(PersistenceContext[entityKeys=[EntityKey[com.joseph.entity.Order#95]],collectionKeys=[CollectionKey[com.joseph.entity.Order.orderItems#95]]];ActionQueue[insertions=ExecutableList{size=0} updates=ExecutableList{size=0} deletions=ExecutableList{size=0} orphanRemovals=ExecutableList{size=0} collectionCreations=ExecutableList{size=0} collectionRemovals=ExecutableList{size=0} collectionUpdates=ExecutableList{size=0} collectionQueuedOps=ExecutableList{size=0} unresolvedInsertDependencies=null])] after transaction
16:39:05.013 [main] DEBUG org.springframework.orm.jpa.JpaTransactionManager - Creating new transaction with name [org.springframework.data.jpa.repository.support.SimpleJpaRepository.save]: PROPAGATION_REQUIRED,ISOLATION_DEFAULT
16:39:05.013 [main] DEBUG org.springframework.orm.jpa.JpaTransactionManager - Opened new EntityManager [SessionImpl(PersistenceContext[entityKeys=[],collectionKeys=[]];ActionQueue[insertions=ExecutableList{size=0} updates=ExecutableList{size=0} deletions=ExecutableList{size=0} orphanRemovals=ExecutableList{size=0} collectionCreations=ExecutableList{size=0} collectionRemovals=ExecutableList{size=0} collectionUpdates=ExecutableList{size=0} collectionQueuedOps=ExecutableList{size=0} unresolvedInsertDependencies=null])] for JPA transaction
16:39:05.013 [main] DEBUG org.hibernate.engine.transaction.internal.TransactionImpl - begin
16:39:05.013 [main] DEBUG org.springframework.jdbc.datasource.DriverManagerDataSource - Creating new JDBC DriverManager Connection to [jdbc:mysql://localhost:3306/testcraftcore?useSSL=false&useTimezone=true&serverTimezone=UTC]
16:39:05.019 [main] DEBUG org.springframework.orm.jpa.JpaTransactionManager - Exposing JPA transaction as JDBC [org.springframework.orm.jpa.vendor.HibernateJpaDialect$HibernateConnectionHandle@55736cfe]
16:39:05.019 [main] DEBUG org.hibernate.engine.spi.ActionQueue - Executing identity-insert immediately
16:39:05.019 [main] DEBUG org.hibernate.SQL - insert into order_table (idclient, dateorder, statusorder, totalorder) values (?, ?, ?, ?)
16:39:05.021 [main] DEBUG org.hibernate.id.IdentifierGeneratorHelper - Natively generated identity: 96
16:39:05.021 [main] DEBUG org.hibernate.resource.jdbc.internal.ResourceRegistryStandardImpl - HHH000387: ResultSet's statement was not registered
16:39:05.021 [main] DEBUG org.springframework.orm.jpa.JpaTransactionManager - Initiating transaction commit
16:39:05.021 [main] DEBUG org.springframework.orm.jpa.JpaTransactionManager - Committing JPA transaction on EntityManager [SessionImpl(PersistenceContext[entityKeys=[EntityKey[com.joseph.entity.Order#96]],collectionKeys=[]];ActionQueue[insertions=ExecutableList{size=0} updates=ExecutableList{size=0} deletions=ExecutableList{size=0} orphanRemovals=ExecutableList{size=0} collectionCreations=ExecutableList{size=0} collectionRemovals=ExecutableList{size=0} collectionUpdates=ExecutableList{size=0} collectionQueuedOps=ExecutableList{size=0} unresolvedInsertDependencies=null])]
16:39:05.021 [main] DEBUG org.hibernate.engine.transaction.internal.TransactionImpl - committing
16:39:05.021 [main] DEBUG org.hibernate.event.internal.AbstractFlushingEventListener - Processing flush-time cascades
16:39:05.021 [main] DEBUG org.hibernate.event.internal.AbstractFlushingEventListener - Dirty checking collections
16:39:05.021 [main] DEBUG org.hibernate.engine.internal.Collections - Collection found: [com.joseph.entity.Order.orderItems#96], was: [<unreferenced>] (initialized)
16:39:05.021 [main] DEBUG org.hibernate.event.internal.AbstractFlushingEventListener - Flushed: 0 insertions, 0 updates, 0 deletions to 1 objects
16:39:05.021 [main] DEBUG org.hibernate.event.internal.AbstractFlushingEventListener - Flushed: 1 (re)creations, 0 updates, 0 removals to 1 collections
16:39:05.021 [main] DEBUG org.hibernate.internal.util.EntityPrinter - Listing entities:
16:39:05.021 [main] DEBUG org.hibernate.internal.util.EntityPrinter - com.joseph.entity.Order{idorder=96, client=com.joseph.entity.Client#137, dateorder=2024-01-04, orderItems=[], statusorder=INPROGRESS, totalorder=300.0}
16:39:05.024 [main] DEBUG org.springframework.orm.jpa.JpaTransactionManager - Closing JPA EntityManager [SessionImpl(PersistenceContext[entityKeys=[EntityKey[com.joseph.entity.Order#96]],collectionKeys=[CollectionKey[com.joseph.entity.Order.orderItems#96]]];ActionQueue[insertions=ExecutableList{size=0} updates=ExecutableList{size=0} deletions=ExecutableList{size=0} orphanRemovals=ExecutableList{size=0} collectionCreations=ExecutableList{size=0} collectionRemovals=ExecutableList{size=0} collectionUpdates=ExecutableList{size=0} collectionQueuedOps=ExecutableList{size=0} unresolvedInsertDependencies=null])] after transaction
16:39:05.024 [main] DEBUG org.springframework.orm.jpa.JpaTransactionManager - Creating new transaction with name [org.springframework.data.jpa.repository.support.SimpleJpaRepository.save]: PROPAGATION_REQUIRED,ISOLATION_DEFAULT
16:39:05.024 [main] DEBUG org.springframework.orm.jpa.JpaTransactionManager - Opened new EntityManager [SessionImpl(PersistenceContext[entityKeys=[],collectionKeys=[]];ActionQueue[insertions=ExecutableList{size=0} updates=ExecutableList{size=0} deletions=ExecutableList{size=0} orphanRemovals=ExecutableList{size=0} collectionCreations=ExecutableList{size=0} collectionRemovals=ExecutableList{size=0} collectionUpdates=ExecutableList{size=0} collectionQueuedOps=ExecutableList{size=0} unresolvedInsertDependencies=null])] for JPA transaction
16:39:05.024 [main] DEBUG org.hibernate.engine.transaction.internal.TransactionImpl - begin
16:39:05.024 [main] DEBUG org.springframework.jdbc.datasource.DriverManagerDataSource - Creating new JDBC DriverManager Connection to [jdbc:mysql://localhost:3306/testcraftcore?useSSL=false&useTimezone=true&serverTimezone=UTC]
16:39:05.030 [main] DEBUG org.springframework.orm.jpa.JpaTransactionManager - Exposing JPA transaction as JDBC [org.springframework.orm.jpa.vendor.HibernateJpaDialect$HibernateConnectionHandle@7015ebef]
16:39:05.030 [main] DEBUG org.hibernate.engine.spi.ActionQueue - Executing identity-insert immediately
16:39:05.030 [main] DEBUG org.hibernate.SQL - insert into order_table (idclient, dateorder, statusorder, totalorder) values (?, ?, ?, ?)
16:39:05.032 [main] DEBUG org.hibernate.id.IdentifierGeneratorHelper - Natively generated identity: 97
16:39:05.032 [main] DEBUG org.hibernate.resource.jdbc.internal.ResourceRegistryStandardImpl - HHH000387: ResultSet's statement was not registered
16:39:05.032 [main] DEBUG org.springframework.orm.jpa.JpaTransactionManager - Initiating transaction commit
16:39:05.032 [main] DEBUG org.springframework.orm.jpa.JpaTransactionManager - Committing JPA transaction on EntityManager [SessionImpl(PersistenceContext[entityKeys=[EntityKey[com.joseph.entity.Order#97]],collectionKeys=[]];ActionQueue[insertions=ExecutableList{size=0} updates=ExecutableList{size=0} deletions=ExecutableList{size=0} orphanRemovals=ExecutableList{size=0} collectionCreations=ExecutableList{size=0} collectionRemovals=ExecutableList{size=0} collectionUpdates=ExecutableList{size=0} collectionQueuedOps=ExecutableList{size=0} unresolvedInsertDependencies=null])]
16:39:05.032 [main] DEBUG org.hibernate.engine.transaction.internal.TransactionImpl - committing
16:39:05.032 [main] DEBUG org.hibernate.event.internal.AbstractFlushingEventListener - Processing flush-time cascades
16:39:05.033 [main] DEBUG org.hibernate.event.internal.AbstractFlushingEventListener - Dirty checking collections
16:39:05.033 [main] DEBUG org.hibernate.engine.internal.Collections - Collection found: [com.joseph.entity.Order.orderItems#97], was: [<unreferenced>] (initialized)
16:39:05.033 [main] DEBUG org.hibernate.event.internal.AbstractFlushingEventListener - Flushed: 0 insertions, 0 updates, 0 deletions to 1 objects
16:39:05.033 [main] DEBUG org.hibernate.event.internal.AbstractFlushingEventListener - Flushed: 1 (re)creations, 0 updates, 0 removals to 1 collections
16:39:05.033 [main] DEBUG org.hibernate.internal.util.EntityPrinter - Listing entities:
16:39:05.033 [main] DEBUG org.hibernate.internal.util.EntityPrinter - com.joseph.entity.Order{idorder=97, client=com.joseph.entity.Client#137, dateorder=2024-01-04, orderItems=[], statusorder=INPROGRESS, totalorder=300.0}
16:39:05.035 [main] DEBUG org.springframework.orm.jpa.JpaTransactionManager - Closing JPA EntityManager [SessionImpl(PersistenceContext[entityKeys=[EntityKey[com.joseph.entity.Order#97]],collectionKeys=[CollectionKey[com.joseph.entity.Order.orderItems#97]]];ActionQueue[insertions=ExecutableList{size=0} updates=ExecutableList{size=0} deletions=ExecutableList{size=0} orphanRemovals=ExecutableList{size=0} collectionCreations=ExecutableList{size=0} collectionRemovals=ExecutableList{size=0} collectionUpdates=ExecutableList{size=0} collectionQueuedOps=ExecutableList{size=0} unresolvedInsertDependencies=null])] after transaction
16:39:05.036 [main] DEBUG org.springframework.test.context.cache.DefaultCacheAwareContextLoaderDelegate - Retrieved ApplicationContext [270056930] from cache with key [[MergedContextConfiguration@4e375bba testClass = OrderServiceImplTest, locations = '{}', classes = '{class com.joseph.config.PersistenceJPAConfig}', contextInitializerClasses = '[]', activeProfiles = '{}', propertySourceLocations = '{}', propertySourceProperties = '{}', contextCustomizers = set[[empty]], contextLoader = 'org.springframework.test.context.support.DelegatingSmartContextLoader', parent = [null]]]
16:39:05.037 [main] DEBUG org.springframework.test.context.cache - Spring test ApplicationContext cache statistics: [DefaultContextCache@65bb6275 size = 1, maxSize = 32, parentContextCount = 0, hitCount = 71, missCount = 1]
16:39:05.037 [main] DEBUG org.springframework.orm.jpa.JpaTransactionManager - Creating new transaction with name [com.joseph.service.Impl.OrderServiceImpl.saveOrder]: PROPAGATION_REQUIRED,ISOLATION_DEFAULT
16:39:05.037 [main] DEBUG org.springframework.orm.jpa.JpaTransactionManager - Opened new EntityManager [SessionImpl(PersistenceContext[entityKeys=[],collectionKeys=[]];ActionQueue[insertions=ExecutableList{size=0} updates=ExecutableList{size=0} deletions=ExecutableList{size=0} orphanRemovals=ExecutableList{size=0} collectionCreations=ExecutableList{size=0} collectionRemovals=ExecutableList{size=0} collectionUpdates=ExecutableList{size=0} collectionQueuedOps=ExecutableList{size=0} unresolvedInsertDependencies=null])] for JPA transaction
16:39:05.037 [main] DEBUG org.hibernate.engine.transaction.internal.TransactionImpl - begin
16:39:05.037 [main] DEBUG org.springframework.jdbc.datasource.DriverManagerDataSource - Creating new JDBC DriverManager Connection to [jdbc:mysql://localhost:3306/testcraftcore?useSSL=false&useTimezone=true&serverTimezone=UTC]
16:39:05.041 [main] DEBUG org.springframework.orm.jpa.JpaTransactionManager - Exposing JPA transaction as JDBC [org.springframework.orm.jpa.vendor.HibernateJpaDialect$HibernateConnectionHandle@617449dd]
16:39:05.042 [main] DEBUG org.springframework.orm.jpa.JpaTransactionManager - Found thread-bound EntityManager [SessionImpl(PersistenceContext[entityKeys=[],collectionKeys=[]];ActionQueue[insertions=ExecutableList{size=0} updates=ExecutableList{size=0} deletions=ExecutableList{size=0} orphanRemovals=ExecutableList{size=0} collectionCreations=ExecutableList{size=0} collectionRemovals=ExecutableList{size=0} collectionUpdates=ExecutableList{size=0} collectionQueuedOps=ExecutableList{size=0} unresolvedInsertDependencies=null])] for JPA transaction
16:39:05.042 [main] DEBUG org.springframework.orm.jpa.JpaTransactionManager - Participating in existing transaction
16:39:05.042 [main] DEBUG org.hibernate.engine.spi.ActionQueue - Executing identity-insert immediately
16:39:05.042 [main] DEBUG org.hibernate.SQL - insert into order_table (idclient, dateorder, statusorder, totalorder) values (?, ?, ?, ?)
16:39:05.043 [main] DEBUG org.hibernate.id.IdentifierGeneratorHelper - Natively generated identity: 98
16:39:05.043 [main] DEBUG org.hibernate.resource.jdbc.internal.ResourceRegistryStandardImpl - HHH000387: ResultSet's statement was not registered
16:39:05.044 [main] DEBUG org.springframework.orm.jpa.JpaTransactionManager - Initiating transaction commit
16:39:05.044 [main] DEBUG org.springframework.orm.jpa.JpaTransactionManager - Committing JPA transaction on EntityManager [SessionImpl(PersistenceContext[entityKeys=[EntityKey[com.joseph.entity.Order#98]],collectionKeys=[]];ActionQueue[insertions=ExecutableList{size=0} updates=ExecutableList{size=0} deletions=ExecutableList{size=0} orphanRemovals=ExecutableList{size=0} collectionCreations=ExecutableList{size=0} collectionRemovals=ExecutableList{size=0} collectionUpdates=ExecutableList{size=0} collectionQueuedOps=ExecutableList{size=0} unresolvedInsertDependencies=null])]
16:39:05.044 [main] DEBUG org.hibernate.engine.transaction.internal.TransactionImpl - committing
16:39:05.044 [main] DEBUG org.hibernate.event.internal.AbstractFlushingEventListener - Processing flush-time cascades
16:39:05.044 [main] DEBUG org.hibernate.event.internal.AbstractFlushingEventListener - Dirty checking collections
16:39:05.044 [main] DEBUG org.hibernate.engine.internal.Collections - Collection found: [com.joseph.entity.Order.orderItems#98], was: [<unreferenced>] (initialized)
16:39:05.044 [main] DEBUG org.hibernate.event.internal.AbstractFlushingEventListener - Flushed: 0 insertions, 0 updates, 0 deletions to 1 objects
16:39:05.044 [main] DEBUG org.hibernate.event.internal.AbstractFlushingEventListener - Flushed: 1 (re)creations, 0 updates, 0 removals to 1 collections
16:39:05.044 [main] DEBUG org.hibernate.internal.util.EntityPrinter - Listing entities:
16:39:05.044 [main] DEBUG org.hibernate.internal.util.EntityPrinter - com.joseph.entity.Order{idorder=98, client=com.joseph.entity.Client#137, dateorder=2024-01-04, orderItems=[], statusorder=INPROGRESS, totalorder=300.0}
16:39:05.045 [main] DEBUG org.springframework.orm.jpa.JpaTransactionManager - Closing JPA EntityManager [SessionImpl(PersistenceContext[entityKeys=[EntityKey[com.joseph.entity.Order#98]],collectionKeys=[CollectionKey[com.joseph.entity.Order.orderItems#98]]];ActionQueue[insertions=ExecutableList{size=0} updates=ExecutableList{size=0} deletions=ExecutableList{size=0} orphanRemovals=ExecutableList{size=0} collectionCreations=ExecutableList{size=0} collectionRemovals=ExecutableList{size=0} collectionUpdates=ExecutableList{size=0} collectionQueuedOps=ExecutableList{size=0} unresolvedInsertDependencies=null])] after transaction
16:39:05.045 [main] DEBUG org.springframework.orm.jpa.JpaTransactionManager - Creating new transaction with name [org.springframework.data.jpa.repository.support.SimpleJpaRepository.findAll]: PROPAGATION_REQUIRED,ISOLATION_DEFAULT,readOnly
16:39:05.046 [main] DEBUG org.springframework.orm.jpa.JpaTransactionManager - Opened new EntityManager [SessionImpl(PersistenceContext[entityKeys=[],collectionKeys=[]];ActionQueue[insertions=ExecutableList{size=0} updates=ExecutableList{size=0} deletions=ExecutableList{size=0} orphanRemovals=ExecutableList{size=0} collectionCreations=ExecutableList{size=0} collectionRemovals=ExecutableList{size=0} collectionUpdates=ExecutableList{size=0} collectionQueuedOps=ExecutableList{size=0} unresolvedInsertDependencies=null])] for JPA transaction
16:39:05.046 [main] DEBUG org.springframework.jdbc.datasource.DriverManagerDataSource - Creating new JDBC DriverManager Connection to [jdbc:mysql://localhost:3306/testcraftcore?useSSL=false&useTimezone=true&serverTimezone=UTC]
16:39:05.070 [main] DEBUG org.springframework.jdbc.datasource.DataSourceUtils - Setting JDBC Connection [com.mysql.cj.jdbc.ConnectionImpl@25953be6] read-only
16:39:05.070 [main] DEBUG org.hibernate.engine.transaction.internal.TransactionImpl - begin
16:39:05.071 [main] DEBUG org.springframework.orm.jpa.JpaTransactionManager - Exposing JPA transaction as JDBC [org.springframework.orm.jpa.vendor.HibernateJpaDialect$HibernateConnectionHandle@19dc0d32]
16:39:05.071 [main] DEBUG org.hibernate.query.criteria.internal.CriteriaQueryImpl - Rendered criteria query -> select generatedAlias0 from Order as generatedAlias0
16:39:05.072 [main] DEBUG org.hibernate.SQL - select order0_.idorder as idorder1_1_, order0_.idclient as idclient5_1_, order0_.dateorder as dateorde2_1_, order0_.statusorder as statusor3_1_, order0_.totalorder as totalord4_1_ from order_table order0_
16:39:05.073 [main] DEBUG org.hibernate.loader.Loader - Result set row: 0
16:39:05.073 [main] DEBUG org.hibernate.loader.Loader - Result row: EntityKey[com.joseph.entity.Order#96]
16:39:05.073 [main] DEBUG org.hibernate.loader.Loader - Result set row: 1
16:39:05.073 [main] DEBUG org.hibernate.loader.Loader - Result row: EntityKey[com.joseph.entity.Order#95]
16:39:05.074 [main] DEBUG org.hibernate.loader.Loader - Result set row: 2
16:39:05.074 [main] DEBUG org.hibernate.loader.Loader - Result row: EntityKey[com.joseph.entity.Order#97]
16:39:05.074 [main] DEBUG org.hibernate.loader.Loader - Result set row: 3
16:39:05.074 [main] DEBUG org.hibernate.loader.Loader - Result row: EntityKey[com.joseph.entity.Order#98]
16:39:05.075 [main] DEBUG org.hibernate.engine.internal.TwoPhaseLoad - Resolving associations for [com.joseph.entity.Order#96]
16:39:05.075 [main] DEBUG org.hibernate.SQL - select client0_.idclient as idclient1_0_0_, client0_.emailclient as emailcli2_0_0_, client0_.nameclient as nameclie3_0_0_ from client client0_ where client0_.idclient=?
16:39:05.076 [main] DEBUG org.hibernate.loader.plan.exec.process.internal.ResultSetProcessorImpl - Starting ResultSet row #0
16:39:05.076 [main] DEBUG org.hibernate.loader.plan.exec.process.internal.EntityReferenceInitializerImpl - On call to EntityIdentifierReaderImpl#resolve, EntityKey was already known; should only happen on root returns with an optional identifier specified
16:39:05.076 [main] DEBUG org.hibernate.engine.internal.TwoPhaseLoad - Resolving associations for [com.joseph.entity.Client#137]
16:39:05.076 [main] DEBUG org.hibernate.engine.internal.TwoPhaseLoad - Done materializing entity [com.joseph.entity.Client#137]
16:39:05.076 [main] DEBUG org.hibernate.resource.jdbc.internal.ResourceRegistryStandardImpl - HHH000387: ResultSet's statement was not registered
16:39:05.077 [main] DEBUG org.hibernate.loader.entity.plan.AbstractLoadPlanBasedEntityLoader - Done entity load : com.joseph.entity.Client#137
16:39:05.077 [main] DEBUG org.hibernate.engine.internal.TwoPhaseLoad - Done materializing entity [com.joseph.entity.Order#96]
16:39:05.077 [main] DEBUG org.hibernate.engine.internal.TwoPhaseLoad - Resolving associations for [com.joseph.entity.Order#95]
16:39:05.077 [main] DEBUG org.hibernate.engine.internal.TwoPhaseLoad - Done materializing entity [com.joseph.entity.Order#95]
16:39:05.077 [main] DEBUG org.hibernate.engine.internal.TwoPhaseLoad - Resolving associations for [com.joseph.entity.Order#97]
16:39:05.077 [main] DEBUG org.hibernate.engine.internal.TwoPhaseLoad - Done materializing entity [com.joseph.entity.Order#97]
16:39:05.077 [main] DEBUG org.hibernate.engine.internal.TwoPhaseLoad - Resolving associations for [com.joseph.entity.Order#98]
16:39:05.077 [main] DEBUG org.hibernate.engine.internal.TwoPhaseLoad - Done materializing entity [com.joseph.entity.Order#98]
16:39:05.077 [main] DEBUG org.springframework.orm.jpa.JpaTransactionManager - Initiating transaction commit
16:39:05.077 [main] DEBUG org.springframework.orm.jpa.JpaTransactionManager - Committing JPA transaction on EntityManager [SessionImpl(PersistenceContext[entityKeys=[EntityKey[com.joseph.entity.Order#98], EntityKey[com.joseph.entity.Client#137], EntityKey[com.joseph.entity.Order#95], EntityKey[com.joseph.entity.Order#97], EntityKey[com.joseph.entity.Order#96]],collectionKeys=[CollectionKey[com.joseph.entity.Order.orderItems#95], CollectionKey[com.joseph.entity.Client.orders#137], CollectionKey[com.joseph.entity.Order.orderItems#98], CollectionKey[com.joseph.entity.Order.orderItems#97], CollectionKey[com.joseph.entity.Order.orderItems#96]]];ActionQueue[insertions=ExecutableList{size=0} updates=ExecutableList{size=0} deletions=ExecutableList{size=0} orphanRemovals=ExecutableList{size=0} collectionCreations=ExecutableList{size=0} collectionRemovals=ExecutableList{size=0} collectionUpdates=ExecutableList{size=0} collectionQueuedOps=ExecutableList{size=0} unresolvedInsertDependencies=null])]
16:39:05.077 [main] DEBUG org.hibernate.engine.transaction.internal.TransactionImpl - committing
16:39:05.078 [main] DEBUG org.springframework.jdbc.datasource.DataSourceUtils - Resetting read-only flag of JDBC Connection [com.mysql.cj.jdbc.ConnectionImpl@25953be6]
16:39:05.079 [main] DEBUG org.springframework.orm.jpa.JpaTransactionManager - Closing JPA EntityManager [SessionImpl(PersistenceContext[entityKeys=[EntityKey[com.joseph.entity.Order#98], EntityKey[com.joseph.entity.Client#137], EntityKey[com.joseph.entity.Order#95], EntityKey[com.joseph.entity.Order#97], EntityKey[com.joseph.entity.Order#96]],collectionKeys=[CollectionKey[com.joseph.entity.Order.orderItems#95], CollectionKey[com.joseph.entity.Client.orders#137], CollectionKey[com.joseph.entity.Order.orderItems#98], CollectionKey[com.joseph.entity.Order.orderItems#97], CollectionKey[com.joseph.entity.Order.orderItems#96]]];ActionQueue[insertions=ExecutableList{size=0} updates=ExecutableList{size=0} deletions=ExecutableList{size=0} orphanRemovals=ExecutableList{size=0} collectionCreations=ExecutableList{size=0} collectionRemovals=ExecutableList{size=0} collectionUpdates=ExecutableList{size=0} collectionQueuedOps=ExecutableList{size=0} unresolvedInsertDependencies=null])] after transaction
16:39:05.080 [main] DEBUG org.springframework.test.context.cache.DefaultCacheAwareContextLoaderDelegate - Retrieved ApplicationContext [270056930] from cache with key [[MergedContextConfiguration@4e375bba testClass = OrderServiceImplTest, locations = '{}', classes = '{class com.joseph.config.PersistenceJPAConfig}', contextInitializerClasses = '[]', activeProfiles = '{}', propertySourceLocations = '{}', propertySourceProperties = '{}', contextCustomizers = set[[empty]], contextLoader = 'org.springframework.test.context.support.DelegatingSmartContextLoader', parent = [null]]]
16:39:05.080 [main] DEBUG org.springframework.test.context.cache - Spring test ApplicationContext cache statistics: [DefaultContextCache@65bb6275 size = 1, maxSize = 32, parentContextCount = 0, hitCount = 72, missCount = 1]
16:39:05.080 [main] DEBUG org.springframework.orm.jpa.JpaTransactionManager - Creating new transaction with name [org.springframework.data.jpa.repository.support.SimpleJpaRepository.deleteAll]: PROPAGATION_REQUIRED,ISOLATION_DEFAULT
16:39:05.080 [main] DEBUG org.springframework.orm.jpa.JpaTransactionManager - Opened new EntityManager [SessionImpl(PersistenceContext[entityKeys=[],collectionKeys=[]];ActionQueue[insertions=ExecutableList{size=0} updates=ExecutableList{size=0} deletions=ExecutableList{size=0} orphanRemovals=ExecutableList{size=0} collectionCreations=ExecutableList{size=0} collectionRemovals=ExecutableList{size=0} collectionUpdates=ExecutableList{size=0} collectionQueuedOps=ExecutableList{size=0} unresolvedInsertDependencies=null])] for JPA transaction
16:39:05.080 [main] DEBUG org.hibernate.engine.transaction.internal.TransactionImpl - begin
16:39:05.080 [main] DEBUG org.springframework.jdbc.datasource.DriverManagerDataSource - Creating new JDBC DriverManager Connection to [jdbc:mysql://localhost:3306/testcraftcore?useSSL=false&useTimezone=true&serverTimezone=UTC]
16:39:05.092 [main] DEBUG org.springframework.orm.jpa.JpaTransactionManager - Exposing JPA transaction as JDBC [org.springframework.orm.jpa.vendor.HibernateJpaDialect$HibernateConnectionHandle@1e98b788]
16:39:05.092 [main] DEBUG org.hibernate.query.criteria.internal.CriteriaQueryImpl - Rendered criteria query -> select generatedAlias0 from Client as generatedAlias0
16:39:05.092 [main] DEBUG org.hibernate.SQL - select client0_.idclient as idclient1_0_, client0_.emailclient as emailcli2_0_, client0_.nameclient as nameclie3_0_ from client client0_
16:39:05.093 [main] DEBUG org.hibernate.loader.Loader - Result set row: 0
16:39:05.093 [main] DEBUG org.hibernate.loader.Loader - Result row: EntityKey[com.joseph.entity.Client#137]
16:39:05.093 [main] DEBUG org.hibernate.engine.internal.TwoPhaseLoad - Resolving associations for [com.joseph.entity.Client#137]
16:39:05.094 [main] DEBUG org.hibernate.engine.internal.TwoPhaseLoad - Done materializing entity [com.joseph.entity.Client#137]
16:39:05.095 [main] DEBUG org.hibernate.loader.collection.plan.AbstractLoadPlanBasedCollectionInitializer - Loading collection: [com.joseph.entity.Client.orders#137]
16:39:05.095 [main] DEBUG org.hibernate.SQL - select orders0_.idclient as idclient5_1_0_, orders0_.idorder as idorder1_1_0_, orders0_.idorder as idorder1_1_1_, orders0_.idclient as idclient5_1_1_, orders0_.dateorder as dateorde2_1_1_, orders0_.statusorder as statusor3_1_1_, orders0_.totalorder as totalord4_1_1_ from order_table orders0_ where orders0_.idclient=?
16:39:05.097 [main] DEBUG org.hibernate.loader.plan.exec.process.internal.ResultSetProcessorImpl - Preparing collection intializer : [com.joseph.entity.Client.orders#137]
16:39:05.097 [main] DEBUG org.hibernate.loader.plan.exec.process.internal.ResultSetProcessorImpl - Starting ResultSet row #0
16:39:05.098 [main] DEBUG org.hibernate.loader.plan.exec.process.internal.CollectionReferenceInitializerImpl - Found row of collection: [com.joseph.entity.Client.orders#137]
16:39:05.098 [main] DEBUG org.hibernate.loader.plan.exec.process.internal.ResultSetProcessorImpl - Starting ResultSet row #1
16:39:05.098 [main] DEBUG org.hibernate.loader.plan.exec.process.internal.CollectionReferenceInitializerImpl - Found row of collection: [com.joseph.entity.Client.orders#137]
16:39:05.099 [main] DEBUG org.hibernate.loader.plan.exec.process.internal.ResultSetProcessorImpl - Starting ResultSet row #2
16:39:05.099 [main] DEBUG org.hibernate.loader.plan.exec.process.internal.CollectionReferenceInitializerImpl - Found row of collection: [com.joseph.entity.Client.orders#137]
16:39:05.099 [main] DEBUG org.hibernate.loader.plan.exec.process.internal.ResultSetProcessorImpl - Starting ResultSet row #3
16:39:05.101 [main] DEBUG org.hibernate.loader.plan.exec.process.internal.CollectionReferenceInitializerImpl - Found row of collection: [com.joseph.entity.Client.orders#137]
16:39:05.101 [main] DEBUG org.hibernate.engine.internal.TwoPhaseLoad - Resolving associations for [com.joseph.entity.Order#96]
16:39:05.102 [main] DEBUG org.hibernate.engine.internal.TwoPhaseLoad - Done materializing entity [com.joseph.entity.Order#96]
16:39:05.102 [main] DEBUG org.hibernate.engine.internal.TwoPhaseLoad - Resolving associations for [com.joseph.entity.Order#95]
16:39:05.102 [main] DEBUG org.hibernate.engine.internal.TwoPhaseLoad - Done materializing entity [com.joseph.entity.Order#95]
16:39:05.103 [main] DEBUG org.hibernate.engine.internal.TwoPhaseLoad - Resolving associations for [com.joseph.entity.Order#97]
16:39:05.103 [main] DEBUG org.hibernate.engine.internal.TwoPhaseLoad - Done materializing entity [com.joseph.entity.Order#97]
16:39:05.103 [main] DEBUG org.hibernate.engine.internal.TwoPhaseLoad - Resolving associations for [com.joseph.entity.Order#98]
16:39:05.103 [main] DEBUG org.hibernate.engine.internal.TwoPhaseLoad - Done materializing entity [com.joseph.entity.Order#98]
16:39:05.103 [main] DEBUG org.hibernate.engine.loading.internal.CollectionLoadContext - 1 collections were found in result set for role: com.joseph.entity.Client.orders
16:39:05.103 [main] DEBUG org.hibernate.engine.loading.internal.CollectionLoadContext - Collection fully initialized: [com.joseph.entity.Client.orders#137]
16:39:05.103 [main] DEBUG org.hibernate.engine.loading.internal.CollectionLoadContext - 1 collections initialized for role: com.joseph.entity.Client.orders
16:39:05.103 [main] DEBUG org.hibernate.resource.jdbc.internal.ResourceRegistryStandardImpl - HHH000387: ResultSet's statement was not registered
16:39:05.103 [main] DEBUG org.hibernate.loader.collection.plan.AbstractLoadPlanBasedCollectionInitializer - Done loading collection
16:39:05.103 [main] DEBUG org.hibernate.loader.collection.plan.AbstractLoadPlanBasedCollectionInitializer - Loading collection: [com.joseph.entity.Order.orderItems#97]
16:39:05.103 [main] DEBUG org.hibernate.SQL - select orderitems0_.idorder as idorder3_2_0_, orderitems0_.id as id1_2_0_, orderitems0_.id as id1_2_1_, orderitems0_.idorder as idorder3_2_1_, orderitems0_.idproduct as idproduc4_2_1_, orderitems0_.quantity as quantity2_2_1_, product1_.idproduct as idproduc1_3_2_, product1_.nameproduct as nameprod2_3_2_, product1_.priceproduct as pricepro3_3_2_, product1_.stockproduct as stockpro4_3_2_ from orderitems orderitems0_ left outer join Product product1_ on orderitems0_.idproduct=product1_.idproduct where orderitems0_.idorder=?
16:39:05.106 [main] DEBUG org.hibernate.loader.plan.exec.process.internal.ResultSetProcessorImpl - Preparing collection intializer : [com.joseph.entity.Order.orderItems#97]
16:39:05.107 [main] DEBUG org.hibernate.engine.loading.internal.CollectionLoadContext - 1 collections were found in result set for role: com.joseph.entity.Order.orderItems
16:39:05.107 [main] DEBUG org.hibernate.engine.loading.internal.CollectionLoadContext - Collection fully initialized: [com.joseph.entity.Order.orderItems#97]
16:39:05.107 [main] DEBUG org.hibernate.engine.loading.internal.CollectionLoadContext - 1 collections initialized for role: com.joseph.entity.Order.orderItems
16:39:05.107 [main] DEBUG org.hibernate.resource.jdbc.internal.ResourceRegistryStandardImpl - HHH000387: ResultSet's statement was not registered
16:39:05.107 [main] DEBUG org.hibernate.loader.collection.plan.AbstractLoadPlanBasedCollectionInitializer - Done loading collection
16:39:05.107 [main] DEBUG org.hibernate.loader.collection.plan.AbstractLoadPlanBasedCollectionInitializer - Loading collection: [com.joseph.entity.Order.orderItems#95]
16:39:05.107 [main] DEBUG org.hibernate.SQL - select orderitems0_.idorder as idorder3_2_0_, orderitems0_.id as id1_2_0_, orderitems0_.id as id1_2_1_, orderitems0_.idorder as idorder3_2_1_, orderitems0_.idproduct as idproduc4_2_1_, orderitems0_.quantity as quantity2_2_1_, product1_.idproduct as idproduc1_3_2_, product1_.nameproduct as nameprod2_3_2_, product1_.priceproduct as pricepro3_3_2_, product1_.stockproduct as stockpro4_3_2_ from orderitems orderitems0_ left outer join Product product1_ on orderitems0_.idproduct=product1_.idproduct where orderitems0_.idorder=?
16:39:05.108 [main] DEBUG org.hibernate.loader.plan.exec.process.internal.ResultSetProcessorImpl - Preparing collection intializer : [com.joseph.entity.Order.orderItems#95]
16:39:05.108 [main] DEBUG org.hibernate.engine.loading.internal.CollectionLoadContext - 1 collections were found in result set for role: com.joseph.entity.Order.orderItems
16:39:05.108 [main] DEBUG org.hibernate.engine.loading.internal.CollectionLoadContext - Collection fully initialized: [com.joseph.entity.Order.orderItems#95]
16:39:05.108 [main] DEBUG org.hibernate.engine.loading.internal.CollectionLoadContext - 1 collections initialized for role: com.joseph.entity.Order.orderItems
16:39:05.109 [main] DEBUG org.hibernate.resource.jdbc.internal.ResourceRegistryStandardImpl - HHH000387: ResultSet's statement was not registered
16:39:05.109 [main] DEBUG org.hibernate.loader.collection.plan.AbstractLoadPlanBasedCollectionInitializer - Done loading collection
16:39:05.109 [main] DEBUG org.hibernate.loader.collection.plan.AbstractLoadPlanBasedCollectionInitializer - Loading collection: [com.joseph.entity.Order.orderItems#98]
16:39:05.109 [main] DEBUG org.hibernate.SQL - select orderitems0_.idorder as idorder3_2_0_, orderitems0_.id as id1_2_0_, orderitems0_.id as id1_2_1_, orderitems0_.idorder as idorder3_2_1_, orderitems0_.idproduct as idproduc4_2_1_, orderitems0_.quantity as quantity2_2_1_, product1_.idproduct as idproduc1_3_2_, product1_.nameproduct as nameprod2_3_2_, product1_.priceproduct as pricepro3_3_2_, product1_.stockproduct as stockpro4_3_2_ from orderitems orderitems0_ left outer join Product product1_ on orderitems0_.idproduct=product1_.idproduct where orderitems0_.idorder=?
16:39:05.110 [main] DEBUG org.hibernate.loader.plan.exec.process.internal.ResultSetProcessorImpl - Preparing collection intializer : [com.joseph.entity.Order.orderItems#98]
16:39:05.110 [main] DEBUG org.hibernate.engine.loading.internal.CollectionLoadContext - 1 collections were found in result set for role: com.joseph.entity.Order.orderItems
16:39:05.110 [main] DEBUG org.hibernate.engine.loading.internal.CollectionLoadContext - Collection fully initialized: [com.joseph.entity.Order.orderItems#98]
16:39:05.110 [main] DEBUG org.hibernate.engine.loading.internal.CollectionLoadContext - 1 collections initialized for role: com.joseph.entity.Order.orderItems
16:39:05.110 [main] DEBUG org.hibernate.resource.jdbc.internal.ResourceRegistryStandardImpl - HHH000387: ResultSet's statement was not registered
16:39:05.110 [main] DEBUG org.hibernate.loader.collection.plan.AbstractLoadPlanBasedCollectionInitializer - Done loading collection
16:39:05.110 [main] DEBUG org.hibernate.loader.collection.plan.AbstractLoadPlanBasedCollectionInitializer - Loading collection: [com.joseph.entity.Order.orderItems#96]
16:39:05.110 [main] DEBUG org.hibernate.SQL - select orderitems0_.idorder as idorder3_2_0_, orderitems0_.id as id1_2_0_, orderitems0_.id as id1_2_1_, orderitems0_.idorder as idorder3_2_1_, orderitems0_.idproduct as idproduc4_2_1_, orderitems0_.quantity as quantity2_2_1_, product1_.idproduct as idproduc1_3_2_, product1_.nameproduct as nameprod2_3_2_, product1_.priceproduct as pricepro3_3_2_, product1_.stockproduct as stockpro4_3_2_ from orderitems orderitems0_ left outer join Product product1_ on orderitems0_.idproduct=product1_.idproduct where orderitems0_.idorder=?
16:39:05.111 [main] DEBUG org.hibernate.loader.plan.exec.process.internal.ResultSetProcessorImpl - Preparing collection intializer : [com.joseph.entity.Order.orderItems#96]
16:39:05.111 [main] DEBUG org.hibernate.engine.loading.internal.CollectionLoadContext - 1 collections were found in result set for role: com.joseph.entity.Order.orderItems
16:39:05.111 [main] DEBUG org.hibernate.engine.loading.internal.CollectionLoadContext - Collection fully initialized: [com.joseph.entity.Order.orderItems#96]
16:39:05.111 [main] DEBUG org.hibernate.engine.loading.internal.CollectionLoadContext - 1 collections initialized for role: com.joseph.entity.Order.orderItems
16:39:05.112 [main] DEBUG org.hibernate.resource.jdbc.internal.ResourceRegistryStandardImpl - HHH000387: ResultSet's statement was not registered
16:39:05.112 [main] DEBUG org.hibernate.loader.collection.plan.AbstractLoadPlanBasedCollectionInitializer - Done loading collection
16:39:05.112 [main] DEBUG org.springframework.orm.jpa.JpaTransactionManager - Initiating transaction commit
16:39:05.112 [main] DEBUG org.springframework.orm.jpa.JpaTransactionManager - Committing JPA transaction on EntityManager [SessionImpl(PersistenceContext[entityKeys=[EntityKey[com.joseph.entity.Order#98], EntityKey[com.joseph.entity.Client#137], EntityKey[com.joseph.entity.Order#95], EntityKey[com.joseph.entity.Order#97], EntityKey[com.joseph.entity.Order#96]],collectionKeys=[CollectionKey[com.joseph.entity.Order.orderItems#95], CollectionKey[com.joseph.entity.Client.orders#137], CollectionKey[com.joseph.entity.Order.orderItems#98], CollectionKey[com.joseph.entity.Order.orderItems#97], CollectionKey[com.joseph.entity.Order.orderItems#96]]];ActionQueue[insertions=ExecutableList{size=0} updates=ExecutableList{size=0} deletions=ExecutableList{size=5} orphanRemovals=ExecutableList{size=0} collectionCreations=ExecutableList{size=0} collectionRemovals=ExecutableList{size=0} collectionUpdates=ExecutableList{size=0} collectionQueuedOps=ExecutableList{size=0} unresolvedInsertDependencies=null])]
16:39:05.113 [main] DEBUG org.hibernate.engine.transaction.internal.TransactionImpl - committing
16:39:05.113 [main] DEBUG org.hibernate.event.internal.AbstractFlushingEventListener - Processing flush-time cascades
16:39:05.113 [main] DEBUG org.hibernate.event.internal.AbstractFlushingEventListener - Dirty checking collections
16:39:05.113 [main] DEBUG org.hibernate.engine.internal.Collections - Collection dereferenced: [com.joseph.entity.Client.orders#137]
16:39:05.113 [main] DEBUG org.hibernate.engine.internal.Collections - Collection dereferenced: [com.joseph.entity.Order.orderItems#96]
16:39:05.113 [main] DEBUG org.hibernate.engine.internal.Collections - Collection dereferenced: [com.joseph.entity.Order.orderItems#95]
16:39:05.113 [main] DEBUG org.hibernate.engine.internal.Collections - Collection dereferenced: [com.joseph.entity.Order.orderItems#97]
16:39:05.113 [main] DEBUG org.hibernate.engine.internal.Collections - Collection dereferenced: [com.joseph.entity.Order.orderItems#98]
16:39:05.113 [main] DEBUG org.hibernate.event.internal.AbstractFlushingEventListener - Flushed: 0 insertions, 0 updates, 5 deletions to 5 objects
16:39:05.113 [main] DEBUG org.hibernate.event.internal.AbstractFlushingEventListener - Flushed: 0 (re)creations, 0 updates, 5 removals to 5 collections
16:39:05.113 [main] DEBUG org.hibernate.internal.util.EntityPrinter - Listing entities:
16:39:05.113 [main] DEBUG org.hibernate.internal.util.EntityPrinter - com.joseph.entity.Order{idorder=98, client=com.joseph.entity.Client#137, dateorder=2024-01-04, orderItems=[], statusorder=INPROGRESS, totalorder=300.0}
16:39:05.113 [main] DEBUG org.hibernate.internal.util.EntityPrinter - com.joseph.entity.Client{nameclient=null, emailclient=null, orders=[com.joseph.entity.Order#97, com.joseph.entity.Order#95, com.joseph.entity.Order#98, com.joseph.entity.Order#96], idclient=137}
16:39:05.113 [main] DEBUG org.hibernate.internal.util.EntityPrinter - com.joseph.entity.Order{idorder=95, client=com.joseph.entity.Client#137, dateorder=2024-01-04, orderItems=[], statusorder=INPROGRESS, totalorder=300.0}
16:39:05.114 [main] DEBUG org.hibernate.internal.util.EntityPrinter - com.joseph.entity.Order{idorder=97, client=com.joseph.entity.Client#137, dateorder=2024-01-04, orderItems=[], statusorder=INPROGRESS, totalorder=300.0}
16:39:05.114 [main] DEBUG org.hibernate.internal.util.EntityPrinter - com.joseph.entity.Order{idorder=96, client=com.joseph.entity.Client#137, dateorder=2024-01-04, orderItems=[], statusorder=INPROGRESS, totalorder=300.0}
16:39:05.114 [main] DEBUG org.hibernate.SQL - delete from order_table where idorder=?
16:39:05.119 [main] DEBUG org.hibernate.SQL - delete from order_table where idorder=?
16:39:05.120 [main] DEBUG org.hibernate.SQL - delete from order_table where idorder=?
16:39:05.121 [main] DEBUG org.hibernate.SQL - delete from order_table where idorder=?
16:39:05.122 [main] DEBUG org.hibernate.SQL - delete from client where idclient=?
16:39:05.124 [main] DEBUG org.springframework.orm.jpa.JpaTransactionManager - Closing JPA EntityManager [SessionImpl(PersistenceContext[entityKeys=[],collectionKeys=[]];ActionQueue[insertions=ExecutableList{size=0} updates=ExecutableList{size=0} deletions=ExecutableList{size=0} orphanRemovals=ExecutableList{size=0} collectionCreations=ExecutableList{size=0} collectionRemovals=ExecutableList{size=0} collectionUpdates=ExecutableList{size=0} collectionQueuedOps=ExecutableList{size=0} unresolvedInsertDependencies=null])] after transaction
16:39:05.124 [main] DEBUG org.hibernate.engine.jdbc.internal.JdbcCoordinatorImpl - HHH000420: Closing un-released batch
16:39:05.125 [main] DEBUG org.springframework.test.context.cache.DefaultCacheAwareContextLoaderDelegate - Retrieved ApplicationContext [270056930] from cache with key [[MergedContextConfiguration@4e375bba testClass = OrderServiceImplTest, locations = '{}', classes = '{class com.joseph.config.PersistenceJPAConfig}', contextInitializerClasses = '[]', activeProfiles = '{}', propertySourceLocations = '{}', propertySourceProperties = '{}', contextCustomizers = set[[empty]], contextLoader = 'org.springframework.test.context.support.DelegatingSmartContextLoader', parent = [null]]]
16:39:05.125 [main] DEBUG org.springframework.test.context.cache - Spring test ApplicationContext cache statistics: [DefaultContextCache@65bb6275 size = 1, maxSize = 32, parentContextCount = 0, hitCount = 73, missCount = 1]
16:39:05.125 [main] DEBUG org.springframework.test.context.support.AbstractDirtiesContextTestExecutionListener - After test method: context [DefaultTestContext@30c19bff testClass = OrderServiceImplTest, testInstance = com.joseph.service.Impl.OrderServiceImplTest@15986dd5, testMethod = testSaveOrder@OrderServiceImplTest, testException = [null], mergedContextConfiguration = [MergedContextConfiguration@4e375bba testClass = OrderServiceImplTest, locations = '{}', classes = '{class com.joseph.config.PersistenceJPAConfig}', contextInitializerClasses = '[]', activeProfiles = '{}', propertySourceLocations = '{}', propertySourceProperties = '{}', contextCustomizers = set[[empty]], contextLoader = 'org.springframework.test.context.support.DelegatingSmartContextLoader', parent = [null]], attributes = map[[empty]]], class annotated with @DirtiesContext [false] with mode [null], method annotated with @DirtiesContext [false] with mode [null].
]]></system-out>
  </testcase>
  <testcase name="getOrder" classname="com.joseph.service.Impl.OrderServiceImplTest" time="0.139">
    <system-out><![CDATA[16:39:05.127 [main] DEBUG org.springframework.test.context.support.DependencyInjectionTestExecutionListener - Performing dependency injection for test context [[DefaultTestContext@30c19bff testClass = OrderServiceImplTest, testInstance = com.joseph.service.Impl.OrderServiceImplTest@608cd501, testMethod = [null], testException = [null], mergedContextConfiguration = [MergedContextConfiguration@4e375bba testClass = OrderServiceImplTest, locations = '{}', classes = '{class com.joseph.config.PersistenceJPAConfig}', contextInitializerClasses = '[]', activeProfiles = '{}', propertySourceLocations = '{}', propertySourceProperties = '{}', contextCustomizers = set[[empty]], contextLoader = 'org.springframework.test.context.support.DelegatingSmartContextLoader', parent = [null]], attributes = map[[empty]]]].
16:39:05.127 [main] DEBUG org.springframework.test.context.cache.DefaultCacheAwareContextLoaderDelegate - Retrieved ApplicationContext [270056930] from cache with key [[MergedContextConfiguration@4e375bba testClass = OrderServiceImplTest, locations = '{}', classes = '{class com.joseph.config.PersistenceJPAConfig}', contextInitializerClasses = '[]', activeProfiles = '{}', propertySourceLocations = '{}', propertySourceProperties = '{}', contextCustomizers = set[[empty]], contextLoader = 'org.springframework.test.context.support.DelegatingSmartContextLoader', parent = [null]]]
16:39:05.127 [main] DEBUG org.springframework.test.context.cache - Spring test ApplicationContext cache statistics: [DefaultContextCache@65bb6275 size = 1, maxSize = 32, parentContextCount = 0, hitCount = 74, missCount = 1]
16:39:05.127 [main] DEBUG org.springframework.test.context.cache.DefaultCacheAwareContextLoaderDelegate - Retrieved ApplicationContext [270056930] from cache with key [[MergedContextConfiguration@4e375bba testClass = OrderServiceImplTest, locations = '{}', classes = '{class com.joseph.config.PersistenceJPAConfig}', contextInitializerClasses = '[]', activeProfiles = '{}', propertySourceLocations = '{}', propertySourceProperties = '{}', contextCustomizers = set[[empty]], contextLoader = 'org.springframework.test.context.support.DelegatingSmartContextLoader', parent = [null]]]
16:39:05.127 [main] DEBUG org.springframework.test.context.cache - Spring test ApplicationContext cache statistics: [DefaultContextCache@65bb6275 size = 1, maxSize = 32, parentContextCount = 0, hitCount = 75, missCount = 1]
16:39:05.129 [main] DEBUG org.springframework.test.context.support.AbstractDirtiesContextTestExecutionListener - Before test method: context [DefaultTestContext@30c19bff testClass = OrderServiceImplTest, testInstance = com.joseph.service.Impl.OrderServiceImplTest@608cd501, testMethod = getOrder@OrderServiceImplTest, testException = [null], mergedContextConfiguration = [MergedContextConfiguration@4e375bba testClass = OrderServiceImplTest, locations = '{}', classes = '{class com.joseph.config.PersistenceJPAConfig}', contextInitializerClasses = '[]', activeProfiles = '{}', propertySourceLocations = '{}', propertySourceProperties = '{}', contextCustomizers = set[[empty]], contextLoader = 'org.springframework.test.context.support.DelegatingSmartContextLoader', parent = [null]], attributes = map[[empty]]], class annotated with @DirtiesContext [false] with mode [null], method annotated with @DirtiesContext [false] with mode [null].
16:39:05.129 [main] DEBUG org.springframework.test.context.cache.DefaultCacheAwareContextLoaderDelegate - Retrieved ApplicationContext [270056930] from cache with key [[MergedContextConfiguration@4e375bba testClass = OrderServiceImplTest, locations = '{}', classes = '{class com.joseph.config.PersistenceJPAConfig}', contextInitializerClasses = '[]', activeProfiles = '{}', propertySourceLocations = '{}', propertySourceProperties = '{}', contextCustomizers = set[[empty]], contextLoader = 'org.springframework.test.context.support.DelegatingSmartContextLoader', parent = [null]]]
16:39:05.129 [main] DEBUG org.springframework.test.context.cache - Spring test ApplicationContext cache statistics: [DefaultContextCache@65bb6275 size = 1, maxSize = 32, parentContextCount = 0, hitCount = 76, missCount = 1]
16:39:05.130 [main] DEBUG org.springframework.orm.jpa.JpaTransactionManager - Creating new transaction with name [org.springframework.data.jpa.repository.support.SimpleJpaRepository.deleteAll]: PROPAGATION_REQUIRED,ISOLATION_DEFAULT
16:39:05.130 [main] DEBUG org.springframework.orm.jpa.JpaTransactionManager - Opened new EntityManager [SessionImpl(PersistenceContext[entityKeys=[],collectionKeys=[]];ActionQueue[insertions=ExecutableList{size=0} updates=ExecutableList{size=0} deletions=ExecutableList{size=0} orphanRemovals=ExecutableList{size=0} collectionCreations=ExecutableList{size=0} collectionRemovals=ExecutableList{size=0} collectionUpdates=ExecutableList{size=0} collectionQueuedOps=ExecutableList{size=0} unresolvedInsertDependencies=null])] for JPA transaction
16:39:05.130 [main] DEBUG org.hibernate.engine.transaction.internal.TransactionImpl - begin
16:39:05.130 [main] DEBUG org.springframework.jdbc.datasource.DriverManagerDataSource - Creating new JDBC DriverManager Connection to [jdbc:mysql://localhost:3306/testcraftcore?useSSL=false&useTimezone=true&serverTimezone=UTC]
16:39:05.136 [main] DEBUG org.springframework.orm.jpa.JpaTransactionManager - Exposing JPA transaction as JDBC [org.springframework.orm.jpa.vendor.HibernateJpaDialect$HibernateConnectionHandle@59096b66]
16:39:05.137 [main] DEBUG org.hibernate.query.criteria.internal.CriteriaQueryImpl - Rendered criteria query -> select generatedAlias0 from Client as generatedAlias0
16:39:05.137 [main] DEBUG org.hibernate.SQL - select client0_.idclient as idclient1_0_, client0_.emailclient as emailcli2_0_, client0_.nameclient as nameclie3_0_ from client client0_
16:39:05.138 [main] DEBUG org.springframework.orm.jpa.JpaTransactionManager - Initiating transaction commit
16:39:05.138 [main] DEBUG org.springframework.orm.jpa.JpaTransactionManager - Committing JPA transaction on EntityManager [SessionImpl(PersistenceContext[entityKeys=[],collectionKeys=[]];ActionQueue[insertions=ExecutableList{size=0} updates=ExecutableList{size=0} deletions=ExecutableList{size=0} orphanRemovals=ExecutableList{size=0} collectionCreations=ExecutableList{size=0} collectionRemovals=ExecutableList{size=0} collectionUpdates=ExecutableList{size=0} collectionQueuedOps=ExecutableList{size=0} unresolvedInsertDependencies=null])]
16:39:05.138 [main] DEBUG org.hibernate.engine.transaction.internal.TransactionImpl - committing
16:39:05.140 [main] DEBUG org.springframework.orm.jpa.JpaTransactionManager - Closing JPA EntityManager [SessionImpl(PersistenceContext[entityKeys=[],collectionKeys=[]];ActionQueue[insertions=ExecutableList{size=0} updates=ExecutableList{size=0} deletions=ExecutableList{size=0} orphanRemovals=ExecutableList{size=0} collectionCreations=ExecutableList{size=0} collectionRemovals=ExecutableList{size=0} collectionUpdates=ExecutableList{size=0} collectionQueuedOps=ExecutableList{size=0} unresolvedInsertDependencies=null])] after transaction
16:39:05.140 [main] DEBUG org.springframework.orm.jpa.JpaTransactionManager - Creating new transaction with name [org.springframework.data.jpa.repository.support.SimpleJpaRepository.save]: PROPAGATION_REQUIRED,ISOLATION_DEFAULT
16:39:05.141 [main] DEBUG org.springframework.orm.jpa.JpaTransactionManager - Opened new EntityManager [SessionImpl(PersistenceContext[entityKeys=[],collectionKeys=[]];ActionQueue[insertions=ExecutableList{size=0} updates=ExecutableList{size=0} deletions=ExecutableList{size=0} orphanRemovals=ExecutableList{size=0} collectionCreations=ExecutableList{size=0} collectionRemovals=ExecutableList{size=0} collectionUpdates=ExecutableList{size=0} collectionQueuedOps=ExecutableList{size=0} unresolvedInsertDependencies=null])] for JPA transaction
16:39:05.141 [main] DEBUG org.hibernate.engine.transaction.internal.TransactionImpl - begin
16:39:05.141 [main] DEBUG org.springframework.jdbc.datasource.DriverManagerDataSource - Creating new JDBC DriverManager Connection to [jdbc:mysql://localhost:3306/testcraftcore?useSSL=false&useTimezone=true&serverTimezone=UTC]
16:39:05.146 [main] DEBUG org.springframework.orm.jpa.JpaTransactionManager - Exposing JPA transaction as JDBC [org.springframework.orm.jpa.vendor.HibernateJpaDialect$HibernateConnectionHandle@70997a94]
16:39:05.146 [main] DEBUG org.hibernate.engine.spi.ActionQueue - Executing identity-insert immediately
16:39:05.146 [main] DEBUG org.hibernate.SQL - insert into client (emailclient, nameclient) values (?, ?)
16:39:05.147 [main] DEBUG org.hibernate.id.IdentifierGeneratorHelper - Natively generated identity: 138
16:39:05.147 [main] DEBUG org.hibernate.resource.jdbc.internal.ResourceRegistryStandardImpl - HHH000387: ResultSet's statement was not registered
16:39:05.147 [main] DEBUG org.springframework.orm.jpa.JpaTransactionManager - Initiating transaction commit
16:39:05.148 [main] DEBUG org.springframework.orm.jpa.JpaTransactionManager - Committing JPA transaction on EntityManager [SessionImpl(PersistenceContext[entityKeys=[EntityKey[com.joseph.entity.Client#138]],collectionKeys=[]];ActionQueue[insertions=ExecutableList{size=0} updates=ExecutableList{size=0} deletions=ExecutableList{size=0} orphanRemovals=ExecutableList{size=0} collectionCreations=ExecutableList{size=0} collectionRemovals=ExecutableList{size=0} collectionUpdates=ExecutableList{size=0} collectionQueuedOps=ExecutableList{size=0} unresolvedInsertDependencies=null])]
16:39:05.148 [main] DEBUG org.hibernate.engine.transaction.internal.TransactionImpl - committing
16:39:05.148 [main] DEBUG org.hibernate.event.internal.AbstractFlushingEventListener - Processing flush-time cascades
16:39:05.148 [main] DEBUG org.hibernate.event.internal.AbstractFlushingEventListener - Dirty checking collections
16:39:05.148 [main] DEBUG org.hibernate.engine.internal.Collections - Collection found: [com.joseph.entity.Client.orders#138], was: [<unreferenced>] (initialized)
16:39:05.148 [main] DEBUG org.hibernate.event.internal.AbstractFlushingEventListener - Flushed: 0 insertions, 0 updates, 0 deletions to 1 objects
16:39:05.148 [main] DEBUG org.hibernate.event.internal.AbstractFlushingEventListener - Flushed: 1 (re)creations, 0 updates, 0 removals to 1 collections
16:39:05.148 [main] DEBUG org.hibernate.internal.util.EntityPrinter - Listing entities:
16:39:05.148 [main] DEBUG org.hibernate.internal.util.EntityPrinter - com.joseph.entity.Client{nameclient=null, emailclient=null, orders=[], idclient=138}
16:39:05.150 [main] DEBUG org.springframework.orm.jpa.JpaTransactionManager - Closing JPA EntityManager [SessionImpl(PersistenceContext[entityKeys=[EntityKey[com.joseph.entity.Client#138]],collectionKeys=[CollectionKey[com.joseph.entity.Client.orders#138]]];ActionQueue[insertions=ExecutableList{size=0} updates=ExecutableList{size=0} deletions=ExecutableList{size=0} orphanRemovals=ExecutableList{size=0} collectionCreations=ExecutableList{size=0} collectionRemovals=ExecutableList{size=0} collectionUpdates=ExecutableList{size=0} collectionQueuedOps=ExecutableList{size=0} unresolvedInsertDependencies=null])] after transaction
16:39:05.151 [main] DEBUG org.springframework.orm.jpa.JpaTransactionManager - Creating new transaction with name [org.springframework.data.jpa.repository.support.SimpleJpaRepository.save]: PROPAGATION_REQUIRED,ISOLATION_DEFAULT
16:39:05.151 [main] DEBUG org.springframework.orm.jpa.JpaTransactionManager - Opened new EntityManager [SessionImpl(PersistenceContext[entityKeys=[],collectionKeys=[]];ActionQueue[insertions=ExecutableList{size=0} updates=ExecutableList{size=0} deletions=ExecutableList{size=0} orphanRemovals=ExecutableList{size=0} collectionCreations=ExecutableList{size=0} collectionRemovals=ExecutableList{size=0} collectionUpdates=ExecutableList{size=0} collectionQueuedOps=ExecutableList{size=0} unresolvedInsertDependencies=null])] for JPA transaction
16:39:05.151 [main] DEBUG org.hibernate.engine.transaction.internal.TransactionImpl - begin
16:39:05.151 [main] DEBUG org.springframework.jdbc.datasource.DriverManagerDataSource - Creating new JDBC DriverManager Connection to [jdbc:mysql://localhost:3306/testcraftcore?useSSL=false&useTimezone=true&serverTimezone=UTC]
16:39:05.154 [main] DEBUG org.springframework.orm.jpa.JpaTransactionManager - Exposing JPA transaction as JDBC [org.springframework.orm.jpa.vendor.HibernateJpaDialect$HibernateConnectionHandle@63f40ca0]
16:39:05.155 [main] DEBUG org.hibernate.engine.spi.ActionQueue - Executing identity-insert immediately
16:39:05.155 [main] DEBUG org.hibernate.SQL - insert into order_table (idclient, dateorder, statusorder, totalorder) values (?, ?, ?, ?)
16:39:05.156 [main] DEBUG org.hibernate.id.IdentifierGeneratorHelper - Natively generated identity: 99
16:39:05.156 [main] DEBUG org.hibernate.resource.jdbc.internal.ResourceRegistryStandardImpl - HHH000387: ResultSet's statement was not registered
16:39:05.156 [main] DEBUG org.springframework.orm.jpa.JpaTransactionManager - Initiating transaction commit
16:39:05.157 [main] DEBUG org.springframework.orm.jpa.JpaTransactionManager - Committing JPA transaction on EntityManager [SessionImpl(PersistenceContext[entityKeys=[EntityKey[com.joseph.entity.Order#99]],collectionKeys=[]];ActionQueue[insertions=ExecutableList{size=0} updates=ExecutableList{size=0} deletions=ExecutableList{size=0} orphanRemovals=ExecutableList{size=0} collectionCreations=ExecutableList{size=0} collectionRemovals=ExecutableList{size=0} collectionUpdates=ExecutableList{size=0} collectionQueuedOps=ExecutableList{size=0} unresolvedInsertDependencies=null])]
16:39:05.157 [main] DEBUG org.hibernate.engine.transaction.internal.TransactionImpl - committing
16:39:05.157 [main] DEBUG org.hibernate.event.internal.AbstractFlushingEventListener - Processing flush-time cascades
16:39:05.157 [main] DEBUG org.hibernate.event.internal.AbstractFlushingEventListener - Dirty checking collections
16:39:05.157 [main] DEBUG org.hibernate.engine.internal.Collections - Collection found: [com.joseph.entity.Order.orderItems#99], was: [<unreferenced>] (initialized)
16:39:05.157 [main] DEBUG org.hibernate.event.internal.AbstractFlushingEventListener - Flushed: 0 insertions, 0 updates, 0 deletions to 1 objects
16:39:05.157 [main] DEBUG org.hibernate.event.internal.AbstractFlushingEventListener - Flushed: 1 (re)creations, 0 updates, 0 removals to 1 collections
16:39:05.157 [main] DEBUG org.hibernate.internal.util.EntityPrinter - Listing entities:
16:39:05.157 [main] DEBUG org.hibernate.internal.util.EntityPrinter - com.joseph.entity.Order{idorder=99, client=com.joseph.entity.Client#138, dateorder=2024-01-04, orderItems=[], statusorder=INPROGRESS, totalorder=300.0}
16:39:05.158 [main] DEBUG org.springframework.orm.jpa.JpaTransactionManager - Closing JPA EntityManager [SessionImpl(PersistenceContext[entityKeys=[EntityKey[com.joseph.entity.Order#99]],collectionKeys=[CollectionKey[com.joseph.entity.Order.orderItems#99]]];ActionQueue[insertions=ExecutableList{size=0} updates=ExecutableList{size=0} deletions=ExecutableList{size=0} orphanRemovals=ExecutableList{size=0} collectionCreations=ExecutableList{size=0} collectionRemovals=ExecutableList{size=0} collectionUpdates=ExecutableList{size=0} collectionQueuedOps=ExecutableList{size=0} unresolvedInsertDependencies=null])] after transaction
16:39:05.159 [main] DEBUG org.springframework.orm.jpa.JpaTransactionManager - Creating new transaction with name [org.springframework.data.jpa.repository.support.SimpleJpaRepository.save]: PROPAGATION_REQUIRED,ISOLATION_DEFAULT
16:39:05.159 [main] DEBUG org.springframework.orm.jpa.JpaTransactionManager - Opened new EntityManager [SessionImpl(PersistenceContext[entityKeys=[],collectionKeys=[]];ActionQueue[insertions=ExecutableList{size=0} updates=ExecutableList{size=0} deletions=ExecutableList{size=0} orphanRemovals=ExecutableList{size=0} collectionCreations=ExecutableList{size=0} collectionRemovals=ExecutableList{size=0} collectionUpdates=ExecutableList{size=0} collectionQueuedOps=ExecutableList{size=0} unresolvedInsertDependencies=null])] for JPA transaction
16:39:05.159 [main] DEBUG org.hibernate.engine.transaction.internal.TransactionImpl - begin
16:39:05.159 [main] DEBUG org.springframework.jdbc.datasource.DriverManagerDataSource - Creating new JDBC DriverManager Connection to [jdbc:mysql://localhost:3306/testcraftcore?useSSL=false&useTimezone=true&serverTimezone=UTC]
16:39:05.163 [main] DEBUG org.springframework.orm.jpa.JpaTransactionManager - Exposing JPA transaction as JDBC [org.springframework.orm.jpa.vendor.HibernateJpaDialect$HibernateConnectionHandle@45592af7]
16:39:05.164 [main] DEBUG org.hibernate.engine.spi.ActionQueue - Executing identity-insert immediately
16:39:05.164 [main] DEBUG org.hibernate.SQL - insert into order_table (idclient, dateorder, statusorder, totalorder) values (?, ?, ?, ?)
16:39:05.165 [main] DEBUG org.hibernate.id.IdentifierGeneratorHelper - Natively generated identity: 100
16:39:05.165 [main] DEBUG org.hibernate.resource.jdbc.internal.ResourceRegistryStandardImpl - HHH000387: ResultSet's statement was not registered
16:39:05.165 [main] DEBUG org.springframework.orm.jpa.JpaTransactionManager - Initiating transaction commit
16:39:05.165 [main] DEBUG org.springframework.orm.jpa.JpaTransactionManager - Committing JPA transaction on EntityManager [SessionImpl(PersistenceContext[entityKeys=[EntityKey[com.joseph.entity.Order#100]],collectionKeys=[]];ActionQueue[insertions=ExecutableList{size=0} updates=ExecutableList{size=0} deletions=ExecutableList{size=0} orphanRemovals=ExecutableList{size=0} collectionCreations=ExecutableList{size=0} collectionRemovals=ExecutableList{size=0} collectionUpdates=ExecutableList{size=0} collectionQueuedOps=ExecutableList{size=0} unresolvedInsertDependencies=null])]
16:39:05.165 [main] DEBUG org.hibernate.engine.transaction.internal.TransactionImpl - committing
16:39:05.165 [main] DEBUG org.hibernate.event.internal.AbstractFlushingEventListener - Processing flush-time cascades
16:39:05.166 [main] DEBUG org.hibernate.event.internal.AbstractFlushingEventListener - Dirty checking collections
16:39:05.166 [main] DEBUG org.hibernate.engine.internal.Collections - Collection found: [com.joseph.entity.Order.orderItems#100], was: [<unreferenced>] (initialized)
16:39:05.166 [main] DEBUG org.hibernate.event.internal.AbstractFlushingEventListener - Flushed: 0 insertions, 0 updates, 0 deletions to 1 objects
16:39:05.166 [main] DEBUG org.hibernate.event.internal.AbstractFlushingEventListener - Flushed: 1 (re)creations, 0 updates, 0 removals to 1 collections
16:39:05.166 [main] DEBUG org.hibernate.internal.util.EntityPrinter - Listing entities:
16:39:05.166 [main] DEBUG org.hibernate.internal.util.EntityPrinter - com.joseph.entity.Order{idorder=100, client=com.joseph.entity.Client#138, dateorder=2024-01-04, orderItems=[], statusorder=INPROGRESS, totalorder=300.0}
16:39:05.173 [main] DEBUG org.springframework.orm.jpa.JpaTransactionManager - Closing JPA EntityManager [SessionImpl(PersistenceContext[entityKeys=[EntityKey[com.joseph.entity.Order#100]],collectionKeys=[CollectionKey[com.joseph.entity.Order.orderItems#100]]];ActionQueue[insertions=ExecutableList{size=0} updates=ExecutableList{size=0} deletions=ExecutableList{size=0} orphanRemovals=ExecutableList{size=0} collectionCreations=ExecutableList{size=0} collectionRemovals=ExecutableList{size=0} collectionUpdates=ExecutableList{size=0} collectionQueuedOps=ExecutableList{size=0} unresolvedInsertDependencies=null])] after transaction
16:39:05.173 [main] DEBUG org.springframework.orm.jpa.JpaTransactionManager - Creating new transaction with name [org.springframework.data.jpa.repository.support.SimpleJpaRepository.save]: PROPAGATION_REQUIRED,ISOLATION_DEFAULT
16:39:05.174 [main] DEBUG org.springframework.orm.jpa.JpaTransactionManager - Opened new EntityManager [SessionImpl(PersistenceContext[entityKeys=[],collectionKeys=[]];ActionQueue[insertions=ExecutableList{size=0} updates=ExecutableList{size=0} deletions=ExecutableList{size=0} orphanRemovals=ExecutableList{size=0} collectionCreations=ExecutableList{size=0} collectionRemovals=ExecutableList{size=0} collectionUpdates=ExecutableList{size=0} collectionQueuedOps=ExecutableList{size=0} unresolvedInsertDependencies=null])] for JPA transaction
16:39:05.174 [main] DEBUG org.hibernate.engine.transaction.internal.TransactionImpl - begin
16:39:05.174 [main] DEBUG org.springframework.jdbc.datasource.DriverManagerDataSource - Creating new JDBC DriverManager Connection to [jdbc:mysql://localhost:3306/testcraftcore?useSSL=false&useTimezone=true&serverTimezone=UTC]
16:39:05.179 [main] DEBUG org.springframework.orm.jpa.JpaTransactionManager - Exposing JPA transaction as JDBC [org.springframework.orm.jpa.vendor.HibernateJpaDialect$HibernateConnectionHandle@437bd805]
16:39:05.179 [main] DEBUG org.hibernate.engine.spi.ActionQueue - Executing identity-insert immediately
16:39:05.180 [main] DEBUG org.hibernate.SQL - insert into order_table (idclient, dateorder, statusorder, totalorder) values (?, ?, ?, ?)
16:39:05.181 [main] DEBUG org.hibernate.id.IdentifierGeneratorHelper - Natively generated identity: 101
16:39:05.181 [main] DEBUG org.hibernate.resource.jdbc.internal.ResourceRegistryStandardImpl - HHH000387: ResultSet's statement was not registered
16:39:05.182 [main] DEBUG org.springframework.orm.jpa.JpaTransactionManager - Initiating transaction commit
16:39:05.182 [main] DEBUG org.springframework.orm.jpa.JpaTransactionManager - Committing JPA transaction on EntityManager [SessionImpl(PersistenceContext[entityKeys=[EntityKey[com.joseph.entity.Order#101]],collectionKeys=[]];ActionQueue[insertions=ExecutableList{size=0} updates=ExecutableList{size=0} deletions=ExecutableList{size=0} orphanRemovals=ExecutableList{size=0} collectionCreations=ExecutableList{size=0} collectionRemovals=ExecutableList{size=0} collectionUpdates=ExecutableList{size=0} collectionQueuedOps=ExecutableList{size=0} unresolvedInsertDependencies=null])]
16:39:05.182 [main] DEBUG org.hibernate.engine.transaction.internal.TransactionImpl - committing
16:39:05.182 [main] DEBUG org.hibernate.event.internal.AbstractFlushingEventListener - Processing flush-time cascades
16:39:05.182 [main] DEBUG org.hibernate.event.internal.AbstractFlushingEventListener - Dirty checking collections
16:39:05.182 [main] DEBUG org.hibernate.engine.internal.Collections - Collection found: [com.joseph.entity.Order.orderItems#101], was: [<unreferenced>] (initialized)
16:39:05.182 [main] DEBUG org.hibernate.event.internal.AbstractFlushingEventListener - Flushed: 0 insertions, 0 updates, 0 deletions to 1 objects
16:39:05.182 [main] DEBUG org.hibernate.event.internal.AbstractFlushingEventListener - Flushed: 1 (re)creations, 0 updates, 0 removals to 1 collections
16:39:05.182 [main] DEBUG org.hibernate.internal.util.EntityPrinter - Listing entities:
16:39:05.182 [main] DEBUG org.hibernate.internal.util.EntityPrinter - com.joseph.entity.Order{idorder=101, client=com.joseph.entity.Client#138, dateorder=2024-01-04, orderItems=[], statusorder=INPROGRESS, totalorder=300.0}
16:39:05.186 [main] DEBUG org.springframework.orm.jpa.JpaTransactionManager - Closing JPA EntityManager [SessionImpl(PersistenceContext[entityKeys=[EntityKey[com.joseph.entity.Order#101]],collectionKeys=[CollectionKey[com.joseph.entity.Order.orderItems#101]]];ActionQueue[insertions=ExecutableList{size=0} updates=ExecutableList{size=0} deletions=ExecutableList{size=0} orphanRemovals=ExecutableList{size=0} collectionCreations=ExecutableList{size=0} collectionRemovals=ExecutableList{size=0} collectionUpdates=ExecutableList{size=0} collectionQueuedOps=ExecutableList{size=0} unresolvedInsertDependencies=null])] after transaction
16:39:05.187 [main] DEBUG org.springframework.test.context.cache.DefaultCacheAwareContextLoaderDelegate - Retrieved ApplicationContext [270056930] from cache with key [[MergedContextConfiguration@4e375bba testClass = OrderServiceImplTest, locations = '{}', classes = '{class com.joseph.config.PersistenceJPAConfig}', contextInitializerClasses = '[]', activeProfiles = '{}', propertySourceLocations = '{}', propertySourceProperties = '{}', contextCustomizers = set[[empty]], contextLoader = 'org.springframework.test.context.support.DelegatingSmartContextLoader', parent = [null]]]
16:39:05.187 [main] DEBUG org.springframework.test.context.cache - Spring test ApplicationContext cache statistics: [DefaultContextCache@65bb6275 size = 1, maxSize = 32, parentContextCount = 0, hitCount = 77, missCount = 1]
16:39:05.187 [main] DEBUG org.springframework.orm.jpa.JpaTransactionManager - Creating new transaction with name [org.springframework.data.jpa.repository.support.SimpleJpaRepository.findAll]: PROPAGATION_REQUIRED,ISOLATION_DEFAULT,readOnly
16:39:05.188 [main] DEBUG org.springframework.orm.jpa.JpaTransactionManager - Opened new EntityManager [SessionImpl(PersistenceContext[entityKeys=[],collectionKeys=[]];ActionQueue[insertions=ExecutableList{size=0} updates=ExecutableList{size=0} deletions=ExecutableList{size=0} orphanRemovals=ExecutableList{size=0} collectionCreations=ExecutableList{size=0} collectionRemovals=ExecutableList{size=0} collectionUpdates=ExecutableList{size=0} collectionQueuedOps=ExecutableList{size=0} unresolvedInsertDependencies=null])] for JPA transaction
16:39:05.188 [main] DEBUG org.springframework.jdbc.datasource.DriverManagerDataSource - Creating new JDBC DriverManager Connection to [jdbc:mysql://localhost:3306/testcraftcore?useSSL=false&useTimezone=true&serverTimezone=UTC]
16:39:05.191 [main] DEBUG org.springframework.jdbc.datasource.DataSourceUtils - Setting JDBC Connection [com.mysql.cj.jdbc.ConnectionImpl@7a65a360] read-only
16:39:05.191 [main] DEBUG org.hibernate.engine.transaction.internal.TransactionImpl - begin
16:39:05.192 [main] DEBUG org.springframework.orm.jpa.JpaTransactionManager - Exposing JPA transaction as JDBC [org.springframework.orm.jpa.vendor.HibernateJpaDialect$HibernateConnectionHandle@30a7653e]
16:39:05.192 [main] DEBUG org.hibernate.query.criteria.internal.CriteriaQueryImpl - Rendered criteria query -> select generatedAlias0 from Order as generatedAlias0
16:39:05.192 [main] DEBUG org.hibernate.SQL - select order0_.idorder as idorder1_1_, order0_.idclient as idclient5_1_, order0_.dateorder as dateorde2_1_, order0_.statusorder as statusor3_1_, order0_.totalorder as totalord4_1_ from order_table order0_
16:39:05.193 [main] DEBUG org.hibernate.loader.Loader - Result set row: 0
16:39:05.193 [main] DEBUG org.hibernate.loader.Loader - Result row: EntityKey[com.joseph.entity.Order#99]
16:39:05.194 [main] DEBUG org.hibernate.loader.Loader - Result set row: 1
16:39:05.194 [main] DEBUG org.hibernate.loader.Loader - Result row: EntityKey[com.joseph.entity.Order#100]
16:39:05.194 [main] DEBUG org.hibernate.loader.Loader - Result set row: 2
16:39:05.194 [main] DEBUG org.hibernate.loader.Loader - Result row: EntityKey[com.joseph.entity.Order#101]
16:39:05.194 [main] DEBUG org.hibernate.engine.internal.TwoPhaseLoad - Resolving associations for [com.joseph.entity.Order#99]
16:39:05.194 [main] DEBUG org.hibernate.SQL - select client0_.idclient as idclient1_0_0_, client0_.emailclient as emailcli2_0_0_, client0_.nameclient as nameclie3_0_0_ from client client0_ where client0_.idclient=?
16:39:05.196 [main] DEBUG org.hibernate.loader.plan.exec.process.internal.ResultSetProcessorImpl - Starting ResultSet row #0
16:39:05.196 [main] DEBUG org.hibernate.loader.plan.exec.process.internal.EntityReferenceInitializerImpl - On call to EntityIdentifierReaderImpl#resolve, EntityKey was already known; should only happen on root returns with an optional identifier specified
16:39:05.196 [main] DEBUG org.hibernate.engine.internal.TwoPhaseLoad - Resolving associations for [com.joseph.entity.Client#138]
16:39:05.196 [main] DEBUG org.hibernate.engine.internal.TwoPhaseLoad - Done materializing entity [com.joseph.entity.Client#138]
16:39:05.196 [main] DEBUG org.hibernate.resource.jdbc.internal.ResourceRegistryStandardImpl - HHH000387: ResultSet's statement was not registered
16:39:05.196 [main] DEBUG org.hibernate.loader.entity.plan.AbstractLoadPlanBasedEntityLoader - Done entity load : com.joseph.entity.Client#138
16:39:05.196 [main] DEBUG org.hibernate.engine.internal.TwoPhaseLoad - Done materializing entity [com.joseph.entity.Order#99]
16:39:05.196 [main] DEBUG org.hibernate.engine.internal.TwoPhaseLoad - Resolving associations for [com.joseph.entity.Order#100]
16:39:05.196 [main] DEBUG org.hibernate.engine.internal.TwoPhaseLoad - Done materializing entity [com.joseph.entity.Order#100]
16:39:05.196 [main] DEBUG org.hibernate.engine.internal.TwoPhaseLoad - Resolving associations for [com.joseph.entity.Order#101]
16:39:05.197 [main] DEBUG org.hibernate.engine.internal.TwoPhaseLoad - Done materializing entity [com.joseph.entity.Order#101]
16:39:05.197 [main] DEBUG org.springframework.orm.jpa.JpaTransactionManager - Initiating transaction commit
16:39:05.197 [main] DEBUG org.springframework.orm.jpa.JpaTransactionManager - Committing JPA transaction on EntityManager [SessionImpl(PersistenceContext[entityKeys=[EntityKey[com.joseph.entity.Order#99], EntityKey[com.joseph.entity.Order#101], EntityKey[com.joseph.entity.Client#138], EntityKey[com.joseph.entity.Order#100]],collectionKeys=[CollectionKey[com.joseph.entity.Client.orders#138], CollectionKey[com.joseph.entity.Order.orderItems#101], CollectionKey[com.joseph.entity.Order.orderItems#100], CollectionKey[com.joseph.entity.Order.orderItems#99]]];ActionQueue[insertions=ExecutableList{size=0} updates=ExecutableList{size=0} deletions=ExecutableList{size=0} orphanRemovals=ExecutableList{size=0} collectionCreations=ExecutableList{size=0} collectionRemovals=ExecutableList{size=0} collectionUpdates=ExecutableList{size=0} collectionQueuedOps=ExecutableList{size=0} unresolvedInsertDependencies=null])]
16:39:05.197 [main] DEBUG org.hibernate.engine.transaction.internal.TransactionImpl - committing
16:39:05.197 [main] DEBUG org.springframework.jdbc.datasource.DataSourceUtils - Resetting read-only flag of JDBC Connection [com.mysql.cj.jdbc.ConnectionImpl@7a65a360]
16:39:05.198 [main] DEBUG org.springframework.orm.jpa.JpaTransactionManager - Closing JPA EntityManager [SessionImpl(PersistenceContext[entityKeys=[EntityKey[com.joseph.entity.Order#99], EntityKey[com.joseph.entity.Order#101], EntityKey[com.joseph.entity.Client#138], EntityKey[com.joseph.entity.Order#100]],collectionKeys=[CollectionKey[com.joseph.entity.Client.orders#138], CollectionKey[com.joseph.entity.Order.orderItems#101], CollectionKey[com.joseph.entity.Order.orderItems#100], CollectionKey[com.joseph.entity.Order.orderItems#99]]];ActionQueue[insertions=ExecutableList{size=0} updates=ExecutableList{size=0} deletions=ExecutableList{size=0} orphanRemovals=ExecutableList{size=0} collectionCreations=ExecutableList{size=0} collectionRemovals=ExecutableList{size=0} collectionUpdates=ExecutableList{size=0} collectionQueuedOps=ExecutableList{size=0} unresolvedInsertDependencies=null])] after transaction
16:39:05.199 [main] DEBUG org.springframework.orm.jpa.JpaTransactionManager - Creating new transaction with name [com.joseph.service.Impl.OrderServiceImpl.getOrder]: PROPAGATION_REQUIRED,ISOLATION_DEFAULT
16:39:05.199 [main] DEBUG org.springframework.orm.jpa.JpaTransactionManager - Opened new EntityManager [SessionImpl(PersistenceContext[entityKeys=[],collectionKeys=[]];ActionQueue[insertions=ExecutableList{size=0} updates=ExecutableList{size=0} deletions=ExecutableList{size=0} orphanRemovals=ExecutableList{size=0} collectionCreations=ExecutableList{size=0} collectionRemovals=ExecutableList{size=0} collectionUpdates=ExecutableList{size=0} collectionQueuedOps=ExecutableList{size=0} unresolvedInsertDependencies=null])] for JPA transaction
16:39:05.199 [main] DEBUG org.hibernate.engine.transaction.internal.TransactionImpl - begin
16:39:05.199 [main] DEBUG org.springframework.jdbc.datasource.DriverManagerDataSource - Creating new JDBC DriverManager Connection to [jdbc:mysql://localhost:3306/testcraftcore?useSSL=false&useTimezone=true&serverTimezone=UTC]
16:39:05.203 [main] DEBUG org.springframework.orm.jpa.JpaTransactionManager - Exposing JPA transaction as JDBC [org.springframework.orm.jpa.vendor.HibernateJpaDialect$HibernateConnectionHandle@7302ff13]
16:39:05.204 [main] DEBUG org.springframework.data.repository.core.support.TransactionalRepositoryProxyPostProcessor$CustomAnnotationTransactionAttributeSource - Adding transactional method 'findById' with attribute: PROPAGATION_REQUIRED,ISOLATION_DEFAULT,readOnly
16:39:05.204 [main] DEBUG org.springframework.orm.jpa.JpaTransactionManager - Found thread-bound EntityManager [SessionImpl(PersistenceContext[entityKeys=[],collectionKeys=[]];ActionQueue[insertions=ExecutableList{size=0} updates=ExecutableList{size=0} deletions=ExecutableList{size=0} orphanRemovals=ExecutableList{size=0} collectionCreations=ExecutableList{size=0} collectionRemovals=ExecutableList{size=0} collectionUpdates=ExecutableList{size=0} collectionQueuedOps=ExecutableList{size=0} unresolvedInsertDependencies=null])] for JPA transaction
16:39:05.204 [main] DEBUG org.springframework.orm.jpa.JpaTransactionManager - Participating in existing transaction
16:39:05.205 [main] DEBUG org.hibernate.SQL - select order0_.idorder as idorder1_1_0_, order0_.idclient as idclient5_1_0_, order0_.dateorder as dateorde2_1_0_, order0_.statusorder as statusor3_1_0_, order0_.totalorder as totalord4_1_0_, client1_.idclient as idclient1_0_1_, client1_.emailclient as emailcli2_0_1_, client1_.nameclient as nameclie3_0_1_ from order_table order0_ left outer join client client1_ on order0_.idclient=client1_.idclient where order0_.idorder=?
16:39:05.206 [main] DEBUG org.hibernate.loader.plan.exec.process.internal.ResultSetProcessorImpl - Starting ResultSet row #0
16:39:05.206 [main] DEBUG org.hibernate.loader.plan.exec.process.internal.EntityReferenceInitializerImpl - On call to EntityIdentifierReaderImpl#resolve, EntityKey was already known; should only happen on root returns with an optional identifier specified
16:39:05.207 [main] DEBUG org.hibernate.engine.internal.TwoPhaseLoad - Resolving associations for [com.joseph.entity.Order#99]
16:39:05.207 [main] DEBUG org.hibernate.engine.internal.TwoPhaseLoad - Done materializing entity [com.joseph.entity.Order#99]
16:39:05.207 [main] DEBUG org.hibernate.engine.internal.TwoPhaseLoad - Resolving associations for [com.joseph.entity.Client#138]
16:39:05.207 [main] DEBUG org.hibernate.engine.internal.TwoPhaseLoad - Done materializing entity [com.joseph.entity.Client#138]
16:39:05.207 [main] DEBUG org.hibernate.resource.jdbc.internal.ResourceRegistryStandardImpl - HHH000387: ResultSet's statement was not registered
16:39:05.207 [main] DEBUG org.hibernate.loader.entity.plan.AbstractLoadPlanBasedEntityLoader - Done entity load : com.joseph.entity.Order#99
16:39:05.208 [main] DEBUG org.springframework.orm.jpa.JpaTransactionManager - Initiating transaction commit
16:39:05.208 [main] DEBUG org.springframework.orm.jpa.JpaTransactionManager - Committing JPA transaction on EntityManager [SessionImpl(PersistenceContext[entityKeys=[EntityKey[com.joseph.entity.Order#99], EntityKey[com.joseph.entity.Client#138]],collectionKeys=[CollectionKey[com.joseph.entity.Client.orders#138], CollectionKey[com.joseph.entity.Order.orderItems#99]]];ActionQueue[insertions=ExecutableList{size=0} updates=ExecutableList{size=0} deletions=ExecutableList{size=0} orphanRemovals=ExecutableList{size=0} collectionCreations=ExecutableList{size=0} collectionRemovals=ExecutableList{size=0} collectionUpdates=ExecutableList{size=0} collectionQueuedOps=ExecutableList{size=0} unresolvedInsertDependencies=null])]
16:39:05.208 [main] DEBUG org.hibernate.engine.transaction.internal.TransactionImpl - committing
16:39:05.208 [main] DEBUG org.hibernate.event.internal.AbstractFlushingEventListener - Processing flush-time cascades
16:39:05.208 [main] DEBUG org.hibernate.event.internal.AbstractFlushingEventListener - Dirty checking collections
16:39:05.208 [main] DEBUG org.hibernate.engine.internal.Collections - Collection found: [com.joseph.entity.Order.orderItems#99], was: [com.joseph.entity.Order.orderItems#99] (uninitialized)
16:39:05.208 [main] DEBUG org.hibernate.engine.internal.Collections - Collection found: [com.joseph.entity.Client.orders#138], was: [com.joseph.entity.Client.orders#138] (uninitialized)
16:39:05.208 [main] DEBUG org.hibernate.event.internal.AbstractFlushingEventListener - Flushed: 0 insertions, 0 updates, 0 deletions to 2 objects
16:39:05.208 [main] DEBUG org.hibernate.event.internal.AbstractFlushingEventListener - Flushed: 0 (re)creations, 0 updates, 0 removals to 2 collections
16:39:05.208 [main] DEBUG org.hibernate.internal.util.EntityPrinter - Listing entities:
16:39:05.208 [main] DEBUG org.hibernate.internal.util.EntityPrinter - com.joseph.entity.Order{idorder=99, client=com.joseph.entity.Client#138, dateorder=2024-01-04, orderItems=<uninitialized>, statusorder=INPROGRESS, totalorder=300.0}
16:39:05.208 [main] DEBUG org.hibernate.internal.util.EntityPrinter - com.joseph.entity.Client{nameclient=null, emailclient=null, orders=<uninitialized>, idclient=138}
16:39:05.209 [main] DEBUG org.springframework.orm.jpa.JpaTransactionManager - Closing JPA EntityManager [SessionImpl(PersistenceContext[entityKeys=[EntityKey[com.joseph.entity.Order#99], EntityKey[com.joseph.entity.Client#138]],collectionKeys=[CollectionKey[com.joseph.entity.Client.orders#138], CollectionKey[com.joseph.entity.Order.orderItems#99]]];ActionQueue[insertions=ExecutableList{size=0} updates=ExecutableList{size=0} deletions=ExecutableList{size=0} orphanRemovals=ExecutableList{size=0} collectionCreations=ExecutableList{size=0} collectionRemovals=ExecutableList{size=0} collectionUpdates=ExecutableList{size=0} collectionQueuedOps=ExecutableList{size=0} unresolvedInsertDependencies=null])] after transaction
16:39:05.209 [main] DEBUG org.springframework.test.context.cache.DefaultCacheAwareContextLoaderDelegate - Retrieved ApplicationContext [270056930] from cache with key [[MergedContextConfiguration@4e375bba testClass = OrderServiceImplTest, locations = '{}', classes = '{class com.joseph.config.PersistenceJPAConfig}', contextInitializerClasses = '[]', activeProfiles = '{}', propertySourceLocations = '{}', propertySourceProperties = '{}', contextCustomizers = set[[empty]], contextLoader = 'org.springframework.test.context.support.DelegatingSmartContextLoader', parent = [null]]]
16:39:05.209 [main] DEBUG org.springframework.test.context.cache - Spring test ApplicationContext cache statistics: [DefaultContextCache@65bb6275 size = 1, maxSize = 32, parentContextCount = 0, hitCount = 78, missCount = 1]
16:39:05.210 [main] DEBUG org.springframework.orm.jpa.JpaTransactionManager - Creating new transaction with name [org.springframework.data.jpa.repository.support.SimpleJpaRepository.deleteAll]: PROPAGATION_REQUIRED,ISOLATION_DEFAULT
16:39:05.210 [main] DEBUG org.springframework.orm.jpa.JpaTransactionManager - Opened new EntityManager [SessionImpl(PersistenceContext[entityKeys=[],collectionKeys=[]];ActionQueue[insertions=ExecutableList{size=0} updates=ExecutableList{size=0} deletions=ExecutableList{size=0} orphanRemovals=ExecutableList{size=0} collectionCreations=ExecutableList{size=0} collectionRemovals=ExecutableList{size=0} collectionUpdates=ExecutableList{size=0} collectionQueuedOps=ExecutableList{size=0} unresolvedInsertDependencies=null])] for JPA transaction
16:39:05.210 [main] DEBUG org.hibernate.engine.transaction.internal.TransactionImpl - begin
16:39:05.210 [main] DEBUG org.springframework.jdbc.datasource.DriverManagerDataSource - Creating new JDBC DriverManager Connection to [jdbc:mysql://localhost:3306/testcraftcore?useSSL=false&useTimezone=true&serverTimezone=UTC]
16:39:05.215 [main] DEBUG org.springframework.orm.jpa.JpaTransactionManager - Exposing JPA transaction as JDBC [org.springframework.orm.jpa.vendor.HibernateJpaDialect$HibernateConnectionHandle@5f08fe00]
16:39:05.215 [main] DEBUG org.hibernate.query.criteria.internal.CriteriaQueryImpl - Rendered criteria query -> select generatedAlias0 from Client as generatedAlias0
16:39:05.215 [main] DEBUG org.hibernate.SQL - select client0_.idclient as idclient1_0_, client0_.emailclient as emailcli2_0_, client0_.nameclient as nameclie3_0_ from client client0_
16:39:05.217 [main] DEBUG org.hibernate.loader.Loader - Result set row: 0
16:39:05.217 [main] DEBUG org.hibernate.loader.Loader - Result row: EntityKey[com.joseph.entity.Client#138]
16:39:05.217 [main] DEBUG org.hibernate.engine.internal.TwoPhaseLoad - Resolving associations for [com.joseph.entity.Client#138]
16:39:05.217 [main] DEBUG org.hibernate.engine.internal.TwoPhaseLoad - Done materializing entity [com.joseph.entity.Client#138]
16:39:05.217 [main] DEBUG org.hibernate.loader.collection.plan.AbstractLoadPlanBasedCollectionInitializer - Loading collection: [com.joseph.entity.Client.orders#138]
16:39:05.218 [main] DEBUG org.hibernate.SQL - select orders0_.idclient as idclient5_1_0_, orders0_.idorder as idorder1_1_0_, orders0_.idorder as idorder1_1_1_, orders0_.idclient as idclient5_1_1_, orders0_.dateorder as dateorde2_1_1_, orders0_.statusorder as statusor3_1_1_, orders0_.totalorder as totalord4_1_1_ from order_table orders0_ where orders0_.idclient=?
16:39:05.234 [main] DEBUG org.hibernate.loader.plan.exec.process.internal.ResultSetProcessorImpl - Preparing collection intializer : [com.joseph.entity.Client.orders#138]
16:39:05.234 [main] DEBUG org.hibernate.loader.plan.exec.process.internal.ResultSetProcessorImpl - Starting ResultSet row #0
16:39:05.235 [main] DEBUG org.hibernate.loader.plan.exec.process.internal.CollectionReferenceInitializerImpl - Found row of collection: [com.joseph.entity.Client.orders#138]
16:39:05.235 [main] DEBUG org.hibernate.loader.plan.exec.process.internal.ResultSetProcessorImpl - Starting ResultSet row #1
16:39:05.236 [main] DEBUG org.hibernate.loader.plan.exec.process.internal.CollectionReferenceInitializerImpl - Found row of collection: [com.joseph.entity.Client.orders#138]
16:39:05.236 [main] DEBUG org.hibernate.loader.plan.exec.process.internal.ResultSetProcessorImpl - Starting ResultSet row #2
16:39:05.236 [main] DEBUG org.hibernate.loader.plan.exec.process.internal.CollectionReferenceInitializerImpl - Found row of collection: [com.joseph.entity.Client.orders#138]
16:39:05.237 [main] DEBUG org.hibernate.engine.internal.TwoPhaseLoad - Resolving associations for [com.joseph.entity.Order#99]
16:39:05.237 [main] DEBUG org.hibernate.engine.internal.TwoPhaseLoad - Done materializing entity [com.joseph.entity.Order#99]
16:39:05.237 [main] DEBUG org.hibernate.engine.internal.TwoPhaseLoad - Resolving associations for [com.joseph.entity.Order#100]
16:39:05.237 [main] DEBUG org.hibernate.engine.internal.TwoPhaseLoad - Done materializing entity [com.joseph.entity.Order#100]
16:39:05.237 [main] DEBUG org.hibernate.engine.internal.TwoPhaseLoad - Resolving associations for [com.joseph.entity.Order#101]
16:39:05.238 [main] DEBUG org.hibernate.engine.internal.TwoPhaseLoad - Done materializing entity [com.joseph.entity.Order#101]
16:39:05.238 [main] DEBUG org.hibernate.engine.loading.internal.CollectionLoadContext - 1 collections were found in result set for role: com.joseph.entity.Client.orders
16:39:05.238 [main] DEBUG org.hibernate.engine.loading.internal.CollectionLoadContext - Collection fully initialized: [com.joseph.entity.Client.orders#138]
16:39:05.238 [main] DEBUG org.hibernate.engine.loading.internal.CollectionLoadContext - 1 collections initialized for role: com.joseph.entity.Client.orders
16:39:05.238 [main] DEBUG org.hibernate.resource.jdbc.internal.ResourceRegistryStandardImpl - HHH000387: ResultSet's statement was not registered
16:39:05.238 [main] DEBUG org.hibernate.loader.collection.plan.AbstractLoadPlanBasedCollectionInitializer - Done loading collection
16:39:05.238 [main] DEBUG org.hibernate.loader.collection.plan.AbstractLoadPlanBasedCollectionInitializer - Loading collection: [com.joseph.entity.Order.orderItems#101]
16:39:05.239 [main] DEBUG org.hibernate.SQL - select orderitems0_.idorder as idorder3_2_0_, orderitems0_.id as id1_2_0_, orderitems0_.id as id1_2_1_, orderitems0_.idorder as idorder3_2_1_, orderitems0_.idproduct as idproduc4_2_1_, orderitems0_.quantity as quantity2_2_1_, product1_.idproduct as idproduc1_3_2_, product1_.nameproduct as nameprod2_3_2_, product1_.priceproduct as pricepro3_3_2_, product1_.stockproduct as stockpro4_3_2_ from orderitems orderitems0_ left outer join Product product1_ on orderitems0_.idproduct=product1_.idproduct where orderitems0_.idorder=?
16:39:05.242 [main] DEBUG org.hibernate.loader.plan.exec.process.internal.ResultSetProcessorImpl - Preparing collection intializer : [com.joseph.entity.Order.orderItems#101]
16:39:05.242 [main] DEBUG org.hibernate.engine.loading.internal.CollectionLoadContext - 1 collections were found in result set for role: com.joseph.entity.Order.orderItems
16:39:05.242 [main] DEBUG org.hibernate.engine.loading.internal.CollectionLoadContext - Collection fully initialized: [com.joseph.entity.Order.orderItems#101]
16:39:05.242 [main] DEBUG org.hibernate.engine.loading.internal.CollectionLoadContext - 1 collections initialized for role: com.joseph.entity.Order.orderItems
16:39:05.242 [main] DEBUG org.hibernate.resource.jdbc.internal.ResourceRegistryStandardImpl - HHH000387: ResultSet's statement was not registered
16:39:05.242 [main] DEBUG org.hibernate.loader.collection.plan.AbstractLoadPlanBasedCollectionInitializer - Done loading collection
16:39:05.243 [main] DEBUG org.hibernate.loader.collection.plan.AbstractLoadPlanBasedCollectionInitializer - Loading collection: [com.joseph.entity.Order.orderItems#100]
16:39:05.243 [main] DEBUG org.hibernate.SQL - select orderitems0_.idorder as idorder3_2_0_, orderitems0_.id as id1_2_0_, orderitems0_.id as id1_2_1_, orderitems0_.idorder as idorder3_2_1_, orderitems0_.idproduct as idproduc4_2_1_, orderitems0_.quantity as quantity2_2_1_, product1_.idproduct as idproduc1_3_2_, product1_.nameproduct as nameprod2_3_2_, product1_.priceproduct as pricepro3_3_2_, product1_.stockproduct as stockpro4_3_2_ from orderitems orderitems0_ left outer join Product product1_ on orderitems0_.idproduct=product1_.idproduct where orderitems0_.idorder=?
16:39:05.244 [main] DEBUG org.hibernate.loader.plan.exec.process.internal.ResultSetProcessorImpl - Preparing collection intializer : [com.joseph.entity.Order.orderItems#100]
16:39:05.244 [main] DEBUG org.hibernate.engine.loading.internal.CollectionLoadContext - 1 collections were found in result set for role: com.joseph.entity.Order.orderItems
16:39:05.244 [main] DEBUG org.hibernate.engine.loading.internal.CollectionLoadContext - Collection fully initialized: [com.joseph.entity.Order.orderItems#100]
16:39:05.244 [main] DEBUG org.hibernate.engine.loading.internal.CollectionLoadContext - 1 collections initialized for role: com.joseph.entity.Order.orderItems
16:39:05.244 [main] DEBUG org.hibernate.resource.jdbc.internal.ResourceRegistryStandardImpl - HHH000387: ResultSet's statement was not registered
16:39:05.244 [main] DEBUG org.hibernate.loader.collection.plan.AbstractLoadPlanBasedCollectionInitializer - Done loading collection
16:39:05.245 [main] DEBUG org.hibernate.loader.collection.plan.AbstractLoadPlanBasedCollectionInitializer - Loading collection: [com.joseph.entity.Order.orderItems#99]
16:39:05.245 [main] DEBUG org.hibernate.SQL - select orderitems0_.idorder as idorder3_2_0_, orderitems0_.id as id1_2_0_, orderitems0_.id as id1_2_1_, orderitems0_.idorder as idorder3_2_1_, orderitems0_.idproduct as idproduc4_2_1_, orderitems0_.quantity as quantity2_2_1_, product1_.idproduct as idproduc1_3_2_, product1_.nameproduct as nameprod2_3_2_, product1_.priceproduct as pricepro3_3_2_, product1_.stockproduct as stockpro4_3_2_ from orderitems orderitems0_ left outer join Product product1_ on orderitems0_.idproduct=product1_.idproduct where orderitems0_.idorder=?
16:39:05.246 [main] DEBUG org.hibernate.loader.plan.exec.process.internal.ResultSetProcessorImpl - Preparing collection intializer : [com.joseph.entity.Order.orderItems#99]
16:39:05.246 [main] DEBUG org.hibernate.engine.loading.internal.CollectionLoadContext - 1 collections were found in result set for role: com.joseph.entity.Order.orderItems
16:39:05.247 [main] DEBUG org.hibernate.engine.loading.internal.CollectionLoadContext - Collection fully initialized: [com.joseph.entity.Order.orderItems#99]
16:39:05.247 [main] DEBUG org.hibernate.engine.loading.internal.CollectionLoadContext - 1 collections initialized for role: com.joseph.entity.Order.orderItems
16:39:05.247 [main] DEBUG org.hibernate.resource.jdbc.internal.ResourceRegistryStandardImpl - HHH000387: ResultSet's statement was not registered
16:39:05.247 [main] DEBUG org.hibernate.loader.collection.plan.AbstractLoadPlanBasedCollectionInitializer - Done loading collection
16:39:05.247 [main] DEBUG org.springframework.orm.jpa.JpaTransactionManager - Initiating transaction commit
16:39:05.247 [main] DEBUG org.springframework.orm.jpa.JpaTransactionManager - Committing JPA transaction on EntityManager [SessionImpl(PersistenceContext[entityKeys=[EntityKey[com.joseph.entity.Order#99], EntityKey[com.joseph.entity.Client#138], EntityKey[com.joseph.entity.Order#101], EntityKey[com.joseph.entity.Order#100]],collectionKeys=[CollectionKey[com.joseph.entity.Client.orders#138], CollectionKey[com.joseph.entity.Order.orderItems#101], CollectionKey[com.joseph.entity.Order.orderItems#100], CollectionKey[com.joseph.entity.Order.orderItems#99]]];ActionQueue[insertions=ExecutableList{size=0} updates=ExecutableList{size=0} deletions=ExecutableList{size=4} orphanRemovals=ExecutableList{size=0} collectionCreations=ExecutableList{size=0} collectionRemovals=ExecutableList{size=0} collectionUpdates=ExecutableList{size=0} collectionQueuedOps=ExecutableList{size=0} unresolvedInsertDependencies=null])]
16:39:05.247 [main] DEBUG org.hibernate.engine.transaction.internal.TransactionImpl - committing
16:39:05.247 [main] DEBUG org.hibernate.event.internal.AbstractFlushingEventListener - Processing flush-time cascades
16:39:05.249 [main] DEBUG org.hibernate.event.internal.AbstractFlushingEventListener - Dirty checking collections
16:39:05.249 [main] DEBUG org.hibernate.engine.internal.Collections - Collection dereferenced: [com.joseph.entity.Client.orders#138]
16:39:05.249 [main] DEBUG org.hibernate.engine.internal.Collections - Collection dereferenced: [com.joseph.entity.Order.orderItems#99]
16:39:05.250 [main] DEBUG org.hibernate.engine.internal.Collections - Collection dereferenced: [com.joseph.entity.Order.orderItems#100]
16:39:05.250 [main] DEBUG org.hibernate.engine.internal.Collections - Collection dereferenced: [com.joseph.entity.Order.orderItems#101]
16:39:05.250 [main] DEBUG org.hibernate.event.internal.AbstractFlushingEventListener - Flushed: 0 insertions, 0 updates, 4 deletions to 4 objects
16:39:05.250 [main] DEBUG org.hibernate.event.internal.AbstractFlushingEventListener - Flushed: 0 (re)creations, 0 updates, 4 removals to 4 collections
16:39:05.250 [main] DEBUG org.hibernate.internal.util.EntityPrinter - Listing entities:
16:39:05.250 [main] DEBUG org.hibernate.internal.util.EntityPrinter - com.joseph.entity.Order{idorder=99, client=com.joseph.entity.Client#138, dateorder=2024-01-04, orderItems=[], statusorder=INPROGRESS, totalorder=300.0}
16:39:05.250 [main] DEBUG org.hibernate.internal.util.EntityPrinter - com.joseph.entity.Client{nameclient=null, emailclient=null, orders=[com.joseph.entity.Order#101, com.joseph.entity.Order#100, com.joseph.entity.Order#99], idclient=138}
16:39:05.250 [main] DEBUG org.hibernate.internal.util.EntityPrinter - com.joseph.entity.Order{idorder=101, client=com.joseph.entity.Client#138, dateorder=2024-01-04, orderItems=[], statusorder=INPROGRESS, totalorder=300.0}
16:39:05.250 [main] DEBUG org.hibernate.internal.util.EntityPrinter - com.joseph.entity.Order{idorder=100, client=com.joseph.entity.Client#138, dateorder=2024-01-04, orderItems=[], statusorder=INPROGRESS, totalorder=300.0}
16:39:05.250 [main] DEBUG org.hibernate.SQL - delete from order_table where idorder=?
16:39:05.258 [main] DEBUG org.hibernate.SQL - delete from order_table where idorder=?
16:39:05.260 [main] DEBUG org.hibernate.SQL - delete from order_table where idorder=?
16:39:05.260 [main] DEBUG org.hibernate.SQL - delete from client where idclient=?
16:39:05.262 [main] DEBUG org.springframework.orm.jpa.JpaTransactionManager - Closing JPA EntityManager [SessionImpl(PersistenceContext[entityKeys=[],collectionKeys=[]];ActionQueue[insertions=ExecutableList{size=0} updates=ExecutableList{size=0} deletions=ExecutableList{size=0} orphanRemovals=ExecutableList{size=0} collectionCreations=ExecutableList{size=0} collectionRemovals=ExecutableList{size=0} collectionUpdates=ExecutableList{size=0} collectionQueuedOps=ExecutableList{size=0} unresolvedInsertDependencies=null])] after transaction
16:39:05.262 [main] DEBUG org.hibernate.engine.jdbc.internal.JdbcCoordinatorImpl - HHH000420: Closing un-released batch
16:39:05.263 [main] DEBUG org.springframework.test.context.cache.DefaultCacheAwareContextLoaderDelegate - Retrieved ApplicationContext [270056930] from cache with key [[MergedContextConfiguration@4e375bba testClass = OrderServiceImplTest, locations = '{}', classes = '{class com.joseph.config.PersistenceJPAConfig}', contextInitializerClasses = '[]', activeProfiles = '{}', propertySourceLocations = '{}', propertySourceProperties = '{}', contextCustomizers = set[[empty]], contextLoader = 'org.springframework.test.context.support.DelegatingSmartContextLoader', parent = [null]]]
16:39:05.264 [main] DEBUG org.springframework.test.context.cache - Spring test ApplicationContext cache statistics: [DefaultContextCache@65bb6275 size = 1, maxSize = 32, parentContextCount = 0, hitCount = 79, missCount = 1]
16:39:05.265 [main] DEBUG org.springframework.test.context.support.AbstractDirtiesContextTestExecutionListener - After test method: context [DefaultTestContext@30c19bff testClass = OrderServiceImplTest, testInstance = com.joseph.service.Impl.OrderServiceImplTest@608cd501, testMethod = getOrder@OrderServiceImplTest, testException = [null], mergedContextConfiguration = [MergedContextConfiguration@4e375bba testClass = OrderServiceImplTest, locations = '{}', classes = '{class com.joseph.config.PersistenceJPAConfig}', contextInitializerClasses = '[]', activeProfiles = '{}', propertySourceLocations = '{}', propertySourceProperties = '{}', contextCustomizers = set[[empty]], contextLoader = 'org.springframework.test.context.support.DelegatingSmartContextLoader', parent = [null]], attributes = map[[empty]]], class annotated with @DirtiesContext [false] with mode [null], method annotated with @DirtiesContext [false] with mode [null].
]]></system-out>
  </testcase>
  <testcase name="getorderdate1" classname="com.joseph.service.Impl.OrderServiceImplTest$rapports" time="0.135">
    <system-out><![CDATA[16:39:05.273 [main] DEBUG org.springframework.test.context.BootstrapUtils - Instantiating CacheAwareContextLoaderDelegate from class [org.springframework.test.context.cache.DefaultCacheAwareContextLoaderDelegate]
16:39:05.273 [main] DEBUG org.springframework.test.context.BootstrapUtils - Instantiating BootstrapContext using constructor [public org.springframework.test.context.support.DefaultBootstrapContext(java.lang.Class,org.springframework.test.context.CacheAwareContextLoaderDelegate)]
16:39:05.274 [main] DEBUG org.springframework.test.context.BootstrapUtils - Instantiating TestContextBootstrapper for test class [com.joseph.service.Impl.OrderServiceImplTest$rapports] from class [org.springframework.test.context.support.DefaultTestContextBootstrapper]
16:39:05.274 [main] DEBUG org.springframework.test.context.support.AbstractDelegatingSmartContextLoader - Delegating to AnnotationConfigContextLoader to process context configuration [ContextConfigurationAttributes@37e0056e declaringClass = 'com.joseph.service.Impl.OrderServiceImplTest$rapports', classes = '{class com.joseph.config.PersistenceJPAConfig}', locations = '{}', inheritLocations = true, initializers = '{}', inheritInitializers = true, name = [null], contextLoaderClass = 'org.springframework.test.context.ContextLoader'].
16:39:05.275 [main] DEBUG org.springframework.test.context.support.ActiveProfilesUtils - Could not find an 'annotation declaring class' for annotation type [org.springframework.test.context.ActiveProfiles] and class [com.joseph.service.Impl.OrderServiceImplTest$rapports]
16:39:05.275 [main] DEBUG org.springframework.test.context.support.DefaultTestContextBootstrapper - @TestExecutionListeners is not present for class [com.joseph.service.Impl.OrderServiceImplTest$rapports]: using defaults.
16:39:05.275 [main] INFO org.springframework.test.context.support.DefaultTestContextBootstrapper - Loaded default TestExecutionListener class names from location [META-INF/spring.factories]: [org.springframework.test.context.web.ServletTestExecutionListener, org.springframework.test.context.support.DirtiesContextBeforeModesTestExecutionListener, org.springframework.test.context.support.DependencyInjectionTestExecutionListener, org.springframework.test.context.support.DirtiesContextTestExecutionListener, org.springframework.test.context.transaction.TransactionalTestExecutionListener, org.springframework.test.context.jdbc.SqlScriptsTestExecutionListener, org.springframework.test.context.event.EventPublishingTestExecutionListener]
16:39:05.275 [main] INFO org.springframework.test.context.support.DefaultTestContextBootstrapper - Using TestExecutionListeners: [org.springframework.test.context.web.ServletTestExecutionListener@415795f3, org.springframework.test.context.support.DirtiesContextBeforeModesTestExecutionListener@2fe2965c, org.springframework.test.context.support.DependencyInjectionTestExecutionListener@3375ebd3, org.springframework.test.context.support.DirtiesContextTestExecutionListener@40943a6, org.springframework.test.context.transaction.TransactionalTestExecutionListener@798cb6d9, org.springframework.test.context.jdbc.SqlScriptsTestExecutionListener@42679fc2, org.springframework.test.context.event.EventPublishingTestExecutionListener@5e50df2e]
16:39:05.275 [main] DEBUG org.springframework.test.context.support.AbstractDirtiesContextTestExecutionListener - Before test class: context [DefaultTestContext@100aa331 testClass = OrderServiceImplTest.rapports, testInstance = [null], testMethod = [null], testException = [null], mergedContextConfiguration = [MergedContextConfiguration@c2cf597 testClass = OrderServiceImplTest.rapports, locations = '{}', classes = '{class com.joseph.config.PersistenceJPAConfig}', contextInitializerClasses = '[]', activeProfiles = '{}', propertySourceLocations = '{}', propertySourceProperties = '{}', contextCustomizers = set[[empty]], contextLoader = 'org.springframework.test.context.support.DelegatingSmartContextLoader', parent = [null]], attributes = map[[empty]]], class annotated with @DirtiesContext [false] with mode [null].
16:39:05.275 [main] DEBUG org.springframework.test.context.cache.DefaultCacheAwareContextLoaderDelegate - Retrieved ApplicationContext [270056930] from cache with key [[MergedContextConfiguration@c2cf597 testClass = OrderServiceImplTest.rapports, locations = '{}', classes = '{class com.joseph.config.PersistenceJPAConfig}', contextInitializerClasses = '[]', activeProfiles = '{}', propertySourceLocations = '{}', propertySourceProperties = '{}', contextCustomizers = set[[empty]], contextLoader = 'org.springframework.test.context.support.DelegatingSmartContextLoader', parent = [null]]]
16:39:05.275 [main] DEBUG org.springframework.test.context.cache - Spring test ApplicationContext cache statistics: [DefaultContextCache@65bb6275 size = 1, maxSize = 32, parentContextCount = 0, hitCount = 80, missCount = 1]
16:39:05.276 [main] DEBUG org.springframework.test.context.support.DependencyInjectionTestExecutionListener - Performing dependency injection for test context [[DefaultTestContext@30c19bff testClass = OrderServiceImplTest, testInstance = com.joseph.service.Impl.OrderServiceImplTest@724bf25f, testMethod = [null], testException = [null], mergedContextConfiguration = [MergedContextConfiguration@4e375bba testClass = OrderServiceImplTest, locations = '{}', classes = '{class com.joseph.config.PersistenceJPAConfig}', contextInitializerClasses = '[]', activeProfiles = '{}', propertySourceLocations = '{}', propertySourceProperties = '{}', contextCustomizers = set[[empty]], contextLoader = 'org.springframework.test.context.support.DelegatingSmartContextLoader', parent = [null]], attributes = map[[empty]]]].
16:39:05.276 [main] DEBUG org.springframework.test.context.cache.DefaultCacheAwareContextLoaderDelegate - Retrieved ApplicationContext [270056930] from cache with key [[MergedContextConfiguration@4e375bba testClass = OrderServiceImplTest, locations = '{}', classes = '{class com.joseph.config.PersistenceJPAConfig}', contextInitializerClasses = '[]', activeProfiles = '{}', propertySourceLocations = '{}', propertySourceProperties = '{}', contextCustomizers = set[[empty]], contextLoader = 'org.springframework.test.context.support.DelegatingSmartContextLoader', parent = [null]]]
16:39:05.276 [main] DEBUG org.springframework.test.context.cache - Spring test ApplicationContext cache statistics: [DefaultContextCache@65bb6275 size = 1, maxSize = 32, parentContextCount = 0, hitCount = 81, missCount = 1]
16:39:05.276 [main] DEBUG org.springframework.test.context.cache.DefaultCacheAwareContextLoaderDelegate - Retrieved ApplicationContext [270056930] from cache with key [[MergedContextConfiguration@4e375bba testClass = OrderServiceImplTest, locations = '{}', classes = '{class com.joseph.config.PersistenceJPAConfig}', contextInitializerClasses = '[]', activeProfiles = '{}', propertySourceLocations = '{}', propertySourceProperties = '{}', contextCustomizers = set[[empty]], contextLoader = 'org.springframework.test.context.support.DelegatingSmartContextLoader', parent = [null]]]
16:39:05.276 [main] DEBUG org.springframework.test.context.cache - Spring test ApplicationContext cache statistics: [DefaultContextCache@65bb6275 size = 1, maxSize = 32, parentContextCount = 0, hitCount = 82, missCount = 1]
16:39:05.278 [main] DEBUG org.springframework.test.context.support.DependencyInjectionTestExecutionListener - Performing dependency injection for test context [[DefaultTestContext@100aa331 testClass = OrderServiceImplTest.rapports, testInstance = com.joseph.service.Impl.OrderServiceImplTest$rapports@2abafa97, testMethod = [null], testException = [null], mergedContextConfiguration = [MergedContextConfiguration@c2cf597 testClass = OrderServiceImplTest.rapports, locations = '{}', classes = '{class com.joseph.config.PersistenceJPAConfig}', contextInitializerClasses = '[]', activeProfiles = '{}', propertySourceLocations = '{}', propertySourceProperties = '{}', contextCustomizers = set[[empty]], contextLoader = 'org.springframework.test.context.support.DelegatingSmartContextLoader', parent = [null]], attributes = map[[empty]]]].
16:39:05.278 [main] DEBUG org.springframework.test.context.cache.DefaultCacheAwareContextLoaderDelegate - Retrieved ApplicationContext [270056930] from cache with key [[MergedContextConfiguration@c2cf597 testClass = OrderServiceImplTest.rapports, locations = '{}', classes = '{class com.joseph.config.PersistenceJPAConfig}', contextInitializerClasses = '[]', activeProfiles = '{}', propertySourceLocations = '{}', propertySourceProperties = '{}', contextCustomizers = set[[empty]], contextLoader = 'org.springframework.test.context.support.DelegatingSmartContextLoader', parent = [null]]]
16:39:05.278 [main] DEBUG org.springframework.test.context.cache - Spring test ApplicationContext cache statistics: [DefaultContextCache@65bb6275 size = 1, maxSize = 32, parentContextCount = 0, hitCount = 83, missCount = 1]
16:39:05.278 [main] DEBUG org.springframework.test.context.cache.DefaultCacheAwareContextLoaderDelegate - Retrieved ApplicationContext [270056930] from cache with key [[MergedContextConfiguration@c2cf597 testClass = OrderServiceImplTest.rapports, locations = '{}', classes = '{class com.joseph.config.PersistenceJPAConfig}', contextInitializerClasses = '[]', activeProfiles = '{}', propertySourceLocations = '{}', propertySourceProperties = '{}', contextCustomizers = set[[empty]], contextLoader = 'org.springframework.test.context.support.DelegatingSmartContextLoader', parent = [null]]]
16:39:05.278 [main] DEBUG org.springframework.test.context.cache - Spring test ApplicationContext cache statistics: [DefaultContextCache@65bb6275 size = 1, maxSize = 32, parentContextCount = 0, hitCount = 84, missCount = 1]
16:39:05.280 [main] DEBUG org.springframework.test.context.support.AbstractDirtiesContextTestExecutionListener - Before test method: context [DefaultTestContext@100aa331 testClass = OrderServiceImplTest.rapports, testInstance = com.joseph.service.Impl.OrderServiceImplTest$rapports@2abafa97, testMethod = getorderdate1@OrderServiceImplTest.rapports, testException = [null], mergedContextConfiguration = [MergedContextConfiguration@c2cf597 testClass = OrderServiceImplTest.rapports, locations = '{}', classes = '{class com.joseph.config.PersistenceJPAConfig}', contextInitializerClasses = '[]', activeProfiles = '{}', propertySourceLocations = '{}', propertySourceProperties = '{}', contextCustomizers = set[[empty]], contextLoader = 'org.springframework.test.context.support.DelegatingSmartContextLoader', parent = [null]], attributes = map[[empty]]], class annotated with @DirtiesContext [false] with mode [null], method annotated with @DirtiesContext [false] with mode [null].
16:39:05.280 [main] DEBUG org.springframework.test.context.cache.DefaultCacheAwareContextLoaderDelegate - Retrieved ApplicationContext [270056930] from cache with key [[MergedContextConfiguration@c2cf597 testClass = OrderServiceImplTest.rapports, locations = '{}', classes = '{class com.joseph.config.PersistenceJPAConfig}', contextInitializerClasses = '[]', activeProfiles = '{}', propertySourceLocations = '{}', propertySourceProperties = '{}', contextCustomizers = set[[empty]], contextLoader = 'org.springframework.test.context.support.DelegatingSmartContextLoader', parent = [null]]]
16:39:05.280 [main] DEBUG org.springframework.test.context.cache - Spring test ApplicationContext cache statistics: [DefaultContextCache@65bb6275 size = 1, maxSize = 32, parentContextCount = 0, hitCount = 85, missCount = 1]
16:39:05.280 [main] DEBUG org.springframework.orm.jpa.JpaTransactionManager - Creating new transaction with name [org.springframework.data.jpa.repository.support.SimpleJpaRepository.deleteAll]: PROPAGATION_REQUIRED,ISOLATION_DEFAULT
16:39:05.281 [main] DEBUG org.springframework.orm.jpa.JpaTransactionManager - Opened new EntityManager [SessionImpl(PersistenceContext[entityKeys=[],collectionKeys=[]];ActionQueue[insertions=ExecutableList{size=0} updates=ExecutableList{size=0} deletions=ExecutableList{size=0} orphanRemovals=ExecutableList{size=0} collectionCreations=ExecutableList{size=0} collectionRemovals=ExecutableList{size=0} collectionUpdates=ExecutableList{size=0} collectionQueuedOps=ExecutableList{size=0} unresolvedInsertDependencies=null])] for JPA transaction
16:39:05.281 [main] DEBUG org.hibernate.engine.transaction.internal.TransactionImpl - begin
16:39:05.281 [main] DEBUG org.springframework.jdbc.datasource.DriverManagerDataSource - Creating new JDBC DriverManager Connection to [jdbc:mysql://localhost:3306/testcraftcore?useSSL=false&useTimezone=true&serverTimezone=UTC]
16:39:05.294 [main] DEBUG org.springframework.orm.jpa.JpaTransactionManager - Exposing JPA transaction as JDBC [org.springframework.orm.jpa.vendor.HibernateJpaDialect$HibernateConnectionHandle@40717ed]
16:39:05.295 [main] DEBUG org.hibernate.query.criteria.internal.CriteriaQueryImpl - Rendered criteria query -> select generatedAlias0 from Client as generatedAlias0
16:39:05.295 [main] DEBUG org.hibernate.SQL - select client0_.idclient as idclient1_0_, client0_.emailclient as emailcli2_0_, client0_.nameclient as nameclie3_0_ from client client0_
16:39:05.296 [main] DEBUG org.springframework.orm.jpa.JpaTransactionManager - Initiating transaction commit
16:39:05.296 [main] DEBUG org.springframework.orm.jpa.JpaTransactionManager - Committing JPA transaction on EntityManager [SessionImpl(PersistenceContext[entityKeys=[],collectionKeys=[]];ActionQueue[insertions=ExecutableList{size=0} updates=ExecutableList{size=0} deletions=ExecutableList{size=0} orphanRemovals=ExecutableList{size=0} collectionCreations=ExecutableList{size=0} collectionRemovals=ExecutableList{size=0} collectionUpdates=ExecutableList{size=0} collectionQueuedOps=ExecutableList{size=0} unresolvedInsertDependencies=null])]
16:39:05.296 [main] DEBUG org.hibernate.engine.transaction.internal.TransactionImpl - committing
16:39:05.296 [main] DEBUG org.springframework.orm.jpa.JpaTransactionManager - Closing JPA EntityManager [SessionImpl(PersistenceContext[entityKeys=[],collectionKeys=[]];ActionQueue[insertions=ExecutableList{size=0} updates=ExecutableList{size=0} deletions=ExecutableList{size=0} orphanRemovals=ExecutableList{size=0} collectionCreations=ExecutableList{size=0} collectionRemovals=ExecutableList{size=0} collectionUpdates=ExecutableList{size=0} collectionQueuedOps=ExecutableList{size=0} unresolvedInsertDependencies=null])] after transaction
16:39:05.297 [main] DEBUG org.springframework.orm.jpa.JpaTransactionManager - Creating new transaction with name [org.springframework.data.jpa.repository.support.SimpleJpaRepository.save]: PROPAGATION_REQUIRED,ISOLATION_DEFAULT
16:39:05.297 [main] DEBUG org.springframework.orm.jpa.JpaTransactionManager - Opened new EntityManager [SessionImpl(PersistenceContext[entityKeys=[],collectionKeys=[]];ActionQueue[insertions=ExecutableList{size=0} updates=ExecutableList{size=0} deletions=ExecutableList{size=0} orphanRemovals=ExecutableList{size=0} collectionCreations=ExecutableList{size=0} collectionRemovals=ExecutableList{size=0} collectionUpdates=ExecutableList{size=0} collectionQueuedOps=ExecutableList{size=0} unresolvedInsertDependencies=null])] for JPA transaction
16:39:05.297 [main] DEBUG org.hibernate.engine.transaction.internal.TransactionImpl - begin
16:39:05.297 [main] DEBUG org.springframework.jdbc.datasource.DriverManagerDataSource - Creating new JDBC DriverManager Connection to [jdbc:mysql://localhost:3306/testcraftcore?useSSL=false&useTimezone=true&serverTimezone=UTC]
16:39:05.304 [main] DEBUG org.springframework.orm.jpa.JpaTransactionManager - Exposing JPA transaction as JDBC [org.springframework.orm.jpa.vendor.HibernateJpaDialect$HibernateConnectionHandle@565aa4ac]
16:39:05.304 [main] DEBUG org.hibernate.engine.spi.ActionQueue - Executing identity-insert immediately
16:39:05.304 [main] DEBUG org.hibernate.SQL - insert into client (emailclient, nameclient) values (?, ?)
16:39:05.305 [main] DEBUG org.hibernate.id.IdentifierGeneratorHelper - Natively generated identity: 139
16:39:05.305 [main] DEBUG org.hibernate.resource.jdbc.internal.ResourceRegistryStandardImpl - HHH000387: ResultSet's statement was not registered
16:39:05.305 [main] DEBUG org.springframework.orm.jpa.JpaTransactionManager - Initiating transaction commit
16:39:05.305 [main] DEBUG org.springframework.orm.jpa.JpaTransactionManager - Committing JPA transaction on EntityManager [SessionImpl(PersistenceContext[entityKeys=[EntityKey[com.joseph.entity.Client#139]],collectionKeys=[]];ActionQueue[insertions=ExecutableList{size=0} updates=ExecutableList{size=0} deletions=ExecutableList{size=0} orphanRemovals=ExecutableList{size=0} collectionCreations=ExecutableList{size=0} collectionRemovals=ExecutableList{size=0} collectionUpdates=ExecutableList{size=0} collectionQueuedOps=ExecutableList{size=0} unresolvedInsertDependencies=null])]
16:39:05.305 [main] DEBUG org.hibernate.engine.transaction.internal.TransactionImpl - committing
16:39:05.305 [main] DEBUG org.hibernate.event.internal.AbstractFlushingEventListener - Processing flush-time cascades
16:39:05.305 [main] DEBUG org.hibernate.event.internal.AbstractFlushingEventListener - Dirty checking collections
16:39:05.305 [main] DEBUG org.hibernate.engine.internal.Collections - Collection found: [com.joseph.entity.Client.orders#139], was: [<unreferenced>] (initialized)
16:39:05.305 [main] DEBUG org.hibernate.event.internal.AbstractFlushingEventListener - Flushed: 0 insertions, 0 updates, 0 deletions to 1 objects
16:39:05.305 [main] DEBUG org.hibernate.event.internal.AbstractFlushingEventListener - Flushed: 1 (re)creations, 0 updates, 0 removals to 1 collections
16:39:05.305 [main] DEBUG org.hibernate.internal.util.EntityPrinter - Listing entities:
16:39:05.305 [main] DEBUG org.hibernate.internal.util.EntityPrinter - com.joseph.entity.Client{nameclient=null, emailclient=null, orders=[], idclient=139}
16:39:05.306 [main] DEBUG org.springframework.orm.jpa.JpaTransactionManager - Closing JPA EntityManager [SessionImpl(PersistenceContext[entityKeys=[EntityKey[com.joseph.entity.Client#139]],collectionKeys=[CollectionKey[com.joseph.entity.Client.orders#139]]];ActionQueue[insertions=ExecutableList{size=0} updates=ExecutableList{size=0} deletions=ExecutableList{size=0} orphanRemovals=ExecutableList{size=0} collectionCreations=ExecutableList{size=0} collectionRemovals=ExecutableList{size=0} collectionUpdates=ExecutableList{size=0} collectionQueuedOps=ExecutableList{size=0} unresolvedInsertDependencies=null])] after transaction
16:39:05.306 [main] DEBUG org.springframework.orm.jpa.JpaTransactionManager - Creating new transaction with name [org.springframework.data.jpa.repository.support.SimpleJpaRepository.save]: PROPAGATION_REQUIRED,ISOLATION_DEFAULT
16:39:05.307 [main] DEBUG org.springframework.orm.jpa.JpaTransactionManager - Opened new EntityManager [SessionImpl(PersistenceContext[entityKeys=[],collectionKeys=[]];ActionQueue[insertions=ExecutableList{size=0} updates=ExecutableList{size=0} deletions=ExecutableList{size=0} orphanRemovals=ExecutableList{size=0} collectionCreations=ExecutableList{size=0} collectionRemovals=ExecutableList{size=0} collectionUpdates=ExecutableList{size=0} collectionQueuedOps=ExecutableList{size=0} unresolvedInsertDependencies=null])] for JPA transaction
16:39:05.307 [main] DEBUG org.hibernate.engine.transaction.internal.TransactionImpl - begin
16:39:05.307 [main] DEBUG org.springframework.jdbc.datasource.DriverManagerDataSource - Creating new JDBC DriverManager Connection to [jdbc:mysql://localhost:3306/testcraftcore?useSSL=false&useTimezone=true&serverTimezone=UTC]
16:39:05.309 [main] DEBUG org.springframework.orm.jpa.JpaTransactionManager - Exposing JPA transaction as JDBC [org.springframework.orm.jpa.vendor.HibernateJpaDialect$HibernateConnectionHandle@3d3a1903]
16:39:05.310 [main] DEBUG org.hibernate.engine.spi.ActionQueue - Executing identity-insert immediately
16:39:05.310 [main] DEBUG org.hibernate.SQL - insert into order_table (idclient, dateorder, statusorder, totalorder) values (?, ?, ?, ?)
16:39:05.311 [main] DEBUG org.hibernate.id.IdentifierGeneratorHelper - Natively generated identity: 102
16:39:05.311 [main] DEBUG org.hibernate.resource.jdbc.internal.ResourceRegistryStandardImpl - HHH000387: ResultSet's statement was not registered
16:39:05.311 [main] DEBUG org.springframework.orm.jpa.JpaTransactionManager - Initiating transaction commit
16:39:05.311 [main] DEBUG org.springframework.orm.jpa.JpaTransactionManager - Committing JPA transaction on EntityManager [SessionImpl(PersistenceContext[entityKeys=[EntityKey[com.joseph.entity.Order#102]],collectionKeys=[]];ActionQueue[insertions=ExecutableList{size=0} updates=ExecutableList{size=0} deletions=ExecutableList{size=0} orphanRemovals=ExecutableList{size=0} collectionCreations=ExecutableList{size=0} collectionRemovals=ExecutableList{size=0} collectionUpdates=ExecutableList{size=0} collectionQueuedOps=ExecutableList{size=0} unresolvedInsertDependencies=null])]
16:39:05.311 [main] DEBUG org.hibernate.engine.transaction.internal.TransactionImpl - committing
16:39:05.311 [main] DEBUG org.hibernate.event.internal.AbstractFlushingEventListener - Processing flush-time cascades
16:39:05.311 [main] DEBUG org.hibernate.event.internal.AbstractFlushingEventListener - Dirty checking collections
16:39:05.311 [main] DEBUG org.hibernate.engine.internal.Collections - Collection found: [com.joseph.entity.Order.orderItems#102], was: [<unreferenced>] (initialized)
16:39:05.312 [main] DEBUG org.hibernate.event.internal.AbstractFlushingEventListener - Flushed: 0 insertions, 0 updates, 0 deletions to 1 objects
16:39:05.312 [main] DEBUG org.hibernate.event.internal.AbstractFlushingEventListener - Flushed: 1 (re)creations, 0 updates, 0 removals to 1 collections
16:39:05.312 [main] DEBUG org.hibernate.internal.util.EntityPrinter - Listing entities:
16:39:05.312 [main] DEBUG org.hibernate.internal.util.EntityPrinter - com.joseph.entity.Order{idorder=102, client=com.joseph.entity.Client#139, dateorder=2024-01-04, orderItems=[], statusorder=INPROGRESS, totalorder=300.0}
16:39:05.312 [main] DEBUG org.springframework.orm.jpa.JpaTransactionManager - Closing JPA EntityManager [SessionImpl(PersistenceContext[entityKeys=[EntityKey[com.joseph.entity.Order#102]],collectionKeys=[CollectionKey[com.joseph.entity.Order.orderItems#102]]];ActionQueue[insertions=ExecutableList{size=0} updates=ExecutableList{size=0} deletions=ExecutableList{size=0} orphanRemovals=ExecutableList{size=0} collectionCreations=ExecutableList{size=0} collectionRemovals=ExecutableList{size=0} collectionUpdates=ExecutableList{size=0} collectionQueuedOps=ExecutableList{size=0} unresolvedInsertDependencies=null])] after transaction
16:39:05.313 [main] DEBUG org.springframework.orm.jpa.JpaTransactionManager - Creating new transaction with name [org.springframework.data.jpa.repository.support.SimpleJpaRepository.save]: PROPAGATION_REQUIRED,ISOLATION_DEFAULT
16:39:05.313 [main] DEBUG org.springframework.orm.jpa.JpaTransactionManager - Opened new EntityManager [SessionImpl(PersistenceContext[entityKeys=[],collectionKeys=[]];ActionQueue[insertions=ExecutableList{size=0} updates=ExecutableList{size=0} deletions=ExecutableList{size=0} orphanRemovals=ExecutableList{size=0} collectionCreations=ExecutableList{size=0} collectionRemovals=ExecutableList{size=0} collectionUpdates=ExecutableList{size=0} collectionQueuedOps=ExecutableList{size=0} unresolvedInsertDependencies=null])] for JPA transaction
16:39:05.313 [main] DEBUG org.hibernate.engine.transaction.internal.TransactionImpl - begin
16:39:05.313 [main] DEBUG org.springframework.jdbc.datasource.DriverManagerDataSource - Creating new JDBC DriverManager Connection to [jdbc:mysql://localhost:3306/testcraftcore?useSSL=false&useTimezone=true&serverTimezone=UTC]
16:39:05.317 [main] DEBUG org.springframework.orm.jpa.JpaTransactionManager - Exposing JPA transaction as JDBC [org.springframework.orm.jpa.vendor.HibernateJpaDialect$HibernateConnectionHandle@39549f33]
16:39:05.317 [main] DEBUG org.hibernate.engine.spi.ActionQueue - Executing identity-insert immediately
16:39:05.317 [main] DEBUG org.hibernate.SQL - insert into order_table (idclient, dateorder, statusorder, totalorder) values (?, ?, ?, ?)
16:39:05.318 [main] DEBUG org.hibernate.id.IdentifierGeneratorHelper - Natively generated identity: 103
16:39:05.318 [main] DEBUG org.hibernate.resource.jdbc.internal.ResourceRegistryStandardImpl - HHH000387: ResultSet's statement was not registered
16:39:05.318 [main] DEBUG org.springframework.orm.jpa.JpaTransactionManager - Initiating transaction commit
16:39:05.318 [main] DEBUG org.springframework.orm.jpa.JpaTransactionManager - Committing JPA transaction on EntityManager [SessionImpl(PersistenceContext[entityKeys=[EntityKey[com.joseph.entity.Order#103]],collectionKeys=[]];ActionQueue[insertions=ExecutableList{size=0} updates=ExecutableList{size=0} deletions=ExecutableList{size=0} orphanRemovals=ExecutableList{size=0} collectionCreations=ExecutableList{size=0} collectionRemovals=ExecutableList{size=0} collectionUpdates=ExecutableList{size=0} collectionQueuedOps=ExecutableList{size=0} unresolvedInsertDependencies=null])]
16:39:05.318 [main] DEBUG org.hibernate.engine.transaction.internal.TransactionImpl - committing
16:39:05.319 [main] DEBUG org.hibernate.event.internal.AbstractFlushingEventListener - Processing flush-time cascades
16:39:05.319 [main] DEBUG org.hibernate.event.internal.AbstractFlushingEventListener - Dirty checking collections
16:39:05.319 [main] DEBUG org.hibernate.engine.internal.Collections - Collection found: [com.joseph.entity.Order.orderItems#103], was: [<unreferenced>] (initialized)
16:39:05.319 [main] DEBUG org.hibernate.event.internal.AbstractFlushingEventListener - Flushed: 0 insertions, 0 updates, 0 deletions to 1 objects
16:39:05.319 [main] DEBUG org.hibernate.event.internal.AbstractFlushingEventListener - Flushed: 1 (re)creations, 0 updates, 0 removals to 1 collections
16:39:05.319 [main] DEBUG org.hibernate.internal.util.EntityPrinter - Listing entities:
16:39:05.319 [main] DEBUG org.hibernate.internal.util.EntityPrinter - com.joseph.entity.Order{idorder=103, client=com.joseph.entity.Client#139, dateorder=2024-01-04, orderItems=[], statusorder=INPROGRESS, totalorder=300.0}
16:39:05.320 [main] DEBUG org.springframework.orm.jpa.JpaTransactionManager - Closing JPA EntityManager [SessionImpl(PersistenceContext[entityKeys=[EntityKey[com.joseph.entity.Order#103]],collectionKeys=[CollectionKey[com.joseph.entity.Order.orderItems#103]]];ActionQueue[insertions=ExecutableList{size=0} updates=ExecutableList{size=0} deletions=ExecutableList{size=0} orphanRemovals=ExecutableList{size=0} collectionCreations=ExecutableList{size=0} collectionRemovals=ExecutableList{size=0} collectionUpdates=ExecutableList{size=0} collectionQueuedOps=ExecutableList{size=0} unresolvedInsertDependencies=null])] after transaction
16:39:05.321 [main] DEBUG org.springframework.orm.jpa.JpaTransactionManager - Creating new transaction with name [org.springframework.data.jpa.repository.support.SimpleJpaRepository.save]: PROPAGATION_REQUIRED,ISOLATION_DEFAULT
16:39:05.321 [main] DEBUG org.springframework.orm.jpa.JpaTransactionManager - Opened new EntityManager [SessionImpl(PersistenceContext[entityKeys=[],collectionKeys=[]];ActionQueue[insertions=ExecutableList{size=0} updates=ExecutableList{size=0} deletions=ExecutableList{size=0} orphanRemovals=ExecutableList{size=0} collectionCreations=ExecutableList{size=0} collectionRemovals=ExecutableList{size=0} collectionUpdates=ExecutableList{size=0} collectionQueuedOps=ExecutableList{size=0} unresolvedInsertDependencies=null])] for JPA transaction
16:39:05.321 [main] DEBUG org.hibernate.engine.transaction.internal.TransactionImpl - begin
16:39:05.321 [main] DEBUG org.springframework.jdbc.datasource.DriverManagerDataSource - Creating new JDBC DriverManager Connection to [jdbc:mysql://localhost:3306/testcraftcore?useSSL=false&useTimezone=true&serverTimezone=UTC]
16:39:05.324 [main] DEBUG org.springframework.orm.jpa.JpaTransactionManager - Exposing JPA transaction as JDBC [org.springframework.orm.jpa.vendor.HibernateJpaDialect$HibernateConnectionHandle@4b55ff0a]
16:39:05.325 [main] DEBUG org.hibernate.engine.spi.ActionQueue - Executing identity-insert immediately
16:39:05.325 [main] DEBUG org.hibernate.SQL - insert into order_table (idclient, dateorder, statusorder, totalorder) values (?, ?, ?, ?)
16:39:05.326 [main] DEBUG org.hibernate.id.IdentifierGeneratorHelper - Natively generated identity: 104
16:39:05.326 [main] DEBUG org.hibernate.resource.jdbc.internal.ResourceRegistryStandardImpl - HHH000387: ResultSet's statement was not registered
16:39:05.326 [main] DEBUG org.springframework.orm.jpa.JpaTransactionManager - Initiating transaction commit
16:39:05.326 [main] DEBUG org.springframework.orm.jpa.JpaTransactionManager - Committing JPA transaction on EntityManager [SessionImpl(PersistenceContext[entityKeys=[EntityKey[com.joseph.entity.Order#104]],collectionKeys=[]];ActionQueue[insertions=ExecutableList{size=0} updates=ExecutableList{size=0} deletions=ExecutableList{size=0} orphanRemovals=ExecutableList{size=0} collectionCreations=ExecutableList{size=0} collectionRemovals=ExecutableList{size=0} collectionUpdates=ExecutableList{size=0} collectionQueuedOps=ExecutableList{size=0} unresolvedInsertDependencies=null])]
16:39:05.326 [main] DEBUG org.hibernate.engine.transaction.internal.TransactionImpl - committing
16:39:05.326 [main] DEBUG org.hibernate.event.internal.AbstractFlushingEventListener - Processing flush-time cascades
16:39:05.326 [main] DEBUG org.hibernate.event.internal.AbstractFlushingEventListener - Dirty checking collections
16:39:05.326 [main] DEBUG org.hibernate.engine.internal.Collections - Collection found: [com.joseph.entity.Order.orderItems#104], was: [<unreferenced>] (initialized)
16:39:05.326 [main] DEBUG org.hibernate.event.internal.AbstractFlushingEventListener - Flushed: 0 insertions, 0 updates, 0 deletions to 1 objects
16:39:05.326 [main] DEBUG org.hibernate.event.internal.AbstractFlushingEventListener - Flushed: 1 (re)creations, 0 updates, 0 removals to 1 collections
16:39:05.326 [main] DEBUG org.hibernate.internal.util.EntityPrinter - Listing entities:
16:39:05.328 [main] DEBUG org.hibernate.internal.util.EntityPrinter - com.joseph.entity.Order{idorder=104, client=com.joseph.entity.Client#139, dateorder=2024-01-04, orderItems=[], statusorder=INPROGRESS, totalorder=300.0}
16:39:05.328 [main] DEBUG org.springframework.orm.jpa.JpaTransactionManager - Closing JPA EntityManager [SessionImpl(PersistenceContext[entityKeys=[EntityKey[com.joseph.entity.Order#104]],collectionKeys=[CollectionKey[com.joseph.entity.Order.orderItems#104]]];ActionQueue[insertions=ExecutableList{size=0} updates=ExecutableList{size=0} deletions=ExecutableList{size=0} orphanRemovals=ExecutableList{size=0} collectionCreations=ExecutableList{size=0} collectionRemovals=ExecutableList{size=0} collectionUpdates=ExecutableList{size=0} collectionQueuedOps=ExecutableList{size=0} unresolvedInsertDependencies=null])] after transaction
16:39:05.329 [main] DEBUG org.springframework.test.context.cache.DefaultCacheAwareContextLoaderDelegate - Retrieved ApplicationContext [270056930] from cache with key [[MergedContextConfiguration@c2cf597 testClass = OrderServiceImplTest.rapports, locations = '{}', classes = '{class com.joseph.config.PersistenceJPAConfig}', contextInitializerClasses = '[]', activeProfiles = '{}', propertySourceLocations = '{}', propertySourceProperties = '{}', contextCustomizers = set[[empty]], contextLoader = 'org.springframework.test.context.support.DelegatingSmartContextLoader', parent = [null]]]
16:39:05.329 [main] DEBUG org.springframework.test.context.cache - Spring test ApplicationContext cache statistics: [DefaultContextCache@65bb6275 size = 1, maxSize = 32, parentContextCount = 0, hitCount = 86, missCount = 1]
16:39:05.334 [main] DEBUG org.springframework.orm.jpa.SharedEntityManagerCreator$SharedEntityManagerInvocationHandler - Creating new EntityManager for shared EntityManager invocation
16:39:05.380 [main] DEBUG org.hibernate.SQL - select order0_.dateorder as col_0_0_, sum(order0_.totalorder) as col_1_0_ from order_table order0_ where order0_.dateorder between ? and ? group by order0_.dateorder order by order0_.dateorder
16:39:05.380 [main] DEBUG org.springframework.jdbc.datasource.DriverManagerDataSource - Creating new JDBC DriverManager Connection to [jdbc:mysql://localhost:3306/testcraftcore?useSSL=false&useTimezone=true&serverTimezone=UTC]
16:39:05.385 [main] DEBUG org.hibernate.loader.Loader - Result set row: 0
16:39:05.385 [main] DEBUG org.hibernate.loader.Loader - Result row: 
16:39:05.388 [main] DEBUG org.springframework.test.context.cache.DefaultCacheAwareContextLoaderDelegate - Retrieved ApplicationContext [270056930] from cache with key [[MergedContextConfiguration@c2cf597 testClass = OrderServiceImplTest.rapports, locations = '{}', classes = '{class com.joseph.config.PersistenceJPAConfig}', contextInitializerClasses = '[]', activeProfiles = '{}', propertySourceLocations = '{}', propertySourceProperties = '{}', contextCustomizers = set[[empty]], contextLoader = 'org.springframework.test.context.support.DelegatingSmartContextLoader', parent = [null]]]
16:39:05.388 [main] DEBUG org.springframework.test.context.cache - Spring test ApplicationContext cache statistics: [DefaultContextCache@65bb6275 size = 1, maxSize = 32, parentContextCount = 0, hitCount = 87, missCount = 1]
16:39:05.388 [main] DEBUG org.springframework.orm.jpa.JpaTransactionManager - Creating new transaction with name [org.springframework.data.jpa.repository.support.SimpleJpaRepository.deleteAll]: PROPAGATION_REQUIRED,ISOLATION_DEFAULT
16:39:05.388 [main] DEBUG org.springframework.orm.jpa.JpaTransactionManager - Opened new EntityManager [SessionImpl(PersistenceContext[entityKeys=[],collectionKeys=[]];ActionQueue[insertions=ExecutableList{size=0} updates=ExecutableList{size=0} deletions=ExecutableList{size=0} orphanRemovals=ExecutableList{size=0} collectionCreations=ExecutableList{size=0} collectionRemovals=ExecutableList{size=0} collectionUpdates=ExecutableList{size=0} collectionQueuedOps=ExecutableList{size=0} unresolvedInsertDependencies=null])] for JPA transaction
16:39:05.388 [main] DEBUG org.hibernate.engine.transaction.internal.TransactionImpl - begin
16:39:05.388 [main] DEBUG org.springframework.jdbc.datasource.DriverManagerDataSource - Creating new JDBC DriverManager Connection to [jdbc:mysql://localhost:3306/testcraftcore?useSSL=false&useTimezone=true&serverTimezone=UTC]
16:39:05.392 [main] DEBUG org.springframework.orm.jpa.JpaTransactionManager - Exposing JPA transaction as JDBC [org.springframework.orm.jpa.vendor.HibernateJpaDialect$HibernateConnectionHandle@67f9cb52]
16:39:05.393 [main] DEBUG org.hibernate.query.criteria.internal.CriteriaQueryImpl - Rendered criteria query -> select generatedAlias0 from Client as generatedAlias0
16:39:05.393 [main] DEBUG org.hibernate.SQL - select client0_.idclient as idclient1_0_, client0_.emailclient as emailcli2_0_, client0_.nameclient as nameclie3_0_ from client client0_
16:39:05.395 [main] DEBUG org.hibernate.loader.Loader - Result set row: 0
16:39:05.395 [main] DEBUG org.hibernate.loader.Loader - Result row: EntityKey[com.joseph.entity.Client#139]
16:39:05.395 [main] DEBUG org.hibernate.engine.internal.TwoPhaseLoad - Resolving associations for [com.joseph.entity.Client#139]
16:39:05.395 [main] DEBUG org.hibernate.engine.internal.TwoPhaseLoad - Done materializing entity [com.joseph.entity.Client#139]
16:39:05.396 [main] DEBUG org.hibernate.loader.collection.plan.AbstractLoadPlanBasedCollectionInitializer - Loading collection: [com.joseph.entity.Client.orders#139]
16:39:05.396 [main] DEBUG org.hibernate.SQL - select orders0_.idclient as idclient5_1_0_, orders0_.idorder as idorder1_1_0_, orders0_.idorder as idorder1_1_1_, orders0_.idclient as idclient5_1_1_, orders0_.dateorder as dateorde2_1_1_, orders0_.statusorder as statusor3_1_1_, orders0_.totalorder as totalord4_1_1_ from order_table orders0_ where orders0_.idclient=?
16:39:05.397 [main] DEBUG org.hibernate.loader.plan.exec.process.internal.ResultSetProcessorImpl - Preparing collection intializer : [com.joseph.entity.Client.orders#139]
16:39:05.397 [main] DEBUG org.hibernate.loader.plan.exec.process.internal.ResultSetProcessorImpl - Starting ResultSet row #0
16:39:05.397 [main] DEBUG org.hibernate.loader.plan.exec.process.internal.CollectionReferenceInitializerImpl - Found row of collection: [com.joseph.entity.Client.orders#139]
16:39:05.397 [main] DEBUG org.hibernate.loader.plan.exec.process.internal.ResultSetProcessorImpl - Starting ResultSet row #1
16:39:05.398 [main] DEBUG org.hibernate.loader.plan.exec.process.internal.CollectionReferenceInitializerImpl - Found row of collection: [com.joseph.entity.Client.orders#139]
16:39:05.398 [main] DEBUG org.hibernate.loader.plan.exec.process.internal.ResultSetProcessorImpl - Starting ResultSet row #2
16:39:05.398 [main] DEBUG org.hibernate.loader.plan.exec.process.internal.CollectionReferenceInitializerImpl - Found row of collection: [com.joseph.entity.Client.orders#139]
16:39:05.398 [main] DEBUG org.hibernate.engine.internal.TwoPhaseLoad - Resolving associations for [com.joseph.entity.Order#102]
16:39:05.398 [main] DEBUG org.hibernate.engine.internal.TwoPhaseLoad - Done materializing entity [com.joseph.entity.Order#102]
16:39:05.398 [main] DEBUG org.hibernate.engine.internal.TwoPhaseLoad - Resolving associations for [com.joseph.entity.Order#103]
16:39:05.398 [main] DEBUG org.hibernate.engine.internal.TwoPhaseLoad - Done materializing entity [com.joseph.entity.Order#103]
16:39:05.398 [main] DEBUG org.hibernate.engine.internal.TwoPhaseLoad - Resolving associations for [com.joseph.entity.Order#104]
16:39:05.398 [main] DEBUG org.hibernate.engine.internal.TwoPhaseLoad - Done materializing entity [com.joseph.entity.Order#104]
16:39:05.398 [main] DEBUG org.hibernate.engine.loading.internal.CollectionLoadContext - 1 collections were found in result set for role: com.joseph.entity.Client.orders
16:39:05.398 [main] DEBUG org.hibernate.engine.loading.internal.CollectionLoadContext - Collection fully initialized: [com.joseph.entity.Client.orders#139]
16:39:05.398 [main] DEBUG org.hibernate.engine.loading.internal.CollectionLoadContext - 1 collections initialized for role: com.joseph.entity.Client.orders
16:39:05.398 [main] DEBUG org.hibernate.resource.jdbc.internal.ResourceRegistryStandardImpl - HHH000387: ResultSet's statement was not registered
16:39:05.398 [main] DEBUG org.hibernate.loader.collection.plan.AbstractLoadPlanBasedCollectionInitializer - Done loading collection
16:39:05.399 [main] DEBUG org.hibernate.loader.collection.plan.AbstractLoadPlanBasedCollectionInitializer - Loading collection: [com.joseph.entity.Order.orderItems#102]
16:39:05.399 [main] DEBUG org.hibernate.SQL - select orderitems0_.idorder as idorder3_2_0_, orderitems0_.id as id1_2_0_, orderitems0_.id as id1_2_1_, orderitems0_.idorder as idorder3_2_1_, orderitems0_.idproduct as idproduc4_2_1_, orderitems0_.quantity as quantity2_2_1_, product1_.idproduct as idproduc1_3_2_, product1_.nameproduct as nameprod2_3_2_, product1_.priceproduct as pricepro3_3_2_, product1_.stockproduct as stockpro4_3_2_ from orderitems orderitems0_ left outer join Product product1_ on orderitems0_.idproduct=product1_.idproduct where orderitems0_.idorder=?
16:39:05.400 [main] DEBUG org.hibernate.loader.plan.exec.process.internal.ResultSetProcessorImpl - Preparing collection intializer : [com.joseph.entity.Order.orderItems#102]
16:39:05.400 [main] DEBUG org.hibernate.engine.loading.internal.CollectionLoadContext - 1 collections were found in result set for role: com.joseph.entity.Order.orderItems
16:39:05.400 [main] DEBUG org.hibernate.engine.loading.internal.CollectionLoadContext - Collection fully initialized: [com.joseph.entity.Order.orderItems#102]
16:39:05.400 [main] DEBUG org.hibernate.engine.loading.internal.CollectionLoadContext - 1 collections initialized for role: com.joseph.entity.Order.orderItems
16:39:05.400 [main] DEBUG org.hibernate.resource.jdbc.internal.ResourceRegistryStandardImpl - HHH000387: ResultSet's statement was not registered
16:39:05.400 [main] DEBUG org.hibernate.loader.collection.plan.AbstractLoadPlanBasedCollectionInitializer - Done loading collection
16:39:05.400 [main] DEBUG org.hibernate.loader.collection.plan.AbstractLoadPlanBasedCollectionInitializer - Loading collection: [com.joseph.entity.Order.orderItems#103]
16:39:05.400 [main] DEBUG org.hibernate.SQL - select orderitems0_.idorder as idorder3_2_0_, orderitems0_.id as id1_2_0_, orderitems0_.id as id1_2_1_, orderitems0_.idorder as idorder3_2_1_, orderitems0_.idproduct as idproduc4_2_1_, orderitems0_.quantity as quantity2_2_1_, product1_.idproduct as idproduc1_3_2_, product1_.nameproduct as nameprod2_3_2_, product1_.priceproduct as pricepro3_3_2_, product1_.stockproduct as stockpro4_3_2_ from orderitems orderitems0_ left outer join Product product1_ on orderitems0_.idproduct=product1_.idproduct where orderitems0_.idorder=?
16:39:05.402 [main] DEBUG org.hibernate.loader.plan.exec.process.internal.ResultSetProcessorImpl - Preparing collection intializer : [com.joseph.entity.Order.orderItems#103]
16:39:05.402 [main] DEBUG org.hibernate.engine.loading.internal.CollectionLoadContext - 1 collections were found in result set for role: com.joseph.entity.Order.orderItems
16:39:05.402 [main] DEBUG org.hibernate.engine.loading.internal.CollectionLoadContext - Collection fully initialized: [com.joseph.entity.Order.orderItems#103]
16:39:05.402 [main] DEBUG org.hibernate.engine.loading.internal.CollectionLoadContext - 1 collections initialized for role: com.joseph.entity.Order.orderItems
16:39:05.402 [main] DEBUG org.hibernate.resource.jdbc.internal.ResourceRegistryStandardImpl - HHH000387: ResultSet's statement was not registered
16:39:05.402 [main] DEBUG org.hibernate.loader.collection.plan.AbstractLoadPlanBasedCollectionInitializer - Done loading collection
16:39:05.402 [main] DEBUG org.hibernate.loader.collection.plan.AbstractLoadPlanBasedCollectionInitializer - Loading collection: [com.joseph.entity.Order.orderItems#104]
16:39:05.402 [main] DEBUG org.hibernate.SQL - select orderitems0_.idorder as idorder3_2_0_, orderitems0_.id as id1_2_0_, orderitems0_.id as id1_2_1_, orderitems0_.idorder as idorder3_2_1_, orderitems0_.idproduct as idproduc4_2_1_, orderitems0_.quantity as quantity2_2_1_, product1_.idproduct as idproduc1_3_2_, product1_.nameproduct as nameprod2_3_2_, product1_.priceproduct as pricepro3_3_2_, product1_.stockproduct as stockpro4_3_2_ from orderitems orderitems0_ left outer join Product product1_ on orderitems0_.idproduct=product1_.idproduct where orderitems0_.idorder=?
16:39:05.403 [main] DEBUG org.hibernate.loader.plan.exec.process.internal.ResultSetProcessorImpl - Preparing collection intializer : [com.joseph.entity.Order.orderItems#104]
16:39:05.403 [main] DEBUG org.hibernate.engine.loading.internal.CollectionLoadContext - 1 collections were found in result set for role: com.joseph.entity.Order.orderItems
16:39:05.403 [main] DEBUG org.hibernate.engine.loading.internal.CollectionLoadContext - Collection fully initialized: [com.joseph.entity.Order.orderItems#104]
16:39:05.403 [main] DEBUG org.hibernate.engine.loading.internal.CollectionLoadContext - 1 collections initialized for role: com.joseph.entity.Order.orderItems
16:39:05.403 [main] DEBUG org.hibernate.resource.jdbc.internal.ResourceRegistryStandardImpl - HHH000387: ResultSet's statement was not registered
16:39:05.403 [main] DEBUG org.hibernate.loader.collection.plan.AbstractLoadPlanBasedCollectionInitializer - Done loading collection
16:39:05.404 [main] DEBUG org.springframework.orm.jpa.JpaTransactionManager - Initiating transaction commit
16:39:05.404 [main] DEBUG org.springframework.orm.jpa.JpaTransactionManager - Committing JPA transaction on EntityManager [SessionImpl(PersistenceContext[entityKeys=[EntityKey[com.joseph.entity.Order#103], EntityKey[com.joseph.entity.Client#139], EntityKey[com.joseph.entity.Order#102], EntityKey[com.joseph.entity.Order#104]],collectionKeys=[CollectionKey[com.joseph.entity.Order.orderItems#103], CollectionKey[com.joseph.entity.Order.orderItems#102], CollectionKey[com.joseph.entity.Client.orders#139], CollectionKey[com.joseph.entity.Order.orderItems#104]]];ActionQueue[insertions=ExecutableList{size=0} updates=ExecutableList{size=0} deletions=ExecutableList{size=4} orphanRemovals=ExecutableList{size=0} collectionCreations=ExecutableList{size=0} collectionRemovals=ExecutableList{size=0} collectionUpdates=ExecutableList{size=0} collectionQueuedOps=ExecutableList{size=0} unresolvedInsertDependencies=null])]
16:39:05.404 [main] DEBUG org.hibernate.engine.transaction.internal.TransactionImpl - committing
16:39:05.404 [main] DEBUG org.hibernate.event.internal.AbstractFlushingEventListener - Processing flush-time cascades
16:39:05.404 [main] DEBUG org.hibernate.event.internal.AbstractFlushingEventListener - Dirty checking collections
16:39:05.405 [main] DEBUG org.hibernate.engine.internal.Collections - Collection dereferenced: [com.joseph.entity.Client.orders#139]
16:39:05.405 [main] DEBUG org.hibernate.engine.internal.Collections - Collection dereferenced: [com.joseph.entity.Order.orderItems#102]
16:39:05.405 [main] DEBUG org.hibernate.engine.internal.Collections - Collection dereferenced: [com.joseph.entity.Order.orderItems#103]
16:39:05.405 [main] DEBUG org.hibernate.engine.internal.Collections - Collection dereferenced: [com.joseph.entity.Order.orderItems#104]
16:39:05.405 [main] DEBUG org.hibernate.event.internal.AbstractFlushingEventListener - Flushed: 0 insertions, 0 updates, 4 deletions to 4 objects
16:39:05.405 [main] DEBUG org.hibernate.event.internal.AbstractFlushingEventListener - Flushed: 0 (re)creations, 0 updates, 4 removals to 4 collections
16:39:05.405 [main] DEBUG org.hibernate.internal.util.EntityPrinter - Listing entities:
16:39:05.405 [main] DEBUG org.hibernate.internal.util.EntityPrinter - com.joseph.entity.Order{idorder=103, client=com.joseph.entity.Client#139, dateorder=2024-01-04, orderItems=[], statusorder=INPROGRESS, totalorder=300.0}
16:39:05.405 [main] DEBUG org.hibernate.internal.util.EntityPrinter - com.joseph.entity.Client{nameclient=null, emailclient=null, orders=[com.joseph.entity.Order#102, com.joseph.entity.Order#103, com.joseph.entity.Order#104], idclient=139}
16:39:05.405 [main] DEBUG org.hibernate.internal.util.EntityPrinter - com.joseph.entity.Order{idorder=102, client=com.joseph.entity.Client#139, dateorder=2024-01-04, orderItems=[], statusorder=INPROGRESS, totalorder=300.0}
16:39:05.405 [main] DEBUG org.hibernate.internal.util.EntityPrinter - com.joseph.entity.Order{idorder=104, client=com.joseph.entity.Client#139, dateorder=2024-01-04, orderItems=[], statusorder=INPROGRESS, totalorder=300.0}
16:39:05.406 [main] DEBUG org.hibernate.SQL - delete from order_table where idorder=?
16:39:05.408 [main] DEBUG org.hibernate.SQL - delete from order_table where idorder=?
16:39:05.409 [main] DEBUG org.hibernate.SQL - delete from order_table where idorder=?
16:39:05.410 [main] DEBUG org.hibernate.SQL - delete from client where idclient=?
16:39:05.412 [main] DEBUG org.springframework.orm.jpa.JpaTransactionManager - Closing JPA EntityManager [SessionImpl(PersistenceContext[entityKeys=[],collectionKeys=[]];ActionQueue[insertions=ExecutableList{size=0} updates=ExecutableList{size=0} deletions=ExecutableList{size=0} orphanRemovals=ExecutableList{size=0} collectionCreations=ExecutableList{size=0} collectionRemovals=ExecutableList{size=0} collectionUpdates=ExecutableList{size=0} collectionQueuedOps=ExecutableList{size=0} unresolvedInsertDependencies=null])] after transaction
16:39:05.412 [main] DEBUG org.hibernate.engine.jdbc.internal.JdbcCoordinatorImpl - HHH000420: Closing un-released batch
16:39:05.412 [main] DEBUG org.springframework.test.context.cache.DefaultCacheAwareContextLoaderDelegate - Retrieved ApplicationContext [270056930] from cache with key [[MergedContextConfiguration@c2cf597 testClass = OrderServiceImplTest.rapports, locations = '{}', classes = '{class com.joseph.config.PersistenceJPAConfig}', contextInitializerClasses = '[]', activeProfiles = '{}', propertySourceLocations = '{}', propertySourceProperties = '{}', contextCustomizers = set[[empty]], contextLoader = 'org.springframework.test.context.support.DelegatingSmartContextLoader', parent = [null]]]
16:39:05.412 [main] DEBUG org.springframework.test.context.cache - Spring test ApplicationContext cache statistics: [DefaultContextCache@65bb6275 size = 1, maxSize = 32, parentContextCount = 0, hitCount = 88, missCount = 1]
16:39:05.414 [main] DEBUG org.springframework.test.context.support.AbstractDirtiesContextTestExecutionListener - After test method: context [DefaultTestContext@100aa331 testClass = OrderServiceImplTest.rapports, testInstance = com.joseph.service.Impl.OrderServiceImplTest$rapports@2abafa97, testMethod = getorderdate1@OrderServiceImplTest.rapports, testException = [null], mergedContextConfiguration = [MergedContextConfiguration@c2cf597 testClass = OrderServiceImplTest.rapports, locations = '{}', classes = '{class com.joseph.config.PersistenceJPAConfig}', contextInitializerClasses = '[]', activeProfiles = '{}', propertySourceLocations = '{}', propertySourceProperties = '{}', contextCustomizers = set[[empty]], contextLoader = 'org.springframework.test.context.support.DelegatingSmartContextLoader', parent = [null]], attributes = map[[empty]]], class annotated with @DirtiesContext [false] with mode [null], method annotated with @DirtiesContext [false] with mode [null].
]]></system-out>
  </testcase>
  <testcase name="getorderdate2" classname="com.joseph.service.Impl.OrderServiceImplTest$rapports" time="0.131">
    <system-out><![CDATA[16:39:05.415 [main] DEBUG org.springframework.test.context.support.DependencyInjectionTestExecutionListener - Performing dependency injection for test context [[DefaultTestContext@30c19bff testClass = OrderServiceImplTest, testInstance = com.joseph.service.Impl.OrderServiceImplTest@48cb2d73, testMethod = [null], testException = [null], mergedContextConfiguration = [MergedContextConfiguration@4e375bba testClass = OrderServiceImplTest, locations = '{}', classes = '{class com.joseph.config.PersistenceJPAConfig}', contextInitializerClasses = '[]', activeProfiles = '{}', propertySourceLocations = '{}', propertySourceProperties = '{}', contextCustomizers = set[[empty]], contextLoader = 'org.springframework.test.context.support.DelegatingSmartContextLoader', parent = [null]], attributes = map[[empty]]]].
16:39:05.415 [main] DEBUG org.springframework.test.context.cache.DefaultCacheAwareContextLoaderDelegate - Retrieved ApplicationContext [270056930] from cache with key [[MergedContextConfiguration@4e375bba testClass = OrderServiceImplTest, locations = '{}', classes = '{class com.joseph.config.PersistenceJPAConfig}', contextInitializerClasses = '[]', activeProfiles = '{}', propertySourceLocations = '{}', propertySourceProperties = '{}', contextCustomizers = set[[empty]], contextLoader = 'org.springframework.test.context.support.DelegatingSmartContextLoader', parent = [null]]]
16:39:05.415 [main] DEBUG org.springframework.test.context.cache - Spring test ApplicationContext cache statistics: [DefaultContextCache@65bb6275 size = 1, maxSize = 32, parentContextCount = 0, hitCount = 89, missCount = 1]
16:39:05.416 [main] DEBUG org.springframework.test.context.cache.DefaultCacheAwareContextLoaderDelegate - Retrieved ApplicationContext [270056930] from cache with key [[MergedContextConfiguration@4e375bba testClass = OrderServiceImplTest, locations = '{}', classes = '{class com.joseph.config.PersistenceJPAConfig}', contextInitializerClasses = '[]', activeProfiles = '{}', propertySourceLocations = '{}', propertySourceProperties = '{}', contextCustomizers = set[[empty]], contextLoader = 'org.springframework.test.context.support.DelegatingSmartContextLoader', parent = [null]]]
16:39:05.416 [main] DEBUG org.springframework.test.context.cache - Spring test ApplicationContext cache statistics: [DefaultContextCache@65bb6275 size = 1, maxSize = 32, parentContextCount = 0, hitCount = 90, missCount = 1]
16:39:05.416 [main] DEBUG org.springframework.test.context.support.DependencyInjectionTestExecutionListener - Performing dependency injection for test context [[DefaultTestContext@100aa331 testClass = OrderServiceImplTest.rapports, testInstance = com.joseph.service.Impl.OrderServiceImplTest$rapports@243bf087, testMethod = [null], testException = [null], mergedContextConfiguration = [MergedContextConfiguration@c2cf597 testClass = OrderServiceImplTest.rapports, locations = '{}', classes = '{class com.joseph.config.PersistenceJPAConfig}', contextInitializerClasses = '[]', activeProfiles = '{}', propertySourceLocations = '{}', propertySourceProperties = '{}', contextCustomizers = set[[empty]], contextLoader = 'org.springframework.test.context.support.DelegatingSmartContextLoader', parent = [null]], attributes = map[[empty]]]].
16:39:05.417 [main] DEBUG org.springframework.test.context.cache.DefaultCacheAwareContextLoaderDelegate - Retrieved ApplicationContext [270056930] from cache with key [[MergedContextConfiguration@c2cf597 testClass = OrderServiceImplTest.rapports, locations = '{}', classes = '{class com.joseph.config.PersistenceJPAConfig}', contextInitializerClasses = '[]', activeProfiles = '{}', propertySourceLocations = '{}', propertySourceProperties = '{}', contextCustomizers = set[[empty]], contextLoader = 'org.springframework.test.context.support.DelegatingSmartContextLoader', parent = [null]]]
16:39:05.417 [main] DEBUG org.springframework.test.context.cache - Spring test ApplicationContext cache statistics: [DefaultContextCache@65bb6275 size = 1, maxSize = 32, parentContextCount = 0, hitCount = 91, missCount = 1]
16:39:05.417 [main] DEBUG org.springframework.test.context.cache.DefaultCacheAwareContextLoaderDelegate - Retrieved ApplicationContext [270056930] from cache with key [[MergedContextConfiguration@c2cf597 testClass = OrderServiceImplTest.rapports, locations = '{}', classes = '{class com.joseph.config.PersistenceJPAConfig}', contextInitializerClasses = '[]', activeProfiles = '{}', propertySourceLocations = '{}', propertySourceProperties = '{}', contextCustomizers = set[[empty]], contextLoader = 'org.springframework.test.context.support.DelegatingSmartContextLoader', parent = [null]]]
16:39:05.417 [main] DEBUG org.springframework.test.context.cache - Spring test ApplicationContext cache statistics: [DefaultContextCache@65bb6275 size = 1, maxSize = 32, parentContextCount = 0, hitCount = 92, missCount = 1]
16:39:05.419 [main] DEBUG org.springframework.test.context.support.AbstractDirtiesContextTestExecutionListener - Before test method: context [DefaultTestContext@100aa331 testClass = OrderServiceImplTest.rapports, testInstance = com.joseph.service.Impl.OrderServiceImplTest$rapports@243bf087, testMethod = getorderdate2@OrderServiceImplTest.rapports, testException = [null], mergedContextConfiguration = [MergedContextConfiguration@c2cf597 testClass = OrderServiceImplTest.rapports, locations = '{}', classes = '{class com.joseph.config.PersistenceJPAConfig}', contextInitializerClasses = '[]', activeProfiles = '{}', propertySourceLocations = '{}', propertySourceProperties = '{}', contextCustomizers = set[[empty]], contextLoader = 'org.springframework.test.context.support.DelegatingSmartContextLoader', parent = [null]], attributes = map[[empty]]], class annotated with @DirtiesContext [false] with mode [null], method annotated with @DirtiesContext [false] with mode [null].
16:39:05.419 [main] DEBUG org.springframework.test.context.cache.DefaultCacheAwareContextLoaderDelegate - Retrieved ApplicationContext [270056930] from cache with key [[MergedContextConfiguration@c2cf597 testClass = OrderServiceImplTest.rapports, locations = '{}', classes = '{class com.joseph.config.PersistenceJPAConfig}', contextInitializerClasses = '[]', activeProfiles = '{}', propertySourceLocations = '{}', propertySourceProperties = '{}', contextCustomizers = set[[empty]], contextLoader = 'org.springframework.test.context.support.DelegatingSmartContextLoader', parent = [null]]]
16:39:05.420 [main] DEBUG org.springframework.test.context.cache - Spring test ApplicationContext cache statistics: [DefaultContextCache@65bb6275 size = 1, maxSize = 32, parentContextCount = 0, hitCount = 93, missCount = 1]
16:39:05.420 [main] DEBUG org.springframework.orm.jpa.JpaTransactionManager - Creating new transaction with name [org.springframework.data.jpa.repository.support.SimpleJpaRepository.deleteAll]: PROPAGATION_REQUIRED,ISOLATION_DEFAULT
16:39:05.420 [main] DEBUG org.springframework.orm.jpa.JpaTransactionManager - Opened new EntityManager [SessionImpl(PersistenceContext[entityKeys=[],collectionKeys=[]];ActionQueue[insertions=ExecutableList{size=0} updates=ExecutableList{size=0} deletions=ExecutableList{size=0} orphanRemovals=ExecutableList{size=0} collectionCreations=ExecutableList{size=0} collectionRemovals=ExecutableList{size=0} collectionUpdates=ExecutableList{size=0} collectionQueuedOps=ExecutableList{size=0} unresolvedInsertDependencies=null])] for JPA transaction
16:39:05.420 [main] DEBUG org.hibernate.engine.transaction.internal.TransactionImpl - begin
16:39:05.420 [main] DEBUG org.springframework.jdbc.datasource.DriverManagerDataSource - Creating new JDBC DriverManager Connection to [jdbc:mysql://localhost:3306/testcraftcore?useSSL=false&useTimezone=true&serverTimezone=UTC]
16:39:05.425 [main] DEBUG org.springframework.orm.jpa.JpaTransactionManager - Exposing JPA transaction as JDBC [org.springframework.orm.jpa.vendor.HibernateJpaDialect$HibernateConnectionHandle@126f8f24]
16:39:05.425 [main] DEBUG org.hibernate.query.criteria.internal.CriteriaQueryImpl - Rendered criteria query -> select generatedAlias0 from Client as generatedAlias0
16:39:05.426 [main] DEBUG org.hibernate.SQL - select client0_.idclient as idclient1_0_, client0_.emailclient as emailcli2_0_, client0_.nameclient as nameclie3_0_ from client client0_
16:39:05.427 [main] DEBUG org.springframework.orm.jpa.JpaTransactionManager - Initiating transaction commit
16:39:05.427 [main] DEBUG org.springframework.orm.jpa.JpaTransactionManager - Committing JPA transaction on EntityManager [SessionImpl(PersistenceContext[entityKeys=[],collectionKeys=[]];ActionQueue[insertions=ExecutableList{size=0} updates=ExecutableList{size=0} deletions=ExecutableList{size=0} orphanRemovals=ExecutableList{size=0} collectionCreations=ExecutableList{size=0} collectionRemovals=ExecutableList{size=0} collectionUpdates=ExecutableList{size=0} collectionQueuedOps=ExecutableList{size=0} unresolvedInsertDependencies=null])]
16:39:05.427 [main] DEBUG org.hibernate.engine.transaction.internal.TransactionImpl - committing
16:39:05.429 [main] DEBUG org.springframework.orm.jpa.JpaTransactionManager - Closing JPA EntityManager [SessionImpl(PersistenceContext[entityKeys=[],collectionKeys=[]];ActionQueue[insertions=ExecutableList{size=0} updates=ExecutableList{size=0} deletions=ExecutableList{size=0} orphanRemovals=ExecutableList{size=0} collectionCreations=ExecutableList{size=0} collectionRemovals=ExecutableList{size=0} collectionUpdates=ExecutableList{size=0} collectionQueuedOps=ExecutableList{size=0} unresolvedInsertDependencies=null])] after transaction
16:39:05.429 [main] DEBUG org.springframework.orm.jpa.JpaTransactionManager - Creating new transaction with name [org.springframework.data.jpa.repository.support.SimpleJpaRepository.save]: PROPAGATION_REQUIRED,ISOLATION_DEFAULT
16:39:05.429 [main] DEBUG org.springframework.orm.jpa.JpaTransactionManager - Opened new EntityManager [SessionImpl(PersistenceContext[entityKeys=[],collectionKeys=[]];ActionQueue[insertions=ExecutableList{size=0} updates=ExecutableList{size=0} deletions=ExecutableList{size=0} orphanRemovals=ExecutableList{size=0} collectionCreations=ExecutableList{size=0} collectionRemovals=ExecutableList{size=0} collectionUpdates=ExecutableList{size=0} collectionQueuedOps=ExecutableList{size=0} unresolvedInsertDependencies=null])] for JPA transaction
16:39:05.430 [main] DEBUG org.hibernate.engine.transaction.internal.TransactionImpl - begin
16:39:05.430 [main] DEBUG org.springframework.jdbc.datasource.DriverManagerDataSource - Creating new JDBC DriverManager Connection to [jdbc:mysql://localhost:3306/testcraftcore?useSSL=false&useTimezone=true&serverTimezone=UTC]
16:39:05.435 [main] DEBUG org.springframework.orm.jpa.JpaTransactionManager - Exposing JPA transaction as JDBC [org.springframework.orm.jpa.vendor.HibernateJpaDialect$HibernateConnectionHandle@662be9f7]
16:39:05.435 [main] DEBUG org.hibernate.engine.spi.ActionQueue - Executing identity-insert immediately
16:39:05.435 [main] DEBUG org.hibernate.SQL - insert into client (emailclient, nameclient) values (?, ?)
16:39:05.436 [main] DEBUG org.hibernate.id.IdentifierGeneratorHelper - Natively generated identity: 140
16:39:05.436 [main] DEBUG org.hibernate.resource.jdbc.internal.ResourceRegistryStandardImpl - HHH000387: ResultSet's statement was not registered
16:39:05.436 [main] DEBUG org.springframework.orm.jpa.JpaTransactionManager - Initiating transaction commit
16:39:05.436 [main] DEBUG org.springframework.orm.jpa.JpaTransactionManager - Committing JPA transaction on EntityManager [SessionImpl(PersistenceContext[entityKeys=[EntityKey[com.joseph.entity.Client#140]],collectionKeys=[]];ActionQueue[insertions=ExecutableList{size=0} updates=ExecutableList{size=0} deletions=ExecutableList{size=0} orphanRemovals=ExecutableList{size=0} collectionCreations=ExecutableList{size=0} collectionRemovals=ExecutableList{size=0} collectionUpdates=ExecutableList{size=0} collectionQueuedOps=ExecutableList{size=0} unresolvedInsertDependencies=null])]
16:39:05.436 [main] DEBUG org.hibernate.engine.transaction.internal.TransactionImpl - committing
16:39:05.437 [main] DEBUG org.hibernate.event.internal.AbstractFlushingEventListener - Processing flush-time cascades
16:39:05.437 [main] DEBUG org.hibernate.event.internal.AbstractFlushingEventListener - Dirty checking collections
16:39:05.437 [main] DEBUG org.hibernate.engine.internal.Collections - Collection found: [com.joseph.entity.Client.orders#140], was: [<unreferenced>] (initialized)
16:39:05.437 [main] DEBUG org.hibernate.event.internal.AbstractFlushingEventListener - Flushed: 0 insertions, 0 updates, 0 deletions to 1 objects
16:39:05.437 [main] DEBUG org.hibernate.event.internal.AbstractFlushingEventListener - Flushed: 1 (re)creations, 0 updates, 0 removals to 1 collections
16:39:05.437 [main] DEBUG org.hibernate.internal.util.EntityPrinter - Listing entities:
16:39:05.437 [main] DEBUG org.hibernate.internal.util.EntityPrinter - com.joseph.entity.Client{nameclient=null, emailclient=null, orders=[], idclient=140}
16:39:05.438 [main] DEBUG org.springframework.orm.jpa.JpaTransactionManager - Closing JPA EntityManager [SessionImpl(PersistenceContext[entityKeys=[EntityKey[com.joseph.entity.Client#140]],collectionKeys=[CollectionKey[com.joseph.entity.Client.orders#140]]];ActionQueue[insertions=ExecutableList{size=0} updates=ExecutableList{size=0} deletions=ExecutableList{size=0} orphanRemovals=ExecutableList{size=0} collectionCreations=ExecutableList{size=0} collectionRemovals=ExecutableList{size=0} collectionUpdates=ExecutableList{size=0} collectionQueuedOps=ExecutableList{size=0} unresolvedInsertDependencies=null])] after transaction
16:39:05.438 [main] DEBUG org.springframework.orm.jpa.JpaTransactionManager - Creating new transaction with name [org.springframework.data.jpa.repository.support.SimpleJpaRepository.save]: PROPAGATION_REQUIRED,ISOLATION_DEFAULT
16:39:05.438 [main] DEBUG org.springframework.orm.jpa.JpaTransactionManager - Opened new EntityManager [SessionImpl(PersistenceContext[entityKeys=[],collectionKeys=[]];ActionQueue[insertions=ExecutableList{size=0} updates=ExecutableList{size=0} deletions=ExecutableList{size=0} orphanRemovals=ExecutableList{size=0} collectionCreations=ExecutableList{size=0} collectionRemovals=ExecutableList{size=0} collectionUpdates=ExecutableList{size=0} collectionQueuedOps=ExecutableList{size=0} unresolvedInsertDependencies=null])] for JPA transaction
16:39:05.438 [main] DEBUG org.hibernate.engine.transaction.internal.TransactionImpl - begin
16:39:05.438 [main] DEBUG org.springframework.jdbc.datasource.DriverManagerDataSource - Creating new JDBC DriverManager Connection to [jdbc:mysql://localhost:3306/testcraftcore?useSSL=false&useTimezone=true&serverTimezone=UTC]
16:39:05.442 [main] DEBUG org.springframework.orm.jpa.JpaTransactionManager - Exposing JPA transaction as JDBC [org.springframework.orm.jpa.vendor.HibernateJpaDialect$HibernateConnectionHandle@58278366]
16:39:05.443 [main] DEBUG org.hibernate.engine.spi.ActionQueue - Executing identity-insert immediately
16:39:05.443 [main] DEBUG org.hibernate.SQL - insert into order_table (idclient, dateorder, statusorder, totalorder) values (?, ?, ?, ?)
16:39:05.444 [main] DEBUG org.hibernate.id.IdentifierGeneratorHelper - Natively generated identity: 105
16:39:05.444 [main] DEBUG org.hibernate.resource.jdbc.internal.ResourceRegistryStandardImpl - HHH000387: ResultSet's statement was not registered
16:39:05.444 [main] DEBUG org.springframework.orm.jpa.JpaTransactionManager - Initiating transaction commit
16:39:05.444 [main] DEBUG org.springframework.orm.jpa.JpaTransactionManager - Committing JPA transaction on EntityManager [SessionImpl(PersistenceContext[entityKeys=[EntityKey[com.joseph.entity.Order#105]],collectionKeys=[]];ActionQueue[insertions=ExecutableList{size=0} updates=ExecutableList{size=0} deletions=ExecutableList{size=0} orphanRemovals=ExecutableList{size=0} collectionCreations=ExecutableList{size=0} collectionRemovals=ExecutableList{size=0} collectionUpdates=ExecutableList{size=0} collectionQueuedOps=ExecutableList{size=0} unresolvedInsertDependencies=null])]
16:39:05.444 [main] DEBUG org.hibernate.engine.transaction.internal.TransactionImpl - committing
16:39:05.444 [main] DEBUG org.hibernate.event.internal.AbstractFlushingEventListener - Processing flush-time cascades
16:39:05.444 [main] DEBUG org.hibernate.event.internal.AbstractFlushingEventListener - Dirty checking collections
16:39:05.444 [main] DEBUG org.hibernate.engine.internal.Collections - Collection found: [com.joseph.entity.Order.orderItems#105], was: [<unreferenced>] (initialized)
16:39:05.444 [main] DEBUG org.hibernate.event.internal.AbstractFlushingEventListener - Flushed: 0 insertions, 0 updates, 0 deletions to 1 objects
16:39:05.444 [main] DEBUG org.hibernate.event.internal.AbstractFlushingEventListener - Flushed: 1 (re)creations, 0 updates, 0 removals to 1 collections
16:39:05.444 [main] DEBUG org.hibernate.internal.util.EntityPrinter - Listing entities:
16:39:05.446 [main] DEBUG org.hibernate.internal.util.EntityPrinter - com.joseph.entity.Order{idorder=105, client=com.joseph.entity.Client#140, dateorder=2024-01-04, orderItems=[], statusorder=INPROGRESS, totalorder=300.0}
16:39:05.446 [main] DEBUG org.springframework.orm.jpa.JpaTransactionManager - Closing JPA EntityManager [SessionImpl(PersistenceContext[entityKeys=[EntityKey[com.joseph.entity.Order#105]],collectionKeys=[CollectionKey[com.joseph.entity.Order.orderItems#105]]];ActionQueue[insertions=ExecutableList{size=0} updates=ExecutableList{size=0} deletions=ExecutableList{size=0} orphanRemovals=ExecutableList{size=0} collectionCreations=ExecutableList{size=0} collectionRemovals=ExecutableList{size=0} collectionUpdates=ExecutableList{size=0} collectionQueuedOps=ExecutableList{size=0} unresolvedInsertDependencies=null])] after transaction
16:39:05.447 [main] DEBUG org.springframework.orm.jpa.JpaTransactionManager - Creating new transaction with name [org.springframework.data.jpa.repository.support.SimpleJpaRepository.save]: PROPAGATION_REQUIRED,ISOLATION_DEFAULT
16:39:05.447 [main] DEBUG org.springframework.orm.jpa.JpaTransactionManager - Opened new EntityManager [SessionImpl(PersistenceContext[entityKeys=[],collectionKeys=[]];ActionQueue[insertions=ExecutableList{size=0} updates=ExecutableList{size=0} deletions=ExecutableList{size=0} orphanRemovals=ExecutableList{size=0} collectionCreations=ExecutableList{size=0} collectionRemovals=ExecutableList{size=0} collectionUpdates=ExecutableList{size=0} collectionQueuedOps=ExecutableList{size=0} unresolvedInsertDependencies=null])] for JPA transaction
16:39:05.447 [main] DEBUG org.hibernate.engine.transaction.internal.TransactionImpl - begin
16:39:05.447 [main] DEBUG org.springframework.jdbc.datasource.DriverManagerDataSource - Creating new JDBC DriverManager Connection to [jdbc:mysql://localhost:3306/testcraftcore?useSSL=false&useTimezone=true&serverTimezone=UTC]
16:39:05.452 [main] DEBUG org.springframework.orm.jpa.JpaTransactionManager - Exposing JPA transaction as JDBC [org.springframework.orm.jpa.vendor.HibernateJpaDialect$HibernateConnectionHandle@6d293993]
16:39:05.452 [main] DEBUG org.hibernate.engine.spi.ActionQueue - Executing identity-insert immediately
16:39:05.452 [main] DEBUG org.hibernate.SQL - insert into order_table (idclient, dateorder, statusorder, totalorder) values (?, ?, ?, ?)
16:39:05.453 [main] DEBUG org.hibernate.id.IdentifierGeneratorHelper - Natively generated identity: 106
16:39:05.453 [main] DEBUG org.hibernate.resource.jdbc.internal.ResourceRegistryStandardImpl - HHH000387: ResultSet's statement was not registered
16:39:05.454 [main] DEBUG org.springframework.orm.jpa.JpaTransactionManager - Initiating transaction commit
16:39:05.454 [main] DEBUG org.springframework.orm.jpa.JpaTransactionManager - Committing JPA transaction on EntityManager [SessionImpl(PersistenceContext[entityKeys=[EntityKey[com.joseph.entity.Order#106]],collectionKeys=[]];ActionQueue[insertions=ExecutableList{size=0} updates=ExecutableList{size=0} deletions=ExecutableList{size=0} orphanRemovals=ExecutableList{size=0} collectionCreations=ExecutableList{size=0} collectionRemovals=ExecutableList{size=0} collectionUpdates=ExecutableList{size=0} collectionQueuedOps=ExecutableList{size=0} unresolvedInsertDependencies=null])]
16:39:05.454 [main] DEBUG org.hibernate.engine.transaction.internal.TransactionImpl - committing
16:39:05.454 [main] DEBUG org.hibernate.event.internal.AbstractFlushingEventListener - Processing flush-time cascades
16:39:05.454 [main] DEBUG org.hibernate.event.internal.AbstractFlushingEventListener - Dirty checking collections
16:39:05.454 [main] DEBUG org.hibernate.engine.internal.Collections - Collection found: [com.joseph.entity.Order.orderItems#106], was: [<unreferenced>] (initialized)
16:39:05.454 [main] DEBUG org.hibernate.event.internal.AbstractFlushingEventListener - Flushed: 0 insertions, 0 updates, 0 deletions to 1 objects
16:39:05.454 [main] DEBUG org.hibernate.event.internal.AbstractFlushingEventListener - Flushed: 1 (re)creations, 0 updates, 0 removals to 1 collections
16:39:05.454 [main] DEBUG org.hibernate.internal.util.EntityPrinter - Listing entities:
16:39:05.454 [main] DEBUG org.hibernate.internal.util.EntityPrinter - com.joseph.entity.Order{idorder=106, client=com.joseph.entity.Client#140, dateorder=2024-01-04, orderItems=[], statusorder=INPROGRESS, totalorder=300.0}
16:39:05.455 [main] DEBUG org.springframework.orm.jpa.JpaTransactionManager - Closing JPA EntityManager [SessionImpl(PersistenceContext[entityKeys=[EntityKey[com.joseph.entity.Order#106]],collectionKeys=[CollectionKey[com.joseph.entity.Order.orderItems#106]]];ActionQueue[insertions=ExecutableList{size=0} updates=ExecutableList{size=0} deletions=ExecutableList{size=0} orphanRemovals=ExecutableList{size=0} collectionCreations=ExecutableList{size=0} collectionRemovals=ExecutableList{size=0} collectionUpdates=ExecutableList{size=0} collectionQueuedOps=ExecutableList{size=0} unresolvedInsertDependencies=null])] after transaction
16:39:05.455 [main] DEBUG org.springframework.orm.jpa.JpaTransactionManager - Creating new transaction with name [org.springframework.data.jpa.repository.support.SimpleJpaRepository.save]: PROPAGATION_REQUIRED,ISOLATION_DEFAULT
16:39:05.455 [main] DEBUG org.springframework.orm.jpa.JpaTransactionManager - Opened new EntityManager [SessionImpl(PersistenceContext[entityKeys=[],collectionKeys=[]];ActionQueue[insertions=ExecutableList{size=0} updates=ExecutableList{size=0} deletions=ExecutableList{size=0} orphanRemovals=ExecutableList{size=0} collectionCreations=ExecutableList{size=0} collectionRemovals=ExecutableList{size=0} collectionUpdates=ExecutableList{size=0} collectionQueuedOps=ExecutableList{size=0} unresolvedInsertDependencies=null])] for JPA transaction
16:39:05.455 [main] DEBUG org.hibernate.engine.transaction.internal.TransactionImpl - begin
16:39:05.455 [main] DEBUG org.springframework.jdbc.datasource.DriverManagerDataSource - Creating new JDBC DriverManager Connection to [jdbc:mysql://localhost:3306/testcraftcore?useSSL=false&useTimezone=true&serverTimezone=UTC]
16:39:05.458 [main] DEBUG org.springframework.orm.jpa.JpaTransactionManager - Exposing JPA transaction as JDBC [org.springframework.orm.jpa.vendor.HibernateJpaDialect$HibernateConnectionHandle@632b305d]
16:39:05.459 [main] DEBUG org.hibernate.engine.spi.ActionQueue - Executing identity-insert immediately
16:39:05.459 [main] DEBUG org.hibernate.SQL - insert into order_table (idclient, dateorder, statusorder, totalorder) values (?, ?, ?, ?)
16:39:05.460 [main] DEBUG org.hibernate.id.IdentifierGeneratorHelper - Natively generated identity: 107
16:39:05.460 [main] DEBUG org.hibernate.resource.jdbc.internal.ResourceRegistryStandardImpl - HHH000387: ResultSet's statement was not registered
16:39:05.460 [main] DEBUG org.springframework.orm.jpa.JpaTransactionManager - Initiating transaction commit
16:39:05.460 [main] DEBUG org.springframework.orm.jpa.JpaTransactionManager - Committing JPA transaction on EntityManager [SessionImpl(PersistenceContext[entityKeys=[EntityKey[com.joseph.entity.Order#107]],collectionKeys=[]];ActionQueue[insertions=ExecutableList{size=0} updates=ExecutableList{size=0} deletions=ExecutableList{size=0} orphanRemovals=ExecutableList{size=0} collectionCreations=ExecutableList{size=0} collectionRemovals=ExecutableList{size=0} collectionUpdates=ExecutableList{size=0} collectionQueuedOps=ExecutableList{size=0} unresolvedInsertDependencies=null])]
16:39:05.461 [main] DEBUG org.hibernate.engine.transaction.internal.TransactionImpl - committing
16:39:05.461 [main] DEBUG org.hibernate.event.internal.AbstractFlushingEventListener - Processing flush-time cascades
16:39:05.461 [main] DEBUG org.hibernate.event.internal.AbstractFlushingEventListener - Dirty checking collections
16:39:05.461 [main] DEBUG org.hibernate.engine.internal.Collections - Collection found: [com.joseph.entity.Order.orderItems#107], was: [<unreferenced>] (initialized)
16:39:05.461 [main] DEBUG org.hibernate.event.internal.AbstractFlushingEventListener - Flushed: 0 insertions, 0 updates, 0 deletions to 1 objects
16:39:05.461 [main] DEBUG org.hibernate.event.internal.AbstractFlushingEventListener - Flushed: 1 (re)creations, 0 updates, 0 removals to 1 collections
16:39:05.461 [main] DEBUG org.hibernate.internal.util.EntityPrinter - Listing entities:
16:39:05.461 [main] DEBUG org.hibernate.internal.util.EntityPrinter - com.joseph.entity.Order{idorder=107, client=com.joseph.entity.Client#140, dateorder=2024-01-04, orderItems=[], statusorder=INPROGRESS, totalorder=300.0}
16:39:05.462 [main] DEBUG org.springframework.orm.jpa.JpaTransactionManager - Closing JPA EntityManager [SessionImpl(PersistenceContext[entityKeys=[EntityKey[com.joseph.entity.Order#107]],collectionKeys=[CollectionKey[com.joseph.entity.Order.orderItems#107]]];ActionQueue[insertions=ExecutableList{size=0} updates=ExecutableList{size=0} deletions=ExecutableList{size=0} orphanRemovals=ExecutableList{size=0} collectionCreations=ExecutableList{size=0} collectionRemovals=ExecutableList{size=0} collectionUpdates=ExecutableList{size=0} collectionQueuedOps=ExecutableList{size=0} unresolvedInsertDependencies=null])] after transaction
16:39:05.463 [main] DEBUG org.springframework.test.context.cache.DefaultCacheAwareContextLoaderDelegate - Retrieved ApplicationContext [270056930] from cache with key [[MergedContextConfiguration@c2cf597 testClass = OrderServiceImplTest.rapports, locations = '{}', classes = '{class com.joseph.config.PersistenceJPAConfig}', contextInitializerClasses = '[]', activeProfiles = '{}', propertySourceLocations = '{}', propertySourceProperties = '{}', contextCustomizers = set[[empty]], contextLoader = 'org.springframework.test.context.support.DelegatingSmartContextLoader', parent = [null]]]
16:39:05.463 [main] DEBUG org.springframework.test.context.cache - Spring test ApplicationContext cache statistics: [DefaultContextCache@65bb6275 size = 1, maxSize = 32, parentContextCount = 0, hitCount = 94, missCount = 1]
16:39:05.463 [main] DEBUG org.springframework.orm.jpa.JpaTransactionManager - Creating new transaction with name [org.springframework.data.jpa.repository.support.SimpleJpaRepository.save]: PROPAGATION_REQUIRED,ISOLATION_DEFAULT
16:39:05.464 [main] DEBUG org.springframework.orm.jpa.JpaTransactionManager - Opened new EntityManager [SessionImpl(PersistenceContext[entityKeys=[],collectionKeys=[]];ActionQueue[insertions=ExecutableList{size=0} updates=ExecutableList{size=0} deletions=ExecutableList{size=0} orphanRemovals=ExecutableList{size=0} collectionCreations=ExecutableList{size=0} collectionRemovals=ExecutableList{size=0} collectionUpdates=ExecutableList{size=0} collectionQueuedOps=ExecutableList{size=0} unresolvedInsertDependencies=null])] for JPA transaction
16:39:05.464 [main] DEBUG org.hibernate.engine.transaction.internal.TransactionImpl - begin
16:39:05.464 [main] DEBUG org.springframework.jdbc.datasource.DriverManagerDataSource - Creating new JDBC DriverManager Connection to [jdbc:mysql://localhost:3306/testcraftcore?useSSL=false&useTimezone=true&serverTimezone=UTC]
16:39:05.471 [main] DEBUG org.springframework.orm.jpa.JpaTransactionManager - Exposing JPA transaction as JDBC [org.springframework.orm.jpa.vendor.HibernateJpaDialect$HibernateConnectionHandle@195113de]
16:39:05.471 [main] DEBUG org.hibernate.engine.spi.ActionQueue - Executing identity-insert immediately
16:39:05.471 [main] DEBUG org.hibernate.SQL - insert into order_table (idclient, dateorder, statusorder, totalorder) values (?, ?, ?, ?)
16:39:05.472 [main] DEBUG org.hibernate.id.IdentifierGeneratorHelper - Natively generated identity: 108
16:39:05.472 [main] DEBUG org.hibernate.resource.jdbc.internal.ResourceRegistryStandardImpl - HHH000387: ResultSet's statement was not registered
16:39:05.473 [main] DEBUG org.springframework.orm.jpa.JpaTransactionManager - Initiating transaction commit
16:39:05.473 [main] DEBUG org.springframework.orm.jpa.JpaTransactionManager - Committing JPA transaction on EntityManager [SessionImpl(PersistenceContext[entityKeys=[EntityKey[com.joseph.entity.Order#108]],collectionKeys=[]];ActionQueue[insertions=ExecutableList{size=0} updates=ExecutableList{size=0} deletions=ExecutableList{size=0} orphanRemovals=ExecutableList{size=0} collectionCreations=ExecutableList{size=0} collectionRemovals=ExecutableList{size=0} collectionUpdates=ExecutableList{size=0} collectionQueuedOps=ExecutableList{size=0} unresolvedInsertDependencies=null])]
16:39:05.473 [main] DEBUG org.hibernate.engine.transaction.internal.TransactionImpl - committing
16:39:05.473 [main] DEBUG org.hibernate.event.internal.AbstractFlushingEventListener - Processing flush-time cascades
16:39:05.473 [main] DEBUG org.hibernate.event.internal.AbstractFlushingEventListener - Dirty checking collections
16:39:05.473 [main] DEBUG org.hibernate.engine.internal.Collections - Collection found: [com.joseph.entity.Order.orderItems#108], was: [<unreferenced>] (initialized)
16:39:05.473 [main] DEBUG org.hibernate.event.internal.AbstractFlushingEventListener - Flushed: 0 insertions, 0 updates, 0 deletions to 1 objects
16:39:05.473 [main] DEBUG org.hibernate.event.internal.AbstractFlushingEventListener - Flushed: 1 (re)creations, 0 updates, 0 removals to 1 collections
16:39:05.473 [main] DEBUG org.hibernate.internal.util.EntityPrinter - Listing entities:
16:39:05.473 [main] DEBUG org.hibernate.internal.util.EntityPrinter - com.joseph.entity.Order{idorder=108, client=com.joseph.entity.Client#140, dateorder=2022-12-23, orderItems=[], statusorder=INPROGRESS, totalorder=300.0}
16:39:05.474 [main] DEBUG org.springframework.orm.jpa.JpaTransactionManager - Closing JPA EntityManager [SessionImpl(PersistenceContext[entityKeys=[EntityKey[com.joseph.entity.Order#108]],collectionKeys=[CollectionKey[com.joseph.entity.Order.orderItems#108]]];ActionQueue[insertions=ExecutableList{size=0} updates=ExecutableList{size=0} deletions=ExecutableList{size=0} orphanRemovals=ExecutableList{size=0} collectionCreations=ExecutableList{size=0} collectionRemovals=ExecutableList{size=0} collectionUpdates=ExecutableList{size=0} collectionQueuedOps=ExecutableList{size=0} unresolvedInsertDependencies=null])] after transaction
16:39:05.474 [main] DEBUG org.springframework.orm.jpa.JpaTransactionManager - Creating new transaction with name [org.springframework.data.jpa.repository.support.SimpleJpaRepository.save]: PROPAGATION_REQUIRED,ISOLATION_DEFAULT
16:39:05.474 [main] DEBUG org.springframework.orm.jpa.JpaTransactionManager - Opened new EntityManager [SessionImpl(PersistenceContext[entityKeys=[],collectionKeys=[]];ActionQueue[insertions=ExecutableList{size=0} updates=ExecutableList{size=0} deletions=ExecutableList{size=0} orphanRemovals=ExecutableList{size=0} collectionCreations=ExecutableList{size=0} collectionRemovals=ExecutableList{size=0} collectionUpdates=ExecutableList{size=0} collectionQueuedOps=ExecutableList{size=0} unresolvedInsertDependencies=null])] for JPA transaction
16:39:05.474 [main] DEBUG org.hibernate.engine.transaction.internal.TransactionImpl - begin
16:39:05.474 [main] DEBUG org.springframework.jdbc.datasource.DriverManagerDataSource - Creating new JDBC DriverManager Connection to [jdbc:mysql://localhost:3306/testcraftcore?useSSL=false&useTimezone=true&serverTimezone=UTC]
16:39:05.483 [main] DEBUG org.springframework.orm.jpa.JpaTransactionManager - Exposing JPA transaction as JDBC [org.springframework.orm.jpa.vendor.HibernateJpaDialect$HibernateConnectionHandle@66d25ba9]
16:39:05.484 [main] DEBUG org.hibernate.engine.spi.ActionQueue - Executing identity-insert immediately
16:39:05.484 [main] DEBUG org.hibernate.SQL - insert into order_table (idclient, dateorder, statusorder, totalorder) values (?, ?, ?, ?)
16:39:05.485 [main] DEBUG org.hibernate.id.IdentifierGeneratorHelper - Natively generated identity: 109
16:39:05.485 [main] DEBUG org.hibernate.resource.jdbc.internal.ResourceRegistryStandardImpl - HHH000387: ResultSet's statement was not registered
16:39:05.485 [main] DEBUG org.springframework.orm.jpa.JpaTransactionManager - Initiating transaction commit
16:39:05.485 [main] DEBUG org.springframework.orm.jpa.JpaTransactionManager - Committing JPA transaction on EntityManager [SessionImpl(PersistenceContext[entityKeys=[EntityKey[com.joseph.entity.Order#109]],collectionKeys=[]];ActionQueue[insertions=ExecutableList{size=0} updates=ExecutableList{size=0} deletions=ExecutableList{size=0} orphanRemovals=ExecutableList{size=0} collectionCreations=ExecutableList{size=0} collectionRemovals=ExecutableList{size=0} collectionUpdates=ExecutableList{size=0} collectionQueuedOps=ExecutableList{size=0} unresolvedInsertDependencies=null])]
16:39:05.485 [main] DEBUG org.hibernate.engine.transaction.internal.TransactionImpl - committing
16:39:05.485 [main] DEBUG org.hibernate.event.internal.AbstractFlushingEventListener - Processing flush-time cascades
16:39:05.485 [main] DEBUG org.hibernate.event.internal.AbstractFlushingEventListener - Dirty checking collections
16:39:05.485 [main] DEBUG org.hibernate.engine.internal.Collections - Collection found: [com.joseph.entity.Order.orderItems#109], was: [<unreferenced>] (initialized)
16:39:05.485 [main] DEBUG org.hibernate.event.internal.AbstractFlushingEventListener - Flushed: 0 insertions, 0 updates, 0 deletions to 1 objects
16:39:05.485 [main] DEBUG org.hibernate.event.internal.AbstractFlushingEventListener - Flushed: 1 (re)creations, 0 updates, 0 removals to 1 collections
16:39:05.485 [main] DEBUG org.hibernate.internal.util.EntityPrinter - Listing entities:
16:39:05.485 [main] DEBUG org.hibernate.internal.util.EntityPrinter - com.joseph.entity.Order{idorder=109, client=com.joseph.entity.Client#140, dateorder=2022-12-23, orderItems=[], statusorder=INPROGRESS, totalorder=300.0}
16:39:05.486 [main] DEBUG org.springframework.orm.jpa.JpaTransactionManager - Closing JPA EntityManager [SessionImpl(PersistenceContext[entityKeys=[EntityKey[com.joseph.entity.Order#109]],collectionKeys=[CollectionKey[com.joseph.entity.Order.orderItems#109]]];ActionQueue[insertions=ExecutableList{size=0} updates=ExecutableList{size=0} deletions=ExecutableList{size=0} orphanRemovals=ExecutableList{size=0} collectionCreations=ExecutableList{size=0} collectionRemovals=ExecutableList{size=0} collectionUpdates=ExecutableList{size=0} collectionQueuedOps=ExecutableList{size=0} unresolvedInsertDependencies=null])] after transaction
16:39:05.487 [main] DEBUG org.springframework.orm.jpa.JpaTransactionManager - Creating new transaction with name [org.springframework.data.jpa.repository.support.SimpleJpaRepository.save]: PROPAGATION_REQUIRED,ISOLATION_DEFAULT
16:39:05.487 [main] DEBUG org.springframework.orm.jpa.JpaTransactionManager - Opened new EntityManager [SessionImpl(PersistenceContext[entityKeys=[],collectionKeys=[]];ActionQueue[insertions=ExecutableList{size=0} updates=ExecutableList{size=0} deletions=ExecutableList{size=0} orphanRemovals=ExecutableList{size=0} collectionCreations=ExecutableList{size=0} collectionRemovals=ExecutableList{size=0} collectionUpdates=ExecutableList{size=0} collectionQueuedOps=ExecutableList{size=0} unresolvedInsertDependencies=null])] for JPA transaction
16:39:05.487 [main] DEBUG org.hibernate.engine.transaction.internal.TransactionImpl - begin
16:39:05.487 [main] DEBUG org.springframework.jdbc.datasource.DriverManagerDataSource - Creating new JDBC DriverManager Connection to [jdbc:mysql://localhost:3306/testcraftcore?useSSL=false&useTimezone=true&serverTimezone=UTC]
16:39:05.491 [main] DEBUG org.springframework.orm.jpa.JpaTransactionManager - Exposing JPA transaction as JDBC [org.springframework.orm.jpa.vendor.HibernateJpaDialect$HibernateConnectionHandle@266e9dda]
16:39:05.491 [main] DEBUG org.hibernate.engine.spi.ActionQueue - Executing identity-insert immediately
16:39:05.491 [main] DEBUG org.hibernate.SQL - insert into order_table (idclient, dateorder, statusorder, totalorder) values (?, ?, ?, ?)
16:39:05.493 [main] DEBUG org.hibernate.id.IdentifierGeneratorHelper - Natively generated identity: 110
16:39:05.493 [main] DEBUG org.hibernate.resource.jdbc.internal.ResourceRegistryStandardImpl - HHH000387: ResultSet's statement was not registered
16:39:05.493 [main] DEBUG org.springframework.orm.jpa.JpaTransactionManager - Initiating transaction commit
16:39:05.493 [main] DEBUG org.springframework.orm.jpa.JpaTransactionManager - Committing JPA transaction on EntityManager [SessionImpl(PersistenceContext[entityKeys=[EntityKey[com.joseph.entity.Order#110]],collectionKeys=[]];ActionQueue[insertions=ExecutableList{size=0} updates=ExecutableList{size=0} deletions=ExecutableList{size=0} orphanRemovals=ExecutableList{size=0} collectionCreations=ExecutableList{size=0} collectionRemovals=ExecutableList{size=0} collectionUpdates=ExecutableList{size=0} collectionQueuedOps=ExecutableList{size=0} unresolvedInsertDependencies=null])]
16:39:05.493 [main] DEBUG org.hibernate.engine.transaction.internal.TransactionImpl - committing
16:39:05.493 [main] DEBUG org.hibernate.event.internal.AbstractFlushingEventListener - Processing flush-time cascades
16:39:05.493 [main] DEBUG org.hibernate.event.internal.AbstractFlushingEventListener - Dirty checking collections
16:39:05.493 [main] DEBUG org.hibernate.engine.internal.Collections - Collection found: [com.joseph.entity.Order.orderItems#110], was: [<unreferenced>] (initialized)
16:39:05.494 [main] DEBUG org.hibernate.event.internal.AbstractFlushingEventListener - Flushed: 0 insertions, 0 updates, 0 deletions to 1 objects
16:39:05.494 [main] DEBUG org.hibernate.event.internal.AbstractFlushingEventListener - Flushed: 1 (re)creations, 0 updates, 0 removals to 1 collections
16:39:05.494 [main] DEBUG org.hibernate.internal.util.EntityPrinter - Listing entities:
16:39:05.494 [main] DEBUG org.hibernate.internal.util.EntityPrinter - com.joseph.entity.Order{idorder=110, client=com.joseph.entity.Client#140, dateorder=2022-12-23, orderItems=[], statusorder=INPROGRESS, totalorder=300.0}
16:39:05.494 [main] DEBUG org.springframework.orm.jpa.JpaTransactionManager - Closing JPA EntityManager [SessionImpl(PersistenceContext[entityKeys=[EntityKey[com.joseph.entity.Order#110]],collectionKeys=[CollectionKey[com.joseph.entity.Order.orderItems#110]]];ActionQueue[insertions=ExecutableList{size=0} updates=ExecutableList{size=0} deletions=ExecutableList{size=0} orphanRemovals=ExecutableList{size=0} collectionCreations=ExecutableList{size=0} collectionRemovals=ExecutableList{size=0} collectionUpdates=ExecutableList{size=0} collectionQueuedOps=ExecutableList{size=0} unresolvedInsertDependencies=null])] after transaction
16:39:05.495 [main] DEBUG org.springframework.orm.jpa.SharedEntityManagerCreator$SharedEntityManagerInvocationHandler - Creating new EntityManager for shared EntityManager invocation
16:39:05.496 [main] DEBUG org.hibernate.SQL - select order0_.dateorder as col_0_0_, sum(order0_.totalorder) as col_1_0_ from order_table order0_ where order0_.dateorder between ? and ? group by order0_.dateorder order by order0_.dateorder
16:39:05.496 [main] DEBUG org.springframework.jdbc.datasource.DriverManagerDataSource - Creating new JDBC DriverManager Connection to [jdbc:mysql://localhost:3306/testcraftcore?useSSL=false&useTimezone=true&serverTimezone=UTC]
16:39:05.503 [main] DEBUG org.hibernate.loader.Loader - Result set row: 0
16:39:05.503 [main] DEBUG org.hibernate.loader.Loader - Result row: 
16:39:05.503 [main] DEBUG org.hibernate.loader.Loader - Result set row: 1
16:39:05.503 [main] DEBUG org.hibernate.loader.Loader - Result row: 
16:39:05.504 [main] DEBUG org.springframework.test.context.cache.DefaultCacheAwareContextLoaderDelegate - Retrieved ApplicationContext [270056930] from cache with key [[MergedContextConfiguration@c2cf597 testClass = OrderServiceImplTest.rapports, locations = '{}', classes = '{class com.joseph.config.PersistenceJPAConfig}', contextInitializerClasses = '[]', activeProfiles = '{}', propertySourceLocations = '{}', propertySourceProperties = '{}', contextCustomizers = set[[empty]], contextLoader = 'org.springframework.test.context.support.DelegatingSmartContextLoader', parent = [null]]]
16:39:05.504 [main] DEBUG org.springframework.test.context.cache - Spring test ApplicationContext cache statistics: [DefaultContextCache@65bb6275 size = 1, maxSize = 32, parentContextCount = 0, hitCount = 95, missCount = 1]
16:39:05.505 [main] DEBUG org.springframework.orm.jpa.JpaTransactionManager - Creating new transaction with name [org.springframework.data.jpa.repository.support.SimpleJpaRepository.deleteAll]: PROPAGATION_REQUIRED,ISOLATION_DEFAULT
16:39:05.505 [main] DEBUG org.springframework.orm.jpa.JpaTransactionManager - Opened new EntityManager [SessionImpl(PersistenceContext[entityKeys=[],collectionKeys=[]];ActionQueue[insertions=ExecutableList{size=0} updates=ExecutableList{size=0} deletions=ExecutableList{size=0} orphanRemovals=ExecutableList{size=0} collectionCreations=ExecutableList{size=0} collectionRemovals=ExecutableList{size=0} collectionUpdates=ExecutableList{size=0} collectionQueuedOps=ExecutableList{size=0} unresolvedInsertDependencies=null])] for JPA transaction
16:39:05.505 [main] DEBUG org.hibernate.engine.transaction.internal.TransactionImpl - begin
16:39:05.505 [main] DEBUG org.springframework.jdbc.datasource.DriverManagerDataSource - Creating new JDBC DriverManager Connection to [jdbc:mysql://localhost:3306/testcraftcore?useSSL=false&useTimezone=true&serverTimezone=UTC]
16:39:05.514 [main] DEBUG org.springframework.orm.jpa.JpaTransactionManager - Exposing JPA transaction as JDBC [org.springframework.orm.jpa.vendor.HibernateJpaDialect$HibernateConnectionHandle@44b940a2]
16:39:05.514 [main] DEBUG org.hibernate.query.criteria.internal.CriteriaQueryImpl - Rendered criteria query -> select generatedAlias0 from Client as generatedAlias0
16:39:05.515 [main] DEBUG org.hibernate.SQL - select client0_.idclient as idclient1_0_, client0_.emailclient as emailcli2_0_, client0_.nameclient as nameclie3_0_ from client client0_
16:39:05.517 [main] DEBUG org.hibernate.loader.Loader - Result set row: 0
16:39:05.517 [main] DEBUG org.hibernate.loader.Loader - Result row: EntityKey[com.joseph.entity.Client#140]
16:39:05.517 [main] DEBUG org.hibernate.engine.internal.TwoPhaseLoad - Resolving associations for [com.joseph.entity.Client#140]
16:39:05.517 [main] DEBUG org.hibernate.engine.internal.TwoPhaseLoad - Done materializing entity [com.joseph.entity.Client#140]
16:39:05.518 [main] DEBUG org.hibernate.loader.collection.plan.AbstractLoadPlanBasedCollectionInitializer - Loading collection: [com.joseph.entity.Client.orders#140]
16:39:05.518 [main] DEBUG org.hibernate.SQL - select orders0_.idclient as idclient5_1_0_, orders0_.idorder as idorder1_1_0_, orders0_.idorder as idorder1_1_1_, orders0_.idclient as idclient5_1_1_, orders0_.dateorder as dateorde2_1_1_, orders0_.statusorder as statusor3_1_1_, orders0_.totalorder as totalord4_1_1_ from order_table orders0_ where orders0_.idclient=?
16:39:05.521 [main] DEBUG org.hibernate.loader.plan.exec.process.internal.ResultSetProcessorImpl - Preparing collection intializer : [com.joseph.entity.Client.orders#140]
16:39:05.521 [main] DEBUG org.hibernate.loader.plan.exec.process.internal.ResultSetProcessorImpl - Starting ResultSet row #0
16:39:05.521 [main] DEBUG org.hibernate.loader.plan.exec.process.internal.CollectionReferenceInitializerImpl - Found row of collection: [com.joseph.entity.Client.orders#140]
16:39:05.521 [main] DEBUG org.hibernate.loader.plan.exec.process.internal.ResultSetProcessorImpl - Starting ResultSet row #1
16:39:05.522 [main] DEBUG org.hibernate.loader.plan.exec.process.internal.CollectionReferenceInitializerImpl - Found row of collection: [com.joseph.entity.Client.orders#140]
16:39:05.522 [main] DEBUG org.hibernate.loader.plan.exec.process.internal.ResultSetProcessorImpl - Starting ResultSet row #2
16:39:05.522 [main] DEBUG org.hibernate.loader.plan.exec.process.internal.CollectionReferenceInitializerImpl - Found row of collection: [com.joseph.entity.Client.orders#140]
16:39:05.523 [main] DEBUG org.hibernate.loader.plan.exec.process.internal.ResultSetProcessorImpl - Starting ResultSet row #3
16:39:05.523 [main] DEBUG org.hibernate.loader.plan.exec.process.internal.CollectionReferenceInitializerImpl - Found row of collection: [com.joseph.entity.Client.orders#140]
16:39:05.523 [main] DEBUG org.hibernate.loader.plan.exec.process.internal.ResultSetProcessorImpl - Starting ResultSet row #4
16:39:05.523 [main] DEBUG org.hibernate.loader.plan.exec.process.internal.CollectionReferenceInitializerImpl - Found row of collection: [com.joseph.entity.Client.orders#140]
16:39:05.524 [main] DEBUG org.hibernate.loader.plan.exec.process.internal.ResultSetProcessorImpl - Starting ResultSet row #5
16:39:05.524 [main] DEBUG org.hibernate.loader.plan.exec.process.internal.CollectionReferenceInitializerImpl - Found row of collection: [com.joseph.entity.Client.orders#140]
16:39:05.524 [main] DEBUG org.hibernate.engine.internal.TwoPhaseLoad - Resolving associations for [com.joseph.entity.Order#107]
16:39:05.524 [main] DEBUG org.hibernate.engine.internal.TwoPhaseLoad - Done materializing entity [com.joseph.entity.Order#107]
16:39:05.524 [main] DEBUG org.hibernate.engine.internal.TwoPhaseLoad - Resolving associations for [com.joseph.entity.Order#105]
16:39:05.524 [main] DEBUG org.hibernate.engine.internal.TwoPhaseLoad - Done materializing entity [com.joseph.entity.Order#105]
16:39:05.524 [main] DEBUG org.hibernate.engine.internal.TwoPhaseLoad - Resolving associations for [com.joseph.entity.Order#106]
16:39:05.524 [main] DEBUG org.hibernate.engine.internal.TwoPhaseLoad - Done materializing entity [com.joseph.entity.Order#106]
16:39:05.525 [main] DEBUG org.hibernate.engine.internal.TwoPhaseLoad - Resolving associations for [com.joseph.entity.Order#108]
16:39:05.525 [main] DEBUG org.hibernate.engine.internal.TwoPhaseLoad - Done materializing entity [com.joseph.entity.Order#108]
16:39:05.525 [main] DEBUG org.hibernate.engine.internal.TwoPhaseLoad - Resolving associations for [com.joseph.entity.Order#109]
16:39:05.525 [main] DEBUG org.hibernate.engine.internal.TwoPhaseLoad - Done materializing entity [com.joseph.entity.Order#109]
16:39:05.525 [main] DEBUG org.hibernate.engine.internal.TwoPhaseLoad - Resolving associations for [com.joseph.entity.Order#110]
16:39:05.526 [main] DEBUG org.hibernate.engine.internal.TwoPhaseLoad - Done materializing entity [com.joseph.entity.Order#110]
16:39:05.526 [main] DEBUG org.hibernate.engine.loading.internal.CollectionLoadContext - 1 collections were found in result set for role: com.joseph.entity.Client.orders
16:39:05.526 [main] DEBUG org.hibernate.engine.loading.internal.CollectionLoadContext - Collection fully initialized: [com.joseph.entity.Client.orders#140]
16:39:05.526 [main] DEBUG org.hibernate.engine.loading.internal.CollectionLoadContext - 1 collections initialized for role: com.joseph.entity.Client.orders
16:39:05.526 [main] DEBUG org.hibernate.resource.jdbc.internal.ResourceRegistryStandardImpl - HHH000387: ResultSet's statement was not registered
16:39:05.526 [main] DEBUG org.hibernate.loader.collection.plan.AbstractLoadPlanBasedCollectionInitializer - Done loading collection
16:39:05.526 [main] DEBUG org.hibernate.loader.collection.plan.AbstractLoadPlanBasedCollectionInitializer - Loading collection: [com.joseph.entity.Order.orderItems#108]
16:39:05.526 [main] DEBUG org.hibernate.SQL - select orderitems0_.idorder as idorder3_2_0_, orderitems0_.id as id1_2_0_, orderitems0_.id as id1_2_1_, orderitems0_.idorder as idorder3_2_1_, orderitems0_.idproduct as idproduc4_2_1_, orderitems0_.quantity as quantity2_2_1_, product1_.idproduct as idproduc1_3_2_, product1_.nameproduct as nameprod2_3_2_, product1_.priceproduct as pricepro3_3_2_, product1_.stockproduct as stockpro4_3_2_ from orderitems orderitems0_ left outer join Product product1_ on orderitems0_.idproduct=product1_.idproduct where orderitems0_.idorder=?
16:39:05.529 [main] DEBUG org.hibernate.loader.plan.exec.process.internal.ResultSetProcessorImpl - Preparing collection intializer : [com.joseph.entity.Order.orderItems#108]
16:39:05.529 [main] DEBUG org.hibernate.engine.loading.internal.CollectionLoadContext - 1 collections were found in result set for role: com.joseph.entity.Order.orderItems
16:39:05.529 [main] DEBUG org.hibernate.engine.loading.internal.CollectionLoadContext - Collection fully initialized: [com.joseph.entity.Order.orderItems#108]
16:39:05.529 [main] DEBUG org.hibernate.engine.loading.internal.CollectionLoadContext - 1 collections initialized for role: com.joseph.entity.Order.orderItems
16:39:05.529 [main] DEBUG org.hibernate.resource.jdbc.internal.ResourceRegistryStandardImpl - HHH000387: ResultSet's statement was not registered
16:39:05.529 [main] DEBUG org.hibernate.loader.collection.plan.AbstractLoadPlanBasedCollectionInitializer - Done loading collection
16:39:05.529 [main] DEBUG org.hibernate.loader.collection.plan.AbstractLoadPlanBasedCollectionInitializer - Loading collection: [com.joseph.entity.Order.orderItems#110]
16:39:05.529 [main] DEBUG org.hibernate.SQL - select orderitems0_.idorder as idorder3_2_0_, orderitems0_.id as id1_2_0_, orderitems0_.id as id1_2_1_, orderitems0_.idorder as idorder3_2_1_, orderitems0_.idproduct as idproduc4_2_1_, orderitems0_.quantity as quantity2_2_1_, product1_.idproduct as idproduc1_3_2_, product1_.nameproduct as nameprod2_3_2_, product1_.priceproduct as pricepro3_3_2_, product1_.stockproduct as stockpro4_3_2_ from orderitems orderitems0_ left outer join Product product1_ on orderitems0_.idproduct=product1_.idproduct where orderitems0_.idorder=?
16:39:05.530 [main] DEBUG org.hibernate.loader.plan.exec.process.internal.ResultSetProcessorImpl - Preparing collection intializer : [com.joseph.entity.Order.orderItems#110]
16:39:05.530 [main] DEBUG org.hibernate.engine.loading.internal.CollectionLoadContext - 1 collections were found in result set for role: com.joseph.entity.Order.orderItems
16:39:05.530 [main] DEBUG org.hibernate.engine.loading.internal.CollectionLoadContext - Collection fully initialized: [com.joseph.entity.Order.orderItems#110]
16:39:05.530 [main] DEBUG org.hibernate.engine.loading.internal.CollectionLoadContext - 1 collections initialized for role: com.joseph.entity.Order.orderItems
16:39:05.530 [main] DEBUG org.hibernate.resource.jdbc.internal.ResourceRegistryStandardImpl - HHH000387: ResultSet's statement was not registered
16:39:05.530 [main] DEBUG org.hibernate.loader.collection.plan.AbstractLoadPlanBasedCollectionInitializer - Done loading collection
16:39:05.530 [main] DEBUG org.hibernate.loader.collection.plan.AbstractLoadPlanBasedCollectionInitializer - Loading collection: [com.joseph.entity.Order.orderItems#107]
16:39:05.532 [main] DEBUG org.hibernate.SQL - select orderitems0_.idorder as idorder3_2_0_, orderitems0_.id as id1_2_0_, orderitems0_.id as id1_2_1_, orderitems0_.idorder as idorder3_2_1_, orderitems0_.idproduct as idproduc4_2_1_, orderitems0_.quantity as quantity2_2_1_, product1_.idproduct as idproduc1_3_2_, product1_.nameproduct as nameprod2_3_2_, product1_.priceproduct as pricepro3_3_2_, product1_.stockproduct as stockpro4_3_2_ from orderitems orderitems0_ left outer join Product product1_ on orderitems0_.idproduct=product1_.idproduct where orderitems0_.idorder=?
16:39:05.532 [main] DEBUG org.hibernate.loader.plan.exec.process.internal.ResultSetProcessorImpl - Preparing collection intializer : [com.joseph.entity.Order.orderItems#107]
16:39:05.533 [main] DEBUG org.hibernate.engine.loading.internal.CollectionLoadContext - 1 collections were found in result set for role: com.joseph.entity.Order.orderItems
16:39:05.533 [main] DEBUG org.hibernate.engine.loading.internal.CollectionLoadContext - Collection fully initialized: [com.joseph.entity.Order.orderItems#107]
16:39:05.533 [main] DEBUG org.hibernate.engine.loading.internal.CollectionLoadContext - 1 collections initialized for role: com.joseph.entity.Order.orderItems
16:39:05.533 [main] DEBUG org.hibernate.resource.jdbc.internal.ResourceRegistryStandardImpl - HHH000387: ResultSet's statement was not registered
16:39:05.533 [main] DEBUG org.hibernate.loader.collection.plan.AbstractLoadPlanBasedCollectionInitializer - Done loading collection
16:39:05.533 [main] DEBUG org.hibernate.loader.collection.plan.AbstractLoadPlanBasedCollectionInitializer - Loading collection: [com.joseph.entity.Order.orderItems#109]
16:39:05.533 [main] DEBUG org.hibernate.SQL - select orderitems0_.idorder as idorder3_2_0_, orderitems0_.id as id1_2_0_, orderitems0_.id as id1_2_1_, orderitems0_.idorder as idorder3_2_1_, orderitems0_.idproduct as idproduc4_2_1_, orderitems0_.quantity as quantity2_2_1_, product1_.idproduct as idproduc1_3_2_, product1_.nameproduct as nameprod2_3_2_, product1_.priceproduct as pricepro3_3_2_, product1_.stockproduct as stockpro4_3_2_ from orderitems orderitems0_ left outer join Product product1_ on orderitems0_.idproduct=product1_.idproduct where orderitems0_.idorder=?
16:39:05.534 [main] DEBUG org.hibernate.loader.plan.exec.process.internal.ResultSetProcessorImpl - Preparing collection intializer : [com.joseph.entity.Order.orderItems#109]
16:39:05.534 [main] DEBUG org.hibernate.engine.loading.internal.CollectionLoadContext - 1 collections were found in result set for role: com.joseph.entity.Order.orderItems
16:39:05.534 [main] DEBUG org.hibernate.engine.loading.internal.CollectionLoadContext - Collection fully initialized: [com.joseph.entity.Order.orderItems#109]
16:39:05.534 [main] DEBUG org.hibernate.engine.loading.internal.CollectionLoadContext - 1 collections initialized for role: com.joseph.entity.Order.orderItems
16:39:05.534 [main] DEBUG org.hibernate.resource.jdbc.internal.ResourceRegistryStandardImpl - HHH000387: ResultSet's statement was not registered
16:39:05.534 [main] DEBUG org.hibernate.loader.collection.plan.AbstractLoadPlanBasedCollectionInitializer - Done loading collection
16:39:05.535 [main] DEBUG org.hibernate.loader.collection.plan.AbstractLoadPlanBasedCollectionInitializer - Loading collection: [com.joseph.entity.Order.orderItems#105]
16:39:05.535 [main] DEBUG org.hibernate.SQL - select orderitems0_.idorder as idorder3_2_0_, orderitems0_.id as id1_2_0_, orderitems0_.id as id1_2_1_, orderitems0_.idorder as idorder3_2_1_, orderitems0_.idproduct as idproduc4_2_1_, orderitems0_.quantity as quantity2_2_1_, product1_.idproduct as idproduc1_3_2_, product1_.nameproduct as nameprod2_3_2_, product1_.priceproduct as pricepro3_3_2_, product1_.stockproduct as stockpro4_3_2_ from orderitems orderitems0_ left outer join Product product1_ on orderitems0_.idproduct=product1_.idproduct where orderitems0_.idorder=?
16:39:05.536 [main] DEBUG org.hibernate.loader.plan.exec.process.internal.ResultSetProcessorImpl - Preparing collection intializer : [com.joseph.entity.Order.orderItems#105]
16:39:05.536 [main] DEBUG org.hibernate.engine.loading.internal.CollectionLoadContext - 1 collections were found in result set for role: com.joseph.entity.Order.orderItems
16:39:05.536 [main] DEBUG org.hibernate.engine.loading.internal.CollectionLoadContext - Collection fully initialized: [com.joseph.entity.Order.orderItems#105]
16:39:05.536 [main] DEBUG org.hibernate.engine.loading.internal.CollectionLoadContext - 1 collections initialized for role: com.joseph.entity.Order.orderItems
16:39:05.536 [main] DEBUG org.hibernate.resource.jdbc.internal.ResourceRegistryStandardImpl - HHH000387: ResultSet's statement was not registered
16:39:05.536 [main] DEBUG org.hibernate.loader.collection.plan.AbstractLoadPlanBasedCollectionInitializer - Done loading collection
16:39:05.536 [main] DEBUG org.hibernate.loader.collection.plan.AbstractLoadPlanBasedCollectionInitializer - Loading collection: [com.joseph.entity.Order.orderItems#106]
16:39:05.536 [main] DEBUG org.hibernate.SQL - select orderitems0_.idorder as idorder3_2_0_, orderitems0_.id as id1_2_0_, orderitems0_.id as id1_2_1_, orderitems0_.idorder as idorder3_2_1_, orderitems0_.idproduct as idproduc4_2_1_, orderitems0_.quantity as quantity2_2_1_, product1_.idproduct as idproduc1_3_2_, product1_.nameproduct as nameprod2_3_2_, product1_.priceproduct as pricepro3_3_2_, product1_.stockproduct as stockpro4_3_2_ from orderitems orderitems0_ left outer join Product product1_ on orderitems0_.idproduct=product1_.idproduct where orderitems0_.idorder=?
16:39:05.537 [main] DEBUG org.hibernate.loader.plan.exec.process.internal.ResultSetProcessorImpl - Preparing collection intializer : [com.joseph.entity.Order.orderItems#106]
16:39:05.537 [main] DEBUG org.hibernate.engine.loading.internal.CollectionLoadContext - 1 collections were found in result set for role: com.joseph.entity.Order.orderItems
16:39:05.537 [main] DEBUG org.hibernate.engine.loading.internal.CollectionLoadContext - Collection fully initialized: [com.joseph.entity.Order.orderItems#106]
16:39:05.537 [main] DEBUG org.hibernate.engine.loading.internal.CollectionLoadContext - 1 collections initialized for role: com.joseph.entity.Order.orderItems
16:39:05.537 [main] DEBUG org.hibernate.resource.jdbc.internal.ResourceRegistryStandardImpl - HHH000387: ResultSet's statement was not registered
16:39:05.537 [main] DEBUG org.hibernate.loader.collection.plan.AbstractLoadPlanBasedCollectionInitializer - Done loading collection
16:39:05.537 [main] DEBUG org.springframework.orm.jpa.JpaTransactionManager - Initiating transaction commit
16:39:05.537 [main] DEBUG org.springframework.orm.jpa.JpaTransactionManager - Committing JPA transaction on EntityManager [SessionImpl(PersistenceContext[entityKeys=[EntityKey[com.joseph.entity.Order#107], EntityKey[com.joseph.entity.Order#106], EntityKey[com.joseph.entity.Order#109], EntityKey[com.joseph.entity.Order#108], EntityKey[com.joseph.entity.Client#140], EntityKey[com.joseph.entity.Order#105], EntityKey[com.joseph.entity.Order#110]],collectionKeys=[CollectionKey[com.joseph.entity.Order.orderItems#110], CollectionKey[com.joseph.entity.Order.orderItems#109], CollectionKey[com.joseph.entity.Order.orderItems#108], CollectionKey[com.joseph.entity.Order.orderItems#107], CollectionKey[com.joseph.entity.Order.orderItems#106], CollectionKey[com.joseph.entity.Order.orderItems#105], CollectionKey[com.joseph.entity.Client.orders#140]]];ActionQueue[insertions=ExecutableList{size=0} updates=ExecutableList{size=0} deletions=ExecutableList{size=7} orphanRemovals=ExecutableList{size=0} collectionCreations=ExecutableList{size=0} collectionRemovals=ExecutableList{size=0} collectionUpdates=ExecutableList{size=0} collectionQueuedOps=ExecutableList{size=0} unresolvedInsertDependencies=null])]
16:39:05.537 [main] DEBUG org.hibernate.engine.transaction.internal.TransactionImpl - committing
16:39:05.537 [main] DEBUG org.hibernate.event.internal.AbstractFlushingEventListener - Processing flush-time cascades
16:39:05.537 [main] DEBUG org.hibernate.event.internal.AbstractFlushingEventListener - Dirty checking collections
16:39:05.538 [main] DEBUG org.hibernate.engine.internal.Collections - Collection dereferenced: [com.joseph.entity.Client.orders#140]
16:39:05.538 [main] DEBUG org.hibernate.engine.internal.Collections - Collection dereferenced: [com.joseph.entity.Order.orderItems#107]
16:39:05.538 [main] DEBUG org.hibernate.engine.internal.Collections - Collection dereferenced: [com.joseph.entity.Order.orderItems#105]
16:39:05.538 [main] DEBUG org.hibernate.engine.internal.Collections - Collection dereferenced: [com.joseph.entity.Order.orderItems#106]
16:39:05.538 [main] DEBUG org.hibernate.engine.internal.Collections - Collection dereferenced: [com.joseph.entity.Order.orderItems#108]
16:39:05.538 [main] DEBUG org.hibernate.engine.internal.Collections - Collection dereferenced: [com.joseph.entity.Order.orderItems#109]
16:39:05.538 [main] DEBUG org.hibernate.engine.internal.Collections - Collection dereferenced: [com.joseph.entity.Order.orderItems#110]
16:39:05.538 [main] DEBUG org.hibernate.event.internal.AbstractFlushingEventListener - Flushed: 0 insertions, 0 updates, 7 deletions to 7 objects
16:39:05.538 [main] DEBUG org.hibernate.event.internal.AbstractFlushingEventListener - Flushed: 0 (re)creations, 0 updates, 7 removals to 7 collections
16:39:05.538 [main] DEBUG org.hibernate.internal.util.EntityPrinter - Listing entities:
16:39:05.538 [main] DEBUG org.hibernate.internal.util.EntityPrinter - com.joseph.entity.Order{idorder=107, client=com.joseph.entity.Client#140, dateorder=2024-01-04, orderItems=[], statusorder=INPROGRESS, totalorder=300.0}
16:39:05.538 [main] DEBUG org.hibernate.internal.util.EntityPrinter - com.joseph.entity.Order{idorder=106, client=com.joseph.entity.Client#140, dateorder=2024-01-04, orderItems=[], statusorder=INPROGRESS, totalorder=300.0}
16:39:05.538 [main] DEBUG org.hibernate.internal.util.EntityPrinter - com.joseph.entity.Order{idorder=109, client=com.joseph.entity.Client#140, dateorder=2022-12-23, orderItems=[], statusorder=INPROGRESS, totalorder=300.0}
16:39:05.538 [main] DEBUG org.hibernate.internal.util.EntityPrinter - com.joseph.entity.Order{idorder=108, client=com.joseph.entity.Client#140, dateorder=2022-12-23, orderItems=[], statusorder=INPROGRESS, totalorder=300.0}
16:39:05.538 [main] DEBUG org.hibernate.internal.util.EntityPrinter - com.joseph.entity.Client{nameclient=null, emailclient=null, orders=[com.joseph.entity.Order#108, com.joseph.entity.Order#110, com.joseph.entity.Order#107, com.joseph.entity.Order#109, com.joseph.entity.Order#105, com.joseph.entity.Order#106], idclient=140}
16:39:05.538 [main] DEBUG org.hibernate.internal.util.EntityPrinter - com.joseph.entity.Order{idorder=105, client=com.joseph.entity.Client#140, dateorder=2024-01-04, orderItems=[], statusorder=INPROGRESS, totalorder=300.0}
16:39:05.538 [main] DEBUG org.hibernate.internal.util.EntityPrinter - com.joseph.entity.Order{idorder=110, client=com.joseph.entity.Client#140, dateorder=2022-12-23, orderItems=[], statusorder=INPROGRESS, totalorder=300.0}
16:39:05.538 [main] DEBUG org.hibernate.SQL - delete from order_table where idorder=?
16:39:05.540 [main] DEBUG org.hibernate.SQL - delete from order_table where idorder=?
16:39:05.541 [main] DEBUG org.hibernate.SQL - delete from order_table where idorder=?
16:39:05.542 [main] DEBUG org.hibernate.SQL - delete from order_table where idorder=?
16:39:05.543 [main] DEBUG org.hibernate.SQL - delete from order_table where idorder=?
16:39:05.545 [main] DEBUG org.hibernate.SQL - delete from order_table where idorder=?
16:39:05.546 [main] DEBUG org.hibernate.SQL - delete from client where idclient=?
16:39:05.548 [main] DEBUG org.springframework.orm.jpa.JpaTransactionManager - Closing JPA EntityManager [SessionImpl(PersistenceContext[entityKeys=[],collectionKeys=[]];ActionQueue[insertions=ExecutableList{size=0} updates=ExecutableList{size=0} deletions=ExecutableList{size=0} orphanRemovals=ExecutableList{size=0} collectionCreations=ExecutableList{size=0} collectionRemovals=ExecutableList{size=0} collectionUpdates=ExecutableList{size=0} collectionQueuedOps=ExecutableList{size=0} unresolvedInsertDependencies=null])] after transaction
16:39:05.548 [main] DEBUG org.hibernate.engine.jdbc.internal.JdbcCoordinatorImpl - HHH000420: Closing un-released batch
16:39:05.548 [main] DEBUG org.springframework.test.context.cache.DefaultCacheAwareContextLoaderDelegate - Retrieved ApplicationContext [270056930] from cache with key [[MergedContextConfiguration@c2cf597 testClass = OrderServiceImplTest.rapports, locations = '{}', classes = '{class com.joseph.config.PersistenceJPAConfig}', contextInitializerClasses = '[]', activeProfiles = '{}', propertySourceLocations = '{}', propertySourceProperties = '{}', contextCustomizers = set[[empty]], contextLoader = 'org.springframework.test.context.support.DelegatingSmartContextLoader', parent = [null]]]
16:39:05.548 [main] DEBUG org.springframework.test.context.cache - Spring test ApplicationContext cache statistics: [DefaultContextCache@65bb6275 size = 1, maxSize = 32, parentContextCount = 0, hitCount = 96, missCount = 1]
16:39:05.549 [main] DEBUG org.springframework.test.context.support.AbstractDirtiesContextTestExecutionListener - After test method: context [DefaultTestContext@100aa331 testClass = OrderServiceImplTest.rapports, testInstance = com.joseph.service.Impl.OrderServiceImplTest$rapports@243bf087, testMethod = getorderdate2@OrderServiceImplTest.rapports, testException = [null], mergedContextConfiguration = [MergedContextConfiguration@c2cf597 testClass = OrderServiceImplTest.rapports, locations = '{}', classes = '{class com.joseph.config.PersistenceJPAConfig}', contextInitializerClasses = '[]', activeProfiles = '{}', propertySourceLocations = '{}', propertySourceProperties = '{}', contextCustomizers = set[[empty]], contextLoader = 'org.springframework.test.context.support.DelegatingSmartContextLoader', parent = [null]], attributes = map[[empty]]], class annotated with @DirtiesContext [false] with mode [null], method annotated with @DirtiesContext [false] with mode [null].
]]></system-out>
  </testcase>
</testsuite>