<?xml version="1.0" encoding="UTF-8"?>
<testsuite xmlns:xsi="http://www.w3.org/2001/XMLSchema-instance" xsi:noNamespaceSchemaLocation="https://maven.apache.org/surefire/maven-surefire-plugin/xsd/surefire-test-report-3.0.xsd" version="3.0" name="com.joseph.service.Impl.ProductServiceImplTest" time="0.13" tests="3" errors="0" skipped="0" failures="0">
  <properties>
    <property name="sun.desktop" value="windows"/>
    <property name="awt.toolkit" value="sun.awt.windows.WToolkit"/>
    <property name="file.encoding.pkg" value="sun.io"/>
    <property name="java.specification.version" value="1.8"/>
    <property name="sun.cpu.isalist" value="amd64"/>
    <property name="sun.jnu.encoding" value="Cp1252"/>
    <property name="java.class.path" value="C:\Users\AZUZ\Desktop\craftStore-With-spring-core-testing\target\test-classes;C:\Users\AZUZ\Desktop\craftStore-With-spring-core-testing\target\classes;C:\Users\AZUZ\.m2\repository\com\fasterxml\jackson\core\jackson-databind\2.13.0\jackson-databind-2.13.0.jar;C:\Users\AZUZ\.m2\repository\com\fasterxml\jackson\core\jackson-core\2.13.0\jackson-core-2.13.0.jar;C:\Users\AZUZ\.m2\repository\com\fasterxml\jackson\core\jackson-annotations\2.13.0\jackson-annotations-2.13.0.jar;C:\Users\AZUZ\.m2\repository\org\apache\poi\poi-ooxml\3.11\poi-ooxml-3.11.jar;C:\Users\AZUZ\.m2\repository\org\apache\poi\poi\3.11\poi-3.11.jar;C:\Users\AZUZ\.m2\repository\commons-codec\commons-codec\1.9\commons-codec-1.9.jar;C:\Users\AZUZ\.m2\repository\org\apache\poi\poi-ooxml-schemas\3.11\poi-ooxml-schemas-3.11.jar;C:\Users\AZUZ\.m2\repository\org\apache\xmlbeans\xmlbeans\2.6.0\xmlbeans-2.6.0.jar;C:\Users\AZUZ\.m2\repository\stax\stax-api\1.0.1\stax-api-1.0.1.jar;C:\Users\AZUZ\.m2\repository\org\springframework\spring-webmvc\5.2.22.RELEASE\spring-webmvc-5.2.22.RELEASE.jar;C:\Users\AZUZ\.m2\repository\org\springframework\spring-aop\5.2.22.RELEASE\spring-aop-5.2.22.RELEASE.jar;C:\Users\AZUZ\.m2\repository\org\springframework\spring-beans\5.2.22.RELEASE\spring-beans-5.2.22.RELEASE.jar;C:\Users\AZUZ\.m2\repository\org\springframework\spring-context\5.2.22.RELEASE\spring-context-5.2.22.RELEASE.jar;C:\Users\AZUZ\.m2\repository\org\springframework\spring-core\5.2.22.RELEASE\spring-core-5.2.22.RELEASE.jar;C:\Users\AZUZ\.m2\repository\org\springframework\spring-jcl\5.2.22.RELEASE\spring-jcl-5.2.22.RELEASE.jar;C:\Users\AZUZ\.m2\repository\org\springframework\spring-expression\5.2.22.RELEASE\spring-expression-5.2.22.RELEASE.jar;C:\Users\AZUZ\.m2\repository\org\springframework\spring-web\5.2.22.RELEASE\spring-web-5.2.22.RELEASE.jar;C:\Users\AZUZ\.m2\repository\org\thymeleaf\thymeleaf-spring5\3.0.15.RELEASE\thymeleaf-spring5-3.0.15.RELEASE.jar;C:\Users\AZUZ\.m2\repository\org\thymeleaf\thymeleaf\3.0.15.RELEASE\thymeleaf-3.0.15.RELEASE.jar;C:\Users\AZUZ\.m2\repository\org\attoparser\attoparser\2.0.5.RELEASE\attoparser-2.0.5.RELEASE.jar;C:\Users\AZUZ\.m2\repository\org\unbescape\unbescape\1.1.6.RELEASE\unbescape-1.1.6.RELEASE.jar;C:\Users\AZUZ\.m2\repository\org\webjars\bootstrap\5.2.0\bootstrap-5.2.0.jar;C:\Users\AZUZ\.m2\repository\jakarta\servlet\jakarta.servlet-api\4.0.4\jakarta.servlet-api-4.0.4.jar;C:\Users\AZUZ\.m2\repository\org\springframework\spring-test\5.2.22.RELEASE\spring-test-5.2.22.RELEASE.jar;C:\Users\AZUZ\.m2\repository\org\slf4j\slf4j-api\1.7.32\slf4j-api-1.7.32.jar;C:\Users\AZUZ\.m2\repository\ch\qos\logback\logback-classic\1.2.6\logback-classic-1.2.6.jar;C:\Users\AZUZ\.m2\repository\ch\qos\logback\logback-core\1.2.6\logback-core-1.2.6.jar;C:\Users\AZUZ\.m2\repository\org\junit\jupiter\junit-jupiter-api\5.9.0\junit-jupiter-api-5.9.0.jar;C:\Users\AZUZ\.m2\repository\org\opentest4j\opentest4j\1.2.0\opentest4j-1.2.0.jar;C:\Users\AZUZ\.m2\repository\org\junit\platform\junit-platform-commons\1.9.0\junit-platform-commons-1.9.0.jar;C:\Users\AZUZ\.m2\repository\org\apiguardian\apiguardian-api\1.1.2\apiguardian-api-1.1.2.jar;C:\Users\AZUZ\.m2\repository\org\junit\jupiter\junit-jupiter-params\5.10.0\junit-jupiter-params-5.10.0.jar;C:\Users\AZUZ\.m2\repository\org\junit\jupiter\junit-jupiter-engine\5.9.0\junit-jupiter-engine-5.9.0.jar;C:\Users\AZUZ\.m2\repository\org\junit\platform\junit-platform-engine\1.9.0\junit-platform-engine-1.9.0.jar;C:\Users\AZUZ\.m2\repository\org\hamcrest\hamcrest-core\2.2\hamcrest-core-2.2.jar;C:\Users\AZUZ\.m2\repository\org\hamcrest\hamcrest\2.2\hamcrest-2.2.jar;C:\Users\AZUZ\.m2\repository\com\mysql\mysql-connector-j\8.0.31\mysql-connector-j-8.0.31.jar;C:\Users\AZUZ\.m2\repository\com\google\protobuf\protobuf-java\3.19.4\protobuf-java-3.19.4.jar;C:\Users\AZUZ\.m2\repository\org\springframework\spring-orm\5.2.22.RELEASE\spring-orm-5.2.22.RELEASE.jar;C:\Users\AZUZ\.m2\repository\org\springframework\spring-jdbc\5.2.22.RELEASE\spring-jdbc-5.2.22.RELEASE.jar;C:\Users\AZUZ\.m2\repository\org\springframework\spring-tx\5.2.22.RELEASE\spring-tx-5.2.22.RELEASE.jar;C:\Users\AZUZ\.m2\repository\org\hibernate\hibernate-entitymanager\5.2.17.Final\hibernate-entitymanager-5.2.17.Final.jar;C:\Users\AZUZ\.m2\repository\org\jboss\logging\jboss-logging\3.3.1.Final\jboss-logging-3.3.1.Final.jar;C:\Users\AZUZ\.m2\repository\org\hibernate\hibernate-core\5.2.17.Final\hibernate-core-5.2.17.Final.jar;C:\Users\AZUZ\.m2\repository\antlr\antlr\2.7.7\antlr-2.7.7.jar;C:\Users\AZUZ\.m2\repository\org\jboss\jandex\2.0.3.Final\jandex-2.0.3.Final.jar;C:\Users\AZUZ\.m2\repository\dom4j\dom4j\1.6.1\dom4j-1.6.1.jar;C:\Users\AZUZ\.m2\repository\org\hibernate\common\hibernate-commons-annotations\5.0.1.Final\hibernate-commons-annotations-5.0.1.Final.jar;C:\Users\AZUZ\.m2\repository\org\hibernate\javax\persistence\hibernate-jpa-2.1-api\1.0.0.Final\hibernate-jpa-2.1-api-1.0.0.Final.jar;C:\Users\AZUZ\.m2\repository\org\javassist\javassist\3.22.0-GA\javassist-3.22.0-GA.jar;C:\Users\AZUZ\.m2\repository\net\bytebuddy\byte-buddy\1.6.14\byte-buddy-1.6.14.jar;C:\Users\AZUZ\.m2\repository\org\jboss\spec\javax\transaction\jboss-transaction-api_1.2_spec\1.0.1.Final\jboss-transaction-api_1.2_spec-1.0.1.Final.jar;C:\Users\AZUZ\.m2\repository\org\hibernate\hibernate-validator\5.4.1.Final\hibernate-validator-5.4.1.Final.jar;C:\Users\AZUZ\.m2\repository\javax\validation\validation-api\1.1.0.Final\validation-api-1.1.0.Final.jar;C:\Users\AZUZ\.m2\repository\com\fasterxml\classmate\1.3.1\classmate-1.3.1.jar;C:\Users\AZUZ\.m2\repository\org\springframework\data\spring-data-jpa\2.1.0.RELEASE\spring-data-jpa-2.1.0.RELEASE.jar;C:\Users\AZUZ\.m2\repository\org\springframework\data\spring-data-commons\2.1.0.RELEASE\spring-data-commons-2.1.0.RELEASE.jar;C:\Users\AZUZ\.m2\repository\org\aspectj\aspectjrt\1.9.1\aspectjrt-1.9.1.jar;C:\Users\AZUZ\.m2\repository\com\h2database\h2\2.1.214\h2-2.1.214.jar;"/>
    <property name="java.vm.vendor" value="Oracle Corporation"/>
    <property name="sun.arch.data.model" value="64"/>
    <property name="user.variant" value=""/>
    <property name="java.vendor.url" value="http://java.oracle.com/"/>
    <property name="user.timezone" value="Africa/Casablanca"/>
    <property name="user.country.format" value="US"/>
    <property name="java.vm.specification.version" value="1.8"/>
    <property name="os.name" value="Windows 10"/>
    <property name="user.country" value="FR"/>
    <property name="sun.java.launcher" value="SUN_STANDARD"/>
    <property name="sun.boot.library.path" value="C:\Program Files\Java\jdk1.8.0_202\jre\bin"/>
    <property name="sun.java.command" value="C:\Users\AZUZ\AppData\Local\Temp\surefire5076529982768076834\surefirebooter-20240104163857344_3.jar C:\Users\AZUZ\AppData\Local\Temp\surefire5076529982768076834 2024-01-04T16-38-56_483-jvmRun1 surefire-20240104163857344_1tmp surefire_0-20240104163857344_2tmp"/>
    <property name="surefire.test.class.path" value="C:\Users\AZUZ\Desktop\craftStore-With-spring-core-testing\target\test-classes;C:\Users\AZUZ\Desktop\craftStore-With-spring-core-testing\target\classes;C:\Users\AZUZ\.m2\repository\com\fasterxml\jackson\core\jackson-databind\2.13.0\jackson-databind-2.13.0.jar;C:\Users\AZUZ\.m2\repository\com\fasterxml\jackson\core\jackson-core\2.13.0\jackson-core-2.13.0.jar;C:\Users\AZUZ\.m2\repository\com\fasterxml\jackson\core\jackson-annotations\2.13.0\jackson-annotations-2.13.0.jar;C:\Users\AZUZ\.m2\repository\org\apache\poi\poi-ooxml\3.11\poi-ooxml-3.11.jar;C:\Users\AZUZ\.m2\repository\org\apache\poi\poi\3.11\poi-3.11.jar;C:\Users\AZUZ\.m2\repository\commons-codec\commons-codec\1.9\commons-codec-1.9.jar;C:\Users\AZUZ\.m2\repository\org\apache\poi\poi-ooxml-schemas\3.11\poi-ooxml-schemas-3.11.jar;C:\Users\AZUZ\.m2\repository\org\apache\xmlbeans\xmlbeans\2.6.0\xmlbeans-2.6.0.jar;C:\Users\AZUZ\.m2\repository\stax\stax-api\1.0.1\stax-api-1.0.1.jar;C:\Users\AZUZ\.m2\repository\org\springframework\spring-webmvc\5.2.22.RELEASE\spring-webmvc-5.2.22.RELEASE.jar;C:\Users\AZUZ\.m2\repository\org\springframework\spring-aop\5.2.22.RELEASE\spring-aop-5.2.22.RELEASE.jar;C:\Users\AZUZ\.m2\repository\org\springframework\spring-beans\5.2.22.RELEASE\spring-beans-5.2.22.RELEASE.jar;C:\Users\AZUZ\.m2\repository\org\springframework\spring-context\5.2.22.RELEASE\spring-context-5.2.22.RELEASE.jar;C:\Users\AZUZ\.m2\repository\org\springframework\spring-core\5.2.22.RELEASE\spring-core-5.2.22.RELEASE.jar;C:\Users\AZUZ\.m2\repository\org\springframework\spring-jcl\5.2.22.RELEASE\spring-jcl-5.2.22.RELEASE.jar;C:\Users\AZUZ\.m2\repository\org\springframework\spring-expression\5.2.22.RELEASE\spring-expression-5.2.22.RELEASE.jar;C:\Users\AZUZ\.m2\repository\org\springframework\spring-web\5.2.22.RELEASE\spring-web-5.2.22.RELEASE.jar;C:\Users\AZUZ\.m2\repository\org\thymeleaf\thymeleaf-spring5\3.0.15.RELEASE\thymeleaf-spring5-3.0.15.RELEASE.jar;C:\Users\AZUZ\.m2\repository\org\thymeleaf\thymeleaf\3.0.15.RELEASE\thymeleaf-3.0.15.RELEASE.jar;C:\Users\AZUZ\.m2\repository\org\attoparser\attoparser\2.0.5.RELEASE\attoparser-2.0.5.RELEASE.jar;C:\Users\AZUZ\.m2\repository\org\unbescape\unbescape\1.1.6.RELEASE\unbescape-1.1.6.RELEASE.jar;C:\Users\AZUZ\.m2\repository\org\webjars\bootstrap\5.2.0\bootstrap-5.2.0.jar;C:\Users\AZUZ\.m2\repository\jakarta\servlet\jakarta.servlet-api\4.0.4\jakarta.servlet-api-4.0.4.jar;C:\Users\AZUZ\.m2\repository\org\springframework\spring-test\5.2.22.RELEASE\spring-test-5.2.22.RELEASE.jar;C:\Users\AZUZ\.m2\repository\org\slf4j\slf4j-api\1.7.32\slf4j-api-1.7.32.jar;C:\Users\AZUZ\.m2\repository\ch\qos\logback\logback-classic\1.2.6\logback-classic-1.2.6.jar;C:\Users\AZUZ\.m2\repository\ch\qos\logback\logback-core\1.2.6\logback-core-1.2.6.jar;C:\Users\AZUZ\.m2\repository\org\junit\jupiter\junit-jupiter-api\5.9.0\junit-jupiter-api-5.9.0.jar;C:\Users\AZUZ\.m2\repository\org\opentest4j\opentest4j\1.2.0\opentest4j-1.2.0.jar;C:\Users\AZUZ\.m2\repository\org\junit\platform\junit-platform-commons\1.9.0\junit-platform-commons-1.9.0.jar;C:\Users\AZUZ\.m2\repository\org\apiguardian\apiguardian-api\1.1.2\apiguardian-api-1.1.2.jar;C:\Users\AZUZ\.m2\repository\org\junit\jupiter\junit-jupiter-params\5.10.0\junit-jupiter-params-5.10.0.jar;C:\Users\AZUZ\.m2\repository\org\junit\jupiter\junit-jupiter-engine\5.9.0\junit-jupiter-engine-5.9.0.jar;C:\Users\AZUZ\.m2\repository\org\junit\platform\junit-platform-engine\1.9.0\junit-platform-engine-1.9.0.jar;C:\Users\AZUZ\.m2\repository\org\hamcrest\hamcrest-core\2.2\hamcrest-core-2.2.jar;C:\Users\AZUZ\.m2\repository\org\hamcrest\hamcrest\2.2\hamcrest-2.2.jar;C:\Users\AZUZ\.m2\repository\com\mysql\mysql-connector-j\8.0.31\mysql-connector-j-8.0.31.jar;C:\Users\AZUZ\.m2\repository\com\google\protobuf\protobuf-java\3.19.4\protobuf-java-3.19.4.jar;C:\Users\AZUZ\.m2\repository\org\springframework\spring-orm\5.2.22.RELEASE\spring-orm-5.2.22.RELEASE.jar;C:\Users\AZUZ\.m2\repository\org\springframework\spring-jdbc\5.2.22.RELEASE\spring-jdbc-5.2.22.RELEASE.jar;C:\Users\AZUZ\.m2\repository\org\springframework\spring-tx\5.2.22.RELEASE\spring-tx-5.2.22.RELEASE.jar;C:\Users\AZUZ\.m2\repository\org\hibernate\hibernate-entitymanager\5.2.17.Final\hibernate-entitymanager-5.2.17.Final.jar;C:\Users\AZUZ\.m2\repository\org\jboss\logging\jboss-logging\3.3.1.Final\jboss-logging-3.3.1.Final.jar;C:\Users\AZUZ\.m2\repository\org\hibernate\hibernate-core\5.2.17.Final\hibernate-core-5.2.17.Final.jar;C:\Users\AZUZ\.m2\repository\antlr\antlr\2.7.7\antlr-2.7.7.jar;C:\Users\AZUZ\.m2\repository\org\jboss\jandex\2.0.3.Final\jandex-2.0.3.Final.jar;C:\Users\AZUZ\.m2\repository\dom4j\dom4j\1.6.1\dom4j-1.6.1.jar;C:\Users\AZUZ\.m2\repository\org\hibernate\common\hibernate-commons-annotations\5.0.1.Final\hibernate-commons-annotations-5.0.1.Final.jar;C:\Users\AZUZ\.m2\repository\org\hibernate\javax\persistence\hibernate-jpa-2.1-api\1.0.0.Final\hibernate-jpa-2.1-api-1.0.0.Final.jar;C:\Users\AZUZ\.m2\repository\org\javassist\javassist\3.22.0-GA\javassist-3.22.0-GA.jar;C:\Users\AZUZ\.m2\repository\net\bytebuddy\byte-buddy\1.6.14\byte-buddy-1.6.14.jar;C:\Users\AZUZ\.m2\repository\org\jboss\spec\javax\transaction\jboss-transaction-api_1.2_spec\1.0.1.Final\jboss-transaction-api_1.2_spec-1.0.1.Final.jar;C:\Users\AZUZ\.m2\repository\org\hibernate\hibernate-validator\5.4.1.Final\hibernate-validator-5.4.1.Final.jar;C:\Users\AZUZ\.m2\repository\javax\validation\validation-api\1.1.0.Final\validation-api-1.1.0.Final.jar;C:\Users\AZUZ\.m2\repository\com\fasterxml\classmate\1.3.1\classmate-1.3.1.jar;C:\Users\AZUZ\.m2\repository\org\springframework\data\spring-data-jpa\2.1.0.RELEASE\spring-data-jpa-2.1.0.RELEASE.jar;C:\Users\AZUZ\.m2\repository\org\springframework\data\spring-data-commons\2.1.0.RELEASE\spring-data-commons-2.1.0.RELEASE.jar;C:\Users\AZUZ\.m2\repository\org\aspectj\aspectjrt\1.9.1\aspectjrt-1.9.1.jar;C:\Users\AZUZ\.m2\repository\com\h2database\h2\2.1.214\h2-2.1.214.jar;"/>
    <property name="sun.cpu.endian" value="little"/>
    <property name="user.home" value="C:\Users\AZUZ"/>
    <property name="user.language" value="fr"/>
    <property name="java.specification.vendor" value="Oracle Corporation"/>
    <property name="java.home" value="C:\Program Files\Java\jdk1.8.0_202\jre"/>
    <property name="basedir" value="C:\Users\AZUZ\Desktop\craftStore-With-spring-core-testing"/>
    <property name="file.separator" value="\"/>
    <property name="line.separator" value="&#10;"/>
    <property name="java.vm.specification.vendor" value="Oracle Corporation"/>
    <property name="java.specification.name" value="Java Platform API Specification"/>
    <property name="java.awt.graphicsenv" value="sun.awt.Win32GraphicsEnvironment"/>
    <property name="surefire.real.class.path" value="C:\Users\AZUZ\AppData\Local\Temp\surefire5076529982768076834\surefirebooter-20240104163857344_3.jar"/>
    <property name="sun.boot.class.path" value="C:\Program Files\Java\jdk1.8.0_202\jre\lib\resources.jar;C:\Program Files\Java\jdk1.8.0_202\jre\lib\rt.jar;C:\Program Files\Java\jdk1.8.0_202\jre\lib\sunrsasign.jar;C:\Program Files\Java\jdk1.8.0_202\jre\lib\jsse.jar;C:\Program Files\Java\jdk1.8.0_202\jre\lib\jce.jar;C:\Program Files\Java\jdk1.8.0_202\jre\lib\charsets.jar;C:\Program Files\Java\jdk1.8.0_202\jre\lib\jfr.jar;C:\Program Files\Java\jdk1.8.0_202\jre\classes"/>
    <property name="user.script" value=""/>
    <property name="sun.management.compiler" value="HotSpot 64-Bit Tiered Compilers"/>
    <property name="java.runtime.version" value="1.8.0_202-b08"/>
    <property name="user.name" value="AZUZ"/>
    <property name="path.separator" value=";"/>
    <property name="os.version" value="10.0"/>
    <property name="java.endorsed.dirs" value="C:\Program Files\Java\jdk1.8.0_202\jre\lib\endorsed"/>
    <property name="java.runtime.name" value="Java(TM) SE Runtime Environment"/>
    <property name="file.encoding" value="Cp1252"/>
    <property name="java.vm.name" value="Java HotSpot(TM) 64-Bit Server VM"/>
    <property name="localRepository" value="C:\Users\AZUZ\.m2\repository"/>
    <property name="java.vendor.url.bug" value="http://bugreport.sun.com/bugreport/"/>
    <property name="java.io.tmpdir" value="C:\Users\AZUZ\AppData\Local\Temp\"/>
    <property name="java.version" value="1.8.0_202"/>
    <property name="user.dir" value="C:\Users\AZUZ\Desktop\craftStore-With-spring-core-testing"/>
    <property name="os.arch" value="amd64"/>
    <property name="java.vm.specification.name" value="Java Virtual Machine Specification"/>
    <property name="java.awt.printerjob" value="sun.awt.windows.WPrinterJob"/>
    <property name="user.language.format" value="en"/>
    <property name="sun.os.patch.level" value=""/>
    <property name="java.library.path" value="C:\Program Files\Java\jdk1.8.0_202\jre\bin;C:\WINDOWS\Sun\Java\bin;C:\WINDOWS\system32;C:\WINDOWS;C:\Program Files\Common Files\Oracle\Java\javapath;C:\Program Files\Java\jdk1.8.0_202;C:\Program Files (x86)\Common Files\Oracle\Java\javapath;C:\Program Files (x86)\VMware\VMware Workstation\bin\;C:\WINDOWS\system32;C:\WINDOWS;C:\WINDOWS\System32\Wbem;C:\WINDOWS\System32\WindowsPowerShell\v1.0\;C:\WINDOWS\System32\OpenSSH\;C:\Program Files\PuTTY\;C:\Program Files\nodejs\;C:\Program Files\Git\cmd;%MAVEN_HOME%\bin;C:\apache-maven-3.9.6\bin;C:\Users\AZUZ\AppData\Local\Programs\Python\Python37\Scripts\;C:\Users\AZUZ\AppData\Local\Programs\Python\Python37\;C:\Users\AZUZ\AppData\Local\Microsoft\WindowsApps;C:\Users\AZUZ\AppData\Local\Programs\Microsoft VS Code\bin;C:\Users\AZUZ\AppData\Roaming\npm;C:\apache-maven-3.9.6\bin;C:\Program Files\Java\jdk1.8.0_202\bin;;."/>
    <property name="java.vm.info" value="mixed mode"/>
    <property name="java.vendor" value="Oracle Corporation"/>
    <property name="java.vm.version" value="25.202-b08"/>
    <property name="java.ext.dirs" value="C:\Program Files\Java\jdk1.8.0_202\jre\lib\ext;C:\WINDOWS\Sun\Java\lib\ext"/>
    <property name="sun.io.unicode.encoding" value="UnicodeLittle"/>
    <property name="java.class.version" value="52.0"/>
  </properties>
  <testcase name="testGetProductByName" classname="com.joseph.service.Impl.ProductServiceImplTest" time="0.056">
    <system-out><![CDATA[16:39:05.558 [main] DEBUG org.springframework.test.context.BootstrapUtils - Instantiating CacheAwareContextLoaderDelegate from class [org.springframework.test.context.cache.DefaultCacheAwareContextLoaderDelegate]
16:39:05.559 [main] DEBUG org.springframework.test.context.BootstrapUtils - Instantiating BootstrapContext using constructor [public org.springframework.test.context.support.DefaultBootstrapContext(java.lang.Class,org.springframework.test.context.CacheAwareContextLoaderDelegate)]
16:39:05.561 [main] DEBUG org.springframework.test.context.BootstrapUtils - Instantiating TestContextBootstrapper for test class [com.joseph.service.Impl.ProductServiceImplTest] from class [org.springframework.test.context.support.DefaultTestContextBootstrapper]
16:39:05.564 [main] DEBUG org.springframework.test.context.support.AbstractDelegatingSmartContextLoader - Delegating to AnnotationConfigContextLoader to process context configuration [ContextConfigurationAttributes@619c93ca declaringClass = 'com.joseph.service.Impl.ProductServiceImplTest', classes = '{class com.joseph.config.PersistenceJPAConfig}', locations = '{}', inheritLocations = true, initializers = '{}', inheritInitializers = true, name = [null], contextLoaderClass = 'org.springframework.test.context.ContextLoader'].
16:39:05.564 [main] DEBUG org.springframework.test.context.support.ActiveProfilesUtils - Could not find an 'annotation declaring class' for annotation type [org.springframework.test.context.ActiveProfiles] and class [com.joseph.service.Impl.ProductServiceImplTest]
16:39:05.564 [main] DEBUG org.springframework.test.context.support.DefaultTestContextBootstrapper - @TestExecutionListeners is not present for class [com.joseph.service.Impl.ProductServiceImplTest]: using defaults.
16:39:05.564 [main] INFO org.springframework.test.context.support.DefaultTestContextBootstrapper - Loaded default TestExecutionListener class names from location [META-INF/spring.factories]: [org.springframework.test.context.web.ServletTestExecutionListener, org.springframework.test.context.support.DirtiesContextBeforeModesTestExecutionListener, org.springframework.test.context.support.DependencyInjectionTestExecutionListener, org.springframework.test.context.support.DirtiesContextTestExecutionListener, org.springframework.test.context.transaction.TransactionalTestExecutionListener, org.springframework.test.context.jdbc.SqlScriptsTestExecutionListener, org.springframework.test.context.event.EventPublishingTestExecutionListener]
16:39:05.564 [main] INFO org.springframework.test.context.support.DefaultTestContextBootstrapper - Using TestExecutionListeners: [org.springframework.test.context.web.ServletTestExecutionListener@486e9d1d, org.springframework.test.context.support.DirtiesContextBeforeModesTestExecutionListener@6aa5974e, org.springframework.test.context.support.DependencyInjectionTestExecutionListener@5e5ddfbc, org.springframework.test.context.support.DirtiesContextTestExecutionListener@5bda157e, org.springframework.test.context.transaction.TransactionalTestExecutionListener@67e0fd6d, org.springframework.test.context.jdbc.SqlScriptsTestExecutionListener@21390938, org.springframework.test.context.event.EventPublishingTestExecutionListener@1129829c]
16:39:05.564 [main] DEBUG org.springframework.test.context.support.AbstractDirtiesContextTestExecutionListener - Before test class: context [DefaultTestContext@1a531422 testClass = ProductServiceImplTest, testInstance = [null], testMethod = [null], testException = [null], mergedContextConfiguration = [MergedContextConfiguration@7a388990 testClass = ProductServiceImplTest, locations = '{}', classes = '{class com.joseph.config.PersistenceJPAConfig}', contextInitializerClasses = '[]', activeProfiles = '{}', propertySourceLocations = '{}', propertySourceProperties = '{}', contextCustomizers = set[[empty]], contextLoader = 'org.springframework.test.context.support.DelegatingSmartContextLoader', parent = [null]], attributes = map[[empty]]], class annotated with @DirtiesContext [false] with mode [null].
16:39:05.565 [main] DEBUG org.springframework.test.context.cache.DefaultCacheAwareContextLoaderDelegate - Retrieved ApplicationContext [270056930] from cache with key [[MergedContextConfiguration@7a388990 testClass = ProductServiceImplTest, locations = '{}', classes = '{class com.joseph.config.PersistenceJPAConfig}', contextInitializerClasses = '[]', activeProfiles = '{}', propertySourceLocations = '{}', propertySourceProperties = '{}', contextCustomizers = set[[empty]], contextLoader = 'org.springframework.test.context.support.DelegatingSmartContextLoader', parent = [null]]]
16:39:05.565 [main] DEBUG org.springframework.test.context.cache - Spring test ApplicationContext cache statistics: [DefaultContextCache@65bb6275 size = 1, maxSize = 32, parentContextCount = 0, hitCount = 99, missCount = 1]
16:39:05.565 [main] DEBUG org.springframework.test.context.support.DependencyInjectionTestExecutionListener - Performing dependency injection for test context [[DefaultTestContext@1a531422 testClass = ProductServiceImplTest, testInstance = com.joseph.service.Impl.ProductServiceImplTest@13213f26, testMethod = [null], testException = [null], mergedContextConfiguration = [MergedContextConfiguration@7a388990 testClass = ProductServiceImplTest, locations = '{}', classes = '{class com.joseph.config.PersistenceJPAConfig}', contextInitializerClasses = '[]', activeProfiles = '{}', propertySourceLocations = '{}', propertySourceProperties = '{}', contextCustomizers = set[[empty]], contextLoader = 'org.springframework.test.context.support.DelegatingSmartContextLoader', parent = [null]], attributes = map[[empty]]]].
16:39:05.565 [main] DEBUG org.springframework.test.context.cache.DefaultCacheAwareContextLoaderDelegate - Retrieved ApplicationContext [270056930] from cache with key [[MergedContextConfiguration@7a388990 testClass = ProductServiceImplTest, locations = '{}', classes = '{class com.joseph.config.PersistenceJPAConfig}', contextInitializerClasses = '[]', activeProfiles = '{}', propertySourceLocations = '{}', propertySourceProperties = '{}', contextCustomizers = set[[empty]], contextLoader = 'org.springframework.test.context.support.DelegatingSmartContextLoader', parent = [null]]]
16:39:05.565 [main] DEBUG org.springframework.test.context.cache - Spring test ApplicationContext cache statistics: [DefaultContextCache@65bb6275 size = 1, maxSize = 32, parentContextCount = 0, hitCount = 100, missCount = 1]
16:39:05.568 [main] DEBUG org.springframework.test.context.cache.DefaultCacheAwareContextLoaderDelegate - Retrieved ApplicationContext [270056930] from cache with key [[MergedContextConfiguration@7a388990 testClass = ProductServiceImplTest, locations = '{}', classes = '{class com.joseph.config.PersistenceJPAConfig}', contextInitializerClasses = '[]', activeProfiles = '{}', propertySourceLocations = '{}', propertySourceProperties = '{}', contextCustomizers = set[[empty]], contextLoader = 'org.springframework.test.context.support.DelegatingSmartContextLoader', parent = [null]]]
16:39:05.568 [main] DEBUG org.springframework.test.context.cache - Spring test ApplicationContext cache statistics: [DefaultContextCache@65bb6275 size = 1, maxSize = 32, parentContextCount = 0, hitCount = 101, missCount = 1]
16:39:05.571 [main] DEBUG org.springframework.test.context.support.AbstractDirtiesContextTestExecutionListener - Before test method: context [DefaultTestContext@1a531422 testClass = ProductServiceImplTest, testInstance = com.joseph.service.Impl.ProductServiceImplTest@13213f26, testMethod = testGetProductByName@ProductServiceImplTest, testException = [null], mergedContextConfiguration = [MergedContextConfiguration@7a388990 testClass = ProductServiceImplTest, locations = '{}', classes = '{class com.joseph.config.PersistenceJPAConfig}', contextInitializerClasses = '[]', activeProfiles = '{}', propertySourceLocations = '{}', propertySourceProperties = '{}', contextCustomizers = set[[empty]], contextLoader = 'org.springframework.test.context.support.DelegatingSmartContextLoader', parent = [null]], attributes = map[[empty]]], class annotated with @DirtiesContext [false] with mode [null], method annotated with @DirtiesContext [false] with mode [null].
16:39:05.572 [main] DEBUG org.springframework.test.context.transaction.TransactionalTestExecutionListener - Explicit transaction definition [PROPAGATION_REQUIRED,ISOLATION_DEFAULT] found for test context [DefaultTestContext@1a531422 testClass = ProductServiceImplTest, testInstance = com.joseph.service.Impl.ProductServiceImplTest@13213f26, testMethod = testGetProductByName@ProductServiceImplTest, testException = [null], mergedContextConfiguration = [MergedContextConfiguration@7a388990 testClass = ProductServiceImplTest, locations = '{}', classes = '{class com.joseph.config.PersistenceJPAConfig}', contextInitializerClasses = '[]', activeProfiles = '{}', propertySourceLocations = '{}', propertySourceProperties = '{}', contextCustomizers = set[[empty]], contextLoader = 'org.springframework.test.context.support.DelegatingSmartContextLoader', parent = [null]], attributes = map[[empty]]]
16:39:05.572 [main] DEBUG org.springframework.test.context.cache.DefaultCacheAwareContextLoaderDelegate - Retrieved ApplicationContext [270056930] from cache with key [[MergedContextConfiguration@7a388990 testClass = ProductServiceImplTest, locations = '{}', classes = '{class com.joseph.config.PersistenceJPAConfig}', contextInitializerClasses = '[]', activeProfiles = '{}', propertySourceLocations = '{}', propertySourceProperties = '{}', contextCustomizers = set[[empty]], contextLoader = 'org.springframework.test.context.support.DelegatingSmartContextLoader', parent = [null]]]
16:39:05.572 [main] DEBUG org.springframework.test.context.cache - Spring test ApplicationContext cache statistics: [DefaultContextCache@65bb6275 size = 1, maxSize = 32, parentContextCount = 0, hitCount = 102, missCount = 1]
16:39:05.572 [main] DEBUG org.springframework.test.context.transaction.TransactionalTestExecutionListener - No method-level @Rollback override: using default rollback [true] for test context [DefaultTestContext@1a531422 testClass = ProductServiceImplTest, testInstance = com.joseph.service.Impl.ProductServiceImplTest@13213f26, testMethod = testGetProductByName@ProductServiceImplTest, testException = [null], mergedContextConfiguration = [MergedContextConfiguration@7a388990 testClass = ProductServiceImplTest, locations = '{}', classes = '{class com.joseph.config.PersistenceJPAConfig}', contextInitializerClasses = '[]', activeProfiles = '{}', propertySourceLocations = '{}', propertySourceProperties = '{}', contextCustomizers = set[[empty]], contextLoader = 'org.springframework.test.context.support.DelegatingSmartContextLoader', parent = [null]], attributes = map[[empty]]].
16:39:05.572 [main] DEBUG org.springframework.orm.jpa.JpaTransactionManager - Creating new transaction with name [com.joseph.service.Impl.ProductServiceImplTest.testGetProductByName]: PROPAGATION_REQUIRED,ISOLATION_DEFAULT
16:39:05.572 [main] DEBUG org.springframework.orm.jpa.JpaTransactionManager - Opened new EntityManager [SessionImpl(PersistenceContext[entityKeys=[],collectionKeys=[]];ActionQueue[insertions=ExecutableList{size=0} updates=ExecutableList{size=0} deletions=ExecutableList{size=0} orphanRemovals=ExecutableList{size=0} collectionCreations=ExecutableList{size=0} collectionRemovals=ExecutableList{size=0} collectionUpdates=ExecutableList{size=0} collectionQueuedOps=ExecutableList{size=0} unresolvedInsertDependencies=null])] for JPA transaction
16:39:05.572 [main] DEBUG org.hibernate.engine.transaction.internal.TransactionImpl - begin
16:39:05.572 [main] DEBUG org.springframework.jdbc.datasource.DriverManagerDataSource - Creating new JDBC DriverManager Connection to [jdbc:mysql://localhost:3306/testcraftcore?useSSL=false&useTimezone=true&serverTimezone=UTC]
16:39:05.580 [main] DEBUG org.springframework.orm.jpa.JpaTransactionManager - Exposing JPA transaction as JDBC [org.springframework.orm.jpa.vendor.HibernateJpaDialect$HibernateConnectionHandle@6839203b]
16:39:05.580 [main] INFO org.springframework.test.context.transaction.TransactionContext - Began transaction (1) for test context [DefaultTestContext@1a531422 testClass = ProductServiceImplTest, testInstance = com.joseph.service.Impl.ProductServiceImplTest@13213f26, testMethod = testGetProductByName@ProductServiceImplTest, testException = [null], mergedContextConfiguration = [MergedContextConfiguration@7a388990 testClass = ProductServiceImplTest, locations = '{}', classes = '{class com.joseph.config.PersistenceJPAConfig}', contextInitializerClasses = '[]', activeProfiles = '{}', propertySourceLocations = '{}', propertySourceProperties = '{}', contextCustomizers = set[[empty]], contextLoader = 'org.springframework.test.context.support.DelegatingSmartContextLoader', parent = [null]], attributes = map[[empty]]]; transaction manager [org.springframework.orm.jpa.JpaTransactionManager@58a2d9f9]; rollback [true]
16:39:05.580 [main] DEBUG org.springframework.test.context.cache.DefaultCacheAwareContextLoaderDelegate - Retrieved ApplicationContext [270056930] from cache with key [[MergedContextConfiguration@7a388990 testClass = ProductServiceImplTest, locations = '{}', classes = '{class com.joseph.config.PersistenceJPAConfig}', contextInitializerClasses = '[]', activeProfiles = '{}', propertySourceLocations = '{}', propertySourceProperties = '{}', contextCustomizers = set[[empty]], contextLoader = 'org.springframework.test.context.support.DelegatingSmartContextLoader', parent = [null]]]
16:39:05.580 [main] DEBUG org.springframework.test.context.cache - Spring test ApplicationContext cache statistics: [DefaultContextCache@65bb6275 size = 1, maxSize = 32, parentContextCount = 0, hitCount = 103, missCount = 1]
16:39:05.581 [main] DEBUG org.springframework.data.repository.core.support.TransactionalRepositoryProxyPostProcessor$CustomAnnotationTransactionAttributeSource - Adding transactional method 'deleteAll' with attribute: PROPAGATION_REQUIRED,ISOLATION_DEFAULT
16:39:05.581 [main] DEBUG org.springframework.orm.jpa.JpaTransactionManager - Found thread-bound EntityManager [SessionImpl(PersistenceContext[entityKeys=[],collectionKeys=[]];ActionQueue[insertions=ExecutableList{size=0} updates=ExecutableList{size=0} deletions=ExecutableList{size=0} orphanRemovals=ExecutableList{size=0} collectionCreations=ExecutableList{size=0} collectionRemovals=ExecutableList{size=0} collectionUpdates=ExecutableList{size=0} collectionQueuedOps=ExecutableList{size=0} unresolvedInsertDependencies=null])] for JPA transaction
16:39:05.581 [main] DEBUG org.springframework.orm.jpa.JpaTransactionManager - Participating in existing transaction
16:39:05.582 [main] DEBUG org.hibernate.query.criteria.internal.CriteriaQueryImpl - Rendered criteria query -> select generatedAlias0 from Product as generatedAlias0
16:39:05.583 [main] DEBUG org.hibernate.hql.internal.ast.QueryTranslatorImpl - parse() - HQL: select generatedAlias0 from com.joseph.entity.Product as generatedAlias0
16:39:05.585 [main] DEBUG org.hibernate.hql.internal.ast.ErrorCounter - throwQueryException() : no errors
16:39:05.586 [main] DEBUG org.hibernate.hql.internal.ast.QueryTranslatorImpl - --- HQL AST ---
 \-[QUERY] Node: 'query'
    \-[SELECT_FROM] Node: 'SELECT_FROM'
       +-[FROM] Node: 'from'
       |  \-[RANGE] Node: 'RANGE'
       |     +-[DOT] Node: '.'
       |     |  +-[DOT] Node: '.'
       |     |  |  +-[DOT] Node: '.'
       |     |  |  |  +-[IDENT] Node: 'com'
       |     |  |  |  \-[IDENT] Node: 'joseph'
       |     |  |  \-[IDENT] Node: 'entity'
       |     |  \-[IDENT] Node: 'Product'
       |     \-[ALIAS] Node: 'generatedAlias0'
       \-[SELECT] Node: 'select'
          \-[IDENT] Node: 'generatedAlias0'

16:39:05.586 [main] DEBUG org.hibernate.hql.internal.antlr.HqlSqlBaseWalker - select << begin [level=1, statement=select]
16:39:05.586 [main] DEBUG org.hibernate.hql.internal.ast.tree.FromElement - FromClause{level=1} : com.joseph.entity.Product (generatedAlias0) -> product0_
16:39:05.587 [main] DEBUG org.hibernate.hql.internal.ast.tree.FromReferenceNode - Resolved : generatedAlias0 -> product0_.idproduct
16:39:05.587 [main] DEBUG org.hibernate.hql.internal.antlr.HqlSqlBaseWalker - select : finishing up [level=1, statement=select]
16:39:05.587 [main] DEBUG org.hibernate.hql.internal.ast.HqlSqlWalker - processQuery() :  ( SELECT ( {select clause} product0_.idproduct ) ( FromClause{level=1} Product product0_ ) )
16:39:05.587 [main] DEBUG org.hibernate.hql.internal.ast.util.JoinProcessor - Using FROM fragment [Product product0_]
16:39:05.587 [main] DEBUG org.hibernate.hql.internal.antlr.HqlSqlBaseWalker - select >> end [level=1, statement=select]
16:39:05.587 [main] DEBUG org.hibernate.hql.internal.ast.QueryTranslatorImpl - --- SQL AST ---
 \-[SELECT] QueryNode: 'SELECT'  querySpaces (Product)
    +-[SELECT_CLAUSE] SelectClause: '{select clause}'
    |  +-[ALIAS_REF] IdentNode: 'product0_.idproduct as idproduc1_3_' {alias=generatedAlias0, className=com.joseph.entity.Product, tableAlias=product0_}
    |  \-[SQL_TOKEN] SqlFragment: 'product0_.nameproduct as nameprod2_3_, product0_.priceproduct as pricepro3_3_, product0_.stockproduct as stockpro4_3_'
    \-[FROM] FromClause: 'from' FromClause{level=1, fromElementCounter=1, fromElements=1, fromElementByClassAlias=[generatedAlias0], fromElementByTableAlias=[product0_], fromElementsByPath=[], collectionJoinFromElementsByPath=[], impliedElements=[]}
       \-[FROM_FRAGMENT] FromElement: 'Product product0_' FromElement{explicit,not a collection join,not a fetch join,fetch non-lazy properties,classAlias=generatedAlias0,role=null,tableName=Product,tableAlias=product0_,origin=null,columns={,className=com.joseph.entity.Product}}

16:39:05.587 [main] DEBUG org.hibernate.hql.internal.ast.ErrorCounter - throwQueryException() : no errors
16:39:05.587 [main] DEBUG org.hibernate.hql.internal.ast.QueryTranslatorImpl - HQL: select generatedAlias0 from com.joseph.entity.Product as generatedAlias0
16:39:05.587 [main] DEBUG org.hibernate.hql.internal.ast.QueryTranslatorImpl - SQL: select product0_.idproduct as idproduc1_3_, product0_.nameproduct as nameprod2_3_, product0_.priceproduct as pricepro3_3_, product0_.stockproduct as stockpro4_3_ from Product product0_
16:39:05.587 [main] DEBUG org.hibernate.hql.internal.ast.ErrorCounter - throwQueryException() : no errors
16:39:05.588 [main] DEBUG org.hibernate.SQL - select product0_.idproduct as idproduc1_3_, product0_.nameproduct as nameprod2_3_, product0_.priceproduct as pricepro3_3_, product0_.stockproduct as stockpro4_3_ from Product product0_
16:39:05.590 [main] DEBUG org.hibernate.loader.Loader - Result set row: 0
16:39:05.590 [main] DEBUG org.hibernate.loader.Loader - Result row: EntityKey[com.joseph.entity.Product#9]
16:39:05.590 [main] DEBUG org.hibernate.engine.internal.TwoPhaseLoad - Resolving associations for [com.joseph.entity.Product#9]
16:39:05.590 [main] DEBUG org.hibernate.engine.internal.TwoPhaseLoad - Done materializing entity [com.joseph.entity.Product#9]
16:39:05.590 [main] DEBUG org.hibernate.loader.collection.plan.AbstractLoadPlanBasedCollectionInitializer - Loading collection: [com.joseph.entity.Product.orderItems#9]
16:39:05.590 [main] DEBUG org.hibernate.SQL - select orderitems0_.idproduct as idproduc4_2_0_, orderitems0_.id as id1_2_0_, orderitems0_.id as id1_2_1_, orderitems0_.idorder as idorder3_2_1_, orderitems0_.idproduct as idproduc4_2_1_, orderitems0_.quantity as quantity2_2_1_, order1_.idorder as idorder1_1_2_, order1_.idclient as idclient5_1_2_, order1_.dateorder as dateorde2_1_2_, order1_.statusorder as statusor3_1_2_, order1_.totalorder as totalord4_1_2_, client2_.idclient as idclient1_0_3_, client2_.emailclient as emailcli2_0_3_, client2_.nameclient as nameclie3_0_3_ from orderitems orderitems0_ left outer join order_table order1_ on orderitems0_.idorder=order1_.idorder left outer join client client2_ on order1_.idclient=client2_.idclient where orderitems0_.idproduct=?
16:39:05.593 [main] DEBUG org.hibernate.loader.plan.exec.process.internal.ResultSetProcessorImpl - Preparing collection intializer : [com.joseph.entity.Product.orderItems#9]
16:39:05.593 [main] DEBUG org.hibernate.engine.loading.internal.CollectionLoadContext - 1 collections were found in result set for role: com.joseph.entity.Product.orderItems
16:39:05.593 [main] DEBUG org.hibernate.engine.loading.internal.CollectionLoadContext - Collection fully initialized: [com.joseph.entity.Product.orderItems#9]
16:39:05.593 [main] DEBUG org.hibernate.engine.loading.internal.CollectionLoadContext - 1 collections initialized for role: com.joseph.entity.Product.orderItems
16:39:05.594 [main] DEBUG org.hibernate.resource.jdbc.internal.ResourceRegistryStandardImpl - HHH000387: ResultSet's statement was not registered
16:39:05.594 [main] DEBUG org.hibernate.loader.collection.plan.AbstractLoadPlanBasedCollectionInitializer - Done loading collection
16:39:05.594 [main] DEBUG org.springframework.orm.jpa.JpaTransactionManager - Found thread-bound EntityManager [SessionImpl(PersistenceContext[entityKeys=[EntityKey[com.joseph.entity.Product#9]],collectionKeys=[CollectionKey[com.joseph.entity.Product.orderItems#9]]];ActionQueue[insertions=ExecutableList{size=0} updates=ExecutableList{size=0} deletions=ExecutableList{size=1} orphanRemovals=ExecutableList{size=0} collectionCreations=ExecutableList{size=0} collectionRemovals=ExecutableList{size=0} collectionUpdates=ExecutableList{size=0} collectionQueuedOps=ExecutableList{size=0} unresolvedInsertDependencies=null])] for JPA transaction
16:39:05.594 [main] DEBUG org.springframework.orm.jpa.JpaTransactionManager - Participating in existing transaction
16:39:05.605 [main] DEBUG org.springframework.data.repository.core.support.TransactionalRepositoryProxyPostProcessor$CustomAnnotationTransactionAttributeSource - Adding transactional method 'save' with attribute: PROPAGATION_REQUIRED,ISOLATION_DEFAULT
16:39:05.605 [main] DEBUG org.springframework.orm.jpa.JpaTransactionManager - Found thread-bound EntityManager [SessionImpl(PersistenceContext[entityKeys=[EntityKey[com.joseph.entity.Product#9]],collectionKeys=[CollectionKey[com.joseph.entity.Product.orderItems#9]]];ActionQueue[insertions=ExecutableList{size=0} updates=ExecutableList{size=0} deletions=ExecutableList{size=1} orphanRemovals=ExecutableList{size=0} collectionCreations=ExecutableList{size=0} collectionRemovals=ExecutableList{size=0} collectionUpdates=ExecutableList{size=0} collectionQueuedOps=ExecutableList{size=0} unresolvedInsertDependencies=null])] for JPA transaction
16:39:05.605 [main] DEBUG org.springframework.orm.jpa.JpaTransactionManager - Participating in existing transaction
16:39:05.605 [main] DEBUG org.hibernate.engine.spi.ActionQueue - Executing identity-insert immediately
16:39:05.605 [main] DEBUG org.hibernate.SQL - insert into Product (nameproduct, priceproduct, stockproduct) values (?, ?, ?)
16:39:05.607 [main] DEBUG org.hibernate.id.IdentifierGeneratorHelper - Natively generated identity: 10
16:39:05.607 [main] DEBUG org.hibernate.resource.jdbc.internal.ResourceRegistryStandardImpl - HHH000387: ResultSet's statement was not registered
16:39:05.608 [main] DEBUG org.springframework.test.context.cache.DefaultCacheAwareContextLoaderDelegate - Retrieved ApplicationContext [270056930] from cache with key [[MergedContextConfiguration@7a388990 testClass = ProductServiceImplTest, locations = '{}', classes = '{class com.joseph.config.PersistenceJPAConfig}', contextInitializerClasses = '[]', activeProfiles = '{}', propertySourceLocations = '{}', propertySourceProperties = '{}', contextCustomizers = set[[empty]], contextLoader = 'org.springframework.test.context.support.DelegatingSmartContextLoader', parent = [null]]]
16:39:05.608 [main] DEBUG org.springframework.test.context.cache - Spring test ApplicationContext cache statistics: [DefaultContextCache@65bb6275 size = 1, maxSize = 32, parentContextCount = 0, hitCount = 104, missCount = 1]
16:39:05.610 [main] DEBUG org.hibernate.query.criteria.internal.CriteriaQueryImpl - Rendered criteria query -> select generatedAlias0 from Product as generatedAlias0 where generatedAlias0.nameproduct=:param0
16:39:05.610 [main] DEBUG org.hibernate.hql.internal.ast.QueryTranslatorImpl - parse() - HQL: select generatedAlias0 from com.joseph.entity.Product as generatedAlias0 where generatedAlias0.nameproduct=:param0
16:39:05.611 [main] DEBUG org.hibernate.hql.internal.ast.ErrorCounter - throwQueryException() : no errors
16:39:05.611 [main] DEBUG org.hibernate.hql.internal.ast.QueryTranslatorImpl - --- HQL AST ---
 \-[QUERY] Node: 'query'
    +-[SELECT_FROM] Node: 'SELECT_FROM'
    |  +-[FROM] Node: 'from'
    |  |  \-[RANGE] Node: 'RANGE'
    |  |     +-[DOT] Node: '.'
    |  |     |  +-[DOT] Node: '.'
    |  |     |  |  +-[DOT] Node: '.'
    |  |     |  |  |  +-[IDENT] Node: 'com'
    |  |     |  |  |  \-[IDENT] Node: 'joseph'
    |  |     |  |  \-[IDENT] Node: 'entity'
    |  |     |  \-[IDENT] Node: 'Product'
    |  |     \-[ALIAS] Node: 'generatedAlias0'
    |  \-[SELECT] Node: 'select'
    |     \-[IDENT] Node: 'generatedAlias0'
    \-[WHERE] Node: 'where'
       \-[EQ] Node: '='
          +-[DOT] Node: '.'
          |  +-[IDENT] Node: 'generatedAlias0'
          |  \-[IDENT] Node: 'nameproduct'
          \-[COLON] Node: ':'
             \-[IDENT] Node: 'param0'

16:39:05.612 [main] DEBUG org.hibernate.hql.internal.antlr.HqlSqlBaseWalker - select << begin [level=1, statement=select]
16:39:05.612 [main] DEBUG org.hibernate.hql.internal.ast.tree.FromElement - FromClause{level=1} : com.joseph.entity.Product (generatedAlias0) -> product0_
16:39:05.612 [main] DEBUG org.hibernate.hql.internal.ast.tree.FromReferenceNode - Resolved : generatedAlias0 -> product0_.idproduct
16:39:05.613 [main] DEBUG org.hibernate.hql.internal.ast.tree.FromReferenceNode - Resolved : generatedAlias0 -> product0_.idproduct
16:39:05.614 [main] DEBUG org.hibernate.hql.internal.ast.tree.DotNode - getDataType() : nameproduct -> org.hibernate.type.StringType@3591009c
16:39:05.614 [main] DEBUG org.hibernate.hql.internal.ast.tree.FromReferenceNode - Resolved : generatedAlias0.nameproduct -> product0_.nameproduct
16:39:05.615 [main] DEBUG org.hibernate.hql.internal.antlr.HqlSqlBaseWalker - select : finishing up [level=1, statement=select]
16:39:05.615 [main] DEBUG org.hibernate.hql.internal.ast.HqlSqlWalker - processQuery() :  ( SELECT ( {select clause} product0_.idproduct ) ( FromClause{level=1} Product product0_ ) ( where ( = ( product0_.nameproduct product0_.idproduct nameproduct ) ? ) ) )
16:39:05.615 [main] DEBUG org.hibernate.hql.internal.ast.util.JoinProcessor - Using FROM fragment [Product product0_]
16:39:05.615 [main] DEBUG org.hibernate.hql.internal.antlr.HqlSqlBaseWalker - select >> end [level=1, statement=select]
16:39:05.615 [main] DEBUG org.hibernate.hql.internal.ast.QueryTranslatorImpl - --- SQL AST ---
 \-[SELECT] QueryNode: 'SELECT'  querySpaces (Product)
    +-[SELECT_CLAUSE] SelectClause: '{select clause}'
    |  +-[ALIAS_REF] IdentNode: 'product0_.idproduct as idproduc1_3_' {alias=generatedAlias0, className=com.joseph.entity.Product, tableAlias=product0_}
    |  \-[SQL_TOKEN] SqlFragment: 'product0_.nameproduct as nameprod2_3_, product0_.priceproduct as pricepro3_3_, product0_.stockproduct as stockpro4_3_'
    +-[FROM] FromClause: 'from' FromClause{level=1, fromElementCounter=1, fromElements=1, fromElementByClassAlias=[generatedAlias0], fromElementByTableAlias=[product0_], fromElementsByPath=[], collectionJoinFromElementsByPath=[], impliedElements=[]}
    |  \-[FROM_FRAGMENT] FromElement: 'Product product0_' FromElement{explicit,not a collection join,not a fetch join,fetch non-lazy properties,classAlias=generatedAlias0,role=null,tableName=Product,tableAlias=product0_,origin=null,columns={,className=com.joseph.entity.Product}}
    \-[WHERE] SqlNode: 'where'
       \-[EQ] BinaryLogicOperatorNode: '='
          +-[DOT] DotNode: 'product0_.nameproduct' {propertyName=nameproduct,dereferenceType=PRIMITIVE,getPropertyPath=nameproduct,path=generatedAlias0.nameproduct,tableAlias=product0_,className=com.joseph.entity.Product,classAlias=generatedAlias0}
          |  +-[ALIAS_REF] IdentNode: 'product0_.idproduct' {alias=generatedAlias0, className=com.joseph.entity.Product, tableAlias=product0_}
          |  \-[IDENT] IdentNode: 'nameproduct' {originalText=nameproduct}
          \-[NAMED_PARAM] ParameterNode: '?' {name=param0, expectedType=org.hibernate.type.StringType@3591009c}

16:39:05.615 [main] DEBUG org.hibernate.hql.internal.ast.ErrorCounter - throwQueryException() : no errors
16:39:05.615 [main] DEBUG org.hibernate.hql.internal.ast.QueryTranslatorImpl - HQL: select generatedAlias0 from com.joseph.entity.Product as generatedAlias0 where generatedAlias0.nameproduct=:param0
16:39:05.615 [main] DEBUG org.hibernate.hql.internal.ast.QueryTranslatorImpl - SQL: select product0_.idproduct as idproduc1_3_, product0_.nameproduct as nameprod2_3_, product0_.priceproduct as pricepro3_3_, product0_.stockproduct as stockpro4_3_ from Product product0_ where product0_.nameproduct=?
16:39:05.615 [main] DEBUG org.hibernate.hql.internal.ast.ErrorCounter - throwQueryException() : no errors
16:39:05.618 [main] DEBUG org.hibernate.event.internal.AbstractFlushingEventListener - Processing flush-time cascades
16:39:05.619 [main] DEBUG org.hibernate.event.internal.AbstractFlushingEventListener - Dirty checking collections
16:39:05.620 [main] DEBUG org.hibernate.engine.internal.Collections - Collection found: [com.joseph.entity.Product.orderItems#10], was: [<unreferenced>] (initialized)
16:39:05.620 [main] DEBUG org.hibernate.engine.internal.Collections - Collection dereferenced: [com.joseph.entity.Product.orderItems#9]
16:39:05.620 [main] DEBUG org.hibernate.event.internal.AbstractFlushingEventListener - Flushed: 0 insertions, 0 updates, 1 deletions to 2 objects
16:39:05.620 [main] DEBUG org.hibernate.event.internal.AbstractFlushingEventListener - Flushed: 1 (re)creations, 0 updates, 1 removals to 2 collections
16:39:05.620 [main] DEBUG org.hibernate.internal.util.EntityPrinter - Listing entities:
16:39:05.620 [main] DEBUG org.hibernate.internal.util.EntityPrinter - com.joseph.entity.Product{idproduct=10, stockproduct=3, nameproduct=Test Product, priceproduct=1200.0, orderItems=[]}
16:39:05.620 [main] DEBUG org.hibernate.internal.util.EntityPrinter - com.joseph.entity.Product{idproduct=9, stockproduct=3, nameproduct=Test Product, priceproduct=1200.0, orderItems=[]}
16:39:05.620 [main] DEBUG org.hibernate.engine.spi.ActionQueue - Changes must be flushed to space: Product
16:39:05.620 [main] DEBUG org.hibernate.SQL - delete from Product where idproduct=?
16:39:05.621 [main] DEBUG org.hibernate.SQL - select product0_.idproduct as idproduc1_3_, product0_.nameproduct as nameprod2_3_, product0_.priceproduct as pricepro3_3_, product0_.stockproduct as stockpro4_3_ from Product product0_ where product0_.nameproduct=?
16:39:05.622 [main] DEBUG org.hibernate.loader.Loader - Result set row: 0
16:39:05.622 [main] DEBUG org.hibernate.loader.Loader - Result row: EntityKey[com.joseph.entity.Product#10]
16:39:05.623 [main] DEBUG org.springframework.test.context.cache.DefaultCacheAwareContextLoaderDelegate - Retrieved ApplicationContext [270056930] from cache with key [[MergedContextConfiguration@7a388990 testClass = ProductServiceImplTest, locations = '{}', classes = '{class com.joseph.config.PersistenceJPAConfig}', contextInitializerClasses = '[]', activeProfiles = '{}', propertySourceLocations = '{}', propertySourceProperties = '{}', contextCustomizers = set[[empty]], contextLoader = 'org.springframework.test.context.support.DelegatingSmartContextLoader', parent = [null]]]
16:39:05.623 [main] DEBUG org.springframework.test.context.cache - Spring test ApplicationContext cache statistics: [DefaultContextCache@65bb6275 size = 1, maxSize = 32, parentContextCount = 0, hitCount = 105, missCount = 1]
16:39:05.623 [main] DEBUG org.springframework.orm.jpa.JpaTransactionManager - Found thread-bound EntityManager [SessionImpl(PersistenceContext[entityKeys=[EntityKey[com.joseph.entity.Product#10]],collectionKeys=[CollectionKey[com.joseph.entity.Product.orderItems#10]]];ActionQueue[insertions=ExecutableList{size=0} updates=ExecutableList{size=0} deletions=ExecutableList{size=0} orphanRemovals=ExecutableList{size=0} collectionCreations=ExecutableList{size=0} collectionRemovals=ExecutableList{size=0} collectionUpdates=ExecutableList{size=0} collectionQueuedOps=ExecutableList{size=0} unresolvedInsertDependencies=null])] for JPA transaction
16:39:05.623 [main] DEBUG org.springframework.orm.jpa.JpaTransactionManager - Participating in existing transaction
16:39:05.623 [main] DEBUG org.hibernate.query.criteria.internal.CriteriaQueryImpl - Rendered criteria query -> select generatedAlias0 from Product as generatedAlias0
16:39:05.624 [main] DEBUG org.hibernate.event.internal.AbstractFlushingEventListener - Processing flush-time cascades
16:39:05.624 [main] DEBUG org.hibernate.event.internal.AbstractFlushingEventListener - Dirty checking collections
16:39:05.624 [main] DEBUG org.hibernate.engine.internal.Collections - Collection found: [com.joseph.entity.Product.orderItems#10], was: [com.joseph.entity.Product.orderItems#10] (initialized)
16:39:05.624 [main] DEBUG org.hibernate.event.internal.AbstractFlushingEventListener - Flushed: 0 insertions, 0 updates, 0 deletions to 1 objects
16:39:05.624 [main] DEBUG org.hibernate.event.internal.AbstractFlushingEventListener - Flushed: 0 (re)creations, 0 updates, 0 removals to 1 collections
16:39:05.624 [main] DEBUG org.hibernate.internal.util.EntityPrinter - Listing entities:
16:39:05.624 [main] DEBUG org.hibernate.internal.util.EntityPrinter - com.joseph.entity.Product{idproduct=10, stockproduct=3, nameproduct=Test Product, priceproduct=1200.0, orderItems=[]}
16:39:05.624 [main] DEBUG org.hibernate.SQL - select product0_.idproduct as idproduc1_3_, product0_.nameproduct as nameprod2_3_, product0_.priceproduct as pricepro3_3_, product0_.stockproduct as stockpro4_3_ from Product product0_
16:39:05.625 [main] DEBUG org.hibernate.loader.Loader - Result set row: 0
16:39:05.625 [main] DEBUG org.hibernate.loader.Loader - Result row: EntityKey[com.joseph.entity.Product#10]
16:39:05.626 [main] DEBUG org.springframework.test.context.cache.DefaultCacheAwareContextLoaderDelegate - Retrieved ApplicationContext [270056930] from cache with key [[MergedContextConfiguration@7a388990 testClass = ProductServiceImplTest, locations = '{}', classes = '{class com.joseph.config.PersistenceJPAConfig}', contextInitializerClasses = '[]', activeProfiles = '{}', propertySourceLocations = '{}', propertySourceProperties = '{}', contextCustomizers = set[[empty]], contextLoader = 'org.springframework.test.context.support.DelegatingSmartContextLoader', parent = [null]]]
16:39:05.626 [main] DEBUG org.springframework.test.context.cache - Spring test ApplicationContext cache statistics: [DefaultContextCache@65bb6275 size = 1, maxSize = 32, parentContextCount = 0, hitCount = 106, missCount = 1]
16:39:05.626 [main] DEBUG org.springframework.orm.jpa.JpaTransactionManager - Initiating transaction rollback
16:39:05.626 [main] DEBUG org.springframework.orm.jpa.JpaTransactionManager - Rolling back JPA transaction on EntityManager [SessionImpl(PersistenceContext[entityKeys=[EntityKey[com.joseph.entity.Product#10]],collectionKeys=[CollectionKey[com.joseph.entity.Product.orderItems#10]]];ActionQueue[insertions=ExecutableList{size=0} updates=ExecutableList{size=0} deletions=ExecutableList{size=1} orphanRemovals=ExecutableList{size=0} collectionCreations=ExecutableList{size=0} collectionRemovals=ExecutableList{size=0} collectionUpdates=ExecutableList{size=0} collectionQueuedOps=ExecutableList{size=0} unresolvedInsertDependencies=null])]
16:39:05.626 [main] DEBUG org.hibernate.engine.transaction.internal.TransactionImpl - rolling back
16:39:05.627 [main] DEBUG org.springframework.orm.jpa.JpaTransactionManager - Closing JPA EntityManager [SessionImpl(PersistenceContext[entityKeys=[],collectionKeys=[]];ActionQueue[insertions=ExecutableList{size=0} updates=ExecutableList{size=0} deletions=ExecutableList{size=0} orphanRemovals=ExecutableList{size=0} collectionCreations=ExecutableList{size=0} collectionRemovals=ExecutableList{size=0} collectionUpdates=ExecutableList{size=0} collectionQueuedOps=ExecutableList{size=0} unresolvedInsertDependencies=null])] after transaction
16:39:05.627 [main] DEBUG org.hibernate.engine.jdbc.internal.JdbcCoordinatorImpl - HHH000420: Closing un-released batch
16:39:05.627 [main] INFO org.springframework.test.context.transaction.TransactionContext - Rolled back transaction for test: [DefaultTestContext@1a531422 testClass = ProductServiceImplTest, testInstance = com.joseph.service.Impl.ProductServiceImplTest@13213f26, testMethod = testGetProductByName@ProductServiceImplTest, testException = [null], mergedContextConfiguration = [MergedContextConfiguration@7a388990 testClass = ProductServiceImplTest, locations = '{}', classes = '{class com.joseph.config.PersistenceJPAConfig}', contextInitializerClasses = '[]', activeProfiles = '{}', propertySourceLocations = '{}', propertySourceProperties = '{}', contextCustomizers = set[[empty]], contextLoader = 'org.springframework.test.context.support.DelegatingSmartContextLoader', parent = [null]], attributes = map[[empty]]]
16:39:05.627 [main] DEBUG org.springframework.test.context.support.AbstractDirtiesContextTestExecutionListener - After test method: context [DefaultTestContext@1a531422 testClass = ProductServiceImplTest, testInstance = com.joseph.service.Impl.ProductServiceImplTest@13213f26, testMethod = testGetProductByName@ProductServiceImplTest, testException = [null], mergedContextConfiguration = [MergedContextConfiguration@7a388990 testClass = ProductServiceImplTest, locations = '{}', classes = '{class com.joseph.config.PersistenceJPAConfig}', contextInitializerClasses = '[]', activeProfiles = '{}', propertySourceLocations = '{}', propertySourceProperties = '{}', contextCustomizers = set[[empty]], contextLoader = 'org.springframework.test.context.support.DelegatingSmartContextLoader', parent = [null]], attributes = map[[empty]]], class annotated with @DirtiesContext [false] with mode [null], method annotated with @DirtiesContext [false] with mode [null].
]]></system-out>
  </testcase>
  <testcase name="testGetProduct" classname="com.joseph.service.Impl.ProductServiceImplTest" time="0.027">
    <system-out><![CDATA[16:39:05.628 [main] DEBUG org.springframework.test.context.support.DependencyInjectionTestExecutionListener - Performing dependency injection for test context [[DefaultTestContext@1a531422 testClass = ProductServiceImplTest, testInstance = com.joseph.service.Impl.ProductServiceImplTest@2e56b4d, testMethod = [null], testException = [null], mergedContextConfiguration = [MergedContextConfiguration@7a388990 testClass = ProductServiceImplTest, locations = '{}', classes = '{class com.joseph.config.PersistenceJPAConfig}', contextInitializerClasses = '[]', activeProfiles = '{}', propertySourceLocations = '{}', propertySourceProperties = '{}', contextCustomizers = set[[empty]], contextLoader = 'org.springframework.test.context.support.DelegatingSmartContextLoader', parent = [null]], attributes = map[[empty]]]].
16:39:05.628 [main] DEBUG org.springframework.test.context.cache.DefaultCacheAwareContextLoaderDelegate - Retrieved ApplicationContext [270056930] from cache with key [[MergedContextConfiguration@7a388990 testClass = ProductServiceImplTest, locations = '{}', classes = '{class com.joseph.config.PersistenceJPAConfig}', contextInitializerClasses = '[]', activeProfiles = '{}', propertySourceLocations = '{}', propertySourceProperties = '{}', contextCustomizers = set[[empty]], contextLoader = 'org.springframework.test.context.support.DelegatingSmartContextLoader', parent = [null]]]
16:39:05.628 [main] DEBUG org.springframework.test.context.cache - Spring test ApplicationContext cache statistics: [DefaultContextCache@65bb6275 size = 1, maxSize = 32, parentContextCount = 0, hitCount = 107, missCount = 1]
16:39:05.629 [main] DEBUG org.springframework.test.context.cache.DefaultCacheAwareContextLoaderDelegate - Retrieved ApplicationContext [270056930] from cache with key [[MergedContextConfiguration@7a388990 testClass = ProductServiceImplTest, locations = '{}', classes = '{class com.joseph.config.PersistenceJPAConfig}', contextInitializerClasses = '[]', activeProfiles = '{}', propertySourceLocations = '{}', propertySourceProperties = '{}', contextCustomizers = set[[empty]], contextLoader = 'org.springframework.test.context.support.DelegatingSmartContextLoader', parent = [null]]]
16:39:05.629 [main] DEBUG org.springframework.test.context.cache - Spring test ApplicationContext cache statistics: [DefaultContextCache@65bb6275 size = 1, maxSize = 32, parentContextCount = 0, hitCount = 108, missCount = 1]
16:39:05.630 [main] DEBUG org.springframework.test.context.support.AbstractDirtiesContextTestExecutionListener - Before test method: context [DefaultTestContext@1a531422 testClass = ProductServiceImplTest, testInstance = com.joseph.service.Impl.ProductServiceImplTest@2e56b4d, testMethod = testGetProduct@ProductServiceImplTest, testException = [null], mergedContextConfiguration = [MergedContextConfiguration@7a388990 testClass = ProductServiceImplTest, locations = '{}', classes = '{class com.joseph.config.PersistenceJPAConfig}', contextInitializerClasses = '[]', activeProfiles = '{}', propertySourceLocations = '{}', propertySourceProperties = '{}', contextCustomizers = set[[empty]], contextLoader = 'org.springframework.test.context.support.DelegatingSmartContextLoader', parent = [null]], attributes = map[[empty]]], class annotated with @DirtiesContext [false] with mode [null], method annotated with @DirtiesContext [false] with mode [null].
16:39:05.630 [main] DEBUG org.springframework.test.context.transaction.TransactionalTestExecutionListener - Explicit transaction definition [PROPAGATION_REQUIRED,ISOLATION_DEFAULT] found for test context [DefaultTestContext@1a531422 testClass = ProductServiceImplTest, testInstance = com.joseph.service.Impl.ProductServiceImplTest@2e56b4d, testMethod = testGetProduct@ProductServiceImplTest, testException = [null], mergedContextConfiguration = [MergedContextConfiguration@7a388990 testClass = ProductServiceImplTest, locations = '{}', classes = '{class com.joseph.config.PersistenceJPAConfig}', contextInitializerClasses = '[]', activeProfiles = '{}', propertySourceLocations = '{}', propertySourceProperties = '{}', contextCustomizers = set[[empty]], contextLoader = 'org.springframework.test.context.support.DelegatingSmartContextLoader', parent = [null]], attributes = map[[empty]]]
16:39:05.630 [main] DEBUG org.springframework.test.context.cache.DefaultCacheAwareContextLoaderDelegate - Retrieved ApplicationContext [270056930] from cache with key [[MergedContextConfiguration@7a388990 testClass = ProductServiceImplTest, locations = '{}', classes = '{class com.joseph.config.PersistenceJPAConfig}', contextInitializerClasses = '[]', activeProfiles = '{}', propertySourceLocations = '{}', propertySourceProperties = '{}', contextCustomizers = set[[empty]], contextLoader = 'org.springframework.test.context.support.DelegatingSmartContextLoader', parent = [null]]]
16:39:05.630 [main] DEBUG org.springframework.test.context.cache - Spring test ApplicationContext cache statistics: [DefaultContextCache@65bb6275 size = 1, maxSize = 32, parentContextCount = 0, hitCount = 109, missCount = 1]
16:39:05.630 [main] DEBUG org.springframework.test.context.transaction.TransactionalTestExecutionListener - No method-level @Rollback override: using default rollback [true] for test context [DefaultTestContext@1a531422 testClass = ProductServiceImplTest, testInstance = com.joseph.service.Impl.ProductServiceImplTest@2e56b4d, testMethod = testGetProduct@ProductServiceImplTest, testException = [null], mergedContextConfiguration = [MergedContextConfiguration@7a388990 testClass = ProductServiceImplTest, locations = '{}', classes = '{class com.joseph.config.PersistenceJPAConfig}', contextInitializerClasses = '[]', activeProfiles = '{}', propertySourceLocations = '{}', propertySourceProperties = '{}', contextCustomizers = set[[empty]], contextLoader = 'org.springframework.test.context.support.DelegatingSmartContextLoader', parent = [null]], attributes = map[[empty]]].
16:39:05.630 [main] DEBUG org.springframework.orm.jpa.JpaTransactionManager - Creating new transaction with name [com.joseph.service.Impl.ProductServiceImplTest.testGetProduct]: PROPAGATION_REQUIRED,ISOLATION_DEFAULT
16:39:05.631 [main] DEBUG org.springframework.orm.jpa.JpaTransactionManager - Opened new EntityManager [SessionImpl(PersistenceContext[entityKeys=[],collectionKeys=[]];ActionQueue[insertions=ExecutableList{size=0} updates=ExecutableList{size=0} deletions=ExecutableList{size=0} orphanRemovals=ExecutableList{size=0} collectionCreations=ExecutableList{size=0} collectionRemovals=ExecutableList{size=0} collectionUpdates=ExecutableList{size=0} collectionQueuedOps=ExecutableList{size=0} unresolvedInsertDependencies=null])] for JPA transaction
16:39:05.631 [main] DEBUG org.hibernate.engine.transaction.internal.TransactionImpl - begin
16:39:05.631 [main] DEBUG org.springframework.jdbc.datasource.DriverManagerDataSource - Creating new JDBC DriverManager Connection to [jdbc:mysql://localhost:3306/testcraftcore?useSSL=false&useTimezone=true&serverTimezone=UTC]
16:39:05.636 [main] DEBUG org.springframework.orm.jpa.JpaTransactionManager - Exposing JPA transaction as JDBC [org.springframework.orm.jpa.vendor.HibernateJpaDialect$HibernateConnectionHandle@6070775e]
16:39:05.636 [main] INFO org.springframework.test.context.transaction.TransactionContext - Began transaction (1) for test context [DefaultTestContext@1a531422 testClass = ProductServiceImplTest, testInstance = com.joseph.service.Impl.ProductServiceImplTest@2e56b4d, testMethod = testGetProduct@ProductServiceImplTest, testException = [null], mergedContextConfiguration = [MergedContextConfiguration@7a388990 testClass = ProductServiceImplTest, locations = '{}', classes = '{class com.joseph.config.PersistenceJPAConfig}', contextInitializerClasses = '[]', activeProfiles = '{}', propertySourceLocations = '{}', propertySourceProperties = '{}', contextCustomizers = set[[empty]], contextLoader = 'org.springframework.test.context.support.DelegatingSmartContextLoader', parent = [null]], attributes = map[[empty]]]; transaction manager [org.springframework.orm.jpa.JpaTransactionManager@58a2d9f9]; rollback [true]
16:39:05.637 [main] DEBUG org.springframework.test.context.cache.DefaultCacheAwareContextLoaderDelegate - Retrieved ApplicationContext [270056930] from cache with key [[MergedContextConfiguration@7a388990 testClass = ProductServiceImplTest, locations = '{}', classes = '{class com.joseph.config.PersistenceJPAConfig}', contextInitializerClasses = '[]', activeProfiles = '{}', propertySourceLocations = '{}', propertySourceProperties = '{}', contextCustomizers = set[[empty]], contextLoader = 'org.springframework.test.context.support.DelegatingSmartContextLoader', parent = [null]]]
16:39:05.637 [main] DEBUG org.springframework.test.context.cache - Spring test ApplicationContext cache statistics: [DefaultContextCache@65bb6275 size = 1, maxSize = 32, parentContextCount = 0, hitCount = 110, missCount = 1]
16:39:05.637 [main] DEBUG org.springframework.orm.jpa.JpaTransactionManager - Found thread-bound EntityManager [SessionImpl(PersistenceContext[entityKeys=[],collectionKeys=[]];ActionQueue[insertions=ExecutableList{size=0} updates=ExecutableList{size=0} deletions=ExecutableList{size=0} orphanRemovals=ExecutableList{size=0} collectionCreations=ExecutableList{size=0} collectionRemovals=ExecutableList{size=0} collectionUpdates=ExecutableList{size=0} collectionQueuedOps=ExecutableList{size=0} unresolvedInsertDependencies=null])] for JPA transaction
16:39:05.637 [main] DEBUG org.springframework.orm.jpa.JpaTransactionManager - Participating in existing transaction
16:39:05.637 [main] DEBUG org.hibernate.query.criteria.internal.CriteriaQueryImpl - Rendered criteria query -> select generatedAlias0 from Product as generatedAlias0
16:39:05.637 [main] DEBUG org.hibernate.SQL - select product0_.idproduct as idproduc1_3_, product0_.nameproduct as nameprod2_3_, product0_.priceproduct as pricepro3_3_, product0_.stockproduct as stockpro4_3_ from Product product0_
16:39:05.639 [main] DEBUG org.hibernate.loader.Loader - Result set row: 0
16:39:05.639 [main] DEBUG org.hibernate.loader.Loader - Result row: EntityKey[com.joseph.entity.Product#10]
16:39:05.640 [main] DEBUG org.hibernate.engine.internal.TwoPhaseLoad - Resolving associations for [com.joseph.entity.Product#10]
16:39:05.640 [main] DEBUG org.hibernate.engine.internal.TwoPhaseLoad - Done materializing entity [com.joseph.entity.Product#10]
16:39:05.640 [main] DEBUG org.hibernate.loader.collection.plan.AbstractLoadPlanBasedCollectionInitializer - Loading collection: [com.joseph.entity.Product.orderItems#10]
16:39:05.640 [main] DEBUG org.hibernate.SQL - select orderitems0_.idproduct as idproduc4_2_0_, orderitems0_.id as id1_2_0_, orderitems0_.id as id1_2_1_, orderitems0_.idorder as idorder3_2_1_, orderitems0_.idproduct as idproduc4_2_1_, orderitems0_.quantity as quantity2_2_1_, order1_.idorder as idorder1_1_2_, order1_.idclient as idclient5_1_2_, order1_.dateorder as dateorde2_1_2_, order1_.statusorder as statusor3_1_2_, order1_.totalorder as totalord4_1_2_, client2_.idclient as idclient1_0_3_, client2_.emailclient as emailcli2_0_3_, client2_.nameclient as nameclie3_0_3_ from orderitems orderitems0_ left outer join order_table order1_ on orderitems0_.idorder=order1_.idorder left outer join client client2_ on order1_.idclient=client2_.idclient where orderitems0_.idproduct=?
16:39:05.642 [main] DEBUG org.hibernate.loader.plan.exec.process.internal.ResultSetProcessorImpl - Preparing collection intializer : [com.joseph.entity.Product.orderItems#10]
16:39:05.642 [main] DEBUG org.hibernate.engine.loading.internal.CollectionLoadContext - 1 collections were found in result set for role: com.joseph.entity.Product.orderItems
16:39:05.642 [main] DEBUG org.hibernate.engine.loading.internal.CollectionLoadContext - Collection fully initialized: [com.joseph.entity.Product.orderItems#10]
16:39:05.642 [main] DEBUG org.hibernate.engine.loading.internal.CollectionLoadContext - 1 collections initialized for role: com.joseph.entity.Product.orderItems
16:39:05.642 [main] DEBUG org.hibernate.resource.jdbc.internal.ResourceRegistryStandardImpl - HHH000387: ResultSet's statement was not registered
16:39:05.642 [main] DEBUG org.hibernate.loader.collection.plan.AbstractLoadPlanBasedCollectionInitializer - Done loading collection
16:39:05.642 [main] DEBUG org.springframework.orm.jpa.JpaTransactionManager - Found thread-bound EntityManager [SessionImpl(PersistenceContext[entityKeys=[EntityKey[com.joseph.entity.Product#10]],collectionKeys=[CollectionKey[com.joseph.entity.Product.orderItems#10]]];ActionQueue[insertions=ExecutableList{size=0} updates=ExecutableList{size=0} deletions=ExecutableList{size=1} orphanRemovals=ExecutableList{size=0} collectionCreations=ExecutableList{size=0} collectionRemovals=ExecutableList{size=0} collectionUpdates=ExecutableList{size=0} collectionQueuedOps=ExecutableList{size=0} unresolvedInsertDependencies=null])] for JPA transaction
16:39:05.642 [main] DEBUG org.springframework.orm.jpa.JpaTransactionManager - Participating in existing transaction
16:39:05.642 [main] DEBUG org.springframework.orm.jpa.JpaTransactionManager - Found thread-bound EntityManager [SessionImpl(PersistenceContext[entityKeys=[EntityKey[com.joseph.entity.Product#10]],collectionKeys=[CollectionKey[com.joseph.entity.Product.orderItems#10]]];ActionQueue[insertions=ExecutableList{size=0} updates=ExecutableList{size=0} deletions=ExecutableList{size=1} orphanRemovals=ExecutableList{size=0} collectionCreations=ExecutableList{size=0} collectionRemovals=ExecutableList{size=0} collectionUpdates=ExecutableList{size=0} collectionQueuedOps=ExecutableList{size=0} unresolvedInsertDependencies=null])] for JPA transaction
16:39:05.642 [main] DEBUG org.springframework.orm.jpa.JpaTransactionManager - Participating in existing transaction
16:39:05.642 [main] DEBUG org.hibernate.engine.spi.ActionQueue - Executing identity-insert immediately
16:39:05.642 [main] DEBUG org.hibernate.SQL - insert into Product (nameproduct, priceproduct, stockproduct) values (?, ?, ?)
16:39:05.644 [main] DEBUG org.hibernate.id.IdentifierGeneratorHelper - Natively generated identity: 11
16:39:05.644 [main] DEBUG org.hibernate.resource.jdbc.internal.ResourceRegistryStandardImpl - HHH000387: ResultSet's statement was not registered
16:39:05.645 [main] DEBUG org.springframework.test.context.cache.DefaultCacheAwareContextLoaderDelegate - Retrieved ApplicationContext [270056930] from cache with key [[MergedContextConfiguration@7a388990 testClass = ProductServiceImplTest, locations = '{}', classes = '{class com.joseph.config.PersistenceJPAConfig}', contextInitializerClasses = '[]', activeProfiles = '{}', propertySourceLocations = '{}', propertySourceProperties = '{}', contextCustomizers = set[[empty]], contextLoader = 'org.springframework.test.context.support.DelegatingSmartContextLoader', parent = [null]]]
16:39:05.645 [main] DEBUG org.springframework.test.context.cache - Spring test ApplicationContext cache statistics: [DefaultContextCache@65bb6275 size = 1, maxSize = 32, parentContextCount = 0, hitCount = 111, missCount = 1]
16:39:05.645 [main] DEBUG org.springframework.orm.jpa.JpaTransactionManager - Found thread-bound EntityManager [SessionImpl(PersistenceContext[entityKeys=[EntityKey[com.joseph.entity.Product#10], EntityKey[com.joseph.entity.Product#11]],collectionKeys=[CollectionKey[com.joseph.entity.Product.orderItems#10]]];ActionQueue[insertions=ExecutableList{size=0} updates=ExecutableList{size=0} deletions=ExecutableList{size=1} orphanRemovals=ExecutableList{size=0} collectionCreations=ExecutableList{size=0} collectionRemovals=ExecutableList{size=0} collectionUpdates=ExecutableList{size=0} collectionQueuedOps=ExecutableList{size=0} unresolvedInsertDependencies=null])] for JPA transaction
16:39:05.645 [main] DEBUG org.springframework.orm.jpa.JpaTransactionManager - Participating in existing transaction
16:39:05.645 [main] DEBUG org.springframework.data.repository.core.support.TransactionalRepositoryProxyPostProcessor$CustomAnnotationTransactionAttributeSource - Adding transactional method 'findById' with attribute: PROPAGATION_REQUIRED,ISOLATION_DEFAULT,readOnly
16:39:05.645 [main] DEBUG org.springframework.orm.jpa.JpaTransactionManager - Found thread-bound EntityManager [SessionImpl(PersistenceContext[entityKeys=[EntityKey[com.joseph.entity.Product#10], EntityKey[com.joseph.entity.Product#11]],collectionKeys=[CollectionKey[com.joseph.entity.Product.orderItems#10]]];ActionQueue[insertions=ExecutableList{size=0} updates=ExecutableList{size=0} deletions=ExecutableList{size=1} orphanRemovals=ExecutableList{size=0} collectionCreations=ExecutableList{size=0} collectionRemovals=ExecutableList{size=0} collectionUpdates=ExecutableList{size=0} collectionQueuedOps=ExecutableList{size=0} unresolvedInsertDependencies=null])] for JPA transaction
16:39:05.645 [main] DEBUG org.springframework.orm.jpa.JpaTransactionManager - Participating in existing transaction
16:39:05.646 [main] DEBUG org.springframework.test.context.cache.DefaultCacheAwareContextLoaderDelegate - Retrieved ApplicationContext [270056930] from cache with key [[MergedContextConfiguration@7a388990 testClass = ProductServiceImplTest, locations = '{}', classes = '{class com.joseph.config.PersistenceJPAConfig}', contextInitializerClasses = '[]', activeProfiles = '{}', propertySourceLocations = '{}', propertySourceProperties = '{}', contextCustomizers = set[[empty]], contextLoader = 'org.springframework.test.context.support.DelegatingSmartContextLoader', parent = [null]]]
16:39:05.646 [main] DEBUG org.springframework.test.context.cache - Spring test ApplicationContext cache statistics: [DefaultContextCache@65bb6275 size = 1, maxSize = 32, parentContextCount = 0, hitCount = 112, missCount = 1]
16:39:05.646 [main] DEBUG org.springframework.orm.jpa.JpaTransactionManager - Found thread-bound EntityManager [SessionImpl(PersistenceContext[entityKeys=[EntityKey[com.joseph.entity.Product#10], EntityKey[com.joseph.entity.Product#11]],collectionKeys=[CollectionKey[com.joseph.entity.Product.orderItems#10]]];ActionQueue[insertions=ExecutableList{size=0} updates=ExecutableList{size=0} deletions=ExecutableList{size=1} orphanRemovals=ExecutableList{size=0} collectionCreations=ExecutableList{size=0} collectionRemovals=ExecutableList{size=0} collectionUpdates=ExecutableList{size=0} collectionQueuedOps=ExecutableList{size=0} unresolvedInsertDependencies=null])] for JPA transaction
16:39:05.648 [main] DEBUG org.springframework.orm.jpa.JpaTransactionManager - Participating in existing transaction
16:39:05.648 [main] DEBUG org.hibernate.query.criteria.internal.CriteriaQueryImpl - Rendered criteria query -> select generatedAlias0 from Product as generatedAlias0
16:39:05.649 [main] DEBUG org.hibernate.event.internal.AbstractFlushingEventListener - Processing flush-time cascades
16:39:05.649 [main] DEBUG org.hibernate.event.internal.AbstractFlushingEventListener - Dirty checking collections
16:39:05.649 [main] DEBUG org.hibernate.engine.internal.Collections - Collection found: [com.joseph.entity.Product.orderItems#11], was: [<unreferenced>] (initialized)
16:39:05.649 [main] DEBUG org.hibernate.engine.internal.Collections - Collection dereferenced: [com.joseph.entity.Product.orderItems#10]
16:39:05.649 [main] DEBUG org.hibernate.event.internal.AbstractFlushingEventListener - Flushed: 0 insertions, 0 updates, 1 deletions to 2 objects
16:39:05.649 [main] DEBUG org.hibernate.event.internal.AbstractFlushingEventListener - Flushed: 1 (re)creations, 0 updates, 1 removals to 2 collections
16:39:05.649 [main] DEBUG org.hibernate.internal.util.EntityPrinter - Listing entities:
16:39:05.650 [main] DEBUG org.hibernate.internal.util.EntityPrinter - com.joseph.entity.Product{idproduct=10, stockproduct=3, nameproduct=Test Product, priceproduct=1200.0, orderItems=[]}
16:39:05.650 [main] DEBUG org.hibernate.internal.util.EntityPrinter - com.joseph.entity.Product{idproduct=11, stockproduct=3, nameproduct=Test Product, priceproduct=1200.0, orderItems=[]}
16:39:05.650 [main] DEBUG org.hibernate.engine.spi.ActionQueue - Changes must be flushed to space: Product
16:39:05.650 [main] DEBUG org.hibernate.SQL - delete from Product where idproduct=?
16:39:05.651 [main] DEBUG org.hibernate.SQL - select product0_.idproduct as idproduc1_3_, product0_.nameproduct as nameprod2_3_, product0_.priceproduct as pricepro3_3_, product0_.stockproduct as stockpro4_3_ from Product product0_
16:39:05.652 [main] DEBUG org.hibernate.loader.Loader - Result set row: 0
16:39:05.652 [main] DEBUG org.hibernate.loader.Loader - Result row: EntityKey[com.joseph.entity.Product#11]
16:39:05.654 [main] DEBUG org.springframework.test.context.cache.DefaultCacheAwareContextLoaderDelegate - Retrieved ApplicationContext [270056930] from cache with key [[MergedContextConfiguration@7a388990 testClass = ProductServiceImplTest, locations = '{}', classes = '{class com.joseph.config.PersistenceJPAConfig}', contextInitializerClasses = '[]', activeProfiles = '{}', propertySourceLocations = '{}', propertySourceProperties = '{}', contextCustomizers = set[[empty]], contextLoader = 'org.springframework.test.context.support.DelegatingSmartContextLoader', parent = [null]]]
16:39:05.654 [main] DEBUG org.springframework.test.context.cache - Spring test ApplicationContext cache statistics: [DefaultContextCache@65bb6275 size = 1, maxSize = 32, parentContextCount = 0, hitCount = 113, missCount = 1]
16:39:05.654 [main] DEBUG org.springframework.orm.jpa.JpaTransactionManager - Initiating transaction rollback
16:39:05.654 [main] DEBUG org.springframework.orm.jpa.JpaTransactionManager - Rolling back JPA transaction on EntityManager [SessionImpl(PersistenceContext[entityKeys=[EntityKey[com.joseph.entity.Product#11]],collectionKeys=[CollectionKey[com.joseph.entity.Product.orderItems#11]]];ActionQueue[insertions=ExecutableList{size=0} updates=ExecutableList{size=0} deletions=ExecutableList{size=1} orphanRemovals=ExecutableList{size=0} collectionCreations=ExecutableList{size=0} collectionRemovals=ExecutableList{size=0} collectionUpdates=ExecutableList{size=0} collectionQueuedOps=ExecutableList{size=0} unresolvedInsertDependencies=null])]
16:39:05.654 [main] DEBUG org.hibernate.engine.transaction.internal.TransactionImpl - rolling back
16:39:05.655 [main] DEBUG org.springframework.orm.jpa.JpaTransactionManager - Closing JPA EntityManager [SessionImpl(PersistenceContext[entityKeys=[],collectionKeys=[]];ActionQueue[insertions=ExecutableList{size=0} updates=ExecutableList{size=0} deletions=ExecutableList{size=0} orphanRemovals=ExecutableList{size=0} collectionCreations=ExecutableList{size=0} collectionRemovals=ExecutableList{size=0} collectionUpdates=ExecutableList{size=0} collectionQueuedOps=ExecutableList{size=0} unresolvedInsertDependencies=null])] after transaction
16:39:05.655 [main] DEBUG org.hibernate.engine.jdbc.internal.JdbcCoordinatorImpl - HHH000420: Closing un-released batch
16:39:05.656 [main] INFO org.springframework.test.context.transaction.TransactionContext - Rolled back transaction for test: [DefaultTestContext@1a531422 testClass = ProductServiceImplTest, testInstance = com.joseph.service.Impl.ProductServiceImplTest@2e56b4d, testMethod = testGetProduct@ProductServiceImplTest, testException = [null], mergedContextConfiguration = [MergedContextConfiguration@7a388990 testClass = ProductServiceImplTest, locations = '{}', classes = '{class com.joseph.config.PersistenceJPAConfig}', contextInitializerClasses = '[]', activeProfiles = '{}', propertySourceLocations = '{}', propertySourceProperties = '{}', contextCustomizers = set[[empty]], contextLoader = 'org.springframework.test.context.support.DelegatingSmartContextLoader', parent = [null]], attributes = map[[empty]]]
16:39:05.656 [main] DEBUG org.springframework.test.context.support.AbstractDirtiesContextTestExecutionListener - After test method: context [DefaultTestContext@1a531422 testClass = ProductServiceImplTest, testInstance = com.joseph.service.Impl.ProductServiceImplTest@2e56b4d, testMethod = testGetProduct@ProductServiceImplTest, testException = [null], mergedContextConfiguration = [MergedContextConfiguration@7a388990 testClass = ProductServiceImplTest, locations = '{}', classes = '{class com.joseph.config.PersistenceJPAConfig}', contextInitializerClasses = '[]', activeProfiles = '{}', propertySourceLocations = '{}', propertySourceProperties = '{}', contextCustomizers = set[[empty]], contextLoader = 'org.springframework.test.context.support.DelegatingSmartContextLoader', parent = [null]], attributes = map[[empty]]], class annotated with @DirtiesContext [false] with mode [null], method annotated with @DirtiesContext [false] with mode [null].
]]></system-out>
  </testcase>
  <testcase name="testGetProducts" classname="com.joseph.service.Impl.ProductServiceImplTest" time="0.029">
    <system-out><![CDATA[16:39:05.657 [main] DEBUG org.springframework.test.context.support.DependencyInjectionTestExecutionListener - Performing dependency injection for test context [[DefaultTestContext@1a531422 testClass = ProductServiceImplTest, testInstance = com.joseph.service.Impl.ProductServiceImplTest@4026461d, testMethod = [null], testException = [null], mergedContextConfiguration = [MergedContextConfiguration@7a388990 testClass = ProductServiceImplTest, locations = '{}', classes = '{class com.joseph.config.PersistenceJPAConfig}', contextInitializerClasses = '[]', activeProfiles = '{}', propertySourceLocations = '{}', propertySourceProperties = '{}', contextCustomizers = set[[empty]], contextLoader = 'org.springframework.test.context.support.DelegatingSmartContextLoader', parent = [null]], attributes = map[[empty]]]].
16:39:05.657 [main] DEBUG org.springframework.test.context.cache.DefaultCacheAwareContextLoaderDelegate - Retrieved ApplicationContext [270056930] from cache with key [[MergedContextConfiguration@7a388990 testClass = ProductServiceImplTest, locations = '{}', classes = '{class com.joseph.config.PersistenceJPAConfig}', contextInitializerClasses = '[]', activeProfiles = '{}', propertySourceLocations = '{}', propertySourceProperties = '{}', contextCustomizers = set[[empty]], contextLoader = 'org.springframework.test.context.support.DelegatingSmartContextLoader', parent = [null]]]
16:39:05.657 [main] DEBUG org.springframework.test.context.cache - Spring test ApplicationContext cache statistics: [DefaultContextCache@65bb6275 size = 1, maxSize = 32, parentContextCount = 0, hitCount = 114, missCount = 1]
16:39:05.658 [main] DEBUG org.springframework.test.context.cache.DefaultCacheAwareContextLoaderDelegate - Retrieved ApplicationContext [270056930] from cache with key [[MergedContextConfiguration@7a388990 testClass = ProductServiceImplTest, locations = '{}', classes = '{class com.joseph.config.PersistenceJPAConfig}', contextInitializerClasses = '[]', activeProfiles = '{}', propertySourceLocations = '{}', propertySourceProperties = '{}', contextCustomizers = set[[empty]], contextLoader = 'org.springframework.test.context.support.DelegatingSmartContextLoader', parent = [null]]]
16:39:05.658 [main] DEBUG org.springframework.test.context.cache - Spring test ApplicationContext cache statistics: [DefaultContextCache@65bb6275 size = 1, maxSize = 32, parentContextCount = 0, hitCount = 115, missCount = 1]
16:39:05.659 [main] DEBUG org.springframework.test.context.support.AbstractDirtiesContextTestExecutionListener - Before test method: context [DefaultTestContext@1a531422 testClass = ProductServiceImplTest, testInstance = com.joseph.service.Impl.ProductServiceImplTest@4026461d, testMethod = testGetProducts@ProductServiceImplTest, testException = [null], mergedContextConfiguration = [MergedContextConfiguration@7a388990 testClass = ProductServiceImplTest, locations = '{}', classes = '{class com.joseph.config.PersistenceJPAConfig}', contextInitializerClasses = '[]', activeProfiles = '{}', propertySourceLocations = '{}', propertySourceProperties = '{}', contextCustomizers = set[[empty]], contextLoader = 'org.springframework.test.context.support.DelegatingSmartContextLoader', parent = [null]], attributes = map[[empty]]], class annotated with @DirtiesContext [false] with mode [null], method annotated with @DirtiesContext [false] with mode [null].
16:39:05.659 [main] DEBUG org.springframework.test.context.transaction.TransactionalTestExecutionListener - Explicit transaction definition [PROPAGATION_REQUIRED,ISOLATION_DEFAULT] found for test context [DefaultTestContext@1a531422 testClass = ProductServiceImplTest, testInstance = com.joseph.service.Impl.ProductServiceImplTest@4026461d, testMethod = testGetProducts@ProductServiceImplTest, testException = [null], mergedContextConfiguration = [MergedContextConfiguration@7a388990 testClass = ProductServiceImplTest, locations = '{}', classes = '{class com.joseph.config.PersistenceJPAConfig}', contextInitializerClasses = '[]', activeProfiles = '{}', propertySourceLocations = '{}', propertySourceProperties = '{}', contextCustomizers = set[[empty]], contextLoader = 'org.springframework.test.context.support.DelegatingSmartContextLoader', parent = [null]], attributes = map[[empty]]]
16:39:05.659 [main] DEBUG org.springframework.test.context.cache.DefaultCacheAwareContextLoaderDelegate - Retrieved ApplicationContext [270056930] from cache with key [[MergedContextConfiguration@7a388990 testClass = ProductServiceImplTest, locations = '{}', classes = '{class com.joseph.config.PersistenceJPAConfig}', contextInitializerClasses = '[]', activeProfiles = '{}', propertySourceLocations = '{}', propertySourceProperties = '{}', contextCustomizers = set[[empty]], contextLoader = 'org.springframework.test.context.support.DelegatingSmartContextLoader', parent = [null]]]
16:39:05.659 [main] DEBUG org.springframework.test.context.cache - Spring test ApplicationContext cache statistics: [DefaultContextCache@65bb6275 size = 1, maxSize = 32, parentContextCount = 0, hitCount = 116, missCount = 1]
16:39:05.659 [main] DEBUG org.springframework.test.context.transaction.TransactionalTestExecutionListener - No method-level @Rollback override: using default rollback [true] for test context [DefaultTestContext@1a531422 testClass = ProductServiceImplTest, testInstance = com.joseph.service.Impl.ProductServiceImplTest@4026461d, testMethod = testGetProducts@ProductServiceImplTest, testException = [null], mergedContextConfiguration = [MergedContextConfiguration@7a388990 testClass = ProductServiceImplTest, locations = '{}', classes = '{class com.joseph.config.PersistenceJPAConfig}', contextInitializerClasses = '[]', activeProfiles = '{}', propertySourceLocations = '{}', propertySourceProperties = '{}', contextCustomizers = set[[empty]], contextLoader = 'org.springframework.test.context.support.DelegatingSmartContextLoader', parent = [null]], attributes = map[[empty]]].
16:39:05.659 [main] DEBUG org.springframework.orm.jpa.JpaTransactionManager - Creating new transaction with name [com.joseph.service.Impl.ProductServiceImplTest.testGetProducts]: PROPAGATION_REQUIRED,ISOLATION_DEFAULT
16:39:05.660 [main] DEBUG org.springframework.orm.jpa.JpaTransactionManager - Opened new EntityManager [SessionImpl(PersistenceContext[entityKeys=[],collectionKeys=[]];ActionQueue[insertions=ExecutableList{size=0} updates=ExecutableList{size=0} deletions=ExecutableList{size=0} orphanRemovals=ExecutableList{size=0} collectionCreations=ExecutableList{size=0} collectionRemovals=ExecutableList{size=0} collectionUpdates=ExecutableList{size=0} collectionQueuedOps=ExecutableList{size=0} unresolvedInsertDependencies=null])] for JPA transaction
16:39:05.660 [main] DEBUG org.hibernate.engine.transaction.internal.TransactionImpl - begin
16:39:05.660 [main] DEBUG org.springframework.jdbc.datasource.DriverManagerDataSource - Creating new JDBC DriverManager Connection to [jdbc:mysql://localhost:3306/testcraftcore?useSSL=false&useTimezone=true&serverTimezone=UTC]
16:39:05.663 [main] DEBUG org.springframework.orm.jpa.JpaTransactionManager - Exposing JPA transaction as JDBC [org.springframework.orm.jpa.vendor.HibernateJpaDialect$HibernateConnectionHandle@7436364d]
16:39:05.663 [main] INFO org.springframework.test.context.transaction.TransactionContext - Began transaction (1) for test context [DefaultTestContext@1a531422 testClass = ProductServiceImplTest, testInstance = com.joseph.service.Impl.ProductServiceImplTest@4026461d, testMethod = testGetProducts@ProductServiceImplTest, testException = [null], mergedContextConfiguration = [MergedContextConfiguration@7a388990 testClass = ProductServiceImplTest, locations = '{}', classes = '{class com.joseph.config.PersistenceJPAConfig}', contextInitializerClasses = '[]', activeProfiles = '{}', propertySourceLocations = '{}', propertySourceProperties = '{}', contextCustomizers = set[[empty]], contextLoader = 'org.springframework.test.context.support.DelegatingSmartContextLoader', parent = [null]], attributes = map[[empty]]]; transaction manager [org.springframework.orm.jpa.JpaTransactionManager@58a2d9f9]; rollback [true]
16:39:05.664 [main] DEBUG org.springframework.test.context.cache.DefaultCacheAwareContextLoaderDelegate - Retrieved ApplicationContext [270056930] from cache with key [[MergedContextConfiguration@7a388990 testClass = ProductServiceImplTest, locations = '{}', classes = '{class com.joseph.config.PersistenceJPAConfig}', contextInitializerClasses = '[]', activeProfiles = '{}', propertySourceLocations = '{}', propertySourceProperties = '{}', contextCustomizers = set[[empty]], contextLoader = 'org.springframework.test.context.support.DelegatingSmartContextLoader', parent = [null]]]
16:39:05.664 [main] DEBUG org.springframework.test.context.cache - Spring test ApplicationContext cache statistics: [DefaultContextCache@65bb6275 size = 1, maxSize = 32, parentContextCount = 0, hitCount = 117, missCount = 1]
16:39:05.664 [main] DEBUG org.springframework.orm.jpa.JpaTransactionManager - Found thread-bound EntityManager [SessionImpl(PersistenceContext[entityKeys=[],collectionKeys=[]];ActionQueue[insertions=ExecutableList{size=0} updates=ExecutableList{size=0} deletions=ExecutableList{size=0} orphanRemovals=ExecutableList{size=0} collectionCreations=ExecutableList{size=0} collectionRemovals=ExecutableList{size=0} collectionUpdates=ExecutableList{size=0} collectionQueuedOps=ExecutableList{size=0} unresolvedInsertDependencies=null])] for JPA transaction
16:39:05.664 [main] DEBUG org.springframework.orm.jpa.JpaTransactionManager - Participating in existing transaction
16:39:05.664 [main] DEBUG org.hibernate.query.criteria.internal.CriteriaQueryImpl - Rendered criteria query -> select generatedAlias0 from Product as generatedAlias0
16:39:05.665 [main] DEBUG org.hibernate.SQL - select product0_.idproduct as idproduc1_3_, product0_.nameproduct as nameprod2_3_, product0_.priceproduct as pricepro3_3_, product0_.stockproduct as stockpro4_3_ from Product product0_
16:39:05.667 [main] DEBUG org.hibernate.loader.Loader - Result set row: 0
16:39:05.667 [main] DEBUG org.hibernate.loader.Loader - Result row: EntityKey[com.joseph.entity.Product#11]
16:39:05.668 [main] DEBUG org.hibernate.engine.internal.TwoPhaseLoad - Resolving associations for [com.joseph.entity.Product#11]
16:39:05.668 [main] DEBUG org.hibernate.engine.internal.TwoPhaseLoad - Done materializing entity [com.joseph.entity.Product#11]
16:39:05.668 [main] DEBUG org.hibernate.loader.collection.plan.AbstractLoadPlanBasedCollectionInitializer - Loading collection: [com.joseph.entity.Product.orderItems#11]
16:39:05.668 [main] DEBUG org.hibernate.SQL - select orderitems0_.idproduct as idproduc4_2_0_, orderitems0_.id as id1_2_0_, orderitems0_.id as id1_2_1_, orderitems0_.idorder as idorder3_2_1_, orderitems0_.idproduct as idproduc4_2_1_, orderitems0_.quantity as quantity2_2_1_, order1_.idorder as idorder1_1_2_, order1_.idclient as idclient5_1_2_, order1_.dateorder as dateorde2_1_2_, order1_.statusorder as statusor3_1_2_, order1_.totalorder as totalord4_1_2_, client2_.idclient as idclient1_0_3_, client2_.emailclient as emailcli2_0_3_, client2_.nameclient as nameclie3_0_3_ from orderitems orderitems0_ left outer join order_table order1_ on orderitems0_.idorder=order1_.idorder left outer join client client2_ on order1_.idclient=client2_.idclient where orderitems0_.idproduct=?
16:39:05.671 [main] DEBUG org.hibernate.loader.plan.exec.process.internal.ResultSetProcessorImpl - Preparing collection intializer : [com.joseph.entity.Product.orderItems#11]
16:39:05.671 [main] DEBUG org.hibernate.engine.loading.internal.CollectionLoadContext - 1 collections were found in result set for role: com.joseph.entity.Product.orderItems
16:39:05.671 [main] DEBUG org.hibernate.engine.loading.internal.CollectionLoadContext - Collection fully initialized: [com.joseph.entity.Product.orderItems#11]
16:39:05.671 [main] DEBUG org.hibernate.engine.loading.internal.CollectionLoadContext - 1 collections initialized for role: com.joseph.entity.Product.orderItems
16:39:05.671 [main] DEBUG org.hibernate.resource.jdbc.internal.ResourceRegistryStandardImpl - HHH000387: ResultSet's statement was not registered
16:39:05.671 [main] DEBUG org.hibernate.loader.collection.plan.AbstractLoadPlanBasedCollectionInitializer - Done loading collection
16:39:05.671 [main] DEBUG org.springframework.orm.jpa.JpaTransactionManager - Found thread-bound EntityManager [SessionImpl(PersistenceContext[entityKeys=[EntityKey[com.joseph.entity.Product#11]],collectionKeys=[CollectionKey[com.joseph.entity.Product.orderItems#11]]];ActionQueue[insertions=ExecutableList{size=0} updates=ExecutableList{size=0} deletions=ExecutableList{size=1} orphanRemovals=ExecutableList{size=0} collectionCreations=ExecutableList{size=0} collectionRemovals=ExecutableList{size=0} collectionUpdates=ExecutableList{size=0} collectionQueuedOps=ExecutableList{size=0} unresolvedInsertDependencies=null])] for JPA transaction
16:39:05.671 [main] DEBUG org.springframework.orm.jpa.JpaTransactionManager - Participating in existing transaction
16:39:05.672 [main] DEBUG org.springframework.orm.jpa.JpaTransactionManager - Found thread-bound EntityManager [SessionImpl(PersistenceContext[entityKeys=[EntityKey[com.joseph.entity.Product#11]],collectionKeys=[CollectionKey[com.joseph.entity.Product.orderItems#11]]];ActionQueue[insertions=ExecutableList{size=0} updates=ExecutableList{size=0} deletions=ExecutableList{size=1} orphanRemovals=ExecutableList{size=0} collectionCreations=ExecutableList{size=0} collectionRemovals=ExecutableList{size=0} collectionUpdates=ExecutableList{size=0} collectionQueuedOps=ExecutableList{size=0} unresolvedInsertDependencies=null])] for JPA transaction
16:39:05.672 [main] DEBUG org.springframework.orm.jpa.JpaTransactionManager - Participating in existing transaction
16:39:05.672 [main] DEBUG org.hibernate.engine.spi.ActionQueue - Executing identity-insert immediately
16:39:05.672 [main] DEBUG org.hibernate.SQL - insert into Product (nameproduct, priceproduct, stockproduct) values (?, ?, ?)
16:39:05.673 [main] DEBUG org.hibernate.id.IdentifierGeneratorHelper - Natively generated identity: 12
16:39:05.673 [main] DEBUG org.hibernate.resource.jdbc.internal.ResourceRegistryStandardImpl - HHH000387: ResultSet's statement was not registered
16:39:05.673 [main] DEBUG org.springframework.test.context.cache.DefaultCacheAwareContextLoaderDelegate - Retrieved ApplicationContext [270056930] from cache with key [[MergedContextConfiguration@7a388990 testClass = ProductServiceImplTest, locations = '{}', classes = '{class com.joseph.config.PersistenceJPAConfig}', contextInitializerClasses = '[]', activeProfiles = '{}', propertySourceLocations = '{}', propertySourceProperties = '{}', contextCustomizers = set[[empty]], contextLoader = 'org.springframework.test.context.support.DelegatingSmartContextLoader', parent = [null]]]
16:39:05.674 [main] DEBUG org.springframework.test.context.cache - Spring test ApplicationContext cache statistics: [DefaultContextCache@65bb6275 size = 1, maxSize = 32, parentContextCount = 0, hitCount = 118, missCount = 1]
16:39:05.674 [main] DEBUG org.springframework.orm.jpa.JpaTransactionManager - Found thread-bound EntityManager [SessionImpl(PersistenceContext[entityKeys=[EntityKey[com.joseph.entity.Product#12], EntityKey[com.joseph.entity.Product#11]],collectionKeys=[CollectionKey[com.joseph.entity.Product.orderItems#11]]];ActionQueue[insertions=ExecutableList{size=0} updates=ExecutableList{size=0} deletions=ExecutableList{size=1} orphanRemovals=ExecutableList{size=0} collectionCreations=ExecutableList{size=0} collectionRemovals=ExecutableList{size=0} collectionUpdates=ExecutableList{size=0} collectionQueuedOps=ExecutableList{size=0} unresolvedInsertDependencies=null])] for JPA transaction
16:39:05.674 [main] DEBUG org.springframework.orm.jpa.JpaTransactionManager - Participating in existing transaction
16:39:05.674 [main] DEBUG org.springframework.data.repository.core.support.TransactionalRepositoryProxyPostProcessor$CustomAnnotationTransactionAttributeSource - Adding transactional method 'findAll' with attribute: PROPAGATION_REQUIRED,ISOLATION_DEFAULT,readOnly
16:39:05.674 [main] DEBUG org.springframework.orm.jpa.JpaTransactionManager - Found thread-bound EntityManager [SessionImpl(PersistenceContext[entityKeys=[EntityKey[com.joseph.entity.Product#12], EntityKey[com.joseph.entity.Product#11]],collectionKeys=[CollectionKey[com.joseph.entity.Product.orderItems#11]]];ActionQueue[insertions=ExecutableList{size=0} updates=ExecutableList{size=0} deletions=ExecutableList{size=1} orphanRemovals=ExecutableList{size=0} collectionCreations=ExecutableList{size=0} collectionRemovals=ExecutableList{size=0} collectionUpdates=ExecutableList{size=0} collectionQueuedOps=ExecutableList{size=0} unresolvedInsertDependencies=null])] for JPA transaction
16:39:05.674 [main] DEBUG org.springframework.orm.jpa.JpaTransactionManager - Participating in existing transaction
16:39:05.674 [main] DEBUG org.hibernate.query.criteria.internal.CriteriaQueryImpl - Rendered criteria query -> select generatedAlias0 from Product as generatedAlias0
16:39:05.674 [main] DEBUG org.hibernate.event.internal.AbstractFlushingEventListener - Processing flush-time cascades
16:39:05.674 [main] DEBUG org.hibernate.event.internal.AbstractFlushingEventListener - Dirty checking collections
16:39:05.676 [main] DEBUG org.hibernate.engine.internal.Collections - Collection found: [com.joseph.entity.Product.orderItems#12], was: [<unreferenced>] (initialized)
16:39:05.676 [main] DEBUG org.hibernate.engine.internal.Collections - Collection dereferenced: [com.joseph.entity.Product.orderItems#11]
16:39:05.676 [main] DEBUG org.hibernate.event.internal.AbstractFlushingEventListener - Flushed: 0 insertions, 0 updates, 1 deletions to 2 objects
16:39:05.676 [main] DEBUG org.hibernate.event.internal.AbstractFlushingEventListener - Flushed: 1 (re)creations, 0 updates, 1 removals to 2 collections
16:39:05.676 [main] DEBUG org.hibernate.internal.util.EntityPrinter - Listing entities:
16:39:05.676 [main] DEBUG org.hibernate.internal.util.EntityPrinter - com.joseph.entity.Product{idproduct=12, stockproduct=3, nameproduct=Test Product, priceproduct=1200.0, orderItems=[]}
16:39:05.676 [main] DEBUG org.hibernate.internal.util.EntityPrinter - com.joseph.entity.Product{idproduct=11, stockproduct=3, nameproduct=Test Product, priceproduct=1200.0, orderItems=[]}
16:39:05.676 [main] DEBUG org.hibernate.engine.spi.ActionQueue - Changes must be flushed to space: Product
16:39:05.676 [main] DEBUG org.hibernate.SQL - delete from Product where idproduct=?
16:39:05.677 [main] DEBUG org.hibernate.SQL - select product0_.idproduct as idproduc1_3_, product0_.nameproduct as nameprod2_3_, product0_.priceproduct as pricepro3_3_, product0_.stockproduct as stockpro4_3_ from Product product0_
16:39:05.678 [main] DEBUG org.hibernate.loader.Loader - Result set row: 0
16:39:05.678 [main] DEBUG org.hibernate.loader.Loader - Result row: EntityKey[com.joseph.entity.Product#12]
16:39:05.679 [main] DEBUG org.springframework.test.context.cache.DefaultCacheAwareContextLoaderDelegate - Retrieved ApplicationContext [270056930] from cache with key [[MergedContextConfiguration@7a388990 testClass = ProductServiceImplTest, locations = '{}', classes = '{class com.joseph.config.PersistenceJPAConfig}', contextInitializerClasses = '[]', activeProfiles = '{}', propertySourceLocations = '{}', propertySourceProperties = '{}', contextCustomizers = set[[empty]], contextLoader = 'org.springframework.test.context.support.DelegatingSmartContextLoader', parent = [null]]]
16:39:05.679 [main] DEBUG org.springframework.test.context.cache - Spring test ApplicationContext cache statistics: [DefaultContextCache@65bb6275 size = 1, maxSize = 32, parentContextCount = 0, hitCount = 119, missCount = 1]
16:39:05.680 [main] DEBUG org.springframework.orm.jpa.JpaTransactionManager - Found thread-bound EntityManager [SessionImpl(PersistenceContext[entityKeys=[EntityKey[com.joseph.entity.Product#12]],collectionKeys=[CollectionKey[com.joseph.entity.Product.orderItems#12]]];ActionQueue[insertions=ExecutableList{size=0} updates=ExecutableList{size=0} deletions=ExecutableList{size=0} orphanRemovals=ExecutableList{size=0} collectionCreations=ExecutableList{size=0} collectionRemovals=ExecutableList{size=0} collectionUpdates=ExecutableList{size=0} collectionQueuedOps=ExecutableList{size=0} unresolvedInsertDependencies=null])] for JPA transaction
16:39:05.680 [main] DEBUG org.springframework.orm.jpa.JpaTransactionManager - Participating in existing transaction
16:39:05.680 [main] DEBUG org.hibernate.query.criteria.internal.CriteriaQueryImpl - Rendered criteria query -> select generatedAlias0 from Product as generatedAlias0
16:39:05.680 [main] DEBUG org.hibernate.event.internal.AbstractFlushingEventListener - Processing flush-time cascades
16:39:05.680 [main] DEBUG org.hibernate.event.internal.AbstractFlushingEventListener - Dirty checking collections
16:39:05.680 [main] DEBUG org.hibernate.engine.internal.Collections - Collection found: [com.joseph.entity.Product.orderItems#12], was: [com.joseph.entity.Product.orderItems#12] (initialized)
16:39:05.680 [main] DEBUG org.hibernate.event.internal.AbstractFlushingEventListener - Flushed: 0 insertions, 0 updates, 0 deletions to 1 objects
16:39:05.680 [main] DEBUG org.hibernate.event.internal.AbstractFlushingEventListener - Flushed: 0 (re)creations, 0 updates, 0 removals to 1 collections
16:39:05.680 [main] DEBUG org.hibernate.internal.util.EntityPrinter - Listing entities:
16:39:05.680 [main] DEBUG org.hibernate.internal.util.EntityPrinter - com.joseph.entity.Product{idproduct=12, stockproduct=3, nameproduct=Test Product, priceproduct=1200.0, orderItems=[]}
16:39:05.680 [main] DEBUG org.hibernate.SQL - select product0_.idproduct as idproduc1_3_, product0_.nameproduct as nameprod2_3_, product0_.priceproduct as pricepro3_3_, product0_.stockproduct as stockpro4_3_ from Product product0_
16:39:05.682 [main] DEBUG org.hibernate.loader.Loader - Result set row: 0
16:39:05.682 [main] DEBUG org.hibernate.loader.Loader - Result row: EntityKey[com.joseph.entity.Product#12]
16:39:05.683 [main] DEBUG org.springframework.test.context.cache.DefaultCacheAwareContextLoaderDelegate - Retrieved ApplicationContext [270056930] from cache with key [[MergedContextConfiguration@7a388990 testClass = ProductServiceImplTest, locations = '{}', classes = '{class com.joseph.config.PersistenceJPAConfig}', contextInitializerClasses = '[]', activeProfiles = '{}', propertySourceLocations = '{}', propertySourceProperties = '{}', contextCustomizers = set[[empty]], contextLoader = 'org.springframework.test.context.support.DelegatingSmartContextLoader', parent = [null]]]
16:39:05.684 [main] DEBUG org.springframework.test.context.cache - Spring test ApplicationContext cache statistics: [DefaultContextCache@65bb6275 size = 1, maxSize = 32, parentContextCount = 0, hitCount = 120, missCount = 1]
16:39:05.685 [main] DEBUG org.springframework.orm.jpa.JpaTransactionManager - Initiating transaction rollback
16:39:05.685 [main] DEBUG org.springframework.orm.jpa.JpaTransactionManager - Rolling back JPA transaction on EntityManager [SessionImpl(PersistenceContext[entityKeys=[EntityKey[com.joseph.entity.Product#12]],collectionKeys=[CollectionKey[com.joseph.entity.Product.orderItems#12]]];ActionQueue[insertions=ExecutableList{size=0} updates=ExecutableList{size=0} deletions=ExecutableList{size=1} orphanRemovals=ExecutableList{size=0} collectionCreations=ExecutableList{size=0} collectionRemovals=ExecutableList{size=0} collectionUpdates=ExecutableList{size=0} collectionQueuedOps=ExecutableList{size=0} unresolvedInsertDependencies=null])]
16:39:05.685 [main] DEBUG org.hibernate.engine.transaction.internal.TransactionImpl - rolling back
16:39:05.686 [main] DEBUG org.springframework.orm.jpa.JpaTransactionManager - Closing JPA EntityManager [SessionImpl(PersistenceContext[entityKeys=[],collectionKeys=[]];ActionQueue[insertions=ExecutableList{size=0} updates=ExecutableList{size=0} deletions=ExecutableList{size=0} orphanRemovals=ExecutableList{size=0} collectionCreations=ExecutableList{size=0} collectionRemovals=ExecutableList{size=0} collectionUpdates=ExecutableList{size=0} collectionQueuedOps=ExecutableList{size=0} unresolvedInsertDependencies=null])] after transaction
16:39:05.686 [main] DEBUG org.hibernate.engine.jdbc.internal.JdbcCoordinatorImpl - HHH000420: Closing un-released batch
16:39:05.686 [main] INFO org.springframework.test.context.transaction.TransactionContext - Rolled back transaction for test: [DefaultTestContext@1a531422 testClass = ProductServiceImplTest, testInstance = com.joseph.service.Impl.ProductServiceImplTest@4026461d, testMethod = testGetProducts@ProductServiceImplTest, testException = [null], mergedContextConfiguration = [MergedContextConfiguration@7a388990 testClass = ProductServiceImplTest, locations = '{}', classes = '{class com.joseph.config.PersistenceJPAConfig}', contextInitializerClasses = '[]', activeProfiles = '{}', propertySourceLocations = '{}', propertySourceProperties = '{}', contextCustomizers = set[[empty]], contextLoader = 'org.springframework.test.context.support.DelegatingSmartContextLoader', parent = [null]], attributes = map[[empty]]]
16:39:05.687 [main] DEBUG org.springframework.test.context.support.AbstractDirtiesContextTestExecutionListener - After test method: context [DefaultTestContext@1a531422 testClass = ProductServiceImplTest, testInstance = com.joseph.service.Impl.ProductServiceImplTest@4026461d, testMethod = testGetProducts@ProductServiceImplTest, testException = [null], mergedContextConfiguration = [MergedContextConfiguration@7a388990 testClass = ProductServiceImplTest, locations = '{}', classes = '{class com.joseph.config.PersistenceJPAConfig}', contextInitializerClasses = '[]', activeProfiles = '{}', propertySourceLocations = '{}', propertySourceProperties = '{}', contextCustomizers = set[[empty]], contextLoader = 'org.springframework.test.context.support.DelegatingSmartContextLoader', parent = [null]], attributes = map[[empty]]], class annotated with @DirtiesContext [false] with mode [null], method annotated with @DirtiesContext [false] with mode [null].
]]></system-out>
  </testcase>
</testsuite>