<?xml version="1.0" encoding="UTF-8"?>
<testsuite xmlns:xsi="http://www.w3.org/2001/XMLSchema-instance" xsi:noNamespaceSchemaLocation="https://maven.apache.org/surefire/maven-surefire-plugin/xsd/surefire-test-report-3.0.xsd" version="3.0" name="com.joseph.service.Impl.ClientServiceImplTest$parameterizedAndRepetedTest" time="0.771" tests="7" errors="0" skipped="0" failures="0">
  <properties>
    <property name="sun.desktop" value="windows"/>
    <property name="awt.toolkit" value="sun.awt.windows.WToolkit"/>
    <property name="file.encoding.pkg" value="sun.io"/>
    <property name="java.specification.version" value="1.8"/>
    <property name="sun.cpu.isalist" value="amd64"/>
    <property name="sun.jnu.encoding" value="Cp1252"/>
    <property name="java.class.path" value="C:\Users\yassinjouao\Desktop\backup\target\test-classes;C:\Users\yassinjouao\Desktop\backup\target\classes;C:\Users\yassinjouao\.m2\repository\com\fasterxml\jackson\core\jackson-databind\2.13.0\jackson-databind-2.13.0.jar;C:\Users\yassinjouao\.m2\repository\com\fasterxml\jackson\core\jackson-core\2.13.0\jackson-core-2.13.0.jar;C:\Users\yassinjouao\.m2\repository\com\fasterxml\jackson\core\jackson-annotations\2.13.0\jackson-annotations-2.13.0.jar;C:\Users\yassinjouao\.m2\repository\org\apache\poi\poi-ooxml\3.11\poi-ooxml-3.11.jar;C:\Users\yassinjouao\.m2\repository\org\apache\poi\poi\3.11\poi-3.11.jar;C:\Users\yassinjouao\.m2\repository\commons-codec\commons-codec\1.9\commons-codec-1.9.jar;C:\Users\yassinjouao\.m2\repository\org\apache\poi\poi-ooxml-schemas\3.11\poi-ooxml-schemas-3.11.jar;C:\Users\yassinjouao\.m2\repository\org\apache\xmlbeans\xmlbeans\2.6.0\xmlbeans-2.6.0.jar;C:\Users\yassinjouao\.m2\repository\stax\stax-api\1.0.1\stax-api-1.0.1.jar;C:\Users\yassinjouao\.m2\repository\org\springframework\spring-webmvc\5.2.22.RELEASE\spring-webmvc-5.2.22.RELEASE.jar;C:\Users\yassinjouao\.m2\repository\org\springframework\spring-aop\5.2.22.RELEASE\spring-aop-5.2.22.RELEASE.jar;C:\Users\yassinjouao\.m2\repository\org\springframework\spring-beans\5.2.22.RELEASE\spring-beans-5.2.22.RELEASE.jar;C:\Users\yassinjouao\.m2\repository\org\springframework\spring-context\5.2.22.RELEASE\spring-context-5.2.22.RELEASE.jar;C:\Users\yassinjouao\.m2\repository\org\springframework\spring-core\5.2.22.RELEASE\spring-core-5.2.22.RELEASE.jar;C:\Users\yassinjouao\.m2\repository\org\springframework\spring-jcl\5.2.22.RELEASE\spring-jcl-5.2.22.RELEASE.jar;C:\Users\yassinjouao\.m2\repository\org\springframework\spring-expression\5.2.22.RELEASE\spring-expression-5.2.22.RELEASE.jar;C:\Users\yassinjouao\.m2\repository\org\springframework\spring-web\5.2.22.RELEASE\spring-web-5.2.22.RELEASE.jar;C:\Users\yassinjouao\.m2\repository\org\thymeleaf\thymeleaf-spring5\3.0.15.RELEASE\thymeleaf-spring5-3.0.15.RELEASE.jar;C:\Users\yassinjouao\.m2\repository\org\thymeleaf\thymeleaf\3.0.15.RELEASE\thymeleaf-3.0.15.RELEASE.jar;C:\Users\yassinjouao\.m2\repository\org\attoparser\attoparser\2.0.5.RELEASE\attoparser-2.0.5.RELEASE.jar;C:\Users\yassinjouao\.m2\repository\org\unbescape\unbescape\1.1.6.RELEASE\unbescape-1.1.6.RELEASE.jar;C:\Users\yassinjouao\.m2\repository\org\webjars\bootstrap\5.2.0\bootstrap-5.2.0.jar;C:\Users\yassinjouao\.m2\repository\jakarta\servlet\jakarta.servlet-api\4.0.4\jakarta.servlet-api-4.0.4.jar;C:\Users\yassinjouao\.m2\repository\org\springframework\spring-test\5.2.22.RELEASE\spring-test-5.2.22.RELEASE.jar;C:\Users\yassinjouao\.m2\repository\org\slf4j\slf4j-api\1.7.32\slf4j-api-1.7.32.jar;C:\Users\yassinjouao\.m2\repository\ch\qos\logback\logback-classic\1.2.6\logback-classic-1.2.6.jar;C:\Users\yassinjouao\.m2\repository\ch\qos\logback\logback-core\1.2.6\logback-core-1.2.6.jar;C:\Users\yassinjouao\.m2\repository\org\junit\jupiter\junit-jupiter-api\5.9.0\junit-jupiter-api-5.9.0.jar;C:\Users\yassinjouao\.m2\repository\org\opentest4j\opentest4j\1.2.0\opentest4j-1.2.0.jar;C:\Users\yassinjouao\.m2\repository\org\junit\platform\junit-platform-commons\1.9.0\junit-platform-commons-1.9.0.jar;C:\Users\yassinjouao\.m2\repository\org\apiguardian\apiguardian-api\1.1.2\apiguardian-api-1.1.2.jar;C:\Users\yassinjouao\.m2\repository\org\junit\jupiter\junit-jupiter-params\5.10.0\junit-jupiter-params-5.10.0.jar;C:\Users\yassinjouao\.m2\repository\org\junit\jupiter\junit-jupiter-engine\5.9.0\junit-jupiter-engine-5.9.0.jar;C:\Users\yassinjouao\.m2\repository\org\junit\platform\junit-platform-engine\1.9.0\junit-platform-engine-1.9.0.jar;C:\Users\yassinjouao\.m2\repository\org\hamcrest\hamcrest-core\2.2\hamcrest-core-2.2.jar;C:\Users\yassinjouao\.m2\repository\org\hamcrest\hamcrest\2.2\hamcrest-2.2.jar;C:\Users\yassinjouao\.m2\repository\com\mysql\mysql-connector-j\8.0.31\mysql-connector-j-8.0.31.jar;C:\Users\yassinjouao\.m2\repository\com\google\protobuf\protobuf-java\3.19.4\protobuf-java-3.19.4.jar;C:\Users\yassinjouao\.m2\repository\org\springframework\spring-orm\5.2.22.RELEASE\spring-orm-5.2.22.RELEASE.jar;C:\Users\yassinjouao\.m2\repository\org\springframework\spring-jdbc\5.2.22.RELEASE\spring-jdbc-5.2.22.RELEASE.jar;C:\Users\yassinjouao\.m2\repository\org\springframework\spring-tx\5.2.22.RELEASE\spring-tx-5.2.22.RELEASE.jar;C:\Users\yassinjouao\.m2\repository\org\hibernate\hibernate-entitymanager\5.2.17.Final\hibernate-entitymanager-5.2.17.Final.jar;C:\Users\yassinjouao\.m2\repository\org\jboss\logging\jboss-logging\3.3.1.Final\jboss-logging-3.3.1.Final.jar;C:\Users\yassinjouao\.m2\repository\org\hibernate\hibernate-core\5.2.17.Final\hibernate-core-5.2.17.Final.jar;C:\Users\yassinjouao\.m2\repository\antlr\antlr\2.7.7\antlr-2.7.7.jar;C:\Users\yassinjouao\.m2\repository\org\jboss\jandex\2.0.3.Final\jandex-2.0.3.Final.jar;C:\Users\yassinjouao\.m2\repository\dom4j\dom4j\1.6.1\dom4j-1.6.1.jar;C:\Users\yassinjouao\.m2\repository\org\hibernate\common\hibernate-commons-annotations\5.0.1.Final\hibernate-commons-annotations-5.0.1.Final.jar;C:\Users\yassinjouao\.m2\repository\org\hibernate\javax\persistence\hibernate-jpa-2.1-api\1.0.0.Final\hibernate-jpa-2.1-api-1.0.0.Final.jar;C:\Users\yassinjouao\.m2\repository\org\javassist\javassist\3.22.0-GA\javassist-3.22.0-GA.jar;C:\Users\yassinjouao\.m2\repository\net\bytebuddy\byte-buddy\1.6.14\byte-buddy-1.6.14.jar;C:\Users\yassinjouao\.m2\repository\org\jboss\spec\javax\transaction\jboss-transaction-api_1.2_spec\1.0.1.Final\jboss-transaction-api_1.2_spec-1.0.1.Final.jar;C:\Users\yassinjouao\.m2\repository\org\hibernate\hibernate-validator\5.4.1.Final\hibernate-validator-5.4.1.Final.jar;C:\Users\yassinjouao\.m2\repository\javax\validation\validation-api\1.1.0.Final\validation-api-1.1.0.Final.jar;C:\Users\yassinjouao\.m2\repository\com\fasterxml\classmate\1.3.1\classmate-1.3.1.jar;C:\Users\yassinjouao\.m2\repository\org\springframework\data\spring-data-jpa\2.1.0.RELEASE\spring-data-jpa-2.1.0.RELEASE.jar;C:\Users\yassinjouao\.m2\repository\org\springframework\data\spring-data-commons\2.1.0.RELEASE\spring-data-commons-2.1.0.RELEASE.jar;C:\Users\yassinjouao\.m2\repository\org\aspectj\aspectjrt\1.9.1\aspectjrt-1.9.1.jar;C:\Users\yassinjouao\.m2\repository\com\h2database\h2\2.1.214\h2-2.1.214.jar;"/>
    <property name="java.vm.vendor" value="Oracle Corporation"/>
    <property name="sun.arch.data.model" value="64"/>
    <property name="user.variant" value=""/>
    <property name="java.vendor.url" value="http://java.oracle.com/"/>
    <property name="user.timezone" value="Africa/Casablanca"/>
    <property name="java.vm.specification.version" value="1.8"/>
    <property name="os.name" value="Windows 10"/>
    <property name="user.country" value="US"/>
    <property name="sun.java.launcher" value="SUN_STANDARD"/>
    <property name="sun.boot.library.path" value="C:\Program Files\Java\jdk-1.8\jre\bin"/>
    <property name="sun.java.command" value="C:\Users\yassinjouao\AppData\Local\Temp\surefire3009955518126088091\surefirebooter-20240105100759340_3.jar C:\Users\yassinjouao\AppData\Local\Temp\surefire3009955518126088091 2024-01-05T10-07-58_543-jvmRun1 surefire-20240105100759340_1tmp surefire_0-20240105100759340_2tmp"/>
    <property name="surefire.test.class.path" value="C:\Users\yassinjouao\Desktop\backup\target\test-classes;C:\Users\yassinjouao\Desktop\backup\target\classes;C:\Users\yassinjouao\.m2\repository\com\fasterxml\jackson\core\jackson-databind\2.13.0\jackson-databind-2.13.0.jar;C:\Users\yassinjouao\.m2\repository\com\fasterxml\jackson\core\jackson-core\2.13.0\jackson-core-2.13.0.jar;C:\Users\yassinjouao\.m2\repository\com\fasterxml\jackson\core\jackson-annotations\2.13.0\jackson-annotations-2.13.0.jar;C:\Users\yassinjouao\.m2\repository\org\apache\poi\poi-ooxml\3.11\poi-ooxml-3.11.jar;C:\Users\yassinjouao\.m2\repository\org\apache\poi\poi\3.11\poi-3.11.jar;C:\Users\yassinjouao\.m2\repository\commons-codec\commons-codec\1.9\commons-codec-1.9.jar;C:\Users\yassinjouao\.m2\repository\org\apache\poi\poi-ooxml-schemas\3.11\poi-ooxml-schemas-3.11.jar;C:\Users\yassinjouao\.m2\repository\org\apache\xmlbeans\xmlbeans\2.6.0\xmlbeans-2.6.0.jar;C:\Users\yassinjouao\.m2\repository\stax\stax-api\1.0.1\stax-api-1.0.1.jar;C:\Users\yassinjouao\.m2\repository\org\springframework\spring-webmvc\5.2.22.RELEASE\spring-webmvc-5.2.22.RELEASE.jar;C:\Users\yassinjouao\.m2\repository\org\springframework\spring-aop\5.2.22.RELEASE\spring-aop-5.2.22.RELEASE.jar;C:\Users\yassinjouao\.m2\repository\org\springframework\spring-beans\5.2.22.RELEASE\spring-beans-5.2.22.RELEASE.jar;C:\Users\yassinjouao\.m2\repository\org\springframework\spring-context\5.2.22.RELEASE\spring-context-5.2.22.RELEASE.jar;C:\Users\yassinjouao\.m2\repository\org\springframework\spring-core\5.2.22.RELEASE\spring-core-5.2.22.RELEASE.jar;C:\Users\yassinjouao\.m2\repository\org\springframework\spring-jcl\5.2.22.RELEASE\spring-jcl-5.2.22.RELEASE.jar;C:\Users\yassinjouao\.m2\repository\org\springframework\spring-expression\5.2.22.RELEASE\spring-expression-5.2.22.RELEASE.jar;C:\Users\yassinjouao\.m2\repository\org\springframework\spring-web\5.2.22.RELEASE\spring-web-5.2.22.RELEASE.jar;C:\Users\yassinjouao\.m2\repository\org\thymeleaf\thymeleaf-spring5\3.0.15.RELEASE\thymeleaf-spring5-3.0.15.RELEASE.jar;C:\Users\yassinjouao\.m2\repository\org\thymeleaf\thymeleaf\3.0.15.RELEASE\thymeleaf-3.0.15.RELEASE.jar;C:\Users\yassinjouao\.m2\repository\org\attoparser\attoparser\2.0.5.RELEASE\attoparser-2.0.5.RELEASE.jar;C:\Users\yassinjouao\.m2\repository\org\unbescape\unbescape\1.1.6.RELEASE\unbescape-1.1.6.RELEASE.jar;C:\Users\yassinjouao\.m2\repository\org\webjars\bootstrap\5.2.0\bootstrap-5.2.0.jar;C:\Users\yassinjouao\.m2\repository\jakarta\servlet\jakarta.servlet-api\4.0.4\jakarta.servlet-api-4.0.4.jar;C:\Users\yassinjouao\.m2\repository\org\springframework\spring-test\5.2.22.RELEASE\spring-test-5.2.22.RELEASE.jar;C:\Users\yassinjouao\.m2\repository\org\slf4j\slf4j-api\1.7.32\slf4j-api-1.7.32.jar;C:\Users\yassinjouao\.m2\repository\ch\qos\logback\logback-classic\1.2.6\logback-classic-1.2.6.jar;C:\Users\yassinjouao\.m2\repository\ch\qos\logback\logback-core\1.2.6\logback-core-1.2.6.jar;C:\Users\yassinjouao\.m2\repository\org\junit\jupiter\junit-jupiter-api\5.9.0\junit-jupiter-api-5.9.0.jar;C:\Users\yassinjouao\.m2\repository\org\opentest4j\opentest4j\1.2.0\opentest4j-1.2.0.jar;C:\Users\yassinjouao\.m2\repository\org\junit\platform\junit-platform-commons\1.9.0\junit-platform-commons-1.9.0.jar;C:\Users\yassinjouao\.m2\repository\org\apiguardian\apiguardian-api\1.1.2\apiguardian-api-1.1.2.jar;C:\Users\yassinjouao\.m2\repository\org\junit\jupiter\junit-jupiter-params\5.10.0\junit-jupiter-params-5.10.0.jar;C:\Users\yassinjouao\.m2\repository\org\junit\jupiter\junit-jupiter-engine\5.9.0\junit-jupiter-engine-5.9.0.jar;C:\Users\yassinjouao\.m2\repository\org\junit\platform\junit-platform-engine\1.9.0\junit-platform-engine-1.9.0.jar;C:\Users\yassinjouao\.m2\repository\org\hamcrest\hamcrest-core\2.2\hamcrest-core-2.2.jar;C:\Users\yassinjouao\.m2\repository\org\hamcrest\hamcrest\2.2\hamcrest-2.2.jar;C:\Users\yassinjouao\.m2\repository\com\mysql\mysql-connector-j\8.0.31\mysql-connector-j-8.0.31.jar;C:\Users\yassinjouao\.m2\repository\com\google\protobuf\protobuf-java\3.19.4\protobuf-java-3.19.4.jar;C:\Users\yassinjouao\.m2\repository\org\springframework\spring-orm\5.2.22.RELEASE\spring-orm-5.2.22.RELEASE.jar;C:\Users\yassinjouao\.m2\repository\org\springframework\spring-jdbc\5.2.22.RELEASE\spring-jdbc-5.2.22.RELEASE.jar;C:\Users\yassinjouao\.m2\repository\org\springframework\spring-tx\5.2.22.RELEASE\spring-tx-5.2.22.RELEASE.jar;C:\Users\yassinjouao\.m2\repository\org\hibernate\hibernate-entitymanager\5.2.17.Final\hibernate-entitymanager-5.2.17.Final.jar;C:\Users\yassinjouao\.m2\repository\org\jboss\logging\jboss-logging\3.3.1.Final\jboss-logging-3.3.1.Final.jar;C:\Users\yassinjouao\.m2\repository\org\hibernate\hibernate-core\5.2.17.Final\hibernate-core-5.2.17.Final.jar;C:\Users\yassinjouao\.m2\repository\antlr\antlr\2.7.7\antlr-2.7.7.jar;C:\Users\yassinjouao\.m2\repository\org\jboss\jandex\2.0.3.Final\jandex-2.0.3.Final.jar;C:\Users\yassinjouao\.m2\repository\dom4j\dom4j\1.6.1\dom4j-1.6.1.jar;C:\Users\yassinjouao\.m2\repository\org\hibernate\common\hibernate-commons-annotations\5.0.1.Final\hibernate-commons-annotations-5.0.1.Final.jar;C:\Users\yassinjouao\.m2\repository\org\hibernate\javax\persistence\hibernate-jpa-2.1-api\1.0.0.Final\hibernate-jpa-2.1-api-1.0.0.Final.jar;C:\Users\yassinjouao\.m2\repository\org\javassist\javassist\3.22.0-GA\javassist-3.22.0-GA.jar;C:\Users\yassinjouao\.m2\repository\net\bytebuddy\byte-buddy\1.6.14\byte-buddy-1.6.14.jar;C:\Users\yassinjouao\.m2\repository\org\jboss\spec\javax\transaction\jboss-transaction-api_1.2_spec\1.0.1.Final\jboss-transaction-api_1.2_spec-1.0.1.Final.jar;C:\Users\yassinjouao\.m2\repository\org\hibernate\hibernate-validator\5.4.1.Final\hibernate-validator-5.4.1.Final.jar;C:\Users\yassinjouao\.m2\repository\javax\validation\validation-api\1.1.0.Final\validation-api-1.1.0.Final.jar;C:\Users\yassinjouao\.m2\repository\com\fasterxml\classmate\1.3.1\classmate-1.3.1.jar;C:\Users\yassinjouao\.m2\repository\org\springframework\data\spring-data-jpa\2.1.0.RELEASE\spring-data-jpa-2.1.0.RELEASE.jar;C:\Users\yassinjouao\.m2\repository\org\springframework\data\spring-data-commons\2.1.0.RELEASE\spring-data-commons-2.1.0.RELEASE.jar;C:\Users\yassinjouao\.m2\repository\org\aspectj\aspectjrt\1.9.1\aspectjrt-1.9.1.jar;C:\Users\yassinjouao\.m2\repository\com\h2database\h2\2.1.214\h2-2.1.214.jar;"/>
    <property name="sun.cpu.endian" value="little"/>
    <property name="user.home" value="C:\Users\yassinjouao"/>
    <property name="user.language" value="en"/>
    <property name="java.specification.vendor" value="Oracle Corporation"/>
    <property name="java.home" value="C:\Program Files\Java\jdk-1.8\jre"/>
    <property name="basedir" value="C:\Users\yassinjouao\Desktop\backup"/>
    <property name="file.separator" value="\"/>
    <property name="line.separator" value="&#10;"/>
    <property name="java.vm.specification.vendor" value="Oracle Corporation"/>
    <property name="java.specification.name" value="Java Platform API Specification"/>
    <property name="java.awt.graphicsenv" value="sun.awt.Win32GraphicsEnvironment"/>
    <property name="surefire.real.class.path" value="C:\Users\yassinjouao\AppData\Local\Temp\surefire3009955518126088091\surefirebooter-20240105100759340_3.jar"/>
    <property name="sun.boot.class.path" value="C:\Program Files\Java\jdk-1.8\jre\lib\resources.jar;C:\Program Files\Java\jdk-1.8\jre\lib\rt.jar;C:\Program Files\Java\jdk-1.8\jre\lib\jsse.jar;C:\Program Files\Java\jdk-1.8\jre\lib\jce.jar;C:\Program Files\Java\jdk-1.8\jre\lib\charsets.jar;C:\Program Files\Java\jdk-1.8\jre\lib\jfr.jar;C:\Program Files\Java\jdk-1.8\jre\classes"/>
    <property name="user.script" value=""/>
    <property name="sun.management.compiler" value="HotSpot 64-Bit Tiered Compilers"/>
    <property name="java.runtime.version" value="1.8.0_391-b13"/>
    <property name="user.name" value="yassinjouao"/>
    <property name="path.separator" value=";"/>
    <property name="os.version" value="10.0"/>
    <property name="java.endorsed.dirs" value="C:\Program Files\Java\jdk-1.8\jre\lib\endorsed"/>
    <property name="java.runtime.name" value="Java(TM) SE Runtime Environment"/>
    <property name="file.encoding" value="Cp1252"/>
    <property name="java.vm.name" value="Java HotSpot(TM) 64-Bit Server VM"/>
    <property name="localRepository" value="C:\Users\yassinjouao\.m2\repository"/>
    <property name="java.vendor.url.bug" value="http://bugreport.sun.com/bugreport/"/>
    <property name="java.io.tmpdir" value="C:\Users\YASSIN~1\AppData\Local\Temp\"/>
    <property name="java.version" value="1.8.0_391"/>
    <property name="user.dir" value="C:\Users\yassinjouao\Desktop\backup"/>
    <property name="os.arch" value="amd64"/>
    <property name="java.vm.specification.name" value="Java Virtual Machine Specification"/>
    <property name="java.awt.printerjob" value="sun.awt.windows.WPrinterJob"/>
    <property name="sun.os.patch.level" value=""/>
    <property name="java.library.path" value="C:\Program Files\Java\jdk-1.8\jre\bin;C:\WINDOWS\Sun\Java\bin;C:\WINDOWS\system32;C:\WINDOWS;C:\Users\yassinjouao\bin;C:\Program Files\Git\mingw64\bin;C:\Program Files\Git\usr\local\bin;C:\Program Files\Git\usr\bin;C:\Program Files\Git\usr\bin;C:\Program Files\Git\mingw64\bin;C:\Program Files\Git\usr\bin;C:\Users\yassinjouao\bin;C:\Program Files\Java\jdk-1.8\bin;C:\WINDOWS\system32;C:\WINDOWS;C:\WINDOWS\System32\Wbem;C:\WINDOWS\System32\WindowsPowerShell\v1.0;C:\WINDOWS\System32\OpenSSH;C:\Program Files\Git\cmd;C:\Program Files\nodejs;C:\Program Files\apache-maven-3.9.6\bin;C:\Program Files\Cloudflare\Cloudflare WARP;C:\Users\yassinjouao\AppData\Local\Microsoft\WindowsApps;C:\Users\yassinjouao\AppData\Local\Programs\Microsoft VS Code\bin;C:\Users\yassinjouao\go\bin;C:\Users\yassinjouao\AppData\Roaming\npm;C:\Program Files\mongosh;C:\Program Files\JetBrains\IntelliJ IDEA Community Edition 2023.3\bin;C:\Program Files\JetBrains\IntelliJ IDEA 2023.3.2\bin;C:\Users\yassinjouao\AppData\Local\JetBrains\Toolbox\scripts;C:\Program Files\Git\usr\bin\vendor_perl;C:\Program Files\Git\usr\bin\core_perl;."/>
    <property name="java.vm.info" value="mixed mode"/>
    <property name="java.vendor" value="Oracle Corporation"/>
    <property name="java.vm.version" value="25.391-b13"/>
    <property name="java.specification.maintenance.version" value="5"/>
    <property name="java.ext.dirs" value="C:\Program Files\Java\jdk-1.8\jre\lib\ext;C:\WINDOWS\Sun\Java\lib\ext"/>
    <property name="sun.io.unicode.encoding" value="UnicodeLittle"/>
    <property name="java.class.version" value="52.0"/>
  </properties>
  <testcase name="testDeleteClient" classname="com.joseph.service.Impl.ClientServiceImplTest" time="0.364">
    <system-out><![CDATA[10:08:00.864 [main] DEBUG org.springframework.test.context.BootstrapUtils - Instantiating CacheAwareContextLoaderDelegate from class [org.springframework.test.context.cache.DefaultCacheAwareContextLoaderDelegate]
10:08:00.886 [main] DEBUG org.springframework.test.context.BootstrapUtils - Instantiating BootstrapContext using constructor [public org.springframework.test.context.support.DefaultBootstrapContext(java.lang.Class,org.springframework.test.context.CacheAwareContextLoaderDelegate)]
10:08:00.936 [main] DEBUG org.springframework.test.context.BootstrapUtils - Instantiating TestContextBootstrapper for test class [com.joseph.service.Impl.ClientServiceImplTest] from class [org.springframework.test.context.support.DefaultTestContextBootstrapper]
10:08:00.994 [main] DEBUG org.springframework.test.context.support.AbstractDelegatingSmartContextLoader - Delegating to AnnotationConfigContextLoader to process context configuration [ContextConfigurationAttributes@4802796d declaringClass = 'com.joseph.service.Impl.ClientServiceImplTest', classes = '{class com.joseph.config.PersistenceJPAConfig}', locations = '{}', inheritLocations = true, initializers = '{}', inheritInitializers = true, name = [null], contextLoaderClass = 'org.springframework.test.context.ContextLoader'].
10:08:01.053 [main] DEBUG org.springframework.test.context.support.ActiveProfilesUtils - Could not find an 'annotation declaring class' for annotation type [org.springframework.test.context.ActiveProfiles] and class [com.joseph.service.Impl.ClientServiceImplTest]
10:08:01.055 [main] DEBUG org.springframework.test.context.support.DefaultTestContextBootstrapper - @TestExecutionListeners is not present for class [com.joseph.service.Impl.ClientServiceImplTest]: using defaults.
10:08:01.056 [main] INFO org.springframework.test.context.support.DefaultTestContextBootstrapper - Loaded default TestExecutionListener class names from location [META-INF/spring.factories]: [org.springframework.test.context.web.ServletTestExecutionListener, org.springframework.test.context.support.DirtiesContextBeforeModesTestExecutionListener, org.springframework.test.context.support.DependencyInjectionTestExecutionListener, org.springframework.test.context.support.DirtiesContextTestExecutionListener, org.springframework.test.context.transaction.TransactionalTestExecutionListener, org.springframework.test.context.jdbc.SqlScriptsTestExecutionListener, org.springframework.test.context.event.EventPublishingTestExecutionListener]
10:08:01.098 [main] INFO org.springframework.test.context.support.DefaultTestContextBootstrapper - Using TestExecutionListeners: [org.springframework.test.context.web.ServletTestExecutionListener@2de23121, org.springframework.test.context.support.DirtiesContextBeforeModesTestExecutionListener@63475ace, org.springframework.test.context.support.DependencyInjectionTestExecutionListener@4988d8b8, org.springframework.test.context.support.DirtiesContextTestExecutionListener@c0c2f8d, org.springframework.test.context.transaction.TransactionalTestExecutionListener@305b7c14, org.springframework.test.context.jdbc.SqlScriptsTestExecutionListener@6913c1fb, org.springframework.test.context.event.EventPublishingTestExecutionListener@66d18979]
10:08:01.104 [main] DEBUG org.springframework.test.context.support.AbstractDirtiesContextTestExecutionListener - Before test class: context [DefaultTestContext@79d8407f testClass = ClientServiceImplTest, testInstance = [null], testMethod = [null], testException = [null], mergedContextConfiguration = [MergedContextConfiguration@5fbe4146 testClass = ClientServiceImplTest, locations = '{}', classes = '{class com.joseph.config.PersistenceJPAConfig}', contextInitializerClasses = '[]', activeProfiles = '{}', propertySourceLocations = '{}', propertySourceProperties = '{}', contextCustomizers = set[[empty]], contextLoader = 'org.springframework.test.context.support.DelegatingSmartContextLoader', parent = [null]], attributes = map[[empty]]], class annotated with @DirtiesContext [false] with mode [null].
10:08:01.142 [main] DEBUG org.springframework.test.context.support.DependencyInjectionTestExecutionListener - Performing dependency injection for test context [[DefaultTestContext@79d8407f testClass = ClientServiceImplTest, testInstance = com.joseph.service.Impl.ClientServiceImplTest@291b4bf5, testMethod = [null], testException = [null], mergedContextConfiguration = [MergedContextConfiguration@5fbe4146 testClass = ClientServiceImplTest, locations = '{}', classes = '{class com.joseph.config.PersistenceJPAConfig}', contextInitializerClasses = '[]', activeProfiles = '{}', propertySourceLocations = '{}', propertySourceProperties = '{}', contextCustomizers = set[[empty]], contextLoader = 'org.springframework.test.context.support.DelegatingSmartContextLoader', parent = [null]], attributes = map[[empty]]]].
10:08:01.144 [main] DEBUG org.springframework.test.context.support.AbstractDelegatingSmartContextLoader - Delegating to AnnotationConfigContextLoader to load context from [MergedContextConfiguration@5fbe4146 testClass = ClientServiceImplTest, locations = '{}', classes = '{class com.joseph.config.PersistenceJPAConfig}', contextInitializerClasses = '[]', activeProfiles = '{}', propertySourceLocations = '{}', propertySourceProperties = '{}', contextCustomizers = set[[empty]], contextLoader = 'org.springframework.test.context.support.DelegatingSmartContextLoader', parent = [null]].
10:08:01.145 [main] DEBUG org.springframework.test.context.support.AbstractGenericContextLoader - Loading ApplicationContext for merged context configuration [[MergedContextConfiguration@5fbe4146 testClass = ClientServiceImplTest, locations = '{}', classes = '{class com.joseph.config.PersistenceJPAConfig}', contextInitializerClasses = '[]', activeProfiles = '{}', propertySourceLocations = '{}', propertySourceProperties = '{}', contextCustomizers = set[[empty]], contextLoader = 'org.springframework.test.context.support.DelegatingSmartContextLoader', parent = [null]]].
10:08:01.262 [main] DEBUG org.springframework.core.env.StandardEnvironment - Activating profiles []
10:08:01.262 [main] DEBUG org.springframework.test.context.support.AnnotationConfigContextLoader - Registering component classes: {class com.joseph.config.PersistenceJPAConfig}
10:08:01.401 [main] DEBUG org.springframework.context.support.GenericApplicationContext - Refreshing org.springframework.context.support.GenericApplicationContext@f2ff811
10:08:01.428 [main] DEBUG org.springframework.beans.factory.support.DefaultListableBeanFactory - Creating shared instance of singleton bean 'org.springframework.context.annotation.internalConfigurationAnnotationProcessor'
10:08:01.590 [main] DEBUG org.springframework.context.annotation.ClassPathBeanDefinitionScanner - Identified candidate component class: file [C:\Users\yassinjouao\Desktop\backup\target\classes\com\joseph\entity\Client.class]
10:08:01.592 [main] DEBUG org.springframework.context.annotation.ClassPathBeanDefinitionScanner - Identified candidate component class: file [C:\Users\yassinjouao\Desktop\backup\target\classes\com\joseph\entity\Order.class]
10:08:01.593 [main] DEBUG org.springframework.context.annotation.ClassPathBeanDefinitionScanner - Identified candidate component class: file [C:\Users\yassinjouao\Desktop\backup\target\classes\com\joseph\entity\OrderItem.class]
10:08:01.594 [main] DEBUG org.springframework.context.annotation.ClassPathBeanDefinitionScanner - Identified candidate component class: file [C:\Users\yassinjouao\Desktop\backup\target\classes\com\joseph\entity\Product.class]
10:08:01.597 [main] DEBUG org.springframework.context.annotation.ClassPathBeanDefinitionScanner - Ignored because not a concrete top-level class: file [C:\Users\yassinjouao\Desktop\backup\target\classes\com\joseph\repository\ClientRepository.class]
10:08:01.598 [main] DEBUG org.springframework.context.annotation.ClassPathBeanDefinitionScanner - Ignored because not a concrete top-level class: file [C:\Users\yassinjouao\Desktop\backup\target\classes\com\joseph\repository\OrderItemRepository.class]
10:08:01.601 [main] DEBUG org.springframework.context.annotation.ClassPathBeanDefinitionScanner - Ignored because not a concrete top-level class: file [C:\Users\yassinjouao\Desktop\backup\target\classes\com\joseph\repository\OrderRepository.class]
10:08:01.602 [main] DEBUG org.springframework.context.annotation.ClassPathBeanDefinitionScanner - Ignored because not a concrete top-level class: file [C:\Users\yassinjouao\Desktop\backup\target\classes\com\joseph\repository\ProductRepository.class]
10:08:01.605 [main] DEBUG org.springframework.context.annotation.ClassPathBeanDefinitionScanner - Identified candidate component class: file [C:\Users\yassinjouao\Desktop\backup\target\classes\com\joseph\service\Impl\ClientServiceImpl.class]
10:08:01.606 [main] DEBUG org.springframework.context.annotation.ClassPathBeanDefinitionScanner - Identified candidate component class: file [C:\Users\yassinjouao\Desktop\backup\target\classes\com\joseph\service\Impl\OrderItemServiceImpl.class]
10:08:01.613 [main] DEBUG org.springframework.context.annotation.ClassPathBeanDefinitionScanner - Identified candidate component class: file [C:\Users\yassinjouao\Desktop\backup\target\classes\com\joseph\service\Impl\OrderServiceImpl.class]
10:08:01.614 [main] DEBUG org.springframework.context.annotation.ClassPathBeanDefinitionScanner - Identified candidate component class: file [C:\Users\yassinjouao\Desktop\backup\target\classes\com\joseph\service\Impl\ProductServiceImpl.class]
10:08:01.633 [main] DEBUG org.springframework.context.annotation.ClassPathBeanDefinitionScanner - Identified candidate component class: file [C:\Users\yassinjouao\Desktop\backup\target\classes\com\joseph\web\ClientController.class]
10:08:01.635 [main] DEBUG org.springframework.context.annotation.ClassPathBeanDefinitionScanner - Identified candidate component class: file [C:\Users\yassinjouao\Desktop\backup\target\classes\com\joseph\web\HelloController.class]
10:08:01.641 [main] DEBUG org.springframework.context.annotation.ClassPathBeanDefinitionScanner - Identified candidate component class: file [C:\Users\yassinjouao\Desktop\backup\target\classes\com\joseph\web\OrderController.class]
10:08:01.648 [main] DEBUG org.springframework.context.annotation.ClassPathBeanDefinitionScanner - Identified candidate component class: file [C:\Users\yassinjouao\Desktop\backup\target\classes\com\joseph\web\ProductController.class]
10:08:01.805 [main] INFO org.springframework.data.repository.config.RepositoryConfigurationDelegate - Bootstrapping Spring Data repositories in DEFAULT mode.
10:08:01.826 [main] DEBUG org.springframework.data.repository.config.RepositoryConfigurationDelegate - Scanning for repositories in packages com.joseph.repository.
10:08:01.840 [main] DEBUG org.springframework.data.repository.config.RepositoryComponentProvider - Identified candidate component class: file [C:\Users\yassinjouao\Desktop\backup\target\classes\com\joseph\repository\ClientRepository.class]
10:08:01.841 [main] DEBUG org.springframework.data.repository.config.RepositoryComponentProvider - Identified candidate component class: file [C:\Users\yassinjouao\Desktop\backup\target\classes\com\joseph\repository\OrderItemRepository.class]
10:08:01.841 [main] DEBUG org.springframework.data.repository.config.RepositoryComponentProvider - Identified candidate component class: file [C:\Users\yassinjouao\Desktop\backup\target\classes\com\joseph\repository\OrderRepository.class]
10:08:01.841 [main] DEBUG org.springframework.data.repository.config.RepositoryComponentProvider - Identified candidate component class: file [C:\Users\yassinjouao\Desktop\backup\target\classes\com\joseph\repository\ProductRepository.class]
10:08:01.972 [main] INFO org.springframework.data.repository.config.RepositoryConfigurationDelegate - Finished Spring Data repository scanning in 144ms. Found 4 repository interfaces.
10:08:02.177 [main] DEBUG org.springframework.beans.factory.support.DefaultListableBeanFactory - Creating shared instance of singleton bean 'emBeanDefinitionRegistrarPostProcessor'
10:08:02.186 [main] DEBUG org.springframework.beans.factory.support.DefaultListableBeanFactory - Creating shared instance of singleton bean 'org.springframework.context.event.internalEventListenerProcessor'
10:08:02.192 [main] DEBUG org.springframework.beans.factory.support.DefaultListableBeanFactory - Creating shared instance of singleton bean 'org.springframework.context.event.internalEventListenerFactory'
10:08:02.193 [main] DEBUG org.springframework.beans.factory.support.DefaultListableBeanFactory - Creating shared instance of singleton bean 'org.springframework.transaction.config.internalTransactionalEventListenerFactory'
10:08:02.201 [main] DEBUG org.springframework.beans.factory.support.DefaultListableBeanFactory - Creating shared instance of singleton bean 'org.springframework.context.annotation.internalAutowiredAnnotationProcessor'
10:08:02.204 [main] DEBUG org.springframework.beans.factory.support.DefaultListableBeanFactory - Creating shared instance of singleton bean 'org.springframework.context.annotation.internalCommonAnnotationProcessor'
10:08:02.215 [main] DEBUG org.springframework.beans.factory.support.DefaultListableBeanFactory - Creating shared instance of singleton bean 'org.springframework.context.annotation.internalPersistenceAnnotationProcessor'
10:08:02.216 [main] DEBUG org.springframework.beans.factory.support.DefaultListableBeanFactory - Creating shared instance of singleton bean 'exceptionTranslation'
10:08:02.216 [main] DEBUG org.springframework.beans.factory.support.DefaultListableBeanFactory - Creating shared instance of singleton bean 'persistenceJPAConfig'
10:08:02.284 [main] INFO org.springframework.context.support.PostProcessorRegistrationDelegate$BeanPostProcessorChecker - Bean 'persistenceJPAConfig' of type [com.joseph.config.PersistenceJPAConfig$$EnhancerBySpringCGLIB$$efafecab] is not eligible for getting processed by all BeanPostProcessors (for example: not eligible for auto-proxying)
10:08:02.329 [main] DEBUG org.springframework.beans.factory.support.DefaultListableBeanFactory - Creating shared instance of singleton bean 'org.springframework.aop.config.internalAutoProxyCreator'
10:08:02.405 [main] DEBUG org.springframework.beans.factory.support.DefaultListableBeanFactory - Creating shared instance of singleton bean 'entityManagerFactory'
10:08:02.421 [main] DEBUG org.springframework.beans.factory.support.DefaultListableBeanFactory - Creating shared instance of singleton bean 'dataSource'
10:08:02.426 [main] DEBUG org.springframework.core.env.PropertySourcesPropertyResolver - Found key 'jdbc.driverClassName' in PropertySource 'class path resource [database.properties]' with value of type String
10:08:02.450 [main] DEBUG org.springframework.jdbc.datasource.DriverManagerDataSource - Loaded JDBC driver: com.mysql.cj.jdbc.Driver
10:08:02.451 [main] DEBUG org.springframework.core.env.PropertySourcesPropertyResolver - Found key 'jdbc.url' in PropertySource 'class path resource [database.properties]' with value of type String
10:08:02.452 [main] DEBUG org.springframework.core.env.PropertySourcesPropertyResolver - Found key 'jdbc.user' in PropertySource 'class path resource [database.properties]' with value of type String
10:08:02.452 [main] DEBUG org.springframework.core.env.PropertySourcesPropertyResolver - Found key 'jdbc.pass' in PropertySource 'class path resource [database.properties]' with value of type String
10:08:02.458 [main] DEBUG org.springframework.beans.factory.support.DefaultListableBeanFactory - Creating shared instance of singleton bean 'org.springframework.transaction.config.internalTransactionAdvisor'
10:08:02.459 [main] DEBUG org.springframework.beans.factory.support.DefaultListableBeanFactory - Creating shared instance of singleton bean 'org.springframework.transaction.annotation.ProxyTransactionManagementConfiguration'
10:08:02.493 [main] DEBUG org.springframework.beans.factory.support.DefaultListableBeanFactory - Creating shared instance of singleton bean 'transactionAttributeSource'
10:08:02.494 [main] DEBUG org.springframework.beans.factory.support.DefaultListableBeanFactory - Creating shared instance of singleton bean 'transactionInterceptor'
10:08:02.495 [main] DEBUG org.springframework.beans.factory.support.DefaultListableBeanFactory - Autowiring by type from bean name 'transactionInterceptor' via factory method to bean named 'transactionAttributeSource'
10:08:02.511 [main] DEBUG org.springframework.beans.factory.support.DefaultListableBeanFactory - Autowiring by type from bean name 'org.springframework.transaction.config.internalTransactionAdvisor' via factory method to bean named 'transactionAttributeSource'
10:08:02.511 [main] DEBUG org.springframework.beans.factory.support.DefaultListableBeanFactory - Autowiring by type from bean name 'org.springframework.transaction.config.internalTransactionAdvisor' via factory method to bean named 'transactionInterceptor'
10:08:02.622 [main] DEBUG org.jboss.logging - Logging Provider: org.jboss.logging.Slf4jLoggerProvider
10:08:02.625 [main] DEBUG org.springframework.core.env.PropertySourcesPropertyResolver - Found key 'hibernate.hbm2ddl.auto' in PropertySource 'class path resource [database.properties]' with value of type String
10:08:02.625 [main] DEBUG org.springframework.core.env.PropertySourcesPropertyResolver - Found key 'hibernate.dialect' in PropertySource 'class path resource [database.properties]' with value of type String
10:08:02.625 [main] DEBUG org.springframework.core.env.PropertySourcesPropertyResolver - Found key 'hibernate.cache.use_second_level_cache' in PropertySource 'class path resource [database.properties]' with value of type String
10:08:02.625 [main] DEBUG org.springframework.core.env.PropertySourcesPropertyResolver - Found key 'hibernate.cache.use_query_cache' in PropertySource 'class path resource [database.properties]' with value of type String
10:08:02.657 [main] DEBUG org.springframework.orm.jpa.LocalContainerEntityManagerFactoryBean - Building JPA container EntityManagerFactory for persistence unit 'default'
10:08:02.703 [main] DEBUG org.hibernate.jpa.internal.util.LogHelper - PersistenceUnitInfo [
	name: default
	persistence provider classname: null
	classloader: sun.misc.Launcher$AppClassLoader@42a57993
	excludeUnlistedClasses: true
	JTA datasource: null
	Non JTA datasource: org.springframework.jdbc.datasource.DriverManagerDataSource@fc258b1
	Transaction type: RESOURCE_LOCAL
	PU root URL: file:/C:/Users/yassinjouao/Desktop/backup/target/test-classes/
	Shared Cache Mode: UNSPECIFIED
	Validation Mode: AUTO
	Jar files URLs []
	Managed classes names [
		com.joseph.entity.Client
		com.joseph.entity.Order
		com.joseph.entity.OrderItem
		com.joseph.entity.Product]
	Mapping files names []
	Properties []
10:08:02.735 [main] DEBUG org.hibernate.integrator.internal.IntegratorServiceImpl - Adding Integrator [org.hibernate.cfg.beanvalidation.BeanValidationIntegrator].
10:08:02.738 [main] DEBUG org.hibernate.integrator.internal.IntegratorServiceImpl - Adding Integrator [org.hibernate.secure.spi.JaccIntegrator].
10:08:02.750 [main] DEBUG org.hibernate.integrator.internal.IntegratorServiceImpl - Adding Integrator [org.hibernate.cache.internal.CollectionCacheInvalidator].
10:08:02.751 [main] DEBUG org.hibernate.integrator.internal.IntegratorServiceImpl - Adding Integrator [org.hibernate.jpa.event.spi.JpaIntegrator].
10:08:02.977 [main] INFO org.hibernate.Version - HHH000412: Hibernate Core {5.2.17.Final}
10:08:02.979 [main] INFO org.hibernate.cfg.Environment - HHH000206: hibernate.properties not found
10:08:03.001 [main] DEBUG org.hibernate.service.spi.ServiceBinding - Overriding existing service binding [org.hibernate.secure.spi.JaccService]
10:08:03.053 [main] DEBUG org.hibernate.cache.internal.RegionFactoryInitiator - Cache region factory : org.hibernate.cache.internal.NoCachingRegionFactory
10:08:03.068 [main] INFO org.hibernate.annotations.common.Version - HCANN000001: Hibernate Commons Annotations {5.0.1.Final}
10:08:03.229 [main] DEBUG org.hibernate.type.BasicTypeRegistry - Adding type registration boolean -> org.hibernate.type.BooleanType@48c40605
10:08:03.229 [main] DEBUG org.hibernate.type.BasicTypeRegistry - Adding type registration boolean -> org.hibernate.type.BooleanType@48c40605
10:08:03.229 [main] DEBUG org.hibernate.type.BasicTypeRegistry - Adding type registration java.lang.Boolean -> org.hibernate.type.BooleanType@48c40605
10:08:03.232 [main] DEBUG org.hibernate.type.BasicTypeRegistry - Adding type registration numeric_boolean -> org.hibernate.type.NumericBooleanType@3bd7f8dc
10:08:03.235 [main] DEBUG org.hibernate.type.BasicTypeRegistry - Adding type registration true_false -> org.hibernate.type.TrueFalseType@59aa20b3
10:08:03.237 [main] DEBUG org.hibernate.type.BasicTypeRegistry - Adding type registration yes_no -> org.hibernate.type.YesNoType@138fe6ec
10:08:03.240 [main] DEBUG org.hibernate.type.BasicTypeRegistry - Adding type registration byte -> org.hibernate.type.ByteType@16423501
10:08:03.240 [main] DEBUG org.hibernate.type.BasicTypeRegistry - Adding type registration byte -> org.hibernate.type.ByteType@16423501
10:08:03.240 [main] DEBUG org.hibernate.type.BasicTypeRegistry - Adding type registration java.lang.Byte -> org.hibernate.type.ByteType@16423501
10:08:03.242 [main] DEBUG org.hibernate.type.BasicTypeRegistry - Adding type registration character -> org.hibernate.type.CharacterType@4a9e6faf
10:08:03.242 [main] DEBUG org.hibernate.type.BasicTypeRegistry - Adding type registration char -> org.hibernate.type.CharacterType@4a9e6faf
10:08:03.245 [main] DEBUG org.hibernate.type.BasicTypeRegistry - Adding type registration java.lang.Character -> org.hibernate.type.CharacterType@4a9e6faf
10:08:03.247 [main] DEBUG org.hibernate.type.BasicTypeRegistry - Adding type registration short -> org.hibernate.type.ShortType@7a56812e
10:08:03.247 [main] DEBUG org.hibernate.type.BasicTypeRegistry - Adding type registration short -> org.hibernate.type.ShortType@7a56812e
10:08:03.248 [main] DEBUG org.hibernate.type.BasicTypeRegistry - Adding type registration java.lang.Short -> org.hibernate.type.ShortType@7a56812e
10:08:03.249 [main] DEBUG org.hibernate.type.BasicTypeRegistry - Adding type registration integer -> org.hibernate.type.IntegerType@7e70bd39
10:08:03.250 [main] DEBUG org.hibernate.type.BasicTypeRegistry - Adding type registration int -> org.hibernate.type.IntegerType@7e70bd39
10:08:03.250 [main] DEBUG org.hibernate.type.BasicTypeRegistry - Adding type registration java.lang.Integer -> org.hibernate.type.IntegerType@7e70bd39
10:08:03.253 [main] DEBUG org.hibernate.type.BasicTypeRegistry - Adding type registration long -> org.hibernate.type.LongType@6691490c
10:08:03.253 [main] DEBUG org.hibernate.type.BasicTypeRegistry - Adding type registration long -> org.hibernate.type.LongType@6691490c
10:08:03.253 [main] DEBUG org.hibernate.type.BasicTypeRegistry - Adding type registration java.lang.Long -> org.hibernate.type.LongType@6691490c
10:08:03.257 [main] DEBUG org.hibernate.type.BasicTypeRegistry - Adding type registration float -> org.hibernate.type.FloatType@3ec11999
10:08:03.257 [main] DEBUG org.hibernate.type.BasicTypeRegistry - Adding type registration float -> org.hibernate.type.FloatType@3ec11999
10:08:03.258 [main] DEBUG org.hibernate.type.BasicTypeRegistry - Adding type registration java.lang.Float -> org.hibernate.type.FloatType@3ec11999
10:08:03.261 [main] DEBUG org.hibernate.type.BasicTypeRegistry - Adding type registration double -> org.hibernate.type.DoubleType@7df587ef
10:08:03.261 [main] DEBUG org.hibernate.type.BasicTypeRegistry - Adding type registration double -> org.hibernate.type.DoubleType@7df587ef
10:08:03.262 [main] DEBUG org.hibernate.type.BasicTypeRegistry - Adding type registration java.lang.Double -> org.hibernate.type.DoubleType@7df587ef
10:08:03.264 [main] DEBUG org.hibernate.type.BasicTypeRegistry - Adding type registration big_decimal -> org.hibernate.type.BigDecimalType@64c2b546
10:08:03.265 [main] DEBUG org.hibernate.type.BasicTypeRegistry - Adding type registration java.math.BigDecimal -> org.hibernate.type.BigDecimalType@64c2b546
10:08:03.266 [main] DEBUG org.hibernate.type.BasicTypeRegistry - Adding type registration big_integer -> org.hibernate.type.BigIntegerType@4152d38d
10:08:03.266 [main] DEBUG org.hibernate.type.BasicTypeRegistry - Adding type registration java.math.BigInteger -> org.hibernate.type.BigIntegerType@4152d38d
10:08:03.268 [main] DEBUG org.hibernate.type.BasicTypeRegistry - Adding type registration string -> org.hibernate.type.StringType@61edc883
10:08:03.269 [main] DEBUG org.hibernate.type.BasicTypeRegistry - Adding type registration java.lang.String -> org.hibernate.type.StringType@61edc883
10:08:03.271 [main] DEBUG org.hibernate.type.BasicTypeRegistry - Adding type registration nstring -> org.hibernate.type.StringNVarcharType@69f63d95
10:08:03.273 [main] DEBUG org.hibernate.type.BasicTypeRegistry - Adding type registration ncharacter -> org.hibernate.type.CharacterNCharType@db44aa2
10:08:03.275 [main] DEBUG org.hibernate.type.BasicTypeRegistry - Adding type registration url -> org.hibernate.type.UrlType@780ec4a5
10:08:03.275 [main] DEBUG org.hibernate.type.BasicTypeRegistry - Adding type registration java.net.URL -> org.hibernate.type.UrlType@780ec4a5
10:08:03.277 [main] DEBUG org.hibernate.type.BasicTypeRegistry - Adding type registration Duration -> org.hibernate.type.DurationType@72c927f1
10:08:03.278 [main] DEBUG org.hibernate.type.BasicTypeRegistry - Adding type registration java.time.Duration -> org.hibernate.type.DurationType@72c927f1
10:08:03.293 [main] DEBUG org.hibernate.type.BasicTypeRegistry - Adding type registration Instant -> org.hibernate.type.InstantType@73511076
10:08:03.293 [main] DEBUG org.hibernate.type.BasicTypeRegistry - Adding type registration java.time.Instant -> org.hibernate.type.InstantType@73511076
10:08:03.295 [main] DEBUG org.hibernate.type.BasicTypeRegistry - Adding type registration LocalDateTime -> org.hibernate.type.LocalDateTimeType@3b366632
10:08:03.296 [main] DEBUG org.hibernate.type.BasicTypeRegistry - Adding type registration java.time.LocalDateTime -> org.hibernate.type.LocalDateTimeType@3b366632
10:08:03.299 [main] DEBUG org.hibernate.type.BasicTypeRegistry - Adding type registration LocalDate -> org.hibernate.type.LocalDateType@245a26e1
10:08:03.299 [main] DEBUG org.hibernate.type.BasicTypeRegistry - Adding type registration java.time.LocalDate -> org.hibernate.type.LocalDateType@245a26e1
10:08:03.304 [main] DEBUG org.hibernate.type.BasicTypeRegistry - Adding type registration LocalTime -> org.hibernate.type.LocalTimeType@407cf41
10:08:03.304 [main] DEBUG org.hibernate.type.BasicTypeRegistry - Adding type registration java.time.LocalTime -> org.hibernate.type.LocalTimeType@407cf41
10:08:03.309 [main] DEBUG org.hibernate.type.BasicTypeRegistry - Adding type registration OffsetDateTime -> org.hibernate.type.OffsetDateTimeType@1c32886a
10:08:03.310 [main] DEBUG org.hibernate.type.BasicTypeRegistry - Adding type registration java.time.OffsetDateTime -> org.hibernate.type.OffsetDateTimeType@1c32886a
10:08:03.314 [main] DEBUG org.hibernate.type.BasicTypeRegistry - Adding type registration OffsetTime -> org.hibernate.type.OffsetTimeType@579d011c
10:08:03.314 [main] DEBUG org.hibernate.type.BasicTypeRegistry - Adding type registration java.time.OffsetTime -> org.hibernate.type.OffsetTimeType@579d011c
10:08:03.322 [main] DEBUG org.hibernate.type.BasicTypeRegistry - Adding type registration ZonedDateTime -> org.hibernate.type.ZonedDateTimeType@4263b080
10:08:03.323 [main] DEBUG org.hibernate.type.BasicTypeRegistry - Adding type registration java.time.ZonedDateTime -> org.hibernate.type.ZonedDateTimeType@4263b080
10:08:03.331 [main] DEBUG org.hibernate.type.BasicTypeRegistry - Adding type registration date -> org.hibernate.type.DateType@5ef8df1e
10:08:03.331 [main] DEBUG org.hibernate.type.BasicTypeRegistry - Adding type registration java.sql.Date -> org.hibernate.type.DateType@5ef8df1e
10:08:03.337 [main] DEBUG org.hibernate.type.BasicTypeRegistry - Adding type registration time -> org.hibernate.type.TimeType@1f130eaf
10:08:03.338 [main] DEBUG org.hibernate.type.BasicTypeRegistry - Adding type registration java.sql.Time -> org.hibernate.type.TimeType@1f130eaf
10:08:03.343 [main] DEBUG org.hibernate.type.BasicTypeRegistry - Adding type registration timestamp -> org.hibernate.type.TimestampType@bc57b40
10:08:03.343 [main] DEBUG org.hibernate.type.BasicTypeRegistry - Adding type registration java.sql.Timestamp -> org.hibernate.type.TimestampType@bc57b40
10:08:03.344 [main] DEBUG org.hibernate.type.BasicTypeRegistry - Adding type registration java.util.Date -> org.hibernate.type.TimestampType@bc57b40
10:08:03.349 [main] DEBUG org.hibernate.type.BasicTypeRegistry - Adding type registration dbtimestamp -> org.hibernate.type.DbTimestampType@1494b84d
10:08:03.353 [main] DEBUG org.hibernate.type.BasicTypeRegistry - Adding type registration calendar -> org.hibernate.type.CalendarType@1df98368
10:08:03.353 [main] DEBUG org.hibernate.type.BasicTypeRegistry - Adding type registration java.util.Calendar -> org.hibernate.type.CalendarType@1df98368
10:08:03.354 [main] DEBUG org.hibernate.type.BasicTypeRegistry - Adding type registration java.util.GregorianCalendar -> org.hibernate.type.CalendarType@1df98368
10:08:03.356 [main] DEBUG org.hibernate.type.BasicTypeRegistry - Adding type registration calendar_date -> org.hibernate.type.CalendarDateType@2cd2c8fe
10:08:03.359 [main] DEBUG org.hibernate.type.BasicTypeRegistry - Adding type registration locale -> org.hibernate.type.LocaleType@1a6f2363
10:08:03.359 [main] DEBUG org.hibernate.type.BasicTypeRegistry - Adding type registration java.util.Locale -> org.hibernate.type.LocaleType@1a6f2363
10:08:03.361 [main] DEBUG org.hibernate.type.BasicTypeRegistry - Adding type registration currency -> org.hibernate.type.CurrencyType@1b58ff9e
10:08:03.361 [main] DEBUG org.hibernate.type.BasicTypeRegistry - Adding type registration java.util.Currency -> org.hibernate.type.CurrencyType@1b58ff9e
10:08:03.364 [main] DEBUG org.hibernate.type.BasicTypeRegistry - Adding type registration timezone -> org.hibernate.type.TimeZoneType@3277e499
10:08:03.364 [main] DEBUG org.hibernate.type.BasicTypeRegistry - Adding type registration java.util.TimeZone -> org.hibernate.type.TimeZoneType@3277e499
10:08:03.367 [main] DEBUG org.hibernate.type.BasicTypeRegistry - Adding type registration class -> org.hibernate.type.ClassType@5400db36
10:08:03.367 [main] DEBUG org.hibernate.type.BasicTypeRegistry - Adding type registration java.lang.Class -> org.hibernate.type.ClassType@5400db36
10:08:03.373 [main] DEBUG org.hibernate.type.BasicTypeRegistry - Adding type registration uuid-binary -> org.hibernate.type.UUIDBinaryType@486be205
10:08:03.373 [main] DEBUG org.hibernate.type.BasicTypeRegistry - Adding type registration java.util.UUID -> org.hibernate.type.UUIDBinaryType@486be205
10:08:03.374 [main] DEBUG org.hibernate.type.BasicTypeRegistry - Adding type registration uuid-char -> org.hibernate.type.UUIDCharType@4b4dd216
10:08:03.376 [main] DEBUG org.hibernate.type.BasicTypeRegistry - Adding type registration binary -> org.hibernate.type.BinaryType@620aa4ea
10:08:03.377 [main] DEBUG org.hibernate.type.BasicTypeRegistry - Adding type registration byte[] -> org.hibernate.type.BinaryType@620aa4ea
10:08:03.377 [main] DEBUG org.hibernate.type.BasicTypeRegistry - Adding type registration [B -> org.hibernate.type.BinaryType@620aa4ea
10:08:03.379 [main] DEBUG org.hibernate.type.BasicTypeRegistry - Adding type registration wrapper-binary -> org.hibernate.type.WrapperBinaryType@41beb473
10:08:03.379 [main] DEBUG org.hibernate.type.BasicTypeRegistry - Adding type registration Byte[] -> org.hibernate.type.WrapperBinaryType@41beb473
10:08:03.379 [main] DEBUG org.hibernate.type.BasicTypeRegistry - Adding type registration [Ljava.lang.Byte; -> org.hibernate.type.WrapperBinaryType@41beb473
10:08:03.383 [main] DEBUG org.hibernate.type.BasicTypeRegistry - Adding type registration row_version -> org.hibernate.type.RowVersionType@7d373bcf
10:08:03.386 [main] DEBUG org.hibernate.type.BasicTypeRegistry - Adding type registration image -> org.hibernate.type.ImageType@677dbd89
10:08:03.390 [main] DEBUG org.hibernate.type.BasicTypeRegistry - Adding type registration characters -> org.hibernate.type.CharArrayType@5a021cb9
10:08:03.390 [main] DEBUG org.hibernate.type.BasicTypeRegistry - Adding type registration char[] -> org.hibernate.type.CharArrayType@5a021cb9
10:08:03.390 [main] DEBUG org.hibernate.type.BasicTypeRegistry - Adding type registration [C -> org.hibernate.type.CharArrayType@5a021cb9
10:08:03.392 [main] DEBUG org.hibernate.type.BasicTypeRegistry - Adding type registration wrapper-characters -> org.hibernate.type.CharacterArrayType@2f3c6ac4
10:08:03.392 [main] DEBUG org.hibernate.type.BasicTypeRegistry - Adding type registration [Ljava.lang.Character; -> org.hibernate.type.CharacterArrayType@2f3c6ac4
10:08:03.393 [main] DEBUG org.hibernate.type.BasicTypeRegistry - Adding type registration Character[] -> org.hibernate.type.CharacterArrayType@2f3c6ac4
10:08:03.395 [main] DEBUG org.hibernate.type.BasicTypeRegistry - Adding type registration text -> org.hibernate.type.TextType@3a0807b7
10:08:03.397 [main] DEBUG org.hibernate.type.BasicTypeRegistry - Adding type registration ntext -> org.hibernate.type.NTextType@287f94b1
10:08:03.413 [main] DEBUG org.hibernate.type.BasicTypeRegistry - Adding type registration blob -> org.hibernate.type.BlobType@13579834
10:08:03.413 [main] DEBUG org.hibernate.type.BasicTypeRegistry - Adding type registration java.sql.Blob -> org.hibernate.type.BlobType@13579834
10:08:03.416 [main] DEBUG org.hibernate.type.BasicTypeRegistry - Adding type registration materialized_blob -> org.hibernate.type.MaterializedBlobType@aec50a1
10:08:03.434 [main] DEBUG org.hibernate.type.BasicTypeRegistry - Adding type registration clob -> org.hibernate.type.ClobType@5af9926a
10:08:03.434 [main] DEBUG org.hibernate.type.BasicTypeRegistry - Adding type registration java.sql.Clob -> org.hibernate.type.ClobType@5af9926a
10:08:03.446 [main] DEBUG org.hibernate.type.BasicTypeRegistry - Adding type registration nclob -> org.hibernate.type.NClobType@615f972
10:08:03.446 [main] DEBUG org.hibernate.type.BasicTypeRegistry - Adding type registration java.sql.NClob -> org.hibernate.type.NClobType@615f972
10:08:03.447 [main] DEBUG org.hibernate.type.BasicTypeRegistry - Adding type registration materialized_clob -> org.hibernate.type.MaterializedClobType@31500940
10:08:03.452 [main] DEBUG org.hibernate.type.BasicTypeRegistry - Adding type registration materialized_nclob -> org.hibernate.type.MaterializedNClobType@7249dadf
10:08:03.460 [main] DEBUG org.hibernate.type.BasicTypeRegistry - Adding type registration serializable -> org.hibernate.type.SerializableType@3e587920
10:08:03.474 [main] DEBUG org.hibernate.type.BasicTypeRegistry - Adding type registration object -> org.hibernate.type.ObjectType@5ea502e0
10:08:03.474 [main] DEBUG org.hibernate.type.BasicTypeRegistry - Adding type registration java.lang.Object -> org.hibernate.type.ObjectType@5ea502e0
10:08:03.476 [main] DEBUG org.hibernate.type.BasicTypeRegistry - Adding type registration imm_date -> org.hibernate.type.AdaptedImmutableType@1734f68
10:08:03.476 [main] DEBUG org.hibernate.type.BasicTypeRegistry - Adding type registration imm_time -> org.hibernate.type.AdaptedImmutableType@77b7ffa4
10:08:03.476 [main] DEBUG org.hibernate.type.BasicTypeRegistry - Adding type registration imm_timestamp -> org.hibernate.type.AdaptedImmutableType@5ed190be
10:08:03.476 [main] DEBUG org.hibernate.type.BasicTypeRegistry - Adding type registration imm_dbtimestamp -> org.hibernate.type.AdaptedImmutableType@402f80f5
10:08:03.477 [main] DEBUG org.hibernate.type.BasicTypeRegistry - Adding type registration imm_calendar -> org.hibernate.type.AdaptedImmutableType@5bbc9f97
10:08:03.477 [main] DEBUG org.hibernate.type.BasicTypeRegistry - Adding type registration imm_calendar_date -> org.hibernate.type.AdaptedImmutableType@133e019b
10:08:03.477 [main] DEBUG org.hibernate.type.BasicTypeRegistry - Adding type registration imm_binary -> org.hibernate.type.AdaptedImmutableType@41382722
10:08:03.477 [main] DEBUG org.hibernate.type.BasicTypeRegistry - Adding type registration imm_serializable -> org.hibernate.type.AdaptedImmutableType@7dac3fd8
10:08:03.501 [main] DEBUG org.springframework.jdbc.datasource.DriverManagerDataSource - Creating new JDBC DriverManager Connection to [jdbc:mysql://localhost:3306/testcraftcore?useSSL=false&useTimezone=true&serverTimezone=UTC]
10:08:03.965 [main] DEBUG org.hibernate.engine.jdbc.env.internal.JdbcEnvironmentInitiator - Database ->
       name : MySQL
    version : 5.5.5-10.4.32-MariaDB
      major : 5
      minor : 5
10:08:03.965 [main] DEBUG org.hibernate.engine.jdbc.env.internal.JdbcEnvironmentInitiator - Driver ->
       name : MySQL Connector/J
    version : mysql-connector-j-8.0.31 (Revision: 0c86fc148d567b62266c2302bdad0f1e7a7e4eba)
      major : 8
      minor : 0
10:08:03.965 [main] DEBUG org.hibernate.engine.jdbc.env.internal.JdbcEnvironmentInitiator - JDBC version : 4.2
10:08:04.012 [main] INFO org.hibernate.dialect.Dialect - HHH000400: Using dialect: org.hibernate.dialect.MySQL5Dialect
10:08:04.144 [main] DEBUG org.hibernate.engine.jdbc.env.spi.IdentifierHelperBuilder - JDBC driver metadata reported database stores quoted identifiers in more than one case
10:08:04.150 [main] DEBUG org.hibernate.engine.jdbc.env.spi.IdentifierHelperBuilder - IdentifierCaseStrategy for both quoted and unquoted identifiers was set to the same strategy [LOWER]; that will likely lead to problems in schema update and validation if using quoted identifiers
10:08:04.779 [main] DEBUG org.hibernate.id.factory.internal.DefaultIdentifierGeneratorFactory - Registering IdentifierGenerator strategy [uuid2] -> [org.hibernate.id.UUIDGenerator]
10:08:04.780 [main] DEBUG org.hibernate.id.factory.internal.DefaultIdentifierGeneratorFactory - Registering IdentifierGenerator strategy [guid] -> [org.hibernate.id.GUIDGenerator]
10:08:04.782 [main] DEBUG org.hibernate.id.factory.internal.DefaultIdentifierGeneratorFactory - Registering IdentifierGenerator strategy [uuid] -> [org.hibernate.id.UUIDHexGenerator]
10:08:04.782 [main] DEBUG org.hibernate.id.factory.internal.DefaultIdentifierGeneratorFactory - Registering IdentifierGenerator strategy [uuid.hex] -> [org.hibernate.id.UUIDHexGenerator]
10:08:04.784 [main] DEBUG org.hibernate.id.factory.internal.DefaultIdentifierGeneratorFactory - Registering IdentifierGenerator strategy [assigned] -> [org.hibernate.id.Assigned]
10:08:04.786 [main] DEBUG org.hibernate.id.factory.internal.DefaultIdentifierGeneratorFactory - Registering IdentifierGenerator strategy [identity] -> [org.hibernate.id.IdentityGenerator]
10:08:04.787 [main] DEBUG org.hibernate.id.factory.internal.DefaultIdentifierGeneratorFactory - Registering IdentifierGenerator strategy [select] -> [org.hibernate.id.SelectGenerator]
10:08:04.790 [main] DEBUG org.hibernate.id.factory.internal.DefaultIdentifierGeneratorFactory - Registering IdentifierGenerator strategy [sequence] -> [org.hibernate.id.enhanced.SequenceStyleGenerator]
10:08:04.791 [main] DEBUG org.hibernate.id.factory.internal.DefaultIdentifierGeneratorFactory - Registering IdentifierGenerator strategy [seqhilo] -> [org.hibernate.id.SequenceHiLoGenerator]
10:08:04.793 [main] DEBUG org.hibernate.id.factory.internal.DefaultIdentifierGeneratorFactory - Registering IdentifierGenerator strategy [increment] -> [org.hibernate.id.IncrementGenerator]
10:08:04.794 [main] DEBUG org.hibernate.id.factory.internal.DefaultIdentifierGeneratorFactory - Registering IdentifierGenerator strategy [foreign] -> [org.hibernate.id.ForeignGenerator]
10:08:04.794 [main] DEBUG org.hibernate.id.factory.internal.DefaultIdentifierGeneratorFactory - Registering IdentifierGenerator strategy [sequence-identity] -> [org.hibernate.id.SequenceIdentityGenerator]
10:08:04.795 [main] DEBUG org.hibernate.id.factory.internal.DefaultIdentifierGeneratorFactory - Registering IdentifierGenerator strategy [enhanced-sequence] -> [org.hibernate.id.enhanced.SequenceStyleGenerator]
10:08:04.796 [main] DEBUG org.hibernate.id.factory.internal.DefaultIdentifierGeneratorFactory - Registering IdentifierGenerator strategy [enhanced-table] -> [org.hibernate.id.enhanced.TableGenerator]
10:08:04.867 [main] DEBUG org.hibernate.boot.model.relational.Namespace - Created database namespace [logicalName=Name{catalog=null, schema=null}, physicalName=Name{catalog=null, schema=null}]
10:08:04.946 [main] DEBUG org.hibernate.cfg.AnnotationBinder - Binding entity from annotated class: com.joseph.entity.Client
10:08:05.019 [main] DEBUG org.hibernate.cfg.Ejb3Column - Binding column: Ejb3DiscriminatorColumn{logicalColumnName'DTYPE', discriminatorTypeName='string'}
10:08:05.027 [main] DEBUG org.hibernate.cfg.annotations.EntityBinder - Import with entity name Client
10:08:05.034 [main] DEBUG org.hibernate.cfg.annotations.EntityBinder - Bind entity com.joseph.entity.Client on table client
10:08:05.074 [main] DEBUG org.hibernate.cfg.Ejb3Column - Binding column: Ejb3Column{table=org.hibernate.mapping.Table(client), mappingColumn=idclient, insertable=true, updatable=true, unique=false}
10:08:05.079 [main] DEBUG org.hibernate.cfg.annotations.PropertyBinder - MetadataSourceProcessor property idclient with lazy=false
10:08:05.081 [main] DEBUG org.hibernate.cfg.AbstractPropertyHolder - Attempting to locate auto-apply AttributeConverter for property [com.joseph.entity.Client:idclient]
10:08:05.084 [main] DEBUG org.hibernate.cfg.annotations.SimpleValueBinder - building SimpleValue for idclient
10:08:05.086 [main] DEBUG org.hibernate.cfg.annotations.PropertyBinder - Building property idclient
10:08:05.090 [main] DEBUG org.hibernate.cfg.Ejb3Column - Binding column: Ejb3Column{table=org.hibernate.mapping.Table(client), mappingColumn=emailclient, insertable=true, updatable=true, unique=false}
10:08:05.091 [main] DEBUG org.hibernate.cfg.annotations.PropertyBinder - MetadataSourceProcessor property emailclient with lazy=false
10:08:05.091 [main] DEBUG org.hibernate.cfg.AbstractPropertyHolder - Attempting to locate auto-apply AttributeConverter for property [com.joseph.entity.Client:emailclient]
10:08:05.091 [main] DEBUG org.hibernate.cfg.annotations.SimpleValueBinder - building SimpleValue for emailclient
10:08:05.091 [main] DEBUG org.hibernate.cfg.annotations.PropertyBinder - Building property emailclient
10:08:05.092 [main] DEBUG org.hibernate.cfg.Ejb3Column - Binding column: Ejb3Column{table=org.hibernate.mapping.Table(client), mappingColumn=nameclient, insertable=true, updatable=true, unique=false}
10:08:05.092 [main] DEBUG org.hibernate.cfg.annotations.PropertyBinder - MetadataSourceProcessor property nameclient with lazy=false
10:08:05.092 [main] DEBUG org.hibernate.cfg.AbstractPropertyHolder - Attempting to locate auto-apply AttributeConverter for property [com.joseph.entity.Client:nameclient]
10:08:05.092 [main] DEBUG org.hibernate.cfg.annotations.SimpleValueBinder - building SimpleValue for nameclient
10:08:05.092 [main] DEBUG org.hibernate.cfg.annotations.PropertyBinder - Building property nameclient
10:08:05.094 [main] DEBUG org.hibernate.cfg.Ejb3Column - Binding column: Ejb3JoinColumn{logicalColumnName='null', referencedColumn='null', mappedBy='client'}
10:08:05.097 [main] DEBUG org.hibernate.cfg.Ejb3Column - Binding column: Ejb3Column{table=org.hibernate.mapping.Table(client), mappingColumn=orders, insertable=true, updatable=true, unique=false}
10:08:05.101 [main] DEBUG org.hibernate.cfg.Ejb3Column - Binding column: Ejb3Column{table=org.hibernate.mapping.Table(client), mappingColumn=null, insertable=true, updatable=true, unique=false}
10:08:05.119 [main] DEBUG org.hibernate.cfg.Ejb3Column - Binding column: Ejb3Column{table=org.hibernate.mapping.Table(client), mappingColumn=element, insertable=true, updatable=true, unique=false}
10:08:05.120 [main] DEBUG org.hibernate.cfg.Ejb3Column - Binding column: Ejb3Column{table=org.hibernate.mapping.Table(client), mappingColumn=orders_KEY, insertable=true, updatable=true, unique=false}
10:08:05.121 [main] DEBUG org.hibernate.cfg.Ejb3Column - Binding column: Ejb3JoinColumn{logicalColumnName='orders_KEY', referencedColumn='null', mappedBy='null'}
10:08:05.124 [main] DEBUG org.hibernate.cfg.Ejb3Column - Binding column: Ejb3JoinColumn{logicalColumnName='null', referencedColumn='null', mappedBy='client'}
10:08:05.124 [main] DEBUG org.hibernate.cfg.Ejb3Column - Binding column: Ejb3JoinColumn{logicalColumnName='null', referencedColumn='null', mappedBy='client'}
10:08:05.125 [main] DEBUG org.hibernate.cfg.annotations.CollectionBinder - Collection role: com.joseph.entity.Client.orders
10:08:05.134 [main] DEBUG org.hibernate.cfg.annotations.PropertyBinder - Building property orders
10:08:05.136 [main] DEBUG org.hibernate.cfg.AnnotationBinder - Binding entity from annotated class: com.joseph.entity.Order
10:08:05.136 [main] DEBUG org.hibernate.cfg.Ejb3Column - Binding column: Ejb3DiscriminatorColumn{logicalColumnName'DTYPE', discriminatorTypeName='string'}
10:08:05.136 [main] DEBUG org.hibernate.cfg.annotations.EntityBinder - Import with entity name Order
10:08:05.137 [main] DEBUG org.hibernate.cfg.annotations.EntityBinder - Bind entity com.joseph.entity.Order on table order_table
10:08:05.149 [main] DEBUG org.hibernate.cfg.Ejb3Column - Binding column: Ejb3Column{table=org.hibernate.mapping.Table(order_table), mappingColumn=idorder, insertable=true, updatable=true, unique=false}
10:08:05.149 [main] DEBUG org.hibernate.cfg.annotations.PropertyBinder - MetadataSourceProcessor property idorder with lazy=false
10:08:05.149 [main] DEBUG org.hibernate.cfg.AbstractPropertyHolder - Attempting to locate auto-apply AttributeConverter for property [com.joseph.entity.Order:idorder]
10:08:05.149 [main] DEBUG org.hibernate.cfg.annotations.SimpleValueBinder - building SimpleValue for idorder
10:08:05.150 [main] DEBUG org.hibernate.cfg.annotations.PropertyBinder - Building property idorder
10:08:05.150 [main] DEBUG org.hibernate.cfg.Ejb3Column - Binding column: Ejb3JoinColumn{logicalColumnName='idclient', referencedColumn='', mappedBy=''}
10:08:05.150 [main] DEBUG org.hibernate.cfg.Ejb3Column - Binding column: Ejb3Column{table=org.hibernate.mapping.Table(order_table), mappingColumn=client, insertable=true, updatable=true, unique=false}
10:08:05.153 [main] DEBUG org.hibernate.cfg.annotations.PropertyBinder - Building property client
10:08:05.154 [main] DEBUG org.hibernate.cfg.Ejb3Column - Binding column: Ejb3Column{table=org.hibernate.mapping.Table(order_table), mappingColumn=dateorder, insertable=true, updatable=true, unique=false}
10:08:05.154 [main] DEBUG org.hibernate.cfg.annotations.PropertyBinder - MetadataSourceProcessor property dateorder with lazy=false
10:08:05.154 [main] DEBUG org.hibernate.cfg.AbstractPropertyHolder - Attempting to locate auto-apply AttributeConverter for property [com.joseph.entity.Order:dateorder]
10:08:05.155 [main] DEBUG org.hibernate.cfg.annotations.SimpleValueBinder - building SimpleValue for dateorder
10:08:05.155 [main] DEBUG org.hibernate.cfg.annotations.PropertyBinder - Building property dateorder
10:08:05.155 [main] DEBUG org.hibernate.cfg.Ejb3Column - Binding column: Ejb3JoinColumn{logicalColumnName='null', referencedColumn='null', mappedBy='order'}
10:08:05.155 [main] DEBUG org.hibernate.cfg.Ejb3Column - Binding column: Ejb3Column{table=org.hibernate.mapping.Table(order_table), mappingColumn=orderItems, insertable=true, updatable=true, unique=false}
10:08:05.155 [main] DEBUG org.hibernate.cfg.Ejb3Column - Binding column: Ejb3Column{table=org.hibernate.mapping.Table(order_table), mappingColumn=null, insertable=true, updatable=true, unique=false}
10:08:05.155 [main] DEBUG org.hibernate.cfg.Ejb3Column - Binding column: Ejb3Column{table=org.hibernate.mapping.Table(order_table), mappingColumn=element, insertable=true, updatable=true, unique=false}
10:08:05.156 [main] DEBUG org.hibernate.cfg.Ejb3Column - Binding column: Ejb3Column{table=org.hibernate.mapping.Table(order_table), mappingColumn=orderItems_KEY, insertable=true, updatable=true, unique=false}
10:08:05.156 [main] DEBUG org.hibernate.cfg.Ejb3Column - Binding column: Ejb3JoinColumn{logicalColumnName='orderItems_KEY', referencedColumn='null', mappedBy='null'}
10:08:05.156 [main] DEBUG org.hibernate.cfg.Ejb3Column - Binding column: Ejb3JoinColumn{logicalColumnName='null', referencedColumn='null', mappedBy='order'}
10:08:05.156 [main] DEBUG org.hibernate.cfg.Ejb3Column - Binding column: Ejb3JoinColumn{logicalColumnName='null', referencedColumn='null', mappedBy='order'}
10:08:05.156 [main] DEBUG org.hibernate.cfg.annotations.CollectionBinder - Collection role: com.joseph.entity.Order.orderItems
10:08:05.156 [main] DEBUG org.hibernate.cfg.annotations.PropertyBinder - Building property orderItems
10:08:05.156 [main] DEBUG org.hibernate.cfg.Ejb3Column - Binding column: Ejb3Column{table=org.hibernate.mapping.Table(order_table), mappingColumn=statusorder, insertable=true, updatable=true, unique=false}
10:08:05.156 [main] DEBUG org.hibernate.cfg.annotations.PropertyBinder - MetadataSourceProcessor property statusorder with lazy=false
10:08:05.156 [main] DEBUG org.hibernate.cfg.AbstractPropertyHolder - Attempting to locate auto-apply AttributeConverter for property [com.joseph.entity.Order:statusorder]
10:08:05.159 [main] DEBUG org.hibernate.cfg.annotations.SimpleValueBinder - building SimpleValue for statusorder
10:08:05.159 [main] DEBUG org.hibernate.cfg.annotations.PropertyBinder - Building property statusorder
10:08:05.160 [main] DEBUG org.hibernate.cfg.Ejb3Column - Binding column: Ejb3Column{table=org.hibernate.mapping.Table(order_table), mappingColumn=totalorder, insertable=true, updatable=true, unique=false}
10:08:05.160 [main] DEBUG org.hibernate.cfg.annotations.PropertyBinder - MetadataSourceProcessor property totalorder with lazy=false
10:08:05.160 [main] DEBUG org.hibernate.cfg.AbstractPropertyHolder - Attempting to locate auto-apply AttributeConverter for property [com.joseph.entity.Order:totalorder]
10:08:05.160 [main] DEBUG org.hibernate.cfg.annotations.SimpleValueBinder - building SimpleValue for totalorder
10:08:05.160 [main] DEBUG org.hibernate.cfg.annotations.PropertyBinder - Building property totalorder
10:08:05.160 [main] DEBUG org.hibernate.cfg.AnnotationBinder - Binding entity from annotated class: com.joseph.entity.OrderItem
10:08:05.160 [main] DEBUG org.hibernate.cfg.Ejb3Column - Binding column: Ejb3DiscriminatorColumn{logicalColumnName'DTYPE', discriminatorTypeName='string'}
10:08:05.160 [main] DEBUG org.hibernate.cfg.annotations.EntityBinder - Import with entity name OrderItem
10:08:05.161 [main] DEBUG org.hibernate.cfg.annotations.EntityBinder - Bind entity com.joseph.entity.OrderItem on table orderitems
10:08:05.164 [main] DEBUG org.hibernate.cfg.Ejb3Column - Binding column: Ejb3Column{table=org.hibernate.mapping.Table(orderitems), mappingColumn=id, insertable=true, updatable=true, unique=false}
10:08:05.164 [main] DEBUG org.hibernate.cfg.annotations.PropertyBinder - MetadataSourceProcessor property id with lazy=false
10:08:05.164 [main] DEBUG org.hibernate.cfg.AbstractPropertyHolder - Attempting to locate auto-apply AttributeConverter for property [com.joseph.entity.OrderItem:id]
10:08:05.165 [main] DEBUG org.hibernate.cfg.annotations.SimpleValueBinder - building SimpleValue for id
10:08:05.165 [main] DEBUG org.hibernate.cfg.annotations.PropertyBinder - Building property id
10:08:05.166 [main] DEBUG org.hibernate.cfg.Ejb3Column - Binding column: Ejb3JoinColumn{logicalColumnName='idorder', referencedColumn='', mappedBy=''}
10:08:05.166 [main] DEBUG org.hibernate.cfg.Ejb3Column - Binding column: Ejb3Column{table=org.hibernate.mapping.Table(orderitems), mappingColumn=order, insertable=true, updatable=true, unique=false}
10:08:05.166 [main] DEBUG org.hibernate.cfg.annotations.PropertyBinder - Building property order
10:08:05.166 [main] DEBUG org.hibernate.cfg.Ejb3Column - Binding column: Ejb3JoinColumn{logicalColumnName='idproduct', referencedColumn='', mappedBy=''}
10:08:05.166 [main] DEBUG org.hibernate.cfg.Ejb3Column - Binding column: Ejb3Column{table=org.hibernate.mapping.Table(orderitems), mappingColumn=product, insertable=true, updatable=true, unique=false}
10:08:05.166 [main] DEBUG org.hibernate.cfg.annotations.PropertyBinder - Building property product
10:08:05.167 [main] DEBUG org.hibernate.cfg.Ejb3Column - Binding column: Ejb3Column{table=org.hibernate.mapping.Table(orderitems), mappingColumn=quantity, insertable=true, updatable=true, unique=false}
10:08:05.167 [main] DEBUG org.hibernate.cfg.annotations.PropertyBinder - MetadataSourceProcessor property quantity with lazy=false
10:08:05.167 [main] DEBUG org.hibernate.cfg.AbstractPropertyHolder - Attempting to locate auto-apply AttributeConverter for property [com.joseph.entity.OrderItem:quantity]
10:08:05.167 [main] DEBUG org.hibernate.cfg.annotations.SimpleValueBinder - building SimpleValue for quantity
10:08:05.167 [main] DEBUG org.hibernate.cfg.annotations.PropertyBinder - Building property quantity
10:08:05.167 [main] DEBUG org.hibernate.cfg.AnnotationBinder - Binding entity from annotated class: com.joseph.entity.Product
10:08:05.167 [main] DEBUG org.hibernate.cfg.Ejb3Column - Binding column: Ejb3DiscriminatorColumn{logicalColumnName'DTYPE', discriminatorTypeName='string'}
10:08:05.167 [main] DEBUG org.hibernate.cfg.annotations.EntityBinder - Import with entity name Product
10:08:05.169 [main] DEBUG org.hibernate.cfg.annotations.EntityBinder - Bind entity com.joseph.entity.Product on table Product
10:08:05.171 [main] DEBUG org.hibernate.cfg.Ejb3Column - Binding column: Ejb3Column{table=org.hibernate.mapping.Table(Product), mappingColumn=idproduct, insertable=true, updatable=true, unique=false}
10:08:05.171 [main] DEBUG org.hibernate.cfg.annotations.PropertyBinder - MetadataSourceProcessor property idproduct with lazy=false
10:08:05.171 [main] DEBUG org.hibernate.cfg.AbstractPropertyHolder - Attempting to locate auto-apply AttributeConverter for property [com.joseph.entity.Product:idproduct]
10:08:05.171 [main] DEBUG org.hibernate.cfg.annotations.SimpleValueBinder - building SimpleValue for idproduct
10:08:05.171 [main] DEBUG org.hibernate.cfg.annotations.PropertyBinder - Building property idproduct
10:08:05.172 [main] DEBUG org.hibernate.cfg.Ejb3Column - Binding column: Ejb3Column{table=org.hibernate.mapping.Table(Product), mappingColumn=nameproduct, insertable=true, updatable=true, unique=false}
10:08:05.172 [main] DEBUG org.hibernate.cfg.annotations.PropertyBinder - MetadataSourceProcessor property nameproduct with lazy=false
10:08:05.172 [main] DEBUG org.hibernate.cfg.AbstractPropertyHolder - Attempting to locate auto-apply AttributeConverter for property [com.joseph.entity.Product:nameproduct]
10:08:05.172 [main] DEBUG org.hibernate.cfg.annotations.SimpleValueBinder - building SimpleValue for nameproduct
10:08:05.172 [main] DEBUG org.hibernate.cfg.annotations.PropertyBinder - Building property nameproduct
10:08:05.172 [main] DEBUG org.hibernate.cfg.Ejb3Column - Binding column: Ejb3JoinColumn{logicalColumnName='null', referencedColumn='null', mappedBy='product'}
10:08:05.172 [main] DEBUG org.hibernate.cfg.Ejb3Column - Binding column: Ejb3Column{table=org.hibernate.mapping.Table(Product), mappingColumn=orderItems, insertable=true, updatable=true, unique=false}
10:08:05.172 [main] DEBUG org.hibernate.cfg.Ejb3Column - Binding column: Ejb3Column{table=org.hibernate.mapping.Table(Product), mappingColumn=null, insertable=true, updatable=true, unique=false}
10:08:05.173 [main] DEBUG org.hibernate.cfg.Ejb3Column - Binding column: Ejb3Column{table=org.hibernate.mapping.Table(Product), mappingColumn=element, insertable=true, updatable=true, unique=false}
10:08:05.173 [main] DEBUG org.hibernate.cfg.Ejb3Column - Binding column: Ejb3Column{table=org.hibernate.mapping.Table(Product), mappingColumn=orderItems_KEY, insertable=true, updatable=true, unique=false}
10:08:05.173 [main] DEBUG org.hibernate.cfg.Ejb3Column - Binding column: Ejb3JoinColumn{logicalColumnName='orderItems_KEY', referencedColumn='null', mappedBy='null'}
10:08:05.173 [main] DEBUG org.hibernate.cfg.Ejb3Column - Binding column: Ejb3JoinColumn{logicalColumnName='null', referencedColumn='null', mappedBy='product'}
10:08:05.173 [main] DEBUG org.hibernate.cfg.Ejb3Column - Binding column: Ejb3JoinColumn{logicalColumnName='null', referencedColumn='null', mappedBy='product'}
10:08:05.173 [main] DEBUG org.hibernate.cfg.annotations.CollectionBinder - Collection role: com.joseph.entity.Product.orderItems
10:08:05.173 [main] DEBUG org.hibernate.cfg.annotations.PropertyBinder - Building property orderItems
10:08:05.173 [main] DEBUG org.hibernate.cfg.Ejb3Column - Binding column: Ejb3Column{table=org.hibernate.mapping.Table(Product), mappingColumn=priceproduct, insertable=true, updatable=true, unique=false}
10:08:05.174 [main] DEBUG org.hibernate.cfg.annotations.PropertyBinder - MetadataSourceProcessor property priceproduct with lazy=false
10:08:05.174 [main] DEBUG org.hibernate.cfg.AbstractPropertyHolder - Attempting to locate auto-apply AttributeConverter for property [com.joseph.entity.Product:priceproduct]
10:08:05.174 [main] DEBUG org.hibernate.cfg.annotations.SimpleValueBinder - building SimpleValue for priceproduct
10:08:05.174 [main] DEBUG org.hibernate.cfg.annotations.PropertyBinder - Building property priceproduct
10:08:05.174 [main] DEBUG org.hibernate.cfg.Ejb3Column - Binding column: Ejb3Column{table=org.hibernate.mapping.Table(Product), mappingColumn=stockproduct, insertable=true, updatable=true, unique=false}
10:08:05.174 [main] DEBUG org.hibernate.cfg.annotations.PropertyBinder - MetadataSourceProcessor property stockproduct with lazy=false
10:08:05.174 [main] DEBUG org.hibernate.cfg.AbstractPropertyHolder - Attempting to locate auto-apply AttributeConverter for property [com.joseph.entity.Product:stockproduct]
10:08:05.174 [main] DEBUG org.hibernate.cfg.annotations.SimpleValueBinder - building SimpleValue for stockproduct
10:08:05.174 [main] DEBUG org.hibernate.cfg.annotations.PropertyBinder - Building property stockproduct
10:08:05.176 [main] DEBUG org.hibernate.cfg.annotations.SimpleValueBinder - Starting fillSimpleValue for idclient
10:08:05.176 [main] DEBUG org.hibernate.cfg.annotations.SimpleValueBinder - Starting fillSimpleValue for emailclient
10:08:05.176 [main] DEBUG org.hibernate.cfg.annotations.SimpleValueBinder - Starting fillSimpleValue for nameclient
10:08:05.176 [main] DEBUG org.hibernate.cfg.annotations.SimpleValueBinder - Starting fillSimpleValue for idorder
10:08:05.176 [main] DEBUG org.hibernate.cfg.annotations.SimpleValueBinder - Starting fillSimpleValue for dateorder
10:08:05.176 [main] DEBUG org.hibernate.cfg.annotations.SimpleValueBinder - Starting fillSimpleValue for statusorder
10:08:05.177 [main] DEBUG org.hibernate.cfg.annotations.SimpleValueBinder - Starting fillSimpleValue for totalorder
10:08:05.177 [main] DEBUG org.hibernate.cfg.annotations.SimpleValueBinder - Starting fillSimpleValue for id
10:08:05.177 [main] DEBUG org.hibernate.cfg.annotations.SimpleValueBinder - Starting fillSimpleValue for quantity
10:08:05.177 [main] DEBUG org.hibernate.cfg.annotations.SimpleValueBinder - Starting fillSimpleValue for idproduct
10:08:05.177 [main] DEBUG org.hibernate.cfg.annotations.SimpleValueBinder - Starting fillSimpleValue for nameproduct
10:08:05.177 [main] DEBUG org.hibernate.cfg.annotations.SimpleValueBinder - Starting fillSimpleValue for priceproduct
10:08:05.178 [main] DEBUG org.hibernate.cfg.annotations.SimpleValueBinder - Starting fillSimpleValue for stockproduct
10:08:05.183 [main] DEBUG org.hibernate.mapping.PrimaryKey - Forcing column [idclient] to be non-null as it is part of the primary key for table [client]
10:08:05.183 [main] DEBUG org.hibernate.mapping.PrimaryKey - Forcing column [idorder] to be non-null as it is part of the primary key for table [order_table]
10:08:05.183 [main] DEBUG org.hibernate.mapping.PrimaryKey - Forcing column [id] to be non-null as it is part of the primary key for table [orderitems]
10:08:05.183 [main] DEBUG org.hibernate.mapping.PrimaryKey - Forcing column [idproduct] to be non-null as it is part of the primary key for table [product]
10:08:05.183 [main] DEBUG org.hibernate.cfg.CollectionSecondPass - Second pass for collection: com.joseph.entity.Client.orders
10:08:05.184 [main] DEBUG org.hibernate.cfg.annotations.CollectionBinder - Binding a OneToMany: com.joseph.entity.Client.orders through a foreign key
10:08:05.185 [main] DEBUG org.hibernate.cfg.annotations.CollectionBinder - Mapping collection: com.joseph.entity.Client.orders -> order_table
10:08:05.186 [main] DEBUG org.hibernate.cfg.annotations.TableBinder - Retrieving property com.joseph.entity.Order.client
10:08:05.187 [main] DEBUG org.hibernate.cfg.CollectionSecondPass - Mapped collection key: idclient, one-to-many: com.joseph.entity.Order
10:08:05.187 [main] DEBUG org.hibernate.cfg.CollectionSecondPass - Second pass for collection: com.joseph.entity.Order.orderItems
10:08:05.187 [main] DEBUG org.hibernate.cfg.annotations.CollectionBinder - Binding a OneToMany: com.joseph.entity.Order.orderItems through a foreign key
10:08:05.187 [main] DEBUG org.hibernate.cfg.annotations.CollectionBinder - Mapping collection: com.joseph.entity.Order.orderItems -> orderitems
10:08:05.187 [main] DEBUG org.hibernate.cfg.annotations.TableBinder - Retrieving property com.joseph.entity.OrderItem.order
10:08:05.187 [main] DEBUG org.hibernate.cfg.CollectionSecondPass - Mapped collection key: idorder, one-to-many: com.joseph.entity.OrderItem
10:08:05.187 [main] DEBUG org.hibernate.cfg.CollectionSecondPass - Second pass for collection: com.joseph.entity.Product.orderItems
10:08:05.187 [main] DEBUG org.hibernate.cfg.annotations.CollectionBinder - Binding a OneToMany: com.joseph.entity.Product.orderItems through a foreign key
10:08:05.187 [main] DEBUG org.hibernate.cfg.annotations.CollectionBinder - Mapping collection: com.joseph.entity.Product.orderItems -> orderitems
10:08:05.188 [main] DEBUG org.hibernate.cfg.annotations.TableBinder - Retrieving property com.joseph.entity.OrderItem.product
10:08:05.188 [main] DEBUG org.hibernate.cfg.CollectionSecondPass - Mapped collection key: idproduct, one-to-many: com.joseph.entity.OrderItem
10:08:05.188 [main] DEBUG org.hibernate.boot.internal.InFlightMetadataCollectorImpl - Resolving reference to class: com.joseph.entity.Client
10:08:05.194 [main] DEBUG org.hibernate.boot.internal.InFlightMetadataCollectorImpl - Resolving reference to class: com.joseph.entity.Order
10:08:05.194 [main] DEBUG org.hibernate.boot.internal.InFlightMetadataCollectorImpl - Resolving reference to class: com.joseph.entity.Product
10:08:05.197 [main] DEBUG org.hibernate.boot.internal.InFlightMetadataCollectorImpl - Resolving reference to class: com.joseph.entity.Client
10:08:05.197 [main] DEBUG org.hibernate.boot.internal.InFlightMetadataCollectorImpl - Resolving reference to class: com.joseph.entity.Order
10:08:05.197 [main] DEBUG org.hibernate.boot.internal.InFlightMetadataCollectorImpl - Resolving reference to class: com.joseph.entity.Product
10:08:05.256 [main] DEBUG org.hibernate.internal.SessionFactoryImpl - Building session factory
10:08:05.258 [main] DEBUG org.hibernate.cfg.Settings - SessionFactory name : null
10:08:05.258 [main] DEBUG org.hibernate.cfg.Settings - Automatic flush during beforeCompletion(): enabled
10:08:05.258 [main] DEBUG org.hibernate.cfg.Settings - Automatic session close at end of transaction: disabled
10:08:05.258 [main] DEBUG org.hibernate.cfg.Settings - Statistics: disabled
10:08:05.258 [main] DEBUG org.hibernate.cfg.Settings - Deleted entity synthetic identifier rollback: disabled
10:08:05.258 [main] DEBUG org.hibernate.cfg.Settings - Default entity-mode: pojo
10:08:05.259 [main] DEBUG org.hibernate.cfg.Settings - Check Nullability in Core (should be disabled when Bean Validation is on): enabled
10:08:05.259 [main] DEBUG org.hibernate.cfg.Settings - Allow initialization of lazy state outside session : disabled
10:08:05.259 [main] DEBUG org.hibernate.cfg.Settings - Using BatchFetchStyle : LEGACY
10:08:05.259 [main] DEBUG org.hibernate.cfg.Settings - Default batch fetch size: -1
10:08:05.259 [main] DEBUG org.hibernate.cfg.Settings - Maximum outer join fetch depth: 2
10:08:05.259 [main] DEBUG org.hibernate.cfg.Settings - Default null ordering: NONE
10:08:05.259 [main] DEBUG org.hibernate.cfg.Settings - Order SQL updates by primary key: disabled
10:08:05.259 [main] DEBUG org.hibernate.cfg.Settings - Order SQL inserts for batching: disabled
10:08:05.259 [main] DEBUG org.hibernate.cfg.Settings - multi-tenancy strategy : NONE
10:08:05.259 [main] DEBUG org.hibernate.cfg.Settings - JTA Track by Thread: enabled
10:08:05.260 [main] DEBUG org.hibernate.cfg.Settings - Query language substitutions: {}
10:08:05.260 [main] DEBUG org.hibernate.cfg.Settings - JPA query language strict compliance: disabled
10:08:05.260 [main] DEBUG org.hibernate.cfg.Settings - Named query checking : enabled
10:08:05.260 [main] DEBUG org.hibernate.cfg.Settings - Second-level cache: disabled
10:08:05.260 [main] DEBUG org.hibernate.cfg.Settings - Second-level query cache: disabled
10:08:05.260 [main] DEBUG org.hibernate.cfg.Settings - Second-level query cache factory: null
10:08:05.260 [main] DEBUG org.hibernate.cfg.Settings - Second-level cache region prefix: null
10:08:05.260 [main] DEBUG org.hibernate.cfg.Settings - Optimize second-level cache for minimal puts: disabled
10:08:05.260 [main] DEBUG org.hibernate.cfg.Settings - Structured second-level cache entries: disabled
10:08:05.260 [main] DEBUG org.hibernate.cfg.Settings - Second-level cache direct-reference entries: disabled
10:08:05.260 [main] DEBUG org.hibernate.cfg.Settings - Automatic eviction of collection cache: disabled
10:08:05.260 [main] DEBUG org.hibernate.cfg.Settings - JDBC batch size: 15
10:08:05.260 [main] DEBUG org.hibernate.cfg.Settings - JDBC batch updates for versioned data: enabled
10:08:05.260 [main] DEBUG org.hibernate.cfg.Settings - Scrollable result sets: enabled
10:08:05.260 [main] DEBUG org.hibernate.cfg.Settings - Wrap result sets: disabled
10:08:05.260 [main] DEBUG org.hibernate.cfg.Settings - JDBC3 getGeneratedKeys(): enabled
10:08:05.261 [main] DEBUG org.hibernate.cfg.Settings - JDBC result set fetch size: null
10:08:05.261 [main] DEBUG org.hibernate.cfg.Settings - Connection release mode: ON_CLOSE
10:08:05.261 [main] DEBUG org.hibernate.cfg.Settings - Generate SQL with comments: disabled
10:08:05.470 [main] DEBUG org.hibernate.internal.SessionFactoryImpl - Session factory constructed with filter configurations : {}
10:08:05.471 [main] DEBUG org.hibernate.internal.SessionFactoryImpl - Instantiating session factory with properties: {sun.desktop=windows, awt.toolkit=sun.awt.windows.WToolkit, file.encoding.pkg=sun.io, java.specification.version=1.8, hibernate.connection.handling_mode=DELAYED_ACQUISITION_AND_HOLD, sun.cpu.isalist=amd64, sun.jnu.encoding=Cp1252, hibernate.dialect=org.hibernate.dialect.MySQL5Dialect, java.class.path=C:\Users\yassinjouao\Desktop\backup\target\test-classes;C:\Users\yassinjouao\Desktop\backup\target\classes;C:\Users\yassinjouao\.m2\repository\com\fasterxml\jackson\core\jackson-databind\2.13.0\jackson-databind-2.13.0.jar;C:\Users\yassinjouao\.m2\repository\com\fasterxml\jackson\core\jackson-core\2.13.0\jackson-core-2.13.0.jar;C:\Users\yassinjouao\.m2\repository\com\fasterxml\jackson\core\jackson-annotations\2.13.0\jackson-annotations-2.13.0.jar;C:\Users\yassinjouao\.m2\repository\org\apache\poi\poi-ooxml\3.11\poi-ooxml-3.11.jar;C:\Users\yassinjouao\.m2\repository\org\apache\poi\poi\3.11\poi-3.11.jar;C:\Users\yassinjouao\.m2\repository\commons-codec\commons-codec\1.9\commons-codec-1.9.jar;C:\Users\yassinjouao\.m2\repository\org\apache\poi\poi-ooxml-schemas\3.11\poi-ooxml-schemas-3.11.jar;C:\Users\yassinjouao\.m2\repository\org\apache\xmlbeans\xmlbeans\2.6.0\xmlbeans-2.6.0.jar;C:\Users\yassinjouao\.m2\repository\stax\stax-api\1.0.1\stax-api-1.0.1.jar;C:\Users\yassinjouao\.m2\repository\org\springframework\spring-webmvc\5.2.22.RELEASE\spring-webmvc-5.2.22.RELEASE.jar;C:\Users\yassinjouao\.m2\repository\org\springframework\spring-aop\5.2.22.RELEASE\spring-aop-5.2.22.RELEASE.jar;C:\Users\yassinjouao\.m2\repository\org\springframework\spring-beans\5.2.22.RELEASE\spring-beans-5.2.22.RELEASE.jar;C:\Users\yassinjouao\.m2\repository\org\springframework\spring-context\5.2.22.RELEASE\spring-context-5.2.22.RELEASE.jar;C:\Users\yassinjouao\.m2\repository\org\springframework\spring-core\5.2.22.RELEASE\spring-core-5.2.22.RELEASE.jar;C:\Users\yassinjouao\.m2\repository\org\springframework\spring-jcl\5.2.22.RELEASE\spring-jcl-5.2.22.RELEASE.jar;C:\Users\yassinjouao\.m2\repository\org\springframework\spring-expression\5.2.22.RELEASE\spring-expression-5.2.22.RELEASE.jar;C:\Users\yassinjouao\.m2\repository\org\springframework\spring-web\5.2.22.RELEASE\spring-web-5.2.22.RELEASE.jar;C:\Users\yassinjouao\.m2\repository\org\thymeleaf\thymeleaf-spring5\3.0.15.RELEASE\thymeleaf-spring5-3.0.15.RELEASE.jar;C:\Users\yassinjouao\.m2\repository\org\thymeleaf\thymeleaf\3.0.15.RELEASE\thymeleaf-3.0.15.RELEASE.jar;C:\Users\yassinjouao\.m2\repository\org\attoparser\attoparser\2.0.5.RELEASE\attoparser-2.0.5.RELEASE.jar;C:\Users\yassinjouao\.m2\repository\org\unbescape\unbescape\1.1.6.RELEASE\unbescape-1.1.6.RELEASE.jar;C:\Users\yassinjouao\.m2\repository\org\webjars\bootstrap\5.2.0\bootstrap-5.2.0.jar;C:\Users\yassinjouao\.m2\repository\jakarta\servlet\jakarta.servlet-api\4.0.4\jakarta.servlet-api-4.0.4.jar;C:\Users\yassinjouao\.m2\repository\org\springframework\spring-test\5.2.22.RELEASE\spring-test-5.2.22.RELEASE.jar;C:\Users\yassinjouao\.m2\repository\org\slf4j\slf4j-api\1.7.32\slf4j-api-1.7.32.jar;C:\Users\yassinjouao\.m2\repository\ch\qos\logback\logback-classic\1.2.6\logback-classic-1.2.6.jar;C:\Users\yassinjouao\.m2\repository\ch\qos\logback\logback-core\1.2.6\logback-core-1.2.6.jar;C:\Users\yassinjouao\.m2\repository\org\junit\jupiter\junit-jupiter-api\5.9.0\junit-jupiter-api-5.9.0.jar;C:\Users\yassinjouao\.m2\repository\org\opentest4j\opentest4j\1.2.0\opentest4j-1.2.0.jar;C:\Users\yassinjouao\.m2\repository\org\junit\platform\junit-platform-commons\1.9.0\junit-platform-commons-1.9.0.jar;C:\Users\yassinjouao\.m2\repository\org\apiguardian\apiguardian-api\1.1.2\apiguardian-api-1.1.2.jar;C:\Users\yassinjouao\.m2\repository\org\junit\jupiter\junit-jupiter-params\5.10.0\junit-jupiter-params-5.10.0.jar;C:\Users\yassinjouao\.m2\repository\org\junit\jupiter\junit-jupiter-engine\5.9.0\junit-jupiter-engine-5.9.0.jar;C:\Users\yassinjouao\.m2\repository\org\junit\platform\junit-platform-engine\1.9.0\junit-platform-engine-1.9.0.jar;C:\Users\yassinjouao\.m2\repository\org\hamcrest\hamcrest-core\2.2\hamcrest-core-2.2.jar;C:\Users\yassinjouao\.m2\repository\org\hamcrest\hamcrest\2.2\hamcrest-2.2.jar;C:\Users\yassinjouao\.m2\repository\com\mysql\mysql-connector-j\8.0.31\mysql-connector-j-8.0.31.jar;C:\Users\yassinjouao\.m2\repository\com\google\protobuf\protobuf-java\3.19.4\protobuf-java-3.19.4.jar;C:\Users\yassinjouao\.m2\repository\org\springframework\spring-orm\5.2.22.RELEASE\spring-orm-5.2.22.RELEASE.jar;C:\Users\yassinjouao\.m2\repository\org\springframework\spring-jdbc\5.2.22.RELEASE\spring-jdbc-5.2.22.RELEASE.jar;C:\Users\yassinjouao\.m2\repository\org\springframework\spring-tx\5.2.22.RELEASE\spring-tx-5.2.22.RELEASE.jar;C:\Users\yassinjouao\.m2\repository\org\hibernate\hibernate-entitymanager\5.2.17.Final\hibernate-entitymanager-5.2.17.Final.jar;C:\Users\yassinjouao\.m2\repository\org\jboss\logging\jboss-logging\3.3.1.Final\jboss-logging-3.3.1.Final.jar;C:\Users\yassinjouao\.m2\repository\org\hibernate\hibernate-core\5.2.17.Final\hibernate-core-5.2.17.Final.jar;C:\Users\yassinjouao\.m2\repository\antlr\antlr\2.7.7\antlr-2.7.7.jar;C:\Users\yassinjouao\.m2\repository\org\jboss\jandex\2.0.3.Final\jandex-2.0.3.Final.jar;C:\Users\yassinjouao\.m2\repository\dom4j\dom4j\1.6.1\dom4j-1.6.1.jar;C:\Users\yassinjouao\.m2\repository\org\hibernate\common\hibernate-commons-annotations\5.0.1.Final\hibernate-commons-annotations-5.0.1.Final.jar;C:\Users\yassinjouao\.m2\repository\org\hibernate\javax\persistence\hibernate-jpa-2.1-api\1.0.0.Final\hibernate-jpa-2.1-api-1.0.0.Final.jar;C:\Users\yassinjouao\.m2\repository\org\javassist\javassist\3.22.0-GA\javassist-3.22.0-GA.jar;C:\Users\yassinjouao\.m2\repository\net\bytebuddy\byte-buddy\1.6.14\byte-buddy-1.6.14.jar;C:\Users\yassinjouao\.m2\repository\org\jboss\spec\javax\transaction\jboss-transaction-api_1.2_spec\1.0.1.Final\jboss-transaction-api_1.2_spec-1.0.1.Final.jar;C:\Users\yassinjouao\.m2\repository\org\hibernate\hibernate-validator\5.4.1.Final\hibernate-validator-5.4.1.Final.jar;C:\Users\yassinjouao\.m2\repository\javax\validation\validation-api\1.1.0.Final\validation-api-1.1.0.Final.jar;C:\Users\yassinjouao\.m2\repository\com\fasterxml\classmate\1.3.1\classmate-1.3.1.jar;C:\Users\yassinjouao\.m2\repository\org\springframework\data\spring-data-jpa\2.1.0.RELEASE\spring-data-jpa-2.1.0.RELEASE.jar;C:\Users\yassinjouao\.m2\repository\org\springframework\data\spring-data-commons\2.1.0.RELEASE\spring-data-commons-2.1.0.RELEASE.jar;C:\Users\yassinjouao\.m2\repository\org\aspectj\aspectjrt\1.9.1\aspectjrt-1.9.1.jar;C:\Users\yassinjouao\.m2\repository\com\h2database\h2\2.1.214\h2-2.1.214.jar;, java.vm.vendor=Oracle Corporation, sun.arch.data.model=64, user.variant=, java.vendor.url=http://java.oracle.com/, user.timezone=Africa/Casablanca, os.name=Windows 10, java.vm.specification.version=1.8, javax.persistence.validation.mode=AUTO, user.country=US, sun.java.launcher=SUN_STANDARD, sun.boot.library.path=C:\Program Files\Java\jdk-1.8\jre\bin, sun.java.command=C:\Users\yassinjouao\AppData\Local\Temp\surefire3009955518126088091\surefirebooter-20240105100759340_3.jar C:\Users\yassinjouao\AppData\Local\Temp\surefire3009955518126088091 2024-01-05T10-07-58_543-jvmRun1 surefire-20240105100759340_1tmp surefire_0-20240105100759340_2tmp, javax.persistence.sharedCache.mode=UNSPECIFIED, surefire.test.class.path=C:\Users\yassinjouao\Desktop\backup\target\test-classes;C:\Users\yassinjouao\Desktop\backup\target\classes;C:\Users\yassinjouao\.m2\repository\com\fasterxml\jackson\core\jackson-databind\2.13.0\jackson-databind-2.13.0.jar;C:\Users\yassinjouao\.m2\repository\com\fasterxml\jackson\core\jackson-core\2.13.0\jackson-core-2.13.0.jar;C:\Users\yassinjouao\.m2\repository\com\fasterxml\jackson\core\jackson-annotations\2.13.0\jackson-annotations-2.13.0.jar;C:\Users\yassinjouao\.m2\repository\org\apache\poi\poi-ooxml\3.11\poi-ooxml-3.11.jar;C:\Users\yassinjouao\.m2\repository\org\apache\poi\poi\3.11\poi-3.11.jar;C:\Users\yassinjouao\.m2\repository\commons-codec\commons-codec\1.9\commons-codec-1.9.jar;C:\Users\yassinjouao\.m2\repository\org\apache\poi\poi-ooxml-schemas\3.11\poi-ooxml-schemas-3.11.jar;C:\Users\yassinjouao\.m2\repository\org\apache\xmlbeans\xmlbeans\2.6.0\xmlbeans-2.6.0.jar;C:\Users\yassinjouao\.m2\repository\stax\stax-api\1.0.1\stax-api-1.0.1.jar;C:\Users\yassinjouao\.m2\repository\org\springframework\spring-webmvc\5.2.22.RELEASE\spring-webmvc-5.2.22.RELEASE.jar;C:\Users\yassinjouao\.m2\repository\org\springframework\spring-aop\5.2.22.RELEASE\spring-aop-5.2.22.RELEASE.jar;C:\Users\yassinjouao\.m2\repository\org\springframework\spring-beans\5.2.22.RELEASE\spring-beans-5.2.22.RELEASE.jar;C:\Users\yassinjouao\.m2\repository\org\springframework\spring-context\5.2.22.RELEASE\spring-context-5.2.22.RELEASE.jar;C:\Users\yassinjouao\.m2\repository\org\springframework\spring-core\5.2.22.RELEASE\spring-core-5.2.22.RELEASE.jar;C:\Users\yassinjouao\.m2\repository\org\springframework\spring-jcl\5.2.22.RELEASE\spring-jcl-5.2.22.RELEASE.jar;C:\Users\yassinjouao\.m2\repository\org\springframework\spring-expression\5.2.22.RELEASE\spring-expression-5.2.22.RELEASE.jar;C:\Users\yassinjouao\.m2\repository\org\springframework\spring-web\5.2.22.RELEASE\spring-web-5.2.22.RELEASE.jar;C:\Users\yassinjouao\.m2\repository\org\thymeleaf\thymeleaf-spring5\3.0.15.RELEASE\thymeleaf-spring5-3.0.15.RELEASE.jar;C:\Users\yassinjouao\.m2\repository\org\thymeleaf\thymeleaf\3.0.15.RELEASE\thymeleaf-3.0.15.RELEASE.jar;C:\Users\yassinjouao\.m2\repository\org\attoparser\attoparser\2.0.5.RELEASE\attoparser-2.0.5.RELEASE.jar;C:\Users\yassinjouao\.m2\repository\org\unbescape\unbescape\1.1.6.RELEASE\unbescape-1.1.6.RELEASE.jar;C:\Users\yassinjouao\.m2\repository\org\webjars\bootstrap\5.2.0\bootstrap-5.2.0.jar;C:\Users\yassinjouao\.m2\repository\jakarta\servlet\jakarta.servlet-api\4.0.4\jakarta.servlet-api-4.0.4.jar;C:\Users\yassinjouao\.m2\repository\org\springframework\spring-test\5.2.22.RELEASE\spring-test-5.2.22.RELEASE.jar;C:\Users\yassinjouao\.m2\repository\org\slf4j\slf4j-api\1.7.32\slf4j-api-1.7.32.jar;C:\Users\yassinjouao\.m2\repository\ch\qos\logback\logback-classic\1.2.6\logback-classic-1.2.6.jar;C:\Users\yassinjouao\.m2\repository\ch\qos\logback\logback-core\1.2.6\logback-core-1.2.6.jar;C:\Users\yassinjouao\.m2\repository\org\junit\jupiter\junit-jupiter-api\5.9.0\junit-jupiter-api-5.9.0.jar;C:\Users\yassinjouao\.m2\repository\org\opentest4j\opentest4j\1.2.0\opentest4j-1.2.0.jar;C:\Users\yassinjouao\.m2\repository\org\junit\platform\junit-platform-commons\1.9.0\junit-platform-commons-1.9.0.jar;C:\Users\yassinjouao\.m2\repository\org\apiguardian\apiguardian-api\1.1.2\apiguardian-api-1.1.2.jar;C:\Users\yassinjouao\.m2\repository\org\junit\jupiter\junit-jupiter-params\5.10.0\junit-jupiter-params-5.10.0.jar;C:\Users\yassinjouao\.m2\repository\org\junit\jupiter\junit-jupiter-engine\5.9.0\junit-jupiter-engine-5.9.0.jar;C:\Users\yassinjouao\.m2\repository\org\junit\platform\junit-platform-engine\1.9.0\junit-platform-engine-1.9.0.jar;C:\Users\yassinjouao\.m2\repository\org\hamcrest\hamcrest-core\2.2\hamcrest-core-2.2.jar;C:\Users\yassinjouao\.m2\repository\org\hamcrest\hamcrest\2.2\hamcrest-2.2.jar;C:\Users\yassinjouao\.m2\repository\com\mysql\mysql-connector-j\8.0.31\mysql-connector-j-8.0.31.jar;C:\Users\yassinjouao\.m2\repository\com\google\protobuf\protobuf-java\3.19.4\protobuf-java-3.19.4.jar;C:\Users\yassinjouao\.m2\repository\org\springframework\spring-orm\5.2.22.RELEASE\spring-orm-5.2.22.RELEASE.jar;C:\Users\yassinjouao\.m2\repository\org\springframework\spring-jdbc\5.2.22.RELEASE\spring-jdbc-5.2.22.RELEASE.jar;C:\Users\yassinjouao\.m2\repository\org\springframework\spring-tx\5.2.22.RELEASE\spring-tx-5.2.22.RELEASE.jar;C:\Users\yassinjouao\.m2\repository\org\hibernate\hibernate-entitymanager\5.2.17.Final\hibernate-entitymanager-5.2.17.Final.jar;C:\Users\yassinjouao\.m2\repository\org\jboss\logging\jboss-logging\3.3.1.Final\jboss-logging-3.3.1.Final.jar;C:\Users\yassinjouao\.m2\repository\org\hibernate\hibernate-core\5.2.17.Final\hibernate-core-5.2.17.Final.jar;C:\Users\yassinjouao\.m2\repository\antlr\antlr\2.7.7\antlr-2.7.7.jar;C:\Users\yassinjouao\.m2\repository\org\jboss\jandex\2.0.3.Final\jandex-2.0.3.Final.jar;C:\Users\yassinjouao\.m2\repository\dom4j\dom4j\1.6.1\dom4j-1.6.1.jar;C:\Users\yassinjouao\.m2\repository\org\hibernate\common\hibernate-commons-annotations\5.0.1.Final\hibernate-commons-annotations-5.0.1.Final.jar;C:\Users\yassinjouao\.m2\repository\org\hibernate\javax\persistence\hibernate-jpa-2.1-api\1.0.0.Final\hibernate-jpa-2.1-api-1.0.0.Final.jar;C:\Users\yassinjouao\.m2\repository\org\javassist\javassist\3.22.0-GA\javassist-3.22.0-GA.jar;C:\Users\yassinjouao\.m2\repository\net\bytebuddy\byte-buddy\1.6.14\byte-buddy-1.6.14.jar;C:\Users\yassinjouao\.m2\repository\org\jboss\spec\javax\transaction\jboss-transaction-api_1.2_spec\1.0.1.Final\jboss-transaction-api_1.2_spec-1.0.1.Final.jar;C:\Users\yassinjouao\.m2\repository\org\hibernate\hibernate-validator\5.4.1.Final\hibernate-validator-5.4.1.Final.jar;C:\Users\yassinjouao\.m2\repository\javax\validation\validation-api\1.1.0.Final\validation-api-1.1.0.Final.jar;C:\Users\yassinjouao\.m2\repository\com\fasterxml\classmate\1.3.1\classmate-1.3.1.jar;C:\Users\yassinjouao\.m2\repository\org\springframework\data\spring-data-jpa\2.1.0.RELEASE\spring-data-jpa-2.1.0.RELEASE.jar;C:\Users\yassinjouao\.m2\repository\org\springframework\data\spring-data-commons\2.1.0.RELEASE\spring-data-commons-2.1.0.RELEASE.jar;C:\Users\yassinjouao\.m2\repository\org\aspectj\aspectjrt\1.9.1\aspectjrt-1.9.1.jar;C:\Users\yassinjouao\.m2\repository\com\h2database\h2\2.1.214\h2-2.1.214.jar;, sun.cpu.endian=little, user.home=C:\Users\yassinjouao, user.language=en, java.specification.vendor=Oracle Corporation, java.home=C:\Program Files\Java\jdk-1.8\jre, basedir=C:\Users\yassinjouao\Desktop\backup, file.separator=\, line.separator=
, java.vm.specification.vendor=Oracle Corporation, java.specification.name=Java Platform API Specification, hibernate.transaction.coordinator_class=class org.hibernate.resource.transaction.backend.jdbc.internal.JdbcResourceLocalTransactionCoordinatorBuilderImpl, java.awt.graphicsenv=sun.awt.Win32GraphicsEnvironment, surefire.real.class.path=C:\Users\yassinjouao\AppData\Local\Temp\surefire3009955518126088091\surefirebooter-20240105100759340_3.jar, sun.boot.class.path=C:\Program Files\Java\jdk-1.8\jre\lib\resources.jar;C:\Program Files\Java\jdk-1.8\jre\lib\rt.jar;C:\Program Files\Java\jdk-1.8\jre\lib\jsse.jar;C:\Program Files\Java\jdk-1.8\jre\lib\jce.jar;C:\Program Files\Java\jdk-1.8\jre\lib\charsets.jar;C:\Program Files\Java\jdk-1.8\jre\lib\jfr.jar;C:\Program Files\Java\jdk-1.8\jre\classes, hibernate.hbm2ddl.auto=update, user.script=, sun.management.compiler=HotSpot 64-Bit Tiered Compilers, java.runtime.version=1.8.0_391-b13, hibernate.cache.use_query_cache=false, user.name=yassinjouao, path.separator=;, os.version=10.0, java.endorsed.dirs=C:\Program Files\Java\jdk-1.8\jre\lib\endorsed, java.runtime.name=Java(TM) SE Runtime Environment, hibernate.ejb.persistenceUnitName=default, file.encoding=Cp1252, java.vm.name=Java HotSpot(TM) 64-Bit Server VM, localRepository=C:\Users\yassinjouao\.m2\repository, java.vendor.url.bug=http://bugreport.sun.com/bugreport/, java.io.tmpdir=C:\Users\YASSIN~1\AppData\Local\Temp\, java.version=1.8.0_391, user.dir=C:\Users\yassinjouao\Desktop\backup, os.arch=amd64, java.vm.specification.name=Java Virtual Machine Specification, java.awt.printerjob=sun.awt.windows.WPrinterJob, sun.os.patch.level=, hibernate.boot.CfgXmlAccessService.key=org.hibernate.boot.cfgxml.spi.LoadedConfig@41fed14f, hibernate.cache.use_second_level_cache=false, java.library.path=C:\Program Files\Java\jdk-1.8\jre\bin;C:\WINDOWS\Sun\Java\bin;C:\WINDOWS\system32;C:\WINDOWS;C:\Users\yassinjouao\bin;C:\Program Files\Git\mingw64\bin;C:\Program Files\Git\usr\local\bin;C:\Program Files\Git\usr\bin;C:\Program Files\Git\usr\bin;C:\Program Files\Git\mingw64\bin;C:\Program Files\Git\usr\bin;C:\Users\yassinjouao\bin;C:\Program Files\Java\jdk-1.8\bin;C:\WINDOWS\system32;C:\WINDOWS;C:\WINDOWS\System32\Wbem;C:\WINDOWS\System32\WindowsPowerShell\v1.0;C:\WINDOWS\System32\OpenSSH;C:\Program Files\Git\cmd;C:\Program Files\nodejs;C:\Program Files\apache-maven-3.9.6\bin;C:\Program Files\Cloudflare\Cloudflare WARP;C:\Users\yassinjouao\AppData\Local\Microsoft\WindowsApps;C:\Users\yassinjouao\AppData\Local\Programs\Microsoft VS Code\bin;C:\Users\yassinjouao\go\bin;C:\Users\yassinjouao\AppData\Roaming\npm;C:\Program Files\mongosh;C:\Program Files\JetBrains\IntelliJ IDEA Community Edition 2023.3\bin;C:\Program Files\JetBrains\IntelliJ IDEA 2023.3.2\bin;C:\Users\yassinjouao\AppData\Local\JetBrains\Toolbox\scripts;C:\Program Files\Git\usr\bin\vendor_perl;C:\Program Files\Git\usr\bin\core_perl;., java.vm.info=mixed mode, java.vendor=Oracle Corporation, java.vm.version=25.391-b13, hibernate.bytecode.use_reflection_optimizer=false, java.specification.maintenance.version=5, hibernate.connection.datasource=org.springframework.jdbc.datasource.DriverManagerDataSource@fc258b1, java.ext.dirs=C:\Program Files\Java\jdk-1.8\jre\lib\ext;C:\WINDOWS\Sun\Java\lib\ext, sun.io.unicode.encoding=UnicodeLittle, java.class.version=52.0}
10:08:05.592 [main] INFO org.hibernate.validator.internal.util.Version - HV000001: Hibernate Validator 5.4.1.Final
10:08:05.635 [main] DEBUG org.hibernate.validator.internal.engine.resolver.DefaultTraversableResolver - Found javax.persistence.Persistence on classpath containing 'getPersistenceUtil'. Assuming JPA 2 environment. Trying to instantiate JPA aware TraversableResolver
10:08:05.638 [main] DEBUG org.hibernate.validator.internal.engine.resolver.DefaultTraversableResolver - Instantiated JPA aware TraversableResolver of type org.hibernate.validator.internal.engine.resolver.JPATraversableResolver.
10:08:05.643 [main] DEBUG org.hibernate.validator.internal.xml.ValidationXmlParser - Trying to load META-INF/validation.xml for XML based Validator configuration.
10:08:05.648 [main] DEBUG org.hibernate.validator.internal.xml.ResourceLoaderHelper - Trying to load META-INF/validation.xml via TCCL
10:08:05.648 [main] DEBUG org.hibernate.validator.internal.xml.ResourceLoaderHelper - Trying to load META-INF/validation.xml via Hibernate Validator's class loader
10:08:05.649 [main] DEBUG org.hibernate.validator.internal.xml.ValidationXmlParser - No META-INF/validation.xml found. Using annotation based configuration only.
10:08:05.670 [main] DEBUG org.hibernate.cfg.beanvalidation.TypeSafeActivator - Unable to acquire Bean Validation ValidatorFactory, skipping activation
10:08:05.670 [main] DEBUG org.hibernate.secure.spi.JaccIntegrator - Skipping JACC integration as it was not enabled
10:08:05.681 [main] DEBUG org.hibernate.engine.spi.CascadeStyles - External cascade style registration [persist : STYLE_PERSIST_SKIPLAZY] overrode base registration [STYLE_PERSIST]
10:08:05.708 [main] DEBUG org.hibernate.internal.SessionFactoryImpl - Instantiated session factory
10:08:05.772 [main] DEBUG org.hibernate.boot.internal.ClassLoaderAccessImpl - Not known whether passed class name [com.joseph.entity.Client] is safe
10:08:05.773 [main] DEBUG org.hibernate.boot.internal.ClassLoaderAccessImpl - No temp ClassLoader provided; using live ClassLoader for loading potentially unsafe class : com.joseph.entity.Client
10:08:05.798 [main] DEBUG org.hibernate.boot.internal.ClassLoaderAccessImpl - Not known whether passed class name [com.joseph.entity.Client] is safe
10:08:05.798 [main] DEBUG org.hibernate.boot.internal.ClassLoaderAccessImpl - No temp ClassLoader provided; using live ClassLoader for loading potentially unsafe class : com.joseph.entity.Client
10:08:05.858 [main] DEBUG org.hibernate.boot.internal.ClassLoaderAccessImpl - Not known whether passed class name [com.joseph.entity.Order] is safe
10:08:05.859 [main] DEBUG org.hibernate.boot.internal.ClassLoaderAccessImpl - No temp ClassLoader provided; using live ClassLoader for loading potentially unsafe class : com.joseph.entity.Order
10:08:05.868 [main] DEBUG org.hibernate.boot.internal.ClassLoaderAccessImpl - Not known whether passed class name [com.joseph.entity.Order] is safe
10:08:05.868 [main] DEBUG org.hibernate.boot.internal.ClassLoaderAccessImpl - No temp ClassLoader provided; using live ClassLoader for loading potentially unsafe class : com.joseph.entity.Order
10:08:05.879 [main] DEBUG org.hibernate.boot.internal.ClassLoaderAccessImpl - Not known whether passed class name [com.joseph.entity.Product] is safe
10:08:05.879 [main] DEBUG org.hibernate.boot.internal.ClassLoaderAccessImpl - No temp ClassLoader provided; using live ClassLoader for loading potentially unsafe class : com.joseph.entity.Product
10:08:05.879 [main] DEBUG org.hibernate.boot.internal.ClassLoaderAccessImpl - Not known whether passed class name [com.joseph.entity.Product] is safe
10:08:05.880 [main] DEBUG org.hibernate.boot.internal.ClassLoaderAccessImpl - No temp ClassLoader provided; using live ClassLoader for loading potentially unsafe class : com.joseph.entity.Product
10:08:05.885 [main] DEBUG org.hibernate.boot.internal.ClassLoaderAccessImpl - Not known whether passed class name [com.joseph.entity.OrderItem] is safe
10:08:05.885 [main] DEBUG org.hibernate.boot.internal.ClassLoaderAccessImpl - No temp ClassLoader provided; using live ClassLoader for loading potentially unsafe class : com.joseph.entity.OrderItem
10:08:05.886 [main] DEBUG org.hibernate.boot.internal.ClassLoaderAccessImpl - Not known whether passed class name [com.joseph.entity.OrderItem] is safe
10:08:05.886 [main] DEBUG org.hibernate.boot.internal.ClassLoaderAccessImpl - No temp ClassLoader provided; using live ClassLoader for loading potentially unsafe class : com.joseph.entity.OrderItem
10:08:05.920 [main] DEBUG org.hibernate.persister.collection.AbstractCollectionPersister - Static SQL for collection: com.joseph.entity.Order.orderItems
10:08:05.920 [main] DEBUG org.hibernate.persister.collection.AbstractCollectionPersister -  Row insert: update orderitems set idorder=? where id=?
10:08:05.920 [main] DEBUG org.hibernate.persister.collection.AbstractCollectionPersister -  Row update: update orderitems set  where id=?
10:08:05.920 [main] DEBUG org.hibernate.persister.collection.AbstractCollectionPersister -  Row delete: update orderitems set idorder=null where idorder=? and id=?
10:08:05.920 [main] DEBUG org.hibernate.persister.collection.AbstractCollectionPersister -  One-shot delete: update orderitems set idorder=null where idorder=?
10:08:05.921 [main] DEBUG org.hibernate.persister.collection.AbstractCollectionPersister - Static SQL for collection: com.joseph.entity.Product.orderItems
10:08:05.921 [main] DEBUG org.hibernate.persister.collection.AbstractCollectionPersister -  Row insert: update orderitems set idproduct=? where id=?
10:08:05.921 [main] DEBUG org.hibernate.persister.collection.AbstractCollectionPersister -  Row update: update orderitems set  where id=?
10:08:05.921 [main] DEBUG org.hibernate.persister.collection.AbstractCollectionPersister -  Row delete: update orderitems set idproduct=null where idproduct=? and id=?
10:08:05.921 [main] DEBUG org.hibernate.persister.collection.AbstractCollectionPersister -  One-shot delete: update orderitems set idproduct=null where idproduct=?
10:08:05.921 [main] DEBUG org.hibernate.persister.collection.AbstractCollectionPersister - Static SQL for collection: com.joseph.entity.Client.orders
10:08:05.922 [main] DEBUG org.hibernate.persister.collection.AbstractCollectionPersister -  Row insert: update order_table set idclient=? where idorder=?
10:08:05.922 [main] DEBUG org.hibernate.persister.collection.AbstractCollectionPersister -  Row update: update order_table set  where idorder=?
10:08:05.922 [main] DEBUG org.hibernate.persister.collection.AbstractCollectionPersister -  Row delete: update order_table set idclient=null where idclient=? and idorder=?
10:08:05.922 [main] DEBUG org.hibernate.persister.collection.AbstractCollectionPersister -  One-shot delete: update order_table set idclient=null where idclient=?
10:08:05.934 [main] DEBUG org.hibernate.persister.entity.AbstractEntityPersister - Static SQL for entity: com.joseph.entity.Client
10:08:05.934 [main] DEBUG org.hibernate.persister.entity.AbstractEntityPersister -  Version select: select idclient from client where idclient =?
10:08:05.934 [main] DEBUG org.hibernate.persister.entity.AbstractEntityPersister -  Snapshot select: select client_.idclient, client_.emailclient as emailcli2_0_, client_.nameclient as nameclie3_0_ from client client_ where client_.idclient=?
10:08:05.934 [main] DEBUG org.hibernate.persister.entity.AbstractEntityPersister -  Insert 0: insert into client (emailclient, nameclient, idclient) values (?, ?, ?)
10:08:05.934 [main] DEBUG org.hibernate.persister.entity.AbstractEntityPersister -  Update 0: update client set emailclient=?, nameclient=? where idclient=?
10:08:05.934 [main] DEBUG org.hibernate.persister.entity.AbstractEntityPersister -  Delete 0: delete from client where idclient=?
10:08:05.934 [main] DEBUG org.hibernate.persister.entity.AbstractEntityPersister -  Identity insert: insert into client (emailclient, nameclient) values (?, ?)
10:08:05.990 [main] DEBUG org.hibernate.loader.plan.build.internal.spaces.QuerySpacesImpl - Adding QuerySpace : uid = <gen:0> -> org.hibernate.loader.plan.build.internal.spaces.EntityQuerySpaceImpl@35f639fa]
10:08:05.991 [main] DEBUG org.hibernate.persister.walking.spi.MetamodelGraphWalker - Visiting attribute path : emailclient
10:08:05.991 [main] DEBUG org.hibernate.persister.walking.spi.MetamodelGraphWalker - Visiting attribute path : nameclient
10:08:05.992 [main] DEBUG org.hibernate.persister.walking.spi.MetamodelGraphWalker - Visiting attribute path : orders
10:08:06.007 [main] DEBUG org.hibernate.loader.plan.build.internal.spaces.QuerySpacesImpl - Adding QuerySpace : uid = <gen:1> -> org.hibernate.loader.plan.build.internal.spaces.CollectionQuerySpaceImpl@5527b211]
10:08:06.012 [main] DEBUG org.hibernate.loader.plan.build.internal.spaces.QuerySpacesImpl - Adding QuerySpace : uid = <gen:2> -> org.hibernate.loader.plan.build.internal.spaces.EntityQuerySpaceImpl@2b10ace9]
10:08:06.014 [main] DEBUG org.hibernate.loader.plan.build.internal.FetchStyleLoadPlanBuildingAssociationVisitationStrategy - Building LoadPlan...
10:08:06.041 [main] DEBUG org.hibernate.loader.plan.exec.internal.LoadQueryJoinAndFetchProcessor - processing queryspace <gen:0>
10:08:06.050 [main] DEBUG org.hibernate.loader.plan.build.spi.LoadPlanTreePrinter - LoadPlan(entity=com.joseph.entity.Client)
    - Returns
       - EntityReturnImpl(entity=com.joseph.entity.Client, querySpaceUid=<gen:0>, path=com.joseph.entity.Client)
          - CollectionAttributeFetchImpl(collection=com.joseph.entity.Client.orders, querySpaceUid=<gen:1>, path=com.joseph.entity.Client.orders)
             - (collection element) CollectionFetchableElementEntityGraph(entity=com.joseph.entity.Order, querySpaceUid=<gen:2>, path=com.joseph.entity.Client.orders.<elements>)
    - QuerySpaces
       - EntityQuerySpaceImpl(uid=<gen:0>, entity=com.joseph.entity.Client)
          - SQL table alias mapping - client0_
          - alias suffix - 0_
          - suffixed key columns - {idclient1_0_0_}

10:08:06.053 [main] DEBUG org.hibernate.loader.entity.plan.EntityLoader - Static select for entity com.joseph.entity.Client [NONE]: select client0_.idclient as idclient1_0_0_, client0_.emailclient as emailcli2_0_0_, client0_.nameclient as nameclie3_0_0_ from client client0_ where client0_.idclient=?
10:08:06.053 [main] DEBUG org.hibernate.loader.plan.build.internal.spaces.QuerySpacesImpl - Adding QuerySpace : uid = <gen:0> -> org.hibernate.loader.plan.build.internal.spaces.EntityQuerySpaceImpl@7a8406c2]
10:08:06.053 [main] DEBUG org.hibernate.persister.walking.spi.MetamodelGraphWalker - Visiting attribute path : emailclient
10:08:06.053 [main] DEBUG org.hibernate.persister.walking.spi.MetamodelGraphWalker - Visiting attribute path : nameclient
10:08:06.053 [main] DEBUG org.hibernate.persister.walking.spi.MetamodelGraphWalker - Visiting attribute path : orders
10:08:06.053 [main] DEBUG org.hibernate.loader.plan.build.internal.spaces.QuerySpacesImpl - Adding QuerySpace : uid = <gen:1> -> org.hibernate.loader.plan.build.internal.spaces.CollectionQuerySpaceImpl@6850b758]
10:08:06.053 [main] DEBUG org.hibernate.loader.plan.build.internal.spaces.QuerySpacesImpl - Adding QuerySpace : uid = <gen:2> -> org.hibernate.loader.plan.build.internal.spaces.EntityQuerySpaceImpl@2a2ef072]
10:08:06.053 [main] DEBUG org.hibernate.loader.plan.build.internal.FetchStyleLoadPlanBuildingAssociationVisitationStrategy - Building LoadPlan...
10:08:06.054 [main] DEBUG org.hibernate.loader.plan.exec.internal.LoadQueryJoinAndFetchProcessor - processing queryspace <gen:0>
10:08:06.054 [main] DEBUG org.hibernate.loader.plan.build.spi.LoadPlanTreePrinter - LoadPlan(entity=com.joseph.entity.Client)
    - Returns
       - EntityReturnImpl(entity=com.joseph.entity.Client, querySpaceUid=<gen:0>, path=com.joseph.entity.Client)
          - CollectionAttributeFetchImpl(collection=com.joseph.entity.Client.orders, querySpaceUid=<gen:1>, path=com.joseph.entity.Client.orders)
             - (collection element) CollectionFetchableElementEntityGraph(entity=com.joseph.entity.Order, querySpaceUid=<gen:2>, path=com.joseph.entity.Client.orders.<elements>)
    - QuerySpaces
       - EntityQuerySpaceImpl(uid=<gen:0>, entity=com.joseph.entity.Client)
          - SQL table alias mapping - client0_
          - alias suffix - 0_
          - suffixed key columns - {idclient1_0_0_}

10:08:06.054 [main] DEBUG org.hibernate.loader.entity.plan.EntityLoader - Static select for entity com.joseph.entity.Client [READ]: select client0_.idclient as idclient1_0_0_, client0_.emailclient as emailcli2_0_0_, client0_.nameclient as nameclie3_0_0_ from client client0_ where client0_.idclient=?
10:08:06.054 [main] DEBUG org.hibernate.loader.plan.build.internal.spaces.QuerySpacesImpl - Adding QuerySpace : uid = <gen:0> -> org.hibernate.loader.plan.build.internal.spaces.EntityQuerySpaceImpl@704641e3]
10:08:06.055 [main] DEBUG org.hibernate.persister.walking.spi.MetamodelGraphWalker - Visiting attribute path : emailclient
10:08:06.055 [main] DEBUG org.hibernate.persister.walking.spi.MetamodelGraphWalker - Visiting attribute path : nameclient
10:08:06.055 [main] DEBUG org.hibernate.persister.walking.spi.MetamodelGraphWalker - Visiting attribute path : orders
10:08:06.055 [main] DEBUG org.hibernate.loader.plan.build.internal.spaces.QuerySpacesImpl - Adding QuerySpace : uid = <gen:1> -> org.hibernate.loader.plan.build.internal.spaces.CollectionQuerySpaceImpl@4207609e]
10:08:06.055 [main] DEBUG org.hibernate.loader.plan.build.internal.spaces.QuerySpacesImpl - Adding QuerySpace : uid = <gen:2> -> org.hibernate.loader.plan.build.internal.spaces.EntityQuerySpaceImpl@1f77b5cc]
10:08:06.055 [main] DEBUG org.hibernate.loader.plan.build.internal.FetchStyleLoadPlanBuildingAssociationVisitationStrategy - Building LoadPlan...
10:08:06.055 [main] DEBUG org.hibernate.loader.plan.exec.internal.LoadQueryJoinAndFetchProcessor - processing queryspace <gen:0>
10:08:06.056 [main] DEBUG org.hibernate.loader.plan.build.spi.LoadPlanTreePrinter - LoadPlan(entity=com.joseph.entity.Client)
    - Returns
       - EntityReturnImpl(entity=com.joseph.entity.Client, querySpaceUid=<gen:0>, path=com.joseph.entity.Client)
          - CollectionAttributeFetchImpl(collection=com.joseph.entity.Client.orders, querySpaceUid=<gen:1>, path=com.joseph.entity.Client.orders)
             - (collection element) CollectionFetchableElementEntityGraph(entity=com.joseph.entity.Order, querySpaceUid=<gen:2>, path=com.joseph.entity.Client.orders.<elements>)
    - QuerySpaces
       - EntityQuerySpaceImpl(uid=<gen:0>, entity=com.joseph.entity.Client)
          - SQL table alias mapping - client0_
          - alias suffix - 0_
          - suffixed key columns - {idclient1_0_0_}

10:08:06.056 [main] DEBUG org.hibernate.loader.entity.plan.EntityLoader - Static select for entity com.joseph.entity.Client [UPGRADE]: select client0_.idclient as idclient1_0_0_, client0_.emailclient as emailcli2_0_0_, client0_.nameclient as nameclie3_0_0_ from client client0_ where client0_.idclient=? for update
10:08:06.056 [main] DEBUG org.hibernate.loader.plan.build.internal.spaces.QuerySpacesImpl - Adding QuerySpace : uid = <gen:0> -> org.hibernate.loader.plan.build.internal.spaces.EntityQuerySpaceImpl@5d7ca698]
10:08:06.056 [main] DEBUG org.hibernate.persister.walking.spi.MetamodelGraphWalker - Visiting attribute path : emailclient
10:08:06.056 [main] DEBUG org.hibernate.persister.walking.spi.MetamodelGraphWalker - Visiting attribute path : nameclient
10:08:06.057 [main] DEBUG org.hibernate.persister.walking.spi.MetamodelGraphWalker - Visiting attribute path : orders
10:08:06.057 [main] DEBUG org.hibernate.loader.plan.build.internal.spaces.QuerySpacesImpl - Adding QuerySpace : uid = <gen:1> -> org.hibernate.loader.plan.build.internal.spaces.CollectionQuerySpaceImpl@c6c82aa]
10:08:06.057 [main] DEBUG org.hibernate.loader.plan.build.internal.spaces.QuerySpacesImpl - Adding QuerySpace : uid = <gen:2> -> org.hibernate.loader.plan.build.internal.spaces.EntityQuerySpaceImpl@2e179f3e]
10:08:06.057 [main] DEBUG org.hibernate.loader.plan.build.internal.FetchStyleLoadPlanBuildingAssociationVisitationStrategy - Building LoadPlan...
10:08:06.057 [main] DEBUG org.hibernate.loader.plan.exec.internal.LoadQueryJoinAndFetchProcessor - processing queryspace <gen:0>
10:08:06.058 [main] DEBUG org.hibernate.loader.plan.build.spi.LoadPlanTreePrinter - LoadPlan(entity=com.joseph.entity.Client)
    - Returns
       - EntityReturnImpl(entity=com.joseph.entity.Client, querySpaceUid=<gen:0>, path=com.joseph.entity.Client)
          - CollectionAttributeFetchImpl(collection=com.joseph.entity.Client.orders, querySpaceUid=<gen:1>, path=com.joseph.entity.Client.orders)
             - (collection element) CollectionFetchableElementEntityGraph(entity=com.joseph.entity.Order, querySpaceUid=<gen:2>, path=com.joseph.entity.Client.orders.<elements>)
    - QuerySpaces
       - EntityQuerySpaceImpl(uid=<gen:0>, entity=com.joseph.entity.Client)
          - SQL table alias mapping - client0_
          - alias suffix - 0_
          - suffixed key columns - {idclient1_0_0_}

10:08:06.058 [main] DEBUG org.hibernate.loader.entity.plan.EntityLoader - Static select for entity com.joseph.entity.Client [UPGRADE_NOWAIT]: select client0_.idclient as idclient1_0_0_, client0_.emailclient as emailcli2_0_0_, client0_.nameclient as nameclie3_0_0_ from client client0_ where client0_.idclient=? for update
10:08:06.058 [main] DEBUG org.hibernate.loader.plan.build.internal.spaces.QuerySpacesImpl - Adding QuerySpace : uid = <gen:0> -> org.hibernate.loader.plan.build.internal.spaces.EntityQuerySpaceImpl@16e7b402]
10:08:06.058 [main] DEBUG org.hibernate.persister.walking.spi.MetamodelGraphWalker - Visiting attribute path : emailclient
10:08:06.058 [main] DEBUG org.hibernate.persister.walking.spi.MetamodelGraphWalker - Visiting attribute path : nameclient
10:08:06.058 [main] DEBUG org.hibernate.persister.walking.spi.MetamodelGraphWalker - Visiting attribute path : orders
10:08:06.058 [main] DEBUG org.hibernate.loader.plan.build.internal.spaces.QuerySpacesImpl - Adding QuerySpace : uid = <gen:1> -> org.hibernate.loader.plan.build.internal.spaces.CollectionQuerySpaceImpl@3bddc676]
10:08:06.059 [main] DEBUG org.hibernate.loader.plan.build.internal.spaces.QuerySpacesImpl - Adding QuerySpace : uid = <gen:2> -> org.hibernate.loader.plan.build.internal.spaces.EntityQuerySpaceImpl@29a1505c]
10:08:06.059 [main] DEBUG org.hibernate.loader.plan.build.internal.FetchStyleLoadPlanBuildingAssociationVisitationStrategy - Building LoadPlan...
10:08:06.059 [main] DEBUG org.hibernate.loader.plan.exec.internal.LoadQueryJoinAndFetchProcessor - processing queryspace <gen:0>
10:08:06.060 [main] DEBUG org.hibernate.loader.plan.build.spi.LoadPlanTreePrinter - LoadPlan(entity=com.joseph.entity.Client)
    - Returns
       - EntityReturnImpl(entity=com.joseph.entity.Client, querySpaceUid=<gen:0>, path=com.joseph.entity.Client)
          - CollectionAttributeFetchImpl(collection=com.joseph.entity.Client.orders, querySpaceUid=<gen:1>, path=com.joseph.entity.Client.orders)
             - (collection element) CollectionFetchableElementEntityGraph(entity=com.joseph.entity.Order, querySpaceUid=<gen:2>, path=com.joseph.entity.Client.orders.<elements>)
    - QuerySpaces
       - EntityQuerySpaceImpl(uid=<gen:0>, entity=com.joseph.entity.Client)
          - SQL table alias mapping - client0_
          - alias suffix - 0_
          - suffixed key columns - {idclient1_0_0_}

10:08:06.060 [main] DEBUG org.hibernate.loader.entity.plan.EntityLoader - Static select for entity com.joseph.entity.Client [UPGRADE_SKIPLOCKED]: select client0_.idclient as idclient1_0_0_, client0_.emailclient as emailcli2_0_0_, client0_.nameclient as nameclie3_0_0_ from client client0_ where client0_.idclient=? for update
10:08:06.061 [main] DEBUG org.hibernate.loader.plan.build.internal.spaces.QuerySpacesImpl - Adding QuerySpace : uid = <gen:0> -> org.hibernate.loader.plan.build.internal.spaces.EntityQuerySpaceImpl@24db6ce]
10:08:06.061 [main] DEBUG org.hibernate.persister.walking.spi.MetamodelGraphWalker - Visiting attribute path : emailclient
10:08:06.062 [main] DEBUG org.hibernate.persister.walking.spi.MetamodelGraphWalker - Visiting attribute path : nameclient
10:08:06.062 [main] DEBUG org.hibernate.persister.walking.spi.MetamodelGraphWalker - Visiting attribute path : orders
10:08:06.063 [main] DEBUG org.hibernate.loader.plan.build.internal.spaces.QuerySpacesImpl - Adding QuerySpace : uid = <gen:1> -> org.hibernate.loader.plan.build.internal.spaces.CollectionQuerySpaceImpl@67b100fe]
10:08:06.063 [main] DEBUG org.hibernate.loader.plan.build.internal.spaces.QuerySpacesImpl - Adding QuerySpace : uid = <gen:2> -> org.hibernate.loader.plan.build.internal.spaces.EntityQuerySpaceImpl@44b18fe4]
10:08:06.063 [main] DEBUG org.hibernate.loader.plan.build.internal.FetchStyleLoadPlanBuildingAssociationVisitationStrategy - Building LoadPlan...
10:08:06.064 [main] DEBUG org.hibernate.loader.plan.exec.internal.LoadQueryJoinAndFetchProcessor - processing queryspace <gen:0>
10:08:06.065 [main] DEBUG org.hibernate.loader.plan.build.spi.LoadPlanTreePrinter - LoadPlan(entity=com.joseph.entity.Client)
    - Returns
       - EntityReturnImpl(entity=com.joseph.entity.Client, querySpaceUid=<gen:0>, path=com.joseph.entity.Client)
          - CollectionAttributeFetchImpl(collection=com.joseph.entity.Client.orders, querySpaceUid=<gen:1>, path=com.joseph.entity.Client.orders)
             - (collection element) CollectionFetchableElementEntityGraph(entity=com.joseph.entity.Order, querySpaceUid=<gen:2>, path=com.joseph.entity.Client.orders.<elements>)
    - QuerySpaces
       - EntityQuerySpaceImpl(uid=<gen:0>, entity=com.joseph.entity.Client)
          - SQL table alias mapping - client0_
          - alias suffix - 0_
          - suffixed key columns - {idclient1_0_0_}

10:08:06.065 [main] DEBUG org.hibernate.loader.entity.plan.EntityLoader - Static select for entity com.joseph.entity.Client [FORCE]: select client0_.idclient as idclient1_0_0_, client0_.emailclient as emailcli2_0_0_, client0_.nameclient as nameclie3_0_0_ from client client0_ where client0_.idclient=? for update
10:08:06.065 [main] DEBUG org.hibernate.loader.plan.build.internal.spaces.QuerySpacesImpl - Adding QuerySpace : uid = <gen:0> -> org.hibernate.loader.plan.build.internal.spaces.EntityQuerySpaceImpl@2ba5aa7a]
10:08:06.066 [main] DEBUG org.hibernate.persister.walking.spi.MetamodelGraphWalker - Visiting attribute path : emailclient
10:08:06.066 [main] DEBUG org.hibernate.persister.walking.spi.MetamodelGraphWalker - Visiting attribute path : nameclient
10:08:06.066 [main] DEBUG org.hibernate.persister.walking.spi.MetamodelGraphWalker - Visiting attribute path : orders
10:08:06.066 [main] DEBUG org.hibernate.loader.plan.build.internal.spaces.QuerySpacesImpl - Adding QuerySpace : uid = <gen:1> -> org.hibernate.loader.plan.build.internal.spaces.CollectionQuerySpaceImpl@22e5f96e]
10:08:06.066 [main] DEBUG org.hibernate.loader.plan.build.internal.spaces.QuerySpacesImpl - Adding QuerySpace : uid = <gen:2> -> org.hibernate.loader.plan.build.internal.spaces.EntityQuerySpaceImpl@6a638c79]
10:08:06.066 [main] DEBUG org.hibernate.loader.plan.build.internal.FetchStyleLoadPlanBuildingAssociationVisitationStrategy - Building LoadPlan...
10:08:06.066 [main] DEBUG org.hibernate.loader.plan.exec.internal.LoadQueryJoinAndFetchProcessor - processing queryspace <gen:0>
10:08:06.067 [main] DEBUG org.hibernate.loader.plan.build.spi.LoadPlanTreePrinter - LoadPlan(entity=com.joseph.entity.Client)
    - Returns
       - EntityReturnImpl(entity=com.joseph.entity.Client, querySpaceUid=<gen:0>, path=com.joseph.entity.Client)
          - CollectionAttributeFetchImpl(collection=com.joseph.entity.Client.orders, querySpaceUid=<gen:1>, path=com.joseph.entity.Client.orders)
             - (collection element) CollectionFetchableElementEntityGraph(entity=com.joseph.entity.Order, querySpaceUid=<gen:2>, path=com.joseph.entity.Client.orders.<elements>)
    - QuerySpaces
       - EntityQuerySpaceImpl(uid=<gen:0>, entity=com.joseph.entity.Client)
          - SQL table alias mapping - client0_
          - alias suffix - 0_
          - suffixed key columns - {idclient1_0_0_}

10:08:06.067 [main] DEBUG org.hibernate.loader.entity.plan.EntityLoader - Static select for entity com.joseph.entity.Client [PESSIMISTIC_READ]: select client0_.idclient as idclient1_0_0_, client0_.emailclient as emailcli2_0_0_, client0_.nameclient as nameclie3_0_0_ from client client0_ where client0_.idclient=? lock in share mode
10:08:06.067 [main] DEBUG org.hibernate.loader.plan.build.internal.spaces.QuerySpacesImpl - Adding QuerySpace : uid = <gen:0> -> org.hibernate.loader.plan.build.internal.spaces.EntityQuerySpaceImpl@6c931d35]
10:08:06.067 [main] DEBUG org.hibernate.persister.walking.spi.MetamodelGraphWalker - Visiting attribute path : emailclient
10:08:06.067 [main] DEBUG org.hibernate.persister.walking.spi.MetamodelGraphWalker - Visiting attribute path : nameclient
10:08:06.067 [main] DEBUG org.hibernate.persister.walking.spi.MetamodelGraphWalker - Visiting attribute path : orders
10:08:06.067 [main] DEBUG org.hibernate.loader.plan.build.internal.spaces.QuerySpacesImpl - Adding QuerySpace : uid = <gen:1> -> org.hibernate.loader.plan.build.internal.spaces.CollectionQuerySpaceImpl@49122b8f]
10:08:06.068 [main] DEBUG org.hibernate.loader.plan.build.internal.spaces.QuerySpacesImpl - Adding QuerySpace : uid = <gen:2> -> org.hibernate.loader.plan.build.internal.spaces.EntityQuerySpaceImpl@3fe46690]
10:08:06.068 [main] DEBUG org.hibernate.loader.plan.build.internal.FetchStyleLoadPlanBuildingAssociationVisitationStrategy - Building LoadPlan...
10:08:06.068 [main] DEBUG org.hibernate.loader.plan.exec.internal.LoadQueryJoinAndFetchProcessor - processing queryspace <gen:0>
10:08:06.069 [main] DEBUG org.hibernate.loader.plan.build.spi.LoadPlanTreePrinter - LoadPlan(entity=com.joseph.entity.Client)
    - Returns
       - EntityReturnImpl(entity=com.joseph.entity.Client, querySpaceUid=<gen:0>, path=com.joseph.entity.Client)
          - CollectionAttributeFetchImpl(collection=com.joseph.entity.Client.orders, querySpaceUid=<gen:1>, path=com.joseph.entity.Client.orders)
             - (collection element) CollectionFetchableElementEntityGraph(entity=com.joseph.entity.Order, querySpaceUid=<gen:2>, path=com.joseph.entity.Client.orders.<elements>)
    - QuerySpaces
       - EntityQuerySpaceImpl(uid=<gen:0>, entity=com.joseph.entity.Client)
          - SQL table alias mapping - client0_
          - alias suffix - 0_
          - suffixed key columns - {idclient1_0_0_}

10:08:06.069 [main] DEBUG org.hibernate.loader.entity.plan.EntityLoader - Static select for entity com.joseph.entity.Client [PESSIMISTIC_WRITE]: select client0_.idclient as idclient1_0_0_, client0_.emailclient as emailcli2_0_0_, client0_.nameclient as nameclie3_0_0_ from client client0_ where client0_.idclient=? for update
10:08:06.069 [main] DEBUG org.hibernate.loader.plan.build.internal.spaces.QuerySpacesImpl - Adding QuerySpace : uid = <gen:0> -> org.hibernate.loader.plan.build.internal.spaces.EntityQuerySpaceImpl@4beabeec]
10:08:06.069 [main] DEBUG org.hibernate.persister.walking.spi.MetamodelGraphWalker - Visiting attribute path : emailclient
10:08:06.069 [main] DEBUG org.hibernate.persister.walking.spi.MetamodelGraphWalker - Visiting attribute path : nameclient
10:08:06.069 [main] DEBUG org.hibernate.persister.walking.spi.MetamodelGraphWalker - Visiting attribute path : orders
10:08:06.069 [main] DEBUG org.hibernate.loader.plan.build.internal.spaces.QuerySpacesImpl - Adding QuerySpace : uid = <gen:1> -> org.hibernate.loader.plan.build.internal.spaces.CollectionQuerySpaceImpl@5b22d8a1]
10:08:06.069 [main] DEBUG org.hibernate.loader.plan.build.internal.spaces.QuerySpacesImpl - Adding QuerySpace : uid = <gen:2> -> org.hibernate.loader.plan.build.internal.spaces.EntityQuerySpaceImpl@476ee5b3]
10:08:06.070 [main] DEBUG org.hibernate.loader.plan.build.internal.FetchStyleLoadPlanBuildingAssociationVisitationStrategy - Building LoadPlan...
10:08:06.070 [main] DEBUG org.hibernate.loader.plan.exec.internal.LoadQueryJoinAndFetchProcessor - processing queryspace <gen:0>
10:08:06.070 [main] DEBUG org.hibernate.loader.plan.build.spi.LoadPlanTreePrinter - LoadPlan(entity=com.joseph.entity.Client)
    - Returns
       - EntityReturnImpl(entity=com.joseph.entity.Client, querySpaceUid=<gen:0>, path=com.joseph.entity.Client)
          - CollectionAttributeFetchImpl(collection=com.joseph.entity.Client.orders, querySpaceUid=<gen:1>, path=com.joseph.entity.Client.orders)
             - (collection element) CollectionFetchableElementEntityGraph(entity=com.joseph.entity.Order, querySpaceUid=<gen:2>, path=com.joseph.entity.Client.orders.<elements>)
    - QuerySpaces
       - EntityQuerySpaceImpl(uid=<gen:0>, entity=com.joseph.entity.Client)
          - SQL table alias mapping - client0_
          - alias suffix - 0_
          - suffixed key columns - {idclient1_0_0_}

10:08:06.070 [main] DEBUG org.hibernate.loader.entity.plan.EntityLoader - Static select for entity com.joseph.entity.Client [PESSIMISTIC_FORCE_INCREMENT]: select client0_.idclient as idclient1_0_0_, client0_.emailclient as emailcli2_0_0_, client0_.nameclient as nameclie3_0_0_ from client client0_ where client0_.idclient=? for update
10:08:06.070 [main] DEBUG org.hibernate.loader.plan.build.internal.spaces.QuerySpacesImpl - Adding QuerySpace : uid = <gen:0> -> org.hibernate.loader.plan.build.internal.spaces.EntityQuerySpaceImpl@59ed3e6c]
10:08:06.071 [main] DEBUG org.hibernate.persister.walking.spi.MetamodelGraphWalker - Visiting attribute path : emailclient
10:08:06.071 [main] DEBUG org.hibernate.persister.walking.spi.MetamodelGraphWalker - Visiting attribute path : nameclient
10:08:06.071 [main] DEBUG org.hibernate.persister.walking.spi.MetamodelGraphWalker - Visiting attribute path : orders
10:08:06.071 [main] DEBUG org.hibernate.loader.plan.build.internal.spaces.QuerySpacesImpl - Adding QuerySpace : uid = <gen:1> -> org.hibernate.loader.plan.build.internal.spaces.CollectionQuerySpaceImpl@317e9c3c]
10:08:06.071 [main] DEBUG org.hibernate.loader.plan.build.internal.spaces.QuerySpacesImpl - Adding QuerySpace : uid = <gen:2> -> org.hibernate.loader.plan.build.internal.spaces.EntityQuerySpaceImpl@18da4dd]
10:08:06.071 [main] DEBUG org.hibernate.loader.plan.build.internal.FetchStyleLoadPlanBuildingAssociationVisitationStrategy - Building LoadPlan...
10:08:06.071 [main] DEBUG org.hibernate.loader.plan.exec.internal.LoadQueryJoinAndFetchProcessor - processing queryspace <gen:0>
10:08:06.071 [main] DEBUG org.hibernate.loader.plan.build.spi.LoadPlanTreePrinter - LoadPlan(entity=com.joseph.entity.Client)
    - Returns
       - EntityReturnImpl(entity=com.joseph.entity.Client, querySpaceUid=<gen:0>, path=com.joseph.entity.Client)
          - CollectionAttributeFetchImpl(collection=com.joseph.entity.Client.orders, querySpaceUid=<gen:1>, path=com.joseph.entity.Client.orders)
             - (collection element) CollectionFetchableElementEntityGraph(entity=com.joseph.entity.Order, querySpaceUid=<gen:2>, path=com.joseph.entity.Client.orders.<elements>)
    - QuerySpaces
       - EntityQuerySpaceImpl(uid=<gen:0>, entity=com.joseph.entity.Client)
          - SQL table alias mapping - client0_
          - alias suffix - 0_
          - suffixed key columns - {idclient1_0_0_}

10:08:06.071 [main] DEBUG org.hibernate.loader.entity.plan.EntityLoader - Static select for entity com.joseph.entity.Client [OPTIMISTIC]: select client0_.idclient as idclient1_0_0_, client0_.emailclient as emailcli2_0_0_, client0_.nameclient as nameclie3_0_0_ from client client0_ where client0_.idclient=?
10:08:06.072 [main] DEBUG org.hibernate.loader.plan.build.internal.spaces.QuerySpacesImpl - Adding QuerySpace : uid = <gen:0> -> org.hibernate.loader.plan.build.internal.spaces.EntityQuerySpaceImpl@31a3f4de]
10:08:06.072 [main] DEBUG org.hibernate.persister.walking.spi.MetamodelGraphWalker - Visiting attribute path : emailclient
10:08:06.072 [main] DEBUG org.hibernate.persister.walking.spi.MetamodelGraphWalker - Visiting attribute path : nameclient
10:08:06.072 [main] DEBUG org.hibernate.persister.walking.spi.MetamodelGraphWalker - Visiting attribute path : orders
10:08:06.072 [main] DEBUG org.hibernate.loader.plan.build.internal.spaces.QuerySpacesImpl - Adding QuerySpace : uid = <gen:1> -> org.hibernate.loader.plan.build.internal.spaces.CollectionQuerySpaceImpl@2dd2e270]
10:08:06.072 [main] DEBUG org.hibernate.loader.plan.build.internal.spaces.QuerySpacesImpl - Adding QuerySpace : uid = <gen:2> -> org.hibernate.loader.plan.build.internal.spaces.EntityQuerySpaceImpl@4195105b]
10:08:06.072 [main] DEBUG org.hibernate.loader.plan.build.internal.FetchStyleLoadPlanBuildingAssociationVisitationStrategy - Building LoadPlan...
10:08:06.072 [main] DEBUG org.hibernate.loader.plan.exec.internal.LoadQueryJoinAndFetchProcessor - processing queryspace <gen:0>
10:08:06.072 [main] DEBUG org.hibernate.loader.plan.build.spi.LoadPlanTreePrinter - LoadPlan(entity=com.joseph.entity.Client)
    - Returns
       - EntityReturnImpl(entity=com.joseph.entity.Client, querySpaceUid=<gen:0>, path=com.joseph.entity.Client)
          - CollectionAttributeFetchImpl(collection=com.joseph.entity.Client.orders, querySpaceUid=<gen:1>, path=com.joseph.entity.Client.orders)
             - (collection element) CollectionFetchableElementEntityGraph(entity=com.joseph.entity.Order, querySpaceUid=<gen:2>, path=com.joseph.entity.Client.orders.<elements>)
    - QuerySpaces
       - EntityQuerySpaceImpl(uid=<gen:0>, entity=com.joseph.entity.Client)
          - SQL table alias mapping - client0_
          - alias suffix - 0_
          - suffixed key columns - {idclient1_0_0_}

10:08:06.073 [main] DEBUG org.hibernate.loader.entity.plan.EntityLoader - Static select for entity com.joseph.entity.Client [OPTIMISTIC_FORCE_INCREMENT]: select client0_.idclient as idclient1_0_0_, client0_.emailclient as emailcli2_0_0_, client0_.nameclient as nameclie3_0_0_ from client client0_ where client0_.idclient=?
10:08:06.096 [main] DEBUG org.hibernate.loader.Loader - Static select for action ACTION_MERGE on entity com.joseph.entity.Client: select client0_.idclient as idclient1_0_1_, client0_.emailclient as emailcli2_0_1_, client0_.nameclient as nameclie3_0_1_, orders1_.idclient as idclient5_1_3_, orders1_.idorder as idorder1_1_3_, orders1_.idorder as idorder1_1_0_, orders1_.idclient as idclient5_1_0_, orders1_.dateorder as dateorde2_1_0_, orders1_.statusorder as statusor3_1_0_, orders1_.totalorder as totalord4_1_0_ from client client0_ left outer join order_table orders1_ on client0_.idclient=orders1_.idclient where client0_.idclient=?
10:08:06.097 [main] DEBUG org.hibernate.loader.Loader - Static select for action ACTION_REFRESH on entity com.joseph.entity.Client: select client0_.idclient as idclient1_0_1_, client0_.emailclient as emailcli2_0_1_, client0_.nameclient as nameclie3_0_1_, orders1_.idclient as idclient5_1_3_, orders1_.idorder as idorder1_1_3_, orders1_.idorder as idorder1_1_0_, orders1_.idclient as idclient5_1_0_, orders1_.dateorder as dateorde2_1_0_, orders1_.statusorder as statusor3_1_0_, orders1_.totalorder as totalord4_1_0_ from client client0_ left outer join order_table orders1_ on client0_.idclient=orders1_.idclient where client0_.idclient=?
10:08:06.097 [main] DEBUG org.hibernate.persister.entity.AbstractEntityPersister - Static SQL for entity: com.joseph.entity.Order
10:08:06.097 [main] DEBUG org.hibernate.persister.entity.AbstractEntityPersister -  Version select: select idorder from order_table where idorder =?
10:08:06.097 [main] DEBUG org.hibernate.persister.entity.AbstractEntityPersister -  Snapshot select: select order_.idorder, order_.idclient as idclient5_1_, order_.dateorder as dateorde2_1_, order_.statusorder as statusor3_1_, order_.totalorder as totalord4_1_ from order_table order_ where order_.idorder=?
10:08:06.097 [main] DEBUG org.hibernate.persister.entity.AbstractEntityPersister -  Insert 0: insert into order_table (idclient, dateorder, statusorder, totalorder, idorder) values (?, ?, ?, ?, ?)
10:08:06.097 [main] DEBUG org.hibernate.persister.entity.AbstractEntityPersister -  Update 0: update order_table set idclient=?, dateorder=?, statusorder=?, totalorder=? where idorder=?
10:08:06.097 [main] DEBUG org.hibernate.persister.entity.AbstractEntityPersister -  Delete 0: delete from order_table where idorder=?
10:08:06.097 [main] DEBUG org.hibernate.persister.entity.AbstractEntityPersister -  Identity insert: insert into order_table (idclient, dateorder, statusorder, totalorder) values (?, ?, ?, ?)
10:08:06.097 [main] DEBUG org.hibernate.loader.plan.build.internal.spaces.QuerySpacesImpl - Adding QuerySpace : uid = <gen:0> -> org.hibernate.loader.plan.build.internal.spaces.EntityQuerySpaceImpl@2def7a7a]
10:08:06.097 [main] DEBUG org.hibernate.persister.walking.spi.MetamodelGraphWalker - Visiting attribute path : client
10:08:06.098 [main] DEBUG org.hibernate.loader.plan.build.internal.spaces.QuerySpacesImpl - Adding QuerySpace : uid = <gen:1> -> org.hibernate.loader.plan.build.internal.spaces.EntityQuerySpaceImpl@5c080ef3]
10:08:06.100 [main] DEBUG org.hibernate.persister.walking.spi.MetamodelGraphWalker - Visiting attribute path : client.emailclient
10:08:06.100 [main] DEBUG org.hibernate.persister.walking.spi.MetamodelGraphWalker - Visiting attribute path : client.nameclient
10:08:06.100 [main] DEBUG org.hibernate.persister.walking.spi.MetamodelGraphWalker - Visiting attribute path : client.orders
10:08:06.100 [main] DEBUG org.hibernate.persister.walking.spi.MetamodelGraphWalker - Property path deemed to be circular : client.orders
10:08:06.100 [main] DEBUG org.hibernate.persister.walking.spi.MetamodelGraphWalker - Visiting attribute path : dateorder
10:08:06.100 [main] DEBUG org.hibernate.persister.walking.spi.MetamodelGraphWalker - Visiting attribute path : orderItems
10:08:06.101 [main] DEBUG org.hibernate.loader.plan.build.internal.spaces.QuerySpacesImpl - Adding QuerySpace : uid = <gen:2> -> org.hibernate.loader.plan.build.internal.spaces.CollectionQuerySpaceImpl@42373389]
10:08:06.101 [main] DEBUG org.hibernate.loader.plan.build.internal.spaces.QuerySpacesImpl - Adding QuerySpace : uid = <gen:3> -> org.hibernate.loader.plan.build.internal.spaces.EntityQuerySpaceImpl@9b21bd3]
10:08:06.101 [main] DEBUG org.hibernate.persister.walking.spi.MetamodelGraphWalker - Visiting attribute path : statusorder
10:08:06.101 [main] DEBUG org.hibernate.persister.walking.spi.MetamodelGraphWalker - Visiting attribute path : totalorder
10:08:06.101 [main] DEBUG org.hibernate.loader.plan.build.internal.FetchStyleLoadPlanBuildingAssociationVisitationStrategy - Building LoadPlan...
10:08:06.101 [main] DEBUG org.hibernate.loader.plan.exec.internal.LoadQueryJoinAndFetchProcessor - processing queryspace <gen:0>
10:08:06.102 [main] DEBUG org.hibernate.loader.plan.build.spi.LoadPlanTreePrinter - LoadPlan(entity=com.joseph.entity.Order)
    - Returns
       - EntityReturnImpl(entity=com.joseph.entity.Order, querySpaceUid=<gen:0>, path=com.joseph.entity.Order)
          - EntityAttributeFetchImpl(entity=com.joseph.entity.Client, querySpaceUid=<gen:1>, path=com.joseph.entity.Order.client)
          - CollectionAttributeFetchImpl(collection=com.joseph.entity.Order.orderItems, querySpaceUid=<gen:2>, path=com.joseph.entity.Order.orderItems)
             - (collection element) CollectionFetchableElementEntityGraph(entity=com.joseph.entity.OrderItem, querySpaceUid=<gen:3>, path=com.joseph.entity.Order.orderItems.<elements>)
    - QuerySpaces
       - EntityQuerySpaceImpl(uid=<gen:0>, entity=com.joseph.entity.Order)
          - SQL table alias mapping - order0_
          - alias suffix - 0_
          - suffixed key columns - {idorder1_1_0_}
          - JOIN (JoinDefinedByMetadata(client)) : <gen:0> -> <gen:1>
             - EntityQuerySpaceImpl(uid=<gen:1>, entity=com.joseph.entity.Client)
                - SQL table alias mapping - client1_
                - alias suffix - 1_
                - suffixed key columns - {idclient1_0_1_}

10:08:06.102 [main] DEBUG org.hibernate.loader.entity.plan.EntityLoader - Static select for entity com.joseph.entity.Order [NONE]: select order0_.idorder as idorder1_1_0_, order0_.idclient as idclient5_1_0_, order0_.dateorder as dateorde2_1_0_, order0_.statusorder as statusor3_1_0_, order0_.totalorder as totalord4_1_0_, client1_.idclient as idclient1_0_1_, client1_.emailclient as emailcli2_0_1_, client1_.nameclient as nameclie3_0_1_ from order_table order0_ left outer join client client1_ on order0_.idclient=client1_.idclient where order0_.idorder=?
10:08:06.103 [main] DEBUG org.hibernate.loader.plan.build.internal.spaces.QuerySpacesImpl - Adding QuerySpace : uid = <gen:0> -> org.hibernate.loader.plan.build.internal.spaces.EntityQuerySpaceImpl@a62c7cd]
10:08:06.103 [main] DEBUG org.hibernate.persister.walking.spi.MetamodelGraphWalker - Visiting attribute path : client
10:08:06.103 [main] DEBUG org.hibernate.loader.plan.build.internal.spaces.QuerySpacesImpl - Adding QuerySpace : uid = <gen:1> -> org.hibernate.loader.plan.build.internal.spaces.EntityQuerySpaceImpl@7c36db44]
10:08:06.103 [main] DEBUG org.hibernate.persister.walking.spi.MetamodelGraphWalker - Visiting attribute path : client.emailclient
10:08:06.103 [main] DEBUG org.hibernate.persister.walking.spi.MetamodelGraphWalker - Visiting attribute path : client.nameclient
10:08:06.103 [main] DEBUG org.hibernate.persister.walking.spi.MetamodelGraphWalker - Visiting attribute path : client.orders
10:08:06.103 [main] DEBUG org.hibernate.persister.walking.spi.MetamodelGraphWalker - Property path deemed to be circular : client.orders
10:08:06.103 [main] DEBUG org.hibernate.persister.walking.spi.MetamodelGraphWalker - Visiting attribute path : dateorder
10:08:06.103 [main] DEBUG org.hibernate.persister.walking.spi.MetamodelGraphWalker - Visiting attribute path : orderItems
10:08:06.104 [main] DEBUG org.hibernate.loader.plan.build.internal.spaces.QuerySpacesImpl - Adding QuerySpace : uid = <gen:2> -> org.hibernate.loader.plan.build.internal.spaces.CollectionQuerySpaceImpl@7903d448]
10:08:06.104 [main] DEBUG org.hibernate.loader.plan.build.internal.spaces.QuerySpacesImpl - Adding QuerySpace : uid = <gen:3> -> org.hibernate.loader.plan.build.internal.spaces.EntityQuerySpaceImpl@4e08acf9]
10:08:06.104 [main] DEBUG org.hibernate.persister.walking.spi.MetamodelGraphWalker - Visiting attribute path : statusorder
10:08:06.104 [main] DEBUG org.hibernate.persister.walking.spi.MetamodelGraphWalker - Visiting attribute path : totalorder
10:08:06.104 [main] DEBUG org.hibernate.loader.plan.build.internal.FetchStyleLoadPlanBuildingAssociationVisitationStrategy - Building LoadPlan...
10:08:06.104 [main] DEBUG org.hibernate.loader.plan.exec.internal.LoadQueryJoinAndFetchProcessor - processing queryspace <gen:0>
10:08:06.105 [main] DEBUG org.hibernate.loader.plan.build.spi.LoadPlanTreePrinter - LoadPlan(entity=com.joseph.entity.Order)
    - Returns
       - EntityReturnImpl(entity=com.joseph.entity.Order, querySpaceUid=<gen:0>, path=com.joseph.entity.Order)
          - EntityAttributeFetchImpl(entity=com.joseph.entity.Client, querySpaceUid=<gen:1>, path=com.joseph.entity.Order.client)
          - CollectionAttributeFetchImpl(collection=com.joseph.entity.Order.orderItems, querySpaceUid=<gen:2>, path=com.joseph.entity.Order.orderItems)
             - (collection element) CollectionFetchableElementEntityGraph(entity=com.joseph.entity.OrderItem, querySpaceUid=<gen:3>, path=com.joseph.entity.Order.orderItems.<elements>)
    - QuerySpaces
       - EntityQuerySpaceImpl(uid=<gen:0>, entity=com.joseph.entity.Order)
          - SQL table alias mapping - order0_
          - alias suffix - 0_
          - suffixed key columns - {idorder1_1_0_}
          - JOIN (JoinDefinedByMetadata(client)) : <gen:0> -> <gen:1>
             - EntityQuerySpaceImpl(uid=<gen:1>, entity=com.joseph.entity.Client)
                - SQL table alias mapping - client1_
                - alias suffix - 1_
                - suffixed key columns - {idclient1_0_1_}

10:08:06.105 [main] DEBUG org.hibernate.loader.entity.plan.EntityLoader - Static select for entity com.joseph.entity.Order [READ]: select order0_.idorder as idorder1_1_0_, order0_.idclient as idclient5_1_0_, order0_.dateorder as dateorde2_1_0_, order0_.statusorder as statusor3_1_0_, order0_.totalorder as totalord4_1_0_, client1_.idclient as idclient1_0_1_, client1_.emailclient as emailcli2_0_1_, client1_.nameclient as nameclie3_0_1_ from order_table order0_ left outer join client client1_ on order0_.idclient=client1_.idclient where order0_.idorder=?
10:08:06.105 [main] DEBUG org.hibernate.loader.plan.build.internal.spaces.QuerySpacesImpl - Adding QuerySpace : uid = <gen:0> -> org.hibernate.loader.plan.build.internal.spaces.EntityQuerySpaceImpl@42ea287]
10:08:06.105 [main] DEBUG org.hibernate.persister.walking.spi.MetamodelGraphWalker - Visiting attribute path : client
10:08:06.105 [main] DEBUG org.hibernate.loader.plan.build.internal.spaces.QuerySpacesImpl - Adding QuerySpace : uid = <gen:1> -> org.hibernate.loader.plan.build.internal.spaces.EntityQuerySpaceImpl@1f0b3cfe]
10:08:06.105 [main] DEBUG org.hibernate.persister.walking.spi.MetamodelGraphWalker - Visiting attribute path : dateorder
10:08:06.105 [main] DEBUG org.hibernate.persister.walking.spi.MetamodelGraphWalker - Visiting attribute path : orderItems
10:08:06.105 [main] DEBUG org.hibernate.loader.plan.build.internal.spaces.QuerySpacesImpl - Adding QuerySpace : uid = <gen:2> -> org.hibernate.loader.plan.build.internal.spaces.CollectionQuerySpaceImpl@14ef2482]
10:08:06.105 [main] DEBUG org.hibernate.loader.plan.build.internal.spaces.QuerySpacesImpl - Adding QuerySpace : uid = <gen:3> -> org.hibernate.loader.plan.build.internal.spaces.EntityQuerySpaceImpl@65a48602]
10:08:06.105 [main] DEBUG org.hibernate.persister.walking.spi.MetamodelGraphWalker - Visiting attribute path : statusorder
10:08:06.105 [main] DEBUG org.hibernate.persister.walking.spi.MetamodelGraphWalker - Visiting attribute path : totalorder
10:08:06.105 [main] DEBUG org.hibernate.loader.plan.build.internal.FetchStyleLoadPlanBuildingAssociationVisitationStrategy - Building LoadPlan...
10:08:06.106 [main] DEBUG org.hibernate.loader.plan.exec.internal.LoadQueryJoinAndFetchProcessor - processing queryspace <gen:0>
10:08:06.106 [main] DEBUG org.hibernate.loader.plan.build.spi.LoadPlanTreePrinter - LoadPlan(entity=com.joseph.entity.Order)
    - Returns
       - EntityReturnImpl(entity=com.joseph.entity.Order, querySpaceUid=<gen:0>, path=com.joseph.entity.Order)
          - EntityAttributeFetchImpl(entity=com.joseph.entity.Client, querySpaceUid=<gen:1>, path=com.joseph.entity.Order.client)
          - CollectionAttributeFetchImpl(collection=com.joseph.entity.Order.orderItems, querySpaceUid=<gen:2>, path=com.joseph.entity.Order.orderItems)
             - (collection element) CollectionFetchableElementEntityGraph(entity=com.joseph.entity.OrderItem, querySpaceUid=<gen:3>, path=com.joseph.entity.Order.orderItems.<elements>)
    - QuerySpaces
       - EntityQuerySpaceImpl(uid=<gen:0>, entity=com.joseph.entity.Order)
          - SQL table alias mapping - order0_
          - alias suffix - 0_
          - suffixed key columns - {idorder1_1_0_}

10:08:06.106 [main] DEBUG org.hibernate.loader.entity.plan.EntityLoader - Static select for entity com.joseph.entity.Order [UPGRADE]: select order0_.idorder as idorder1_1_0_, order0_.idclient as idclient5_1_0_, order0_.dateorder as dateorde2_1_0_, order0_.statusorder as statusor3_1_0_, order0_.totalorder as totalord4_1_0_ from order_table order0_ where order0_.idorder=? for update
10:08:06.106 [main] DEBUG org.hibernate.loader.plan.build.internal.spaces.QuerySpacesImpl - Adding QuerySpace : uid = <gen:0> -> org.hibernate.loader.plan.build.internal.spaces.EntityQuerySpaceImpl@75483843]
10:08:06.106 [main] DEBUG org.hibernate.persister.walking.spi.MetamodelGraphWalker - Visiting attribute path : client
10:08:06.106 [main] DEBUG org.hibernate.loader.plan.build.internal.spaces.QuerySpacesImpl - Adding QuerySpace : uid = <gen:1> -> org.hibernate.loader.plan.build.internal.spaces.EntityQuerySpaceImpl@5ec4ff02]
10:08:06.106 [main] DEBUG org.hibernate.persister.walking.spi.MetamodelGraphWalker - Visiting attribute path : dateorder
10:08:06.106 [main] DEBUG org.hibernate.persister.walking.spi.MetamodelGraphWalker - Visiting attribute path : orderItems
10:08:06.106 [main] DEBUG org.hibernate.loader.plan.build.internal.spaces.QuerySpacesImpl - Adding QuerySpace : uid = <gen:2> -> org.hibernate.loader.plan.build.internal.spaces.CollectionQuerySpaceImpl@1f11f64e]
10:08:06.106 [main] DEBUG org.hibernate.loader.plan.build.internal.spaces.QuerySpacesImpl - Adding QuerySpace : uid = <gen:3> -> org.hibernate.loader.plan.build.internal.spaces.EntityQuerySpaceImpl@2b2f5fcf]
10:08:06.106 [main] DEBUG org.hibernate.persister.walking.spi.MetamodelGraphWalker - Visiting attribute path : statusorder
10:08:06.106 [main] DEBUG org.hibernate.persister.walking.spi.MetamodelGraphWalker - Visiting attribute path : totalorder
10:08:06.107 [main] DEBUG org.hibernate.loader.plan.build.internal.FetchStyleLoadPlanBuildingAssociationVisitationStrategy - Building LoadPlan...
10:08:06.107 [main] DEBUG org.hibernate.loader.plan.exec.internal.LoadQueryJoinAndFetchProcessor - processing queryspace <gen:0>
10:08:06.107 [main] DEBUG org.hibernate.loader.plan.build.spi.LoadPlanTreePrinter - LoadPlan(entity=com.joseph.entity.Order)
    - Returns
       - EntityReturnImpl(entity=com.joseph.entity.Order, querySpaceUid=<gen:0>, path=com.joseph.entity.Order)
          - EntityAttributeFetchImpl(entity=com.joseph.entity.Client, querySpaceUid=<gen:1>, path=com.joseph.entity.Order.client)
          - CollectionAttributeFetchImpl(collection=com.joseph.entity.Order.orderItems, querySpaceUid=<gen:2>, path=com.joseph.entity.Order.orderItems)
             - (collection element) CollectionFetchableElementEntityGraph(entity=com.joseph.entity.OrderItem, querySpaceUid=<gen:3>, path=com.joseph.entity.Order.orderItems.<elements>)
    - QuerySpaces
       - EntityQuerySpaceImpl(uid=<gen:0>, entity=com.joseph.entity.Order)
          - SQL table alias mapping - order0_
          - alias suffix - 0_
          - suffixed key columns - {idorder1_1_0_}

10:08:06.107 [main] DEBUG org.hibernate.loader.entity.plan.EntityLoader - Static select for entity com.joseph.entity.Order [UPGRADE_NOWAIT]: select order0_.idorder as idorder1_1_0_, order0_.idclient as idclient5_1_0_, order0_.dateorder as dateorde2_1_0_, order0_.statusorder as statusor3_1_0_, order0_.totalorder as totalord4_1_0_ from order_table order0_ where order0_.idorder=? for update
10:08:06.107 [main] DEBUG org.hibernate.loader.plan.build.internal.spaces.QuerySpacesImpl - Adding QuerySpace : uid = <gen:0> -> org.hibernate.loader.plan.build.internal.spaces.EntityQuerySpaceImpl@858d8b4]
10:08:06.107 [main] DEBUG org.hibernate.persister.walking.spi.MetamodelGraphWalker - Visiting attribute path : client
10:08:06.108 [main] DEBUG org.hibernate.loader.plan.build.internal.spaces.QuerySpacesImpl - Adding QuerySpace : uid = <gen:1> -> org.hibernate.loader.plan.build.internal.spaces.EntityQuerySpaceImpl@612e21b9]
10:08:06.108 [main] DEBUG org.hibernate.persister.walking.spi.MetamodelGraphWalker - Visiting attribute path : dateorder
10:08:06.108 [main] DEBUG org.hibernate.persister.walking.spi.MetamodelGraphWalker - Visiting attribute path : orderItems
10:08:06.108 [main] DEBUG org.hibernate.loader.plan.build.internal.spaces.QuerySpacesImpl - Adding QuerySpace : uid = <gen:2> -> org.hibernate.loader.plan.build.internal.spaces.CollectionQuerySpaceImpl@302edb74]
10:08:06.108 [main] DEBUG org.hibernate.loader.plan.build.internal.spaces.QuerySpacesImpl - Adding QuerySpace : uid = <gen:3> -> org.hibernate.loader.plan.build.internal.spaces.EntityQuerySpaceImpl@7efd28bd]
10:08:06.108 [main] DEBUG org.hibernate.persister.walking.spi.MetamodelGraphWalker - Visiting attribute path : statusorder
10:08:06.108 [main] DEBUG org.hibernate.persister.walking.spi.MetamodelGraphWalker - Visiting attribute path : totalorder
10:08:06.108 [main] DEBUG org.hibernate.loader.plan.build.internal.FetchStyleLoadPlanBuildingAssociationVisitationStrategy - Building LoadPlan...
10:08:06.108 [main] DEBUG org.hibernate.loader.plan.exec.internal.LoadQueryJoinAndFetchProcessor - processing queryspace <gen:0>
10:08:06.108 [main] DEBUG org.hibernate.loader.plan.build.spi.LoadPlanTreePrinter - LoadPlan(entity=com.joseph.entity.Order)
    - Returns
       - EntityReturnImpl(entity=com.joseph.entity.Order, querySpaceUid=<gen:0>, path=com.joseph.entity.Order)
          - EntityAttributeFetchImpl(entity=com.joseph.entity.Client, querySpaceUid=<gen:1>, path=com.joseph.entity.Order.client)
          - CollectionAttributeFetchImpl(collection=com.joseph.entity.Order.orderItems, querySpaceUid=<gen:2>, path=com.joseph.entity.Order.orderItems)
             - (collection element) CollectionFetchableElementEntityGraph(entity=com.joseph.entity.OrderItem, querySpaceUid=<gen:3>, path=com.joseph.entity.Order.orderItems.<elements>)
    - QuerySpaces
       - EntityQuerySpaceImpl(uid=<gen:0>, entity=com.joseph.entity.Order)
          - SQL table alias mapping - order0_
          - alias suffix - 0_
          - suffixed key columns - {idorder1_1_0_}

10:08:06.109 [main] DEBUG org.hibernate.loader.entity.plan.EntityLoader - Static select for entity com.joseph.entity.Order [UPGRADE_SKIPLOCKED]: select order0_.idorder as idorder1_1_0_, order0_.idclient as idclient5_1_0_, order0_.dateorder as dateorde2_1_0_, order0_.statusorder as statusor3_1_0_, order0_.totalorder as totalord4_1_0_ from order_table order0_ where order0_.idorder=? for update
10:08:06.109 [main] DEBUG org.hibernate.loader.plan.build.internal.spaces.QuerySpacesImpl - Adding QuerySpace : uid = <gen:0> -> org.hibernate.loader.plan.build.internal.spaces.EntityQuerySpaceImpl@672b72ba]
10:08:06.109 [main] DEBUG org.hibernate.persister.walking.spi.MetamodelGraphWalker - Visiting attribute path : client
10:08:06.109 [main] DEBUG org.hibernate.loader.plan.build.internal.spaces.QuerySpacesImpl - Adding QuerySpace : uid = <gen:1> -> org.hibernate.loader.plan.build.internal.spaces.EntityQuerySpaceImpl@312b34e3]
10:08:06.109 [main] DEBUG org.hibernate.persister.walking.spi.MetamodelGraphWalker - Visiting attribute path : dateorder
10:08:06.109 [main] DEBUG org.hibernate.persister.walking.spi.MetamodelGraphWalker - Visiting attribute path : orderItems
10:08:06.109 [main] DEBUG org.hibernate.loader.plan.build.internal.spaces.QuerySpacesImpl - Adding QuerySpace : uid = <gen:2> -> org.hibernate.loader.plan.build.internal.spaces.CollectionQuerySpaceImpl@26844abb]
10:08:06.109 [main] DEBUG org.hibernate.loader.plan.build.internal.spaces.QuerySpacesImpl - Adding QuerySpace : uid = <gen:3> -> org.hibernate.loader.plan.build.internal.spaces.EntityQuerySpaceImpl@1a865273]
10:08:06.109 [main] DEBUG org.hibernate.persister.walking.spi.MetamodelGraphWalker - Visiting attribute path : statusorder
10:08:06.109 [main] DEBUG org.hibernate.persister.walking.spi.MetamodelGraphWalker - Visiting attribute path : totalorder
10:08:06.109 [main] DEBUG org.hibernate.loader.plan.build.internal.FetchStyleLoadPlanBuildingAssociationVisitationStrategy - Building LoadPlan...
10:08:06.110 [main] DEBUG org.hibernate.loader.plan.exec.internal.LoadQueryJoinAndFetchProcessor - processing queryspace <gen:0>
10:08:06.110 [main] DEBUG org.hibernate.loader.plan.build.spi.LoadPlanTreePrinter - LoadPlan(entity=com.joseph.entity.Order)
    - Returns
       - EntityReturnImpl(entity=com.joseph.entity.Order, querySpaceUid=<gen:0>, path=com.joseph.entity.Order)
          - EntityAttributeFetchImpl(entity=com.joseph.entity.Client, querySpaceUid=<gen:1>, path=com.joseph.entity.Order.client)
          - CollectionAttributeFetchImpl(collection=com.joseph.entity.Order.orderItems, querySpaceUid=<gen:2>, path=com.joseph.entity.Order.orderItems)
             - (collection element) CollectionFetchableElementEntityGraph(entity=com.joseph.entity.OrderItem, querySpaceUid=<gen:3>, path=com.joseph.entity.Order.orderItems.<elements>)
    - QuerySpaces
       - EntityQuerySpaceImpl(uid=<gen:0>, entity=com.joseph.entity.Order)
          - SQL table alias mapping - order0_
          - alias suffix - 0_
          - suffixed key columns - {idorder1_1_0_}

10:08:06.110 [main] DEBUG org.hibernate.loader.entity.plan.EntityLoader - Static select for entity com.joseph.entity.Order [FORCE]: select order0_.idorder as idorder1_1_0_, order0_.idclient as idclient5_1_0_, order0_.dateorder as dateorde2_1_0_, order0_.statusorder as statusor3_1_0_, order0_.totalorder as totalord4_1_0_ from order_table order0_ where order0_.idorder=? for update
10:08:06.111 [main] DEBUG org.hibernate.loader.plan.build.internal.spaces.QuerySpacesImpl - Adding QuerySpace : uid = <gen:0> -> org.hibernate.loader.plan.build.internal.spaces.EntityQuerySpaceImpl@288ca5f0]
10:08:06.111 [main] DEBUG org.hibernate.persister.walking.spi.MetamodelGraphWalker - Visiting attribute path : client
10:08:06.111 [main] DEBUG org.hibernate.loader.plan.build.internal.spaces.QuerySpacesImpl - Adding QuerySpace : uid = <gen:1> -> org.hibernate.loader.plan.build.internal.spaces.EntityQuerySpaceImpl@44bd4b0a]
10:08:06.111 [main] DEBUG org.hibernate.persister.walking.spi.MetamodelGraphWalker - Visiting attribute path : dateorder
10:08:06.111 [main] DEBUG org.hibernate.persister.walking.spi.MetamodelGraphWalker - Visiting attribute path : orderItems
10:08:06.111 [main] DEBUG org.hibernate.loader.plan.build.internal.spaces.QuerySpacesImpl - Adding QuerySpace : uid = <gen:2> -> org.hibernate.loader.plan.build.internal.spaces.CollectionQuerySpaceImpl@6c008c24]
10:08:06.111 [main] DEBUG org.hibernate.loader.plan.build.internal.spaces.QuerySpacesImpl - Adding QuerySpace : uid = <gen:3> -> org.hibernate.loader.plan.build.internal.spaces.EntityQuerySpaceImpl@216e0771]
10:08:06.111 [main] DEBUG org.hibernate.persister.walking.spi.MetamodelGraphWalker - Visiting attribute path : statusorder
10:08:06.114 [main] DEBUG org.hibernate.persister.walking.spi.MetamodelGraphWalker - Visiting attribute path : totalorder
10:08:06.114 [main] DEBUG org.hibernate.loader.plan.build.internal.FetchStyleLoadPlanBuildingAssociationVisitationStrategy - Building LoadPlan...
10:08:06.114 [main] DEBUG org.hibernate.loader.plan.exec.internal.LoadQueryJoinAndFetchProcessor - processing queryspace <gen:0>
10:08:06.115 [main] DEBUG org.hibernate.loader.plan.build.spi.LoadPlanTreePrinter - LoadPlan(entity=com.joseph.entity.Order)
    - Returns
       - EntityReturnImpl(entity=com.joseph.entity.Order, querySpaceUid=<gen:0>, path=com.joseph.entity.Order)
          - EntityAttributeFetchImpl(entity=com.joseph.entity.Client, querySpaceUid=<gen:1>, path=com.joseph.entity.Order.client)
          - CollectionAttributeFetchImpl(collection=com.joseph.entity.Order.orderItems, querySpaceUid=<gen:2>, path=com.joseph.entity.Order.orderItems)
             - (collection element) CollectionFetchableElementEntityGraph(entity=com.joseph.entity.OrderItem, querySpaceUid=<gen:3>, path=com.joseph.entity.Order.orderItems.<elements>)
    - QuerySpaces
       - EntityQuerySpaceImpl(uid=<gen:0>, entity=com.joseph.entity.Order)
          - SQL table alias mapping - order0_
          - alias suffix - 0_
          - suffixed key columns - {idorder1_1_0_}

10:08:06.116 [main] DEBUG org.hibernate.loader.entity.plan.EntityLoader - Static select for entity com.joseph.entity.Order [PESSIMISTIC_READ]: select order0_.idorder as idorder1_1_0_, order0_.idclient as idclient5_1_0_, order0_.dateorder as dateorde2_1_0_, order0_.statusorder as statusor3_1_0_, order0_.totalorder as totalord4_1_0_ from order_table order0_ where order0_.idorder=? lock in share mode
10:08:06.116 [main] DEBUG org.hibernate.loader.plan.build.internal.spaces.QuerySpacesImpl - Adding QuerySpace : uid = <gen:0> -> org.hibernate.loader.plan.build.internal.spaces.EntityQuerySpaceImpl@21079a12]
10:08:06.116 [main] DEBUG org.hibernate.persister.walking.spi.MetamodelGraphWalker - Visiting attribute path : client
10:08:06.117 [main] DEBUG org.hibernate.loader.plan.build.internal.spaces.QuerySpacesImpl - Adding QuerySpace : uid = <gen:1> -> org.hibernate.loader.plan.build.internal.spaces.EntityQuerySpaceImpl@67c5ac52]
10:08:06.117 [main] DEBUG org.hibernate.persister.walking.spi.MetamodelGraphWalker - Visiting attribute path : dateorder
10:08:06.117 [main] DEBUG org.hibernate.persister.walking.spi.MetamodelGraphWalker - Visiting attribute path : orderItems
10:08:06.117 [main] DEBUG org.hibernate.loader.plan.build.internal.spaces.QuerySpacesImpl - Adding QuerySpace : uid = <gen:2> -> org.hibernate.loader.plan.build.internal.spaces.CollectionQuerySpaceImpl@36417a54]
10:08:06.117 [main] DEBUG org.hibernate.loader.plan.build.internal.spaces.QuerySpacesImpl - Adding QuerySpace : uid = <gen:3> -> org.hibernate.loader.plan.build.internal.spaces.EntityQuerySpaceImpl@2b8bb184]
10:08:06.117 [main] DEBUG org.hibernate.persister.walking.spi.MetamodelGraphWalker - Visiting attribute path : statusorder
10:08:06.117 [main] DEBUG org.hibernate.persister.walking.spi.MetamodelGraphWalker - Visiting attribute path : totalorder
10:08:06.117 [main] DEBUG org.hibernate.loader.plan.build.internal.FetchStyleLoadPlanBuildingAssociationVisitationStrategy - Building LoadPlan...
10:08:06.118 [main] DEBUG org.hibernate.loader.plan.exec.internal.LoadQueryJoinAndFetchProcessor - processing queryspace <gen:0>
10:08:06.118 [main] DEBUG org.hibernate.loader.plan.build.spi.LoadPlanTreePrinter - LoadPlan(entity=com.joseph.entity.Order)
    - Returns
       - EntityReturnImpl(entity=com.joseph.entity.Order, querySpaceUid=<gen:0>, path=com.joseph.entity.Order)
          - EntityAttributeFetchImpl(entity=com.joseph.entity.Client, querySpaceUid=<gen:1>, path=com.joseph.entity.Order.client)
          - CollectionAttributeFetchImpl(collection=com.joseph.entity.Order.orderItems, querySpaceUid=<gen:2>, path=com.joseph.entity.Order.orderItems)
             - (collection element) CollectionFetchableElementEntityGraph(entity=com.joseph.entity.OrderItem, querySpaceUid=<gen:3>, path=com.joseph.entity.Order.orderItems.<elements>)
    - QuerySpaces
       - EntityQuerySpaceImpl(uid=<gen:0>, entity=com.joseph.entity.Order)
          - SQL table alias mapping - order0_
          - alias suffix - 0_
          - suffixed key columns - {idorder1_1_0_}

10:08:06.119 [main] DEBUG org.hibernate.loader.entity.plan.EntityLoader - Static select for entity com.joseph.entity.Order [PESSIMISTIC_WRITE]: select order0_.idorder as idorder1_1_0_, order0_.idclient as idclient5_1_0_, order0_.dateorder as dateorde2_1_0_, order0_.statusorder as statusor3_1_0_, order0_.totalorder as totalord4_1_0_ from order_table order0_ where order0_.idorder=? for update
10:08:06.119 [main] DEBUG org.hibernate.loader.plan.build.internal.spaces.QuerySpacesImpl - Adding QuerySpace : uid = <gen:0> -> org.hibernate.loader.plan.build.internal.spaces.EntityQuerySpaceImpl@472a11ae]
10:08:06.119 [main] DEBUG org.hibernate.persister.walking.spi.MetamodelGraphWalker - Visiting attribute path : client
10:08:06.119 [main] DEBUG org.hibernate.loader.plan.build.internal.spaces.QuerySpacesImpl - Adding QuerySpace : uid = <gen:1> -> org.hibernate.loader.plan.build.internal.spaces.EntityQuerySpaceImpl@30e9ca13]
10:08:06.119 [main] DEBUG org.hibernate.persister.walking.spi.MetamodelGraphWalker - Visiting attribute path : dateorder
10:08:06.119 [main] DEBUG org.hibernate.persister.walking.spi.MetamodelGraphWalker - Visiting attribute path : orderItems
10:08:06.119 [main] DEBUG org.hibernate.loader.plan.build.internal.spaces.QuerySpacesImpl - Adding QuerySpace : uid = <gen:2> -> org.hibernate.loader.plan.build.internal.spaces.CollectionQuerySpaceImpl@46185a1b]
10:08:06.119 [main] DEBUG org.hibernate.loader.plan.build.internal.spaces.QuerySpacesImpl - Adding QuerySpace : uid = <gen:3> -> org.hibernate.loader.plan.build.internal.spaces.EntityQuerySpaceImpl@51288417]
10:08:06.119 [main] DEBUG org.hibernate.persister.walking.spi.MetamodelGraphWalker - Visiting attribute path : statusorder
10:08:06.120 [main] DEBUG org.hibernate.persister.walking.spi.MetamodelGraphWalker - Visiting attribute path : totalorder
10:08:06.120 [main] DEBUG org.hibernate.loader.plan.build.internal.FetchStyleLoadPlanBuildingAssociationVisitationStrategy - Building LoadPlan...
10:08:06.120 [main] DEBUG org.hibernate.loader.plan.exec.internal.LoadQueryJoinAndFetchProcessor - processing queryspace <gen:0>
10:08:06.122 [main] DEBUG org.hibernate.loader.plan.build.spi.LoadPlanTreePrinter - LoadPlan(entity=com.joseph.entity.Order)
    - Returns
       - EntityReturnImpl(entity=com.joseph.entity.Order, querySpaceUid=<gen:0>, path=com.joseph.entity.Order)
          - EntityAttributeFetchImpl(entity=com.joseph.entity.Client, querySpaceUid=<gen:1>, path=com.joseph.entity.Order.client)
          - CollectionAttributeFetchImpl(collection=com.joseph.entity.Order.orderItems, querySpaceUid=<gen:2>, path=com.joseph.entity.Order.orderItems)
             - (collection element) CollectionFetchableElementEntityGraph(entity=com.joseph.entity.OrderItem, querySpaceUid=<gen:3>, path=com.joseph.entity.Order.orderItems.<elements>)
    - QuerySpaces
       - EntityQuerySpaceImpl(uid=<gen:0>, entity=com.joseph.entity.Order)
          - SQL table alias mapping - order0_
          - alias suffix - 0_
          - suffixed key columns - {idorder1_1_0_}

10:08:06.123 [main] DEBUG org.hibernate.loader.entity.plan.EntityLoader - Static select for entity com.joseph.entity.Order [PESSIMISTIC_FORCE_INCREMENT]: select order0_.idorder as idorder1_1_0_, order0_.idclient as idclient5_1_0_, order0_.dateorder as dateorde2_1_0_, order0_.statusorder as statusor3_1_0_, order0_.totalorder as totalord4_1_0_ from order_table order0_ where order0_.idorder=? for update
10:08:06.123 [main] DEBUG org.hibernate.loader.plan.build.internal.spaces.QuerySpacesImpl - Adding QuerySpace : uid = <gen:0> -> org.hibernate.loader.plan.build.internal.spaces.EntityQuerySpaceImpl@60cf62ad]
10:08:06.124 [main] DEBUG org.hibernate.persister.walking.spi.MetamodelGraphWalker - Visiting attribute path : client
10:08:06.124 [main] DEBUG org.hibernate.loader.plan.build.internal.spaces.QuerySpacesImpl - Adding QuerySpace : uid = <gen:1> -> org.hibernate.loader.plan.build.internal.spaces.EntityQuerySpaceImpl@1ac4ccad]
10:08:06.124 [main] DEBUG org.hibernate.persister.walking.spi.MetamodelGraphWalker - Visiting attribute path : dateorder
10:08:06.124 [main] DEBUG org.hibernate.persister.walking.spi.MetamodelGraphWalker - Visiting attribute path : orderItems
10:08:06.124 [main] DEBUG org.hibernate.loader.plan.build.internal.spaces.QuerySpacesImpl - Adding QuerySpace : uid = <gen:2> -> org.hibernate.loader.plan.build.internal.spaces.CollectionQuerySpaceImpl@fd9ebde]
10:08:06.124 [main] DEBUG org.hibernate.loader.plan.build.internal.spaces.QuerySpacesImpl - Adding QuerySpace : uid = <gen:3> -> org.hibernate.loader.plan.build.internal.spaces.EntityQuerySpaceImpl@14982a82]
10:08:06.124 [main] DEBUG org.hibernate.persister.walking.spi.MetamodelGraphWalker - Visiting attribute path : statusorder
10:08:06.124 [main] DEBUG org.hibernate.persister.walking.spi.MetamodelGraphWalker - Visiting attribute path : totalorder
10:08:06.124 [main] DEBUG org.hibernate.loader.plan.build.internal.FetchStyleLoadPlanBuildingAssociationVisitationStrategy - Building LoadPlan...
10:08:06.125 [main] DEBUG org.hibernate.loader.plan.exec.internal.LoadQueryJoinAndFetchProcessor - processing queryspace <gen:0>
10:08:06.126 [main] DEBUG org.hibernate.loader.plan.build.spi.LoadPlanTreePrinter - LoadPlan(entity=com.joseph.entity.Order)
    - Returns
       - EntityReturnImpl(entity=com.joseph.entity.Order, querySpaceUid=<gen:0>, path=com.joseph.entity.Order)
          - EntityAttributeFetchImpl(entity=com.joseph.entity.Client, querySpaceUid=<gen:1>, path=com.joseph.entity.Order.client)
          - CollectionAttributeFetchImpl(collection=com.joseph.entity.Order.orderItems, querySpaceUid=<gen:2>, path=com.joseph.entity.Order.orderItems)
             - (collection element) CollectionFetchableElementEntityGraph(entity=com.joseph.entity.OrderItem, querySpaceUid=<gen:3>, path=com.joseph.entity.Order.orderItems.<elements>)
    - QuerySpaces
       - EntityQuerySpaceImpl(uid=<gen:0>, entity=com.joseph.entity.Order)
          - SQL table alias mapping - order0_
          - alias suffix - 0_
          - suffixed key columns - {idorder1_1_0_}

10:08:06.126 [main] DEBUG org.hibernate.loader.entity.plan.EntityLoader - Static select for entity com.joseph.entity.Order [OPTIMISTIC]: select order0_.idorder as idorder1_1_0_, order0_.idclient as idclient5_1_0_, order0_.dateorder as dateorde2_1_0_, order0_.statusorder as statusor3_1_0_, order0_.totalorder as totalord4_1_0_ from order_table order0_ where order0_.idorder=?
10:08:06.126 [main] DEBUG org.hibernate.loader.plan.build.internal.spaces.QuerySpacesImpl - Adding QuerySpace : uid = <gen:0> -> org.hibernate.loader.plan.build.internal.spaces.EntityQuerySpaceImpl@4ee5b2d9]
10:08:06.126 [main] DEBUG org.hibernate.persister.walking.spi.MetamodelGraphWalker - Visiting attribute path : client
10:08:06.127 [main] DEBUG org.hibernate.loader.plan.build.internal.spaces.QuerySpacesImpl - Adding QuerySpace : uid = <gen:1> -> org.hibernate.loader.plan.build.internal.spaces.EntityQuerySpaceImpl@323f3c96]
10:08:06.127 [main] DEBUG org.hibernate.persister.walking.spi.MetamodelGraphWalker - Visiting attribute path : dateorder
10:08:06.127 [main] DEBUG org.hibernate.persister.walking.spi.MetamodelGraphWalker - Visiting attribute path : orderItems
10:08:06.127 [main] DEBUG org.hibernate.loader.plan.build.internal.spaces.QuerySpacesImpl - Adding QuerySpace : uid = <gen:2> -> org.hibernate.loader.plan.build.internal.spaces.CollectionQuerySpaceImpl@6726cc69]
10:08:06.127 [main] DEBUG org.hibernate.loader.plan.build.internal.spaces.QuerySpacesImpl - Adding QuerySpace : uid = <gen:3> -> org.hibernate.loader.plan.build.internal.spaces.EntityQuerySpaceImpl@4b6d92e]
10:08:06.127 [main] DEBUG org.hibernate.persister.walking.spi.MetamodelGraphWalker - Visiting attribute path : statusorder
10:08:06.127 [main] DEBUG org.hibernate.persister.walking.spi.MetamodelGraphWalker - Visiting attribute path : totalorder
10:08:06.127 [main] DEBUG org.hibernate.loader.plan.build.internal.FetchStyleLoadPlanBuildingAssociationVisitationStrategy - Building LoadPlan...
10:08:06.128 [main] DEBUG org.hibernate.loader.plan.exec.internal.LoadQueryJoinAndFetchProcessor - processing queryspace <gen:0>
10:08:06.129 [main] DEBUG org.hibernate.loader.plan.build.spi.LoadPlanTreePrinter - LoadPlan(entity=com.joseph.entity.Order)
    - Returns
       - EntityReturnImpl(entity=com.joseph.entity.Order, querySpaceUid=<gen:0>, path=com.joseph.entity.Order)
          - EntityAttributeFetchImpl(entity=com.joseph.entity.Client, querySpaceUid=<gen:1>, path=com.joseph.entity.Order.client)
          - CollectionAttributeFetchImpl(collection=com.joseph.entity.Order.orderItems, querySpaceUid=<gen:2>, path=com.joseph.entity.Order.orderItems)
             - (collection element) CollectionFetchableElementEntityGraph(entity=com.joseph.entity.OrderItem, querySpaceUid=<gen:3>, path=com.joseph.entity.Order.orderItems.<elements>)
    - QuerySpaces
       - EntityQuerySpaceImpl(uid=<gen:0>, entity=com.joseph.entity.Order)
          - SQL table alias mapping - order0_
          - alias suffix - 0_
          - suffixed key columns - {idorder1_1_0_}

10:08:06.129 [main] DEBUG org.hibernate.loader.entity.plan.EntityLoader - Static select for entity com.joseph.entity.Order [OPTIMISTIC_FORCE_INCREMENT]: select order0_.idorder as idorder1_1_0_, order0_.idclient as idclient5_1_0_, order0_.dateorder as dateorde2_1_0_, order0_.statusorder as statusor3_1_0_, order0_.totalorder as totalord4_1_0_ from order_table order0_ where order0_.idorder=?
10:08:06.130 [main] DEBUG org.hibernate.loader.Loader - Static select for action ACTION_MERGE on entity com.joseph.entity.Order: select order0_.idorder as idorder1_1_1_, order0_.idclient as idclient5_1_1_, order0_.dateorder as dateorde2_1_1_, order0_.statusorder as statusor3_1_1_, order0_.totalorder as totalord4_1_1_, orderitems1_.idorder as idorder3_2_3_, orderitems1_.id as id1_2_3_, orderitems1_.id as id1_2_0_, orderitems1_.idorder as idorder3_2_0_, orderitems1_.idproduct as idproduc4_2_0_, orderitems1_.quantity as quantity2_2_0_ from order_table order0_ left outer join orderitems orderitems1_ on order0_.idorder=orderitems1_.idorder where order0_.idorder=?
10:08:06.131 [main] DEBUG org.hibernate.loader.Loader - Static select for action ACTION_REFRESH on entity com.joseph.entity.Order: select order0_.idorder as idorder1_1_1_, order0_.idclient as idclient5_1_1_, order0_.dateorder as dateorde2_1_1_, order0_.statusorder as statusor3_1_1_, order0_.totalorder as totalord4_1_1_, orderitems1_.idorder as idorder3_2_3_, orderitems1_.id as id1_2_3_, orderitems1_.id as id1_2_0_, orderitems1_.idorder as idorder3_2_0_, orderitems1_.idproduct as idproduc4_2_0_, orderitems1_.quantity as quantity2_2_0_ from order_table order0_ left outer join orderitems orderitems1_ on order0_.idorder=orderitems1_.idorder where order0_.idorder=?
10:08:06.132 [main] DEBUG org.hibernate.persister.entity.AbstractEntityPersister - Static SQL for entity: com.joseph.entity.Product
10:08:06.132 [main] DEBUG org.hibernate.persister.entity.AbstractEntityPersister -  Version select: select idproduct from Product where idproduct =?
10:08:06.132 [main] DEBUG org.hibernate.persister.entity.AbstractEntityPersister -  Snapshot select: select product_.idproduct, product_.nameproduct as nameprod2_3_, product_.priceproduct as pricepro3_3_, product_.stockproduct as stockpro4_3_ from Product product_ where product_.idproduct=?
10:08:06.132 [main] DEBUG org.hibernate.persister.entity.AbstractEntityPersister -  Insert 0: insert into Product (nameproduct, priceproduct, stockproduct, idproduct) values (?, ?, ?, ?)
10:08:06.132 [main] DEBUG org.hibernate.persister.entity.AbstractEntityPersister -  Update 0: update Product set nameproduct=?, priceproduct=?, stockproduct=? where idproduct=?
10:08:06.132 [main] DEBUG org.hibernate.persister.entity.AbstractEntityPersister -  Delete 0: delete from Product where idproduct=?
10:08:06.132 [main] DEBUG org.hibernate.persister.entity.AbstractEntityPersister -  Identity insert: insert into Product (nameproduct, priceproduct, stockproduct) values (?, ?, ?)
10:08:06.132 [main] DEBUG org.hibernate.loader.plan.build.internal.spaces.QuerySpacesImpl - Adding QuerySpace : uid = <gen:0> -> org.hibernate.loader.plan.build.internal.spaces.EntityQuerySpaceImpl@33899f7a]
10:08:06.133 [main] DEBUG org.hibernate.persister.walking.spi.MetamodelGraphWalker - Visiting attribute path : nameproduct
10:08:06.133 [main] DEBUG org.hibernate.persister.walking.spi.MetamodelGraphWalker - Visiting attribute path : orderItems
10:08:06.133 [main] DEBUG org.hibernate.loader.plan.build.internal.spaces.QuerySpacesImpl - Adding QuerySpace : uid = <gen:1> -> org.hibernate.loader.plan.build.internal.spaces.CollectionQuerySpaceImpl@290d10ef]
10:08:06.133 [main] DEBUG org.hibernate.loader.plan.build.internal.spaces.QuerySpacesImpl - Adding QuerySpace : uid = <gen:2> -> org.hibernate.loader.plan.build.internal.spaces.EntityQuerySpaceImpl@1bc0d349]
10:08:06.133 [main] DEBUG org.hibernate.persister.walking.spi.MetamodelGraphWalker - Visiting attribute path : priceproduct
10:08:06.133 [main] DEBUG org.hibernate.persister.walking.spi.MetamodelGraphWalker - Visiting attribute path : stockproduct
10:08:06.133 [main] DEBUG org.hibernate.loader.plan.build.internal.FetchStyleLoadPlanBuildingAssociationVisitationStrategy - Building LoadPlan...
10:08:06.134 [main] DEBUG org.hibernate.loader.plan.exec.internal.LoadQueryJoinAndFetchProcessor - processing queryspace <gen:0>
10:08:06.134 [main] DEBUG org.hibernate.loader.plan.build.spi.LoadPlanTreePrinter - LoadPlan(entity=com.joseph.entity.Product)
    - Returns
       - EntityReturnImpl(entity=com.joseph.entity.Product, querySpaceUid=<gen:0>, path=com.joseph.entity.Product)
          - CollectionAttributeFetchImpl(collection=com.joseph.entity.Product.orderItems, querySpaceUid=<gen:1>, path=com.joseph.entity.Product.orderItems)
             - (collection element) CollectionFetchableElementEntityGraph(entity=com.joseph.entity.OrderItem, querySpaceUid=<gen:2>, path=com.joseph.entity.Product.orderItems.<elements>)
    - QuerySpaces
       - EntityQuerySpaceImpl(uid=<gen:0>, entity=com.joseph.entity.Product)
          - SQL table alias mapping - product0_
          - alias suffix - 0_
          - suffixed key columns - {idproduc1_3_0_}

10:08:06.135 [main] DEBUG org.hibernate.loader.entity.plan.EntityLoader - Static select for entity com.joseph.entity.Product [NONE]: select product0_.idproduct as idproduc1_3_0_, product0_.nameproduct as nameprod2_3_0_, product0_.priceproduct as pricepro3_3_0_, product0_.stockproduct as stockpro4_3_0_ from Product product0_ where product0_.idproduct=?
10:08:06.135 [main] DEBUG org.hibernate.loader.plan.build.internal.spaces.QuerySpacesImpl - Adding QuerySpace : uid = <gen:0> -> org.hibernate.loader.plan.build.internal.spaces.EntityQuerySpaceImpl@644ded04]
10:08:06.135 [main] DEBUG org.hibernate.persister.walking.spi.MetamodelGraphWalker - Visiting attribute path : nameproduct
10:08:06.135 [main] DEBUG org.hibernate.persister.walking.spi.MetamodelGraphWalker - Visiting attribute path : orderItems
10:08:06.135 [main] DEBUG org.hibernate.loader.plan.build.internal.spaces.QuerySpacesImpl - Adding QuerySpace : uid = <gen:1> -> org.hibernate.loader.plan.build.internal.spaces.CollectionQuerySpaceImpl@13d9261f]
10:08:06.135 [main] DEBUG org.hibernate.loader.plan.build.internal.spaces.QuerySpacesImpl - Adding QuerySpace : uid = <gen:2> -> org.hibernate.loader.plan.build.internal.spaces.EntityQuerySpaceImpl@e9ef5b6]
10:08:06.135 [main] DEBUG org.hibernate.persister.walking.spi.MetamodelGraphWalker - Visiting attribute path : priceproduct
10:08:06.136 [main] DEBUG org.hibernate.persister.walking.spi.MetamodelGraphWalker - Visiting attribute path : stockproduct
10:08:06.136 [main] DEBUG org.hibernate.loader.plan.build.internal.FetchStyleLoadPlanBuildingAssociationVisitationStrategy - Building LoadPlan...
10:08:06.136 [main] DEBUG org.hibernate.loader.plan.exec.internal.LoadQueryJoinAndFetchProcessor - processing queryspace <gen:0>
10:08:06.136 [main] DEBUG org.hibernate.loader.plan.build.spi.LoadPlanTreePrinter - LoadPlan(entity=com.joseph.entity.Product)
    - Returns
       - EntityReturnImpl(entity=com.joseph.entity.Product, querySpaceUid=<gen:0>, path=com.joseph.entity.Product)
          - CollectionAttributeFetchImpl(collection=com.joseph.entity.Product.orderItems, querySpaceUid=<gen:1>, path=com.joseph.entity.Product.orderItems)
             - (collection element) CollectionFetchableElementEntityGraph(entity=com.joseph.entity.OrderItem, querySpaceUid=<gen:2>, path=com.joseph.entity.Product.orderItems.<elements>)
    - QuerySpaces
       - EntityQuerySpaceImpl(uid=<gen:0>, entity=com.joseph.entity.Product)
          - SQL table alias mapping - product0_
          - alias suffix - 0_
          - suffixed key columns - {idproduc1_3_0_}

10:08:06.137 [main] DEBUG org.hibernate.loader.entity.plan.EntityLoader - Static select for entity com.joseph.entity.Product [READ]: select product0_.idproduct as idproduc1_3_0_, product0_.nameproduct as nameprod2_3_0_, product0_.priceproduct as pricepro3_3_0_, product0_.stockproduct as stockpro4_3_0_ from Product product0_ where product0_.idproduct=?
10:08:06.137 [main] DEBUG org.hibernate.loader.plan.build.internal.spaces.QuerySpacesImpl - Adding QuerySpace : uid = <gen:0> -> org.hibernate.loader.plan.build.internal.spaces.EntityQuerySpaceImpl@5300cac]
10:08:06.138 [main] DEBUG org.hibernate.persister.walking.spi.MetamodelGraphWalker - Visiting attribute path : nameproduct
10:08:06.138 [main] DEBUG org.hibernate.persister.walking.spi.MetamodelGraphWalker - Visiting attribute path : orderItems
10:08:06.138 [main] DEBUG org.hibernate.loader.plan.build.internal.spaces.QuerySpacesImpl - Adding QuerySpace : uid = <gen:1> -> org.hibernate.loader.plan.build.internal.spaces.CollectionQuerySpaceImpl@1ba359bd]
10:08:06.138 [main] DEBUG org.hibernate.loader.plan.build.internal.spaces.QuerySpacesImpl - Adding QuerySpace : uid = <gen:2> -> org.hibernate.loader.plan.build.internal.spaces.EntityQuerySpaceImpl@62e93c3a]
10:08:06.138 [main] DEBUG org.hibernate.persister.walking.spi.MetamodelGraphWalker - Visiting attribute path : priceproduct
10:08:06.138 [main] DEBUG org.hibernate.persister.walking.spi.MetamodelGraphWalker - Visiting attribute path : stockproduct
10:08:06.138 [main] DEBUG org.hibernate.loader.plan.build.internal.FetchStyleLoadPlanBuildingAssociationVisitationStrategy - Building LoadPlan...
10:08:06.146 [main] DEBUG org.hibernate.loader.plan.exec.internal.LoadQueryJoinAndFetchProcessor - processing queryspace <gen:0>
10:08:06.148 [main] DEBUG org.hibernate.loader.plan.build.spi.LoadPlanTreePrinter - LoadPlan(entity=com.joseph.entity.Product)
    - Returns
       - EntityReturnImpl(entity=com.joseph.entity.Product, querySpaceUid=<gen:0>, path=com.joseph.entity.Product)
          - CollectionAttributeFetchImpl(collection=com.joseph.entity.Product.orderItems, querySpaceUid=<gen:1>, path=com.joseph.entity.Product.orderItems)
             - (collection element) CollectionFetchableElementEntityGraph(entity=com.joseph.entity.OrderItem, querySpaceUid=<gen:2>, path=com.joseph.entity.Product.orderItems.<elements>)
    - QuerySpaces
       - EntityQuerySpaceImpl(uid=<gen:0>, entity=com.joseph.entity.Product)
          - SQL table alias mapping - product0_
          - alias suffix - 0_
          - suffixed key columns - {idproduc1_3_0_}

10:08:06.148 [main] DEBUG org.hibernate.loader.entity.plan.EntityLoader - Static select for entity com.joseph.entity.Product [UPGRADE]: select product0_.idproduct as idproduc1_3_0_, product0_.nameproduct as nameprod2_3_0_, product0_.priceproduct as pricepro3_3_0_, product0_.stockproduct as stockpro4_3_0_ from Product product0_ where product0_.idproduct=? for update
10:08:06.149 [main] DEBUG org.hibernate.loader.plan.build.internal.spaces.QuerySpacesImpl - Adding QuerySpace : uid = <gen:0> -> org.hibernate.loader.plan.build.internal.spaces.EntityQuerySpaceImpl@673919a7]
10:08:06.149 [main] DEBUG org.hibernate.persister.walking.spi.MetamodelGraphWalker - Visiting attribute path : nameproduct
10:08:06.149 [main] DEBUG org.hibernate.persister.walking.spi.MetamodelGraphWalker - Visiting attribute path : orderItems
10:08:06.149 [main] DEBUG org.hibernate.loader.plan.build.internal.spaces.QuerySpacesImpl - Adding QuerySpace : uid = <gen:1> -> org.hibernate.loader.plan.build.internal.spaces.CollectionQuerySpaceImpl@2436ea2f]
10:08:06.150 [main] DEBUG org.hibernate.loader.plan.build.internal.spaces.QuerySpacesImpl - Adding QuerySpace : uid = <gen:2> -> org.hibernate.loader.plan.build.internal.spaces.EntityQuerySpaceImpl@f951a7f]
10:08:06.150 [main] DEBUG org.hibernate.persister.walking.spi.MetamodelGraphWalker - Visiting attribute path : priceproduct
10:08:06.150 [main] DEBUG org.hibernate.persister.walking.spi.MetamodelGraphWalker - Visiting attribute path : stockproduct
10:08:06.150 [main] DEBUG org.hibernate.loader.plan.build.internal.FetchStyleLoadPlanBuildingAssociationVisitationStrategy - Building LoadPlan...
10:08:06.151 [main] DEBUG org.hibernate.loader.plan.exec.internal.LoadQueryJoinAndFetchProcessor - processing queryspace <gen:0>
10:08:06.152 [main] DEBUG org.hibernate.loader.plan.build.spi.LoadPlanTreePrinter - LoadPlan(entity=com.joseph.entity.Product)
    - Returns
       - EntityReturnImpl(entity=com.joseph.entity.Product, querySpaceUid=<gen:0>, path=com.joseph.entity.Product)
          - CollectionAttributeFetchImpl(collection=com.joseph.entity.Product.orderItems, querySpaceUid=<gen:1>, path=com.joseph.entity.Product.orderItems)
             - (collection element) CollectionFetchableElementEntityGraph(entity=com.joseph.entity.OrderItem, querySpaceUid=<gen:2>, path=com.joseph.entity.Product.orderItems.<elements>)
    - QuerySpaces
       - EntityQuerySpaceImpl(uid=<gen:0>, entity=com.joseph.entity.Product)
          - SQL table alias mapping - product0_
          - alias suffix - 0_
          - suffixed key columns - {idproduc1_3_0_}

10:08:06.153 [main] DEBUG org.hibernate.loader.entity.plan.EntityLoader - Static select for entity com.joseph.entity.Product [UPGRADE_NOWAIT]: select product0_.idproduct as idproduc1_3_0_, product0_.nameproduct as nameprod2_3_0_, product0_.priceproduct as pricepro3_3_0_, product0_.stockproduct as stockpro4_3_0_ from Product product0_ where product0_.idproduct=? for update
10:08:06.153 [main] DEBUG org.hibernate.loader.plan.build.internal.spaces.QuerySpacesImpl - Adding QuerySpace : uid = <gen:0> -> org.hibernate.loader.plan.build.internal.spaces.EntityQuerySpaceImpl@20cece0b]
10:08:06.153 [main] DEBUG org.hibernate.persister.walking.spi.MetamodelGraphWalker - Visiting attribute path : nameproduct
10:08:06.153 [main] DEBUG org.hibernate.persister.walking.spi.MetamodelGraphWalker - Visiting attribute path : orderItems
10:08:06.154 [main] DEBUG org.hibernate.loader.plan.build.internal.spaces.QuerySpacesImpl - Adding QuerySpace : uid = <gen:1> -> org.hibernate.loader.plan.build.internal.spaces.CollectionQuerySpaceImpl@5f038248]
10:08:06.154 [main] DEBUG org.hibernate.loader.plan.build.internal.spaces.QuerySpacesImpl - Adding QuerySpace : uid = <gen:2> -> org.hibernate.loader.plan.build.internal.spaces.EntityQuerySpaceImpl@78e22d35]
10:08:06.154 [main] DEBUG org.hibernate.persister.walking.spi.MetamodelGraphWalker - Visiting attribute path : priceproduct
10:08:06.154 [main] DEBUG org.hibernate.persister.walking.spi.MetamodelGraphWalker - Visiting attribute path : stockproduct
10:08:06.154 [main] DEBUG org.hibernate.loader.plan.build.internal.FetchStyleLoadPlanBuildingAssociationVisitationStrategy - Building LoadPlan...
10:08:06.155 [main] DEBUG org.hibernate.loader.plan.exec.internal.LoadQueryJoinAndFetchProcessor - processing queryspace <gen:0>
10:08:06.158 [main] DEBUG org.hibernate.loader.plan.build.spi.LoadPlanTreePrinter - LoadPlan(entity=com.joseph.entity.Product)
    - Returns
       - EntityReturnImpl(entity=com.joseph.entity.Product, querySpaceUid=<gen:0>, path=com.joseph.entity.Product)
          - CollectionAttributeFetchImpl(collection=com.joseph.entity.Product.orderItems, querySpaceUid=<gen:1>, path=com.joseph.entity.Product.orderItems)
             - (collection element) CollectionFetchableElementEntityGraph(entity=com.joseph.entity.OrderItem, querySpaceUid=<gen:2>, path=com.joseph.entity.Product.orderItems.<elements>)
    - QuerySpaces
       - EntityQuerySpaceImpl(uid=<gen:0>, entity=com.joseph.entity.Product)
          - SQL table alias mapping - product0_
          - alias suffix - 0_
          - suffixed key columns - {idproduc1_3_0_}

10:08:06.158 [main] DEBUG org.hibernate.loader.entity.plan.EntityLoader - Static select for entity com.joseph.entity.Product [UPGRADE_SKIPLOCKED]: select product0_.idproduct as idproduc1_3_0_, product0_.nameproduct as nameprod2_3_0_, product0_.priceproduct as pricepro3_3_0_, product0_.stockproduct as stockpro4_3_0_ from Product product0_ where product0_.idproduct=? for update
10:08:06.159 [main] DEBUG org.hibernate.loader.plan.build.internal.spaces.QuerySpacesImpl - Adding QuerySpace : uid = <gen:0> -> org.hibernate.loader.plan.build.internal.spaces.EntityQuerySpaceImpl@2e8a1ab4]
10:08:06.159 [main] DEBUG org.hibernate.persister.walking.spi.MetamodelGraphWalker - Visiting attribute path : nameproduct
10:08:06.160 [main] DEBUG org.hibernate.persister.walking.spi.MetamodelGraphWalker - Visiting attribute path : orderItems
10:08:06.160 [main] DEBUG org.hibernate.loader.plan.build.internal.spaces.QuerySpacesImpl - Adding QuerySpace : uid = <gen:1> -> org.hibernate.loader.plan.build.internal.spaces.CollectionQuerySpaceImpl@1aabf50d]
10:08:06.160 [main] DEBUG org.hibernate.loader.plan.build.internal.spaces.QuerySpacesImpl - Adding QuerySpace : uid = <gen:2> -> org.hibernate.loader.plan.build.internal.spaces.EntityQuerySpaceImpl@73c9e8e8]
10:08:06.160 [main] DEBUG org.hibernate.persister.walking.spi.MetamodelGraphWalker - Visiting attribute path : priceproduct
10:08:06.160 [main] DEBUG org.hibernate.persister.walking.spi.MetamodelGraphWalker - Visiting attribute path : stockproduct
10:08:06.160 [main] DEBUG org.hibernate.loader.plan.build.internal.FetchStyleLoadPlanBuildingAssociationVisitationStrategy - Building LoadPlan...
10:08:06.161 [main] DEBUG org.hibernate.loader.plan.exec.internal.LoadQueryJoinAndFetchProcessor - processing queryspace <gen:0>
10:08:06.163 [main] DEBUG org.hibernate.loader.plan.build.spi.LoadPlanTreePrinter - LoadPlan(entity=com.joseph.entity.Product)
    - Returns
       - EntityReturnImpl(entity=com.joseph.entity.Product, querySpaceUid=<gen:0>, path=com.joseph.entity.Product)
          - CollectionAttributeFetchImpl(collection=com.joseph.entity.Product.orderItems, querySpaceUid=<gen:1>, path=com.joseph.entity.Product.orderItems)
             - (collection element) CollectionFetchableElementEntityGraph(entity=com.joseph.entity.OrderItem, querySpaceUid=<gen:2>, path=com.joseph.entity.Product.orderItems.<elements>)
    - QuerySpaces
       - EntityQuerySpaceImpl(uid=<gen:0>, entity=com.joseph.entity.Product)
          - SQL table alias mapping - product0_
          - alias suffix - 0_
          - suffixed key columns - {idproduc1_3_0_}

10:08:06.163 [main] DEBUG org.hibernate.loader.entity.plan.EntityLoader - Static select for entity com.joseph.entity.Product [FORCE]: select product0_.idproduct as idproduc1_3_0_, product0_.nameproduct as nameprod2_3_0_, product0_.priceproduct as pricepro3_3_0_, product0_.stockproduct as stockpro4_3_0_ from Product product0_ where product0_.idproduct=? for update
10:08:06.163 [main] DEBUG org.hibernate.loader.plan.build.internal.spaces.QuerySpacesImpl - Adding QuerySpace : uid = <gen:0> -> org.hibernate.loader.plan.build.internal.spaces.EntityQuerySpaceImpl@de8039f]
10:08:06.165 [main] DEBUG org.hibernate.persister.walking.spi.MetamodelGraphWalker - Visiting attribute path : nameproduct
10:08:06.165 [main] DEBUG org.hibernate.persister.walking.spi.MetamodelGraphWalker - Visiting attribute path : orderItems
10:08:06.166 [main] DEBUG org.hibernate.loader.plan.build.internal.spaces.QuerySpacesImpl - Adding QuerySpace : uid = <gen:1> -> org.hibernate.loader.plan.build.internal.spaces.CollectionQuerySpaceImpl@582a764a]
10:08:06.166 [main] DEBUG org.hibernate.loader.plan.build.internal.spaces.QuerySpacesImpl - Adding QuerySpace : uid = <gen:2> -> org.hibernate.loader.plan.build.internal.spaces.EntityQuerySpaceImpl@64984b0f]
10:08:06.166 [main] DEBUG org.hibernate.persister.walking.spi.MetamodelGraphWalker - Visiting attribute path : priceproduct
10:08:06.166 [main] DEBUG org.hibernate.persister.walking.spi.MetamodelGraphWalker - Visiting attribute path : stockproduct
10:08:06.166 [main] DEBUG org.hibernate.loader.plan.build.internal.FetchStyleLoadPlanBuildingAssociationVisitationStrategy - Building LoadPlan...
10:08:06.167 [main] DEBUG org.hibernate.loader.plan.exec.internal.LoadQueryJoinAndFetchProcessor - processing queryspace <gen:0>
10:08:06.168 [main] DEBUG org.hibernate.loader.plan.build.spi.LoadPlanTreePrinter - LoadPlan(entity=com.joseph.entity.Product)
    - Returns
       - EntityReturnImpl(entity=com.joseph.entity.Product, querySpaceUid=<gen:0>, path=com.joseph.entity.Product)
          - CollectionAttributeFetchImpl(collection=com.joseph.entity.Product.orderItems, querySpaceUid=<gen:1>, path=com.joseph.entity.Product.orderItems)
             - (collection element) CollectionFetchableElementEntityGraph(entity=com.joseph.entity.OrderItem, querySpaceUid=<gen:2>, path=com.joseph.entity.Product.orderItems.<elements>)
    - QuerySpaces
       - EntityQuerySpaceImpl(uid=<gen:0>, entity=com.joseph.entity.Product)
          - SQL table alias mapping - product0_
          - alias suffix - 0_
          - suffixed key columns - {idproduc1_3_0_}

10:08:06.168 [main] DEBUG org.hibernate.loader.entity.plan.EntityLoader - Static select for entity com.joseph.entity.Product [PESSIMISTIC_READ]: select product0_.idproduct as idproduc1_3_0_, product0_.nameproduct as nameprod2_3_0_, product0_.priceproduct as pricepro3_3_0_, product0_.stockproduct as stockpro4_3_0_ from Product product0_ where product0_.idproduct=? lock in share mode
10:08:06.168 [main] DEBUG org.hibernate.loader.plan.build.internal.spaces.QuerySpacesImpl - Adding QuerySpace : uid = <gen:0> -> org.hibernate.loader.plan.build.internal.spaces.EntityQuerySpaceImpl@292158f8]
10:08:06.169 [main] DEBUG org.hibernate.persister.walking.spi.MetamodelGraphWalker - Visiting attribute path : nameproduct
10:08:06.169 [main] DEBUG org.hibernate.persister.walking.spi.MetamodelGraphWalker - Visiting attribute path : orderItems
10:08:06.169 [main] DEBUG org.hibernate.loader.plan.build.internal.spaces.QuerySpacesImpl - Adding QuerySpace : uid = <gen:1> -> org.hibernate.loader.plan.build.internal.spaces.CollectionQuerySpaceImpl@58ff8d79]
10:08:06.169 [main] DEBUG org.hibernate.loader.plan.build.internal.spaces.QuerySpacesImpl - Adding QuerySpace : uid = <gen:2> -> org.hibernate.loader.plan.build.internal.spaces.EntityQuerySpaceImpl@7e19755a]
10:08:06.169 [main] DEBUG org.hibernate.persister.walking.spi.MetamodelGraphWalker - Visiting attribute path : priceproduct
10:08:06.170 [main] DEBUG org.hibernate.persister.walking.spi.MetamodelGraphWalker - Visiting attribute path : stockproduct
10:08:06.170 [main] DEBUG org.hibernate.loader.plan.build.internal.FetchStyleLoadPlanBuildingAssociationVisitationStrategy - Building LoadPlan...
10:08:06.170 [main] DEBUG org.hibernate.loader.plan.exec.internal.LoadQueryJoinAndFetchProcessor - processing queryspace <gen:0>
10:08:06.171 [main] DEBUG org.hibernate.loader.plan.build.spi.LoadPlanTreePrinter - LoadPlan(entity=com.joseph.entity.Product)
    - Returns
       - EntityReturnImpl(entity=com.joseph.entity.Product, querySpaceUid=<gen:0>, path=com.joseph.entity.Product)
          - CollectionAttributeFetchImpl(collection=com.joseph.entity.Product.orderItems, querySpaceUid=<gen:1>, path=com.joseph.entity.Product.orderItems)
             - (collection element) CollectionFetchableElementEntityGraph(entity=com.joseph.entity.OrderItem, querySpaceUid=<gen:2>, path=com.joseph.entity.Product.orderItems.<elements>)
    - QuerySpaces
       - EntityQuerySpaceImpl(uid=<gen:0>, entity=com.joseph.entity.Product)
          - SQL table alias mapping - product0_
          - alias suffix - 0_
          - suffixed key columns - {idproduc1_3_0_}

10:08:06.171 [main] DEBUG org.hibernate.loader.entity.plan.EntityLoader - Static select for entity com.joseph.entity.Product [PESSIMISTIC_WRITE]: select product0_.idproduct as idproduc1_3_0_, product0_.nameproduct as nameprod2_3_0_, product0_.priceproduct as pricepro3_3_0_, product0_.stockproduct as stockpro4_3_0_ from Product product0_ where product0_.idproduct=? for update
10:08:06.171 [main] DEBUG org.hibernate.loader.plan.build.internal.spaces.QuerySpacesImpl - Adding QuerySpace : uid = <gen:0> -> org.hibernate.loader.plan.build.internal.spaces.EntityQuerySpaceImpl@5d5c04f9]
10:08:06.172 [main] DEBUG org.hibernate.persister.walking.spi.MetamodelGraphWalker - Visiting attribute path : nameproduct
10:08:06.172 [main] DEBUG org.hibernate.persister.walking.spi.MetamodelGraphWalker - Visiting attribute path : orderItems
10:08:06.172 [main] DEBUG org.hibernate.loader.plan.build.internal.spaces.QuerySpacesImpl - Adding QuerySpace : uid = <gen:1> -> org.hibernate.loader.plan.build.internal.spaces.CollectionQuerySpaceImpl@4b790d86]
10:08:06.173 [main] DEBUG org.hibernate.loader.plan.build.internal.spaces.QuerySpacesImpl - Adding QuerySpace : uid = <gen:2> -> org.hibernate.loader.plan.build.internal.spaces.EntityQuerySpaceImpl@7e7f0216]
10:08:06.173 [main] DEBUG org.hibernate.persister.walking.spi.MetamodelGraphWalker - Visiting attribute path : priceproduct
10:08:06.173 [main] DEBUG org.hibernate.persister.walking.spi.MetamodelGraphWalker - Visiting attribute path : stockproduct
10:08:06.173 [main] DEBUG org.hibernate.loader.plan.build.internal.FetchStyleLoadPlanBuildingAssociationVisitationStrategy - Building LoadPlan...
10:08:06.174 [main] DEBUG org.hibernate.loader.plan.exec.internal.LoadQueryJoinAndFetchProcessor - processing queryspace <gen:0>
10:08:06.174 [main] DEBUG org.hibernate.loader.plan.build.spi.LoadPlanTreePrinter - LoadPlan(entity=com.joseph.entity.Product)
    - Returns
       - EntityReturnImpl(entity=com.joseph.entity.Product, querySpaceUid=<gen:0>, path=com.joseph.entity.Product)
          - CollectionAttributeFetchImpl(collection=com.joseph.entity.Product.orderItems, querySpaceUid=<gen:1>, path=com.joseph.entity.Product.orderItems)
             - (collection element) CollectionFetchableElementEntityGraph(entity=com.joseph.entity.OrderItem, querySpaceUid=<gen:2>, path=com.joseph.entity.Product.orderItems.<elements>)
    - QuerySpaces
       - EntityQuerySpaceImpl(uid=<gen:0>, entity=com.joseph.entity.Product)
          - SQL table alias mapping - product0_
          - alias suffix - 0_
          - suffixed key columns - {idproduc1_3_0_}

10:08:06.176 [main] DEBUG org.hibernate.loader.entity.plan.EntityLoader - Static select for entity com.joseph.entity.Product [PESSIMISTIC_FORCE_INCREMENT]: select product0_.idproduct as idproduc1_3_0_, product0_.nameproduct as nameprod2_3_0_, product0_.priceproduct as pricepro3_3_0_, product0_.stockproduct as stockpro4_3_0_ from Product product0_ where product0_.idproduct=? for update
10:08:06.176 [main] DEBUG org.hibernate.loader.plan.build.internal.spaces.QuerySpacesImpl - Adding QuerySpace : uid = <gen:0> -> org.hibernate.loader.plan.build.internal.spaces.EntityQuerySpaceImpl@4339baec]
10:08:06.176 [main] DEBUG org.hibernate.persister.walking.spi.MetamodelGraphWalker - Visiting attribute path : nameproduct
10:08:06.176 [main] DEBUG org.hibernate.persister.walking.spi.MetamodelGraphWalker - Visiting attribute path : orderItems
10:08:06.176 [main] DEBUG org.hibernate.loader.plan.build.internal.spaces.QuerySpacesImpl - Adding QuerySpace : uid = <gen:1> -> org.hibernate.loader.plan.build.internal.spaces.CollectionQuerySpaceImpl@61cd1c71]
10:08:06.176 [main] DEBUG org.hibernate.loader.plan.build.internal.spaces.QuerySpacesImpl - Adding QuerySpace : uid = <gen:2> -> org.hibernate.loader.plan.build.internal.spaces.EntityQuerySpaceImpl@6724cdec]
10:08:06.176 [main] DEBUG org.hibernate.persister.walking.spi.MetamodelGraphWalker - Visiting attribute path : priceproduct
10:08:06.176 [main] DEBUG org.hibernate.persister.walking.spi.MetamodelGraphWalker - Visiting attribute path : stockproduct
10:08:06.176 [main] DEBUG org.hibernate.loader.plan.build.internal.FetchStyleLoadPlanBuildingAssociationVisitationStrategy - Building LoadPlan...
10:08:06.177 [main] DEBUG org.hibernate.loader.plan.exec.internal.LoadQueryJoinAndFetchProcessor - processing queryspace <gen:0>
10:08:06.178 [main] DEBUG org.hibernate.loader.plan.build.spi.LoadPlanTreePrinter - LoadPlan(entity=com.joseph.entity.Product)
    - Returns
       - EntityReturnImpl(entity=com.joseph.entity.Product, querySpaceUid=<gen:0>, path=com.joseph.entity.Product)
          - CollectionAttributeFetchImpl(collection=com.joseph.entity.Product.orderItems, querySpaceUid=<gen:1>, path=com.joseph.entity.Product.orderItems)
             - (collection element) CollectionFetchableElementEntityGraph(entity=com.joseph.entity.OrderItem, querySpaceUid=<gen:2>, path=com.joseph.entity.Product.orderItems.<elements>)
    - QuerySpaces
       - EntityQuerySpaceImpl(uid=<gen:0>, entity=com.joseph.entity.Product)
          - SQL table alias mapping - product0_
          - alias suffix - 0_
          - suffixed key columns - {idproduc1_3_0_}

10:08:06.178 [main] DEBUG org.hibernate.loader.entity.plan.EntityLoader - Static select for entity com.joseph.entity.Product [OPTIMISTIC]: select product0_.idproduct as idproduc1_3_0_, product0_.nameproduct as nameprod2_3_0_, product0_.priceproduct as pricepro3_3_0_, product0_.stockproduct as stockpro4_3_0_ from Product product0_ where product0_.idproduct=?
10:08:06.178 [main] DEBUG org.hibernate.loader.plan.build.internal.spaces.QuerySpacesImpl - Adding QuerySpace : uid = <gen:0> -> org.hibernate.loader.plan.build.internal.spaces.EntityQuerySpaceImpl@6944e53e]
10:08:06.179 [main] DEBUG org.hibernate.persister.walking.spi.MetamodelGraphWalker - Visiting attribute path : nameproduct
10:08:06.179 [main] DEBUG org.hibernate.persister.walking.spi.MetamodelGraphWalker - Visiting attribute path : orderItems
10:08:06.179 [main] DEBUG org.hibernate.loader.plan.build.internal.spaces.QuerySpacesImpl - Adding QuerySpace : uid = <gen:1> -> org.hibernate.loader.plan.build.internal.spaces.CollectionQuerySpaceImpl@5bc7e78e]
10:08:06.179 [main] DEBUG org.hibernate.loader.plan.build.internal.spaces.QuerySpacesImpl - Adding QuerySpace : uid = <gen:2> -> org.hibernate.loader.plan.build.internal.spaces.EntityQuerySpaceImpl@1a4d1ab7]
10:08:06.179 [main] DEBUG org.hibernate.persister.walking.spi.MetamodelGraphWalker - Visiting attribute path : priceproduct
10:08:06.179 [main] DEBUG org.hibernate.persister.walking.spi.MetamodelGraphWalker - Visiting attribute path : stockproduct
10:08:06.180 [main] DEBUG org.hibernate.loader.plan.build.internal.FetchStyleLoadPlanBuildingAssociationVisitationStrategy - Building LoadPlan...
10:08:06.180 [main] DEBUG org.hibernate.loader.plan.exec.internal.LoadQueryJoinAndFetchProcessor - processing queryspace <gen:0>
10:08:06.181 [main] DEBUG org.hibernate.loader.plan.build.spi.LoadPlanTreePrinter - LoadPlan(entity=com.joseph.entity.Product)
    - Returns
       - EntityReturnImpl(entity=com.joseph.entity.Product, querySpaceUid=<gen:0>, path=com.joseph.entity.Product)
          - CollectionAttributeFetchImpl(collection=com.joseph.entity.Product.orderItems, querySpaceUid=<gen:1>, path=com.joseph.entity.Product.orderItems)
             - (collection element) CollectionFetchableElementEntityGraph(entity=com.joseph.entity.OrderItem, querySpaceUid=<gen:2>, path=com.joseph.entity.Product.orderItems.<elements>)
    - QuerySpaces
       - EntityQuerySpaceImpl(uid=<gen:0>, entity=com.joseph.entity.Product)
          - SQL table alias mapping - product0_
          - alias suffix - 0_
          - suffixed key columns - {idproduc1_3_0_}

10:08:06.181 [main] DEBUG org.hibernate.loader.entity.plan.EntityLoader - Static select for entity com.joseph.entity.Product [OPTIMISTIC_FORCE_INCREMENT]: select product0_.idproduct as idproduc1_3_0_, product0_.nameproduct as nameprod2_3_0_, product0_.priceproduct as pricepro3_3_0_, product0_.stockproduct as stockpro4_3_0_ from Product product0_ where product0_.idproduct=?
10:08:06.183 [main] DEBUG org.hibernate.loader.Loader - Static select for action ACTION_MERGE on entity com.joseph.entity.Product: select product0_.idproduct as idproduc1_3_1_, product0_.nameproduct as nameprod2_3_1_, product0_.priceproduct as pricepro3_3_1_, product0_.stockproduct as stockpro4_3_1_, orderitems1_.idproduct as idproduc4_2_3_, orderitems1_.id as id1_2_3_, orderitems1_.id as id1_2_0_, orderitems1_.idorder as idorder3_2_0_, orderitems1_.idproduct as idproduc4_2_0_, orderitems1_.quantity as quantity2_2_0_ from Product product0_ left outer join orderitems orderitems1_ on product0_.idproduct=orderitems1_.idproduct where product0_.idproduct=?
10:08:06.187 [main] DEBUG org.hibernate.loader.Loader - Static select for action ACTION_REFRESH on entity com.joseph.entity.Product: select product0_.idproduct as idproduc1_3_1_, product0_.nameproduct as nameprod2_3_1_, product0_.priceproduct as pricepro3_3_1_, product0_.stockproduct as stockpro4_3_1_, orderitems1_.idproduct as idproduc4_2_3_, orderitems1_.id as id1_2_3_, orderitems1_.id as id1_2_0_, orderitems1_.idorder as idorder3_2_0_, orderitems1_.idproduct as idproduc4_2_0_, orderitems1_.quantity as quantity2_2_0_ from Product product0_ left outer join orderitems orderitems1_ on product0_.idproduct=orderitems1_.idproduct where product0_.idproduct=?
10:08:06.191 [main] DEBUG org.hibernate.persister.entity.AbstractEntityPersister - Static SQL for entity: com.joseph.entity.OrderItem
10:08:06.191 [main] DEBUG org.hibernate.persister.entity.AbstractEntityPersister -  Version select: select id from orderitems where id =?
10:08:06.191 [main] DEBUG org.hibernate.persister.entity.AbstractEntityPersister -  Snapshot select: select orderitem_.id, orderitem_.idorder as idorder3_2_, orderitem_.idproduct as idproduc4_2_, orderitem_.quantity as quantity2_2_ from orderitems orderitem_ where orderitem_.id=?
10:08:06.191 [main] DEBUG org.hibernate.persister.entity.AbstractEntityPersister -  Insert 0: insert into orderitems (idorder, idproduct, quantity, id) values (?, ?, ?, ?)
10:08:06.191 [main] DEBUG org.hibernate.persister.entity.AbstractEntityPersister -  Update 0: update orderitems set idorder=?, idproduct=?, quantity=? where id=?
10:08:06.191 [main] DEBUG org.hibernate.persister.entity.AbstractEntityPersister -  Delete 0: delete from orderitems where id=?
10:08:06.191 [main] DEBUG org.hibernate.persister.entity.AbstractEntityPersister -  Identity insert: insert into orderitems (idorder, idproduct, quantity) values (?, ?, ?)
10:08:06.191 [main] DEBUG org.hibernate.loader.plan.build.internal.spaces.QuerySpacesImpl - Adding QuerySpace : uid = <gen:0> -> org.hibernate.loader.plan.build.internal.spaces.EntityQuerySpaceImpl@546e61d5]
10:08:06.192 [main] DEBUG org.hibernate.persister.walking.spi.MetamodelGraphWalker - Visiting attribute path : order
10:08:06.195 [main] DEBUG org.hibernate.loader.plan.build.internal.spaces.QuerySpacesImpl - Adding QuerySpace : uid = <gen:1> -> org.hibernate.loader.plan.build.internal.spaces.EntityQuerySpaceImpl@60783105]
10:08:06.196 [main] DEBUG org.hibernate.persister.walking.spi.MetamodelGraphWalker - Visiting attribute path : order.client
10:08:06.196 [main] DEBUG org.hibernate.loader.plan.build.internal.spaces.QuerySpacesImpl - Adding QuerySpace : uid = <gen:2> -> org.hibernate.loader.plan.build.internal.spaces.EntityQuerySpaceImpl@35d5ac51]
10:08:06.196 [main] DEBUG org.hibernate.persister.walking.spi.MetamodelGraphWalker - Visiting attribute path : order.client.emailclient
10:08:06.197 [main] DEBUG org.hibernate.persister.walking.spi.MetamodelGraphWalker - Visiting attribute path : order.client.nameclient
10:08:06.201 [main] DEBUG org.hibernate.persister.walking.spi.MetamodelGraphWalker - Visiting attribute path : order.client.orders
10:08:06.201 [main] DEBUG org.hibernate.persister.walking.spi.MetamodelGraphWalker - Property path deemed to be circular : order.client.orders
10:08:06.201 [main] DEBUG org.hibernate.persister.walking.spi.MetamodelGraphWalker - Visiting attribute path : order.dateorder
10:08:06.201 [main] DEBUG org.hibernate.persister.walking.spi.MetamodelGraphWalker - Visiting attribute path : order.orderItems
10:08:06.201 [main] DEBUG org.hibernate.persister.walking.spi.MetamodelGraphWalker - Property path deemed to be circular : order.orderItems
10:08:06.201 [main] DEBUG org.hibernate.persister.walking.spi.MetamodelGraphWalker - Visiting attribute path : order.statusorder
10:08:06.201 [main] DEBUG org.hibernate.persister.walking.spi.MetamodelGraphWalker - Visiting attribute path : order.totalorder
10:08:06.201 [main] DEBUG org.hibernate.persister.walking.spi.MetamodelGraphWalker - Visiting attribute path : product
10:08:06.201 [main] DEBUG org.hibernate.loader.plan.build.internal.spaces.QuerySpacesImpl - Adding QuerySpace : uid = <gen:3> -> org.hibernate.loader.plan.build.internal.spaces.EntityQuerySpaceImpl@2a3194c6]
10:08:06.201 [main] DEBUG org.hibernate.persister.walking.spi.MetamodelGraphWalker - Visiting attribute path : product.nameproduct
10:08:06.202 [main] DEBUG org.hibernate.persister.walking.spi.MetamodelGraphWalker - Visiting attribute path : product.orderItems
10:08:06.202 [main] DEBUG org.hibernate.persister.walking.spi.MetamodelGraphWalker - Property path deemed to be circular : product.orderItems
10:08:06.202 [main] DEBUG org.hibernate.persister.walking.spi.MetamodelGraphWalker - Visiting attribute path : product.priceproduct
10:08:06.202 [main] DEBUG org.hibernate.persister.walking.spi.MetamodelGraphWalker - Visiting attribute path : product.stockproduct
10:08:06.202 [main] DEBUG org.hibernate.persister.walking.spi.MetamodelGraphWalker - Visiting attribute path : quantity
10:08:06.202 [main] DEBUG org.hibernate.loader.plan.build.internal.FetchStyleLoadPlanBuildingAssociationVisitationStrategy - Building LoadPlan...
10:08:06.202 [main] DEBUG org.hibernate.loader.plan.exec.internal.LoadQueryJoinAndFetchProcessor - processing queryspace <gen:0>
10:08:06.206 [main] DEBUG org.hibernate.loader.plan.build.spi.LoadPlanTreePrinter - LoadPlan(entity=com.joseph.entity.OrderItem)
    - Returns
       - EntityReturnImpl(entity=com.joseph.entity.OrderItem, querySpaceUid=<gen:0>, path=com.joseph.entity.OrderItem)
          - EntityAttributeFetchImpl(entity=com.joseph.entity.Order, querySpaceUid=<gen:1>, path=com.joseph.entity.OrderItem.order)
             - EntityAttributeFetchImpl(entity=com.joseph.entity.Client, querySpaceUid=<gen:2>, path=com.joseph.entity.OrderItem.order.client)
          - EntityAttributeFetchImpl(entity=com.joseph.entity.Product, querySpaceUid=<gen:3>, path=com.joseph.entity.OrderItem.product)
    - QuerySpaces
       - EntityQuerySpaceImpl(uid=<gen:0>, entity=com.joseph.entity.OrderItem)
          - SQL table alias mapping - orderitem0_
          - alias suffix - 0_
          - suffixed key columns - {id1_2_0_}
          - JOIN (JoinDefinedByMetadata(order)) : <gen:0> -> <gen:1>
             - EntityQuerySpaceImpl(uid=<gen:1>, entity=com.joseph.entity.Order)
                - SQL table alias mapping - order1_
                - alias suffix - 1_
                - suffixed key columns - {idorder1_1_1_}
                - JOIN (JoinDefinedByMetadata(client)) : <gen:1> -> <gen:2>
                   - EntityQuerySpaceImpl(uid=<gen:2>, entity=com.joseph.entity.Client)
                      - SQL table alias mapping - client2_
                      - alias suffix - 2_
                      - suffixed key columns - {idclient1_0_2_}
          - JOIN (JoinDefinedByMetadata(product)) : <gen:0> -> <gen:3>
             - EntityQuerySpaceImpl(uid=<gen:3>, entity=com.joseph.entity.Product)
                - SQL table alias mapping - product3_
                - alias suffix - 3_
                - suffixed key columns - {idproduc1_3_3_}

10:08:06.206 [main] DEBUG org.hibernate.loader.entity.plan.EntityLoader - Static select for entity com.joseph.entity.OrderItem [NONE]: select orderitem0_.id as id1_2_0_, orderitem0_.idorder as idorder3_2_0_, orderitem0_.idproduct as idproduc4_2_0_, orderitem0_.quantity as quantity2_2_0_, order1_.idorder as idorder1_1_1_, order1_.idclient as idclient5_1_1_, order1_.dateorder as dateorde2_1_1_, order1_.statusorder as statusor3_1_1_, order1_.totalorder as totalord4_1_1_, client2_.idclient as idclient1_0_2_, client2_.emailclient as emailcli2_0_2_, client2_.nameclient as nameclie3_0_2_, product3_.idproduct as idproduc1_3_3_, product3_.nameproduct as nameprod2_3_3_, product3_.priceproduct as pricepro3_3_3_, product3_.stockproduct as stockpro4_3_3_ from orderitems orderitem0_ left outer join order_table order1_ on orderitem0_.idorder=order1_.idorder left outer join client client2_ on order1_.idclient=client2_.idclient left outer join Product product3_ on orderitem0_.idproduct=product3_.idproduct where orderitem0_.id=?
10:08:06.206 [main] DEBUG org.hibernate.loader.plan.build.internal.spaces.QuerySpacesImpl - Adding QuerySpace : uid = <gen:0> -> org.hibernate.loader.plan.build.internal.spaces.EntityQuerySpaceImpl@30364216]
10:08:06.207 [main] DEBUG org.hibernate.persister.walking.spi.MetamodelGraphWalker - Visiting attribute path : order
10:08:06.208 [main] DEBUG org.hibernate.loader.plan.build.internal.spaces.QuerySpacesImpl - Adding QuerySpace : uid = <gen:1> -> org.hibernate.loader.plan.build.internal.spaces.EntityQuerySpaceImpl@1e8ab90f]
10:08:06.208 [main] DEBUG org.hibernate.persister.walking.spi.MetamodelGraphWalker - Visiting attribute path : order.client
10:08:06.208 [main] DEBUG org.hibernate.loader.plan.build.internal.spaces.QuerySpacesImpl - Adding QuerySpace : uid = <gen:2> -> org.hibernate.loader.plan.build.internal.spaces.EntityQuerySpaceImpl@7a729f84]
10:08:06.209 [main] DEBUG org.hibernate.persister.walking.spi.MetamodelGraphWalker - Visiting attribute path : order.client.emailclient
10:08:06.209 [main] DEBUG org.hibernate.persister.walking.spi.MetamodelGraphWalker - Visiting attribute path : order.client.nameclient
10:08:06.209 [main] DEBUG org.hibernate.persister.walking.spi.MetamodelGraphWalker - Visiting attribute path : order.client.orders
10:08:06.209 [main] DEBUG org.hibernate.persister.walking.spi.MetamodelGraphWalker - Property path deemed to be circular : order.client.orders
10:08:06.210 [main] DEBUG org.hibernate.persister.walking.spi.MetamodelGraphWalker - Visiting attribute path : order.dateorder
10:08:06.210 [main] DEBUG org.hibernate.persister.walking.spi.MetamodelGraphWalker - Visiting attribute path : order.orderItems
10:08:06.210 [main] DEBUG org.hibernate.persister.walking.spi.MetamodelGraphWalker - Property path deemed to be circular : order.orderItems
10:08:06.210 [main] DEBUG org.hibernate.persister.walking.spi.MetamodelGraphWalker - Visiting attribute path : order.statusorder
10:08:06.210 [main] DEBUG org.hibernate.persister.walking.spi.MetamodelGraphWalker - Visiting attribute path : order.totalorder
10:08:06.210 [main] DEBUG org.hibernate.persister.walking.spi.MetamodelGraphWalker - Visiting attribute path : product
10:08:06.210 [main] DEBUG org.hibernate.loader.plan.build.internal.spaces.QuerySpacesImpl - Adding QuerySpace : uid = <gen:3> -> org.hibernate.loader.plan.build.internal.spaces.EntityQuerySpaceImpl@554f0dfb]
10:08:06.211 [main] DEBUG org.hibernate.persister.walking.spi.MetamodelGraphWalker - Visiting attribute path : product.nameproduct
10:08:06.211 [main] DEBUG org.hibernate.persister.walking.spi.MetamodelGraphWalker - Visiting attribute path : product.orderItems
10:08:06.211 [main] DEBUG org.hibernate.persister.walking.spi.MetamodelGraphWalker - Property path deemed to be circular : product.orderItems
10:08:06.211 [main] DEBUG org.hibernate.persister.walking.spi.MetamodelGraphWalker - Visiting attribute path : product.priceproduct
10:08:06.211 [main] DEBUG org.hibernate.persister.walking.spi.MetamodelGraphWalker - Visiting attribute path : product.stockproduct
10:08:06.212 [main] DEBUG org.hibernate.persister.walking.spi.MetamodelGraphWalker - Visiting attribute path : quantity
10:08:06.214 [main] DEBUG org.hibernate.loader.plan.build.internal.FetchStyleLoadPlanBuildingAssociationVisitationStrategy - Building LoadPlan...
10:08:06.215 [main] DEBUG org.hibernate.loader.plan.exec.internal.LoadQueryJoinAndFetchProcessor - processing queryspace <gen:0>
10:08:06.219 [main] DEBUG org.hibernate.loader.plan.build.spi.LoadPlanTreePrinter - LoadPlan(entity=com.joseph.entity.OrderItem)
    - Returns
       - EntityReturnImpl(entity=com.joseph.entity.OrderItem, querySpaceUid=<gen:0>, path=com.joseph.entity.OrderItem)
          - EntityAttributeFetchImpl(entity=com.joseph.entity.Order, querySpaceUid=<gen:1>, path=com.joseph.entity.OrderItem.order)
             - EntityAttributeFetchImpl(entity=com.joseph.entity.Client, querySpaceUid=<gen:2>, path=com.joseph.entity.OrderItem.order.client)
          - EntityAttributeFetchImpl(entity=com.joseph.entity.Product, querySpaceUid=<gen:3>, path=com.joseph.entity.OrderItem.product)
    - QuerySpaces
       - EntityQuerySpaceImpl(uid=<gen:0>, entity=com.joseph.entity.OrderItem)
          - SQL table alias mapping - orderitem0_
          - alias suffix - 0_
          - suffixed key columns - {id1_2_0_}
          - JOIN (JoinDefinedByMetadata(order)) : <gen:0> -> <gen:1>
             - EntityQuerySpaceImpl(uid=<gen:1>, entity=com.joseph.entity.Order)
                - SQL table alias mapping - order1_
                - alias suffix - 1_
                - suffixed key columns - {idorder1_1_1_}
                - JOIN (JoinDefinedByMetadata(client)) : <gen:1> -> <gen:2>
                   - EntityQuerySpaceImpl(uid=<gen:2>, entity=com.joseph.entity.Client)
                      - SQL table alias mapping - client2_
                      - alias suffix - 2_
                      - suffixed key columns - {idclient1_0_2_}
          - JOIN (JoinDefinedByMetadata(product)) : <gen:0> -> <gen:3>
             - EntityQuerySpaceImpl(uid=<gen:3>, entity=com.joseph.entity.Product)
                - SQL table alias mapping - product3_
                - alias suffix - 3_
                - suffixed key columns - {idproduc1_3_3_}

10:08:06.220 [main] DEBUG org.hibernate.loader.entity.plan.EntityLoader - Static select for entity com.joseph.entity.OrderItem [READ]: select orderitem0_.id as id1_2_0_, orderitem0_.idorder as idorder3_2_0_, orderitem0_.idproduct as idproduc4_2_0_, orderitem0_.quantity as quantity2_2_0_, order1_.idorder as idorder1_1_1_, order1_.idclient as idclient5_1_1_, order1_.dateorder as dateorde2_1_1_, order1_.statusorder as statusor3_1_1_, order1_.totalorder as totalord4_1_1_, client2_.idclient as idclient1_0_2_, client2_.emailclient as emailcli2_0_2_, client2_.nameclient as nameclie3_0_2_, product3_.idproduct as idproduc1_3_3_, product3_.nameproduct as nameprod2_3_3_, product3_.priceproduct as pricepro3_3_3_, product3_.stockproduct as stockpro4_3_3_ from orderitems orderitem0_ left outer join order_table order1_ on orderitem0_.idorder=order1_.idorder left outer join client client2_ on order1_.idclient=client2_.idclient left outer join Product product3_ on orderitem0_.idproduct=product3_.idproduct where orderitem0_.id=?
10:08:06.220 [main] DEBUG org.hibernate.loader.plan.build.internal.spaces.QuerySpacesImpl - Adding QuerySpace : uid = <gen:0> -> org.hibernate.loader.plan.build.internal.spaces.EntityQuerySpaceImpl@71904469]
10:08:06.220 [main] DEBUG org.hibernate.persister.walking.spi.MetamodelGraphWalker - Visiting attribute path : order
10:08:06.220 [main] DEBUG org.hibernate.loader.plan.build.internal.spaces.QuerySpacesImpl - Adding QuerySpace : uid = <gen:1> -> org.hibernate.loader.plan.build.internal.spaces.EntityQuerySpaceImpl@761e788f]
10:08:06.220 [main] DEBUG org.hibernate.persister.walking.spi.MetamodelGraphWalker - Visiting attribute path : product
10:08:06.220 [main] DEBUG org.hibernate.loader.plan.build.internal.spaces.QuerySpacesImpl - Adding QuerySpace : uid = <gen:2> -> org.hibernate.loader.plan.build.internal.spaces.EntityQuerySpaceImpl@6a472566]
10:08:06.221 [main] DEBUG org.hibernate.persister.walking.spi.MetamodelGraphWalker - Visiting attribute path : quantity
10:08:06.221 [main] DEBUG org.hibernate.loader.plan.build.internal.FetchStyleLoadPlanBuildingAssociationVisitationStrategy - Building LoadPlan...
10:08:06.221 [main] DEBUG org.hibernate.loader.plan.exec.internal.LoadQueryJoinAndFetchProcessor - processing queryspace <gen:0>
10:08:06.222 [main] DEBUG org.hibernate.loader.plan.build.spi.LoadPlanTreePrinter - LoadPlan(entity=com.joseph.entity.OrderItem)
    - Returns
       - EntityReturnImpl(entity=com.joseph.entity.OrderItem, querySpaceUid=<gen:0>, path=com.joseph.entity.OrderItem)
          - EntityAttributeFetchImpl(entity=com.joseph.entity.Order, querySpaceUid=<gen:1>, path=com.joseph.entity.OrderItem.order)
          - EntityAttributeFetchImpl(entity=com.joseph.entity.Product, querySpaceUid=<gen:2>, path=com.joseph.entity.OrderItem.product)
    - QuerySpaces
       - EntityQuerySpaceImpl(uid=<gen:0>, entity=com.joseph.entity.OrderItem)
          - SQL table alias mapping - orderitem0_
          - alias suffix - 0_
          - suffixed key columns - {id1_2_0_}

10:08:06.222 [main] DEBUG org.hibernate.loader.entity.plan.EntityLoader - Static select for entity com.joseph.entity.OrderItem [UPGRADE]: select orderitem0_.id as id1_2_0_, orderitem0_.idorder as idorder3_2_0_, orderitem0_.idproduct as idproduc4_2_0_, orderitem0_.quantity as quantity2_2_0_ from orderitems orderitem0_ where orderitem0_.id=? for update
10:08:06.223 [main] DEBUG org.hibernate.loader.plan.build.internal.spaces.QuerySpacesImpl - Adding QuerySpace : uid = <gen:0> -> org.hibernate.loader.plan.build.internal.spaces.EntityQuerySpaceImpl@1907874b]
10:08:06.223 [main] DEBUG org.hibernate.persister.walking.spi.MetamodelGraphWalker - Visiting attribute path : order
10:08:06.223 [main] DEBUG org.hibernate.loader.plan.build.internal.spaces.QuerySpacesImpl - Adding QuerySpace : uid = <gen:1> -> org.hibernate.loader.plan.build.internal.spaces.EntityQuerySpaceImpl@5b3a7ef5]
10:08:06.223 [main] DEBUG org.hibernate.persister.walking.spi.MetamodelGraphWalker - Visiting attribute path : product
10:08:06.223 [main] DEBUG org.hibernate.loader.plan.build.internal.spaces.QuerySpacesImpl - Adding QuerySpace : uid = <gen:2> -> org.hibernate.loader.plan.build.internal.spaces.EntityQuerySpaceImpl@8851ce1]
10:08:06.223 [main] DEBUG org.hibernate.persister.walking.spi.MetamodelGraphWalker - Visiting attribute path : quantity
10:08:06.223 [main] DEBUG org.hibernate.loader.plan.build.internal.FetchStyleLoadPlanBuildingAssociationVisitationStrategy - Building LoadPlan...
10:08:06.224 [main] DEBUG org.hibernate.loader.plan.exec.internal.LoadQueryJoinAndFetchProcessor - processing queryspace <gen:0>
10:08:06.225 [main] DEBUG org.hibernate.loader.plan.build.spi.LoadPlanTreePrinter - LoadPlan(entity=com.joseph.entity.OrderItem)
    - Returns
       - EntityReturnImpl(entity=com.joseph.entity.OrderItem, querySpaceUid=<gen:0>, path=com.joseph.entity.OrderItem)
          - EntityAttributeFetchImpl(entity=com.joseph.entity.Order, querySpaceUid=<gen:1>, path=com.joseph.entity.OrderItem.order)
          - EntityAttributeFetchImpl(entity=com.joseph.entity.Product, querySpaceUid=<gen:2>, path=com.joseph.entity.OrderItem.product)
    - QuerySpaces
       - EntityQuerySpaceImpl(uid=<gen:0>, entity=com.joseph.entity.OrderItem)
          - SQL table alias mapping - orderitem0_
          - alias suffix - 0_
          - suffixed key columns - {id1_2_0_}

10:08:06.225 [main] DEBUG org.hibernate.loader.entity.plan.EntityLoader - Static select for entity com.joseph.entity.OrderItem [UPGRADE_NOWAIT]: select orderitem0_.id as id1_2_0_, orderitem0_.idorder as idorder3_2_0_, orderitem0_.idproduct as idproduc4_2_0_, orderitem0_.quantity as quantity2_2_0_ from orderitems orderitem0_ where orderitem0_.id=? for update
10:08:06.226 [main] DEBUG org.hibernate.loader.plan.build.internal.spaces.QuerySpacesImpl - Adding QuerySpace : uid = <gen:0> -> org.hibernate.loader.plan.build.internal.spaces.EntityQuerySpaceImpl@2d9dff65]
10:08:06.227 [main] DEBUG org.hibernate.persister.walking.spi.MetamodelGraphWalker - Visiting attribute path : order
10:08:06.227 [main] DEBUG org.hibernate.loader.plan.build.internal.spaces.QuerySpacesImpl - Adding QuerySpace : uid = <gen:1> -> org.hibernate.loader.plan.build.internal.spaces.EntityQuerySpaceImpl@5633ed82]
10:08:06.228 [main] DEBUG org.hibernate.persister.walking.spi.MetamodelGraphWalker - Visiting attribute path : product
10:08:06.228 [main] DEBUG org.hibernate.loader.plan.build.internal.spaces.QuerySpacesImpl - Adding QuerySpace : uid = <gen:2> -> org.hibernate.loader.plan.build.internal.spaces.EntityQuerySpaceImpl@767191b1]
10:08:06.228 [main] DEBUG org.hibernate.persister.walking.spi.MetamodelGraphWalker - Visiting attribute path : quantity
10:08:06.230 [main] DEBUG org.hibernate.loader.plan.build.internal.FetchStyleLoadPlanBuildingAssociationVisitationStrategy - Building LoadPlan...
10:08:06.232 [main] DEBUG org.hibernate.loader.plan.exec.internal.LoadQueryJoinAndFetchProcessor - processing queryspace <gen:0>
10:08:06.232 [main] DEBUG org.hibernate.loader.plan.build.spi.LoadPlanTreePrinter - LoadPlan(entity=com.joseph.entity.OrderItem)
    - Returns
       - EntityReturnImpl(entity=com.joseph.entity.OrderItem, querySpaceUid=<gen:0>, path=com.joseph.entity.OrderItem)
          - EntityAttributeFetchImpl(entity=com.joseph.entity.Order, querySpaceUid=<gen:1>, path=com.joseph.entity.OrderItem.order)
          - EntityAttributeFetchImpl(entity=com.joseph.entity.Product, querySpaceUid=<gen:2>, path=com.joseph.entity.OrderItem.product)
    - QuerySpaces
       - EntityQuerySpaceImpl(uid=<gen:0>, entity=com.joseph.entity.OrderItem)
          - SQL table alias mapping - orderitem0_
          - alias suffix - 0_
          - suffixed key columns - {id1_2_0_}

10:08:06.233 [main] DEBUG org.hibernate.loader.entity.plan.EntityLoader - Static select for entity com.joseph.entity.OrderItem [UPGRADE_SKIPLOCKED]: select orderitem0_.id as id1_2_0_, orderitem0_.idorder as idorder3_2_0_, orderitem0_.idproduct as idproduc4_2_0_, orderitem0_.quantity as quantity2_2_0_ from orderitems orderitem0_ where orderitem0_.id=? for update
10:08:06.233 [main] DEBUG org.hibernate.loader.plan.build.internal.spaces.QuerySpacesImpl - Adding QuerySpace : uid = <gen:0> -> org.hibernate.loader.plan.build.internal.spaces.EntityQuerySpaceImpl@34d52ecd]
10:08:06.234 [main] DEBUG org.hibernate.persister.walking.spi.MetamodelGraphWalker - Visiting attribute path : order
10:08:06.236 [main] DEBUG org.hibernate.loader.plan.build.internal.spaces.QuerySpacesImpl - Adding QuerySpace : uid = <gen:1> -> org.hibernate.loader.plan.build.internal.spaces.EntityQuerySpaceImpl@14b789f6]
10:08:06.237 [main] DEBUG org.hibernate.persister.walking.spi.MetamodelGraphWalker - Visiting attribute path : product
10:08:06.237 [main] DEBUG org.hibernate.loader.plan.build.internal.spaces.QuerySpacesImpl - Adding QuerySpace : uid = <gen:2> -> org.hibernate.loader.plan.build.internal.spaces.EntityQuerySpaceImpl@6eb17ec8]
10:08:06.237 [main] DEBUG org.hibernate.persister.walking.spi.MetamodelGraphWalker - Visiting attribute path : quantity
10:08:06.238 [main] DEBUG org.hibernate.loader.plan.build.internal.FetchStyleLoadPlanBuildingAssociationVisitationStrategy - Building LoadPlan...
10:08:06.238 [main] DEBUG org.hibernate.loader.plan.exec.internal.LoadQueryJoinAndFetchProcessor - processing queryspace <gen:0>
10:08:06.239 [main] DEBUG org.hibernate.loader.plan.build.spi.LoadPlanTreePrinter - LoadPlan(entity=com.joseph.entity.OrderItem)
    - Returns
       - EntityReturnImpl(entity=com.joseph.entity.OrderItem, querySpaceUid=<gen:0>, path=com.joseph.entity.OrderItem)
          - EntityAttributeFetchImpl(entity=com.joseph.entity.Order, querySpaceUid=<gen:1>, path=com.joseph.entity.OrderItem.order)
          - EntityAttributeFetchImpl(entity=com.joseph.entity.Product, querySpaceUid=<gen:2>, path=com.joseph.entity.OrderItem.product)
    - QuerySpaces
       - EntityQuerySpaceImpl(uid=<gen:0>, entity=com.joseph.entity.OrderItem)
          - SQL table alias mapping - orderitem0_
          - alias suffix - 0_
          - suffixed key columns - {id1_2_0_}

10:08:06.239 [main] DEBUG org.hibernate.loader.entity.plan.EntityLoader - Static select for entity com.joseph.entity.OrderItem [FORCE]: select orderitem0_.id as id1_2_0_, orderitem0_.idorder as idorder3_2_0_, orderitem0_.idproduct as idproduc4_2_0_, orderitem0_.quantity as quantity2_2_0_ from orderitems orderitem0_ where orderitem0_.id=? for update
10:08:06.239 [main] DEBUG org.hibernate.loader.plan.build.internal.spaces.QuerySpacesImpl - Adding QuerySpace : uid = <gen:0> -> org.hibernate.loader.plan.build.internal.spaces.EntityQuerySpaceImpl@730f9695]
10:08:06.240 [main] DEBUG org.hibernate.persister.walking.spi.MetamodelGraphWalker - Visiting attribute path : order
10:08:06.240 [main] DEBUG org.hibernate.loader.plan.build.internal.spaces.QuerySpacesImpl - Adding QuerySpace : uid = <gen:1> -> org.hibernate.loader.plan.build.internal.spaces.EntityQuerySpaceImpl@fab35b1]
10:08:06.241 [main] DEBUG org.hibernate.persister.walking.spi.MetamodelGraphWalker - Visiting attribute path : product
10:08:06.241 [main] DEBUG org.hibernate.loader.plan.build.internal.spaces.QuerySpacesImpl - Adding QuerySpace : uid = <gen:2> -> org.hibernate.loader.plan.build.internal.spaces.EntityQuerySpaceImpl@6a094db2]
10:08:06.241 [main] DEBUG org.hibernate.persister.walking.spi.MetamodelGraphWalker - Visiting attribute path : quantity
10:08:06.241 [main] DEBUG org.hibernate.loader.plan.build.internal.FetchStyleLoadPlanBuildingAssociationVisitationStrategy - Building LoadPlan...
10:08:06.243 [main] DEBUG org.hibernate.loader.plan.exec.internal.LoadQueryJoinAndFetchProcessor - processing queryspace <gen:0>
10:08:06.244 [main] DEBUG org.hibernate.loader.plan.build.spi.LoadPlanTreePrinter - LoadPlan(entity=com.joseph.entity.OrderItem)
    - Returns
       - EntityReturnImpl(entity=com.joseph.entity.OrderItem, querySpaceUid=<gen:0>, path=com.joseph.entity.OrderItem)
          - EntityAttributeFetchImpl(entity=com.joseph.entity.Order, querySpaceUid=<gen:1>, path=com.joseph.entity.OrderItem.order)
          - EntityAttributeFetchImpl(entity=com.joseph.entity.Product, querySpaceUid=<gen:2>, path=com.joseph.entity.OrderItem.product)
    - QuerySpaces
       - EntityQuerySpaceImpl(uid=<gen:0>, entity=com.joseph.entity.OrderItem)
          - SQL table alias mapping - orderitem0_
          - alias suffix - 0_
          - suffixed key columns - {id1_2_0_}

10:08:06.244 [main] DEBUG org.hibernate.loader.entity.plan.EntityLoader - Static select for entity com.joseph.entity.OrderItem [PESSIMISTIC_READ]: select orderitem0_.id as id1_2_0_, orderitem0_.idorder as idorder3_2_0_, orderitem0_.idproduct as idproduc4_2_0_, orderitem0_.quantity as quantity2_2_0_ from orderitems orderitem0_ where orderitem0_.id=? lock in share mode
10:08:06.244 [main] DEBUG org.hibernate.loader.plan.build.internal.spaces.QuerySpacesImpl - Adding QuerySpace : uid = <gen:0> -> org.hibernate.loader.plan.build.internal.spaces.EntityQuerySpaceImpl@65bdd558]
10:08:06.244 [main] DEBUG org.hibernate.persister.walking.spi.MetamodelGraphWalker - Visiting attribute path : order
10:08:06.244 [main] DEBUG org.hibernate.loader.plan.build.internal.spaces.QuerySpacesImpl - Adding QuerySpace : uid = <gen:1> -> org.hibernate.loader.plan.build.internal.spaces.EntityQuerySpaceImpl@4beaf6bd]
10:08:06.244 [main] DEBUG org.hibernate.persister.walking.spi.MetamodelGraphWalker - Visiting attribute path : product
10:08:06.244 [main] DEBUG org.hibernate.loader.plan.build.internal.spaces.QuerySpacesImpl - Adding QuerySpace : uid = <gen:2> -> org.hibernate.loader.plan.build.internal.spaces.EntityQuerySpaceImpl@6b2e46af]
10:08:06.245 [main] DEBUG org.hibernate.persister.walking.spi.MetamodelGraphWalker - Visiting attribute path : quantity
10:08:06.245 [main] DEBUG org.hibernate.loader.plan.build.internal.FetchStyleLoadPlanBuildingAssociationVisitationStrategy - Building LoadPlan...
10:08:06.246 [main] DEBUG org.hibernate.loader.plan.exec.internal.LoadQueryJoinAndFetchProcessor - processing queryspace <gen:0>
10:08:06.248 [main] DEBUG org.hibernate.loader.plan.build.spi.LoadPlanTreePrinter - LoadPlan(entity=com.joseph.entity.OrderItem)
    - Returns
       - EntityReturnImpl(entity=com.joseph.entity.OrderItem, querySpaceUid=<gen:0>, path=com.joseph.entity.OrderItem)
          - EntityAttributeFetchImpl(entity=com.joseph.entity.Order, querySpaceUid=<gen:1>, path=com.joseph.entity.OrderItem.order)
          - EntityAttributeFetchImpl(entity=com.joseph.entity.Product, querySpaceUid=<gen:2>, path=com.joseph.entity.OrderItem.product)
    - QuerySpaces
       - EntityQuerySpaceImpl(uid=<gen:0>, entity=com.joseph.entity.OrderItem)
          - SQL table alias mapping - orderitem0_
          - alias suffix - 0_
          - suffixed key columns - {id1_2_0_}

10:08:06.250 [main] DEBUG org.hibernate.loader.entity.plan.EntityLoader - Static select for entity com.joseph.entity.OrderItem [PESSIMISTIC_WRITE]: select orderitem0_.id as id1_2_0_, orderitem0_.idorder as idorder3_2_0_, orderitem0_.idproduct as idproduc4_2_0_, orderitem0_.quantity as quantity2_2_0_ from orderitems orderitem0_ where orderitem0_.id=? for update
10:08:06.251 [main] DEBUG org.hibernate.loader.plan.build.internal.spaces.QuerySpacesImpl - Adding QuerySpace : uid = <gen:0> -> org.hibernate.loader.plan.build.internal.spaces.EntityQuerySpaceImpl@60325987]
10:08:06.251 [main] DEBUG org.hibernate.persister.walking.spi.MetamodelGraphWalker - Visiting attribute path : order
10:08:06.254 [main] DEBUG org.hibernate.loader.plan.build.internal.spaces.QuerySpacesImpl - Adding QuerySpace : uid = <gen:1> -> org.hibernate.loader.plan.build.internal.spaces.EntityQuerySpaceImpl@3374b5bc]
10:08:06.254 [main] DEBUG org.hibernate.persister.walking.spi.MetamodelGraphWalker - Visiting attribute path : product
10:08:06.254 [main] DEBUG org.hibernate.loader.plan.build.internal.spaces.QuerySpacesImpl - Adding QuerySpace : uid = <gen:2> -> org.hibernate.loader.plan.build.internal.spaces.EntityQuerySpaceImpl@2af69643]
10:08:06.254 [main] DEBUG org.hibernate.persister.walking.spi.MetamodelGraphWalker - Visiting attribute path : quantity
10:08:06.255 [main] DEBUG org.hibernate.loader.plan.build.internal.FetchStyleLoadPlanBuildingAssociationVisitationStrategy - Building LoadPlan...
10:08:06.255 [main] DEBUG org.hibernate.loader.plan.exec.internal.LoadQueryJoinAndFetchProcessor - processing queryspace <gen:0>
10:08:06.256 [main] DEBUG org.hibernate.loader.plan.build.spi.LoadPlanTreePrinter - LoadPlan(entity=com.joseph.entity.OrderItem)
    - Returns
       - EntityReturnImpl(entity=com.joseph.entity.OrderItem, querySpaceUid=<gen:0>, path=com.joseph.entity.OrderItem)
          - EntityAttributeFetchImpl(entity=com.joseph.entity.Order, querySpaceUid=<gen:1>, path=com.joseph.entity.OrderItem.order)
          - EntityAttributeFetchImpl(entity=com.joseph.entity.Product, querySpaceUid=<gen:2>, path=com.joseph.entity.OrderItem.product)
    - QuerySpaces
       - EntityQuerySpaceImpl(uid=<gen:0>, entity=com.joseph.entity.OrderItem)
          - SQL table alias mapping - orderitem0_
          - alias suffix - 0_
          - suffixed key columns - {id1_2_0_}

10:08:06.256 [main] DEBUG org.hibernate.loader.entity.plan.EntityLoader - Static select for entity com.joseph.entity.OrderItem [PESSIMISTIC_FORCE_INCREMENT]: select orderitem0_.id as id1_2_0_, orderitem0_.idorder as idorder3_2_0_, orderitem0_.idproduct as idproduc4_2_0_, orderitem0_.quantity as quantity2_2_0_ from orderitems orderitem0_ where orderitem0_.id=? for update
10:08:06.256 [main] DEBUG org.hibernate.loader.plan.build.internal.spaces.QuerySpacesImpl - Adding QuerySpace : uid = <gen:0> -> org.hibernate.loader.plan.build.internal.spaces.EntityQuerySpaceImpl@587a1cfb]
10:08:06.256 [main] DEBUG org.hibernate.persister.walking.spi.MetamodelGraphWalker - Visiting attribute path : order
10:08:06.256 [main] DEBUG org.hibernate.loader.plan.build.internal.spaces.QuerySpacesImpl - Adding QuerySpace : uid = <gen:1> -> org.hibernate.loader.plan.build.internal.spaces.EntityQuerySpaceImpl@5e1d03d7]
10:08:06.256 [main] DEBUG org.hibernate.persister.walking.spi.MetamodelGraphWalker - Visiting attribute path : product
10:08:06.264 [main] DEBUG org.hibernate.loader.plan.build.internal.spaces.QuerySpacesImpl - Adding QuerySpace : uid = <gen:2> -> org.hibernate.loader.plan.build.internal.spaces.EntityQuerySpaceImpl@4047d2d9]
10:08:06.265 [main] DEBUG org.hibernate.persister.walking.spi.MetamodelGraphWalker - Visiting attribute path : quantity
10:08:06.265 [main] DEBUG org.hibernate.loader.plan.build.internal.FetchStyleLoadPlanBuildingAssociationVisitationStrategy - Building LoadPlan...
10:08:06.266 [main] DEBUG org.hibernate.loader.plan.exec.internal.LoadQueryJoinAndFetchProcessor - processing queryspace <gen:0>
10:08:06.268 [main] DEBUG org.hibernate.loader.plan.build.spi.LoadPlanTreePrinter - LoadPlan(entity=com.joseph.entity.OrderItem)
    - Returns
       - EntityReturnImpl(entity=com.joseph.entity.OrderItem, querySpaceUid=<gen:0>, path=com.joseph.entity.OrderItem)
          - EntityAttributeFetchImpl(entity=com.joseph.entity.Order, querySpaceUid=<gen:1>, path=com.joseph.entity.OrderItem.order)
          - EntityAttributeFetchImpl(entity=com.joseph.entity.Product, querySpaceUid=<gen:2>, path=com.joseph.entity.OrderItem.product)
    - QuerySpaces
       - EntityQuerySpaceImpl(uid=<gen:0>, entity=com.joseph.entity.OrderItem)
          - SQL table alias mapping - orderitem0_
          - alias suffix - 0_
          - suffixed key columns - {id1_2_0_}

10:08:06.268 [main] DEBUG org.hibernate.loader.entity.plan.EntityLoader - Static select for entity com.joseph.entity.OrderItem [OPTIMISTIC]: select orderitem0_.id as id1_2_0_, orderitem0_.idorder as idorder3_2_0_, orderitem0_.idproduct as idproduc4_2_0_, orderitem0_.quantity as quantity2_2_0_ from orderitems orderitem0_ where orderitem0_.id=?
10:08:06.268 [main] DEBUG org.hibernate.loader.plan.build.internal.spaces.QuerySpacesImpl - Adding QuerySpace : uid = <gen:0> -> org.hibernate.loader.plan.build.internal.spaces.EntityQuerySpaceImpl@48d293ee]
10:08:06.268 [main] DEBUG org.hibernate.persister.walking.spi.MetamodelGraphWalker - Visiting attribute path : order
10:08:06.269 [main] DEBUG org.hibernate.loader.plan.build.internal.spaces.QuerySpacesImpl - Adding QuerySpace : uid = <gen:1> -> org.hibernate.loader.plan.build.internal.spaces.EntityQuerySpaceImpl@22587507]
10:08:06.269 [main] DEBUG org.hibernate.persister.walking.spi.MetamodelGraphWalker - Visiting attribute path : product
10:08:06.269 [main] DEBUG org.hibernate.loader.plan.build.internal.spaces.QuerySpacesImpl - Adding QuerySpace : uid = <gen:2> -> org.hibernate.loader.plan.build.internal.spaces.EntityQuerySpaceImpl@5c77ba8f]
10:08:06.269 [main] DEBUG org.hibernate.persister.walking.spi.MetamodelGraphWalker - Visiting attribute path : quantity
10:08:06.269 [main] DEBUG org.hibernate.loader.plan.build.internal.FetchStyleLoadPlanBuildingAssociationVisitationStrategy - Building LoadPlan...
10:08:06.269 [main] DEBUG org.hibernate.loader.plan.exec.internal.LoadQueryJoinAndFetchProcessor - processing queryspace <gen:0>
10:08:06.270 [main] DEBUG org.hibernate.loader.plan.build.spi.LoadPlanTreePrinter - LoadPlan(entity=com.joseph.entity.OrderItem)
    - Returns
       - EntityReturnImpl(entity=com.joseph.entity.OrderItem, querySpaceUid=<gen:0>, path=com.joseph.entity.OrderItem)
          - EntityAttributeFetchImpl(entity=com.joseph.entity.Order, querySpaceUid=<gen:1>, path=com.joseph.entity.OrderItem.order)
          - EntityAttributeFetchImpl(entity=com.joseph.entity.Product, querySpaceUid=<gen:2>, path=com.joseph.entity.OrderItem.product)
    - QuerySpaces
       - EntityQuerySpaceImpl(uid=<gen:0>, entity=com.joseph.entity.OrderItem)
          - SQL table alias mapping - orderitem0_
          - alias suffix - 0_
          - suffixed key columns - {id1_2_0_}

10:08:06.270 [main] DEBUG org.hibernate.loader.entity.plan.EntityLoader - Static select for entity com.joseph.entity.OrderItem [OPTIMISTIC_FORCE_INCREMENT]: select orderitem0_.id as id1_2_0_, orderitem0_.idorder as idorder3_2_0_, orderitem0_.idproduct as idproduc4_2_0_, orderitem0_.quantity as quantity2_2_0_ from orderitems orderitem0_ where orderitem0_.id=?
10:08:06.271 [main] DEBUG org.hibernate.loader.Loader - Static select for action ACTION_MERGE on entity com.joseph.entity.OrderItem: select orderitem0_.id as id1_2_0_, orderitem0_.idorder as idorder3_2_0_, orderitem0_.idproduct as idproduc4_2_0_, orderitem0_.quantity as quantity2_2_0_ from orderitems orderitem0_ where orderitem0_.id=?
10:08:06.271 [main] DEBUG org.hibernate.loader.Loader - Static select for action ACTION_REFRESH on entity com.joseph.entity.OrderItem: select orderitem0_.id as id1_2_0_, orderitem0_.idorder as idorder3_2_0_, orderitem0_.idproduct as idproduc4_2_0_, orderitem0_.quantity as quantity2_2_0_ from orderitems orderitem0_ where orderitem0_.id=?
10:08:06.307 [main] DEBUG org.hibernate.loader.plan.build.internal.spaces.QuerySpacesImpl - Adding QuerySpace : uid = <gen:0> -> org.hibernate.loader.plan.build.internal.spaces.CollectionQuerySpaceImpl@66273da0]
10:08:06.307 [main] DEBUG org.hibernate.loader.plan.build.internal.spaces.QuerySpacesImpl - Adding QuerySpace : uid = <gen:1> -> org.hibernate.loader.plan.build.internal.spaces.EntityQuerySpaceImpl@2127e66e]
10:08:06.312 [main] DEBUG org.hibernate.persister.walking.spi.MetamodelGraphWalker - Visiting attribute path : order
10:08:06.312 [main] DEBUG org.hibernate.persister.walking.spi.MetamodelGraphWalker - Property path deemed to be circular : order
10:08:06.313 [main] DEBUG org.hibernate.persister.walking.spi.MetamodelGraphWalker - Visiting attribute path : product
10:08:06.313 [main] DEBUG org.hibernate.loader.plan.build.internal.spaces.QuerySpacesImpl - Adding QuerySpace : uid = <gen:2> -> org.hibernate.loader.plan.build.internal.spaces.EntityQuerySpaceImpl@60f70249]
10:08:06.313 [main] DEBUG org.hibernate.persister.walking.spi.MetamodelGraphWalker - Visiting attribute path : product.nameproduct
10:08:06.313 [main] DEBUG org.hibernate.persister.walking.spi.MetamodelGraphWalker - Visiting attribute path : product.orderItems
10:08:06.313 [main] DEBUG org.hibernate.persister.walking.spi.MetamodelGraphWalker - Property path deemed to be circular : product.orderItems
10:08:06.314 [main] DEBUG org.hibernate.persister.walking.spi.MetamodelGraphWalker - Visiting attribute path : product.priceproduct
10:08:06.314 [main] DEBUG org.hibernate.persister.walking.spi.MetamodelGraphWalker - Visiting attribute path : product.stockproduct
10:08:06.314 [main] DEBUG org.hibernate.persister.walking.spi.MetamodelGraphWalker - Visiting attribute path : quantity
10:08:06.315 [main] DEBUG org.hibernate.loader.plan.build.internal.FetchStyleLoadPlanBuildingAssociationVisitationStrategy - Building LoadPlan...
10:08:06.334 [main] DEBUG org.hibernate.loader.plan.exec.internal.LoadQueryJoinAndFetchProcessor - processing queryspace <gen:0>
10:08:06.336 [main] DEBUG org.hibernate.loader.plan.build.spi.LoadPlanTreePrinter - LoadPlan(collection=com.joseph.entity.Order.orderItems)
    - Returns
       - CollectionReturnImpl(collection=com.joseph.entity.Order.orderItems, querySpaceUid=<gen:0>, path=[com.joseph.entity.Order.orderItems])
          - (collection element) CollectionFetchableElementEntityGraph(entity=com.joseph.entity.OrderItem, querySpaceUid=<gen:1>, path=[com.joseph.entity.Order.orderItems].<elements>)
             - EntityAttributeFetchImpl(entity=com.joseph.entity.Product, querySpaceUid=<gen:2>, path=[com.joseph.entity.Order.orderItems].<elements>.product)
    - QuerySpaces
       - CollectionQuerySpaceImpl(uid=<gen:0>, collection=com.joseph.entity.Order.orderItems)
          - SQL table alias mapping - orderitems0_
          - alias suffix - 0_
          - suffixed key columns - {idorder3_2_0_}
          - entity-element alias suffix - 1_
          - 1_entity-element suffixed key columns - id1_2_1_
          - JOIN (JoinDefinedByMetadata(elements)) : <gen:0> -> <gen:1>
             - EntityQuerySpaceImpl(uid=<gen:1>, entity=com.joseph.entity.OrderItem)
                - SQL table alias mapping - orderitems0_
                - alias suffix - 1_
                - suffixed key columns - {id1_2_1_}
                - JOIN (JoinDefinedByMetadata(product)) : <gen:1> -> <gen:2>
                   - EntityQuerySpaceImpl(uid=<gen:2>, entity=com.joseph.entity.Product)
                      - SQL table alias mapping - product1_
                      - alias suffix - 2_
                      - suffixed key columns - {idproduc1_3_2_}

10:08:06.339 [main] DEBUG org.hibernate.loader.collection.plan.CollectionLoader - Static select for collection com.joseph.entity.Order.orderItems: select orderitems0_.idorder as idorder3_2_0_, orderitems0_.id as id1_2_0_, orderitems0_.id as id1_2_1_, orderitems0_.idorder as idorder3_2_1_, orderitems0_.idproduct as idproduc4_2_1_, orderitems0_.quantity as quantity2_2_1_, product1_.idproduct as idproduc1_3_2_, product1_.nameproduct as nameprod2_3_2_, product1_.priceproduct as pricepro3_3_2_, product1_.stockproduct as stockpro4_3_2_ from orderitems orderitems0_ left outer join Product product1_ on orderitems0_.idproduct=product1_.idproduct where orderitems0_.idorder=?
10:08:06.339 [main] DEBUG org.hibernate.loader.plan.build.internal.spaces.QuerySpacesImpl - Adding QuerySpace : uid = <gen:0> -> org.hibernate.loader.plan.build.internal.spaces.CollectionQuerySpaceImpl@2643d762]
10:08:06.339 [main] DEBUG org.hibernate.loader.plan.build.internal.spaces.QuerySpacesImpl - Adding QuerySpace : uid = <gen:1> -> org.hibernate.loader.plan.build.internal.spaces.EntityQuerySpaceImpl@6403e24c]
10:08:06.339 [main] DEBUG org.hibernate.persister.walking.spi.MetamodelGraphWalker - Visiting attribute path : order
10:08:06.340 [main] DEBUG org.hibernate.loader.plan.build.internal.spaces.QuerySpacesImpl - Adding QuerySpace : uid = <gen:2> -> org.hibernate.loader.plan.build.internal.spaces.EntityQuerySpaceImpl@767a014e]
10:08:06.340 [main] DEBUG org.hibernate.persister.walking.spi.MetamodelGraphWalker - Visiting attribute path : order.client
10:08:06.341 [main] DEBUG org.hibernate.loader.plan.build.internal.spaces.QuerySpacesImpl - Adding QuerySpace : uid = <gen:3> -> org.hibernate.loader.plan.build.internal.spaces.EntityQuerySpaceImpl@3968bc60]
10:08:06.343 [main] DEBUG org.hibernate.persister.walking.spi.MetamodelGraphWalker - Visiting attribute path : order.client.emailclient
10:08:06.344 [main] DEBUG org.hibernate.persister.walking.spi.MetamodelGraphWalker - Visiting attribute path : order.client.nameclient
10:08:06.344 [main] DEBUG org.hibernate.persister.walking.spi.MetamodelGraphWalker - Visiting attribute path : order.client.orders
10:08:06.344 [main] DEBUG org.hibernate.persister.walking.spi.MetamodelGraphWalker - Property path deemed to be circular : order.client.orders
10:08:06.344 [main] DEBUG org.hibernate.persister.walking.spi.MetamodelGraphWalker - Visiting attribute path : order.dateorder
10:08:06.344 [main] DEBUG org.hibernate.persister.walking.spi.MetamodelGraphWalker - Visiting attribute path : order.orderItems
10:08:06.344 [main] DEBUG org.hibernate.persister.walking.spi.MetamodelGraphWalker - Property path deemed to be circular : order.orderItems
10:08:06.344 [main] DEBUG org.hibernate.persister.walking.spi.MetamodelGraphWalker - Visiting attribute path : order.statusorder
10:08:06.344 [main] DEBUG org.hibernate.persister.walking.spi.MetamodelGraphWalker - Visiting attribute path : order.totalorder
10:08:06.344 [main] DEBUG org.hibernate.persister.walking.spi.MetamodelGraphWalker - Visiting attribute path : product
10:08:06.344 [main] DEBUG org.hibernate.persister.walking.spi.MetamodelGraphWalker - Property path deemed to be circular : product
10:08:06.344 [main] DEBUG org.hibernate.persister.walking.spi.MetamodelGraphWalker - Visiting attribute path : quantity
10:08:06.345 [main] DEBUG org.hibernate.loader.plan.build.internal.FetchStyleLoadPlanBuildingAssociationVisitationStrategy - Building LoadPlan...
10:08:06.345 [main] DEBUG org.hibernate.loader.plan.exec.internal.LoadQueryJoinAndFetchProcessor - processing queryspace <gen:0>
10:08:06.372 [main] DEBUG org.hibernate.loader.plan.build.spi.LoadPlanTreePrinter - LoadPlan(collection=com.joseph.entity.Product.orderItems)
    - Returns
       - CollectionReturnImpl(collection=com.joseph.entity.Product.orderItems, querySpaceUid=<gen:0>, path=[com.joseph.entity.Product.orderItems])
          - (collection element) CollectionFetchableElementEntityGraph(entity=com.joseph.entity.OrderItem, querySpaceUid=<gen:1>, path=[com.joseph.entity.Product.orderItems].<elements>)
             - EntityAttributeFetchImpl(entity=com.joseph.entity.Order, querySpaceUid=<gen:2>, path=[com.joseph.entity.Product.orderItems].<elements>.order)
                - EntityAttributeFetchImpl(entity=com.joseph.entity.Client, querySpaceUid=<gen:3>, path=[com.joseph.entity.Product.orderItems].<elements>.order.client)
    - QuerySpaces
       - CollectionQuerySpaceImpl(uid=<gen:0>, collection=com.joseph.entity.Product.orderItems)
          - SQL table alias mapping - orderitems0_
          - alias suffix - 0_
          - suffixed key columns - {idproduc4_2_0_}
          - entity-element alias suffix - 1_
          - 1_entity-element suffixed key columns - id1_2_1_
          - JOIN (JoinDefinedByMetadata(elements)) : <gen:0> -> <gen:1>
             - EntityQuerySpaceImpl(uid=<gen:1>, entity=com.joseph.entity.OrderItem)
                - SQL table alias mapping - orderitems0_
                - alias suffix - 1_
                - suffixed key columns - {id1_2_1_}
                - JOIN (JoinDefinedByMetadata(order)) : <gen:1> -> <gen:2>
                   - EntityQuerySpaceImpl(uid=<gen:2>, entity=com.joseph.entity.Order)
                      - SQL table alias mapping - order1_
                      - alias suffix - 2_
                      - suffixed key columns - {idorder1_1_2_}
                      - JOIN (JoinDefinedByMetadata(client)) : <gen:2> -> <gen:3>
                         - EntityQuerySpaceImpl(uid=<gen:3>, entity=com.joseph.entity.Client)
                            - SQL table alias mapping - client2_
                            - alias suffix - 3_
                            - suffixed key columns - {idclient1_0_3_}

10:08:06.372 [main] DEBUG org.hibernate.loader.collection.plan.CollectionLoader - Static select for collection com.joseph.entity.Product.orderItems: select orderitems0_.idproduct as idproduc4_2_0_, orderitems0_.id as id1_2_0_, orderitems0_.id as id1_2_1_, orderitems0_.idorder as idorder3_2_1_, orderitems0_.idproduct as idproduc4_2_1_, orderitems0_.quantity as quantity2_2_1_, order1_.idorder as idorder1_1_2_, order1_.idclient as idclient5_1_2_, order1_.dateorder as dateorde2_1_2_, order1_.statusorder as statusor3_1_2_, order1_.totalorder as totalord4_1_2_, client2_.idclient as idclient1_0_3_, client2_.emailclient as emailcli2_0_3_, client2_.nameclient as nameclie3_0_3_ from orderitems orderitems0_ left outer join order_table order1_ on orderitems0_.idorder=order1_.idorder left outer join client client2_ on order1_.idclient=client2_.idclient where orderitems0_.idproduct=?
10:08:06.374 [main] DEBUG org.hibernate.loader.plan.build.internal.spaces.QuerySpacesImpl - Adding QuerySpace : uid = <gen:0> -> org.hibernate.loader.plan.build.internal.spaces.CollectionQuerySpaceImpl@227a47]
10:08:06.374 [main] DEBUG org.hibernate.loader.plan.build.internal.spaces.QuerySpacesImpl - Adding QuerySpace : uid = <gen:1> -> org.hibernate.loader.plan.build.internal.spaces.EntityQuerySpaceImpl@9596ce8]
10:08:06.374 [main] DEBUG org.hibernate.persister.walking.spi.MetamodelGraphWalker - Visiting attribute path : client
10:08:06.374 [main] DEBUG org.hibernate.persister.walking.spi.MetamodelGraphWalker - Property path deemed to be circular : client
10:08:06.375 [main] DEBUG org.hibernate.persister.walking.spi.MetamodelGraphWalker - Visiting attribute path : dateorder
10:08:06.375 [main] DEBUG org.hibernate.persister.walking.spi.MetamodelGraphWalker - Visiting attribute path : orderItems
10:08:06.376 [main] DEBUG org.hibernate.loader.plan.build.internal.spaces.QuerySpacesImpl - Adding QuerySpace : uid = <gen:2> -> org.hibernate.loader.plan.build.internal.spaces.CollectionQuerySpaceImpl@63c12e52]
10:08:06.376 [main] DEBUG org.hibernate.loader.plan.build.internal.spaces.QuerySpacesImpl - Adding QuerySpace : uid = <gen:3> -> org.hibernate.loader.plan.build.internal.spaces.EntityQuerySpaceImpl@21bd20ee]
10:08:06.376 [main] DEBUG org.hibernate.persister.walking.spi.MetamodelGraphWalker - Visiting attribute path : statusorder
10:08:06.376 [main] DEBUG org.hibernate.persister.walking.spi.MetamodelGraphWalker - Visiting attribute path : totalorder
10:08:06.376 [main] DEBUG org.hibernate.loader.plan.build.internal.FetchStyleLoadPlanBuildingAssociationVisitationStrategy - Building LoadPlan...
10:08:06.377 [main] DEBUG org.hibernate.loader.plan.exec.internal.LoadQueryJoinAndFetchProcessor - processing queryspace <gen:0>
10:08:06.377 [main] DEBUG org.hibernate.loader.plan.build.spi.LoadPlanTreePrinter - LoadPlan(collection=com.joseph.entity.Client.orders)
    - Returns
       - CollectionReturnImpl(collection=com.joseph.entity.Client.orders, querySpaceUid=<gen:0>, path=[com.joseph.entity.Client.orders])
          - (collection element) CollectionFetchableElementEntityGraph(entity=com.joseph.entity.Order, querySpaceUid=<gen:1>, path=[com.joseph.entity.Client.orders].<elements>)
             - CollectionAttributeFetchImpl(collection=com.joseph.entity.Order.orderItems, querySpaceUid=<gen:2>, path=[com.joseph.entity.Client.orders].<elements>.orderItems)
                - (collection element) CollectionFetchableElementEntityGraph(entity=com.joseph.entity.OrderItem, querySpaceUid=<gen:3>, path=[com.joseph.entity.Client.orders].<elements>.orderItems.<elements>)
    - QuerySpaces
       - CollectionQuerySpaceImpl(uid=<gen:0>, collection=com.joseph.entity.Client.orders)
          - SQL table alias mapping - orders0_
          - alias suffix - 0_
          - suffixed key columns - {idclient5_1_0_}
          - entity-element alias suffix - 1_
          - 1_entity-element suffixed key columns - idorder1_1_1_
          - JOIN (JoinDefinedByMetadata(elements)) : <gen:0> -> <gen:1>
             - EntityQuerySpaceImpl(uid=<gen:1>, entity=com.joseph.entity.Order)
                - SQL table alias mapping - orders0_
                - alias suffix - 1_
                - suffixed key columns - {idorder1_1_1_}

10:08:06.378 [main] DEBUG org.hibernate.loader.collection.plan.CollectionLoader - Static select for collection com.joseph.entity.Client.orders: select orders0_.idclient as idclient5_1_0_, orders0_.idorder as idorder1_1_0_, orders0_.idorder as idorder1_1_1_, orders0_.idclient as idclient5_1_1_, orders0_.dateorder as dateorde2_1_1_, orders0_.statusorder as statusor3_1_1_, orders0_.totalorder as totalord4_1_1_ from order_table orders0_ where orders0_.idclient=?
10:08:06.638 [main] DEBUG org.springframework.jdbc.datasource.DriverManagerDataSource - Creating new JDBC DriverManager Connection to [jdbc:mysql://localhost:3306/testcraftcore?useSSL=false&useTimezone=true&serverTimezone=UTC]
10:08:07.085 [main] DEBUG org.hibernate.mapping.Table - No alter strings for table : client
10:08:07.085 [main] DEBUG org.hibernate.mapping.Table - No alter strings for table : order_table
10:08:07.085 [main] DEBUG org.hibernate.mapping.Table - No alter strings for table : orderitems
10:08:07.085 [main] DEBUG org.hibernate.mapping.Table - No alter strings for table : Product
10:08:07.093 [main] DEBUG org.hibernate.SQL - alter table order_table add constraint FKfx79vynhbbaokugk03ha1vye4 foreign key (idclient) references client (idclient)
10:08:07.118 [main] DEBUG org.hibernate.SQL - alter table orderitems add constraint FK42t1tplgy68d8h916ayhxt361 foreign key (idorder) references order_table (idorder)
10:08:07.136 [main] DEBUG org.hibernate.SQL - alter table orderitems add constraint FK7ueivg25n0r3oiq1c9hg73ut2 foreign key (idproduct) references Product (idproduct)
10:08:07.151 [main] DEBUG org.hibernate.engine.transaction.jta.platform.internal.JtaPlatformInitiator - No JtaPlatform was specified, checking resolver
10:08:07.152 [main] DEBUG org.hibernate.engine.transaction.jta.platform.internal.JtaPlatformResolverInitiator - No JtaPlatformResolver was specified, using default [org.hibernate.engine.transaction.jta.platform.internal.StandardJtaPlatformResolver]
10:08:07.163 [main] DEBUG org.hibernate.engine.transaction.jta.platform.internal.StandardJtaPlatformResolver - Could not resolve JtaPlatform, using default [org.hibernate.engine.transaction.jta.platform.internal.NoJtaPlatform]
10:08:07.165 [main] DEBUG org.hibernate.query.spi.NamedQueryRepository - Checking 0 named HQL queries
10:08:07.165 [main] DEBUG org.hibernate.query.spi.NamedQueryRepository - Checking 0 named SQL queries
10:08:07.167 [main] DEBUG org.hibernate.internal.SessionFactoryRegistry - Initializing SessionFactoryRegistry : org.hibernate.internal.SessionFactoryRegistry@75de6341
10:08:07.167 [main] DEBUG org.hibernate.internal.SessionFactoryRegistry - Registering SessionFactory: a699e7f2-1b65-4590-81fe-7b48c5e78cc0 (<unnamed>)
10:08:07.168 [main] DEBUG org.hibernate.internal.SessionFactoryRegistry - Not binding SessionFactory to JNDI, no JNDI name configured
10:08:07.168 [main] INFO org.springframework.orm.jpa.LocalContainerEntityManagerFactoryBean - Initialized JPA EntityManagerFactory for persistence unit 'default'
10:08:07.172 [main] DEBUG org.springframework.beans.factory.support.DefaultListableBeanFactory - Creating shared instance of singleton bean 'client'
10:08:07.175 [main] DEBUG org.springframework.beans.factory.support.DefaultListableBeanFactory - Creating shared instance of singleton bean 'order'
10:08:07.178 [main] DEBUG org.springframework.beans.factory.support.DefaultListableBeanFactory - Creating shared instance of singleton bean 'orderItem'
10:08:07.180 [main] DEBUG org.springframework.beans.factory.support.DefaultListableBeanFactory - Creating shared instance of singleton bean 'product'
10:08:07.186 [main] DEBUG org.springframework.beans.factory.support.DefaultListableBeanFactory - Creating shared instance of singleton bean 'clientServiceImpl'
10:08:07.189 [main] DEBUG org.springframework.beans.factory.support.DefaultListableBeanFactory - Creating shared instance of singleton bean 'clientRepository'
10:08:07.283 [main] DEBUG org.springframework.beans.factory.support.DefaultListableBeanFactory - Creating shared instance of singleton bean 'jpaMappingContext'
10:08:07.284 [main] DEBUG org.springframework.data.jpa.repository.config.JpaMetamodelMappingContextFactoryBean - Initializing JpaMetamodelMappingContext…
10:08:07.309 [main] DEBUG org.springframework.data.jpa.repository.config.JpaMetamodelMappingContextFactoryBean - Finished initializing JpaMetamodelMappingContext!
10:08:07.336 [main] DEBUG org.springframework.orm.jpa.SharedEntityManagerCreator$SharedEntityManagerInvocationHandler - Creating new EntityManager for shared EntityManager invocation
10:08:07.495 [main] DEBUG org.hibernate.stat.internal.StatisticsInitiator - Statistics initialized [enabled=false]
10:08:07.508 [main] DEBUG org.springframework.orm.jpa.SharedEntityManagerCreator$SharedEntityManagerInvocationHandler - Creating new EntityManager for shared EntityManager invocation
10:08:07.675 [main] DEBUG org.springframework.data.repository.core.support.RepositoryFactorySupport - Initializing repository instance for com.joseph.repository.ClientRepository…
10:08:07.716 [main] DEBUG org.springframework.orm.jpa.SharedEntityManagerCreator$SharedEntityManagerInvocationHandler - Creating new EntityManager for shared EntityManager invocation
10:08:07.814 [main] DEBUG org.springframework.orm.jpa.SharedEntityManagerCreator$SharedEntityManagerInvocationHandler - Creating new EntityManager for shared EntityManager invocation
10:08:07.831 [main] DEBUG org.springframework.data.repository.core.support.RepositoryFactorySupport - Finished creation of repository instance for com.joseph.repository.ClientRepository.
10:08:07.859 [main] DEBUG org.springframework.beans.factory.support.DefaultListableBeanFactory - Creating shared instance of singleton bean 'orderItemServiceImpl'
10:08:07.861 [main] DEBUG org.springframework.beans.factory.support.DefaultListableBeanFactory - Creating shared instance of singleton bean 'orderItemRepository'
10:08:07.865 [main] DEBUG org.springframework.orm.jpa.SharedEntityManagerCreator$SharedEntityManagerInvocationHandler - Creating new EntityManager for shared EntityManager invocation
10:08:07.866 [main] DEBUG org.springframework.data.repository.core.support.RepositoryFactorySupport - Initializing repository instance for com.joseph.repository.OrderItemRepository…
10:08:07.869 [main] DEBUG org.springframework.orm.jpa.SharedEntityManagerCreator$SharedEntityManagerInvocationHandler - Creating new EntityManager for shared EntityManager invocation
10:08:07.871 [main] DEBUG org.springframework.orm.jpa.SharedEntityManagerCreator$SharedEntityManagerInvocationHandler - Creating new EntityManager for shared EntityManager invocation
10:08:07.898 [main] DEBUG org.springframework.data.jpa.repository.query.JpaQueryFactory - Looking up query for method findByOrder
10:08:07.906 [main] DEBUG org.springframework.data.jpa.repository.query.NamedQuery - Looking up named query OrderItem.findByOrder
10:08:07.908 [main] DEBUG org.springframework.data.jpa.repository.query.NamedQuery - Did not find named query OrderItem.findByOrder
10:08:07.913 [main] DEBUG org.springframework.orm.jpa.SharedEntityManagerCreator$SharedEntityManagerInvocationHandler - Creating new EntityManager for shared EntityManager invocation
10:08:07.995 [main] DEBUG org.springframework.data.jpa.repository.query.JpaQueryFactory - Looking up query for method deleteByOrder
10:08:07.995 [main] DEBUG org.springframework.data.jpa.repository.query.NamedQuery - Looking up named query OrderItem.deleteByOrder
10:08:07.996 [main] DEBUG org.springframework.data.jpa.repository.query.NamedQuery - Did not find named query OrderItem.deleteByOrder
10:08:07.996 [main] DEBUG org.springframework.orm.jpa.SharedEntityManagerCreator$SharedEntityManagerInvocationHandler - Creating new EntityManager for shared EntityManager invocation
10:08:08.001 [main] DEBUG org.springframework.data.repository.core.support.RepositoryFactorySupport - Finished creation of repository instance for com.joseph.repository.OrderItemRepository.
10:08:08.003 [main] DEBUG org.springframework.beans.factory.support.DefaultListableBeanFactory - Creating shared instance of singleton bean 'orderServiceImpl'
10:08:08.004 [main] DEBUG org.springframework.beans.factory.support.DefaultListableBeanFactory - Creating shared instance of singleton bean 'orderRepository'
10:08:08.013 [main] DEBUG org.springframework.orm.jpa.SharedEntityManagerCreator$SharedEntityManagerInvocationHandler - Creating new EntityManager for shared EntityManager invocation
10:08:08.017 [main] DEBUG org.springframework.data.repository.core.support.RepositoryFactorySupport - Initializing repository instance for com.joseph.repository.OrderRepository…
10:08:08.028 [main] DEBUG org.springframework.orm.jpa.SharedEntityManagerCreator$SharedEntityManagerInvocationHandler - Creating new EntityManager for shared EntityManager invocation
10:08:08.030 [main] DEBUG org.springframework.orm.jpa.SharedEntityManagerCreator$SharedEntityManagerInvocationHandler - Creating new EntityManager for shared EntityManager invocation
10:08:08.053 [main] DEBUG org.springframework.data.jpa.repository.query.JpaQueryFactory - Looking up query for method getTotalOrdersBetweenDates
10:08:08.054 [main] DEBUG org.springframework.orm.jpa.SharedEntityManagerCreator$SharedEntityManagerInvocationHandler - Creating new EntityManager for shared EntityManager invocation
10:08:08.082 [main] DEBUG org.hibernate.hql.internal.QueryTranslatorFactoryInitiator - QueryTranslatorFactory : org.hibernate.hql.internal.ast.ASTQueryTranslatorFactory@76fe6cdc
10:08:08.082 [main] INFO org.hibernate.hql.internal.QueryTranslatorFactoryInitiator - HHH000397: Using ASTQueryTranslatorFactory
10:08:08.136 [main] DEBUG org.hibernate.hql.internal.ast.QueryTranslatorImpl - parse() - HQL: SELECT NEW com.joseph.Model.rapportData(o.dateorder, SUM(o.totalorder)) FROM com.joseph.entity.Order o WHERE o.dateorder BETWEEN :startDate AND :endDate GROUP BY o.dateorder ORDER BY o.dateorder
10:08:08.145 [main] DEBUG org.hibernate.hql.internal.ast.HqlParser - weakKeywords() : new LT(1) token - ["Order",<108> previously: <41>,line=1,col=96,possibleID=true]
10:08:08.149 [main] DEBUG org.hibernate.hql.internal.ast.ErrorCounter - throwQueryException() : no errors
10:08:08.153 [main] DEBUG org.hibernate.hql.internal.ast.QueryTranslatorImpl - --- HQL AST ---
 \-[QUERY] Node: 'query'
    +-[SELECT_FROM] Node: 'SELECT_FROM'
    |  +-[FROM] Node: 'FROM'
    |  |  \-[RANGE] Node: 'RANGE'
    |  |     +-[DOT] Node: '.'
    |  |     |  +-[DOT] Node: '.'
    |  |     |  |  +-[DOT] Node: '.'
    |  |     |  |  |  +-[IDENT] Node: 'com'
    |  |     |  |  |  \-[IDENT] Node: 'joseph'
    |  |     |  |  \-[IDENT] Node: 'entity'
    |  |     |  \-[IDENT] Node: 'Order'
    |  |     \-[ALIAS] Node: 'o'
    |  \-[SELECT] Node: 'SELECT'
    |     \-[CONSTRUCTOR] Node: '('
    |        +-[DOT] Node: '.'
    |        |  +-[DOT] Node: '.'
    |        |  |  +-[DOT] Node: '.'
    |        |  |  |  +-[IDENT] Node: 'com'
    |        |  |  |  \-[IDENT] Node: 'joseph'
    |        |  |  \-[IDENT] Node: 'Model'
    |        |  \-[IDENT] Node: 'rapportData'
    |        +-[DOT] Node: '.'
    |        |  +-[IDENT] Node: 'o'
    |        |  \-[IDENT] Node: 'dateorder'
    |        \-[AGGREGATE] Node: 'SUM'
    |           \-[DOT] Node: '.'
    |              +-[IDENT] Node: 'o'
    |              \-[IDENT] Node: 'totalorder'
    +-[WHERE] Node: 'WHERE'
    |  \-[BETWEEN] Node: 'between'
    |     +-[DOT] Node: '.'
    |     |  +-[IDENT] Node: 'o'
    |     |  \-[IDENT] Node: 'dateorder'
    |     +-[COLON] Node: ':'
    |     |  \-[IDENT] Node: 'startDate'
    |     \-[COLON] Node: ':'
    |        \-[IDENT] Node: 'endDate'
    +-[GROUP] Node: 'GROUP'
    |  \-[DOT] Node: '.'
    |     +-[IDENT] Node: 'o'
    |     \-[IDENT] Node: 'dateorder'
    \-[ORDER] Node: 'ORDER'
       \-[DOT] Node: '.'
          +-[IDENT] Node: 'o'
          \-[IDENT] Node: 'dateorder'

10:08:08.193 [main] DEBUG org.hibernate.hql.internal.antlr.HqlSqlBaseWalker - select << begin [level=1, statement=select]
10:08:08.216 [main] DEBUG org.hibernate.hql.internal.ast.tree.FromElement - FromClause{level=1} : com.joseph.entity.Order (o) -> order0_
10:08:08.220 [main] DEBUG org.hibernate.hql.internal.ast.tree.FromReferenceNode - Resolved : o -> order0_.idorder
10:08:08.222 [main] DEBUG org.hibernate.hql.internal.ast.tree.DotNode - getDataType() : dateorder -> org.hibernate.type.LocalDateType@245a26e1
10:08:08.223 [main] DEBUG org.hibernate.hql.internal.ast.tree.FromReferenceNode - Resolved : o.dateorder -> order0_.dateorder
10:08:08.225 [main] DEBUG org.hibernate.hql.internal.ast.tree.FromReferenceNode - Resolved : o -> order0_.idorder
10:08:08.225 [main] DEBUG org.hibernate.hql.internal.ast.tree.DotNode - getDataType() : totalorder -> org.hibernate.type.DoubleType@7df587ef
10:08:08.225 [main] DEBUG org.hibernate.hql.internal.ast.tree.FromReferenceNode - Resolved : o.totalorder -> order0_.totalorder
10:08:08.229 [main] DEBUG org.hibernate.hql.internal.ast.tree.FromReferenceNode - Resolved : o -> order0_.idorder
10:08:08.229 [main] DEBUG org.hibernate.hql.internal.ast.tree.DotNode - getDataType() : dateorder -> org.hibernate.type.LocalDateType@245a26e1
10:08:08.229 [main] DEBUG org.hibernate.hql.internal.ast.tree.FromReferenceNode - Resolved : o.dateorder -> order0_.dateorder
10:08:08.234 [main] DEBUG org.hibernate.hql.internal.ast.tree.FromReferenceNode - Resolved : o -> order0_.idorder
10:08:08.235 [main] DEBUG org.hibernate.hql.internal.ast.tree.DotNode - getDataType() : dateorder -> org.hibernate.type.LocalDateType@245a26e1
10:08:08.235 [main] DEBUG org.hibernate.hql.internal.ast.tree.FromReferenceNode - Resolved : o.dateorder -> order0_.dateorder
10:08:08.237 [main] DEBUG org.hibernate.hql.internal.ast.tree.FromReferenceNode - Resolved : o -> order0_.idorder
10:08:08.237 [main] DEBUG org.hibernate.hql.internal.ast.tree.DotNode - getDataType() : dateorder -> org.hibernate.type.LocalDateType@245a26e1
10:08:08.238 [main] DEBUG org.hibernate.hql.internal.ast.tree.FromReferenceNode - Resolved : o.dateorder -> order0_.dateorder
10:08:08.238 [main] DEBUG org.hibernate.hql.internal.antlr.HqlSqlBaseWalker - select : finishing up [level=1, statement=select]
10:08:08.238 [main] DEBUG org.hibernate.hql.internal.ast.HqlSqlWalker - processQuery() :  ( SELECT ( {select clause} ( ( ( . ( . ( . com joseph ) Model ) rapportData ) ( order0_.dateorder order0_.idorder dateorder ) ( SUM ( order0_.totalorder order0_.idorder totalorder ) ) ) ) ( FromClause{level=1} order_table order0_ ) ( WHERE ( between ( order0_.dateorder order0_.idorder dateorder ) ? ? ) ) ( GROUP ( order0_.dateorder order0_.idorder dateorder ) ) ( ORDER ( order0_.dateorder order0_.idorder dateorder ) ) )
10:08:08.251 [main] DEBUG org.hibernate.hql.internal.ast.util.JoinProcessor - Using FROM fragment [order_table order0_]
10:08:08.251 [main] DEBUG org.hibernate.hql.internal.antlr.HqlSqlBaseWalker - select >> end [level=1, statement=select]
10:08:08.253 [main] DEBUG org.hibernate.hql.internal.ast.QueryTranslatorImpl - --- SQL AST ---
 \-[SELECT] QueryNode: 'SELECT'  querySpaces (order_table)
    +-[SELECT_CLAUSE] SelectClause: '{select clause}'
    |  \-[CONSTRUCTOR] ConstructorNode: '('
    |     +-[DOT] DotNode: '.' {propertyName=null,dereferenceType=UNKNOWN,getPropertyPath=null,path=com.joseph.Model.rapportData,no from element}
    |     |  +-[DOT] DotNode: '.' {propertyName=null,dereferenceType=UNKNOWN,getPropertyPath=null,path=com.joseph.Model,no from element}
    |     |  |  +-[DOT] DotNode: '.' {propertyName=null,dereferenceType=UNKNOWN,getPropertyPath=null,path=com.joseph,no from element}
    |     |  |  |  +-[IDENT] IdentNode: 'com' {originalText=com}
    |     |  |  |  \-[IDENT] IdentNode: 'joseph' {originalText=joseph}
    |     |  |  \-[IDENT] IdentNode: 'Model' {originalText=Model}
    |     |  \-[IDENT] IdentNode: 'rapportData' {originalText=rapportData}
    |     +-[DOT] DotNode: 'order0_.dateorder' {propertyName=dateorder,dereferenceType=PRIMITIVE,getPropertyPath=dateorder,path=o.dateorder,tableAlias=order0_,className=com.joseph.entity.Order,classAlias=o}
    |     |  +-[ALIAS_REF] IdentNode: 'order0_.idorder' {alias=o, className=com.joseph.entity.Order, tableAlias=order0_}
    |     |  \-[IDENT] IdentNode: 'dateorder' {originalText=dateorder}
    |     +-[SELECT_COLUMNS] SqlNode: ' as col_0_0_'
    |     +-[AGGREGATE] AggregateNode: 'SUM'
    |     |  \-[DOT] DotNode: 'order0_.totalorder' {propertyName=totalorder,dereferenceType=PRIMITIVE,getPropertyPath=totalorder,path=o.totalorder,tableAlias=order0_,className=com.joseph.entity.Order,classAlias=o}
    |     |     +-[ALIAS_REF] IdentNode: 'order0_.idorder' {alias=o, className=com.joseph.entity.Order, tableAlias=order0_}
    |     |     \-[IDENT] IdentNode: 'totalorder' {originalText=totalorder}
    |     \-[SELECT_COLUMNS] SqlNode: ' as col_1_0_'
    +-[FROM] FromClause: 'FROM' FromClause{level=1, fromElementCounter=1, fromElements=1, fromElementByClassAlias=[o], fromElementByTableAlias=[order0_], fromElementsByPath=[], collectionJoinFromElementsByPath=[], impliedElements=[]}
    |  \-[FROM_FRAGMENT] FromElement: 'order_table order0_' FromElement{explicit,not a collection join,not a fetch join,fetch non-lazy properties,classAlias=o,role=null,tableName=order_table,tableAlias=order0_,origin=null,columns={,className=com.joseph.entity.Order}}
    +-[WHERE] SqlNode: 'WHERE'
    |  \-[BETWEEN] BetweenOperatorNode: 'between'
    |     +-[DOT] DotNode: 'order0_.dateorder' {propertyName=dateorder,dereferenceType=PRIMITIVE,getPropertyPath=dateorder,path=o.dateorder,tableAlias=order0_,className=com.joseph.entity.Order,classAlias=o}
    |     |  +-[ALIAS_REF] IdentNode: 'order0_.idorder' {alias=o, className=com.joseph.entity.Order, tableAlias=order0_}
    |     |  \-[IDENT] IdentNode: 'dateorder' {originalText=dateorder}
    |     +-[NAMED_PARAM] ParameterNode: '?' {name=startDate, expectedType=org.hibernate.type.LocalDateType@245a26e1}
    |     \-[NAMED_PARAM] ParameterNode: '?' {name=endDate, expectedType=org.hibernate.type.LocalDateType@245a26e1}
    +-[GROUP] SqlNode: 'GROUP'
    |  \-[DOT] DotNode: 'order0_.dateorder' {propertyName=dateorder,dereferenceType=PRIMITIVE,getPropertyPath=dateorder,path=o.dateorder,tableAlias=order0_,className=com.joseph.entity.Order,classAlias=o}
    |     +-[ALIAS_REF] IdentNode: 'order0_.idorder' {alias=o, className=com.joseph.entity.Order, tableAlias=order0_}
    |     \-[IDENT] IdentNode: 'dateorder' {originalText=dateorder}
    \-[ORDER] OrderByClause: 'ORDER'
       \-[DOT] DotNode: 'order0_.dateorder' {propertyName=dateorder,dereferenceType=PRIMITIVE,getPropertyPath=dateorder,path=o.dateorder,tableAlias=order0_,className=com.joseph.entity.Order,classAlias=o}
          +-[ALIAS_REF] IdentNode: 'order0_.idorder' {alias=o, className=com.joseph.entity.Order, tableAlias=order0_}
          \-[IDENT] IdentNode: 'dateorder' {originalText=dateorder}

10:08:08.253 [main] DEBUG org.hibernate.hql.internal.ast.ErrorCounter - throwQueryException() : no errors
10:08:08.263 [main] DEBUG org.hibernate.hql.internal.ast.QueryTranslatorImpl - HQL: SELECT NEW com.joseph.Model.rapportData(o.dateorder, SUM(o.totalorder)) FROM com.joseph.entity.Order o WHERE o.dateorder BETWEEN :startDate AND :endDate GROUP BY o.dateorder ORDER BY o.dateorder
10:08:08.263 [main] DEBUG org.hibernate.hql.internal.ast.QueryTranslatorImpl - SQL: select order0_.dateorder as col_0_0_, sum(order0_.totalorder) as col_1_0_ from order_table order0_ where order0_.dateorder between ? and ? group by order0_.dateorder order by order0_.dateorder
10:08:08.263 [main] DEBUG org.hibernate.hql.internal.ast.ErrorCounter - throwQueryException() : no errors
10:08:08.280 [main] DEBUG org.springframework.data.repository.core.support.RepositoryFactorySupport - Finished creation of repository instance for com.joseph.repository.OrderRepository.
10:08:08.294 [main] DEBUG org.springframework.beans.factory.support.DefaultListableBeanFactory - Creating shared instance of singleton bean 'productServiceImpl'
10:08:08.296 [main] DEBUG org.springframework.beans.factory.support.DefaultListableBeanFactory - Creating shared instance of singleton bean 'productRepository'
10:08:08.303 [main] DEBUG org.springframework.orm.jpa.SharedEntityManagerCreator$SharedEntityManagerInvocationHandler - Creating new EntityManager for shared EntityManager invocation
10:08:08.304 [main] DEBUG org.springframework.data.repository.core.support.RepositoryFactorySupport - Initializing repository instance for com.joseph.repository.ProductRepository…
10:08:08.307 [main] DEBUG org.springframework.orm.jpa.SharedEntityManagerCreator$SharedEntityManagerInvocationHandler - Creating new EntityManager for shared EntityManager invocation
10:08:08.308 [main] DEBUG org.springframework.orm.jpa.SharedEntityManagerCreator$SharedEntityManagerInvocationHandler - Creating new EntityManager for shared EntityManager invocation
10:08:08.313 [main] DEBUG org.springframework.data.jpa.repository.query.JpaQueryFactory - Looking up query for method findByNameproduct
10:08:08.313 [main] DEBUG org.springframework.data.jpa.repository.query.NamedQuery - Looking up named query Product.findByNameproduct
10:08:08.314 [main] DEBUG org.springframework.data.jpa.repository.query.NamedQuery - Did not find named query Product.findByNameproduct
10:08:08.314 [main] DEBUG org.springframework.orm.jpa.SharedEntityManagerCreator$SharedEntityManagerInvocationHandler - Creating new EntityManager for shared EntityManager invocation
10:08:08.319 [main] DEBUG org.springframework.data.repository.core.support.RepositoryFactorySupport - Finished creation of repository instance for com.joseph.repository.ProductRepository.
10:08:08.330 [main] DEBUG org.springframework.beans.factory.support.DefaultListableBeanFactory - Creating shared instance of singleton bean 'clientController'
10:08:08.337 [main] DEBUG org.springframework.beans.factory.support.DefaultListableBeanFactory - Creating shared instance of singleton bean 'helloController'
10:08:08.339 [main] DEBUG org.springframework.beans.factory.support.DefaultListableBeanFactory - Creating shared instance of singleton bean 'orderController'
10:08:08.362 [main] DEBUG org.springframework.beans.factory.support.DefaultListableBeanFactory - Creating shared instance of singleton bean 'productController'
10:08:08.367 [main] DEBUG org.springframework.beans.factory.support.DefaultListableBeanFactory - Creating shared instance of singleton bean 'transactionManager'
10:08:08.370 [main] DEBUG org.springframework.beans.factory.support.DefaultListableBeanFactory - Autowiring by type from bean name 'transactionManager' via factory method to bean named 'entityManagerFactory'
10:08:08.416 [main] DEBUG org.springframework.test.context.cache.DefaultCacheAwareContextLoaderDelegate - Storing ApplicationContext [254801937] in cache under key [[MergedContextConfiguration@5fbe4146 testClass = ClientServiceImplTest, locations = '{}', classes = '{class com.joseph.config.PersistenceJPAConfig}', contextInitializerClasses = '[]', activeProfiles = '{}', propertySourceLocations = '{}', propertySourceProperties = '{}', contextCustomizers = set[[empty]], contextLoader = 'org.springframework.test.context.support.DelegatingSmartContextLoader', parent = [null]]]
10:08:08.417 [main] DEBUG org.springframework.test.context.cache - Spring test ApplicationContext cache statistics: [DefaultContextCache@5261ec9 size = 1, maxSize = 32, parentContextCount = 0, hitCount = 0, missCount = 1]
10:08:08.423 [main] DEBUG org.springframework.test.context.cache.DefaultCacheAwareContextLoaderDelegate - Retrieved ApplicationContext [254801937] from cache with key [[MergedContextConfiguration@5fbe4146 testClass = ClientServiceImplTest, locations = '{}', classes = '{class com.joseph.config.PersistenceJPAConfig}', contextInitializerClasses = '[]', activeProfiles = '{}', propertySourceLocations = '{}', propertySourceProperties = '{}', contextCustomizers = set[[empty]], contextLoader = 'org.springframework.test.context.support.DelegatingSmartContextLoader', parent = [null]]]
10:08:08.424 [main] DEBUG org.springframework.test.context.cache - Spring test ApplicationContext cache statistics: [DefaultContextCache@5261ec9 size = 1, maxSize = 32, parentContextCount = 0, hitCount = 1, missCount = 1]
10:08:08.466 [main] DEBUG org.springframework.test.context.support.AbstractDirtiesContextTestExecutionListener - Before test method: context [DefaultTestContext@79d8407f testClass = ClientServiceImplTest, testInstance = com.joseph.service.Impl.ClientServiceImplTest@291b4bf5, testMethod = testDeleteClient@ClientServiceImplTest, testException = [null], mergedContextConfiguration = [MergedContextConfiguration@5fbe4146 testClass = ClientServiceImplTest, locations = '{}', classes = '{class com.joseph.config.PersistenceJPAConfig}', contextInitializerClasses = '[]', activeProfiles = '{}', propertySourceLocations = '{}', propertySourceProperties = '{}', contextCustomizers = set[[empty]], contextLoader = 'org.springframework.test.context.support.DelegatingSmartContextLoader', parent = [null]], attributes = map[[empty]]], class annotated with @DirtiesContext [false] with mode [null], method annotated with @DirtiesContext [false] with mode [null].
10:08:08.474 [main] DEBUG org.springframework.test.context.transaction.TransactionalTestExecutionListener - Explicit transaction definition [PROPAGATION_REQUIRED,ISOLATION_DEFAULT] found for test context [DefaultTestContext@79d8407f testClass = ClientServiceImplTest, testInstance = com.joseph.service.Impl.ClientServiceImplTest@291b4bf5, testMethod = testDeleteClient@ClientServiceImplTest, testException = [null], mergedContextConfiguration = [MergedContextConfiguration@5fbe4146 testClass = ClientServiceImplTest, locations = '{}', classes = '{class com.joseph.config.PersistenceJPAConfig}', contextInitializerClasses = '[]', activeProfiles = '{}', propertySourceLocations = '{}', propertySourceProperties = '{}', contextCustomizers = set[[empty]], contextLoader = 'org.springframework.test.context.support.DelegatingSmartContextLoader', parent = [null]], attributes = map[[empty]]]
10:08:08.474 [main] DEBUG org.springframework.test.context.cache.DefaultCacheAwareContextLoaderDelegate - Retrieved ApplicationContext [254801937] from cache with key [[MergedContextConfiguration@5fbe4146 testClass = ClientServiceImplTest, locations = '{}', classes = '{class com.joseph.config.PersistenceJPAConfig}', contextInitializerClasses = '[]', activeProfiles = '{}', propertySourceLocations = '{}', propertySourceProperties = '{}', contextCustomizers = set[[empty]], contextLoader = 'org.springframework.test.context.support.DelegatingSmartContextLoader', parent = [null]]]
10:08:08.474 [main] DEBUG org.springframework.test.context.cache - Spring test ApplicationContext cache statistics: [DefaultContextCache@5261ec9 size = 1, maxSize = 32, parentContextCount = 0, hitCount = 2, missCount = 1]
10:08:08.479 [main] DEBUG org.springframework.test.context.transaction.TransactionalTestExecutionListener - No method-level @Rollback override: using default rollback [true] for test context [DefaultTestContext@79d8407f testClass = ClientServiceImplTest, testInstance = com.joseph.service.Impl.ClientServiceImplTest@291b4bf5, testMethod = testDeleteClient@ClientServiceImplTest, testException = [null], mergedContextConfiguration = [MergedContextConfiguration@5fbe4146 testClass = ClientServiceImplTest, locations = '{}', classes = '{class com.joseph.config.PersistenceJPAConfig}', contextInitializerClasses = '[]', activeProfiles = '{}', propertySourceLocations = '{}', propertySourceProperties = '{}', contextCustomizers = set[[empty]], contextLoader = 'org.springframework.test.context.support.DelegatingSmartContextLoader', parent = [null]], attributes = map[[empty]]].
10:08:08.482 [main] DEBUG org.springframework.orm.jpa.JpaTransactionManager - Creating new transaction with name [com.joseph.service.Impl.ClientServiceImplTest.testDeleteClient]: PROPAGATION_REQUIRED,ISOLATION_DEFAULT
10:08:08.483 [main] DEBUG org.springframework.orm.jpa.JpaTransactionManager - Opened new EntityManager [SessionImpl(PersistenceContext[entityKeys=[],collectionKeys=[]];ActionQueue[insertions=ExecutableList{size=0} updates=ExecutableList{size=0} deletions=ExecutableList{size=0} orphanRemovals=ExecutableList{size=0} collectionCreations=ExecutableList{size=0} collectionRemovals=ExecutableList{size=0} collectionUpdates=ExecutableList{size=0} collectionQueuedOps=ExecutableList{size=0} unresolvedInsertDependencies=null])] for JPA transaction
10:08:08.488 [main] DEBUG org.hibernate.engine.transaction.internal.TransactionImpl - begin
10:08:08.488 [main] DEBUG org.springframework.jdbc.datasource.DriverManagerDataSource - Creating new JDBC DriverManager Connection to [jdbc:mysql://localhost:3306/testcraftcore?useSSL=false&useTimezone=true&serverTimezone=UTC]
10:08:08.497 [main] DEBUG org.springframework.orm.jpa.JpaTransactionManager - Exposing JPA transaction as JDBC [org.springframework.orm.jpa.vendor.HibernateJpaDialect$HibernateConnectionHandle@3b42121d]
10:08:08.498 [main] INFO org.springframework.test.context.transaction.TransactionContext - Began transaction (1) for test context [DefaultTestContext@79d8407f testClass = ClientServiceImplTest, testInstance = com.joseph.service.Impl.ClientServiceImplTest@291b4bf5, testMethod = testDeleteClient@ClientServiceImplTest, testException = [null], mergedContextConfiguration = [MergedContextConfiguration@5fbe4146 testClass = ClientServiceImplTest, locations = '{}', classes = '{class com.joseph.config.PersistenceJPAConfig}', contextInitializerClasses = '[]', activeProfiles = '{}', propertySourceLocations = '{}', propertySourceProperties = '{}', contextCustomizers = set[[empty]], contextLoader = 'org.springframework.test.context.support.DelegatingSmartContextLoader', parent = [null]], attributes = map[[empty]]]; transaction manager [org.springframework.orm.jpa.JpaTransactionManager@5f5827d0]; rollback [true]
10:08:08.502 [main] DEBUG org.springframework.test.context.cache.DefaultCacheAwareContextLoaderDelegate - Retrieved ApplicationContext [254801937] from cache with key [[MergedContextConfiguration@5fbe4146 testClass = ClientServiceImplTest, locations = '{}', classes = '{class com.joseph.config.PersistenceJPAConfig}', contextInitializerClasses = '[]', activeProfiles = '{}', propertySourceLocations = '{}', propertySourceProperties = '{}', contextCustomizers = set[[empty]], contextLoader = 'org.springframework.test.context.support.DelegatingSmartContextLoader', parent = [null]]]
10:08:08.502 [main] DEBUG org.springframework.test.context.cache - Spring test ApplicationContext cache statistics: [DefaultContextCache@5261ec9 size = 1, maxSize = 32, parentContextCount = 0, hitCount = 3, missCount = 1]
10:08:08.520 [main] DEBUG org.springframework.data.repository.core.support.TransactionalRepositoryProxyPostProcessor$CustomAnnotationTransactionAttributeSource - Adding transactional method 'deleteAll' with attribute: PROPAGATION_REQUIRED,ISOLATION_DEFAULT
10:08:08.523 [main] DEBUG org.springframework.orm.jpa.JpaTransactionManager - Found thread-bound EntityManager [SessionImpl(PersistenceContext[entityKeys=[],collectionKeys=[]];ActionQueue[insertions=ExecutableList{size=0} updates=ExecutableList{size=0} deletions=ExecutableList{size=0} orphanRemovals=ExecutableList{size=0} collectionCreations=ExecutableList{size=0} collectionRemovals=ExecutableList{size=0} collectionUpdates=ExecutableList{size=0} collectionQueuedOps=ExecutableList{size=0} unresolvedInsertDependencies=null])] for JPA transaction
10:08:08.523 [main] DEBUG org.springframework.orm.jpa.JpaTransactionManager - Participating in existing transaction
10:08:08.529 [main] DEBUG org.hibernate.query.criteria.internal.CriteriaQueryImpl - Rendered criteria query -> select generatedAlias0 from Client as generatedAlias0
10:08:08.532 [main] DEBUG org.hibernate.hql.internal.ast.QueryTranslatorImpl - parse() - HQL: select generatedAlias0 from com.joseph.entity.Client as generatedAlias0
10:08:08.532 [main] DEBUG org.hibernate.hql.internal.ast.ErrorCounter - throwQueryException() : no errors
10:08:08.533 [main] DEBUG org.hibernate.hql.internal.ast.QueryTranslatorImpl - --- HQL AST ---
 \-[QUERY] Node: 'query'
    \-[SELECT_FROM] Node: 'SELECT_FROM'
       +-[FROM] Node: 'from'
       |  \-[RANGE] Node: 'RANGE'
       |     +-[DOT] Node: '.'
       |     |  +-[DOT] Node: '.'
       |     |  |  +-[DOT] Node: '.'
       |     |  |  |  +-[IDENT] Node: 'com'
       |     |  |  |  \-[IDENT] Node: 'joseph'
       |     |  |  \-[IDENT] Node: 'entity'
       |     |  \-[IDENT] Node: 'Client'
       |     \-[ALIAS] Node: 'generatedAlias0'
       \-[SELECT] Node: 'select'
          \-[IDENT] Node: 'generatedAlias0'

10:08:08.533 [main] DEBUG org.hibernate.hql.internal.antlr.HqlSqlBaseWalker - select << begin [level=1, statement=select]
10:08:08.533 [main] DEBUG org.hibernate.hql.internal.ast.tree.FromElement - FromClause{level=1} : com.joseph.entity.Client (generatedAlias0) -> client0_
10:08:08.533 [main] DEBUG org.hibernate.hql.internal.ast.tree.FromReferenceNode - Resolved : generatedAlias0 -> client0_.idclient
10:08:08.533 [main] DEBUG org.hibernate.hql.internal.antlr.HqlSqlBaseWalker - select : finishing up [level=1, statement=select]
10:08:08.533 [main] DEBUG org.hibernate.hql.internal.ast.HqlSqlWalker - processQuery() :  ( SELECT ( {select clause} client0_.idclient ) ( FromClause{level=1} client client0_ ) )
10:08:08.537 [main] DEBUG org.hibernate.hql.internal.ast.util.JoinProcessor - Using FROM fragment [client client0_]
10:08:08.537 [main] DEBUG org.hibernate.hql.internal.antlr.HqlSqlBaseWalker - select >> end [level=1, statement=select]
10:08:08.538 [main] DEBUG org.hibernate.hql.internal.ast.QueryTranslatorImpl - --- SQL AST ---
 \-[SELECT] QueryNode: 'SELECT'  querySpaces (client)
    +-[SELECT_CLAUSE] SelectClause: '{select clause}'
    |  +-[ALIAS_REF] IdentNode: 'client0_.idclient as idclient1_0_' {alias=generatedAlias0, className=com.joseph.entity.Client, tableAlias=client0_}
    |  \-[SQL_TOKEN] SqlFragment: 'client0_.emailclient as emailcli2_0_, client0_.nameclient as nameclie3_0_'
    \-[FROM] FromClause: 'from' FromClause{level=1, fromElementCounter=1, fromElements=1, fromElementByClassAlias=[generatedAlias0], fromElementByTableAlias=[client0_], fromElementsByPath=[], collectionJoinFromElementsByPath=[], impliedElements=[]}
       \-[FROM_FRAGMENT] FromElement: 'client client0_' FromElement{explicit,not a collection join,not a fetch join,fetch non-lazy properties,classAlias=generatedAlias0,role=null,tableName=client,tableAlias=client0_,origin=null,columns={,className=com.joseph.entity.Client}}

10:08:08.538 [main] DEBUG org.hibernate.hql.internal.ast.ErrorCounter - throwQueryException() : no errors
10:08:08.538 [main] DEBUG org.hibernate.hql.internal.ast.QueryTranslatorImpl - HQL: select generatedAlias0 from com.joseph.entity.Client as generatedAlias0
10:08:08.538 [main] DEBUG org.hibernate.hql.internal.ast.QueryTranslatorImpl - SQL: select client0_.idclient as idclient1_0_, client0_.emailclient as emailcli2_0_, client0_.nameclient as nameclie3_0_ from client client0_
10:08:08.538 [main] DEBUG org.hibernate.hql.internal.ast.ErrorCounter - throwQueryException() : no errors
10:08:08.553 [main] DEBUG org.hibernate.SQL - select client0_.idclient as idclient1_0_, client0_.emailclient as emailcli2_0_, client0_.nameclient as nameclie3_0_ from client client0_
10:08:08.572 [main] DEBUG org.springframework.data.repository.core.support.TransactionalRepositoryProxyPostProcessor$CustomAnnotationTransactionAttributeSource - Adding transactional method 'save' with attribute: PROPAGATION_REQUIRED,ISOLATION_DEFAULT
10:08:08.573 [main] DEBUG org.springframework.orm.jpa.JpaTransactionManager - Found thread-bound EntityManager [SessionImpl(PersistenceContext[entityKeys=[],collectionKeys=[]];ActionQueue[insertions=ExecutableList{size=0} updates=ExecutableList{size=0} deletions=ExecutableList{size=0} orphanRemovals=ExecutableList{size=0} collectionCreations=ExecutableList{size=0} collectionRemovals=ExecutableList{size=0} collectionUpdates=ExecutableList{size=0} collectionQueuedOps=ExecutableList{size=0} unresolvedInsertDependencies=null])] for JPA transaction
10:08:08.573 [main] DEBUG org.springframework.orm.jpa.JpaTransactionManager - Participating in existing transaction
10:08:08.622 [main] DEBUG org.hibernate.engine.spi.ActionQueue - Executing identity-insert immediately
10:08:08.626 [main] DEBUG org.hibernate.SQL - insert into client (emailclient, nameclient) values (?, ?)
10:08:08.633 [main] DEBUG org.hibernate.id.IdentifierGeneratorHelper - Natively generated identity: 429
10:08:08.633 [main] DEBUG org.hibernate.resource.jdbc.internal.ResourceRegistryStandardImpl - HHH000387: ResultSet's statement was not registered
10:08:08.641 [main] DEBUG org.springframework.orm.jpa.JpaTransactionManager - Found thread-bound EntityManager [SessionImpl(PersistenceContext[entityKeys=[EntityKey[com.joseph.entity.Client#429]],collectionKeys=[]];ActionQueue[insertions=ExecutableList{size=0} updates=ExecutableList{size=0} deletions=ExecutableList{size=0} orphanRemovals=ExecutableList{size=0} collectionCreations=ExecutableList{size=0} collectionRemovals=ExecutableList{size=0} collectionUpdates=ExecutableList{size=0} collectionQueuedOps=ExecutableList{size=0} unresolvedInsertDependencies=null])] for JPA transaction
10:08:08.641 [main] DEBUG org.springframework.orm.jpa.JpaTransactionManager - Participating in existing transaction
10:08:08.642 [main] DEBUG org.hibernate.engine.spi.ActionQueue - Executing identity-insert immediately
10:08:08.642 [main] DEBUG org.hibernate.SQL - insert into client (emailclient, nameclient) values (?, ?)
10:08:08.643 [main] DEBUG org.hibernate.id.IdentifierGeneratorHelper - Natively generated identity: 430
10:08:08.643 [main] DEBUG org.hibernate.resource.jdbc.internal.ResourceRegistryStandardImpl - HHH000387: ResultSet's statement was not registered
10:08:08.644 [main] DEBUG org.springframework.orm.jpa.JpaTransactionManager - Found thread-bound EntityManager [SessionImpl(PersistenceContext[entityKeys=[EntityKey[com.joseph.entity.Client#430], EntityKey[com.joseph.entity.Client#429]],collectionKeys=[]];ActionQueue[insertions=ExecutableList{size=0} updates=ExecutableList{size=0} deletions=ExecutableList{size=0} orphanRemovals=ExecutableList{size=0} collectionCreations=ExecutableList{size=0} collectionRemovals=ExecutableList{size=0} collectionUpdates=ExecutableList{size=0} collectionQueuedOps=ExecutableList{size=0} unresolvedInsertDependencies=null])] for JPA transaction
10:08:08.644 [main] DEBUG org.springframework.orm.jpa.JpaTransactionManager - Participating in existing transaction
10:08:08.644 [main] DEBUG org.hibernate.engine.spi.ActionQueue - Executing identity-insert immediately
10:08:08.644 [main] DEBUG org.hibernate.SQL - insert into client (emailclient, nameclient) values (?, ?)
10:08:08.645 [main] DEBUG org.hibernate.id.IdentifierGeneratorHelper - Natively generated identity: 431
10:08:08.645 [main] DEBUG org.hibernate.resource.jdbc.internal.ResourceRegistryStandardImpl - HHH000387: ResultSet's statement was not registered
10:08:08.647 [main] DEBUG org.springframework.test.context.cache.DefaultCacheAwareContextLoaderDelegate - Retrieved ApplicationContext [254801937] from cache with key [[MergedContextConfiguration@5fbe4146 testClass = ClientServiceImplTest, locations = '{}', classes = '{class com.joseph.config.PersistenceJPAConfig}', contextInitializerClasses = '[]', activeProfiles = '{}', propertySourceLocations = '{}', propertySourceProperties = '{}', contextCustomizers = set[[empty]], contextLoader = 'org.springframework.test.context.support.DelegatingSmartContextLoader', parent = [null]]]
10:08:08.647 [main] DEBUG org.springframework.test.context.cache - Spring test ApplicationContext cache statistics: [DefaultContextCache@5261ec9 size = 1, maxSize = 32, parentContextCount = 0, hitCount = 4, missCount = 1]
10:08:08.651 [main] DEBUG org.springframework.orm.jpa.JpaTransactionManager - Found thread-bound EntityManager [SessionImpl(PersistenceContext[entityKeys=[EntityKey[com.joseph.entity.Client#431], EntityKey[com.joseph.entity.Client#430], EntityKey[com.joseph.entity.Client#429]],collectionKeys=[]];ActionQueue[insertions=ExecutableList{size=0} updates=ExecutableList{size=0} deletions=ExecutableList{size=0} orphanRemovals=ExecutableList{size=0} collectionCreations=ExecutableList{size=0} collectionRemovals=ExecutableList{size=0} collectionUpdates=ExecutableList{size=0} collectionQueuedOps=ExecutableList{size=0} unresolvedInsertDependencies=null])] for JPA transaction
10:08:08.651 [main] DEBUG org.springframework.orm.jpa.JpaTransactionManager - Participating in existing transaction
10:08:08.668 [main] DEBUG org.springframework.data.repository.core.support.TransactionalRepositoryProxyPostProcessor$CustomAnnotationTransactionAttributeSource - Adding transactional method 'deleteById' with attribute: PROPAGATION_REQUIRED,ISOLATION_DEFAULT
10:08:08.668 [main] DEBUG org.springframework.orm.jpa.JpaTransactionManager - Found thread-bound EntityManager [SessionImpl(PersistenceContext[entityKeys=[EntityKey[com.joseph.entity.Client#431], EntityKey[com.joseph.entity.Client#430], EntityKey[com.joseph.entity.Client#429]],collectionKeys=[]];ActionQueue[insertions=ExecutableList{size=0} updates=ExecutableList{size=0} deletions=ExecutableList{size=0} orphanRemovals=ExecutableList{size=0} collectionCreations=ExecutableList{size=0} collectionRemovals=ExecutableList{size=0} collectionUpdates=ExecutableList{size=0} collectionQueuedOps=ExecutableList{size=0} unresolvedInsertDependencies=null])] for JPA transaction
10:08:08.668 [main] DEBUG org.springframework.orm.jpa.JpaTransactionManager - Participating in existing transaction
10:08:08.680 [main] DEBUG org.springframework.data.repository.core.support.TransactionalRepositoryProxyPostProcessor$CustomAnnotationTransactionAttributeSource - Adding transactional method 'findAll' with attribute: PROPAGATION_REQUIRED,ISOLATION_DEFAULT,readOnly
10:08:08.680 [main] DEBUG org.springframework.orm.jpa.JpaTransactionManager - Found thread-bound EntityManager [SessionImpl(PersistenceContext[entityKeys=[EntityKey[com.joseph.entity.Client#431], EntityKey[com.joseph.entity.Client#430], EntityKey[com.joseph.entity.Client#429]],collectionKeys=[]];ActionQueue[insertions=ExecutableList{size=0} updates=ExecutableList{size=0} deletions=ExecutableList{size=1} orphanRemovals=ExecutableList{size=0} collectionCreations=ExecutableList{size=0} collectionRemovals=ExecutableList{size=0} collectionUpdates=ExecutableList{size=0} collectionQueuedOps=ExecutableList{size=0} unresolvedInsertDependencies=null])] for JPA transaction
10:08:08.680 [main] DEBUG org.springframework.orm.jpa.JpaTransactionManager - Participating in existing transaction
10:08:08.681 [main] DEBUG org.hibernate.query.criteria.internal.CriteriaQueryImpl - Rendered criteria query -> select generatedAlias0 from Client as generatedAlias0
10:08:08.682 [main] DEBUG org.hibernate.event.internal.AbstractFlushingEventListener - Processing flush-time cascades
10:08:08.685 [main] DEBUG org.hibernate.event.internal.AbstractFlushingEventListener - Dirty checking collections
10:08:08.695 [main] DEBUG org.hibernate.engine.internal.Collections - Collection found: [com.joseph.entity.Client.orders#429], was: [<unreferenced>] (initialized)
10:08:08.698 [main] DEBUG org.hibernate.engine.internal.Collections - Collection found: [com.joseph.entity.Client.orders#430], was: [<unreferenced>] (initialized)
10:08:08.702 [main] DEBUG org.hibernate.engine.internal.Collections - Found collection with unloaded owner: [<unreferenced>]
10:08:08.705 [main] DEBUG org.hibernate.event.internal.AbstractFlushingEventListener - Flushed: 0 insertions, 0 updates, 1 deletions to 3 objects
10:08:08.705 [main] DEBUG org.hibernate.event.internal.AbstractFlushingEventListener - Flushed: 2 (re)creations, 0 updates, 0 removals to 3 collections
10:08:08.714 [main] DEBUG org.hibernate.internal.util.EntityPrinter - Listing entities:
10:08:08.715 [main] DEBUG org.hibernate.internal.util.EntityPrinter - com.joseph.entity.Client{nameclient=test, emailclient=test2@test.com, orders=[], idclient=431}
10:08:08.715 [main] DEBUG org.hibernate.internal.util.EntityPrinter - com.joseph.entity.Client{nameclient=test, emailclient=test1@test.com, orders=[], idclient=430}
10:08:08.715 [main] DEBUG org.hibernate.internal.util.EntityPrinter - com.joseph.entity.Client{nameclient=test, emailclient=test@test.com, orders=[], idclient=429}
10:08:08.716 [main] DEBUG org.hibernate.engine.spi.ActionQueue - Changes must be flushed to space: client
10:08:08.737 [main] DEBUG org.hibernate.SQL - delete from client where idclient=?
10:08:08.748 [main] DEBUG org.hibernate.SQL - select client0_.idclient as idclient1_0_, client0_.emailclient as emailcli2_0_, client0_.nameclient as nameclie3_0_ from client client0_
10:08:08.750 [main] DEBUG org.hibernate.loader.Loader - Result set row: 0
10:08:08.752 [main] DEBUG org.hibernate.loader.Loader - Result row: EntityKey[com.joseph.entity.Client#430]
10:08:08.752 [main] DEBUG org.hibernate.loader.Loader - Result set row: 1
10:08:08.752 [main] DEBUG org.hibernate.loader.Loader - Result row: EntityKey[com.joseph.entity.Client#429]
10:08:08.762 [main] DEBUG org.springframework.test.context.cache.DefaultCacheAwareContextLoaderDelegate - Retrieved ApplicationContext [254801937] from cache with key [[MergedContextConfiguration@5fbe4146 testClass = ClientServiceImplTest, locations = '{}', classes = '{class com.joseph.config.PersistenceJPAConfig}', contextInitializerClasses = '[]', activeProfiles = '{}', propertySourceLocations = '{}', propertySourceProperties = '{}', contextCustomizers = set[[empty]], contextLoader = 'org.springframework.test.context.support.DelegatingSmartContextLoader', parent = [null]]]
10:08:08.763 [main] DEBUG org.springframework.test.context.cache - Spring test ApplicationContext cache statistics: [DefaultContextCache@5261ec9 size = 1, maxSize = 32, parentContextCount = 0, hitCount = 5, missCount = 1]
10:08:08.765 [main] DEBUG org.springframework.orm.jpa.JpaTransactionManager - Found thread-bound EntityManager [SessionImpl(PersistenceContext[entityKeys=[EntityKey[com.joseph.entity.Client#430], EntityKey[com.joseph.entity.Client#429]],collectionKeys=[CollectionKey[com.joseph.entity.Client.orders#429], CollectionKey[com.joseph.entity.Client.orders#430]]];ActionQueue[insertions=ExecutableList{size=0} updates=ExecutableList{size=0} deletions=ExecutableList{size=0} orphanRemovals=ExecutableList{size=0} collectionCreations=ExecutableList{size=0} collectionRemovals=ExecutableList{size=0} collectionUpdates=ExecutableList{size=0} collectionQueuedOps=ExecutableList{size=0} unresolvedInsertDependencies=null])] for JPA transaction
10:08:08.765 [main] DEBUG org.springframework.orm.jpa.JpaTransactionManager - Participating in existing transaction
10:08:08.765 [main] DEBUG org.hibernate.query.criteria.internal.CriteriaQueryImpl - Rendered criteria query -> select generatedAlias0 from Client as generatedAlias0
10:08:08.766 [main] DEBUG org.hibernate.event.internal.AbstractFlushingEventListener - Processing flush-time cascades
10:08:08.766 [main] DEBUG org.hibernate.event.internal.AbstractFlushingEventListener - Dirty checking collections
10:08:08.766 [main] DEBUG org.hibernate.engine.internal.Collections - Collection found: [com.joseph.entity.Client.orders#429], was: [com.joseph.entity.Client.orders#429] (initialized)
10:08:08.767 [main] DEBUG org.hibernate.engine.internal.Collections - Collection found: [com.joseph.entity.Client.orders#430], was: [com.joseph.entity.Client.orders#430] (initialized)
10:08:08.767 [main] DEBUG org.hibernate.event.internal.AbstractFlushingEventListener - Flushed: 0 insertions, 0 updates, 0 deletions to 2 objects
10:08:08.767 [main] DEBUG org.hibernate.event.internal.AbstractFlushingEventListener - Flushed: 0 (re)creations, 0 updates, 0 removals to 2 collections
10:08:08.767 [main] DEBUG org.hibernate.internal.util.EntityPrinter - Listing entities:
10:08:08.767 [main] DEBUG org.hibernate.internal.util.EntityPrinter - com.joseph.entity.Client{nameclient=test, emailclient=test1@test.com, orders=[], idclient=430}
10:08:08.767 [main] DEBUG org.hibernate.internal.util.EntityPrinter - com.joseph.entity.Client{nameclient=test, emailclient=test@test.com, orders=[], idclient=429}
10:08:08.767 [main] DEBUG org.hibernate.SQL - select client0_.idclient as idclient1_0_, client0_.emailclient as emailcli2_0_, client0_.nameclient as nameclie3_0_ from client client0_
10:08:08.768 [main] DEBUG org.hibernate.loader.Loader - Result set row: 0
10:08:08.768 [main] DEBUG org.hibernate.loader.Loader - Result row: EntityKey[com.joseph.entity.Client#430]
10:08:08.769 [main] DEBUG org.hibernate.loader.Loader - Result set row: 1
10:08:08.769 [main] DEBUG org.hibernate.loader.Loader - Result row: EntityKey[com.joseph.entity.Client#429]
10:08:08.773 [main] DEBUG org.springframework.test.context.cache.DefaultCacheAwareContextLoaderDelegate - Retrieved ApplicationContext [254801937] from cache with key [[MergedContextConfiguration@5fbe4146 testClass = ClientServiceImplTest, locations = '{}', classes = '{class com.joseph.config.PersistenceJPAConfig}', contextInitializerClasses = '[]', activeProfiles = '{}', propertySourceLocations = '{}', propertySourceProperties = '{}', contextCustomizers = set[[empty]], contextLoader = 'org.springframework.test.context.support.DelegatingSmartContextLoader', parent = [null]]]
10:08:08.773 [main] DEBUG org.springframework.test.context.cache - Spring test ApplicationContext cache statistics: [DefaultContextCache@5261ec9 size = 1, maxSize = 32, parentContextCount = 0, hitCount = 6, missCount = 1]
10:08:08.775 [main] DEBUG org.springframework.orm.jpa.JpaTransactionManager - Initiating transaction rollback
10:08:08.775 [main] DEBUG org.springframework.orm.jpa.JpaTransactionManager - Rolling back JPA transaction on EntityManager [SessionImpl(PersistenceContext[entityKeys=[EntityKey[com.joseph.entity.Client#430], EntityKey[com.joseph.entity.Client#429]],collectionKeys=[CollectionKey[com.joseph.entity.Client.orders#429], CollectionKey[com.joseph.entity.Client.orders#430]]];ActionQueue[insertions=ExecutableList{size=0} updates=ExecutableList{size=0} deletions=ExecutableList{size=2} orphanRemovals=ExecutableList{size=0} collectionCreations=ExecutableList{size=0} collectionRemovals=ExecutableList{size=0} collectionUpdates=ExecutableList{size=0} collectionQueuedOps=ExecutableList{size=0} unresolvedInsertDependencies=null])]
10:08:08.775 [main] DEBUG org.hibernate.engine.transaction.internal.TransactionImpl - rolling back
10:08:08.778 [main] DEBUG org.springframework.orm.jpa.JpaTransactionManager - Closing JPA EntityManager [SessionImpl(PersistenceContext[entityKeys=[],collectionKeys=[]];ActionQueue[insertions=ExecutableList{size=0} updates=ExecutableList{size=0} deletions=ExecutableList{size=0} orphanRemovals=ExecutableList{size=0} collectionCreations=ExecutableList{size=0} collectionRemovals=ExecutableList{size=0} collectionUpdates=ExecutableList{size=0} collectionQueuedOps=ExecutableList{size=0} unresolvedInsertDependencies=null])] after transaction
10:08:08.778 [main] DEBUG org.hibernate.engine.jdbc.internal.JdbcCoordinatorImpl - HHH000420: Closing un-released batch
10:08:08.778 [main] INFO org.springframework.test.context.transaction.TransactionContext - Rolled back transaction for test: [DefaultTestContext@79d8407f testClass = ClientServiceImplTest, testInstance = com.joseph.service.Impl.ClientServiceImplTest@291b4bf5, testMethod = testDeleteClient@ClientServiceImplTest, testException = [null], mergedContextConfiguration = [MergedContextConfiguration@5fbe4146 testClass = ClientServiceImplTest, locations = '{}', classes = '{class com.joseph.config.PersistenceJPAConfig}', contextInitializerClasses = '[]', activeProfiles = '{}', propertySourceLocations = '{}', propertySourceProperties = '{}', contextCustomizers = set[[empty]], contextLoader = 'org.springframework.test.context.support.DelegatingSmartContextLoader', parent = [null]], attributes = map[[empty]]]
10:08:08.780 [main] DEBUG org.springframework.test.context.support.AbstractDirtiesContextTestExecutionListener - After test method: context [DefaultTestContext@79d8407f testClass = ClientServiceImplTest, testInstance = com.joseph.service.Impl.ClientServiceImplTest@291b4bf5, testMethod = testDeleteClient@ClientServiceImplTest, testException = [null], mergedContextConfiguration = [MergedContextConfiguration@5fbe4146 testClass = ClientServiceImplTest, locations = '{}', classes = '{class com.joseph.config.PersistenceJPAConfig}', contextInitializerClasses = '[]', activeProfiles = '{}', propertySourceLocations = '{}', propertySourceProperties = '{}', contextCustomizers = set[[empty]], contextLoader = 'org.springframework.test.context.support.DelegatingSmartContextLoader', parent = [null]], attributes = map[[empty]]], class annotated with @DirtiesContext [false] with mode [null], method annotated with @DirtiesContext [false] with mode [null].
]]></system-out>
  </testcase>
  <testcase name="testSaveClient" classname="com.joseph.service.Impl.ClientServiceImplTest" time="0.095">
    <system-out><![CDATA[10:08:08.794 [main] DEBUG org.springframework.test.context.support.DependencyInjectionTestExecutionListener - Performing dependency injection for test context [[DefaultTestContext@79d8407f testClass = ClientServiceImplTest, testInstance = com.joseph.service.Impl.ClientServiceImplTest@4aa31ffc, testMethod = [null], testException = [null], mergedContextConfiguration = [MergedContextConfiguration@5fbe4146 testClass = ClientServiceImplTest, locations = '{}', classes = '{class com.joseph.config.PersistenceJPAConfig}', contextInitializerClasses = '[]', activeProfiles = '{}', propertySourceLocations = '{}', propertySourceProperties = '{}', contextCustomizers = set[[empty]], contextLoader = 'org.springframework.test.context.support.DelegatingSmartContextLoader', parent = [null]], attributes = map[[empty]]]].
10:08:08.794 [main] DEBUG org.springframework.test.context.cache.DefaultCacheAwareContextLoaderDelegate - Retrieved ApplicationContext [254801937] from cache with key [[MergedContextConfiguration@5fbe4146 testClass = ClientServiceImplTest, locations = '{}', classes = '{class com.joseph.config.PersistenceJPAConfig}', contextInitializerClasses = '[]', activeProfiles = '{}', propertySourceLocations = '{}', propertySourceProperties = '{}', contextCustomizers = set[[empty]], contextLoader = 'org.springframework.test.context.support.DelegatingSmartContextLoader', parent = [null]]]
10:08:08.795 [main] DEBUG org.springframework.test.context.cache - Spring test ApplicationContext cache statistics: [DefaultContextCache@5261ec9 size = 1, maxSize = 32, parentContextCount = 0, hitCount = 7, missCount = 1]
10:08:08.795 [main] DEBUG org.springframework.test.context.cache.DefaultCacheAwareContextLoaderDelegate - Retrieved ApplicationContext [254801937] from cache with key [[MergedContextConfiguration@5fbe4146 testClass = ClientServiceImplTest, locations = '{}', classes = '{class com.joseph.config.PersistenceJPAConfig}', contextInitializerClasses = '[]', activeProfiles = '{}', propertySourceLocations = '{}', propertySourceProperties = '{}', contextCustomizers = set[[empty]], contextLoader = 'org.springframework.test.context.support.DelegatingSmartContextLoader', parent = [null]]]
10:08:08.795 [main] DEBUG org.springframework.test.context.cache - Spring test ApplicationContext cache statistics: [DefaultContextCache@5261ec9 size = 1, maxSize = 32, parentContextCount = 0, hitCount = 8, missCount = 1]
10:08:08.798 [main] DEBUG org.springframework.test.context.support.AbstractDirtiesContextTestExecutionListener - Before test method: context [DefaultTestContext@79d8407f testClass = ClientServiceImplTest, testInstance = com.joseph.service.Impl.ClientServiceImplTest@4aa31ffc, testMethod = testSaveClient@ClientServiceImplTest, testException = [null], mergedContextConfiguration = [MergedContextConfiguration@5fbe4146 testClass = ClientServiceImplTest, locations = '{}', classes = '{class com.joseph.config.PersistenceJPAConfig}', contextInitializerClasses = '[]', activeProfiles = '{}', propertySourceLocations = '{}', propertySourceProperties = '{}', contextCustomizers = set[[empty]], contextLoader = 'org.springframework.test.context.support.DelegatingSmartContextLoader', parent = [null]], attributes = map[[empty]]], class annotated with @DirtiesContext [false] with mode [null], method annotated with @DirtiesContext [false] with mode [null].
10:08:08.798 [main] DEBUG org.springframework.test.context.transaction.TransactionalTestExecutionListener - Explicit transaction definition [PROPAGATION_REQUIRED,ISOLATION_DEFAULT] found for test context [DefaultTestContext@79d8407f testClass = ClientServiceImplTest, testInstance = com.joseph.service.Impl.ClientServiceImplTest@4aa31ffc, testMethod = testSaveClient@ClientServiceImplTest, testException = [null], mergedContextConfiguration = [MergedContextConfiguration@5fbe4146 testClass = ClientServiceImplTest, locations = '{}', classes = '{class com.joseph.config.PersistenceJPAConfig}', contextInitializerClasses = '[]', activeProfiles = '{}', propertySourceLocations = '{}', propertySourceProperties = '{}', contextCustomizers = set[[empty]], contextLoader = 'org.springframework.test.context.support.DelegatingSmartContextLoader', parent = [null]], attributes = map[[empty]]]
10:08:08.798 [main] DEBUG org.springframework.test.context.cache.DefaultCacheAwareContextLoaderDelegate - Retrieved ApplicationContext [254801937] from cache with key [[MergedContextConfiguration@5fbe4146 testClass = ClientServiceImplTest, locations = '{}', classes = '{class com.joseph.config.PersistenceJPAConfig}', contextInitializerClasses = '[]', activeProfiles = '{}', propertySourceLocations = '{}', propertySourceProperties = '{}', contextCustomizers = set[[empty]], contextLoader = 'org.springframework.test.context.support.DelegatingSmartContextLoader', parent = [null]]]
10:08:08.799 [main] DEBUG org.springframework.test.context.cache - Spring test ApplicationContext cache statistics: [DefaultContextCache@5261ec9 size = 1, maxSize = 32, parentContextCount = 0, hitCount = 9, missCount = 1]
10:08:08.799 [main] DEBUG org.springframework.test.context.transaction.TransactionalTestExecutionListener - No method-level @Rollback override: using default rollback [true] for test context [DefaultTestContext@79d8407f testClass = ClientServiceImplTest, testInstance = com.joseph.service.Impl.ClientServiceImplTest@4aa31ffc, testMethod = testSaveClient@ClientServiceImplTest, testException = [null], mergedContextConfiguration = [MergedContextConfiguration@5fbe4146 testClass = ClientServiceImplTest, locations = '{}', classes = '{class com.joseph.config.PersistenceJPAConfig}', contextInitializerClasses = '[]', activeProfiles = '{}', propertySourceLocations = '{}', propertySourceProperties = '{}', contextCustomizers = set[[empty]], contextLoader = 'org.springframework.test.context.support.DelegatingSmartContextLoader', parent = [null]], attributes = map[[empty]]].
10:08:08.799 [main] DEBUG org.springframework.orm.jpa.JpaTransactionManager - Creating new transaction with name [com.joseph.service.Impl.ClientServiceImplTest.testSaveClient]: PROPAGATION_REQUIRED,ISOLATION_DEFAULT
10:08:08.799 [main] DEBUG org.springframework.orm.jpa.JpaTransactionManager - Opened new EntityManager [SessionImpl(PersistenceContext[entityKeys=[],collectionKeys=[]];ActionQueue[insertions=ExecutableList{size=0} updates=ExecutableList{size=0} deletions=ExecutableList{size=0} orphanRemovals=ExecutableList{size=0} collectionCreations=ExecutableList{size=0} collectionRemovals=ExecutableList{size=0} collectionUpdates=ExecutableList{size=0} collectionQueuedOps=ExecutableList{size=0} unresolvedInsertDependencies=null])] for JPA transaction
10:08:08.799 [main] DEBUG org.hibernate.engine.transaction.internal.TransactionImpl - begin
10:08:08.799 [main] DEBUG org.springframework.jdbc.datasource.DriverManagerDataSource - Creating new JDBC DriverManager Connection to [jdbc:mysql://localhost:3306/testcraftcore?useSSL=false&useTimezone=true&serverTimezone=UTC]
10:08:08.806 [main] DEBUG org.springframework.orm.jpa.JpaTransactionManager - Exposing JPA transaction as JDBC [org.springframework.orm.jpa.vendor.HibernateJpaDialect$HibernateConnectionHandle@7d42542]
10:08:08.806 [main] INFO org.springframework.test.context.transaction.TransactionContext - Began transaction (1) for test context [DefaultTestContext@79d8407f testClass = ClientServiceImplTest, testInstance = com.joseph.service.Impl.ClientServiceImplTest@4aa31ffc, testMethod = testSaveClient@ClientServiceImplTest, testException = [null], mergedContextConfiguration = [MergedContextConfiguration@5fbe4146 testClass = ClientServiceImplTest, locations = '{}', classes = '{class com.joseph.config.PersistenceJPAConfig}', contextInitializerClasses = '[]', activeProfiles = '{}', propertySourceLocations = '{}', propertySourceProperties = '{}', contextCustomizers = set[[empty]], contextLoader = 'org.springframework.test.context.support.DelegatingSmartContextLoader', parent = [null]], attributes = map[[empty]]]; transaction manager [org.springframework.orm.jpa.JpaTransactionManager@5f5827d0]; rollback [true]
10:08:08.807 [main] DEBUG org.springframework.test.context.cache.DefaultCacheAwareContextLoaderDelegate - Retrieved ApplicationContext [254801937] from cache with key [[MergedContextConfiguration@5fbe4146 testClass = ClientServiceImplTest, locations = '{}', classes = '{class com.joseph.config.PersistenceJPAConfig}', contextInitializerClasses = '[]', activeProfiles = '{}', propertySourceLocations = '{}', propertySourceProperties = '{}', contextCustomizers = set[[empty]], contextLoader = 'org.springframework.test.context.support.DelegatingSmartContextLoader', parent = [null]]]
10:08:08.807 [main] DEBUG org.springframework.test.context.cache - Spring test ApplicationContext cache statistics: [DefaultContextCache@5261ec9 size = 1, maxSize = 32, parentContextCount = 0, hitCount = 10, missCount = 1]
10:08:08.807 [main] DEBUG org.springframework.orm.jpa.JpaTransactionManager - Found thread-bound EntityManager [SessionImpl(PersistenceContext[entityKeys=[],collectionKeys=[]];ActionQueue[insertions=ExecutableList{size=0} updates=ExecutableList{size=0} deletions=ExecutableList{size=0} orphanRemovals=ExecutableList{size=0} collectionCreations=ExecutableList{size=0} collectionRemovals=ExecutableList{size=0} collectionUpdates=ExecutableList{size=0} collectionQueuedOps=ExecutableList{size=0} unresolvedInsertDependencies=null])] for JPA transaction
10:08:08.807 [main] DEBUG org.springframework.orm.jpa.JpaTransactionManager - Participating in existing transaction
10:08:08.807 [main] DEBUG org.hibernate.query.criteria.internal.CriteriaQueryImpl - Rendered criteria query -> select generatedAlias0 from Client as generatedAlias0
10:08:08.808 [main] DEBUG org.hibernate.SQL - select client0_.idclient as idclient1_0_, client0_.emailclient as emailcli2_0_, client0_.nameclient as nameclie3_0_ from client client0_
10:08:08.810 [main] DEBUG org.hibernate.loader.Loader - Result set row: 0
10:08:08.810 [main] DEBUG org.hibernate.loader.Loader - Result row: EntityKey[com.joseph.entity.Client#430]
10:08:08.816 [main] DEBUG org.hibernate.loader.Loader - Result set row: 1
10:08:08.816 [main] DEBUG org.hibernate.loader.Loader - Result row: EntityKey[com.joseph.entity.Client#429]
10:08:08.817 [main] DEBUG org.hibernate.engine.internal.TwoPhaseLoad - Resolving associations for [com.joseph.entity.Client#430]
10:08:08.821 [main] DEBUG org.hibernate.engine.internal.TwoPhaseLoad - Done materializing entity [com.joseph.entity.Client#430]
10:08:08.821 [main] DEBUG org.hibernate.engine.internal.TwoPhaseLoad - Resolving associations for [com.joseph.entity.Client#429]
10:08:08.822 [main] DEBUG org.hibernate.engine.internal.TwoPhaseLoad - Done materializing entity [com.joseph.entity.Client#429]
10:08:08.826 [main] DEBUG org.hibernate.loader.collection.plan.AbstractLoadPlanBasedCollectionInitializer - Loading collection: [com.joseph.entity.Client.orders#430]
10:08:08.827 [main] DEBUG org.hibernate.SQL - select orders0_.idclient as idclient5_1_0_, orders0_.idorder as idorder1_1_0_, orders0_.idorder as idorder1_1_1_, orders0_.idclient as idclient5_1_1_, orders0_.dateorder as dateorde2_1_1_, orders0_.statusorder as statusor3_1_1_, orders0_.totalorder as totalord4_1_1_ from order_table orders0_ where orders0_.idclient=?
10:08:08.837 [main] DEBUG org.hibernate.loader.plan.exec.process.internal.ResultSetProcessorImpl - Preparing collection intializer : [com.joseph.entity.Client.orders#430]
10:08:08.845 [main] DEBUG org.hibernate.engine.loading.internal.CollectionLoadContext - 1 collections were found in result set for role: com.joseph.entity.Client.orders
10:08:08.845 [main] DEBUG org.hibernate.engine.loading.internal.CollectionLoadContext - Collection fully initialized: [com.joseph.entity.Client.orders#430]
10:08:08.845 [main] DEBUG org.hibernate.engine.loading.internal.CollectionLoadContext - 1 collections initialized for role: com.joseph.entity.Client.orders
10:08:08.846 [main] DEBUG org.hibernate.resource.jdbc.internal.ResourceRegistryStandardImpl - HHH000387: ResultSet's statement was not registered
10:08:08.846 [main] DEBUG org.hibernate.loader.collection.plan.AbstractLoadPlanBasedCollectionInitializer - Done loading collection
10:08:08.847 [main] DEBUG org.hibernate.loader.collection.plan.AbstractLoadPlanBasedCollectionInitializer - Loading collection: [com.joseph.entity.Client.orders#429]
10:08:08.847 [main] DEBUG org.hibernate.SQL - select orders0_.idclient as idclient5_1_0_, orders0_.idorder as idorder1_1_0_, orders0_.idorder as idorder1_1_1_, orders0_.idclient as idclient5_1_1_, orders0_.dateorder as dateorde2_1_1_, orders0_.statusorder as statusor3_1_1_, orders0_.totalorder as totalord4_1_1_ from order_table orders0_ where orders0_.idclient=?
10:08:08.849 [main] DEBUG org.hibernate.loader.plan.exec.process.internal.ResultSetProcessorImpl - Preparing collection intializer : [com.joseph.entity.Client.orders#429]
10:08:08.850 [main] DEBUG org.hibernate.engine.loading.internal.CollectionLoadContext - 1 collections were found in result set for role: com.joseph.entity.Client.orders
10:08:08.850 [main] DEBUG org.hibernate.engine.loading.internal.CollectionLoadContext - Collection fully initialized: [com.joseph.entity.Client.orders#429]
10:08:08.850 [main] DEBUG org.hibernate.engine.loading.internal.CollectionLoadContext - 1 collections initialized for role: com.joseph.entity.Client.orders
10:08:08.850 [main] DEBUG org.hibernate.resource.jdbc.internal.ResourceRegistryStandardImpl - HHH000387: ResultSet's statement was not registered
10:08:08.850 [main] DEBUG org.hibernate.loader.collection.plan.AbstractLoadPlanBasedCollectionInitializer - Done loading collection
10:08:08.850 [main] DEBUG org.springframework.orm.jpa.JpaTransactionManager - Found thread-bound EntityManager [SessionImpl(PersistenceContext[entityKeys=[EntityKey[com.joseph.entity.Client#430], EntityKey[com.joseph.entity.Client#429]],collectionKeys=[CollectionKey[com.joseph.entity.Client.orders#429], CollectionKey[com.joseph.entity.Client.orders#430]]];ActionQueue[insertions=ExecutableList{size=0} updates=ExecutableList{size=0} deletions=ExecutableList{size=2} orphanRemovals=ExecutableList{size=0} collectionCreations=ExecutableList{size=0} collectionRemovals=ExecutableList{size=0} collectionUpdates=ExecutableList{size=0} collectionQueuedOps=ExecutableList{size=0} unresolvedInsertDependencies=null])] for JPA transaction
10:08:08.851 [main] DEBUG org.springframework.orm.jpa.JpaTransactionManager - Participating in existing transaction
10:08:08.851 [main] DEBUG org.hibernate.engine.spi.ActionQueue - Executing identity-insert immediately
10:08:08.851 [main] DEBUG org.hibernate.SQL - insert into client (emailclient, nameclient) values (?, ?)
10:08:08.854 [main] DEBUG org.hibernate.id.IdentifierGeneratorHelper - Natively generated identity: 432
10:08:08.854 [main] DEBUG org.hibernate.resource.jdbc.internal.ResourceRegistryStandardImpl - HHH000387: ResultSet's statement was not registered
10:08:08.855 [main] DEBUG org.springframework.orm.jpa.JpaTransactionManager - Found thread-bound EntityManager [SessionImpl(PersistenceContext[entityKeys=[EntityKey[com.joseph.entity.Client#432], EntityKey[com.joseph.entity.Client#430], EntityKey[com.joseph.entity.Client#429]],collectionKeys=[CollectionKey[com.joseph.entity.Client.orders#429], CollectionKey[com.joseph.entity.Client.orders#430]]];ActionQueue[insertions=ExecutableList{size=0} updates=ExecutableList{size=0} deletions=ExecutableList{size=2} orphanRemovals=ExecutableList{size=0} collectionCreations=ExecutableList{size=0} collectionRemovals=ExecutableList{size=0} collectionUpdates=ExecutableList{size=0} collectionQueuedOps=ExecutableList{size=0} unresolvedInsertDependencies=null])] for JPA transaction
10:08:08.855 [main] DEBUG org.springframework.orm.jpa.JpaTransactionManager - Participating in existing transaction
10:08:08.856 [main] DEBUG org.hibernate.engine.spi.ActionQueue - Executing identity-insert immediately
10:08:08.856 [main] DEBUG org.hibernate.SQL - insert into client (emailclient, nameclient) values (?, ?)
10:08:08.857 [main] DEBUG org.hibernate.id.IdentifierGeneratorHelper - Natively generated identity: 433
10:08:08.858 [main] DEBUG org.hibernate.resource.jdbc.internal.ResourceRegistryStandardImpl - HHH000387: ResultSet's statement was not registered
10:08:08.858 [main] DEBUG org.springframework.orm.jpa.JpaTransactionManager - Found thread-bound EntityManager [SessionImpl(PersistenceContext[entityKeys=[EntityKey[com.joseph.entity.Client#432], EntityKey[com.joseph.entity.Client#433], EntityKey[com.joseph.entity.Client#430], EntityKey[com.joseph.entity.Client#429]],collectionKeys=[CollectionKey[com.joseph.entity.Client.orders#429], CollectionKey[com.joseph.entity.Client.orders#430]]];ActionQueue[insertions=ExecutableList{size=0} updates=ExecutableList{size=0} deletions=ExecutableList{size=2} orphanRemovals=ExecutableList{size=0} collectionCreations=ExecutableList{size=0} collectionRemovals=ExecutableList{size=0} collectionUpdates=ExecutableList{size=0} collectionQueuedOps=ExecutableList{size=0} unresolvedInsertDependencies=null])] for JPA transaction
10:08:08.858 [main] DEBUG org.springframework.orm.jpa.JpaTransactionManager - Participating in existing transaction
10:08:08.859 [main] DEBUG org.hibernate.engine.spi.ActionQueue - Executing identity-insert immediately
10:08:08.859 [main] DEBUG org.hibernate.SQL - insert into client (emailclient, nameclient) values (?, ?)
10:08:08.860 [main] DEBUG org.hibernate.id.IdentifierGeneratorHelper - Natively generated identity: 434
10:08:08.860 [main] DEBUG org.hibernate.resource.jdbc.internal.ResourceRegistryStandardImpl - HHH000387: ResultSet's statement was not registered
10:08:08.861 [main] DEBUG org.springframework.test.context.cache.DefaultCacheAwareContextLoaderDelegate - Retrieved ApplicationContext [254801937] from cache with key [[MergedContextConfiguration@5fbe4146 testClass = ClientServiceImplTest, locations = '{}', classes = '{class com.joseph.config.PersistenceJPAConfig}', contextInitializerClasses = '[]', activeProfiles = '{}', propertySourceLocations = '{}', propertySourceProperties = '{}', contextCustomizers = set[[empty]], contextLoader = 'org.springframework.test.context.support.DelegatingSmartContextLoader', parent = [null]]]
10:08:08.861 [main] DEBUG org.springframework.test.context.cache - Spring test ApplicationContext cache statistics: [DefaultContextCache@5261ec9 size = 1, maxSize = 32, parentContextCount = 0, hitCount = 11, missCount = 1]
10:08:08.862 [main] DEBUG org.springframework.orm.jpa.JpaTransactionManager - Found thread-bound EntityManager [SessionImpl(PersistenceContext[entityKeys=[EntityKey[com.joseph.entity.Client#432], EntityKey[com.joseph.entity.Client#434], EntityKey[com.joseph.entity.Client#433], EntityKey[com.joseph.entity.Client#430], EntityKey[com.joseph.entity.Client#429]],collectionKeys=[CollectionKey[com.joseph.entity.Client.orders#429], CollectionKey[com.joseph.entity.Client.orders#430]]];ActionQueue[insertions=ExecutableList{size=0} updates=ExecutableList{size=0} deletions=ExecutableList{size=2} orphanRemovals=ExecutableList{size=0} collectionCreations=ExecutableList{size=0} collectionRemovals=ExecutableList{size=0} collectionUpdates=ExecutableList{size=0} collectionQueuedOps=ExecutableList{size=0} unresolvedInsertDependencies=null])] for JPA transaction
10:08:08.862 [main] DEBUG org.springframework.orm.jpa.JpaTransactionManager - Participating in existing transaction
10:08:08.862 [main] DEBUG org.springframework.orm.jpa.JpaTransactionManager - Found thread-bound EntityManager [SessionImpl(PersistenceContext[entityKeys=[EntityKey[com.joseph.entity.Client#432], EntityKey[com.joseph.entity.Client#434], EntityKey[com.joseph.entity.Client#433], EntityKey[com.joseph.entity.Client#430], EntityKey[com.joseph.entity.Client#429]],collectionKeys=[CollectionKey[com.joseph.entity.Client.orders#429], CollectionKey[com.joseph.entity.Client.orders#430]]];ActionQueue[insertions=ExecutableList{size=0} updates=ExecutableList{size=0} deletions=ExecutableList{size=2} orphanRemovals=ExecutableList{size=0} collectionCreations=ExecutableList{size=0} collectionRemovals=ExecutableList{size=0} collectionUpdates=ExecutableList{size=0} collectionQueuedOps=ExecutableList{size=0} unresolvedInsertDependencies=null])] for JPA transaction
10:08:08.862 [main] DEBUG org.springframework.orm.jpa.JpaTransactionManager - Participating in existing transaction
10:08:08.863 [main] DEBUG org.hibernate.engine.spi.ActionQueue - Executing identity-insert immediately
10:08:08.863 [main] DEBUG org.hibernate.SQL - insert into client (emailclient, nameclient) values (?, ?)
10:08:08.865 [main] DEBUG org.hibernate.id.IdentifierGeneratorHelper - Natively generated identity: 435
10:08:08.865 [main] DEBUG org.hibernate.resource.jdbc.internal.ResourceRegistryStandardImpl - HHH000387: ResultSet's statement was not registered
10:08:08.865 [main] DEBUG org.springframework.orm.jpa.JpaTransactionManager - Found thread-bound EntityManager [SessionImpl(PersistenceContext[entityKeys=[EntityKey[com.joseph.entity.Client#432], EntityKey[com.joseph.entity.Client#434], EntityKey[com.joseph.entity.Client#433], EntityKey[com.joseph.entity.Client#435], EntityKey[com.joseph.entity.Client#430], EntityKey[com.joseph.entity.Client#429]],collectionKeys=[CollectionKey[com.joseph.entity.Client.orders#429], CollectionKey[com.joseph.entity.Client.orders#430]]];ActionQueue[insertions=ExecutableList{size=0} updates=ExecutableList{size=0} deletions=ExecutableList{size=2} orphanRemovals=ExecutableList{size=0} collectionCreations=ExecutableList{size=0} collectionRemovals=ExecutableList{size=0} collectionUpdates=ExecutableList{size=0} collectionQueuedOps=ExecutableList{size=0} unresolvedInsertDependencies=null])] for JPA transaction
10:08:08.865 [main] DEBUG org.springframework.orm.jpa.JpaTransactionManager - Participating in existing transaction
10:08:08.866 [main] DEBUG org.hibernate.query.criteria.internal.CriteriaQueryImpl - Rendered criteria query -> select generatedAlias0 from Client as generatedAlias0
10:08:08.866 [main] DEBUG org.hibernate.event.internal.AbstractFlushingEventListener - Processing flush-time cascades
10:08:08.866 [main] DEBUG org.hibernate.event.internal.AbstractFlushingEventListener - Dirty checking collections
10:08:08.867 [main] DEBUG org.hibernate.engine.internal.Collections - Collection found: [com.joseph.entity.Client.orders#432], was: [<unreferenced>] (initialized)
10:08:08.867 [main] DEBUG org.hibernate.engine.internal.Collections - Collection found: [com.joseph.entity.Client.orders#433], was: [<unreferenced>] (initialized)
10:08:08.867 [main] DEBUG org.hibernate.engine.internal.Collections - Collection found: [com.joseph.entity.Client.orders#434], was: [<unreferenced>] (initialized)
10:08:08.867 [main] DEBUG org.hibernate.engine.internal.Collections - Collection found: [com.joseph.entity.Client.orders#435], was: [<unreferenced>] (initialized)
10:08:08.867 [main] DEBUG org.hibernate.engine.internal.Collections - Collection dereferenced: [com.joseph.entity.Client.orders#430]
10:08:08.868 [main] DEBUG org.hibernate.engine.internal.Collections - Collection dereferenced: [com.joseph.entity.Client.orders#429]
10:08:08.868 [main] DEBUG org.hibernate.event.internal.AbstractFlushingEventListener - Flushed: 0 insertions, 0 updates, 2 deletions to 6 objects
10:08:08.868 [main] DEBUG org.hibernate.event.internal.AbstractFlushingEventListener - Flushed: 4 (re)creations, 0 updates, 2 removals to 6 collections
10:08:08.868 [main] DEBUG org.hibernate.internal.util.EntityPrinter - Listing entities:
10:08:08.868 [main] DEBUG org.hibernate.internal.util.EntityPrinter - com.joseph.entity.Client{nameclient=test, emailclient=test@test.com, orders=[], idclient=432}
10:08:08.868 [main] DEBUG org.hibernate.internal.util.EntityPrinter - com.joseph.entity.Client{nameclient=test, emailclient=test2@test.com, orders=[], idclient=434}
10:08:08.868 [main] DEBUG org.hibernate.internal.util.EntityPrinter - com.joseph.entity.Client{nameclient=test, emailclient=test1@test.com, orders=[], idclient=433}
10:08:08.869 [main] DEBUG org.hibernate.internal.util.EntityPrinter - com.joseph.entity.Client{nameclient=test4, emailclient=test4@test.com, orders=[], idclient=435}
10:08:08.869 [main] DEBUG org.hibernate.internal.util.EntityPrinter - com.joseph.entity.Client{nameclient=test, emailclient=test1@test.com, orders=[], idclient=430}
10:08:08.869 [main] DEBUG org.hibernate.internal.util.EntityPrinter - com.joseph.entity.Client{nameclient=test, emailclient=test@test.com, orders=[], idclient=429}
10:08:08.869 [main] DEBUG org.hibernate.engine.spi.ActionQueue - Changes must be flushed to space: client
10:08:08.870 [main] DEBUG org.hibernate.SQL - delete from client where idclient=?
10:08:08.872 [main] DEBUG org.hibernate.SQL - delete from client where idclient=?
10:08:08.874 [main] DEBUG org.hibernate.SQL - select client0_.idclient as idclient1_0_, client0_.emailclient as emailcli2_0_, client0_.nameclient as nameclie3_0_ from client client0_
10:08:08.877 [main] DEBUG org.hibernate.loader.Loader - Result set row: 0
10:08:08.877 [main] DEBUG org.hibernate.loader.Loader - Result row: EntityKey[com.joseph.entity.Client#435]
10:08:08.877 [main] DEBUG org.hibernate.loader.Loader - Result set row: 1
10:08:08.878 [main] DEBUG org.hibernate.loader.Loader - Result row: EntityKey[com.joseph.entity.Client#434]
10:08:08.878 [main] DEBUG org.hibernate.loader.Loader - Result set row: 2
10:08:08.878 [main] DEBUG org.hibernate.loader.Loader - Result row: EntityKey[com.joseph.entity.Client#433]
10:08:08.878 [main] DEBUG org.hibernate.loader.Loader - Result set row: 3
10:08:08.878 [main] DEBUG org.hibernate.loader.Loader - Result row: EntityKey[com.joseph.entity.Client#432]
10:08:08.879 [main] DEBUG org.springframework.test.context.cache.DefaultCacheAwareContextLoaderDelegate - Retrieved ApplicationContext [254801937] from cache with key [[MergedContextConfiguration@5fbe4146 testClass = ClientServiceImplTest, locations = '{}', classes = '{class com.joseph.config.PersistenceJPAConfig}', contextInitializerClasses = '[]', activeProfiles = '{}', propertySourceLocations = '{}', propertySourceProperties = '{}', contextCustomizers = set[[empty]], contextLoader = 'org.springframework.test.context.support.DelegatingSmartContextLoader', parent = [null]]]
10:08:08.879 [main] DEBUG org.springframework.test.context.cache - Spring test ApplicationContext cache statistics: [DefaultContextCache@5261ec9 size = 1, maxSize = 32, parentContextCount = 0, hitCount = 12, missCount = 1]
10:08:08.880 [main] DEBUG org.springframework.orm.jpa.JpaTransactionManager - Found thread-bound EntityManager [SessionImpl(PersistenceContext[entityKeys=[EntityKey[com.joseph.entity.Client#432], EntityKey[com.joseph.entity.Client#434], EntityKey[com.joseph.entity.Client#433], EntityKey[com.joseph.entity.Client#435]],collectionKeys=[CollectionKey[com.joseph.entity.Client.orders#432], CollectionKey[com.joseph.entity.Client.orders#433], CollectionKey[com.joseph.entity.Client.orders#434], CollectionKey[com.joseph.entity.Client.orders#435]]];ActionQueue[insertions=ExecutableList{size=0} updates=ExecutableList{size=0} deletions=ExecutableList{size=0} orphanRemovals=ExecutableList{size=0} collectionCreations=ExecutableList{size=0} collectionRemovals=ExecutableList{size=0} collectionUpdates=ExecutableList{size=0} collectionQueuedOps=ExecutableList{size=0} unresolvedInsertDependencies=null])] for JPA transaction
10:08:08.881 [main] DEBUG org.springframework.orm.jpa.JpaTransactionManager - Participating in existing transaction
10:08:08.881 [main] DEBUG org.hibernate.query.criteria.internal.CriteriaQueryImpl - Rendered criteria query -> select generatedAlias0 from Client as generatedAlias0
10:08:08.881 [main] DEBUG org.hibernate.event.internal.AbstractFlushingEventListener - Processing flush-time cascades
10:08:08.882 [main] DEBUG org.hibernate.event.internal.AbstractFlushingEventListener - Dirty checking collections
10:08:08.882 [main] DEBUG org.hibernate.engine.internal.Collections - Collection found: [com.joseph.entity.Client.orders#432], was: [com.joseph.entity.Client.orders#432] (initialized)
10:08:08.882 [main] DEBUG org.hibernate.engine.internal.Collections - Collection found: [com.joseph.entity.Client.orders#433], was: [com.joseph.entity.Client.orders#433] (initialized)
10:08:08.882 [main] DEBUG org.hibernate.engine.internal.Collections - Collection found: [com.joseph.entity.Client.orders#434], was: [com.joseph.entity.Client.orders#434] (initialized)
10:08:08.882 [main] DEBUG org.hibernate.engine.internal.Collections - Collection found: [com.joseph.entity.Client.orders#435], was: [com.joseph.entity.Client.orders#435] (initialized)
10:08:08.883 [main] DEBUG org.hibernate.event.internal.AbstractFlushingEventListener - Flushed: 0 insertions, 0 updates, 0 deletions to 4 objects
10:08:08.883 [main] DEBUG org.hibernate.event.internal.AbstractFlushingEventListener - Flushed: 0 (re)creations, 0 updates, 0 removals to 4 collections
10:08:08.883 [main] DEBUG org.hibernate.internal.util.EntityPrinter - Listing entities:
10:08:08.883 [main] DEBUG org.hibernate.internal.util.EntityPrinter - com.joseph.entity.Client{nameclient=test, emailclient=test@test.com, orders=[], idclient=432}
10:08:08.883 [main] DEBUG org.hibernate.internal.util.EntityPrinter - com.joseph.entity.Client{nameclient=test, emailclient=test2@test.com, orders=[], idclient=434}
10:08:08.883 [main] DEBUG org.hibernate.internal.util.EntityPrinter - com.joseph.entity.Client{nameclient=test, emailclient=test1@test.com, orders=[], idclient=433}
10:08:08.883 [main] DEBUG org.hibernate.internal.util.EntityPrinter - com.joseph.entity.Client{nameclient=test4, emailclient=test4@test.com, orders=[], idclient=435}
10:08:08.883 [main] DEBUG org.hibernate.SQL - select client0_.idclient as idclient1_0_, client0_.emailclient as emailcli2_0_, client0_.nameclient as nameclie3_0_ from client client0_
10:08:08.885 [main] DEBUG org.hibernate.loader.Loader - Result set row: 0
10:08:08.885 [main] DEBUG org.hibernate.loader.Loader - Result row: EntityKey[com.joseph.entity.Client#435]
10:08:08.885 [main] DEBUG org.hibernate.loader.Loader - Result set row: 1
10:08:08.885 [main] DEBUG org.hibernate.loader.Loader - Result row: EntityKey[com.joseph.entity.Client#434]
10:08:08.885 [main] DEBUG org.hibernate.loader.Loader - Result set row: 2
10:08:08.885 [main] DEBUG org.hibernate.loader.Loader - Result row: EntityKey[com.joseph.entity.Client#433]
10:08:08.885 [main] DEBUG org.hibernate.loader.Loader - Result set row: 3
10:08:08.886 [main] DEBUG org.hibernate.loader.Loader - Result row: EntityKey[com.joseph.entity.Client#432]
10:08:08.887 [main] DEBUG org.springframework.test.context.cache.DefaultCacheAwareContextLoaderDelegate - Retrieved ApplicationContext [254801937] from cache with key [[MergedContextConfiguration@5fbe4146 testClass = ClientServiceImplTest, locations = '{}', classes = '{class com.joseph.config.PersistenceJPAConfig}', contextInitializerClasses = '[]', activeProfiles = '{}', propertySourceLocations = '{}', propertySourceProperties = '{}', contextCustomizers = set[[empty]], contextLoader = 'org.springframework.test.context.support.DelegatingSmartContextLoader', parent = [null]]]
10:08:08.887 [main] DEBUG org.springframework.test.context.cache - Spring test ApplicationContext cache statistics: [DefaultContextCache@5261ec9 size = 1, maxSize = 32, parentContextCount = 0, hitCount = 13, missCount = 1]
10:08:08.887 [main] DEBUG org.springframework.orm.jpa.JpaTransactionManager - Initiating transaction rollback
10:08:08.888 [main] DEBUG org.springframework.orm.jpa.JpaTransactionManager - Rolling back JPA transaction on EntityManager [SessionImpl(PersistenceContext[entityKeys=[EntityKey[com.joseph.entity.Client#432], EntityKey[com.joseph.entity.Client#434], EntityKey[com.joseph.entity.Client#433], EntityKey[com.joseph.entity.Client#435]],collectionKeys=[CollectionKey[com.joseph.entity.Client.orders#432], CollectionKey[com.joseph.entity.Client.orders#433], CollectionKey[com.joseph.entity.Client.orders#434], CollectionKey[com.joseph.entity.Client.orders#435]]];ActionQueue[insertions=ExecutableList{size=0} updates=ExecutableList{size=0} deletions=ExecutableList{size=4} orphanRemovals=ExecutableList{size=0} collectionCreations=ExecutableList{size=0} collectionRemovals=ExecutableList{size=0} collectionUpdates=ExecutableList{size=0} collectionQueuedOps=ExecutableList{size=0} unresolvedInsertDependencies=null])]
10:08:08.888 [main] DEBUG org.hibernate.engine.transaction.internal.TransactionImpl - rolling back
10:08:08.889 [main] DEBUG org.springframework.orm.jpa.JpaTransactionManager - Closing JPA EntityManager [SessionImpl(PersistenceContext[entityKeys=[],collectionKeys=[]];ActionQueue[insertions=ExecutableList{size=0} updates=ExecutableList{size=0} deletions=ExecutableList{size=0} orphanRemovals=ExecutableList{size=0} collectionCreations=ExecutableList{size=0} collectionRemovals=ExecutableList{size=0} collectionUpdates=ExecutableList{size=0} collectionQueuedOps=ExecutableList{size=0} unresolvedInsertDependencies=null])] after transaction
10:08:08.889 [main] DEBUG org.hibernate.engine.jdbc.internal.JdbcCoordinatorImpl - HHH000420: Closing un-released batch
10:08:08.890 [main] INFO org.springframework.test.context.transaction.TransactionContext - Rolled back transaction for test: [DefaultTestContext@79d8407f testClass = ClientServiceImplTest, testInstance = com.joseph.service.Impl.ClientServiceImplTest@4aa31ffc, testMethod = testSaveClient@ClientServiceImplTest, testException = [null], mergedContextConfiguration = [MergedContextConfiguration@5fbe4146 testClass = ClientServiceImplTest, locations = '{}', classes = '{class com.joseph.config.PersistenceJPAConfig}', contextInitializerClasses = '[]', activeProfiles = '{}', propertySourceLocations = '{}', propertySourceProperties = '{}', contextCustomizers = set[[empty]], contextLoader = 'org.springframework.test.context.support.DelegatingSmartContextLoader', parent = [null]], attributes = map[[empty]]]
10:08:08.890 [main] DEBUG org.springframework.test.context.support.AbstractDirtiesContextTestExecutionListener - After test method: context [DefaultTestContext@79d8407f testClass = ClientServiceImplTest, testInstance = com.joseph.service.Impl.ClientServiceImplTest@4aa31ffc, testMethod = testSaveClient@ClientServiceImplTest, testException = [null], mergedContextConfiguration = [MergedContextConfiguration@5fbe4146 testClass = ClientServiceImplTest, locations = '{}', classes = '{class com.joseph.config.PersistenceJPAConfig}', contextInitializerClasses = '[]', activeProfiles = '{}', propertySourceLocations = '{}', propertySourceProperties = '{}', contextCustomizers = set[[empty]], contextLoader = 'org.springframework.test.context.support.DelegatingSmartContextLoader', parent = [null]], attributes = map[[empty]]], class annotated with @DirtiesContext [false] with mode [null], method annotated with @DirtiesContext [false] with mode [null].
]]></system-out>
  </testcase>
  <testcase name="TestGetClients" classname="com.joseph.service.Impl.ClientServiceImplTest" time="0.074">
    <system-out><![CDATA[10:08:08.892 [main] DEBUG org.springframework.test.context.support.DependencyInjectionTestExecutionListener - Performing dependency injection for test context [[DefaultTestContext@79d8407f testClass = ClientServiceImplTest, testInstance = com.joseph.service.Impl.ClientServiceImplTest@52559a69, testMethod = [null], testException = [null], mergedContextConfiguration = [MergedContextConfiguration@5fbe4146 testClass = ClientServiceImplTest, locations = '{}', classes = '{class com.joseph.config.PersistenceJPAConfig}', contextInitializerClasses = '[]', activeProfiles = '{}', propertySourceLocations = '{}', propertySourceProperties = '{}', contextCustomizers = set[[empty]], contextLoader = 'org.springframework.test.context.support.DelegatingSmartContextLoader', parent = [null]], attributes = map[[empty]]]].
10:08:08.892 [main] DEBUG org.springframework.test.context.cache.DefaultCacheAwareContextLoaderDelegate - Retrieved ApplicationContext [254801937] from cache with key [[MergedContextConfiguration@5fbe4146 testClass = ClientServiceImplTest, locations = '{}', classes = '{class com.joseph.config.PersistenceJPAConfig}', contextInitializerClasses = '[]', activeProfiles = '{}', propertySourceLocations = '{}', propertySourceProperties = '{}', contextCustomizers = set[[empty]], contextLoader = 'org.springframework.test.context.support.DelegatingSmartContextLoader', parent = [null]]]
10:08:08.892 [main] DEBUG org.springframework.test.context.cache - Spring test ApplicationContext cache statistics: [DefaultContextCache@5261ec9 size = 1, maxSize = 32, parentContextCount = 0, hitCount = 14, missCount = 1]
10:08:08.893 [main] DEBUG org.springframework.test.context.cache.DefaultCacheAwareContextLoaderDelegate - Retrieved ApplicationContext [254801937] from cache with key [[MergedContextConfiguration@5fbe4146 testClass = ClientServiceImplTest, locations = '{}', classes = '{class com.joseph.config.PersistenceJPAConfig}', contextInitializerClasses = '[]', activeProfiles = '{}', propertySourceLocations = '{}', propertySourceProperties = '{}', contextCustomizers = set[[empty]], contextLoader = 'org.springframework.test.context.support.DelegatingSmartContextLoader', parent = [null]]]
10:08:08.893 [main] DEBUG org.springframework.test.context.cache - Spring test ApplicationContext cache statistics: [DefaultContextCache@5261ec9 size = 1, maxSize = 32, parentContextCount = 0, hitCount = 15, missCount = 1]
10:08:08.898 [main] DEBUG org.springframework.test.context.support.AbstractDirtiesContextTestExecutionListener - Before test method: context [DefaultTestContext@79d8407f testClass = ClientServiceImplTest, testInstance = com.joseph.service.Impl.ClientServiceImplTest@52559a69, testMethod = TestGetClients@ClientServiceImplTest, testException = [null], mergedContextConfiguration = [MergedContextConfiguration@5fbe4146 testClass = ClientServiceImplTest, locations = '{}', classes = '{class com.joseph.config.PersistenceJPAConfig}', contextInitializerClasses = '[]', activeProfiles = '{}', propertySourceLocations = '{}', propertySourceProperties = '{}', contextCustomizers = set[[empty]], contextLoader = 'org.springframework.test.context.support.DelegatingSmartContextLoader', parent = [null]], attributes = map[[empty]]], class annotated with @DirtiesContext [false] with mode [null], method annotated with @DirtiesContext [false] with mode [null].
10:08:08.899 [main] DEBUG org.springframework.test.context.transaction.TransactionalTestExecutionListener - Explicit transaction definition [PROPAGATION_REQUIRED,ISOLATION_DEFAULT] found for test context [DefaultTestContext@79d8407f testClass = ClientServiceImplTest, testInstance = com.joseph.service.Impl.ClientServiceImplTest@52559a69, testMethod = TestGetClients@ClientServiceImplTest, testException = [null], mergedContextConfiguration = [MergedContextConfiguration@5fbe4146 testClass = ClientServiceImplTest, locations = '{}', classes = '{class com.joseph.config.PersistenceJPAConfig}', contextInitializerClasses = '[]', activeProfiles = '{}', propertySourceLocations = '{}', propertySourceProperties = '{}', contextCustomizers = set[[empty]], contextLoader = 'org.springframework.test.context.support.DelegatingSmartContextLoader', parent = [null]], attributes = map[[empty]]]
10:08:08.899 [main] DEBUG org.springframework.test.context.cache.DefaultCacheAwareContextLoaderDelegate - Retrieved ApplicationContext [254801937] from cache with key [[MergedContextConfiguration@5fbe4146 testClass = ClientServiceImplTest, locations = '{}', classes = '{class com.joseph.config.PersistenceJPAConfig}', contextInitializerClasses = '[]', activeProfiles = '{}', propertySourceLocations = '{}', propertySourceProperties = '{}', contextCustomizers = set[[empty]], contextLoader = 'org.springframework.test.context.support.DelegatingSmartContextLoader', parent = [null]]]
10:08:08.899 [main] DEBUG org.springframework.test.context.cache - Spring test ApplicationContext cache statistics: [DefaultContextCache@5261ec9 size = 1, maxSize = 32, parentContextCount = 0, hitCount = 16, missCount = 1]
10:08:08.900 [main] DEBUG org.springframework.test.context.transaction.TransactionalTestExecutionListener - No method-level @Rollback override: using default rollback [true] for test context [DefaultTestContext@79d8407f testClass = ClientServiceImplTest, testInstance = com.joseph.service.Impl.ClientServiceImplTest@52559a69, testMethod = TestGetClients@ClientServiceImplTest, testException = [null], mergedContextConfiguration = [MergedContextConfiguration@5fbe4146 testClass = ClientServiceImplTest, locations = '{}', classes = '{class com.joseph.config.PersistenceJPAConfig}', contextInitializerClasses = '[]', activeProfiles = '{}', propertySourceLocations = '{}', propertySourceProperties = '{}', contextCustomizers = set[[empty]], contextLoader = 'org.springframework.test.context.support.DelegatingSmartContextLoader', parent = [null]], attributes = map[[empty]]].
10:08:08.900 [main] DEBUG org.springframework.orm.jpa.JpaTransactionManager - Creating new transaction with name [com.joseph.service.Impl.ClientServiceImplTest.TestGetClients]: PROPAGATION_REQUIRED,ISOLATION_DEFAULT
10:08:08.900 [main] DEBUG org.springframework.orm.jpa.JpaTransactionManager - Opened new EntityManager [SessionImpl(PersistenceContext[entityKeys=[],collectionKeys=[]];ActionQueue[insertions=ExecutableList{size=0} updates=ExecutableList{size=0} deletions=ExecutableList{size=0} orphanRemovals=ExecutableList{size=0} collectionCreations=ExecutableList{size=0} collectionRemovals=ExecutableList{size=0} collectionUpdates=ExecutableList{size=0} collectionQueuedOps=ExecutableList{size=0} unresolvedInsertDependencies=null])] for JPA transaction
10:08:08.900 [main] DEBUG org.hibernate.engine.transaction.internal.TransactionImpl - begin
10:08:08.900 [main] DEBUG org.springframework.jdbc.datasource.DriverManagerDataSource - Creating new JDBC DriverManager Connection to [jdbc:mysql://localhost:3306/testcraftcore?useSSL=false&useTimezone=true&serverTimezone=UTC]
10:08:08.906 [main] DEBUG org.springframework.orm.jpa.JpaTransactionManager - Exposing JPA transaction as JDBC [org.springframework.orm.jpa.vendor.HibernateJpaDialect$HibernateConnectionHandle@1039bfc4]
10:08:08.907 [main] INFO org.springframework.test.context.transaction.TransactionContext - Began transaction (1) for test context [DefaultTestContext@79d8407f testClass = ClientServiceImplTest, testInstance = com.joseph.service.Impl.ClientServiceImplTest@52559a69, testMethod = TestGetClients@ClientServiceImplTest, testException = [null], mergedContextConfiguration = [MergedContextConfiguration@5fbe4146 testClass = ClientServiceImplTest, locations = '{}', classes = '{class com.joseph.config.PersistenceJPAConfig}', contextInitializerClasses = '[]', activeProfiles = '{}', propertySourceLocations = '{}', propertySourceProperties = '{}', contextCustomizers = set[[empty]], contextLoader = 'org.springframework.test.context.support.DelegatingSmartContextLoader', parent = [null]], attributes = map[[empty]]]; transaction manager [org.springframework.orm.jpa.JpaTransactionManager@5f5827d0]; rollback [true]
10:08:08.907 [main] DEBUG org.springframework.test.context.cache.DefaultCacheAwareContextLoaderDelegate - Retrieved ApplicationContext [254801937] from cache with key [[MergedContextConfiguration@5fbe4146 testClass = ClientServiceImplTest, locations = '{}', classes = '{class com.joseph.config.PersistenceJPAConfig}', contextInitializerClasses = '[]', activeProfiles = '{}', propertySourceLocations = '{}', propertySourceProperties = '{}', contextCustomizers = set[[empty]], contextLoader = 'org.springframework.test.context.support.DelegatingSmartContextLoader', parent = [null]]]
10:08:08.907 [main] DEBUG org.springframework.test.context.cache - Spring test ApplicationContext cache statistics: [DefaultContextCache@5261ec9 size = 1, maxSize = 32, parentContextCount = 0, hitCount = 17, missCount = 1]
10:08:08.908 [main] DEBUG org.springframework.orm.jpa.JpaTransactionManager - Found thread-bound EntityManager [SessionImpl(PersistenceContext[entityKeys=[],collectionKeys=[]];ActionQueue[insertions=ExecutableList{size=0} updates=ExecutableList{size=0} deletions=ExecutableList{size=0} orphanRemovals=ExecutableList{size=0} collectionCreations=ExecutableList{size=0} collectionRemovals=ExecutableList{size=0} collectionUpdates=ExecutableList{size=0} collectionQueuedOps=ExecutableList{size=0} unresolvedInsertDependencies=null])] for JPA transaction
10:08:08.908 [main] DEBUG org.springframework.orm.jpa.JpaTransactionManager - Participating in existing transaction
10:08:08.908 [main] DEBUG org.hibernate.query.criteria.internal.CriteriaQueryImpl - Rendered criteria query -> select generatedAlias0 from Client as generatedAlias0
10:08:08.909 [main] DEBUG org.hibernate.SQL - select client0_.idclient as idclient1_0_, client0_.emailclient as emailcli2_0_, client0_.nameclient as nameclie3_0_ from client client0_
10:08:08.911 [main] DEBUG org.hibernate.loader.Loader - Result set row: 0
10:08:08.911 [main] DEBUG org.hibernate.loader.Loader - Result row: EntityKey[com.joseph.entity.Client#435]
10:08:08.911 [main] DEBUG org.hibernate.loader.Loader - Result set row: 1
10:08:08.912 [main] DEBUG org.hibernate.loader.Loader - Result row: EntityKey[com.joseph.entity.Client#434]
10:08:08.912 [main] DEBUG org.hibernate.loader.Loader - Result set row: 2
10:08:08.912 [main] DEBUG org.hibernate.loader.Loader - Result row: EntityKey[com.joseph.entity.Client#433]
10:08:08.913 [main] DEBUG org.hibernate.loader.Loader - Result set row: 3
10:08:08.913 [main] DEBUG org.hibernate.loader.Loader - Result row: EntityKey[com.joseph.entity.Client#432]
10:08:08.914 [main] DEBUG org.hibernate.engine.internal.TwoPhaseLoad - Resolving associations for [com.joseph.entity.Client#435]
10:08:08.914 [main] DEBUG org.hibernate.engine.internal.TwoPhaseLoad - Done materializing entity [com.joseph.entity.Client#435]
10:08:08.914 [main] DEBUG org.hibernate.engine.internal.TwoPhaseLoad - Resolving associations for [com.joseph.entity.Client#434]
10:08:08.914 [main] DEBUG org.hibernate.engine.internal.TwoPhaseLoad - Done materializing entity [com.joseph.entity.Client#434]
10:08:08.914 [main] DEBUG org.hibernate.engine.internal.TwoPhaseLoad - Resolving associations for [com.joseph.entity.Client#433]
10:08:08.914 [main] DEBUG org.hibernate.engine.internal.TwoPhaseLoad - Done materializing entity [com.joseph.entity.Client#433]
10:08:08.914 [main] DEBUG org.hibernate.engine.internal.TwoPhaseLoad - Resolving associations for [com.joseph.entity.Client#432]
10:08:08.915 [main] DEBUG org.hibernate.engine.internal.TwoPhaseLoad - Done materializing entity [com.joseph.entity.Client#432]
10:08:08.915 [main] DEBUG org.hibernate.loader.collection.plan.AbstractLoadPlanBasedCollectionInitializer - Loading collection: [com.joseph.entity.Client.orders#435]
10:08:08.915 [main] DEBUG org.hibernate.SQL - select orders0_.idclient as idclient5_1_0_, orders0_.idorder as idorder1_1_0_, orders0_.idorder as idorder1_1_1_, orders0_.idclient as idclient5_1_1_, orders0_.dateorder as dateorde2_1_1_, orders0_.statusorder as statusor3_1_1_, orders0_.totalorder as totalord4_1_1_ from order_table orders0_ where orders0_.idclient=?
10:08:08.917 [main] DEBUG org.hibernate.loader.plan.exec.process.internal.ResultSetProcessorImpl - Preparing collection intializer : [com.joseph.entity.Client.orders#435]
10:08:08.917 [main] DEBUG org.hibernate.engine.loading.internal.CollectionLoadContext - 1 collections were found in result set for role: com.joseph.entity.Client.orders
10:08:08.917 [main] DEBUG org.hibernate.engine.loading.internal.CollectionLoadContext - Collection fully initialized: [com.joseph.entity.Client.orders#435]
10:08:08.917 [main] DEBUG org.hibernate.engine.loading.internal.CollectionLoadContext - 1 collections initialized for role: com.joseph.entity.Client.orders
10:08:08.917 [main] DEBUG org.hibernate.resource.jdbc.internal.ResourceRegistryStandardImpl - HHH000387: ResultSet's statement was not registered
10:08:08.917 [main] DEBUG org.hibernate.loader.collection.plan.AbstractLoadPlanBasedCollectionInitializer - Done loading collection
10:08:08.918 [main] DEBUG org.hibernate.loader.collection.plan.AbstractLoadPlanBasedCollectionInitializer - Loading collection: [com.joseph.entity.Client.orders#434]
10:08:08.918 [main] DEBUG org.hibernate.SQL - select orders0_.idclient as idclient5_1_0_, orders0_.idorder as idorder1_1_0_, orders0_.idorder as idorder1_1_1_, orders0_.idclient as idclient5_1_1_, orders0_.dateorder as dateorde2_1_1_, orders0_.statusorder as statusor3_1_1_, orders0_.totalorder as totalord4_1_1_ from order_table orders0_ where orders0_.idclient=?
10:08:08.920 [main] DEBUG org.hibernate.loader.plan.exec.process.internal.ResultSetProcessorImpl - Preparing collection intializer : [com.joseph.entity.Client.orders#434]
10:08:08.920 [main] DEBUG org.hibernate.engine.loading.internal.CollectionLoadContext - 1 collections were found in result set for role: com.joseph.entity.Client.orders
10:08:08.920 [main] DEBUG org.hibernate.engine.loading.internal.CollectionLoadContext - Collection fully initialized: [com.joseph.entity.Client.orders#434]
10:08:08.920 [main] DEBUG org.hibernate.engine.loading.internal.CollectionLoadContext - 1 collections initialized for role: com.joseph.entity.Client.orders
10:08:08.921 [main] DEBUG org.hibernate.resource.jdbc.internal.ResourceRegistryStandardImpl - HHH000387: ResultSet's statement was not registered
10:08:08.921 [main] DEBUG org.hibernate.loader.collection.plan.AbstractLoadPlanBasedCollectionInitializer - Done loading collection
10:08:08.921 [main] DEBUG org.hibernate.loader.collection.plan.AbstractLoadPlanBasedCollectionInitializer - Loading collection: [com.joseph.entity.Client.orders#433]
10:08:08.921 [main] DEBUG org.hibernate.SQL - select orders0_.idclient as idclient5_1_0_, orders0_.idorder as idorder1_1_0_, orders0_.idorder as idorder1_1_1_, orders0_.idclient as idclient5_1_1_, orders0_.dateorder as dateorde2_1_1_, orders0_.statusorder as statusor3_1_1_, orders0_.totalorder as totalord4_1_1_ from order_table orders0_ where orders0_.idclient=?
10:08:08.923 [main] DEBUG org.hibernate.loader.plan.exec.process.internal.ResultSetProcessorImpl - Preparing collection intializer : [com.joseph.entity.Client.orders#433]
10:08:08.924 [main] DEBUG org.hibernate.engine.loading.internal.CollectionLoadContext - 1 collections were found in result set for role: com.joseph.entity.Client.orders
10:08:08.924 [main] DEBUG org.hibernate.engine.loading.internal.CollectionLoadContext - Collection fully initialized: [com.joseph.entity.Client.orders#433]
10:08:08.924 [main] DEBUG org.hibernate.engine.loading.internal.CollectionLoadContext - 1 collections initialized for role: com.joseph.entity.Client.orders
10:08:08.924 [main] DEBUG org.hibernate.resource.jdbc.internal.ResourceRegistryStandardImpl - HHH000387: ResultSet's statement was not registered
10:08:08.924 [main] DEBUG org.hibernate.loader.collection.plan.AbstractLoadPlanBasedCollectionInitializer - Done loading collection
10:08:08.924 [main] DEBUG org.hibernate.loader.collection.plan.AbstractLoadPlanBasedCollectionInitializer - Loading collection: [com.joseph.entity.Client.orders#432]
10:08:08.924 [main] DEBUG org.hibernate.SQL - select orders0_.idclient as idclient5_1_0_, orders0_.idorder as idorder1_1_0_, orders0_.idorder as idorder1_1_1_, orders0_.idclient as idclient5_1_1_, orders0_.dateorder as dateorde2_1_1_, orders0_.statusorder as statusor3_1_1_, orders0_.totalorder as totalord4_1_1_ from order_table orders0_ where orders0_.idclient=?
10:08:08.926 [main] DEBUG org.hibernate.loader.plan.exec.process.internal.ResultSetProcessorImpl - Preparing collection intializer : [com.joseph.entity.Client.orders#432]
10:08:08.926 [main] DEBUG org.hibernate.engine.loading.internal.CollectionLoadContext - 1 collections were found in result set for role: com.joseph.entity.Client.orders
10:08:08.926 [main] DEBUG org.hibernate.engine.loading.internal.CollectionLoadContext - Collection fully initialized: [com.joseph.entity.Client.orders#432]
10:08:08.926 [main] DEBUG org.hibernate.engine.loading.internal.CollectionLoadContext - 1 collections initialized for role: com.joseph.entity.Client.orders
10:08:08.926 [main] DEBUG org.hibernate.resource.jdbc.internal.ResourceRegistryStandardImpl - HHH000387: ResultSet's statement was not registered
10:08:08.926 [main] DEBUG org.hibernate.loader.collection.plan.AbstractLoadPlanBasedCollectionInitializer - Done loading collection
10:08:08.927 [main] DEBUG org.springframework.orm.jpa.JpaTransactionManager - Found thread-bound EntityManager [SessionImpl(PersistenceContext[entityKeys=[EntityKey[com.joseph.entity.Client#432], EntityKey[com.joseph.entity.Client#434], EntityKey[com.joseph.entity.Client#433], EntityKey[com.joseph.entity.Client#435]],collectionKeys=[CollectionKey[com.joseph.entity.Client.orders#432], CollectionKey[com.joseph.entity.Client.orders#433], CollectionKey[com.joseph.entity.Client.orders#434], CollectionKey[com.joseph.entity.Client.orders#435]]];ActionQueue[insertions=ExecutableList{size=0} updates=ExecutableList{size=0} deletions=ExecutableList{size=4} orphanRemovals=ExecutableList{size=0} collectionCreations=ExecutableList{size=0} collectionRemovals=ExecutableList{size=0} collectionUpdates=ExecutableList{size=0} collectionQueuedOps=ExecutableList{size=0} unresolvedInsertDependencies=null])] for JPA transaction
10:08:08.927 [main] DEBUG org.springframework.orm.jpa.JpaTransactionManager - Participating in existing transaction
10:08:08.927 [main] DEBUG org.hibernate.engine.spi.ActionQueue - Executing identity-insert immediately
10:08:08.928 [main] DEBUG org.hibernate.SQL - insert into client (emailclient, nameclient) values (?, ?)
10:08:08.929 [main] DEBUG org.hibernate.id.IdentifierGeneratorHelper - Natively generated identity: 436
10:08:08.929 [main] DEBUG org.hibernate.resource.jdbc.internal.ResourceRegistryStandardImpl - HHH000387: ResultSet's statement was not registered
10:08:08.930 [main] DEBUG org.springframework.orm.jpa.JpaTransactionManager - Found thread-bound EntityManager [SessionImpl(PersistenceContext[entityKeys=[EntityKey[com.joseph.entity.Client#432], EntityKey[com.joseph.entity.Client#434], EntityKey[com.joseph.entity.Client#433], EntityKey[com.joseph.entity.Client#436], EntityKey[com.joseph.entity.Client#435]],collectionKeys=[CollectionKey[com.joseph.entity.Client.orders#432], CollectionKey[com.joseph.entity.Client.orders#433], CollectionKey[com.joseph.entity.Client.orders#434], CollectionKey[com.joseph.entity.Client.orders#435]]];ActionQueue[insertions=ExecutableList{size=0} updates=ExecutableList{size=0} deletions=ExecutableList{size=4} orphanRemovals=ExecutableList{size=0} collectionCreations=ExecutableList{size=0} collectionRemovals=ExecutableList{size=0} collectionUpdates=ExecutableList{size=0} collectionQueuedOps=ExecutableList{size=0} unresolvedInsertDependencies=null])] for JPA transaction
10:08:08.930 [main] DEBUG org.springframework.orm.jpa.JpaTransactionManager - Participating in existing transaction
10:08:08.930 [main] DEBUG org.hibernate.engine.spi.ActionQueue - Executing identity-insert immediately
10:08:08.930 [main] DEBUG org.hibernate.SQL - insert into client (emailclient, nameclient) values (?, ?)
10:08:08.932 [main] DEBUG org.hibernate.id.IdentifierGeneratorHelper - Natively generated identity: 437
10:08:08.933 [main] DEBUG org.hibernate.resource.jdbc.internal.ResourceRegistryStandardImpl - HHH000387: ResultSet's statement was not registered
10:08:08.934 [main] DEBUG org.springframework.orm.jpa.JpaTransactionManager - Found thread-bound EntityManager [SessionImpl(PersistenceContext[entityKeys=[EntityKey[com.joseph.entity.Client#432], EntityKey[com.joseph.entity.Client#434], EntityKey[com.joseph.entity.Client#433], EntityKey[com.joseph.entity.Client#436], EntityKey[com.joseph.entity.Client#435], EntityKey[com.joseph.entity.Client#437]],collectionKeys=[CollectionKey[com.joseph.entity.Client.orders#432], CollectionKey[com.joseph.entity.Client.orders#433], CollectionKey[com.joseph.entity.Client.orders#434], CollectionKey[com.joseph.entity.Client.orders#435]]];ActionQueue[insertions=ExecutableList{size=0} updates=ExecutableList{size=0} deletions=ExecutableList{size=4} orphanRemovals=ExecutableList{size=0} collectionCreations=ExecutableList{size=0} collectionRemovals=ExecutableList{size=0} collectionUpdates=ExecutableList{size=0} collectionQueuedOps=ExecutableList{size=0} unresolvedInsertDependencies=null])] for JPA transaction
10:08:08.934 [main] DEBUG org.springframework.orm.jpa.JpaTransactionManager - Participating in existing transaction
10:08:08.935 [main] DEBUG org.hibernate.engine.spi.ActionQueue - Executing identity-insert immediately
10:08:08.936 [main] DEBUG org.hibernate.SQL - insert into client (emailclient, nameclient) values (?, ?)
10:08:08.939 [main] DEBUG org.hibernate.id.IdentifierGeneratorHelper - Natively generated identity: 438
10:08:08.939 [main] DEBUG org.hibernate.resource.jdbc.internal.ResourceRegistryStandardImpl - HHH000387: ResultSet's statement was not registered
10:08:08.939 [main] DEBUG org.springframework.test.context.cache.DefaultCacheAwareContextLoaderDelegate - Retrieved ApplicationContext [254801937] from cache with key [[MergedContextConfiguration@5fbe4146 testClass = ClientServiceImplTest, locations = '{}', classes = '{class com.joseph.config.PersistenceJPAConfig}', contextInitializerClasses = '[]', activeProfiles = '{}', propertySourceLocations = '{}', propertySourceProperties = '{}', contextCustomizers = set[[empty]], contextLoader = 'org.springframework.test.context.support.DelegatingSmartContextLoader', parent = [null]]]
10:08:08.940 [main] DEBUG org.springframework.test.context.cache - Spring test ApplicationContext cache statistics: [DefaultContextCache@5261ec9 size = 1, maxSize = 32, parentContextCount = 0, hitCount = 18, missCount = 1]
10:08:08.940 [main] DEBUG org.springframework.orm.jpa.JpaTransactionManager - Found thread-bound EntityManager [SessionImpl(PersistenceContext[entityKeys=[EntityKey[com.joseph.entity.Client#432], EntityKey[com.joseph.entity.Client#434], EntityKey[com.joseph.entity.Client#433], EntityKey[com.joseph.entity.Client#436], EntityKey[com.joseph.entity.Client#435], EntityKey[com.joseph.entity.Client#438], EntityKey[com.joseph.entity.Client#437]],collectionKeys=[CollectionKey[com.joseph.entity.Client.orders#432], CollectionKey[com.joseph.entity.Client.orders#433], CollectionKey[com.joseph.entity.Client.orders#434], CollectionKey[com.joseph.entity.Client.orders#435]]];ActionQueue[insertions=ExecutableList{size=0} updates=ExecutableList{size=0} deletions=ExecutableList{size=4} orphanRemovals=ExecutableList{size=0} collectionCreations=ExecutableList{size=0} collectionRemovals=ExecutableList{size=0} collectionUpdates=ExecutableList{size=0} collectionQueuedOps=ExecutableList{size=0} unresolvedInsertDependencies=null])] for JPA transaction
10:08:08.940 [main] DEBUG org.springframework.orm.jpa.JpaTransactionManager - Participating in existing transaction
10:08:08.940 [main] DEBUG org.springframework.orm.jpa.JpaTransactionManager - Found thread-bound EntityManager [SessionImpl(PersistenceContext[entityKeys=[EntityKey[com.joseph.entity.Client#432], EntityKey[com.joseph.entity.Client#434], EntityKey[com.joseph.entity.Client#433], EntityKey[com.joseph.entity.Client#436], EntityKey[com.joseph.entity.Client#435], EntityKey[com.joseph.entity.Client#438], EntityKey[com.joseph.entity.Client#437]],collectionKeys=[CollectionKey[com.joseph.entity.Client.orders#432], CollectionKey[com.joseph.entity.Client.orders#433], CollectionKey[com.joseph.entity.Client.orders#434], CollectionKey[com.joseph.entity.Client.orders#435]]];ActionQueue[insertions=ExecutableList{size=0} updates=ExecutableList{size=0} deletions=ExecutableList{size=4} orphanRemovals=ExecutableList{size=0} collectionCreations=ExecutableList{size=0} collectionRemovals=ExecutableList{size=0} collectionUpdates=ExecutableList{size=0} collectionQueuedOps=ExecutableList{size=0} unresolvedInsertDependencies=null])] for JPA transaction
10:08:08.940 [main] DEBUG org.springframework.orm.jpa.JpaTransactionManager - Participating in existing transaction
10:08:08.941 [main] DEBUG org.hibernate.query.criteria.internal.CriteriaQueryImpl - Rendered criteria query -> select generatedAlias0 from Client as generatedAlias0
10:08:08.941 [main] DEBUG org.hibernate.event.internal.AbstractFlushingEventListener - Processing flush-time cascades
10:08:08.941 [main] DEBUG org.hibernate.event.internal.AbstractFlushingEventListener - Dirty checking collections
10:08:08.942 [main] DEBUG org.hibernate.engine.internal.Collections - Collection found: [com.joseph.entity.Client.orders#436], was: [<unreferenced>] (initialized)
10:08:08.942 [main] DEBUG org.hibernate.engine.internal.Collections - Collection found: [com.joseph.entity.Client.orders#437], was: [<unreferenced>] (initialized)
10:08:08.942 [main] DEBUG org.hibernate.engine.internal.Collections - Collection found: [com.joseph.entity.Client.orders#438], was: [<unreferenced>] (initialized)
10:08:08.942 [main] DEBUG org.hibernate.engine.internal.Collections - Collection dereferenced: [com.joseph.entity.Client.orders#435]
10:08:08.942 [main] DEBUG org.hibernate.engine.internal.Collections - Collection dereferenced: [com.joseph.entity.Client.orders#434]
10:08:08.942 [main] DEBUG org.hibernate.engine.internal.Collections - Collection dereferenced: [com.joseph.entity.Client.orders#433]
10:08:08.942 [main] DEBUG org.hibernate.engine.internal.Collections - Collection dereferenced: [com.joseph.entity.Client.orders#432]
10:08:08.943 [main] DEBUG org.hibernate.event.internal.AbstractFlushingEventListener - Flushed: 0 insertions, 0 updates, 4 deletions to 7 objects
10:08:08.943 [main] DEBUG org.hibernate.event.internal.AbstractFlushingEventListener - Flushed: 3 (re)creations, 0 updates, 4 removals to 7 collections
10:08:08.943 [main] DEBUG org.hibernate.internal.util.EntityPrinter - Listing entities:
10:08:08.943 [main] DEBUG org.hibernate.internal.util.EntityPrinter - com.joseph.entity.Client{nameclient=test, emailclient=test@test.com, orders=[], idclient=432}
10:08:08.943 [main] DEBUG org.hibernate.internal.util.EntityPrinter - com.joseph.entity.Client{nameclient=test, emailclient=test2@test.com, orders=[], idclient=434}
10:08:08.943 [main] DEBUG org.hibernate.internal.util.EntityPrinter - com.joseph.entity.Client{nameclient=test, emailclient=test1@test.com, orders=[], idclient=433}
10:08:08.943 [main] DEBUG org.hibernate.internal.util.EntityPrinter - com.joseph.entity.Client{nameclient=test, emailclient=test@test.com, orders=[], idclient=436}
10:08:08.943 [main] DEBUG org.hibernate.internal.util.EntityPrinter - com.joseph.entity.Client{nameclient=test4, emailclient=test4@test.com, orders=[], idclient=435}
10:08:08.943 [main] DEBUG org.hibernate.internal.util.EntityPrinter - com.joseph.entity.Client{nameclient=test, emailclient=test2@test.com, orders=[], idclient=438}
10:08:08.943 [main] DEBUG org.hibernate.internal.util.EntityPrinter - com.joseph.entity.Client{nameclient=test, emailclient=test1@test.com, orders=[], idclient=437}
10:08:08.944 [main] DEBUG org.hibernate.engine.spi.ActionQueue - Changes must be flushed to space: client
10:08:08.944 [main] DEBUG org.hibernate.SQL - delete from client where idclient=?
10:08:08.945 [main] DEBUG org.hibernate.SQL - delete from client where idclient=?
10:08:08.946 [main] DEBUG org.hibernate.SQL - delete from client where idclient=?
10:08:08.948 [main] DEBUG org.hibernate.SQL - delete from client where idclient=?
10:08:08.951 [main] DEBUG org.hibernate.SQL - select client0_.idclient as idclient1_0_, client0_.emailclient as emailcli2_0_, client0_.nameclient as nameclie3_0_ from client client0_
10:08:08.954 [main] DEBUG org.hibernate.loader.Loader - Result set row: 0
10:08:08.955 [main] DEBUG org.hibernate.loader.Loader - Result row: EntityKey[com.joseph.entity.Client#438]
10:08:08.955 [main] DEBUG org.hibernate.loader.Loader - Result set row: 1
10:08:08.955 [main] DEBUG org.hibernate.loader.Loader - Result row: EntityKey[com.joseph.entity.Client#437]
10:08:08.955 [main] DEBUG org.hibernate.loader.Loader - Result set row: 2
10:08:08.955 [main] DEBUG org.hibernate.loader.Loader - Result row: EntityKey[com.joseph.entity.Client#436]
10:08:08.958 [main] DEBUG org.springframework.test.context.cache.DefaultCacheAwareContextLoaderDelegate - Retrieved ApplicationContext [254801937] from cache with key [[MergedContextConfiguration@5fbe4146 testClass = ClientServiceImplTest, locations = '{}', classes = '{class com.joseph.config.PersistenceJPAConfig}', contextInitializerClasses = '[]', activeProfiles = '{}', propertySourceLocations = '{}', propertySourceProperties = '{}', contextCustomizers = set[[empty]], contextLoader = 'org.springframework.test.context.support.DelegatingSmartContextLoader', parent = [null]]]
10:08:08.958 [main] DEBUG org.springframework.test.context.cache - Spring test ApplicationContext cache statistics: [DefaultContextCache@5261ec9 size = 1, maxSize = 32, parentContextCount = 0, hitCount = 19, missCount = 1]
10:08:08.959 [main] DEBUG org.springframework.orm.jpa.JpaTransactionManager - Found thread-bound EntityManager [SessionImpl(PersistenceContext[entityKeys=[EntityKey[com.joseph.entity.Client#436], EntityKey[com.joseph.entity.Client#438], EntityKey[com.joseph.entity.Client#437]],collectionKeys=[CollectionKey[com.joseph.entity.Client.orders#436], CollectionKey[com.joseph.entity.Client.orders#437], CollectionKey[com.joseph.entity.Client.orders#438]]];ActionQueue[insertions=ExecutableList{size=0} updates=ExecutableList{size=0} deletions=ExecutableList{size=0} orphanRemovals=ExecutableList{size=0} collectionCreations=ExecutableList{size=0} collectionRemovals=ExecutableList{size=0} collectionUpdates=ExecutableList{size=0} collectionQueuedOps=ExecutableList{size=0} unresolvedInsertDependencies=null])] for JPA transaction
10:08:08.959 [main] DEBUG org.springframework.orm.jpa.JpaTransactionManager - Participating in existing transaction
10:08:08.959 [main] DEBUG org.hibernate.query.criteria.internal.CriteriaQueryImpl - Rendered criteria query -> select generatedAlias0 from Client as generatedAlias0
10:08:08.960 [main] DEBUG org.hibernate.event.internal.AbstractFlushingEventListener - Processing flush-time cascades
10:08:08.960 [main] DEBUG org.hibernate.event.internal.AbstractFlushingEventListener - Dirty checking collections
10:08:08.960 [main] DEBUG org.hibernate.engine.internal.Collections - Collection found: [com.joseph.entity.Client.orders#436], was: [com.joseph.entity.Client.orders#436] (initialized)
10:08:08.960 [main] DEBUG org.hibernate.engine.internal.Collections - Collection found: [com.joseph.entity.Client.orders#437], was: [com.joseph.entity.Client.orders#437] (initialized)
10:08:08.960 [main] DEBUG org.hibernate.engine.internal.Collections - Collection found: [com.joseph.entity.Client.orders#438], was: [com.joseph.entity.Client.orders#438] (initialized)
10:08:08.960 [main] DEBUG org.hibernate.event.internal.AbstractFlushingEventListener - Flushed: 0 insertions, 0 updates, 0 deletions to 3 objects
10:08:08.960 [main] DEBUG org.hibernate.event.internal.AbstractFlushingEventListener - Flushed: 0 (re)creations, 0 updates, 0 removals to 3 collections
10:08:08.961 [main] DEBUG org.hibernate.internal.util.EntityPrinter - Listing entities:
10:08:08.961 [main] DEBUG org.hibernate.internal.util.EntityPrinter - com.joseph.entity.Client{nameclient=test, emailclient=test@test.com, orders=[], idclient=436}
10:08:08.961 [main] DEBUG org.hibernate.internal.util.EntityPrinter - com.joseph.entity.Client{nameclient=test, emailclient=test2@test.com, orders=[], idclient=438}
10:08:08.961 [main] DEBUG org.hibernate.internal.util.EntityPrinter - com.joseph.entity.Client{nameclient=test, emailclient=test1@test.com, orders=[], idclient=437}
10:08:08.961 [main] DEBUG org.hibernate.SQL - select client0_.idclient as idclient1_0_, client0_.emailclient as emailcli2_0_, client0_.nameclient as nameclie3_0_ from client client0_
10:08:08.963 [main] DEBUG org.hibernate.loader.Loader - Result set row: 0
10:08:08.963 [main] DEBUG org.hibernate.loader.Loader - Result row: EntityKey[com.joseph.entity.Client#438]
10:08:08.963 [main] DEBUG org.hibernate.loader.Loader - Result set row: 1
10:08:08.963 [main] DEBUG org.hibernate.loader.Loader - Result row: EntityKey[com.joseph.entity.Client#437]
10:08:08.963 [main] DEBUG org.hibernate.loader.Loader - Result set row: 2
10:08:08.963 [main] DEBUG org.hibernate.loader.Loader - Result row: EntityKey[com.joseph.entity.Client#436]
10:08:08.965 [main] DEBUG org.springframework.test.context.cache.DefaultCacheAwareContextLoaderDelegate - Retrieved ApplicationContext [254801937] from cache with key [[MergedContextConfiguration@5fbe4146 testClass = ClientServiceImplTest, locations = '{}', classes = '{class com.joseph.config.PersistenceJPAConfig}', contextInitializerClasses = '[]', activeProfiles = '{}', propertySourceLocations = '{}', propertySourceProperties = '{}', contextCustomizers = set[[empty]], contextLoader = 'org.springframework.test.context.support.DelegatingSmartContextLoader', parent = [null]]]
10:08:08.966 [main] DEBUG org.springframework.test.context.cache - Spring test ApplicationContext cache statistics: [DefaultContextCache@5261ec9 size = 1, maxSize = 32, parentContextCount = 0, hitCount = 20, missCount = 1]
10:08:08.966 [main] DEBUG org.springframework.orm.jpa.JpaTransactionManager - Initiating transaction rollback
10:08:08.966 [main] DEBUG org.springframework.orm.jpa.JpaTransactionManager - Rolling back JPA transaction on EntityManager [SessionImpl(PersistenceContext[entityKeys=[EntityKey[com.joseph.entity.Client#436], EntityKey[com.joseph.entity.Client#438], EntityKey[com.joseph.entity.Client#437]],collectionKeys=[CollectionKey[com.joseph.entity.Client.orders#436], CollectionKey[com.joseph.entity.Client.orders#437], CollectionKey[com.joseph.entity.Client.orders#438]]];ActionQueue[insertions=ExecutableList{size=0} updates=ExecutableList{size=0} deletions=ExecutableList{size=3} orphanRemovals=ExecutableList{size=0} collectionCreations=ExecutableList{size=0} collectionRemovals=ExecutableList{size=0} collectionUpdates=ExecutableList{size=0} collectionQueuedOps=ExecutableList{size=0} unresolvedInsertDependencies=null])]
10:08:08.966 [main] DEBUG org.hibernate.engine.transaction.internal.TransactionImpl - rolling back
10:08:08.967 [main] DEBUG org.springframework.orm.jpa.JpaTransactionManager - Closing JPA EntityManager [SessionImpl(PersistenceContext[entityKeys=[],collectionKeys=[]];ActionQueue[insertions=ExecutableList{size=0} updates=ExecutableList{size=0} deletions=ExecutableList{size=0} orphanRemovals=ExecutableList{size=0} collectionCreations=ExecutableList{size=0} collectionRemovals=ExecutableList{size=0} collectionUpdates=ExecutableList{size=0} collectionQueuedOps=ExecutableList{size=0} unresolvedInsertDependencies=null])] after transaction
10:08:08.967 [main] DEBUG org.hibernate.engine.jdbc.internal.JdbcCoordinatorImpl - HHH000420: Closing un-released batch
10:08:08.968 [main] INFO org.springframework.test.context.transaction.TransactionContext - Rolled back transaction for test: [DefaultTestContext@79d8407f testClass = ClientServiceImplTest, testInstance = com.joseph.service.Impl.ClientServiceImplTest@52559a69, testMethod = TestGetClients@ClientServiceImplTest, testException = [null], mergedContextConfiguration = [MergedContextConfiguration@5fbe4146 testClass = ClientServiceImplTest, locations = '{}', classes = '{class com.joseph.config.PersistenceJPAConfig}', contextInitializerClasses = '[]', activeProfiles = '{}', propertySourceLocations = '{}', propertySourceProperties = '{}', contextCustomizers = set[[empty]], contextLoader = 'org.springframework.test.context.support.DelegatingSmartContextLoader', parent = [null]], attributes = map[[empty]]]
10:08:08.968 [main] DEBUG org.springframework.test.context.support.AbstractDirtiesContextTestExecutionListener - After test method: context [DefaultTestContext@79d8407f testClass = ClientServiceImplTest, testInstance = com.joseph.service.Impl.ClientServiceImplTest@52559a69, testMethod = TestGetClients@ClientServiceImplTest, testException = [null], mergedContextConfiguration = [MergedContextConfiguration@5fbe4146 testClass = ClientServiceImplTest, locations = '{}', classes = '{class com.joseph.config.PersistenceJPAConfig}', contextInitializerClasses = '[]', activeProfiles = '{}', propertySourceLocations = '{}', propertySourceProperties = '{}', contextCustomizers = set[[empty]], contextLoader = 'org.springframework.test.context.support.DelegatingSmartContextLoader', parent = [null]], attributes = map[[empty]]], class annotated with @DirtiesContext [false] with mode [null], method annotated with @DirtiesContext [false] with mode [null].
]]></system-out>
  </testcase>
  <testcase name="TestGetClient" classname="com.joseph.service.Impl.ClientServiceImplTest" time="0.089">
    <system-out><![CDATA[10:08:08.970 [main] DEBUG org.springframework.test.context.support.DependencyInjectionTestExecutionListener - Performing dependency injection for test context [[DefaultTestContext@79d8407f testClass = ClientServiceImplTest, testInstance = com.joseph.service.Impl.ClientServiceImplTest@61bb1e4d, testMethod = [null], testException = [null], mergedContextConfiguration = [MergedContextConfiguration@5fbe4146 testClass = ClientServiceImplTest, locations = '{}', classes = '{class com.joseph.config.PersistenceJPAConfig}', contextInitializerClasses = '[]', activeProfiles = '{}', propertySourceLocations = '{}', propertySourceProperties = '{}', contextCustomizers = set[[empty]], contextLoader = 'org.springframework.test.context.support.DelegatingSmartContextLoader', parent = [null]], attributes = map[[empty]]]].
10:08:08.971 [main] DEBUG org.springframework.test.context.cache.DefaultCacheAwareContextLoaderDelegate - Retrieved ApplicationContext [254801937] from cache with key [[MergedContextConfiguration@5fbe4146 testClass = ClientServiceImplTest, locations = '{}', classes = '{class com.joseph.config.PersistenceJPAConfig}', contextInitializerClasses = '[]', activeProfiles = '{}', propertySourceLocations = '{}', propertySourceProperties = '{}', contextCustomizers = set[[empty]], contextLoader = 'org.springframework.test.context.support.DelegatingSmartContextLoader', parent = [null]]]
10:08:08.971 [main] DEBUG org.springframework.test.context.cache - Spring test ApplicationContext cache statistics: [DefaultContextCache@5261ec9 size = 1, maxSize = 32, parentContextCount = 0, hitCount = 21, missCount = 1]
10:08:08.971 [main] DEBUG org.springframework.test.context.cache.DefaultCacheAwareContextLoaderDelegate - Retrieved ApplicationContext [254801937] from cache with key [[MergedContextConfiguration@5fbe4146 testClass = ClientServiceImplTest, locations = '{}', classes = '{class com.joseph.config.PersistenceJPAConfig}', contextInitializerClasses = '[]', activeProfiles = '{}', propertySourceLocations = '{}', propertySourceProperties = '{}', contextCustomizers = set[[empty]], contextLoader = 'org.springframework.test.context.support.DelegatingSmartContextLoader', parent = [null]]]
10:08:08.971 [main] DEBUG org.springframework.test.context.cache - Spring test ApplicationContext cache statistics: [DefaultContextCache@5261ec9 size = 1, maxSize = 32, parentContextCount = 0, hitCount = 22, missCount = 1]
10:08:08.974 [main] DEBUG org.springframework.test.context.support.AbstractDirtiesContextTestExecutionListener - Before test method: context [DefaultTestContext@79d8407f testClass = ClientServiceImplTest, testInstance = com.joseph.service.Impl.ClientServiceImplTest@61bb1e4d, testMethod = TestGetClient@ClientServiceImplTest, testException = [null], mergedContextConfiguration = [MergedContextConfiguration@5fbe4146 testClass = ClientServiceImplTest, locations = '{}', classes = '{class com.joseph.config.PersistenceJPAConfig}', contextInitializerClasses = '[]', activeProfiles = '{}', propertySourceLocations = '{}', propertySourceProperties = '{}', contextCustomizers = set[[empty]], contextLoader = 'org.springframework.test.context.support.DelegatingSmartContextLoader', parent = [null]], attributes = map[[empty]]], class annotated with @DirtiesContext [false] with mode [null], method annotated with @DirtiesContext [false] with mode [null].
10:08:08.975 [main] DEBUG org.springframework.test.context.transaction.TransactionalTestExecutionListener - Explicit transaction definition [PROPAGATION_REQUIRED,ISOLATION_DEFAULT] found for test context [DefaultTestContext@79d8407f testClass = ClientServiceImplTest, testInstance = com.joseph.service.Impl.ClientServiceImplTest@61bb1e4d, testMethod = TestGetClient@ClientServiceImplTest, testException = [null], mergedContextConfiguration = [MergedContextConfiguration@5fbe4146 testClass = ClientServiceImplTest, locations = '{}', classes = '{class com.joseph.config.PersistenceJPAConfig}', contextInitializerClasses = '[]', activeProfiles = '{}', propertySourceLocations = '{}', propertySourceProperties = '{}', contextCustomizers = set[[empty]], contextLoader = 'org.springframework.test.context.support.DelegatingSmartContextLoader', parent = [null]], attributes = map[[empty]]]
10:08:08.975 [main] DEBUG org.springframework.test.context.cache.DefaultCacheAwareContextLoaderDelegate - Retrieved ApplicationContext [254801937] from cache with key [[MergedContextConfiguration@5fbe4146 testClass = ClientServiceImplTest, locations = '{}', classes = '{class com.joseph.config.PersistenceJPAConfig}', contextInitializerClasses = '[]', activeProfiles = '{}', propertySourceLocations = '{}', propertySourceProperties = '{}', contextCustomizers = set[[empty]], contextLoader = 'org.springframework.test.context.support.DelegatingSmartContextLoader', parent = [null]]]
10:08:08.975 [main] DEBUG org.springframework.test.context.cache - Spring test ApplicationContext cache statistics: [DefaultContextCache@5261ec9 size = 1, maxSize = 32, parentContextCount = 0, hitCount = 23, missCount = 1]
10:08:08.975 [main] DEBUG org.springframework.test.context.transaction.TransactionalTestExecutionListener - No method-level @Rollback override: using default rollback [true] for test context [DefaultTestContext@79d8407f testClass = ClientServiceImplTest, testInstance = com.joseph.service.Impl.ClientServiceImplTest@61bb1e4d, testMethod = TestGetClient@ClientServiceImplTest, testException = [null], mergedContextConfiguration = [MergedContextConfiguration@5fbe4146 testClass = ClientServiceImplTest, locations = '{}', classes = '{class com.joseph.config.PersistenceJPAConfig}', contextInitializerClasses = '[]', activeProfiles = '{}', propertySourceLocations = '{}', propertySourceProperties = '{}', contextCustomizers = set[[empty]], contextLoader = 'org.springframework.test.context.support.DelegatingSmartContextLoader', parent = [null]], attributes = map[[empty]]].
10:08:08.975 [main] DEBUG org.springframework.orm.jpa.JpaTransactionManager - Creating new transaction with name [com.joseph.service.Impl.ClientServiceImplTest.TestGetClient]: PROPAGATION_REQUIRED,ISOLATION_DEFAULT
10:08:08.977 [main] DEBUG org.springframework.orm.jpa.JpaTransactionManager - Opened new EntityManager [SessionImpl(PersistenceContext[entityKeys=[],collectionKeys=[]];ActionQueue[insertions=ExecutableList{size=0} updates=ExecutableList{size=0} deletions=ExecutableList{size=0} orphanRemovals=ExecutableList{size=0} collectionCreations=ExecutableList{size=0} collectionRemovals=ExecutableList{size=0} collectionUpdates=ExecutableList{size=0} collectionQueuedOps=ExecutableList{size=0} unresolvedInsertDependencies=null])] for JPA transaction
10:08:08.977 [main] DEBUG org.hibernate.engine.transaction.internal.TransactionImpl - begin
10:08:08.977 [main] DEBUG org.springframework.jdbc.datasource.DriverManagerDataSource - Creating new JDBC DriverManager Connection to [jdbc:mysql://localhost:3306/testcraftcore?useSSL=false&useTimezone=true&serverTimezone=UTC]
10:08:08.984 [main] DEBUG org.springframework.orm.jpa.JpaTransactionManager - Exposing JPA transaction as JDBC [org.springframework.orm.jpa.vendor.HibernateJpaDialect$HibernateConnectionHandle@46fb0c33]
10:08:08.985 [main] INFO org.springframework.test.context.transaction.TransactionContext - Began transaction (1) for test context [DefaultTestContext@79d8407f testClass = ClientServiceImplTest, testInstance = com.joseph.service.Impl.ClientServiceImplTest@61bb1e4d, testMethod = TestGetClient@ClientServiceImplTest, testException = [null], mergedContextConfiguration = [MergedContextConfiguration@5fbe4146 testClass = ClientServiceImplTest, locations = '{}', classes = '{class com.joseph.config.PersistenceJPAConfig}', contextInitializerClasses = '[]', activeProfiles = '{}', propertySourceLocations = '{}', propertySourceProperties = '{}', contextCustomizers = set[[empty]], contextLoader = 'org.springframework.test.context.support.DelegatingSmartContextLoader', parent = [null]], attributes = map[[empty]]]; transaction manager [org.springframework.orm.jpa.JpaTransactionManager@5f5827d0]; rollback [true]
10:08:08.985 [main] DEBUG org.springframework.test.context.cache.DefaultCacheAwareContextLoaderDelegate - Retrieved ApplicationContext [254801937] from cache with key [[MergedContextConfiguration@5fbe4146 testClass = ClientServiceImplTest, locations = '{}', classes = '{class com.joseph.config.PersistenceJPAConfig}', contextInitializerClasses = '[]', activeProfiles = '{}', propertySourceLocations = '{}', propertySourceProperties = '{}', contextCustomizers = set[[empty]], contextLoader = 'org.springframework.test.context.support.DelegatingSmartContextLoader', parent = [null]]]
10:08:08.985 [main] DEBUG org.springframework.test.context.cache - Spring test ApplicationContext cache statistics: [DefaultContextCache@5261ec9 size = 1, maxSize = 32, parentContextCount = 0, hitCount = 24, missCount = 1]
10:08:08.986 [main] DEBUG org.springframework.orm.jpa.JpaTransactionManager - Found thread-bound EntityManager [SessionImpl(PersistenceContext[entityKeys=[],collectionKeys=[]];ActionQueue[insertions=ExecutableList{size=0} updates=ExecutableList{size=0} deletions=ExecutableList{size=0} orphanRemovals=ExecutableList{size=0} collectionCreations=ExecutableList{size=0} collectionRemovals=ExecutableList{size=0} collectionUpdates=ExecutableList{size=0} collectionQueuedOps=ExecutableList{size=0} unresolvedInsertDependencies=null])] for JPA transaction
10:08:08.986 [main] DEBUG org.springframework.orm.jpa.JpaTransactionManager - Participating in existing transaction
10:08:08.986 [main] DEBUG org.hibernate.query.criteria.internal.CriteriaQueryImpl - Rendered criteria query -> select generatedAlias0 from Client as generatedAlias0
10:08:08.987 [main] DEBUG org.hibernate.SQL - select client0_.idclient as idclient1_0_, client0_.emailclient as emailcli2_0_, client0_.nameclient as nameclie3_0_ from client client0_
10:08:08.989 [main] DEBUG org.hibernate.loader.Loader - Result set row: 0
10:08:08.989 [main] DEBUG org.hibernate.loader.Loader - Result row: EntityKey[com.joseph.entity.Client#438]
10:08:08.989 [main] DEBUG org.hibernate.loader.Loader - Result set row: 1
10:08:08.989 [main] DEBUG org.hibernate.loader.Loader - Result row: EntityKey[com.joseph.entity.Client#437]
10:08:08.990 [main] DEBUG org.hibernate.loader.Loader - Result set row: 2
10:08:08.990 [main] DEBUG org.hibernate.loader.Loader - Result row: EntityKey[com.joseph.entity.Client#436]
10:08:08.990 [main] DEBUG org.hibernate.engine.internal.TwoPhaseLoad - Resolving associations for [com.joseph.entity.Client#438]
10:08:08.990 [main] DEBUG org.hibernate.engine.internal.TwoPhaseLoad - Done materializing entity [com.joseph.entity.Client#438]
10:08:08.990 [main] DEBUG org.hibernate.engine.internal.TwoPhaseLoad - Resolving associations for [com.joseph.entity.Client#437]
10:08:08.990 [main] DEBUG org.hibernate.engine.internal.TwoPhaseLoad - Done materializing entity [com.joseph.entity.Client#437]
10:08:08.990 [main] DEBUG org.hibernate.engine.internal.TwoPhaseLoad - Resolving associations for [com.joseph.entity.Client#436]
10:08:08.991 [main] DEBUG org.hibernate.engine.internal.TwoPhaseLoad - Done materializing entity [com.joseph.entity.Client#436]
10:08:08.991 [main] DEBUG org.hibernate.loader.collection.plan.AbstractLoadPlanBasedCollectionInitializer - Loading collection: [com.joseph.entity.Client.orders#438]
10:08:08.991 [main] DEBUG org.hibernate.SQL - select orders0_.idclient as idclient5_1_0_, orders0_.idorder as idorder1_1_0_, orders0_.idorder as idorder1_1_1_, orders0_.idclient as idclient5_1_1_, orders0_.dateorder as dateorde2_1_1_, orders0_.statusorder as statusor3_1_1_, orders0_.totalorder as totalord4_1_1_ from order_table orders0_ where orders0_.idclient=?
10:08:08.993 [main] DEBUG org.hibernate.loader.plan.exec.process.internal.ResultSetProcessorImpl - Preparing collection intializer : [com.joseph.entity.Client.orders#438]
10:08:08.993 [main] DEBUG org.hibernate.engine.loading.internal.CollectionLoadContext - 1 collections were found in result set for role: com.joseph.entity.Client.orders
10:08:08.993 [main] DEBUG org.hibernate.engine.loading.internal.CollectionLoadContext - Collection fully initialized: [com.joseph.entity.Client.orders#438]
10:08:08.993 [main] DEBUG org.hibernate.engine.loading.internal.CollectionLoadContext - 1 collections initialized for role: com.joseph.entity.Client.orders
10:08:08.993 [main] DEBUG org.hibernate.resource.jdbc.internal.ResourceRegistryStandardImpl - HHH000387: ResultSet's statement was not registered
10:08:08.994 [main] DEBUG org.hibernate.loader.collection.plan.AbstractLoadPlanBasedCollectionInitializer - Done loading collection
10:08:08.994 [main] DEBUG org.hibernate.loader.collection.plan.AbstractLoadPlanBasedCollectionInitializer - Loading collection: [com.joseph.entity.Client.orders#437]
10:08:08.994 [main] DEBUG org.hibernate.SQL - select orders0_.idclient as idclient5_1_0_, orders0_.idorder as idorder1_1_0_, orders0_.idorder as idorder1_1_1_, orders0_.idclient as idclient5_1_1_, orders0_.dateorder as dateorde2_1_1_, orders0_.statusorder as statusor3_1_1_, orders0_.totalorder as totalord4_1_1_ from order_table orders0_ where orders0_.idclient=?
10:08:08.996 [main] DEBUG org.hibernate.loader.plan.exec.process.internal.ResultSetProcessorImpl - Preparing collection intializer : [com.joseph.entity.Client.orders#437]
10:08:08.996 [main] DEBUG org.hibernate.engine.loading.internal.CollectionLoadContext - 1 collections were found in result set for role: com.joseph.entity.Client.orders
10:08:08.996 [main] DEBUG org.hibernate.engine.loading.internal.CollectionLoadContext - Collection fully initialized: [com.joseph.entity.Client.orders#437]
10:08:08.996 [main] DEBUG org.hibernate.engine.loading.internal.CollectionLoadContext - 1 collections initialized for role: com.joseph.entity.Client.orders
10:08:08.996 [main] DEBUG org.hibernate.resource.jdbc.internal.ResourceRegistryStandardImpl - HHH000387: ResultSet's statement was not registered
10:08:08.996 [main] DEBUG org.hibernate.loader.collection.plan.AbstractLoadPlanBasedCollectionInitializer - Done loading collection
10:08:08.996 [main] DEBUG org.hibernate.loader.collection.plan.AbstractLoadPlanBasedCollectionInitializer - Loading collection: [com.joseph.entity.Client.orders#436]
10:08:08.997 [main] DEBUG org.hibernate.SQL - select orders0_.idclient as idclient5_1_0_, orders0_.idorder as idorder1_1_0_, orders0_.idorder as idorder1_1_1_, orders0_.idclient as idclient5_1_1_, orders0_.dateorder as dateorde2_1_1_, orders0_.statusorder as statusor3_1_1_, orders0_.totalorder as totalord4_1_1_ from order_table orders0_ where orders0_.idclient=?
10:08:08.998 [main] DEBUG org.hibernate.loader.plan.exec.process.internal.ResultSetProcessorImpl - Preparing collection intializer : [com.joseph.entity.Client.orders#436]
10:08:08.998 [main] DEBUG org.hibernate.engine.loading.internal.CollectionLoadContext - 1 collections were found in result set for role: com.joseph.entity.Client.orders
10:08:08.998 [main] DEBUG org.hibernate.engine.loading.internal.CollectionLoadContext - Collection fully initialized: [com.joseph.entity.Client.orders#436]
10:08:08.998 [main] DEBUG org.hibernate.engine.loading.internal.CollectionLoadContext - 1 collections initialized for role: com.joseph.entity.Client.orders
10:08:08.998 [main] DEBUG org.hibernate.resource.jdbc.internal.ResourceRegistryStandardImpl - HHH000387: ResultSet's statement was not registered
10:08:08.999 [main] DEBUG org.hibernate.loader.collection.plan.AbstractLoadPlanBasedCollectionInitializer - Done loading collection
10:08:08.999 [main] DEBUG org.springframework.orm.jpa.JpaTransactionManager - Found thread-bound EntityManager [SessionImpl(PersistenceContext[entityKeys=[EntityKey[com.joseph.entity.Client#436], EntityKey[com.joseph.entity.Client#438], EntityKey[com.joseph.entity.Client#437]],collectionKeys=[CollectionKey[com.joseph.entity.Client.orders#436], CollectionKey[com.joseph.entity.Client.orders#437], CollectionKey[com.joseph.entity.Client.orders#438]]];ActionQueue[insertions=ExecutableList{size=0} updates=ExecutableList{size=0} deletions=ExecutableList{size=3} orphanRemovals=ExecutableList{size=0} collectionCreations=ExecutableList{size=0} collectionRemovals=ExecutableList{size=0} collectionUpdates=ExecutableList{size=0} collectionQueuedOps=ExecutableList{size=0} unresolvedInsertDependencies=null])] for JPA transaction
10:08:08.999 [main] DEBUG org.springframework.orm.jpa.JpaTransactionManager - Participating in existing transaction
10:08:08.999 [main] DEBUG org.hibernate.engine.spi.ActionQueue - Executing identity-insert immediately
10:08:09.000 [main] DEBUG org.hibernate.SQL - insert into client (emailclient, nameclient) values (?, ?)
10:08:09.014 [main] DEBUG org.hibernate.id.IdentifierGeneratorHelper - Natively generated identity: 439
10:08:09.014 [main] DEBUG org.hibernate.resource.jdbc.internal.ResourceRegistryStandardImpl - HHH000387: ResultSet's statement was not registered
10:08:09.014 [main] DEBUG org.springframework.orm.jpa.JpaTransactionManager - Found thread-bound EntityManager [SessionImpl(PersistenceContext[entityKeys=[EntityKey[com.joseph.entity.Client#439], EntityKey[com.joseph.entity.Client#436], EntityKey[com.joseph.entity.Client#438], EntityKey[com.joseph.entity.Client#437]],collectionKeys=[CollectionKey[com.joseph.entity.Client.orders#436], CollectionKey[com.joseph.entity.Client.orders#437], CollectionKey[com.joseph.entity.Client.orders#438]]];ActionQueue[insertions=ExecutableList{size=0} updates=ExecutableList{size=0} deletions=ExecutableList{size=3} orphanRemovals=ExecutableList{size=0} collectionCreations=ExecutableList{size=0} collectionRemovals=ExecutableList{size=0} collectionUpdates=ExecutableList{size=0} collectionQueuedOps=ExecutableList{size=0} unresolvedInsertDependencies=null])] for JPA transaction
10:08:09.015 [main] DEBUG org.springframework.orm.jpa.JpaTransactionManager - Participating in existing transaction
10:08:09.015 [main] DEBUG org.hibernate.engine.spi.ActionQueue - Executing identity-insert immediately
10:08:09.015 [main] DEBUG org.hibernate.SQL - insert into client (emailclient, nameclient) values (?, ?)
10:08:09.019 [main] DEBUG org.hibernate.id.IdentifierGeneratorHelper - Natively generated identity: 440
10:08:09.019 [main] DEBUG org.hibernate.resource.jdbc.internal.ResourceRegistryStandardImpl - HHH000387: ResultSet's statement was not registered
10:08:09.020 [main] DEBUG org.springframework.orm.jpa.JpaTransactionManager - Found thread-bound EntityManager [SessionImpl(PersistenceContext[entityKeys=[EntityKey[com.joseph.entity.Client#440], EntityKey[com.joseph.entity.Client#439], EntityKey[com.joseph.entity.Client#436], EntityKey[com.joseph.entity.Client#438], EntityKey[com.joseph.entity.Client#437]],collectionKeys=[CollectionKey[com.joseph.entity.Client.orders#436], CollectionKey[com.joseph.entity.Client.orders#437], CollectionKey[com.joseph.entity.Client.orders#438]]];ActionQueue[insertions=ExecutableList{size=0} updates=ExecutableList{size=0} deletions=ExecutableList{size=3} orphanRemovals=ExecutableList{size=0} collectionCreations=ExecutableList{size=0} collectionRemovals=ExecutableList{size=0} collectionUpdates=ExecutableList{size=0} collectionQueuedOps=ExecutableList{size=0} unresolvedInsertDependencies=null])] for JPA transaction
10:08:09.020 [main] DEBUG org.springframework.orm.jpa.JpaTransactionManager - Participating in existing transaction
10:08:09.020 [main] DEBUG org.hibernate.engine.spi.ActionQueue - Executing identity-insert immediately
10:08:09.020 [main] DEBUG org.hibernate.SQL - insert into client (emailclient, nameclient) values (?, ?)
10:08:09.022 [main] DEBUG org.hibernate.id.IdentifierGeneratorHelper - Natively generated identity: 441
10:08:09.022 [main] DEBUG org.hibernate.resource.jdbc.internal.ResourceRegistryStandardImpl - HHH000387: ResultSet's statement was not registered
10:08:09.023 [main] DEBUG org.springframework.test.context.cache.DefaultCacheAwareContextLoaderDelegate - Retrieved ApplicationContext [254801937] from cache with key [[MergedContextConfiguration@5fbe4146 testClass = ClientServiceImplTest, locations = '{}', classes = '{class com.joseph.config.PersistenceJPAConfig}', contextInitializerClasses = '[]', activeProfiles = '{}', propertySourceLocations = '{}', propertySourceProperties = '{}', contextCustomizers = set[[empty]], contextLoader = 'org.springframework.test.context.support.DelegatingSmartContextLoader', parent = [null]]]
10:08:09.023 [main] DEBUG org.springframework.test.context.cache - Spring test ApplicationContext cache statistics: [DefaultContextCache@5261ec9 size = 1, maxSize = 32, parentContextCount = 0, hitCount = 25, missCount = 1]
10:08:09.024 [main] DEBUG org.springframework.orm.jpa.JpaTransactionManager - Found thread-bound EntityManager [SessionImpl(PersistenceContext[entityKeys=[EntityKey[com.joseph.entity.Client#440], EntityKey[com.joseph.entity.Client#439], EntityKey[com.joseph.entity.Client#441], EntityKey[com.joseph.entity.Client#436], EntityKey[com.joseph.entity.Client#438], EntityKey[com.joseph.entity.Client#437]],collectionKeys=[CollectionKey[com.joseph.entity.Client.orders#436], CollectionKey[com.joseph.entity.Client.orders#437], CollectionKey[com.joseph.entity.Client.orders#438]]];ActionQueue[insertions=ExecutableList{size=0} updates=ExecutableList{size=0} deletions=ExecutableList{size=3} orphanRemovals=ExecutableList{size=0} collectionCreations=ExecutableList{size=0} collectionRemovals=ExecutableList{size=0} collectionUpdates=ExecutableList{size=0} collectionQueuedOps=ExecutableList{size=0} unresolvedInsertDependencies=null])] for JPA transaction
10:08:09.024 [main] DEBUG org.springframework.orm.jpa.JpaTransactionManager - Participating in existing transaction
10:08:09.026 [main] DEBUG org.hibernate.query.criteria.internal.CriteriaQueryImpl - Rendered criteria query -> select generatedAlias0 from Client as generatedAlias0
10:08:09.027 [main] DEBUG org.hibernate.event.internal.AbstractFlushingEventListener - Processing flush-time cascades
10:08:09.028 [main] DEBUG org.hibernate.event.internal.AbstractFlushingEventListener - Dirty checking collections
10:08:09.028 [main] DEBUG org.hibernate.engine.internal.Collections - Collection found: [com.joseph.entity.Client.orders#439], was: [<unreferenced>] (initialized)
10:08:09.028 [main] DEBUG org.hibernate.engine.internal.Collections - Collection found: [com.joseph.entity.Client.orders#440], was: [<unreferenced>] (initialized)
10:08:09.028 [main] DEBUG org.hibernate.engine.internal.Collections - Collection found: [com.joseph.entity.Client.orders#441], was: [<unreferenced>] (initialized)
10:08:09.028 [main] DEBUG org.hibernate.engine.internal.Collections - Collection dereferenced: [com.joseph.entity.Client.orders#438]
10:08:09.028 [main] DEBUG org.hibernate.engine.internal.Collections - Collection dereferenced: [com.joseph.entity.Client.orders#437]
10:08:09.029 [main] DEBUG org.hibernate.engine.internal.Collections - Collection dereferenced: [com.joseph.entity.Client.orders#436]
10:08:09.029 [main] DEBUG org.hibernate.event.internal.AbstractFlushingEventListener - Flushed: 0 insertions, 0 updates, 3 deletions to 6 objects
10:08:09.029 [main] DEBUG org.hibernate.event.internal.AbstractFlushingEventListener - Flushed: 3 (re)creations, 0 updates, 3 removals to 6 collections
10:08:09.029 [main] DEBUG org.hibernate.internal.util.EntityPrinter - Listing entities:
10:08:09.029 [main] DEBUG org.hibernate.internal.util.EntityPrinter - com.joseph.entity.Client{nameclient=test, emailclient=test1@test.com, orders=[], idclient=440}
10:08:09.029 [main] DEBUG org.hibernate.internal.util.EntityPrinter - com.joseph.entity.Client{nameclient=test, emailclient=test@test.com, orders=[], idclient=439}
10:08:09.030 [main] DEBUG org.hibernate.internal.util.EntityPrinter - com.joseph.entity.Client{nameclient=test, emailclient=test2@test.com, orders=[], idclient=441}
10:08:09.030 [main] DEBUG org.hibernate.internal.util.EntityPrinter - com.joseph.entity.Client{nameclient=test, emailclient=test@test.com, orders=[], idclient=436}
10:08:09.030 [main] DEBUG org.hibernate.internal.util.EntityPrinter - com.joseph.entity.Client{nameclient=test, emailclient=test2@test.com, orders=[], idclient=438}
10:08:09.030 [main] DEBUG org.hibernate.internal.util.EntityPrinter - com.joseph.entity.Client{nameclient=test, emailclient=test1@test.com, orders=[], idclient=437}
10:08:09.030 [main] DEBUG org.hibernate.engine.spi.ActionQueue - Changes must be flushed to space: client
10:08:09.030 [main] DEBUG org.hibernate.SQL - delete from client where idclient=?
10:08:09.041 [main] DEBUG org.hibernate.SQL - delete from client where idclient=?
10:08:09.043 [main] DEBUG org.hibernate.SQL - delete from client where idclient=?
10:08:09.045 [main] DEBUG org.hibernate.SQL - select client0_.idclient as idclient1_0_, client0_.emailclient as emailcli2_0_, client0_.nameclient as nameclie3_0_ from client client0_
10:08:09.046 [main] DEBUG org.hibernate.loader.Loader - Result set row: 0
10:08:09.046 [main] DEBUG org.hibernate.loader.Loader - Result row: EntityKey[com.joseph.entity.Client#441]
10:08:09.047 [main] DEBUG org.hibernate.loader.Loader - Result set row: 1
10:08:09.047 [main] DEBUG org.hibernate.loader.Loader - Result row: EntityKey[com.joseph.entity.Client#440]
10:08:09.047 [main] DEBUG org.hibernate.loader.Loader - Result set row: 2
10:08:09.047 [main] DEBUG org.hibernate.loader.Loader - Result row: EntityKey[com.joseph.entity.Client#439]
10:08:09.047 [main] DEBUG org.springframework.orm.jpa.JpaTransactionManager - Found thread-bound EntityManager [SessionImpl(PersistenceContext[entityKeys=[EntityKey[com.joseph.entity.Client#440], EntityKey[com.joseph.entity.Client#439], EntityKey[com.joseph.entity.Client#441]],collectionKeys=[CollectionKey[com.joseph.entity.Client.orders#440], CollectionKey[com.joseph.entity.Client.orders#441], CollectionKey[com.joseph.entity.Client.orders#439]]];ActionQueue[insertions=ExecutableList{size=0} updates=ExecutableList{size=0} deletions=ExecutableList{size=0} orphanRemovals=ExecutableList{size=0} collectionCreations=ExecutableList{size=0} collectionRemovals=ExecutableList{size=0} collectionUpdates=ExecutableList{size=0} collectionQueuedOps=ExecutableList{size=0} unresolvedInsertDependencies=null])] for JPA transaction
10:08:09.047 [main] DEBUG org.springframework.orm.jpa.JpaTransactionManager - Participating in existing transaction
10:08:09.048 [main] DEBUG org.springframework.data.repository.core.support.TransactionalRepositoryProxyPostProcessor$CustomAnnotationTransactionAttributeSource - Adding transactional method 'findById' with attribute: PROPAGATION_REQUIRED,ISOLATION_DEFAULT,readOnly
10:08:09.048 [main] DEBUG org.springframework.orm.jpa.JpaTransactionManager - Found thread-bound EntityManager [SessionImpl(PersistenceContext[entityKeys=[EntityKey[com.joseph.entity.Client#440], EntityKey[com.joseph.entity.Client#439], EntityKey[com.joseph.entity.Client#441]],collectionKeys=[CollectionKey[com.joseph.entity.Client.orders#440], CollectionKey[com.joseph.entity.Client.orders#441], CollectionKey[com.joseph.entity.Client.orders#439]]];ActionQueue[insertions=ExecutableList{size=0} updates=ExecutableList{size=0} deletions=ExecutableList{size=0} orphanRemovals=ExecutableList{size=0} collectionCreations=ExecutableList{size=0} collectionRemovals=ExecutableList{size=0} collectionUpdates=ExecutableList{size=0} collectionQueuedOps=ExecutableList{size=0} unresolvedInsertDependencies=null])] for JPA transaction
10:08:09.048 [main] DEBUG org.springframework.orm.jpa.JpaTransactionManager - Participating in existing transaction
10:08:09.050 [main] DEBUG org.springframework.test.context.cache.DefaultCacheAwareContextLoaderDelegate - Retrieved ApplicationContext [254801937] from cache with key [[MergedContextConfiguration@5fbe4146 testClass = ClientServiceImplTest, locations = '{}', classes = '{class com.joseph.config.PersistenceJPAConfig}', contextInitializerClasses = '[]', activeProfiles = '{}', propertySourceLocations = '{}', propertySourceProperties = '{}', contextCustomizers = set[[empty]], contextLoader = 'org.springframework.test.context.support.DelegatingSmartContextLoader', parent = [null]]]
10:08:09.050 [main] DEBUG org.springframework.test.context.cache - Spring test ApplicationContext cache statistics: [DefaultContextCache@5261ec9 size = 1, maxSize = 32, parentContextCount = 0, hitCount = 26, missCount = 1]
10:08:09.051 [main] DEBUG org.springframework.orm.jpa.JpaTransactionManager - Found thread-bound EntityManager [SessionImpl(PersistenceContext[entityKeys=[EntityKey[com.joseph.entity.Client#440], EntityKey[com.joseph.entity.Client#439], EntityKey[com.joseph.entity.Client#441]],collectionKeys=[CollectionKey[com.joseph.entity.Client.orders#440], CollectionKey[com.joseph.entity.Client.orders#441], CollectionKey[com.joseph.entity.Client.orders#439]]];ActionQueue[insertions=ExecutableList{size=0} updates=ExecutableList{size=0} deletions=ExecutableList{size=0} orphanRemovals=ExecutableList{size=0} collectionCreations=ExecutableList{size=0} collectionRemovals=ExecutableList{size=0} collectionUpdates=ExecutableList{size=0} collectionQueuedOps=ExecutableList{size=0} unresolvedInsertDependencies=null])] for JPA transaction
10:08:09.051 [main] DEBUG org.springframework.orm.jpa.JpaTransactionManager - Participating in existing transaction
10:08:09.051 [main] DEBUG org.hibernate.query.criteria.internal.CriteriaQueryImpl - Rendered criteria query -> select generatedAlias0 from Client as generatedAlias0
10:08:09.051 [main] DEBUG org.hibernate.event.internal.AbstractFlushingEventListener - Processing flush-time cascades
10:08:09.051 [main] DEBUG org.hibernate.event.internal.AbstractFlushingEventListener - Dirty checking collections
10:08:09.052 [main] DEBUG org.hibernate.engine.internal.Collections - Collection found: [com.joseph.entity.Client.orders#439], was: [com.joseph.entity.Client.orders#439] (initialized)
10:08:09.052 [main] DEBUG org.hibernate.engine.internal.Collections - Collection found: [com.joseph.entity.Client.orders#440], was: [com.joseph.entity.Client.orders#440] (initialized)
10:08:09.052 [main] DEBUG org.hibernate.engine.internal.Collections - Collection found: [com.joseph.entity.Client.orders#441], was: [com.joseph.entity.Client.orders#441] (initialized)
10:08:09.052 [main] DEBUG org.hibernate.event.internal.AbstractFlushingEventListener - Flushed: 0 insertions, 0 updates, 0 deletions to 3 objects
10:08:09.052 [main] DEBUG org.hibernate.event.internal.AbstractFlushingEventListener - Flushed: 0 (re)creations, 0 updates, 0 removals to 3 collections
10:08:09.052 [main] DEBUG org.hibernate.internal.util.EntityPrinter - Listing entities:
10:08:09.053 [main] DEBUG org.hibernate.internal.util.EntityPrinter - com.joseph.entity.Client{nameclient=test, emailclient=test1@test.com, orders=[], idclient=440}
10:08:09.053 [main] DEBUG org.hibernate.internal.util.EntityPrinter - com.joseph.entity.Client{nameclient=test, emailclient=test@test.com, orders=[], idclient=439}
10:08:09.053 [main] DEBUG org.hibernate.internal.util.EntityPrinter - com.joseph.entity.Client{nameclient=test, emailclient=test2@test.com, orders=[], idclient=441}
10:08:09.053 [main] DEBUG org.hibernate.SQL - select client0_.idclient as idclient1_0_, client0_.emailclient as emailcli2_0_, client0_.nameclient as nameclie3_0_ from client client0_
10:08:09.057 [main] DEBUG org.hibernate.loader.Loader - Result set row: 0
10:08:09.057 [main] DEBUG org.hibernate.loader.Loader - Result row: EntityKey[com.joseph.entity.Client#441]
10:08:09.057 [main] DEBUG org.hibernate.loader.Loader - Result set row: 1
10:08:09.057 [main] DEBUG org.hibernate.loader.Loader - Result row: EntityKey[com.joseph.entity.Client#440]
10:08:09.057 [main] DEBUG org.hibernate.loader.Loader - Result set row: 2
10:08:09.057 [main] DEBUG org.hibernate.loader.Loader - Result row: EntityKey[com.joseph.entity.Client#439]
10:08:09.058 [main] DEBUG org.springframework.test.context.cache.DefaultCacheAwareContextLoaderDelegate - Retrieved ApplicationContext [254801937] from cache with key [[MergedContextConfiguration@5fbe4146 testClass = ClientServiceImplTest, locations = '{}', classes = '{class com.joseph.config.PersistenceJPAConfig}', contextInitializerClasses = '[]', activeProfiles = '{}', propertySourceLocations = '{}', propertySourceProperties = '{}', contextCustomizers = set[[empty]], contextLoader = 'org.springframework.test.context.support.DelegatingSmartContextLoader', parent = [null]]]
10:08:09.058 [main] DEBUG org.springframework.test.context.cache - Spring test ApplicationContext cache statistics: [DefaultContextCache@5261ec9 size = 1, maxSize = 32, parentContextCount = 0, hitCount = 27, missCount = 1]
10:08:09.059 [main] DEBUG org.springframework.orm.jpa.JpaTransactionManager - Initiating transaction rollback
10:08:09.059 [main] DEBUG org.springframework.orm.jpa.JpaTransactionManager - Rolling back JPA transaction on EntityManager [SessionImpl(PersistenceContext[entityKeys=[EntityKey[com.joseph.entity.Client#440], EntityKey[com.joseph.entity.Client#439], EntityKey[com.joseph.entity.Client#441]],collectionKeys=[CollectionKey[com.joseph.entity.Client.orders#440], CollectionKey[com.joseph.entity.Client.orders#441], CollectionKey[com.joseph.entity.Client.orders#439]]];ActionQueue[insertions=ExecutableList{size=0} updates=ExecutableList{size=0} deletions=ExecutableList{size=3} orphanRemovals=ExecutableList{size=0} collectionCreations=ExecutableList{size=0} collectionRemovals=ExecutableList{size=0} collectionUpdates=ExecutableList{size=0} collectionQueuedOps=ExecutableList{size=0} unresolvedInsertDependencies=null])]
10:08:09.059 [main] DEBUG org.hibernate.engine.transaction.internal.TransactionImpl - rolling back
10:08:09.060 [main] DEBUG org.springframework.orm.jpa.JpaTransactionManager - Closing JPA EntityManager [SessionImpl(PersistenceContext[entityKeys=[],collectionKeys=[]];ActionQueue[insertions=ExecutableList{size=0} updates=ExecutableList{size=0} deletions=ExecutableList{size=0} orphanRemovals=ExecutableList{size=0} collectionCreations=ExecutableList{size=0} collectionRemovals=ExecutableList{size=0} collectionUpdates=ExecutableList{size=0} collectionQueuedOps=ExecutableList{size=0} unresolvedInsertDependencies=null])] after transaction
10:08:09.060 [main] DEBUG org.hibernate.engine.jdbc.internal.JdbcCoordinatorImpl - HHH000420: Closing un-released batch
10:08:09.061 [main] INFO org.springframework.test.context.transaction.TransactionContext - Rolled back transaction for test: [DefaultTestContext@79d8407f testClass = ClientServiceImplTest, testInstance = com.joseph.service.Impl.ClientServiceImplTest@61bb1e4d, testMethod = TestGetClient@ClientServiceImplTest, testException = [null], mergedContextConfiguration = [MergedContextConfiguration@5fbe4146 testClass = ClientServiceImplTest, locations = '{}', classes = '{class com.joseph.config.PersistenceJPAConfig}', contextInitializerClasses = '[]', activeProfiles = '{}', propertySourceLocations = '{}', propertySourceProperties = '{}', contextCustomizers = set[[empty]], contextLoader = 'org.springframework.test.context.support.DelegatingSmartContextLoader', parent = [null]], attributes = map[[empty]]]
10:08:09.061 [main] DEBUG org.springframework.test.context.support.AbstractDirtiesContextTestExecutionListener - After test method: context [DefaultTestContext@79d8407f testClass = ClientServiceImplTest, testInstance = com.joseph.service.Impl.ClientServiceImplTest@61bb1e4d, testMethod = TestGetClient@ClientServiceImplTest, testException = [null], mergedContextConfiguration = [MergedContextConfiguration@5fbe4146 testClass = ClientServiceImplTest, locations = '{}', classes = '{class com.joseph.config.PersistenceJPAConfig}', contextInitializerClasses = '[]', activeProfiles = '{}', propertySourceLocations = '{}', propertySourceProperties = '{}', contextCustomizers = set[[empty]], contextLoader = 'org.springframework.test.context.support.DelegatingSmartContextLoader', parent = [null]], attributes = map[[empty]]], class annotated with @DirtiesContext [false] with mode [null], method annotated with @DirtiesContext [false] with mode [null].
]]></system-out>
  </testcase>
  <testcase name="saveClientWithParameterizedData(String, String)[1]" classname="com.joseph.service.Impl.ClientServiceImplTest$parameterizedAndRepetedTest" time="0.26">
    <system-out><![CDATA[10:08:09.065 [main] DEBUG org.springframework.test.context.BootstrapUtils - Instantiating CacheAwareContextLoaderDelegate from class [org.springframework.test.context.cache.DefaultCacheAwareContextLoaderDelegate]
10:08:09.065 [main] DEBUG org.springframework.test.context.BootstrapUtils - Instantiating BootstrapContext using constructor [public org.springframework.test.context.support.DefaultBootstrapContext(java.lang.Class,org.springframework.test.context.CacheAwareContextLoaderDelegate)]
10:08:09.066 [main] DEBUG org.springframework.test.context.BootstrapUtils - Instantiating TestContextBootstrapper for test class [com.joseph.service.Impl.ClientServiceImplTest$parameterizedAndRepetedTest] from class [org.springframework.test.context.support.DefaultTestContextBootstrapper]
10:08:09.067 [main] DEBUG org.springframework.test.context.support.AbstractDelegatingSmartContextLoader - Delegating to AnnotationConfigContextLoader to process context configuration [ContextConfigurationAttributes@4c302f38 declaringClass = 'com.joseph.service.Impl.ClientServiceImplTest$parameterizedAndRepetedTest', classes = '{class com.joseph.config.PersistenceJPAConfig}', locations = '{}', inheritLocations = true, initializers = '{}', inheritInitializers = true, name = [null], contextLoaderClass = 'org.springframework.test.context.ContextLoader'].
10:08:09.069 [main] DEBUG org.springframework.test.context.support.ActiveProfilesUtils - Could not find an 'annotation declaring class' for annotation type [org.springframework.test.context.ActiveProfiles] and class [com.joseph.service.Impl.ClientServiceImplTest$parameterizedAndRepetedTest]
10:08:09.069 [main] DEBUG org.springframework.test.context.support.DefaultTestContextBootstrapper - @TestExecutionListeners is not present for class [com.joseph.service.Impl.ClientServiceImplTest$parameterizedAndRepetedTest]: using defaults.
10:08:09.069 [main] INFO org.springframework.test.context.support.DefaultTestContextBootstrapper - Loaded default TestExecutionListener class names from location [META-INF/spring.factories]: [org.springframework.test.context.web.ServletTestExecutionListener, org.springframework.test.context.support.DirtiesContextBeforeModesTestExecutionListener, org.springframework.test.context.support.DependencyInjectionTestExecutionListener, org.springframework.test.context.support.DirtiesContextTestExecutionListener, org.springframework.test.context.transaction.TransactionalTestExecutionListener, org.springframework.test.context.jdbc.SqlScriptsTestExecutionListener, org.springframework.test.context.event.EventPublishingTestExecutionListener]
10:08:09.069 [main] INFO org.springframework.test.context.support.DefaultTestContextBootstrapper - Using TestExecutionListeners: [org.springframework.test.context.web.ServletTestExecutionListener@75aea2ba, org.springframework.test.context.support.DirtiesContextBeforeModesTestExecutionListener@2a47597, org.springframework.test.context.support.DependencyInjectionTestExecutionListener@12f279b5, org.springframework.test.context.support.DirtiesContextTestExecutionListener@5ff6dd3c, org.springframework.test.context.transaction.TransactionalTestExecutionListener@5fcd1f0a, org.springframework.test.context.jdbc.SqlScriptsTestExecutionListener@7e64c1a9, org.springframework.test.context.event.EventPublishingTestExecutionListener@7fda2001]
10:08:09.070 [main] DEBUG org.springframework.test.context.support.AbstractDirtiesContextTestExecutionListener - Before test class: context [DefaultTestContext@162c1dfb testClass = ClientServiceImplTest.parameterizedAndRepetedTest, testInstance = [null], testMethod = [null], testException = [null], mergedContextConfiguration = [MergedContextConfiguration@21ae657b testClass = ClientServiceImplTest.parameterizedAndRepetedTest, locations = '{}', classes = '{class com.joseph.config.PersistenceJPAConfig}', contextInitializerClasses = '[]', activeProfiles = '{}', propertySourceLocations = '{}', propertySourceProperties = '{}', contextCustomizers = set[[empty]], contextLoader = 'org.springframework.test.context.support.DelegatingSmartContextLoader', parent = [null]], attributes = map[[empty]]], class annotated with @DirtiesContext [false] with mode [null].
10:08:09.070 [main] DEBUG org.springframework.test.context.cache.DefaultCacheAwareContextLoaderDelegate - Retrieved ApplicationContext [254801937] from cache with key [[MergedContextConfiguration@21ae657b testClass = ClientServiceImplTest.parameterizedAndRepetedTest, locations = '{}', classes = '{class com.joseph.config.PersistenceJPAConfig}', contextInitializerClasses = '[]', activeProfiles = '{}', propertySourceLocations = '{}', propertySourceProperties = '{}', contextCustomizers = set[[empty]], contextLoader = 'org.springframework.test.context.support.DelegatingSmartContextLoader', parent = [null]]]
10:08:09.070 [main] DEBUG org.springframework.test.context.cache - Spring test ApplicationContext cache statistics: [DefaultContextCache@5261ec9 size = 1, maxSize = 32, parentContextCount = 0, hitCount = 28, missCount = 1]
10:08:09.264 [main] DEBUG org.springframework.test.context.support.DependencyInjectionTestExecutionListener - Performing dependency injection for test context [[DefaultTestContext@79d8407f testClass = ClientServiceImplTest, testInstance = com.joseph.service.Impl.ClientServiceImplTest@581b1c08, testMethod = [null], testException = [null], mergedContextConfiguration = [MergedContextConfiguration@5fbe4146 testClass = ClientServiceImplTest, locations = '{}', classes = '{class com.joseph.config.PersistenceJPAConfig}', contextInitializerClasses = '[]', activeProfiles = '{}', propertySourceLocations = '{}', propertySourceProperties = '{}', contextCustomizers = set[[empty]], contextLoader = 'org.springframework.test.context.support.DelegatingSmartContextLoader', parent = [null]], attributes = map[[empty]]]].
10:08:09.264 [main] DEBUG org.springframework.test.context.cache.DefaultCacheAwareContextLoaderDelegate - Retrieved ApplicationContext [254801937] from cache with key [[MergedContextConfiguration@5fbe4146 testClass = ClientServiceImplTest, locations = '{}', classes = '{class com.joseph.config.PersistenceJPAConfig}', contextInitializerClasses = '[]', activeProfiles = '{}', propertySourceLocations = '{}', propertySourceProperties = '{}', contextCustomizers = set[[empty]], contextLoader = 'org.springframework.test.context.support.DelegatingSmartContextLoader', parent = [null]]]
10:08:09.264 [main] DEBUG org.springframework.test.context.cache - Spring test ApplicationContext cache statistics: [DefaultContextCache@5261ec9 size = 1, maxSize = 32, parentContextCount = 0, hitCount = 29, missCount = 1]
10:08:09.265 [main] DEBUG org.springframework.test.context.cache.DefaultCacheAwareContextLoaderDelegate - Retrieved ApplicationContext [254801937] from cache with key [[MergedContextConfiguration@5fbe4146 testClass = ClientServiceImplTest, locations = '{}', classes = '{class com.joseph.config.PersistenceJPAConfig}', contextInitializerClasses = '[]', activeProfiles = '{}', propertySourceLocations = '{}', propertySourceProperties = '{}', contextCustomizers = set[[empty]], contextLoader = 'org.springframework.test.context.support.DelegatingSmartContextLoader', parent = [null]]]
10:08:09.265 [main] DEBUG org.springframework.test.context.cache - Spring test ApplicationContext cache statistics: [DefaultContextCache@5261ec9 size = 1, maxSize = 32, parentContextCount = 0, hitCount = 30, missCount = 1]
10:08:09.266 [main] DEBUG org.springframework.test.context.support.DependencyInjectionTestExecutionListener - Performing dependency injection for test context [[DefaultTestContext@162c1dfb testClass = ClientServiceImplTest.parameterizedAndRepetedTest, testInstance = com.joseph.service.Impl.ClientServiceImplTest$parameterizedAndRepetedTest@1c240cf2, testMethod = [null], testException = [null], mergedContextConfiguration = [MergedContextConfiguration@21ae657b testClass = ClientServiceImplTest.parameterizedAndRepetedTest, locations = '{}', classes = '{class com.joseph.config.PersistenceJPAConfig}', contextInitializerClasses = '[]', activeProfiles = '{}', propertySourceLocations = '{}', propertySourceProperties = '{}', contextCustomizers = set[[empty]], contextLoader = 'org.springframework.test.context.support.DelegatingSmartContextLoader', parent = [null]], attributes = map[[empty]]]].
10:08:09.267 [main] DEBUG org.springframework.test.context.cache.DefaultCacheAwareContextLoaderDelegate - Retrieved ApplicationContext [254801937] from cache with key [[MergedContextConfiguration@21ae657b testClass = ClientServiceImplTest.parameterizedAndRepetedTest, locations = '{}', classes = '{class com.joseph.config.PersistenceJPAConfig}', contextInitializerClasses = '[]', activeProfiles = '{}', propertySourceLocations = '{}', propertySourceProperties = '{}', contextCustomizers = set[[empty]], contextLoader = 'org.springframework.test.context.support.DelegatingSmartContextLoader', parent = [null]]]
10:08:09.267 [main] DEBUG org.springframework.test.context.cache - Spring test ApplicationContext cache statistics: [DefaultContextCache@5261ec9 size = 1, maxSize = 32, parentContextCount = 0, hitCount = 31, missCount = 1]
10:08:09.268 [main] DEBUG org.springframework.test.context.cache.DefaultCacheAwareContextLoaderDelegate - Retrieved ApplicationContext [254801937] from cache with key [[MergedContextConfiguration@21ae657b testClass = ClientServiceImplTest.parameterizedAndRepetedTest, locations = '{}', classes = '{class com.joseph.config.PersistenceJPAConfig}', contextInitializerClasses = '[]', activeProfiles = '{}', propertySourceLocations = '{}', propertySourceProperties = '{}', contextCustomizers = set[[empty]], contextLoader = 'org.springframework.test.context.support.DelegatingSmartContextLoader', parent = [null]]]
10:08:09.268 [main] DEBUG org.springframework.test.context.cache - Spring test ApplicationContext cache statistics: [DefaultContextCache@5261ec9 size = 1, maxSize = 32, parentContextCount = 0, hitCount = 32, missCount = 1]
10:08:09.273 [main] DEBUG org.springframework.test.context.support.AbstractDirtiesContextTestExecutionListener - Before test method: context [DefaultTestContext@162c1dfb testClass = ClientServiceImplTest.parameterizedAndRepetedTest, testInstance = com.joseph.service.Impl.ClientServiceImplTest$parameterizedAndRepetedTest@1c240cf2, testMethod = saveClientWithParameterizedData@ClientServiceImplTest.parameterizedAndRepetedTest, testException = [null], mergedContextConfiguration = [MergedContextConfiguration@21ae657b testClass = ClientServiceImplTest.parameterizedAndRepetedTest, locations = '{}', classes = '{class com.joseph.config.PersistenceJPAConfig}', contextInitializerClasses = '[]', activeProfiles = '{}', propertySourceLocations = '{}', propertySourceProperties = '{}', contextCustomizers = set[[empty]], contextLoader = 'org.springframework.test.context.support.DelegatingSmartContextLoader', parent = [null]], attributes = map[[empty]]], class annotated with @DirtiesContext [false] with mode [null], method annotated with @DirtiesContext [false] with mode [null].
10:08:09.276 [main] DEBUG org.springframework.test.context.cache.DefaultCacheAwareContextLoaderDelegate - Retrieved ApplicationContext [254801937] from cache with key [[MergedContextConfiguration@21ae657b testClass = ClientServiceImplTest.parameterizedAndRepetedTest, locations = '{}', classes = '{class com.joseph.config.PersistenceJPAConfig}', contextInitializerClasses = '[]', activeProfiles = '{}', propertySourceLocations = '{}', propertySourceProperties = '{}', contextCustomizers = set[[empty]], contextLoader = 'org.springframework.test.context.support.DelegatingSmartContextLoader', parent = [null]]]
10:08:09.276 [main] DEBUG org.springframework.test.context.cache - Spring test ApplicationContext cache statistics: [DefaultContextCache@5261ec9 size = 1, maxSize = 32, parentContextCount = 0, hitCount = 33, missCount = 1]
10:08:09.278 [main] DEBUG org.springframework.orm.jpa.JpaTransactionManager - Creating new transaction with name [org.springframework.data.jpa.repository.support.SimpleJpaRepository.deleteAll]: PROPAGATION_REQUIRED,ISOLATION_DEFAULT
10:08:09.279 [main] DEBUG org.springframework.orm.jpa.JpaTransactionManager - Opened new EntityManager [SessionImpl(PersistenceContext[entityKeys=[],collectionKeys=[]];ActionQueue[insertions=ExecutableList{size=0} updates=ExecutableList{size=0} deletions=ExecutableList{size=0} orphanRemovals=ExecutableList{size=0} collectionCreations=ExecutableList{size=0} collectionRemovals=ExecutableList{size=0} collectionUpdates=ExecutableList{size=0} collectionQueuedOps=ExecutableList{size=0} unresolvedInsertDependencies=null])] for JPA transaction
10:08:09.279 [main] DEBUG org.hibernate.engine.transaction.internal.TransactionImpl - begin
10:08:09.279 [main] DEBUG org.springframework.jdbc.datasource.DriverManagerDataSource - Creating new JDBC DriverManager Connection to [jdbc:mysql://localhost:3306/testcraftcore?useSSL=false&useTimezone=true&serverTimezone=UTC]
10:08:09.286 [main] DEBUG org.springframework.orm.jpa.JpaTransactionManager - Exposing JPA transaction as JDBC [org.springframework.orm.jpa.vendor.HibernateJpaDialect$HibernateConnectionHandle@58f2466c]
10:08:09.286 [main] DEBUG org.hibernate.query.criteria.internal.CriteriaQueryImpl - Rendered criteria query -> select generatedAlias0 from Client as generatedAlias0
10:08:09.287 [main] DEBUG org.hibernate.SQL - select client0_.idclient as idclient1_0_, client0_.emailclient as emailcli2_0_, client0_.nameclient as nameclie3_0_ from client client0_
10:08:09.290 [main] DEBUG org.hibernate.loader.Loader - Result set row: 0
10:08:09.291 [main] DEBUG org.hibernate.loader.Loader - Result row: EntityKey[com.joseph.entity.Client#441]
10:08:09.291 [main] DEBUG org.hibernate.loader.Loader - Result set row: 1
10:08:09.292 [main] DEBUG org.hibernate.loader.Loader - Result row: EntityKey[com.joseph.entity.Client#440]
10:08:09.292 [main] DEBUG org.hibernate.loader.Loader - Result set row: 2
10:08:09.292 [main] DEBUG org.hibernate.loader.Loader - Result row: EntityKey[com.joseph.entity.Client#439]
10:08:09.292 [main] DEBUG org.hibernate.engine.internal.TwoPhaseLoad - Resolving associations for [com.joseph.entity.Client#441]
10:08:09.293 [main] DEBUG org.hibernate.engine.internal.TwoPhaseLoad - Done materializing entity [com.joseph.entity.Client#441]
10:08:09.293 [main] DEBUG org.hibernate.engine.internal.TwoPhaseLoad - Resolving associations for [com.joseph.entity.Client#440]
10:08:09.293 [main] DEBUG org.hibernate.engine.internal.TwoPhaseLoad - Done materializing entity [com.joseph.entity.Client#440]
10:08:09.293 [main] DEBUG org.hibernate.engine.internal.TwoPhaseLoad - Resolving associations for [com.joseph.entity.Client#439]
10:08:09.293 [main] DEBUG org.hibernate.engine.internal.TwoPhaseLoad - Done materializing entity [com.joseph.entity.Client#439]
10:08:09.294 [main] DEBUG org.hibernate.loader.collection.plan.AbstractLoadPlanBasedCollectionInitializer - Loading collection: [com.joseph.entity.Client.orders#441]
10:08:09.294 [main] DEBUG org.hibernate.SQL - select orders0_.idclient as idclient5_1_0_, orders0_.idorder as idorder1_1_0_, orders0_.idorder as idorder1_1_1_, orders0_.idclient as idclient5_1_1_, orders0_.dateorder as dateorde2_1_1_, orders0_.statusorder as statusor3_1_1_, orders0_.totalorder as totalord4_1_1_ from order_table orders0_ where orders0_.idclient=?
10:08:09.295 [main] DEBUG org.hibernate.loader.plan.exec.process.internal.ResultSetProcessorImpl - Preparing collection intializer : [com.joseph.entity.Client.orders#441]
10:08:09.296 [main] DEBUG org.hibernate.engine.loading.internal.CollectionLoadContext - 1 collections were found in result set for role: com.joseph.entity.Client.orders
10:08:09.296 [main] DEBUG org.hibernate.engine.loading.internal.CollectionLoadContext - Collection fully initialized: [com.joseph.entity.Client.orders#441]
10:08:09.296 [main] DEBUG org.hibernate.engine.loading.internal.CollectionLoadContext - 1 collections initialized for role: com.joseph.entity.Client.orders
10:08:09.296 [main] DEBUG org.hibernate.resource.jdbc.internal.ResourceRegistryStandardImpl - HHH000387: ResultSet's statement was not registered
10:08:09.296 [main] DEBUG org.hibernate.loader.collection.plan.AbstractLoadPlanBasedCollectionInitializer - Done loading collection
10:08:09.296 [main] DEBUG org.hibernate.loader.collection.plan.AbstractLoadPlanBasedCollectionInitializer - Loading collection: [com.joseph.entity.Client.orders#440]
10:08:09.297 [main] DEBUG org.hibernate.SQL - select orders0_.idclient as idclient5_1_0_, orders0_.idorder as idorder1_1_0_, orders0_.idorder as idorder1_1_1_, orders0_.idclient as idclient5_1_1_, orders0_.dateorder as dateorde2_1_1_, orders0_.statusorder as statusor3_1_1_, orders0_.totalorder as totalord4_1_1_ from order_table orders0_ where orders0_.idclient=?
10:08:09.298 [main] DEBUG org.hibernate.loader.plan.exec.process.internal.ResultSetProcessorImpl - Preparing collection intializer : [com.joseph.entity.Client.orders#440]
10:08:09.298 [main] DEBUG org.hibernate.engine.loading.internal.CollectionLoadContext - 1 collections were found in result set for role: com.joseph.entity.Client.orders
10:08:09.298 [main] DEBUG org.hibernate.engine.loading.internal.CollectionLoadContext - Collection fully initialized: [com.joseph.entity.Client.orders#440]
10:08:09.298 [main] DEBUG org.hibernate.engine.loading.internal.CollectionLoadContext - 1 collections initialized for role: com.joseph.entity.Client.orders
10:08:09.299 [main] DEBUG org.hibernate.resource.jdbc.internal.ResourceRegistryStandardImpl - HHH000387: ResultSet's statement was not registered
10:08:09.299 [main] DEBUG org.hibernate.loader.collection.plan.AbstractLoadPlanBasedCollectionInitializer - Done loading collection
10:08:09.299 [main] DEBUG org.hibernate.loader.collection.plan.AbstractLoadPlanBasedCollectionInitializer - Loading collection: [com.joseph.entity.Client.orders#439]
10:08:09.299 [main] DEBUG org.hibernate.SQL - select orders0_.idclient as idclient5_1_0_, orders0_.idorder as idorder1_1_0_, orders0_.idorder as idorder1_1_1_, orders0_.idclient as idclient5_1_1_, orders0_.dateorder as dateorde2_1_1_, orders0_.statusorder as statusor3_1_1_, orders0_.totalorder as totalord4_1_1_ from order_table orders0_ where orders0_.idclient=?
10:08:09.301 [main] DEBUG org.hibernate.loader.plan.exec.process.internal.ResultSetProcessorImpl - Preparing collection intializer : [com.joseph.entity.Client.orders#439]
10:08:09.301 [main] DEBUG org.hibernate.engine.loading.internal.CollectionLoadContext - 1 collections were found in result set for role: com.joseph.entity.Client.orders
10:08:09.301 [main] DEBUG org.hibernate.engine.loading.internal.CollectionLoadContext - Collection fully initialized: [com.joseph.entity.Client.orders#439]
10:08:09.301 [main] DEBUG org.hibernate.engine.loading.internal.CollectionLoadContext - 1 collections initialized for role: com.joseph.entity.Client.orders
10:08:09.301 [main] DEBUG org.hibernate.resource.jdbc.internal.ResourceRegistryStandardImpl - HHH000387: ResultSet's statement was not registered
10:08:09.301 [main] DEBUG org.hibernate.loader.collection.plan.AbstractLoadPlanBasedCollectionInitializer - Done loading collection
10:08:09.302 [main] DEBUG org.springframework.orm.jpa.JpaTransactionManager - Initiating transaction commit
10:08:09.302 [main] DEBUG org.springframework.orm.jpa.JpaTransactionManager - Committing JPA transaction on EntityManager [SessionImpl(PersistenceContext[entityKeys=[EntityKey[com.joseph.entity.Client#440], EntityKey[com.joseph.entity.Client#439], EntityKey[com.joseph.entity.Client#441]],collectionKeys=[CollectionKey[com.joseph.entity.Client.orders#440], CollectionKey[com.joseph.entity.Client.orders#441], CollectionKey[com.joseph.entity.Client.orders#439]]];ActionQueue[insertions=ExecutableList{size=0} updates=ExecutableList{size=0} deletions=ExecutableList{size=3} orphanRemovals=ExecutableList{size=0} collectionCreations=ExecutableList{size=0} collectionRemovals=ExecutableList{size=0} collectionUpdates=ExecutableList{size=0} collectionQueuedOps=ExecutableList{size=0} unresolvedInsertDependencies=null])]
10:08:09.303 [main] DEBUG org.hibernate.engine.transaction.internal.TransactionImpl - committing
10:08:09.303 [main] DEBUG org.hibernate.event.internal.AbstractFlushingEventListener - Processing flush-time cascades
10:08:09.303 [main] DEBUG org.hibernate.event.internal.AbstractFlushingEventListener - Dirty checking collections
10:08:09.303 [main] DEBUG org.hibernate.engine.internal.Collections - Collection dereferenced: [com.joseph.entity.Client.orders#441]
10:08:09.303 [main] DEBUG org.hibernate.engine.internal.Collections - Collection dereferenced: [com.joseph.entity.Client.orders#440]
10:08:09.304 [main] DEBUG org.hibernate.engine.internal.Collections - Collection dereferenced: [com.joseph.entity.Client.orders#439]
10:08:09.304 [main] DEBUG org.hibernate.event.internal.AbstractFlushingEventListener - Flushed: 0 insertions, 0 updates, 3 deletions to 3 objects
10:08:09.304 [main] DEBUG org.hibernate.event.internal.AbstractFlushingEventListener - Flushed: 0 (re)creations, 0 updates, 3 removals to 3 collections
10:08:09.304 [main] DEBUG org.hibernate.internal.util.EntityPrinter - Listing entities:
10:08:09.304 [main] DEBUG org.hibernate.internal.util.EntityPrinter - com.joseph.entity.Client{nameclient=test, emailclient=test1@test.com, orders=[], idclient=440}
10:08:09.304 [main] DEBUG org.hibernate.internal.util.EntityPrinter - com.joseph.entity.Client{nameclient=test, emailclient=test@test.com, orders=[], idclient=439}
10:08:09.304 [main] DEBUG org.hibernate.internal.util.EntityPrinter - com.joseph.entity.Client{nameclient=test, emailclient=test2@test.com, orders=[], idclient=441}
10:08:09.304 [main] DEBUG org.hibernate.SQL - delete from client where idclient=?
10:08:09.307 [main] DEBUG org.hibernate.SQL - delete from client where idclient=?
10:08:09.310 [main] DEBUG org.hibernate.SQL - delete from client where idclient=?
10:08:09.313 [main] DEBUG org.springframework.orm.jpa.JpaTransactionManager - Closing JPA EntityManager [SessionImpl(PersistenceContext[entityKeys=[],collectionKeys=[]];ActionQueue[insertions=ExecutableList{size=0} updates=ExecutableList{size=0} deletions=ExecutableList{size=0} orphanRemovals=ExecutableList{size=0} collectionCreations=ExecutableList{size=0} collectionRemovals=ExecutableList{size=0} collectionUpdates=ExecutableList{size=0} collectionQueuedOps=ExecutableList{size=0} unresolvedInsertDependencies=null])] after transaction
10:08:09.314 [main] DEBUG org.hibernate.engine.jdbc.internal.JdbcCoordinatorImpl - HHH000420: Closing un-released batch
10:08:09.314 [main] DEBUG org.springframework.orm.jpa.JpaTransactionManager - Creating new transaction with name [org.springframework.data.jpa.repository.support.SimpleJpaRepository.save]: PROPAGATION_REQUIRED,ISOLATION_DEFAULT
10:08:09.315 [main] DEBUG org.springframework.orm.jpa.JpaTransactionManager - Opened new EntityManager [SessionImpl(PersistenceContext[entityKeys=[],collectionKeys=[]];ActionQueue[insertions=ExecutableList{size=0} updates=ExecutableList{size=0} deletions=ExecutableList{size=0} orphanRemovals=ExecutableList{size=0} collectionCreations=ExecutableList{size=0} collectionRemovals=ExecutableList{size=0} collectionUpdates=ExecutableList{size=0} collectionQueuedOps=ExecutableList{size=0} unresolvedInsertDependencies=null])] for JPA transaction
10:08:09.315 [main] DEBUG org.hibernate.engine.transaction.internal.TransactionImpl - begin
10:08:09.315 [main] DEBUG org.springframework.jdbc.datasource.DriverManagerDataSource - Creating new JDBC DriverManager Connection to [jdbc:mysql://localhost:3306/testcraftcore?useSSL=false&useTimezone=true&serverTimezone=UTC]
10:08:09.323 [main] DEBUG org.springframework.orm.jpa.JpaTransactionManager - Exposing JPA transaction as JDBC [org.springframework.orm.jpa.vendor.HibernateJpaDialect$HibernateConnectionHandle@1376883]
10:08:09.324 [main] DEBUG org.hibernate.engine.spi.ActionQueue - Executing identity-insert immediately
10:08:09.324 [main] DEBUG org.hibernate.SQL - insert into client (emailclient, nameclient) values (?, ?)
10:08:09.325 [main] DEBUG org.hibernate.id.IdentifierGeneratorHelper - Natively generated identity: 442
10:08:09.325 [main] DEBUG org.hibernate.resource.jdbc.internal.ResourceRegistryStandardImpl - HHH000387: ResultSet's statement was not registered
10:08:09.326 [main] DEBUG org.springframework.orm.jpa.JpaTransactionManager - Initiating transaction commit
10:08:09.326 [main] DEBUG org.springframework.orm.jpa.JpaTransactionManager - Committing JPA transaction on EntityManager [SessionImpl(PersistenceContext[entityKeys=[EntityKey[com.joseph.entity.Client#442]],collectionKeys=[]];ActionQueue[insertions=ExecutableList{size=0} updates=ExecutableList{size=0} deletions=ExecutableList{size=0} orphanRemovals=ExecutableList{size=0} collectionCreations=ExecutableList{size=0} collectionRemovals=ExecutableList{size=0} collectionUpdates=ExecutableList{size=0} collectionQueuedOps=ExecutableList{size=0} unresolvedInsertDependencies=null])]
10:08:09.326 [main] DEBUG org.hibernate.engine.transaction.internal.TransactionImpl - committing
10:08:09.326 [main] DEBUG org.hibernate.event.internal.AbstractFlushingEventListener - Processing flush-time cascades
10:08:09.326 [main] DEBUG org.hibernate.event.internal.AbstractFlushingEventListener - Dirty checking collections
10:08:09.326 [main] DEBUG org.hibernate.engine.internal.Collections - Collection found: [com.joseph.entity.Client.orders#442], was: [<unreferenced>] (initialized)
10:08:09.327 [main] DEBUG org.hibernate.event.internal.AbstractFlushingEventListener - Flushed: 0 insertions, 0 updates, 0 deletions to 1 objects
10:08:09.327 [main] DEBUG org.hibernate.event.internal.AbstractFlushingEventListener - Flushed: 1 (re)creations, 0 updates, 0 removals to 1 collections
10:08:09.327 [main] DEBUG org.hibernate.internal.util.EntityPrinter - Listing entities:
10:08:09.327 [main] DEBUG org.hibernate.internal.util.EntityPrinter - com.joseph.entity.Client{nameclient=test, emailclient=test@test.com, orders=[], idclient=442}
10:08:09.328 [main] DEBUG org.springframework.orm.jpa.JpaTransactionManager - Closing JPA EntityManager [SessionImpl(PersistenceContext[entityKeys=[EntityKey[com.joseph.entity.Client#442]],collectionKeys=[CollectionKey[com.joseph.entity.Client.orders#442]]];ActionQueue[insertions=ExecutableList{size=0} updates=ExecutableList{size=0} deletions=ExecutableList{size=0} orphanRemovals=ExecutableList{size=0} collectionCreations=ExecutableList{size=0} collectionRemovals=ExecutableList{size=0} collectionUpdates=ExecutableList{size=0} collectionQueuedOps=ExecutableList{size=0} unresolvedInsertDependencies=null])] after transaction
10:08:09.329 [main] DEBUG org.springframework.orm.jpa.JpaTransactionManager - Creating new transaction with name [org.springframework.data.jpa.repository.support.SimpleJpaRepository.save]: PROPAGATION_REQUIRED,ISOLATION_DEFAULT
10:08:09.330 [main] DEBUG org.springframework.orm.jpa.JpaTransactionManager - Opened new EntityManager [SessionImpl(PersistenceContext[entityKeys=[],collectionKeys=[]];ActionQueue[insertions=ExecutableList{size=0} updates=ExecutableList{size=0} deletions=ExecutableList{size=0} orphanRemovals=ExecutableList{size=0} collectionCreations=ExecutableList{size=0} collectionRemovals=ExecutableList{size=0} collectionUpdates=ExecutableList{size=0} collectionQueuedOps=ExecutableList{size=0} unresolvedInsertDependencies=null])] for JPA transaction
10:08:09.330 [main] DEBUG org.hibernate.engine.transaction.internal.TransactionImpl - begin
10:08:09.330 [main] DEBUG org.springframework.jdbc.datasource.DriverManagerDataSource - Creating new JDBC DriverManager Connection to [jdbc:mysql://localhost:3306/testcraftcore?useSSL=false&useTimezone=true&serverTimezone=UTC]
10:08:09.344 [main] DEBUG org.springframework.orm.jpa.JpaTransactionManager - Exposing JPA transaction as JDBC [org.springframework.orm.jpa.vendor.HibernateJpaDialect$HibernateConnectionHandle@411cd156]
10:08:09.345 [main] DEBUG org.hibernate.engine.spi.ActionQueue - Executing identity-insert immediately
10:08:09.346 [main] DEBUG org.hibernate.SQL - insert into client (emailclient, nameclient) values (?, ?)
10:08:09.348 [main] DEBUG org.hibernate.id.IdentifierGeneratorHelper - Natively generated identity: 443
10:08:09.348 [main] DEBUG org.hibernate.resource.jdbc.internal.ResourceRegistryStandardImpl - HHH000387: ResultSet's statement was not registered
10:08:09.349 [main] DEBUG org.springframework.orm.jpa.JpaTransactionManager - Initiating transaction commit
10:08:09.349 [main] DEBUG org.springframework.orm.jpa.JpaTransactionManager - Committing JPA transaction on EntityManager [SessionImpl(PersistenceContext[entityKeys=[EntityKey[com.joseph.entity.Client#443]],collectionKeys=[]];ActionQueue[insertions=ExecutableList{size=0} updates=ExecutableList{size=0} deletions=ExecutableList{size=0} orphanRemovals=ExecutableList{size=0} collectionCreations=ExecutableList{size=0} collectionRemovals=ExecutableList{size=0} collectionUpdates=ExecutableList{size=0} collectionQueuedOps=ExecutableList{size=0} unresolvedInsertDependencies=null])]
10:08:09.349 [main] DEBUG org.hibernate.engine.transaction.internal.TransactionImpl - committing
10:08:09.349 [main] DEBUG org.hibernate.event.internal.AbstractFlushingEventListener - Processing flush-time cascades
10:08:09.349 [main] DEBUG org.hibernate.event.internal.AbstractFlushingEventListener - Dirty checking collections
10:08:09.349 [main] DEBUG org.hibernate.engine.internal.Collections - Collection found: [com.joseph.entity.Client.orders#443], was: [<unreferenced>] (initialized)
10:08:09.349 [main] DEBUG org.hibernate.event.internal.AbstractFlushingEventListener - Flushed: 0 insertions, 0 updates, 0 deletions to 1 objects
10:08:09.350 [main] DEBUG org.hibernate.event.internal.AbstractFlushingEventListener - Flushed: 1 (re)creations, 0 updates, 0 removals to 1 collections
10:08:09.350 [main] DEBUG org.hibernate.internal.util.EntityPrinter - Listing entities:
10:08:09.350 [main] DEBUG org.hibernate.internal.util.EntityPrinter - com.joseph.entity.Client{nameclient=test, emailclient=test1@test.com, orders=[], idclient=443}
10:08:09.351 [main] DEBUG org.springframework.orm.jpa.JpaTransactionManager - Closing JPA EntityManager [SessionImpl(PersistenceContext[entityKeys=[EntityKey[com.joseph.entity.Client#443]],collectionKeys=[CollectionKey[com.joseph.entity.Client.orders#443]]];ActionQueue[insertions=ExecutableList{size=0} updates=ExecutableList{size=0} deletions=ExecutableList{size=0} orphanRemovals=ExecutableList{size=0} collectionCreations=ExecutableList{size=0} collectionRemovals=ExecutableList{size=0} collectionUpdates=ExecutableList{size=0} collectionQueuedOps=ExecutableList{size=0} unresolvedInsertDependencies=null])] after transaction
10:08:09.352 [main] DEBUG org.springframework.orm.jpa.JpaTransactionManager - Creating new transaction with name [org.springframework.data.jpa.repository.support.SimpleJpaRepository.save]: PROPAGATION_REQUIRED,ISOLATION_DEFAULT
10:08:09.353 [main] DEBUG org.springframework.orm.jpa.JpaTransactionManager - Opened new EntityManager [SessionImpl(PersistenceContext[entityKeys=[],collectionKeys=[]];ActionQueue[insertions=ExecutableList{size=0} updates=ExecutableList{size=0} deletions=ExecutableList{size=0} orphanRemovals=ExecutableList{size=0} collectionCreations=ExecutableList{size=0} collectionRemovals=ExecutableList{size=0} collectionUpdates=ExecutableList{size=0} collectionQueuedOps=ExecutableList{size=0} unresolvedInsertDependencies=null])] for JPA transaction
10:08:09.353 [main] DEBUG org.hibernate.engine.transaction.internal.TransactionImpl - begin
10:08:09.353 [main] DEBUG org.springframework.jdbc.datasource.DriverManagerDataSource - Creating new JDBC DriverManager Connection to [jdbc:mysql://localhost:3306/testcraftcore?useSSL=false&useTimezone=true&serverTimezone=UTC]
10:08:09.360 [main] DEBUG org.springframework.orm.jpa.JpaTransactionManager - Exposing JPA transaction as JDBC [org.springframework.orm.jpa.vendor.HibernateJpaDialect$HibernateConnectionHandle@5382184b]
10:08:09.363 [main] DEBUG org.hibernate.engine.spi.ActionQueue - Executing identity-insert immediately
10:08:09.363 [main] DEBUG org.hibernate.SQL - insert into client (emailclient, nameclient) values (?, ?)
10:08:09.366 [main] DEBUG org.hibernate.id.IdentifierGeneratorHelper - Natively generated identity: 444
10:08:09.367 [main] DEBUG org.hibernate.resource.jdbc.internal.ResourceRegistryStandardImpl - HHH000387: ResultSet's statement was not registered
10:08:09.368 [main] DEBUG org.springframework.orm.jpa.JpaTransactionManager - Initiating transaction commit
10:08:09.368 [main] DEBUG org.springframework.orm.jpa.JpaTransactionManager - Committing JPA transaction on EntityManager [SessionImpl(PersistenceContext[entityKeys=[EntityKey[com.joseph.entity.Client#444]],collectionKeys=[]];ActionQueue[insertions=ExecutableList{size=0} updates=ExecutableList{size=0} deletions=ExecutableList{size=0} orphanRemovals=ExecutableList{size=0} collectionCreations=ExecutableList{size=0} collectionRemovals=ExecutableList{size=0} collectionUpdates=ExecutableList{size=0} collectionQueuedOps=ExecutableList{size=0} unresolvedInsertDependencies=null])]
10:08:09.368 [main] DEBUG org.hibernate.engine.transaction.internal.TransactionImpl - committing
10:08:09.368 [main] DEBUG org.hibernate.event.internal.AbstractFlushingEventListener - Processing flush-time cascades
10:08:09.368 [main] DEBUG org.hibernate.event.internal.AbstractFlushingEventListener - Dirty checking collections
10:08:09.369 [main] DEBUG org.hibernate.engine.internal.Collections - Collection found: [com.joseph.entity.Client.orders#444], was: [<unreferenced>] (initialized)
10:08:09.369 [main] DEBUG org.hibernate.event.internal.AbstractFlushingEventListener - Flushed: 0 insertions, 0 updates, 0 deletions to 1 objects
10:08:09.369 [main] DEBUG org.hibernate.event.internal.AbstractFlushingEventListener - Flushed: 1 (re)creations, 0 updates, 0 removals to 1 collections
10:08:09.369 [main] DEBUG org.hibernate.internal.util.EntityPrinter - Listing entities:
10:08:09.369 [main] DEBUG org.hibernate.internal.util.EntityPrinter - com.joseph.entity.Client{nameclient=test, emailclient=test2@test.com, orders=[], idclient=444}
10:08:09.370 [main] DEBUG org.springframework.orm.jpa.JpaTransactionManager - Closing JPA EntityManager [SessionImpl(PersistenceContext[entityKeys=[EntityKey[com.joseph.entity.Client#444]],collectionKeys=[CollectionKey[com.joseph.entity.Client.orders#444]]];ActionQueue[insertions=ExecutableList{size=0} updates=ExecutableList{size=0} deletions=ExecutableList{size=0} orphanRemovals=ExecutableList{size=0} collectionCreations=ExecutableList{size=0} collectionRemovals=ExecutableList{size=0} collectionUpdates=ExecutableList{size=0} collectionQueuedOps=ExecutableList{size=0} unresolvedInsertDependencies=null])] after transaction
10:08:09.371 [main] DEBUG org.springframework.test.context.cache.DefaultCacheAwareContextLoaderDelegate - Retrieved ApplicationContext [254801937] from cache with key [[MergedContextConfiguration@21ae657b testClass = ClientServiceImplTest.parameterizedAndRepetedTest, locations = '{}', classes = '{class com.joseph.config.PersistenceJPAConfig}', contextInitializerClasses = '[]', activeProfiles = '{}', propertySourceLocations = '{}', propertySourceProperties = '{}', contextCustomizers = set[[empty]], contextLoader = 'org.springframework.test.context.support.DelegatingSmartContextLoader', parent = [null]]]
10:08:09.372 [main] DEBUG org.springframework.test.context.cache - Spring test ApplicationContext cache statistics: [DefaultContextCache@5261ec9 size = 1, maxSize = 32, parentContextCount = 0, hitCount = 34, missCount = 1]
10:08:09.429 [main] DEBUG org.springframework.orm.jpa.JpaTransactionManager - Creating new transaction with name [com.joseph.service.Impl.ClientServiceImpl.saveClient]: PROPAGATION_REQUIRED,ISOLATION_DEFAULT
10:08:09.429 [main] DEBUG org.springframework.orm.jpa.JpaTransactionManager - Opened new EntityManager [SessionImpl(PersistenceContext[entityKeys=[],collectionKeys=[]];ActionQueue[insertions=ExecutableList{size=0} updates=ExecutableList{size=0} deletions=ExecutableList{size=0} orphanRemovals=ExecutableList{size=0} collectionCreations=ExecutableList{size=0} collectionRemovals=ExecutableList{size=0} collectionUpdates=ExecutableList{size=0} collectionQueuedOps=ExecutableList{size=0} unresolvedInsertDependencies=null])] for JPA transaction
10:08:09.429 [main] DEBUG org.hibernate.engine.transaction.internal.TransactionImpl - begin
10:08:09.430 [main] DEBUG org.springframework.jdbc.datasource.DriverManagerDataSource - Creating new JDBC DriverManager Connection to [jdbc:mysql://localhost:3306/testcraftcore?useSSL=false&useTimezone=true&serverTimezone=UTC]
10:08:09.439 [main] DEBUG org.springframework.orm.jpa.JpaTransactionManager - Exposing JPA transaction as JDBC [org.springframework.orm.jpa.vendor.HibernateJpaDialect$HibernateConnectionHandle@68b11545]
10:08:09.439 [main] DEBUG org.springframework.orm.jpa.JpaTransactionManager - Found thread-bound EntityManager [SessionImpl(PersistenceContext[entityKeys=[],collectionKeys=[]];ActionQueue[insertions=ExecutableList{size=0} updates=ExecutableList{size=0} deletions=ExecutableList{size=0} orphanRemovals=ExecutableList{size=0} collectionCreations=ExecutableList{size=0} collectionRemovals=ExecutableList{size=0} collectionUpdates=ExecutableList{size=0} collectionQueuedOps=ExecutableList{size=0} unresolvedInsertDependencies=null])] for JPA transaction
10:08:09.440 [main] DEBUG org.springframework.orm.jpa.JpaTransactionManager - Participating in existing transaction
10:08:09.443 [main] DEBUG org.hibernate.event.internal.DefaultMergeEventListener - EntityCopyObserver strategy: disallow
10:08:09.446 [main] DEBUG org.hibernate.loader.Loader - Loading entity: [com.joseph.entity.Client#444]
10:08:09.446 [main] DEBUG org.hibernate.SQL - select client0_.idclient as idclient1_0_1_, client0_.emailclient as emailcli2_0_1_, client0_.nameclient as nameclie3_0_1_, orders1_.idclient as idclient5_1_3_, orders1_.idorder as idorder1_1_3_, orders1_.idorder as idorder1_1_0_, orders1_.idclient as idclient5_1_0_, orders1_.dateorder as dateorde2_1_0_, orders1_.statusorder as statusor3_1_0_, orders1_.totalorder as totalord4_1_0_ from client client0_ left outer join order_table orders1_ on client0_.idclient=orders1_.idclient where client0_.idclient=?
10:08:09.449 [main] DEBUG org.hibernate.loader.Loader - Result set row: 0
10:08:09.451 [main] DEBUG org.hibernate.loader.Loader - Result row: null, EntityKey[com.joseph.entity.Client#444]
10:08:09.452 [main] DEBUG org.hibernate.loader.Loader - Result set contains (possibly empty) collection: [com.joseph.entity.Client.orders#444]
10:08:09.452 [main] DEBUG org.hibernate.engine.internal.TwoPhaseLoad - Resolving associations for [com.joseph.entity.Client#444]
10:08:09.453 [main] DEBUG org.hibernate.engine.internal.TwoPhaseLoad - Done materializing entity [com.joseph.entity.Client#444]
10:08:09.453 [main] DEBUG org.hibernate.engine.loading.internal.CollectionLoadContext - 1 collections were found in result set for role: com.joseph.entity.Client.orders
10:08:09.453 [main] DEBUG org.hibernate.engine.loading.internal.CollectionLoadContext - Collection fully initialized: [com.joseph.entity.Client.orders#444]
10:08:09.453 [main] DEBUG org.hibernate.engine.loading.internal.CollectionLoadContext - 1 collections initialized for role: com.joseph.entity.Client.orders
10:08:09.453 [main] DEBUG org.hibernate.loader.Loader - Done entity load
10:08:09.454 [main] DEBUG org.hibernate.engine.spi.CollectionEntry - Reset storedSnapshot to {} for CollectionEntry[com.joseph.entity.Client.orders#444]
10:08:09.454 [main] DEBUG org.springframework.orm.jpa.JpaTransactionManager - Initiating transaction commit
10:08:09.454 [main] DEBUG org.springframework.orm.jpa.JpaTransactionManager - Committing JPA transaction on EntityManager [SessionImpl(PersistenceContext[entityKeys=[EntityKey[com.joseph.entity.Client#444]],collectionKeys=[CollectionKey[com.joseph.entity.Client.orders#444]]];ActionQueue[insertions=ExecutableList{size=0} updates=ExecutableList{size=0} deletions=ExecutableList{size=0} orphanRemovals=ExecutableList{size=0} collectionCreations=ExecutableList{size=0} collectionRemovals=ExecutableList{size=0} collectionUpdates=ExecutableList{size=0} collectionQueuedOps=ExecutableList{size=0} unresolvedInsertDependencies=null])]
10:08:09.454 [main] DEBUG org.hibernate.engine.transaction.internal.TransactionImpl - committing
10:08:09.454 [main] DEBUG org.hibernate.event.internal.AbstractFlushingEventListener - Processing flush-time cascades
10:08:09.454 [main] DEBUG org.hibernate.event.internal.AbstractFlushingEventListener - Dirty checking collections
10:08:09.455 [main] DEBUG org.hibernate.engine.internal.Collections - Collection found: [com.joseph.entity.Client.orders#444], was: [com.joseph.entity.Client.orders#444] (initialized)
10:08:09.455 [main] DEBUG org.hibernate.event.internal.AbstractFlushingEventListener - Flushed: 0 insertions, 1 updates, 0 deletions to 1 objects
10:08:09.455 [main] DEBUG org.hibernate.event.internal.AbstractFlushingEventListener - Flushed: 0 (re)creations, 0 updates, 0 removals to 1 collections
10:08:09.456 [main] DEBUG org.hibernate.internal.util.EntityPrinter - Listing entities:
10:08:09.456 [main] DEBUG org.hibernate.internal.util.EntityPrinter - com.joseph.entity.Client{nameclient=client1Test, emailclient=test@test.com, orders=[], idclient=444}
10:08:09.456 [main] DEBUG org.hibernate.SQL - update client set emailclient=?, nameclient=? where idclient=?
10:08:09.460 [main] DEBUG org.springframework.orm.jpa.JpaTransactionManager - Closing JPA EntityManager [SessionImpl(PersistenceContext[entityKeys=[EntityKey[com.joseph.entity.Client#444]],collectionKeys=[CollectionKey[com.joseph.entity.Client.orders#444]]];ActionQueue[insertions=ExecutableList{size=0} updates=ExecutableList{size=0} deletions=ExecutableList{size=0} orphanRemovals=ExecutableList{size=0} collectionCreations=ExecutableList{size=0} collectionRemovals=ExecutableList{size=0} collectionUpdates=ExecutableList{size=0} collectionQueuedOps=ExecutableList{size=0} unresolvedInsertDependencies=null])] after transaction
10:08:09.462 [main] DEBUG org.springframework.orm.jpa.JpaTransactionManager - Creating new transaction with name [org.springframework.data.jpa.repository.support.SimpleJpaRepository.findAll]: PROPAGATION_REQUIRED,ISOLATION_DEFAULT,readOnly
10:08:09.462 [main] DEBUG org.springframework.orm.jpa.JpaTransactionManager - Opened new EntityManager [SessionImpl(PersistenceContext[entityKeys=[],collectionKeys=[]];ActionQueue[insertions=ExecutableList{size=0} updates=ExecutableList{size=0} deletions=ExecutableList{size=0} orphanRemovals=ExecutableList{size=0} collectionCreations=ExecutableList{size=0} collectionRemovals=ExecutableList{size=0} collectionUpdates=ExecutableList{size=0} collectionQueuedOps=ExecutableList{size=0} unresolvedInsertDependencies=null])] for JPA transaction
10:08:09.464 [main] DEBUG org.springframework.jdbc.datasource.DriverManagerDataSource - Creating new JDBC DriverManager Connection to [jdbc:mysql://localhost:3306/testcraftcore?useSSL=false&useTimezone=true&serverTimezone=UTC]
10:08:09.476 [main] DEBUG org.springframework.jdbc.datasource.DataSourceUtils - Setting JDBC Connection [com.mysql.cj.jdbc.ConnectionImpl@52ca2652] read-only
10:08:09.476 [main] DEBUG org.hibernate.engine.transaction.internal.TransactionImpl - begin
10:08:09.477 [main] DEBUG org.springframework.orm.jpa.JpaTransactionManager - Exposing JPA transaction as JDBC [org.springframework.orm.jpa.vendor.HibernateJpaDialect$HibernateConnectionHandle@65c5bf0e]
10:08:09.478 [main] DEBUG org.hibernate.query.criteria.internal.CriteriaQueryImpl - Rendered criteria query -> select generatedAlias0 from Client as generatedAlias0
10:08:09.479 [main] DEBUG org.hibernate.SQL - select client0_.idclient as idclient1_0_, client0_.emailclient as emailcli2_0_, client0_.nameclient as nameclie3_0_ from client client0_
10:08:09.480 [main] DEBUG org.hibernate.loader.Loader - Result set row: 0
10:08:09.481 [main] DEBUG org.hibernate.loader.Loader - Result row: EntityKey[com.joseph.entity.Client#442]
10:08:09.481 [main] DEBUG org.hibernate.loader.Loader - Result set row: 1
10:08:09.481 [main] DEBUG org.hibernate.loader.Loader - Result row: EntityKey[com.joseph.entity.Client#443]
10:08:09.482 [main] DEBUG org.hibernate.loader.Loader - Result set row: 2
10:08:09.482 [main] DEBUG org.hibernate.loader.Loader - Result row: EntityKey[com.joseph.entity.Client#444]
10:08:09.482 [main] DEBUG org.hibernate.engine.internal.TwoPhaseLoad - Resolving associations for [com.joseph.entity.Client#442]
10:08:09.482 [main] DEBUG org.hibernate.engine.internal.TwoPhaseLoad - Done materializing entity [com.joseph.entity.Client#442]
10:08:09.483 [main] DEBUG org.hibernate.engine.internal.TwoPhaseLoad - Resolving associations for [com.joseph.entity.Client#443]
10:08:09.483 [main] DEBUG org.hibernate.engine.internal.TwoPhaseLoad - Done materializing entity [com.joseph.entity.Client#443]
10:08:09.483 [main] DEBUG org.hibernate.engine.internal.TwoPhaseLoad - Resolving associations for [com.joseph.entity.Client#444]
10:08:09.483 [main] DEBUG org.hibernate.engine.internal.TwoPhaseLoad - Done materializing entity [com.joseph.entity.Client#444]
10:08:09.483 [main] DEBUG org.springframework.orm.jpa.JpaTransactionManager - Initiating transaction commit
10:08:09.483 [main] DEBUG org.springframework.orm.jpa.JpaTransactionManager - Committing JPA transaction on EntityManager [SessionImpl(PersistenceContext[entityKeys=[EntityKey[com.joseph.entity.Client#442], EntityKey[com.joseph.entity.Client#444], EntityKey[com.joseph.entity.Client#443]],collectionKeys=[CollectionKey[com.joseph.entity.Client.orders#442], CollectionKey[com.joseph.entity.Client.orders#443], CollectionKey[com.joseph.entity.Client.orders#444]]];ActionQueue[insertions=ExecutableList{size=0} updates=ExecutableList{size=0} deletions=ExecutableList{size=0} orphanRemovals=ExecutableList{size=0} collectionCreations=ExecutableList{size=0} collectionRemovals=ExecutableList{size=0} collectionUpdates=ExecutableList{size=0} collectionQueuedOps=ExecutableList{size=0} unresolvedInsertDependencies=null])]
10:08:09.483 [main] DEBUG org.hibernate.engine.transaction.internal.TransactionImpl - committing
10:08:09.484 [main] DEBUG org.springframework.jdbc.datasource.DataSourceUtils - Resetting read-only flag of JDBC Connection [com.mysql.cj.jdbc.ConnectionImpl@52ca2652]
10:08:09.485 [main] DEBUG org.springframework.orm.jpa.JpaTransactionManager - Closing JPA EntityManager [SessionImpl(PersistenceContext[entityKeys=[EntityKey[com.joseph.entity.Client#442], EntityKey[com.joseph.entity.Client#444], EntityKey[com.joseph.entity.Client#443]],collectionKeys=[CollectionKey[com.joseph.entity.Client.orders#442], CollectionKey[com.joseph.entity.Client.orders#443], CollectionKey[com.joseph.entity.Client.orders#444]]];ActionQueue[insertions=ExecutableList{size=0} updates=ExecutableList{size=0} deletions=ExecutableList{size=0} orphanRemovals=ExecutableList{size=0} collectionCreations=ExecutableList{size=0} collectionRemovals=ExecutableList{size=0} collectionUpdates=ExecutableList{size=0} collectionQueuedOps=ExecutableList{size=0} unresolvedInsertDependencies=null])] after transaction
10:08:09.489 [main] DEBUG org.springframework.test.context.cache.DefaultCacheAwareContextLoaderDelegate - Retrieved ApplicationContext [254801937] from cache with key [[MergedContextConfiguration@21ae657b testClass = ClientServiceImplTest.parameterizedAndRepetedTest, locations = '{}', classes = '{class com.joseph.config.PersistenceJPAConfig}', contextInitializerClasses = '[]', activeProfiles = '{}', propertySourceLocations = '{}', propertySourceProperties = '{}', contextCustomizers = set[[empty]], contextLoader = 'org.springframework.test.context.support.DelegatingSmartContextLoader', parent = [null]]]
10:08:09.489 [main] DEBUG org.springframework.test.context.cache - Spring test ApplicationContext cache statistics: [DefaultContextCache@5261ec9 size = 1, maxSize = 32, parentContextCount = 0, hitCount = 35, missCount = 1]
10:08:09.491 [main] DEBUG org.springframework.orm.jpa.JpaTransactionManager - Creating new transaction with name [org.springframework.data.jpa.repository.support.SimpleJpaRepository.deleteAll]: PROPAGATION_REQUIRED,ISOLATION_DEFAULT
10:08:09.491 [main] DEBUG org.springframework.orm.jpa.JpaTransactionManager - Opened new EntityManager [SessionImpl(PersistenceContext[entityKeys=[],collectionKeys=[]];ActionQueue[insertions=ExecutableList{size=0} updates=ExecutableList{size=0} deletions=ExecutableList{size=0} orphanRemovals=ExecutableList{size=0} collectionCreations=ExecutableList{size=0} collectionRemovals=ExecutableList{size=0} collectionUpdates=ExecutableList{size=0} collectionQueuedOps=ExecutableList{size=0} unresolvedInsertDependencies=null])] for JPA transaction
10:08:09.491 [main] DEBUG org.hibernate.engine.transaction.internal.TransactionImpl - begin
10:08:09.491 [main] DEBUG org.springframework.jdbc.datasource.DriverManagerDataSource - Creating new JDBC DriverManager Connection to [jdbc:mysql://localhost:3306/testcraftcore?useSSL=false&useTimezone=true&serverTimezone=UTC]
10:08:09.497 [main] DEBUG org.springframework.orm.jpa.JpaTransactionManager - Exposing JPA transaction as JDBC [org.springframework.orm.jpa.vendor.HibernateJpaDialect$HibernateConnectionHandle@5921b93c]
10:08:09.497 [main] DEBUG org.hibernate.query.criteria.internal.CriteriaQueryImpl - Rendered criteria query -> select generatedAlias0 from Client as generatedAlias0
10:08:09.498 [main] DEBUG org.hibernate.SQL - select client0_.idclient as idclient1_0_, client0_.emailclient as emailcli2_0_, client0_.nameclient as nameclie3_0_ from client client0_
10:08:09.499 [main] DEBUG org.hibernate.loader.Loader - Result set row: 0
10:08:09.500 [main] DEBUG org.hibernate.loader.Loader - Result row: EntityKey[com.joseph.entity.Client#442]
10:08:09.500 [main] DEBUG org.hibernate.loader.Loader - Result set row: 1
10:08:09.500 [main] DEBUG org.hibernate.loader.Loader - Result row: EntityKey[com.joseph.entity.Client#443]
10:08:09.500 [main] DEBUG org.hibernate.loader.Loader - Result set row: 2
10:08:09.500 [main] DEBUG org.hibernate.loader.Loader - Result row: EntityKey[com.joseph.entity.Client#444]
10:08:09.501 [main] DEBUG org.hibernate.engine.internal.TwoPhaseLoad - Resolving associations for [com.joseph.entity.Client#442]
10:08:09.501 [main] DEBUG org.hibernate.engine.internal.TwoPhaseLoad - Done materializing entity [com.joseph.entity.Client#442]
10:08:09.501 [main] DEBUG org.hibernate.engine.internal.TwoPhaseLoad - Resolving associations for [com.joseph.entity.Client#443]
10:08:09.501 [main] DEBUG org.hibernate.engine.internal.TwoPhaseLoad - Done materializing entity [com.joseph.entity.Client#443]
10:08:09.501 [main] DEBUG org.hibernate.engine.internal.TwoPhaseLoad - Resolving associations for [com.joseph.entity.Client#444]
10:08:09.502 [main] DEBUG org.hibernate.engine.internal.TwoPhaseLoad - Done materializing entity [com.joseph.entity.Client#444]
10:08:09.503 [main] DEBUG org.hibernate.loader.collection.plan.AbstractLoadPlanBasedCollectionInitializer - Loading collection: [com.joseph.entity.Client.orders#442]
10:08:09.503 [main] DEBUG org.hibernate.SQL - select orders0_.idclient as idclient5_1_0_, orders0_.idorder as idorder1_1_0_, orders0_.idorder as idorder1_1_1_, orders0_.idclient as idclient5_1_1_, orders0_.dateorder as dateorde2_1_1_, orders0_.statusorder as statusor3_1_1_, orders0_.totalorder as totalord4_1_1_ from order_table orders0_ where orders0_.idclient=?
10:08:09.505 [main] DEBUG org.hibernate.loader.plan.exec.process.internal.ResultSetProcessorImpl - Preparing collection intializer : [com.joseph.entity.Client.orders#442]
10:08:09.505 [main] DEBUG org.hibernate.engine.loading.internal.CollectionLoadContext - 1 collections were found in result set for role: com.joseph.entity.Client.orders
10:08:09.505 [main] DEBUG org.hibernate.engine.loading.internal.CollectionLoadContext - Collection fully initialized: [com.joseph.entity.Client.orders#442]
10:08:09.506 [main] DEBUG org.hibernate.engine.loading.internal.CollectionLoadContext - 1 collections initialized for role: com.joseph.entity.Client.orders
10:08:09.506 [main] DEBUG org.hibernate.resource.jdbc.internal.ResourceRegistryStandardImpl - HHH000387: ResultSet's statement was not registered
10:08:09.506 [main] DEBUG org.hibernate.loader.collection.plan.AbstractLoadPlanBasedCollectionInitializer - Done loading collection
10:08:09.508 [main] DEBUG org.hibernate.loader.collection.plan.AbstractLoadPlanBasedCollectionInitializer - Loading collection: [com.joseph.entity.Client.orders#443]
10:08:09.508 [main] DEBUG org.hibernate.SQL - select orders0_.idclient as idclient5_1_0_, orders0_.idorder as idorder1_1_0_, orders0_.idorder as idorder1_1_1_, orders0_.idclient as idclient5_1_1_, orders0_.dateorder as dateorde2_1_1_, orders0_.statusorder as statusor3_1_1_, orders0_.totalorder as totalord4_1_1_ from order_table orders0_ where orders0_.idclient=?
10:08:09.510 [main] DEBUG org.hibernate.loader.plan.exec.process.internal.ResultSetProcessorImpl - Preparing collection intializer : [com.joseph.entity.Client.orders#443]
10:08:09.510 [main] DEBUG org.hibernate.engine.loading.internal.CollectionLoadContext - 1 collections were found in result set for role: com.joseph.entity.Client.orders
10:08:09.511 [main] DEBUG org.hibernate.engine.loading.internal.CollectionLoadContext - Collection fully initialized: [com.joseph.entity.Client.orders#443]
10:08:09.511 [main] DEBUG org.hibernate.engine.loading.internal.CollectionLoadContext - 1 collections initialized for role: com.joseph.entity.Client.orders
10:08:09.511 [main] DEBUG org.hibernate.resource.jdbc.internal.ResourceRegistryStandardImpl - HHH000387: ResultSet's statement was not registered
10:08:09.511 [main] DEBUG org.hibernate.loader.collection.plan.AbstractLoadPlanBasedCollectionInitializer - Done loading collection
10:08:09.511 [main] DEBUG org.hibernate.loader.collection.plan.AbstractLoadPlanBasedCollectionInitializer - Loading collection: [com.joseph.entity.Client.orders#444]
10:08:09.512 [main] DEBUG org.hibernate.SQL - select orders0_.idclient as idclient5_1_0_, orders0_.idorder as idorder1_1_0_, orders0_.idorder as idorder1_1_1_, orders0_.idclient as idclient5_1_1_, orders0_.dateorder as dateorde2_1_1_, orders0_.statusorder as statusor3_1_1_, orders0_.totalorder as totalord4_1_1_ from order_table orders0_ where orders0_.idclient=?
10:08:09.513 [main] DEBUG org.hibernate.loader.plan.exec.process.internal.ResultSetProcessorImpl - Preparing collection intializer : [com.joseph.entity.Client.orders#444]
10:08:09.514 [main] DEBUG org.hibernate.engine.loading.internal.CollectionLoadContext - 1 collections were found in result set for role: com.joseph.entity.Client.orders
10:08:09.514 [main] DEBUG org.hibernate.engine.loading.internal.CollectionLoadContext - Collection fully initialized: [com.joseph.entity.Client.orders#444]
10:08:09.514 [main] DEBUG org.hibernate.engine.loading.internal.CollectionLoadContext - 1 collections initialized for role: com.joseph.entity.Client.orders
10:08:09.514 [main] DEBUG org.hibernate.resource.jdbc.internal.ResourceRegistryStandardImpl - HHH000387: ResultSet's statement was not registered
10:08:09.514 [main] DEBUG org.hibernate.loader.collection.plan.AbstractLoadPlanBasedCollectionInitializer - Done loading collection
10:08:09.514 [main] DEBUG org.springframework.orm.jpa.JpaTransactionManager - Initiating transaction commit
10:08:09.514 [main] DEBUG org.springframework.orm.jpa.JpaTransactionManager - Committing JPA transaction on EntityManager [SessionImpl(PersistenceContext[entityKeys=[EntityKey[com.joseph.entity.Client#442], EntityKey[com.joseph.entity.Client#444], EntityKey[com.joseph.entity.Client#443]],collectionKeys=[CollectionKey[com.joseph.entity.Client.orders#442], CollectionKey[com.joseph.entity.Client.orders#443], CollectionKey[com.joseph.entity.Client.orders#444]]];ActionQueue[insertions=ExecutableList{size=0} updates=ExecutableList{size=0} deletions=ExecutableList{size=3} orphanRemovals=ExecutableList{size=0} collectionCreations=ExecutableList{size=0} collectionRemovals=ExecutableList{size=0} collectionUpdates=ExecutableList{size=0} collectionQueuedOps=ExecutableList{size=0} unresolvedInsertDependencies=null])]
10:08:09.515 [main] DEBUG org.hibernate.engine.transaction.internal.TransactionImpl - committing
10:08:09.515 [main] DEBUG org.hibernate.event.internal.AbstractFlushingEventListener - Processing flush-time cascades
10:08:09.515 [main] DEBUG org.hibernate.event.internal.AbstractFlushingEventListener - Dirty checking collections
10:08:09.515 [main] DEBUG org.hibernate.engine.internal.Collections - Collection dereferenced: [com.joseph.entity.Client.orders#442]
10:08:09.515 [main] DEBUG org.hibernate.engine.internal.Collections - Collection dereferenced: [com.joseph.entity.Client.orders#443]
10:08:09.515 [main] DEBUG org.hibernate.engine.internal.Collections - Collection dereferenced: [com.joseph.entity.Client.orders#444]
10:08:09.515 [main] DEBUG org.hibernate.event.internal.AbstractFlushingEventListener - Flushed: 0 insertions, 0 updates, 3 deletions to 3 objects
10:08:09.515 [main] DEBUG org.hibernate.event.internal.AbstractFlushingEventListener - Flushed: 0 (re)creations, 0 updates, 3 removals to 3 collections
10:08:09.515 [main] DEBUG org.hibernate.internal.util.EntityPrinter - Listing entities:
10:08:09.516 [main] DEBUG org.hibernate.internal.util.EntityPrinter - com.joseph.entity.Client{nameclient=test, emailclient=test@test.com, orders=[], idclient=442}
10:08:09.516 [main] DEBUG org.hibernate.internal.util.EntityPrinter - com.joseph.entity.Client{nameclient=client1Test, emailclient=test@test.com, orders=[], idclient=444}
10:08:09.516 [main] DEBUG org.hibernate.internal.util.EntityPrinter - com.joseph.entity.Client{nameclient=test, emailclient=test1@test.com, orders=[], idclient=443}
10:08:09.516 [main] DEBUG org.hibernate.SQL - delete from client where idclient=?
10:08:09.518 [main] DEBUG org.hibernate.SQL - delete from client where idclient=?
10:08:09.522 [main] DEBUG org.hibernate.SQL - delete from client where idclient=?
10:08:09.526 [main] DEBUG org.springframework.orm.jpa.JpaTransactionManager - Closing JPA EntityManager [SessionImpl(PersistenceContext[entityKeys=[],collectionKeys=[]];ActionQueue[insertions=ExecutableList{size=0} updates=ExecutableList{size=0} deletions=ExecutableList{size=0} orphanRemovals=ExecutableList{size=0} collectionCreations=ExecutableList{size=0} collectionRemovals=ExecutableList{size=0} collectionUpdates=ExecutableList{size=0} collectionQueuedOps=ExecutableList{size=0} unresolvedInsertDependencies=null])] after transaction
10:08:09.526 [main] DEBUG org.hibernate.engine.jdbc.internal.JdbcCoordinatorImpl - HHH000420: Closing un-released batch
10:08:09.527 [main] DEBUG org.springframework.test.context.cache.DefaultCacheAwareContextLoaderDelegate - Retrieved ApplicationContext [254801937] from cache with key [[MergedContextConfiguration@21ae657b testClass = ClientServiceImplTest.parameterizedAndRepetedTest, locations = '{}', classes = '{class com.joseph.config.PersistenceJPAConfig}', contextInitializerClasses = '[]', activeProfiles = '{}', propertySourceLocations = '{}', propertySourceProperties = '{}', contextCustomizers = set[[empty]], contextLoader = 'org.springframework.test.context.support.DelegatingSmartContextLoader', parent = [null]]]
10:08:09.527 [main] DEBUG org.springframework.test.context.cache - Spring test ApplicationContext cache statistics: [DefaultContextCache@5261ec9 size = 1, maxSize = 32, parentContextCount = 0, hitCount = 36, missCount = 1]
10:08:09.528 [main] DEBUG org.springframework.test.context.support.AbstractDirtiesContextTestExecutionListener - After test method: context [DefaultTestContext@162c1dfb testClass = ClientServiceImplTest.parameterizedAndRepetedTest, testInstance = com.joseph.service.Impl.ClientServiceImplTest$parameterizedAndRepetedTest@1c240cf2, testMethod = saveClientWithParameterizedData@ClientServiceImplTest.parameterizedAndRepetedTest, testException = [null], mergedContextConfiguration = [MergedContextConfiguration@21ae657b testClass = ClientServiceImplTest.parameterizedAndRepetedTest, locations = '{}', classes = '{class com.joseph.config.PersistenceJPAConfig}', contextInitializerClasses = '[]', activeProfiles = '{}', propertySourceLocations = '{}', propertySourceProperties = '{}', contextCustomizers = set[[empty]], contextLoader = 'org.springframework.test.context.support.DelegatingSmartContextLoader', parent = [null]], attributes = map[[empty]]], class annotated with @DirtiesContext [false] with mode [null], method annotated with @DirtiesContext [false] with mode [null].
]]></system-out>
  </testcase>
  <testcase name="saveClientWithParameterizedData(String, String)[2]" classname="com.joseph.service.Impl.ClientServiceImplTest$parameterizedAndRepetedTest" time="0.139">
    <system-out><![CDATA[10:08:09.532 [main] DEBUG org.springframework.test.context.support.DependencyInjectionTestExecutionListener - Performing dependency injection for test context [[DefaultTestContext@79d8407f testClass = ClientServiceImplTest, testInstance = com.joseph.service.Impl.ClientServiceImplTest@3f8dfe74, testMethod = [null], testException = [null], mergedContextConfiguration = [MergedContextConfiguration@5fbe4146 testClass = ClientServiceImplTest, locations = '{}', classes = '{class com.joseph.config.PersistenceJPAConfig}', contextInitializerClasses = '[]', activeProfiles = '{}', propertySourceLocations = '{}', propertySourceProperties = '{}', contextCustomizers = set[[empty]], contextLoader = 'org.springframework.test.context.support.DelegatingSmartContextLoader', parent = [null]], attributes = map[[empty]]]].
10:08:09.532 [main] DEBUG org.springframework.test.context.cache.DefaultCacheAwareContextLoaderDelegate - Retrieved ApplicationContext [254801937] from cache with key [[MergedContextConfiguration@5fbe4146 testClass = ClientServiceImplTest, locations = '{}', classes = '{class com.joseph.config.PersistenceJPAConfig}', contextInitializerClasses = '[]', activeProfiles = '{}', propertySourceLocations = '{}', propertySourceProperties = '{}', contextCustomizers = set[[empty]], contextLoader = 'org.springframework.test.context.support.DelegatingSmartContextLoader', parent = [null]]]
10:08:09.532 [main] DEBUG org.springframework.test.context.cache - Spring test ApplicationContext cache statistics: [DefaultContextCache@5261ec9 size = 1, maxSize = 32, parentContextCount = 0, hitCount = 37, missCount = 1]
10:08:09.533 [main] DEBUG org.springframework.test.context.cache.DefaultCacheAwareContextLoaderDelegate - Retrieved ApplicationContext [254801937] from cache with key [[MergedContextConfiguration@5fbe4146 testClass = ClientServiceImplTest, locations = '{}', classes = '{class com.joseph.config.PersistenceJPAConfig}', contextInitializerClasses = '[]', activeProfiles = '{}', propertySourceLocations = '{}', propertySourceProperties = '{}', contextCustomizers = set[[empty]], contextLoader = 'org.springframework.test.context.support.DelegatingSmartContextLoader', parent = [null]]]
10:08:09.533 [main] DEBUG org.springframework.test.context.cache - Spring test ApplicationContext cache statistics: [DefaultContextCache@5261ec9 size = 1, maxSize = 32, parentContextCount = 0, hitCount = 38, missCount = 1]
10:08:09.534 [main] DEBUG org.springframework.test.context.support.DependencyInjectionTestExecutionListener - Performing dependency injection for test context [[DefaultTestContext@162c1dfb testClass = ClientServiceImplTest.parameterizedAndRepetedTest, testInstance = com.joseph.service.Impl.ClientServiceImplTest$parameterizedAndRepetedTest@401c4250, testMethod = [null], testException = [null], mergedContextConfiguration = [MergedContextConfiguration@21ae657b testClass = ClientServiceImplTest.parameterizedAndRepetedTest, locations = '{}', classes = '{class com.joseph.config.PersistenceJPAConfig}', contextInitializerClasses = '[]', activeProfiles = '{}', propertySourceLocations = '{}', propertySourceProperties = '{}', contextCustomizers = set[[empty]], contextLoader = 'org.springframework.test.context.support.DelegatingSmartContextLoader', parent = [null]], attributes = map[[empty]]]].
10:08:09.535 [main] DEBUG org.springframework.test.context.cache.DefaultCacheAwareContextLoaderDelegate - Retrieved ApplicationContext [254801937] from cache with key [[MergedContextConfiguration@21ae657b testClass = ClientServiceImplTest.parameterizedAndRepetedTest, locations = '{}', classes = '{class com.joseph.config.PersistenceJPAConfig}', contextInitializerClasses = '[]', activeProfiles = '{}', propertySourceLocations = '{}', propertySourceProperties = '{}', contextCustomizers = set[[empty]], contextLoader = 'org.springframework.test.context.support.DelegatingSmartContextLoader', parent = [null]]]
10:08:09.535 [main] DEBUG org.springframework.test.context.cache - Spring test ApplicationContext cache statistics: [DefaultContextCache@5261ec9 size = 1, maxSize = 32, parentContextCount = 0, hitCount = 39, missCount = 1]
10:08:09.535 [main] DEBUG org.springframework.test.context.cache.DefaultCacheAwareContextLoaderDelegate - Retrieved ApplicationContext [254801937] from cache with key [[MergedContextConfiguration@21ae657b testClass = ClientServiceImplTest.parameterizedAndRepetedTest, locations = '{}', classes = '{class com.joseph.config.PersistenceJPAConfig}', contextInitializerClasses = '[]', activeProfiles = '{}', propertySourceLocations = '{}', propertySourceProperties = '{}', contextCustomizers = set[[empty]], contextLoader = 'org.springframework.test.context.support.DelegatingSmartContextLoader', parent = [null]]]
10:08:09.535 [main] DEBUG org.springframework.test.context.cache - Spring test ApplicationContext cache statistics: [DefaultContextCache@5261ec9 size = 1, maxSize = 32, parentContextCount = 0, hitCount = 40, missCount = 1]
10:08:09.541 [main] DEBUG org.springframework.test.context.support.AbstractDirtiesContextTestExecutionListener - Before test method: context [DefaultTestContext@162c1dfb testClass = ClientServiceImplTest.parameterizedAndRepetedTest, testInstance = com.joseph.service.Impl.ClientServiceImplTest$parameterizedAndRepetedTest@401c4250, testMethod = saveClientWithParameterizedData@ClientServiceImplTest.parameterizedAndRepetedTest, testException = [null], mergedContextConfiguration = [MergedContextConfiguration@21ae657b testClass = ClientServiceImplTest.parameterizedAndRepetedTest, locations = '{}', classes = '{class com.joseph.config.PersistenceJPAConfig}', contextInitializerClasses = '[]', activeProfiles = '{}', propertySourceLocations = '{}', propertySourceProperties = '{}', contextCustomizers = set[[empty]], contextLoader = 'org.springframework.test.context.support.DelegatingSmartContextLoader', parent = [null]], attributes = map[[empty]]], class annotated with @DirtiesContext [false] with mode [null], method annotated with @DirtiesContext [false] with mode [null].
10:08:09.542 [main] DEBUG org.springframework.test.context.cache.DefaultCacheAwareContextLoaderDelegate - Retrieved ApplicationContext [254801937] from cache with key [[MergedContextConfiguration@21ae657b testClass = ClientServiceImplTest.parameterizedAndRepetedTest, locations = '{}', classes = '{class com.joseph.config.PersistenceJPAConfig}', contextInitializerClasses = '[]', activeProfiles = '{}', propertySourceLocations = '{}', propertySourceProperties = '{}', contextCustomizers = set[[empty]], contextLoader = 'org.springframework.test.context.support.DelegatingSmartContextLoader', parent = [null]]]
10:08:09.542 [main] DEBUG org.springframework.test.context.cache - Spring test ApplicationContext cache statistics: [DefaultContextCache@5261ec9 size = 1, maxSize = 32, parentContextCount = 0, hitCount = 41, missCount = 1]
10:08:09.543 [main] DEBUG org.springframework.orm.jpa.JpaTransactionManager - Creating new transaction with name [org.springframework.data.jpa.repository.support.SimpleJpaRepository.deleteAll]: PROPAGATION_REQUIRED,ISOLATION_DEFAULT
10:08:09.543 [main] DEBUG org.springframework.orm.jpa.JpaTransactionManager - Opened new EntityManager [SessionImpl(PersistenceContext[entityKeys=[],collectionKeys=[]];ActionQueue[insertions=ExecutableList{size=0} updates=ExecutableList{size=0} deletions=ExecutableList{size=0} orphanRemovals=ExecutableList{size=0} collectionCreations=ExecutableList{size=0} collectionRemovals=ExecutableList{size=0} collectionUpdates=ExecutableList{size=0} collectionQueuedOps=ExecutableList{size=0} unresolvedInsertDependencies=null])] for JPA transaction
10:08:09.543 [main] DEBUG org.hibernate.engine.transaction.internal.TransactionImpl - begin
10:08:09.543 [main] DEBUG org.springframework.jdbc.datasource.DriverManagerDataSource - Creating new JDBC DriverManager Connection to [jdbc:mysql://localhost:3306/testcraftcore?useSSL=false&useTimezone=true&serverTimezone=UTC]
10:08:09.548 [main] DEBUG org.springframework.orm.jpa.JpaTransactionManager - Exposing JPA transaction as JDBC [org.springframework.orm.jpa.vendor.HibernateJpaDialect$HibernateConnectionHandle@77724cbe]
10:08:09.549 [main] DEBUG org.hibernate.query.criteria.internal.CriteriaQueryImpl - Rendered criteria query -> select generatedAlias0 from Client as generatedAlias0
10:08:09.550 [main] DEBUG org.hibernate.SQL - select client0_.idclient as idclient1_0_, client0_.emailclient as emailcli2_0_, client0_.nameclient as nameclie3_0_ from client client0_
10:08:09.553 [main] DEBUG org.springframework.orm.jpa.JpaTransactionManager - Initiating transaction commit
10:08:09.553 [main] DEBUG org.springframework.orm.jpa.JpaTransactionManager - Committing JPA transaction on EntityManager [SessionImpl(PersistenceContext[entityKeys=[],collectionKeys=[]];ActionQueue[insertions=ExecutableList{size=0} updates=ExecutableList{size=0} deletions=ExecutableList{size=0} orphanRemovals=ExecutableList{size=0} collectionCreations=ExecutableList{size=0} collectionRemovals=ExecutableList{size=0} collectionUpdates=ExecutableList{size=0} collectionQueuedOps=ExecutableList{size=0} unresolvedInsertDependencies=null])]
10:08:09.553 [main] DEBUG org.hibernate.engine.transaction.internal.TransactionImpl - committing
10:08:09.554 [main] DEBUG org.springframework.orm.jpa.JpaTransactionManager - Closing JPA EntityManager [SessionImpl(PersistenceContext[entityKeys=[],collectionKeys=[]];ActionQueue[insertions=ExecutableList{size=0} updates=ExecutableList{size=0} deletions=ExecutableList{size=0} orphanRemovals=ExecutableList{size=0} collectionCreations=ExecutableList{size=0} collectionRemovals=ExecutableList{size=0} collectionUpdates=ExecutableList{size=0} collectionQueuedOps=ExecutableList{size=0} unresolvedInsertDependencies=null])] after transaction
10:08:09.555 [main] DEBUG org.springframework.orm.jpa.JpaTransactionManager - Creating new transaction with name [org.springframework.data.jpa.repository.support.SimpleJpaRepository.save]: PROPAGATION_REQUIRED,ISOLATION_DEFAULT
10:08:09.555 [main] DEBUG org.springframework.orm.jpa.JpaTransactionManager - Opened new EntityManager [SessionImpl(PersistenceContext[entityKeys=[],collectionKeys=[]];ActionQueue[insertions=ExecutableList{size=0} updates=ExecutableList{size=0} deletions=ExecutableList{size=0} orphanRemovals=ExecutableList{size=0} collectionCreations=ExecutableList{size=0} collectionRemovals=ExecutableList{size=0} collectionUpdates=ExecutableList{size=0} collectionQueuedOps=ExecutableList{size=0} unresolvedInsertDependencies=null])] for JPA transaction
10:08:09.555 [main] DEBUG org.hibernate.engine.transaction.internal.TransactionImpl - begin
10:08:09.555 [main] DEBUG org.springframework.jdbc.datasource.DriverManagerDataSource - Creating new JDBC DriverManager Connection to [jdbc:mysql://localhost:3306/testcraftcore?useSSL=false&useTimezone=true&serverTimezone=UTC]
10:08:09.562 [main] DEBUG org.springframework.orm.jpa.JpaTransactionManager - Exposing JPA transaction as JDBC [org.springframework.orm.jpa.vendor.HibernateJpaDialect$HibernateConnectionHandle@16f0ec18]
10:08:09.563 [main] DEBUG org.hibernate.engine.spi.ActionQueue - Executing identity-insert immediately
10:08:09.563 [main] DEBUG org.hibernate.SQL - insert into client (emailclient, nameclient) values (?, ?)
10:08:09.565 [main] DEBUG org.hibernate.id.IdentifierGeneratorHelper - Natively generated identity: 445
10:08:09.565 [main] DEBUG org.hibernate.resource.jdbc.internal.ResourceRegistryStandardImpl - HHH000387: ResultSet's statement was not registered
10:08:09.566 [main] DEBUG org.springframework.orm.jpa.JpaTransactionManager - Initiating transaction commit
10:08:09.566 [main] DEBUG org.springframework.orm.jpa.JpaTransactionManager - Committing JPA transaction on EntityManager [SessionImpl(PersistenceContext[entityKeys=[EntityKey[com.joseph.entity.Client#445]],collectionKeys=[]];ActionQueue[insertions=ExecutableList{size=0} updates=ExecutableList{size=0} deletions=ExecutableList{size=0} orphanRemovals=ExecutableList{size=0} collectionCreations=ExecutableList{size=0} collectionRemovals=ExecutableList{size=0} collectionUpdates=ExecutableList{size=0} collectionQueuedOps=ExecutableList{size=0} unresolvedInsertDependencies=null])]
10:08:09.566 [main] DEBUG org.hibernate.engine.transaction.internal.TransactionImpl - committing
10:08:09.566 [main] DEBUG org.hibernate.event.internal.AbstractFlushingEventListener - Processing flush-time cascades
10:08:09.566 [main] DEBUG org.hibernate.event.internal.AbstractFlushingEventListener - Dirty checking collections
10:08:09.566 [main] DEBUG org.hibernate.engine.internal.Collections - Collection found: [com.joseph.entity.Client.orders#445], was: [<unreferenced>] (initialized)
10:08:09.567 [main] DEBUG org.hibernate.event.internal.AbstractFlushingEventListener - Flushed: 0 insertions, 0 updates, 0 deletions to 1 objects
10:08:09.567 [main] DEBUG org.hibernate.event.internal.AbstractFlushingEventListener - Flushed: 1 (re)creations, 0 updates, 0 removals to 1 collections
10:08:09.567 [main] DEBUG org.hibernate.internal.util.EntityPrinter - Listing entities:
10:08:09.567 [main] DEBUG org.hibernate.internal.util.EntityPrinter - com.joseph.entity.Client{nameclient=test, emailclient=test@test.com, orders=[], idclient=445}
10:08:09.569 [main] DEBUG org.springframework.orm.jpa.JpaTransactionManager - Closing JPA EntityManager [SessionImpl(PersistenceContext[entityKeys=[EntityKey[com.joseph.entity.Client#445]],collectionKeys=[CollectionKey[com.joseph.entity.Client.orders#445]]];ActionQueue[insertions=ExecutableList{size=0} updates=ExecutableList{size=0} deletions=ExecutableList{size=0} orphanRemovals=ExecutableList{size=0} collectionCreations=ExecutableList{size=0} collectionRemovals=ExecutableList{size=0} collectionUpdates=ExecutableList{size=0} collectionQueuedOps=ExecutableList{size=0} unresolvedInsertDependencies=null])] after transaction
10:08:09.570 [main] DEBUG org.springframework.orm.jpa.JpaTransactionManager - Creating new transaction with name [org.springframework.data.jpa.repository.support.SimpleJpaRepository.save]: PROPAGATION_REQUIRED,ISOLATION_DEFAULT
10:08:09.570 [main] DEBUG org.springframework.orm.jpa.JpaTransactionManager - Opened new EntityManager [SessionImpl(PersistenceContext[entityKeys=[],collectionKeys=[]];ActionQueue[insertions=ExecutableList{size=0} updates=ExecutableList{size=0} deletions=ExecutableList{size=0} orphanRemovals=ExecutableList{size=0} collectionCreations=ExecutableList{size=0} collectionRemovals=ExecutableList{size=0} collectionUpdates=ExecutableList{size=0} collectionQueuedOps=ExecutableList{size=0} unresolvedInsertDependencies=null])] for JPA transaction
10:08:09.570 [main] DEBUG org.hibernate.engine.transaction.internal.TransactionImpl - begin
10:08:09.570 [main] DEBUG org.springframework.jdbc.datasource.DriverManagerDataSource - Creating new JDBC DriverManager Connection to [jdbc:mysql://localhost:3306/testcraftcore?useSSL=false&useTimezone=true&serverTimezone=UTC]
10:08:09.577 [main] DEBUG org.springframework.orm.jpa.JpaTransactionManager - Exposing JPA transaction as JDBC [org.springframework.orm.jpa.vendor.HibernateJpaDialect$HibernateConnectionHandle@245253d8]
10:08:09.577 [main] DEBUG org.hibernate.engine.spi.ActionQueue - Executing identity-insert immediately
10:08:09.578 [main] DEBUG org.hibernate.SQL - insert into client (emailclient, nameclient) values (?, ?)
10:08:09.579 [main] DEBUG org.hibernate.id.IdentifierGeneratorHelper - Natively generated identity: 446
10:08:09.579 [main] DEBUG org.hibernate.resource.jdbc.internal.ResourceRegistryStandardImpl - HHH000387: ResultSet's statement was not registered
10:08:09.579 [main] DEBUG org.springframework.orm.jpa.JpaTransactionManager - Initiating transaction commit
10:08:09.579 [main] DEBUG org.springframework.orm.jpa.JpaTransactionManager - Committing JPA transaction on EntityManager [SessionImpl(PersistenceContext[entityKeys=[EntityKey[com.joseph.entity.Client#446]],collectionKeys=[]];ActionQueue[insertions=ExecutableList{size=0} updates=ExecutableList{size=0} deletions=ExecutableList{size=0} orphanRemovals=ExecutableList{size=0} collectionCreations=ExecutableList{size=0} collectionRemovals=ExecutableList{size=0} collectionUpdates=ExecutableList{size=0} collectionQueuedOps=ExecutableList{size=0} unresolvedInsertDependencies=null])]
10:08:09.579 [main] DEBUG org.hibernate.engine.transaction.internal.TransactionImpl - committing
10:08:09.580 [main] DEBUG org.hibernate.event.internal.AbstractFlushingEventListener - Processing flush-time cascades
10:08:09.580 [main] DEBUG org.hibernate.event.internal.AbstractFlushingEventListener - Dirty checking collections
10:08:09.580 [main] DEBUG org.hibernate.engine.internal.Collections - Collection found: [com.joseph.entity.Client.orders#446], was: [<unreferenced>] (initialized)
10:08:09.580 [main] DEBUG org.hibernate.event.internal.AbstractFlushingEventListener - Flushed: 0 insertions, 0 updates, 0 deletions to 1 objects
10:08:09.580 [main] DEBUG org.hibernate.event.internal.AbstractFlushingEventListener - Flushed: 1 (re)creations, 0 updates, 0 removals to 1 collections
10:08:09.580 [main] DEBUG org.hibernate.internal.util.EntityPrinter - Listing entities:
10:08:09.580 [main] DEBUG org.hibernate.internal.util.EntityPrinter - com.joseph.entity.Client{nameclient=test, emailclient=test1@test.com, orders=[], idclient=446}
10:08:09.582 [main] DEBUG org.springframework.orm.jpa.JpaTransactionManager - Closing JPA EntityManager [SessionImpl(PersistenceContext[entityKeys=[EntityKey[com.joseph.entity.Client#446]],collectionKeys=[CollectionKey[com.joseph.entity.Client.orders#446]]];ActionQueue[insertions=ExecutableList{size=0} updates=ExecutableList{size=0} deletions=ExecutableList{size=0} orphanRemovals=ExecutableList{size=0} collectionCreations=ExecutableList{size=0} collectionRemovals=ExecutableList{size=0} collectionUpdates=ExecutableList{size=0} collectionQueuedOps=ExecutableList{size=0} unresolvedInsertDependencies=null])] after transaction
10:08:09.583 [main] DEBUG org.springframework.orm.jpa.JpaTransactionManager - Creating new transaction with name [org.springframework.data.jpa.repository.support.SimpleJpaRepository.save]: PROPAGATION_REQUIRED,ISOLATION_DEFAULT
10:08:09.583 [main] DEBUG org.springframework.orm.jpa.JpaTransactionManager - Opened new EntityManager [SessionImpl(PersistenceContext[entityKeys=[],collectionKeys=[]];ActionQueue[insertions=ExecutableList{size=0} updates=ExecutableList{size=0} deletions=ExecutableList{size=0} orphanRemovals=ExecutableList{size=0} collectionCreations=ExecutableList{size=0} collectionRemovals=ExecutableList{size=0} collectionUpdates=ExecutableList{size=0} collectionQueuedOps=ExecutableList{size=0} unresolvedInsertDependencies=null])] for JPA transaction
10:08:09.583 [main] DEBUG org.hibernate.engine.transaction.internal.TransactionImpl - begin
10:08:09.583 [main] DEBUG org.springframework.jdbc.datasource.DriverManagerDataSource - Creating new JDBC DriverManager Connection to [jdbc:mysql://localhost:3306/testcraftcore?useSSL=false&useTimezone=true&serverTimezone=UTC]
10:08:09.589 [main] DEBUG org.springframework.orm.jpa.JpaTransactionManager - Exposing JPA transaction as JDBC [org.springframework.orm.jpa.vendor.HibernateJpaDialect$HibernateConnectionHandle@787e4357]
10:08:09.589 [main] DEBUG org.hibernate.engine.spi.ActionQueue - Executing identity-insert immediately
10:08:09.589 [main] DEBUG org.hibernate.SQL - insert into client (emailclient, nameclient) values (?, ?)
10:08:09.590 [main] DEBUG org.hibernate.id.IdentifierGeneratorHelper - Natively generated identity: 447
10:08:09.591 [main] DEBUG org.hibernate.resource.jdbc.internal.ResourceRegistryStandardImpl - HHH000387: ResultSet's statement was not registered
10:08:09.591 [main] DEBUG org.springframework.orm.jpa.JpaTransactionManager - Initiating transaction commit
10:08:09.592 [main] DEBUG org.springframework.orm.jpa.JpaTransactionManager - Committing JPA transaction on EntityManager [SessionImpl(PersistenceContext[entityKeys=[EntityKey[com.joseph.entity.Client#447]],collectionKeys=[]];ActionQueue[insertions=ExecutableList{size=0} updates=ExecutableList{size=0} deletions=ExecutableList{size=0} orphanRemovals=ExecutableList{size=0} collectionCreations=ExecutableList{size=0} collectionRemovals=ExecutableList{size=0} collectionUpdates=ExecutableList{size=0} collectionQueuedOps=ExecutableList{size=0} unresolvedInsertDependencies=null])]
10:08:09.592 [main] DEBUG org.hibernate.engine.transaction.internal.TransactionImpl - committing
10:08:09.592 [main] DEBUG org.hibernate.event.internal.AbstractFlushingEventListener - Processing flush-time cascades
10:08:09.593 [main] DEBUG org.hibernate.event.internal.AbstractFlushingEventListener - Dirty checking collections
10:08:09.594 [main] DEBUG org.hibernate.engine.internal.Collections - Collection found: [com.joseph.entity.Client.orders#447], was: [<unreferenced>] (initialized)
10:08:09.594 [main] DEBUG org.hibernate.event.internal.AbstractFlushingEventListener - Flushed: 0 insertions, 0 updates, 0 deletions to 1 objects
10:08:09.594 [main] DEBUG org.hibernate.event.internal.AbstractFlushingEventListener - Flushed: 1 (re)creations, 0 updates, 0 removals to 1 collections
10:08:09.594 [main] DEBUG org.hibernate.internal.util.EntityPrinter - Listing entities:
10:08:09.594 [main] DEBUG org.hibernate.internal.util.EntityPrinter - com.joseph.entity.Client{nameclient=test, emailclient=test2@test.com, orders=[], idclient=447}
10:08:09.598 [main] DEBUG org.springframework.orm.jpa.JpaTransactionManager - Closing JPA EntityManager [SessionImpl(PersistenceContext[entityKeys=[EntityKey[com.joseph.entity.Client#447]],collectionKeys=[CollectionKey[com.joseph.entity.Client.orders#447]]];ActionQueue[insertions=ExecutableList{size=0} updates=ExecutableList{size=0} deletions=ExecutableList{size=0} orphanRemovals=ExecutableList{size=0} collectionCreations=ExecutableList{size=0} collectionRemovals=ExecutableList{size=0} collectionUpdates=ExecutableList{size=0} collectionQueuedOps=ExecutableList{size=0} unresolvedInsertDependencies=null])] after transaction
10:08:09.599 [main] DEBUG org.springframework.test.context.cache.DefaultCacheAwareContextLoaderDelegate - Retrieved ApplicationContext [254801937] from cache with key [[MergedContextConfiguration@21ae657b testClass = ClientServiceImplTest.parameterizedAndRepetedTest, locations = '{}', classes = '{class com.joseph.config.PersistenceJPAConfig}', contextInitializerClasses = '[]', activeProfiles = '{}', propertySourceLocations = '{}', propertySourceProperties = '{}', contextCustomizers = set[[empty]], contextLoader = 'org.springframework.test.context.support.DelegatingSmartContextLoader', parent = [null]]]
10:08:09.599 [main] DEBUG org.springframework.test.context.cache - Spring test ApplicationContext cache statistics: [DefaultContextCache@5261ec9 size = 1, maxSize = 32, parentContextCount = 0, hitCount = 42, missCount = 1]
10:08:09.601 [main] DEBUG org.springframework.orm.jpa.JpaTransactionManager - Creating new transaction with name [com.joseph.service.Impl.ClientServiceImpl.saveClient]: PROPAGATION_REQUIRED,ISOLATION_DEFAULT
10:08:09.602 [main] DEBUG org.springframework.orm.jpa.JpaTransactionManager - Opened new EntityManager [SessionImpl(PersistenceContext[entityKeys=[],collectionKeys=[]];ActionQueue[insertions=ExecutableList{size=0} updates=ExecutableList{size=0} deletions=ExecutableList{size=0} orphanRemovals=ExecutableList{size=0} collectionCreations=ExecutableList{size=0} collectionRemovals=ExecutableList{size=0} collectionUpdates=ExecutableList{size=0} collectionQueuedOps=ExecutableList{size=0} unresolvedInsertDependencies=null])] for JPA transaction
10:08:09.602 [main] DEBUG org.hibernate.engine.transaction.internal.TransactionImpl - begin
10:08:09.602 [main] DEBUG org.springframework.jdbc.datasource.DriverManagerDataSource - Creating new JDBC DriverManager Connection to [jdbc:mysql://localhost:3306/testcraftcore?useSSL=false&useTimezone=true&serverTimezone=UTC]
10:08:09.608 [main] DEBUG org.springframework.orm.jpa.JpaTransactionManager - Exposing JPA transaction as JDBC [org.springframework.orm.jpa.vendor.HibernateJpaDialect$HibernateConnectionHandle@1b57c345]
10:08:09.608 [main] DEBUG org.springframework.orm.jpa.JpaTransactionManager - Found thread-bound EntityManager [SessionImpl(PersistenceContext[entityKeys=[],collectionKeys=[]];ActionQueue[insertions=ExecutableList{size=0} updates=ExecutableList{size=0} deletions=ExecutableList{size=0} orphanRemovals=ExecutableList{size=0} collectionCreations=ExecutableList{size=0} collectionRemovals=ExecutableList{size=0} collectionUpdates=ExecutableList{size=0} collectionQueuedOps=ExecutableList{size=0} unresolvedInsertDependencies=null])] for JPA transaction
10:08:09.608 [main] DEBUG org.springframework.orm.jpa.JpaTransactionManager - Participating in existing transaction
10:08:09.609 [main] DEBUG org.hibernate.loader.Loader - Loading entity: [com.joseph.entity.Client#447]
10:08:09.609 [main] DEBUG org.hibernate.SQL - select client0_.idclient as idclient1_0_1_, client0_.emailclient as emailcli2_0_1_, client0_.nameclient as nameclie3_0_1_, orders1_.idclient as idclient5_1_3_, orders1_.idorder as idorder1_1_3_, orders1_.idorder as idorder1_1_0_, orders1_.idclient as idclient5_1_0_, orders1_.dateorder as dateorde2_1_0_, orders1_.statusorder as statusor3_1_0_, orders1_.totalorder as totalord4_1_0_ from client client0_ left outer join order_table orders1_ on client0_.idclient=orders1_.idclient where client0_.idclient=?
10:08:09.611 [main] DEBUG org.hibernate.loader.Loader - Result set row: 0
10:08:09.612 [main] DEBUG org.hibernate.loader.Loader - Result row: null, EntityKey[com.joseph.entity.Client#447]
10:08:09.612 [main] DEBUG org.hibernate.loader.Loader - Result set contains (possibly empty) collection: [com.joseph.entity.Client.orders#447]
10:08:09.612 [main] DEBUG org.hibernate.engine.internal.TwoPhaseLoad - Resolving associations for [com.joseph.entity.Client#447]
10:08:09.612 [main] DEBUG org.hibernate.engine.internal.TwoPhaseLoad - Done materializing entity [com.joseph.entity.Client#447]
10:08:09.612 [main] DEBUG org.hibernate.engine.loading.internal.CollectionLoadContext - 1 collections were found in result set for role: com.joseph.entity.Client.orders
10:08:09.612 [main] DEBUG org.hibernate.engine.loading.internal.CollectionLoadContext - Collection fully initialized: [com.joseph.entity.Client.orders#447]
10:08:09.613 [main] DEBUG org.hibernate.engine.loading.internal.CollectionLoadContext - 1 collections initialized for role: com.joseph.entity.Client.orders
10:08:09.613 [main] DEBUG org.hibernate.loader.Loader - Done entity load
10:08:09.613 [main] DEBUG org.hibernate.engine.spi.CollectionEntry - Reset storedSnapshot to {} for CollectionEntry[com.joseph.entity.Client.orders#447]
10:08:09.613 [main] DEBUG org.springframework.orm.jpa.JpaTransactionManager - Initiating transaction commit
10:08:09.613 [main] DEBUG org.springframework.orm.jpa.JpaTransactionManager - Committing JPA transaction on EntityManager [SessionImpl(PersistenceContext[entityKeys=[EntityKey[com.joseph.entity.Client#447]],collectionKeys=[CollectionKey[com.joseph.entity.Client.orders#447]]];ActionQueue[insertions=ExecutableList{size=0} updates=ExecutableList{size=0} deletions=ExecutableList{size=0} orphanRemovals=ExecutableList{size=0} collectionCreations=ExecutableList{size=0} collectionRemovals=ExecutableList{size=0} collectionUpdates=ExecutableList{size=0} collectionQueuedOps=ExecutableList{size=0} unresolvedInsertDependencies=null])]
10:08:09.613 [main] DEBUG org.hibernate.engine.transaction.internal.TransactionImpl - committing
10:08:09.613 [main] DEBUG org.hibernate.event.internal.AbstractFlushingEventListener - Processing flush-time cascades
10:08:09.614 [main] DEBUG org.hibernate.event.internal.AbstractFlushingEventListener - Dirty checking collections
10:08:09.614 [main] DEBUG org.hibernate.engine.internal.Collections - Collection found: [com.joseph.entity.Client.orders#447], was: [com.joseph.entity.Client.orders#447] (initialized)
10:08:09.614 [main] DEBUG org.hibernate.event.internal.AbstractFlushingEventListener - Flushed: 0 insertions, 1 updates, 0 deletions to 1 objects
10:08:09.614 [main] DEBUG org.hibernate.event.internal.AbstractFlushingEventListener - Flushed: 0 (re)creations, 0 updates, 0 removals to 1 collections
10:08:09.614 [main] DEBUG org.hibernate.internal.util.EntityPrinter - Listing entities:
10:08:09.614 [main] DEBUG org.hibernate.internal.util.EntityPrinter - com.joseph.entity.Client{nameclient=client2Test, emailclient=test@test.com, orders=[], idclient=447}
10:08:09.614 [main] DEBUG org.hibernate.SQL - update client set emailclient=?, nameclient=? where idclient=?
10:08:09.617 [main] DEBUG org.springframework.orm.jpa.JpaTransactionManager - Closing JPA EntityManager [SessionImpl(PersistenceContext[entityKeys=[EntityKey[com.joseph.entity.Client#447]],collectionKeys=[CollectionKey[com.joseph.entity.Client.orders#447]]];ActionQueue[insertions=ExecutableList{size=0} updates=ExecutableList{size=0} deletions=ExecutableList{size=0} orphanRemovals=ExecutableList{size=0} collectionCreations=ExecutableList{size=0} collectionRemovals=ExecutableList{size=0} collectionUpdates=ExecutableList{size=0} collectionQueuedOps=ExecutableList{size=0} unresolvedInsertDependencies=null])] after transaction
10:08:09.618 [main] DEBUG org.springframework.orm.jpa.JpaTransactionManager - Creating new transaction with name [org.springframework.data.jpa.repository.support.SimpleJpaRepository.findAll]: PROPAGATION_REQUIRED,ISOLATION_DEFAULT,readOnly
10:08:09.618 [main] DEBUG org.springframework.orm.jpa.JpaTransactionManager - Opened new EntityManager [SessionImpl(PersistenceContext[entityKeys=[],collectionKeys=[]];ActionQueue[insertions=ExecutableList{size=0} updates=ExecutableList{size=0} deletions=ExecutableList{size=0} orphanRemovals=ExecutableList{size=0} collectionCreations=ExecutableList{size=0} collectionRemovals=ExecutableList{size=0} collectionUpdates=ExecutableList{size=0} collectionQueuedOps=ExecutableList{size=0} unresolvedInsertDependencies=null])] for JPA transaction
10:08:09.618 [main] DEBUG org.springframework.jdbc.datasource.DriverManagerDataSource - Creating new JDBC DriverManager Connection to [jdbc:mysql://localhost:3306/testcraftcore?useSSL=false&useTimezone=true&serverTimezone=UTC]
10:08:09.624 [main] DEBUG org.springframework.jdbc.datasource.DataSourceUtils - Setting JDBC Connection [com.mysql.cj.jdbc.ConnectionImpl@5fdfe8cf] read-only
10:08:09.624 [main] DEBUG org.hibernate.engine.transaction.internal.TransactionImpl - begin
10:08:09.624 [main] DEBUG org.springframework.orm.jpa.JpaTransactionManager - Exposing JPA transaction as JDBC [org.springframework.orm.jpa.vendor.HibernateJpaDialect$HibernateConnectionHandle@2a8b33ba]
10:08:09.625 [main] DEBUG org.hibernate.query.criteria.internal.CriteriaQueryImpl - Rendered criteria query -> select generatedAlias0 from Client as generatedAlias0
10:08:09.625 [main] DEBUG org.hibernate.SQL - select client0_.idclient as idclient1_0_, client0_.emailclient as emailcli2_0_, client0_.nameclient as nameclie3_0_ from client client0_
10:08:09.626 [main] DEBUG org.hibernate.loader.Loader - Result set row: 0
10:08:09.626 [main] DEBUG org.hibernate.loader.Loader - Result row: EntityKey[com.joseph.entity.Client#447]
10:08:09.627 [main] DEBUG org.hibernate.loader.Loader - Result set row: 1
10:08:09.627 [main] DEBUG org.hibernate.loader.Loader - Result row: EntityKey[com.joseph.entity.Client#446]
10:08:09.627 [main] DEBUG org.hibernate.loader.Loader - Result set row: 2
10:08:09.627 [main] DEBUG org.hibernate.loader.Loader - Result row: EntityKey[com.joseph.entity.Client#445]
10:08:09.627 [main] DEBUG org.hibernate.engine.internal.TwoPhaseLoad - Resolving associations for [com.joseph.entity.Client#447]
10:08:09.628 [main] DEBUG org.hibernate.engine.internal.TwoPhaseLoad - Done materializing entity [com.joseph.entity.Client#447]
10:08:09.628 [main] DEBUG org.hibernate.engine.internal.TwoPhaseLoad - Resolving associations for [com.joseph.entity.Client#446]
10:08:09.628 [main] DEBUG org.hibernate.engine.internal.TwoPhaseLoad - Done materializing entity [com.joseph.entity.Client#446]
10:08:09.628 [main] DEBUG org.hibernate.engine.internal.TwoPhaseLoad - Resolving associations for [com.joseph.entity.Client#445]
10:08:09.628 [main] DEBUG org.hibernate.engine.internal.TwoPhaseLoad - Done materializing entity [com.joseph.entity.Client#445]
10:08:09.629 [main] DEBUG org.springframework.orm.jpa.JpaTransactionManager - Initiating transaction commit
10:08:09.629 [main] DEBUG org.springframework.orm.jpa.JpaTransactionManager - Committing JPA transaction on EntityManager [SessionImpl(PersistenceContext[entityKeys=[EntityKey[com.joseph.entity.Client#447], EntityKey[com.joseph.entity.Client#446], EntityKey[com.joseph.entity.Client#445]],collectionKeys=[CollectionKey[com.joseph.entity.Client.orders#445], CollectionKey[com.joseph.entity.Client.orders#446], CollectionKey[com.joseph.entity.Client.orders#447]]];ActionQueue[insertions=ExecutableList{size=0} updates=ExecutableList{size=0} deletions=ExecutableList{size=0} orphanRemovals=ExecutableList{size=0} collectionCreations=ExecutableList{size=0} collectionRemovals=ExecutableList{size=0} collectionUpdates=ExecutableList{size=0} collectionQueuedOps=ExecutableList{size=0} unresolvedInsertDependencies=null])]
10:08:09.629 [main] DEBUG org.hibernate.engine.transaction.internal.TransactionImpl - committing
10:08:09.637 [main] DEBUG org.springframework.jdbc.datasource.DataSourceUtils - Resetting read-only flag of JDBC Connection [com.mysql.cj.jdbc.ConnectionImpl@5fdfe8cf]
10:08:09.637 [main] DEBUG org.springframework.orm.jpa.JpaTransactionManager - Closing JPA EntityManager [SessionImpl(PersistenceContext[entityKeys=[EntityKey[com.joseph.entity.Client#447], EntityKey[com.joseph.entity.Client#446], EntityKey[com.joseph.entity.Client#445]],collectionKeys=[CollectionKey[com.joseph.entity.Client.orders#445], CollectionKey[com.joseph.entity.Client.orders#446], CollectionKey[com.joseph.entity.Client.orders#447]]];ActionQueue[insertions=ExecutableList{size=0} updates=ExecutableList{size=0} deletions=ExecutableList{size=0} orphanRemovals=ExecutableList{size=0} collectionCreations=ExecutableList{size=0} collectionRemovals=ExecutableList{size=0} collectionUpdates=ExecutableList{size=0} collectionQueuedOps=ExecutableList{size=0} unresolvedInsertDependencies=null])] after transaction
10:08:09.638 [main] DEBUG org.springframework.test.context.cache.DefaultCacheAwareContextLoaderDelegate - Retrieved ApplicationContext [254801937] from cache with key [[MergedContextConfiguration@21ae657b testClass = ClientServiceImplTest.parameterizedAndRepetedTest, locations = '{}', classes = '{class com.joseph.config.PersistenceJPAConfig}', contextInitializerClasses = '[]', activeProfiles = '{}', propertySourceLocations = '{}', propertySourceProperties = '{}', contextCustomizers = set[[empty]], contextLoader = 'org.springframework.test.context.support.DelegatingSmartContextLoader', parent = [null]]]
10:08:09.638 [main] DEBUG org.springframework.test.context.cache - Spring test ApplicationContext cache statistics: [DefaultContextCache@5261ec9 size = 1, maxSize = 32, parentContextCount = 0, hitCount = 43, missCount = 1]
10:08:09.639 [main] DEBUG org.springframework.orm.jpa.JpaTransactionManager - Creating new transaction with name [org.springframework.data.jpa.repository.support.SimpleJpaRepository.deleteAll]: PROPAGATION_REQUIRED,ISOLATION_DEFAULT
10:08:09.640 [main] DEBUG org.springframework.orm.jpa.JpaTransactionManager - Opened new EntityManager [SessionImpl(PersistenceContext[entityKeys=[],collectionKeys=[]];ActionQueue[insertions=ExecutableList{size=0} updates=ExecutableList{size=0} deletions=ExecutableList{size=0} orphanRemovals=ExecutableList{size=0} collectionCreations=ExecutableList{size=0} collectionRemovals=ExecutableList{size=0} collectionUpdates=ExecutableList{size=0} collectionQueuedOps=ExecutableList{size=0} unresolvedInsertDependencies=null])] for JPA transaction
10:08:09.640 [main] DEBUG org.hibernate.engine.transaction.internal.TransactionImpl - begin
10:08:09.640 [main] DEBUG org.springframework.jdbc.datasource.DriverManagerDataSource - Creating new JDBC DriverManager Connection to [jdbc:mysql://localhost:3306/testcraftcore?useSSL=false&useTimezone=true&serverTimezone=UTC]
10:08:09.647 [main] DEBUG org.springframework.orm.jpa.JpaTransactionManager - Exposing JPA transaction as JDBC [org.springframework.orm.jpa.vendor.HibernateJpaDialect$HibernateConnectionHandle@8054fe2]
10:08:09.648 [main] DEBUG org.hibernate.query.criteria.internal.CriteriaQueryImpl - Rendered criteria query -> select generatedAlias0 from Client as generatedAlias0
10:08:09.649 [main] DEBUG org.hibernate.SQL - select client0_.idclient as idclient1_0_, client0_.emailclient as emailcli2_0_, client0_.nameclient as nameclie3_0_ from client client0_
10:08:09.650 [main] DEBUG org.hibernate.loader.Loader - Result set row: 0
10:08:09.650 [main] DEBUG org.hibernate.loader.Loader - Result row: EntityKey[com.joseph.entity.Client#447]
10:08:09.651 [main] DEBUG org.hibernate.loader.Loader - Result set row: 1
10:08:09.651 [main] DEBUG org.hibernate.loader.Loader - Result row: EntityKey[com.joseph.entity.Client#446]
10:08:09.652 [main] DEBUG org.hibernate.loader.Loader - Result set row: 2
10:08:09.652 [main] DEBUG org.hibernate.loader.Loader - Result row: EntityKey[com.joseph.entity.Client#445]
10:08:09.652 [main] DEBUG org.hibernate.engine.internal.TwoPhaseLoad - Resolving associations for [com.joseph.entity.Client#447]
10:08:09.653 [main] DEBUG org.hibernate.engine.internal.TwoPhaseLoad - Done materializing entity [com.joseph.entity.Client#447]
10:08:09.653 [main] DEBUG org.hibernate.engine.internal.TwoPhaseLoad - Resolving associations for [com.joseph.entity.Client#446]
10:08:09.653 [main] DEBUG org.hibernate.engine.internal.TwoPhaseLoad - Done materializing entity [com.joseph.entity.Client#446]
10:08:09.653 [main] DEBUG org.hibernate.engine.internal.TwoPhaseLoad - Resolving associations for [com.joseph.entity.Client#445]
10:08:09.653 [main] DEBUG org.hibernate.engine.internal.TwoPhaseLoad - Done materializing entity [com.joseph.entity.Client#445]
10:08:09.654 [main] DEBUG org.hibernate.loader.collection.plan.AbstractLoadPlanBasedCollectionInitializer - Loading collection: [com.joseph.entity.Client.orders#447]
10:08:09.654 [main] DEBUG org.hibernate.SQL - select orders0_.idclient as idclient5_1_0_, orders0_.idorder as idorder1_1_0_, orders0_.idorder as idorder1_1_1_, orders0_.idclient as idclient5_1_1_, orders0_.dateorder as dateorde2_1_1_, orders0_.statusorder as statusor3_1_1_, orders0_.totalorder as totalord4_1_1_ from order_table orders0_ where orders0_.idclient=?
10:08:09.656 [main] DEBUG org.hibernate.loader.plan.exec.process.internal.ResultSetProcessorImpl - Preparing collection intializer : [com.joseph.entity.Client.orders#447]
10:08:09.657 [main] DEBUG org.hibernate.engine.loading.internal.CollectionLoadContext - 1 collections were found in result set for role: com.joseph.entity.Client.orders
10:08:09.657 [main] DEBUG org.hibernate.engine.loading.internal.CollectionLoadContext - Collection fully initialized: [com.joseph.entity.Client.orders#447]
10:08:09.657 [main] DEBUG org.hibernate.engine.loading.internal.CollectionLoadContext - 1 collections initialized for role: com.joseph.entity.Client.orders
10:08:09.657 [main] DEBUG org.hibernate.resource.jdbc.internal.ResourceRegistryStandardImpl - HHH000387: ResultSet's statement was not registered
10:08:09.657 [main] DEBUG org.hibernate.loader.collection.plan.AbstractLoadPlanBasedCollectionInitializer - Done loading collection
10:08:09.658 [main] DEBUG org.hibernate.loader.collection.plan.AbstractLoadPlanBasedCollectionInitializer - Loading collection: [com.joseph.entity.Client.orders#446]
10:08:09.658 [main] DEBUG org.hibernate.SQL - select orders0_.idclient as idclient5_1_0_, orders0_.idorder as idorder1_1_0_, orders0_.idorder as idorder1_1_1_, orders0_.idclient as idclient5_1_1_, orders0_.dateorder as dateorde2_1_1_, orders0_.statusorder as statusor3_1_1_, orders0_.totalorder as totalord4_1_1_ from order_table orders0_ where orders0_.idclient=?
10:08:09.660 [main] DEBUG org.hibernate.loader.plan.exec.process.internal.ResultSetProcessorImpl - Preparing collection intializer : [com.joseph.entity.Client.orders#446]
10:08:09.660 [main] DEBUG org.hibernate.engine.loading.internal.CollectionLoadContext - 1 collections were found in result set for role: com.joseph.entity.Client.orders
10:08:09.660 [main] DEBUG org.hibernate.engine.loading.internal.CollectionLoadContext - Collection fully initialized: [com.joseph.entity.Client.orders#446]
10:08:09.660 [main] DEBUG org.hibernate.engine.loading.internal.CollectionLoadContext - 1 collections initialized for role: com.joseph.entity.Client.orders
10:08:09.660 [main] DEBUG org.hibernate.resource.jdbc.internal.ResourceRegistryStandardImpl - HHH000387: ResultSet's statement was not registered
10:08:09.660 [main] DEBUG org.hibernate.loader.collection.plan.AbstractLoadPlanBasedCollectionInitializer - Done loading collection
10:08:09.661 [main] DEBUG org.hibernate.loader.collection.plan.AbstractLoadPlanBasedCollectionInitializer - Loading collection: [com.joseph.entity.Client.orders#445]
10:08:09.661 [main] DEBUG org.hibernate.SQL - select orders0_.idclient as idclient5_1_0_, orders0_.idorder as idorder1_1_0_, orders0_.idorder as idorder1_1_1_, orders0_.idclient as idclient5_1_1_, orders0_.dateorder as dateorde2_1_1_, orders0_.statusorder as statusor3_1_1_, orders0_.totalorder as totalord4_1_1_ from order_table orders0_ where orders0_.idclient=?
10:08:09.663 [main] DEBUG org.hibernate.loader.plan.exec.process.internal.ResultSetProcessorImpl - Preparing collection intializer : [com.joseph.entity.Client.orders#445]
10:08:09.663 [main] DEBUG org.hibernate.engine.loading.internal.CollectionLoadContext - 1 collections were found in result set for role: com.joseph.entity.Client.orders
10:08:09.663 [main] DEBUG org.hibernate.engine.loading.internal.CollectionLoadContext - Collection fully initialized: [com.joseph.entity.Client.orders#445]
10:08:09.663 [main] DEBUG org.hibernate.engine.loading.internal.CollectionLoadContext - 1 collections initialized for role: com.joseph.entity.Client.orders
10:08:09.663 [main] DEBUG org.hibernate.resource.jdbc.internal.ResourceRegistryStandardImpl - HHH000387: ResultSet's statement was not registered
10:08:09.663 [main] DEBUG org.hibernate.loader.collection.plan.AbstractLoadPlanBasedCollectionInitializer - Done loading collection
10:08:09.664 [main] DEBUG org.springframework.orm.jpa.JpaTransactionManager - Initiating transaction commit
10:08:09.664 [main] DEBUG org.springframework.orm.jpa.JpaTransactionManager - Committing JPA transaction on EntityManager [SessionImpl(PersistenceContext[entityKeys=[EntityKey[com.joseph.entity.Client#447], EntityKey[com.joseph.entity.Client#446], EntityKey[com.joseph.entity.Client#445]],collectionKeys=[CollectionKey[com.joseph.entity.Client.orders#445], CollectionKey[com.joseph.entity.Client.orders#446], CollectionKey[com.joseph.entity.Client.orders#447]]];ActionQueue[insertions=ExecutableList{size=0} updates=ExecutableList{size=0} deletions=ExecutableList{size=3} orphanRemovals=ExecutableList{size=0} collectionCreations=ExecutableList{size=0} collectionRemovals=ExecutableList{size=0} collectionUpdates=ExecutableList{size=0} collectionQueuedOps=ExecutableList{size=0} unresolvedInsertDependencies=null])]
10:08:09.664 [main] DEBUG org.hibernate.engine.transaction.internal.TransactionImpl - committing
10:08:09.664 [main] DEBUG org.hibernate.event.internal.AbstractFlushingEventListener - Processing flush-time cascades
10:08:09.664 [main] DEBUG org.hibernate.event.internal.AbstractFlushingEventListener - Dirty checking collections
10:08:09.664 [main] DEBUG org.hibernate.engine.internal.Collections - Collection dereferenced: [com.joseph.entity.Client.orders#447]
10:08:09.665 [main] DEBUG org.hibernate.engine.internal.Collections - Collection dereferenced: [com.joseph.entity.Client.orders#446]
10:08:09.665 [main] DEBUG org.hibernate.engine.internal.Collections - Collection dereferenced: [com.joseph.entity.Client.orders#445]
10:08:09.665 [main] DEBUG org.hibernate.event.internal.AbstractFlushingEventListener - Flushed: 0 insertions, 0 updates, 3 deletions to 3 objects
10:08:09.665 [main] DEBUG org.hibernate.event.internal.AbstractFlushingEventListener - Flushed: 0 (re)creations, 0 updates, 3 removals to 3 collections
10:08:09.665 [main] DEBUG org.hibernate.internal.util.EntityPrinter - Listing entities:
10:08:09.665 [main] DEBUG org.hibernate.internal.util.EntityPrinter - com.joseph.entity.Client{nameclient=client2Test, emailclient=test@test.com, orders=[], idclient=447}
10:08:09.665 [main] DEBUG org.hibernate.internal.util.EntityPrinter - com.joseph.entity.Client{nameclient=test, emailclient=test1@test.com, orders=[], idclient=446}
10:08:09.665 [main] DEBUG org.hibernate.internal.util.EntityPrinter - com.joseph.entity.Client{nameclient=test, emailclient=test@test.com, orders=[], idclient=445}
10:08:09.666 [main] DEBUG org.hibernate.SQL - delete from client where idclient=?
10:08:09.667 [main] DEBUG org.hibernate.SQL - delete from client where idclient=?
10:08:09.670 [main] DEBUG org.hibernate.SQL - delete from client where idclient=?
10:08:09.674 [main] DEBUG org.springframework.orm.jpa.JpaTransactionManager - Closing JPA EntityManager [SessionImpl(PersistenceContext[entityKeys=[],collectionKeys=[]];ActionQueue[insertions=ExecutableList{size=0} updates=ExecutableList{size=0} deletions=ExecutableList{size=0} orphanRemovals=ExecutableList{size=0} collectionCreations=ExecutableList{size=0} collectionRemovals=ExecutableList{size=0} collectionUpdates=ExecutableList{size=0} collectionQueuedOps=ExecutableList{size=0} unresolvedInsertDependencies=null])] after transaction
10:08:09.675 [main] DEBUG org.hibernate.engine.jdbc.internal.JdbcCoordinatorImpl - HHH000420: Closing un-released batch
10:08:09.676 [main] DEBUG org.springframework.test.context.cache.DefaultCacheAwareContextLoaderDelegate - Retrieved ApplicationContext [254801937] from cache with key [[MergedContextConfiguration@21ae657b testClass = ClientServiceImplTest.parameterizedAndRepetedTest, locations = '{}', classes = '{class com.joseph.config.PersistenceJPAConfig}', contextInitializerClasses = '[]', activeProfiles = '{}', propertySourceLocations = '{}', propertySourceProperties = '{}', contextCustomizers = set[[empty]], contextLoader = 'org.springframework.test.context.support.DelegatingSmartContextLoader', parent = [null]]]
10:08:09.676 [main] DEBUG org.springframework.test.context.cache - Spring test ApplicationContext cache statistics: [DefaultContextCache@5261ec9 size = 1, maxSize = 32, parentContextCount = 0, hitCount = 44, missCount = 1]
10:08:09.676 [main] DEBUG org.springframework.test.context.support.AbstractDirtiesContextTestExecutionListener - After test method: context [DefaultTestContext@162c1dfb testClass = ClientServiceImplTest.parameterizedAndRepetedTest, testInstance = com.joseph.service.Impl.ClientServiceImplTest$parameterizedAndRepetedTest@401c4250, testMethod = saveClientWithParameterizedData@ClientServiceImplTest.parameterizedAndRepetedTest, testException = [null], mergedContextConfiguration = [MergedContextConfiguration@21ae657b testClass = ClientServiceImplTest.parameterizedAndRepetedTest, locations = '{}', classes = '{class com.joseph.config.PersistenceJPAConfig}', contextInitializerClasses = '[]', activeProfiles = '{}', propertySourceLocations = '{}', propertySourceProperties = '{}', contextCustomizers = set[[empty]], contextLoader = 'org.springframework.test.context.support.DelegatingSmartContextLoader', parent = [null]], attributes = map[[empty]]], class annotated with @DirtiesContext [false] with mode [null], method annotated with @DirtiesContext [false] with mode [null].
]]></system-out>
  </testcase>
  <testcase name="saveClientWithParameterizedData(String, String)[3]" classname="com.joseph.service.Impl.ClientServiceImplTest$parameterizedAndRepetedTest" time="0.139">
    <system-out><![CDATA[10:08:09.681 [main] DEBUG org.springframework.test.context.support.DependencyInjectionTestExecutionListener - Performing dependency injection for test context [[DefaultTestContext@79d8407f testClass = ClientServiceImplTest, testInstance = com.joseph.service.Impl.ClientServiceImplTest@365afe87, testMethod = [null], testException = [null], mergedContextConfiguration = [MergedContextConfiguration@5fbe4146 testClass = ClientServiceImplTest, locations = '{}', classes = '{class com.joseph.config.PersistenceJPAConfig}', contextInitializerClasses = '[]', activeProfiles = '{}', propertySourceLocations = '{}', propertySourceProperties = '{}', contextCustomizers = set[[empty]], contextLoader = 'org.springframework.test.context.support.DelegatingSmartContextLoader', parent = [null]], attributes = map[[empty]]]].
10:08:09.681 [main] DEBUG org.springframework.test.context.cache.DefaultCacheAwareContextLoaderDelegate - Retrieved ApplicationContext [254801937] from cache with key [[MergedContextConfiguration@5fbe4146 testClass = ClientServiceImplTest, locations = '{}', classes = '{class com.joseph.config.PersistenceJPAConfig}', contextInitializerClasses = '[]', activeProfiles = '{}', propertySourceLocations = '{}', propertySourceProperties = '{}', contextCustomizers = set[[empty]], contextLoader = 'org.springframework.test.context.support.DelegatingSmartContextLoader', parent = [null]]]
10:08:09.682 [main] DEBUG org.springframework.test.context.cache - Spring test ApplicationContext cache statistics: [DefaultContextCache@5261ec9 size = 1, maxSize = 32, parentContextCount = 0, hitCount = 45, missCount = 1]
10:08:09.682 [main] DEBUG org.springframework.test.context.cache.DefaultCacheAwareContextLoaderDelegate - Retrieved ApplicationContext [254801937] from cache with key [[MergedContextConfiguration@5fbe4146 testClass = ClientServiceImplTest, locations = '{}', classes = '{class com.joseph.config.PersistenceJPAConfig}', contextInitializerClasses = '[]', activeProfiles = '{}', propertySourceLocations = '{}', propertySourceProperties = '{}', contextCustomizers = set[[empty]], contextLoader = 'org.springframework.test.context.support.DelegatingSmartContextLoader', parent = [null]]]
10:08:09.682 [main] DEBUG org.springframework.test.context.cache - Spring test ApplicationContext cache statistics: [DefaultContextCache@5261ec9 size = 1, maxSize = 32, parentContextCount = 0, hitCount = 46, missCount = 1]
10:08:09.684 [main] DEBUG org.springframework.test.context.support.DependencyInjectionTestExecutionListener - Performing dependency injection for test context [[DefaultTestContext@162c1dfb testClass = ClientServiceImplTest.parameterizedAndRepetedTest, testInstance = com.joseph.service.Impl.ClientServiceImplTest$parameterizedAndRepetedTest@43471a7e, testMethod = [null], testException = [null], mergedContextConfiguration = [MergedContextConfiguration@21ae657b testClass = ClientServiceImplTest.parameterizedAndRepetedTest, locations = '{}', classes = '{class com.joseph.config.PersistenceJPAConfig}', contextInitializerClasses = '[]', activeProfiles = '{}', propertySourceLocations = '{}', propertySourceProperties = '{}', contextCustomizers = set[[empty]], contextLoader = 'org.springframework.test.context.support.DelegatingSmartContextLoader', parent = [null]], attributes = map[[empty]]]].
10:08:09.684 [main] DEBUG org.springframework.test.context.cache.DefaultCacheAwareContextLoaderDelegate - Retrieved ApplicationContext [254801937] from cache with key [[MergedContextConfiguration@21ae657b testClass = ClientServiceImplTest.parameterizedAndRepetedTest, locations = '{}', classes = '{class com.joseph.config.PersistenceJPAConfig}', contextInitializerClasses = '[]', activeProfiles = '{}', propertySourceLocations = '{}', propertySourceProperties = '{}', contextCustomizers = set[[empty]], contextLoader = 'org.springframework.test.context.support.DelegatingSmartContextLoader', parent = [null]]]
10:08:09.684 [main] DEBUG org.springframework.test.context.cache - Spring test ApplicationContext cache statistics: [DefaultContextCache@5261ec9 size = 1, maxSize = 32, parentContextCount = 0, hitCount = 47, missCount = 1]
10:08:09.686 [main] DEBUG org.springframework.test.context.cache.DefaultCacheAwareContextLoaderDelegate - Retrieved ApplicationContext [254801937] from cache with key [[MergedContextConfiguration@21ae657b testClass = ClientServiceImplTest.parameterizedAndRepetedTest, locations = '{}', classes = '{class com.joseph.config.PersistenceJPAConfig}', contextInitializerClasses = '[]', activeProfiles = '{}', propertySourceLocations = '{}', propertySourceProperties = '{}', contextCustomizers = set[[empty]], contextLoader = 'org.springframework.test.context.support.DelegatingSmartContextLoader', parent = [null]]]
10:08:09.686 [main] DEBUG org.springframework.test.context.cache - Spring test ApplicationContext cache statistics: [DefaultContextCache@5261ec9 size = 1, maxSize = 32, parentContextCount = 0, hitCount = 48, missCount = 1]
10:08:09.689 [main] DEBUG org.springframework.test.context.support.AbstractDirtiesContextTestExecutionListener - Before test method: context [DefaultTestContext@162c1dfb testClass = ClientServiceImplTest.parameterizedAndRepetedTest, testInstance = com.joseph.service.Impl.ClientServiceImplTest$parameterizedAndRepetedTest@43471a7e, testMethod = saveClientWithParameterizedData@ClientServiceImplTest.parameterizedAndRepetedTest, testException = [null], mergedContextConfiguration = [MergedContextConfiguration@21ae657b testClass = ClientServiceImplTest.parameterizedAndRepetedTest, locations = '{}', classes = '{class com.joseph.config.PersistenceJPAConfig}', contextInitializerClasses = '[]', activeProfiles = '{}', propertySourceLocations = '{}', propertySourceProperties = '{}', contextCustomizers = set[[empty]], contextLoader = 'org.springframework.test.context.support.DelegatingSmartContextLoader', parent = [null]], attributes = map[[empty]]], class annotated with @DirtiesContext [false] with mode [null], method annotated with @DirtiesContext [false] with mode [null].
10:08:09.691 [main] DEBUG org.springframework.test.context.cache.DefaultCacheAwareContextLoaderDelegate - Retrieved ApplicationContext [254801937] from cache with key [[MergedContextConfiguration@21ae657b testClass = ClientServiceImplTest.parameterizedAndRepetedTest, locations = '{}', classes = '{class com.joseph.config.PersistenceJPAConfig}', contextInitializerClasses = '[]', activeProfiles = '{}', propertySourceLocations = '{}', propertySourceProperties = '{}', contextCustomizers = set[[empty]], contextLoader = 'org.springframework.test.context.support.DelegatingSmartContextLoader', parent = [null]]]
10:08:09.691 [main] DEBUG org.springframework.test.context.cache - Spring test ApplicationContext cache statistics: [DefaultContextCache@5261ec9 size = 1, maxSize = 32, parentContextCount = 0, hitCount = 49, missCount = 1]
10:08:09.691 [main] DEBUG org.springframework.orm.jpa.JpaTransactionManager - Creating new transaction with name [org.springframework.data.jpa.repository.support.SimpleJpaRepository.deleteAll]: PROPAGATION_REQUIRED,ISOLATION_DEFAULT
10:08:09.691 [main] DEBUG org.springframework.orm.jpa.JpaTransactionManager - Opened new EntityManager [SessionImpl(PersistenceContext[entityKeys=[],collectionKeys=[]];ActionQueue[insertions=ExecutableList{size=0} updates=ExecutableList{size=0} deletions=ExecutableList{size=0} orphanRemovals=ExecutableList{size=0} collectionCreations=ExecutableList{size=0} collectionRemovals=ExecutableList{size=0} collectionUpdates=ExecutableList{size=0} collectionQueuedOps=ExecutableList{size=0} unresolvedInsertDependencies=null])] for JPA transaction
10:08:09.692 [main] DEBUG org.hibernate.engine.transaction.internal.TransactionImpl - begin
10:08:09.693 [main] DEBUG org.springframework.jdbc.datasource.DriverManagerDataSource - Creating new JDBC DriverManager Connection to [jdbc:mysql://localhost:3306/testcraftcore?useSSL=false&useTimezone=true&serverTimezone=UTC]
10:08:09.704 [main] DEBUG org.springframework.orm.jpa.JpaTransactionManager - Exposing JPA transaction as JDBC [org.springframework.orm.jpa.vendor.HibernateJpaDialect$HibernateConnectionHandle@1a1ccaaf]
10:08:09.705 [main] DEBUG org.hibernate.query.criteria.internal.CriteriaQueryImpl - Rendered criteria query -> select generatedAlias0 from Client as generatedAlias0
10:08:09.705 [main] DEBUG org.hibernate.SQL - select client0_.idclient as idclient1_0_, client0_.emailclient as emailcli2_0_, client0_.nameclient as nameclie3_0_ from client client0_
10:08:09.707 [main] DEBUG org.springframework.orm.jpa.JpaTransactionManager - Initiating transaction commit
10:08:09.707 [main] DEBUG org.springframework.orm.jpa.JpaTransactionManager - Committing JPA transaction on EntityManager [SessionImpl(PersistenceContext[entityKeys=[],collectionKeys=[]];ActionQueue[insertions=ExecutableList{size=0} updates=ExecutableList{size=0} deletions=ExecutableList{size=0} orphanRemovals=ExecutableList{size=0} collectionCreations=ExecutableList{size=0} collectionRemovals=ExecutableList{size=0} collectionUpdates=ExecutableList{size=0} collectionQueuedOps=ExecutableList{size=0} unresolvedInsertDependencies=null])]
10:08:09.707 [main] DEBUG org.hibernate.engine.transaction.internal.TransactionImpl - committing
10:08:09.709 [main] DEBUG org.springframework.orm.jpa.JpaTransactionManager - Closing JPA EntityManager [SessionImpl(PersistenceContext[entityKeys=[],collectionKeys=[]];ActionQueue[insertions=ExecutableList{size=0} updates=ExecutableList{size=0} deletions=ExecutableList{size=0} orphanRemovals=ExecutableList{size=0} collectionCreations=ExecutableList{size=0} collectionRemovals=ExecutableList{size=0} collectionUpdates=ExecutableList{size=0} collectionQueuedOps=ExecutableList{size=0} unresolvedInsertDependencies=null])] after transaction
10:08:09.709 [main] DEBUG org.springframework.orm.jpa.JpaTransactionManager - Creating new transaction with name [org.springframework.data.jpa.repository.support.SimpleJpaRepository.save]: PROPAGATION_REQUIRED,ISOLATION_DEFAULT
10:08:09.710 [main] DEBUG org.springframework.orm.jpa.JpaTransactionManager - Opened new EntityManager [SessionImpl(PersistenceContext[entityKeys=[],collectionKeys=[]];ActionQueue[insertions=ExecutableList{size=0} updates=ExecutableList{size=0} deletions=ExecutableList{size=0} orphanRemovals=ExecutableList{size=0} collectionCreations=ExecutableList{size=0} collectionRemovals=ExecutableList{size=0} collectionUpdates=ExecutableList{size=0} collectionQueuedOps=ExecutableList{size=0} unresolvedInsertDependencies=null])] for JPA transaction
10:08:09.710 [main] DEBUG org.hibernate.engine.transaction.internal.TransactionImpl - begin
10:08:09.710 [main] DEBUG org.springframework.jdbc.datasource.DriverManagerDataSource - Creating new JDBC DriverManager Connection to [jdbc:mysql://localhost:3306/testcraftcore?useSSL=false&useTimezone=true&serverTimezone=UTC]
10:08:09.715 [main] DEBUG org.springframework.orm.jpa.JpaTransactionManager - Exposing JPA transaction as JDBC [org.springframework.orm.jpa.vendor.HibernateJpaDialect$HibernateConnectionHandle@198536f6]
10:08:09.715 [main] DEBUG org.hibernate.engine.spi.ActionQueue - Executing identity-insert immediately
10:08:09.716 [main] DEBUG org.hibernate.SQL - insert into client (emailclient, nameclient) values (?, ?)
10:08:09.717 [main] DEBUG org.hibernate.id.IdentifierGeneratorHelper - Natively generated identity: 448
10:08:09.717 [main] DEBUG org.hibernate.resource.jdbc.internal.ResourceRegistryStandardImpl - HHH000387: ResultSet's statement was not registered
10:08:09.718 [main] DEBUG org.springframework.orm.jpa.JpaTransactionManager - Initiating transaction commit
10:08:09.718 [main] DEBUG org.springframework.orm.jpa.JpaTransactionManager - Committing JPA transaction on EntityManager [SessionImpl(PersistenceContext[entityKeys=[EntityKey[com.joseph.entity.Client#448]],collectionKeys=[]];ActionQueue[insertions=ExecutableList{size=0} updates=ExecutableList{size=0} deletions=ExecutableList{size=0} orphanRemovals=ExecutableList{size=0} collectionCreations=ExecutableList{size=0} collectionRemovals=ExecutableList{size=0} collectionUpdates=ExecutableList{size=0} collectionQueuedOps=ExecutableList{size=0} unresolvedInsertDependencies=null])]
10:08:09.718 [main] DEBUG org.hibernate.engine.transaction.internal.TransactionImpl - committing
10:08:09.718 [main] DEBUG org.hibernate.event.internal.AbstractFlushingEventListener - Processing flush-time cascades
10:08:09.719 [main] DEBUG org.hibernate.event.internal.AbstractFlushingEventListener - Dirty checking collections
10:08:09.719 [main] DEBUG org.hibernate.engine.internal.Collections - Collection found: [com.joseph.entity.Client.orders#448], was: [<unreferenced>] (initialized)
10:08:09.719 [main] DEBUG org.hibernate.event.internal.AbstractFlushingEventListener - Flushed: 0 insertions, 0 updates, 0 deletions to 1 objects
10:08:09.719 [main] DEBUG org.hibernate.event.internal.AbstractFlushingEventListener - Flushed: 1 (re)creations, 0 updates, 0 removals to 1 collections
10:08:09.719 [main] DEBUG org.hibernate.internal.util.EntityPrinter - Listing entities:
10:08:09.719 [main] DEBUG org.hibernate.internal.util.EntityPrinter - com.joseph.entity.Client{nameclient=test, emailclient=test@test.com, orders=[], idclient=448}
10:08:09.720 [main] DEBUG org.springframework.orm.jpa.JpaTransactionManager - Closing JPA EntityManager [SessionImpl(PersistenceContext[entityKeys=[EntityKey[com.joseph.entity.Client#448]],collectionKeys=[CollectionKey[com.joseph.entity.Client.orders#448]]];ActionQueue[insertions=ExecutableList{size=0} updates=ExecutableList{size=0} deletions=ExecutableList{size=0} orphanRemovals=ExecutableList{size=0} collectionCreations=ExecutableList{size=0} collectionRemovals=ExecutableList{size=0} collectionUpdates=ExecutableList{size=0} collectionQueuedOps=ExecutableList{size=0} unresolvedInsertDependencies=null])] after transaction
10:08:09.721 [main] DEBUG org.springframework.orm.jpa.JpaTransactionManager - Creating new transaction with name [org.springframework.data.jpa.repository.support.SimpleJpaRepository.save]: PROPAGATION_REQUIRED,ISOLATION_DEFAULT
10:08:09.721 [main] DEBUG org.springframework.orm.jpa.JpaTransactionManager - Opened new EntityManager [SessionImpl(PersistenceContext[entityKeys=[],collectionKeys=[]];ActionQueue[insertions=ExecutableList{size=0} updates=ExecutableList{size=0} deletions=ExecutableList{size=0} orphanRemovals=ExecutableList{size=0} collectionCreations=ExecutableList{size=0} collectionRemovals=ExecutableList{size=0} collectionUpdates=ExecutableList{size=0} collectionQueuedOps=ExecutableList{size=0} unresolvedInsertDependencies=null])] for JPA transaction
10:08:09.721 [main] DEBUG org.hibernate.engine.transaction.internal.TransactionImpl - begin
10:08:09.721 [main] DEBUG org.springframework.jdbc.datasource.DriverManagerDataSource - Creating new JDBC DriverManager Connection to [jdbc:mysql://localhost:3306/testcraftcore?useSSL=false&useTimezone=true&serverTimezone=UTC]
10:08:09.728 [main] DEBUG org.springframework.orm.jpa.JpaTransactionManager - Exposing JPA transaction as JDBC [org.springframework.orm.jpa.vendor.HibernateJpaDialect$HibernateConnectionHandle@594131f2]
10:08:09.729 [main] DEBUG org.hibernate.engine.spi.ActionQueue - Executing identity-insert immediately
10:08:09.730 [main] DEBUG org.hibernate.SQL - insert into client (emailclient, nameclient) values (?, ?)
10:08:09.732 [main] DEBUG org.hibernate.id.IdentifierGeneratorHelper - Natively generated identity: 449
10:08:09.732 [main] DEBUG org.hibernate.resource.jdbc.internal.ResourceRegistryStandardImpl - HHH000387: ResultSet's statement was not registered
10:08:09.732 [main] DEBUG org.springframework.orm.jpa.JpaTransactionManager - Initiating transaction commit
10:08:09.732 [main] DEBUG org.springframework.orm.jpa.JpaTransactionManager - Committing JPA transaction on EntityManager [SessionImpl(PersistenceContext[entityKeys=[EntityKey[com.joseph.entity.Client#449]],collectionKeys=[]];ActionQueue[insertions=ExecutableList{size=0} updates=ExecutableList{size=0} deletions=ExecutableList{size=0} orphanRemovals=ExecutableList{size=0} collectionCreations=ExecutableList{size=0} collectionRemovals=ExecutableList{size=0} collectionUpdates=ExecutableList{size=0} collectionQueuedOps=ExecutableList{size=0} unresolvedInsertDependencies=null])]
10:08:09.732 [main] DEBUG org.hibernate.engine.transaction.internal.TransactionImpl - committing
10:08:09.733 [main] DEBUG org.hibernate.event.internal.AbstractFlushingEventListener - Processing flush-time cascades
10:08:09.733 [main] DEBUG org.hibernate.event.internal.AbstractFlushingEventListener - Dirty checking collections
10:08:09.733 [main] DEBUG org.hibernate.engine.internal.Collections - Collection found: [com.joseph.entity.Client.orders#449], was: [<unreferenced>] (initialized)
10:08:09.733 [main] DEBUG org.hibernate.event.internal.AbstractFlushingEventListener - Flushed: 0 insertions, 0 updates, 0 deletions to 1 objects
10:08:09.733 [main] DEBUG org.hibernate.event.internal.AbstractFlushingEventListener - Flushed: 1 (re)creations, 0 updates, 0 removals to 1 collections
10:08:09.733 [main] DEBUG org.hibernate.internal.util.EntityPrinter - Listing entities:
10:08:09.733 [main] DEBUG org.hibernate.internal.util.EntityPrinter - com.joseph.entity.Client{nameclient=test, emailclient=test1@test.com, orders=[], idclient=449}
10:08:09.737 [main] DEBUG org.springframework.orm.jpa.JpaTransactionManager - Closing JPA EntityManager [SessionImpl(PersistenceContext[entityKeys=[EntityKey[com.joseph.entity.Client#449]],collectionKeys=[CollectionKey[com.joseph.entity.Client.orders#449]]];ActionQueue[insertions=ExecutableList{size=0} updates=ExecutableList{size=0} deletions=ExecutableList{size=0} orphanRemovals=ExecutableList{size=0} collectionCreations=ExecutableList{size=0} collectionRemovals=ExecutableList{size=0} collectionUpdates=ExecutableList{size=0} collectionQueuedOps=ExecutableList{size=0} unresolvedInsertDependencies=null])] after transaction
10:08:09.738 [main] DEBUG org.springframework.orm.jpa.JpaTransactionManager - Creating new transaction with name [org.springframework.data.jpa.repository.support.SimpleJpaRepository.save]: PROPAGATION_REQUIRED,ISOLATION_DEFAULT
10:08:09.739 [main] DEBUG org.springframework.orm.jpa.JpaTransactionManager - Opened new EntityManager [SessionImpl(PersistenceContext[entityKeys=[],collectionKeys=[]];ActionQueue[insertions=ExecutableList{size=0} updates=ExecutableList{size=0} deletions=ExecutableList{size=0} orphanRemovals=ExecutableList{size=0} collectionCreations=ExecutableList{size=0} collectionRemovals=ExecutableList{size=0} collectionUpdates=ExecutableList{size=0} collectionQueuedOps=ExecutableList{size=0} unresolvedInsertDependencies=null])] for JPA transaction
10:08:09.739 [main] DEBUG org.hibernate.engine.transaction.internal.TransactionImpl - begin
10:08:09.739 [main] DEBUG org.springframework.jdbc.datasource.DriverManagerDataSource - Creating new JDBC DriverManager Connection to [jdbc:mysql://localhost:3306/testcraftcore?useSSL=false&useTimezone=true&serverTimezone=UTC]
10:08:09.746 [main] DEBUG org.springframework.orm.jpa.JpaTransactionManager - Exposing JPA transaction as JDBC [org.springframework.orm.jpa.vendor.HibernateJpaDialect$HibernateConnectionHandle@6f9ab79d]
10:08:09.746 [main] DEBUG org.hibernate.engine.spi.ActionQueue - Executing identity-insert immediately
10:08:09.746 [main] DEBUG org.hibernate.SQL - insert into client (emailclient, nameclient) values (?, ?)
10:08:09.748 [main] DEBUG org.hibernate.id.IdentifierGeneratorHelper - Natively generated identity: 450
10:08:09.748 [main] DEBUG org.hibernate.resource.jdbc.internal.ResourceRegistryStandardImpl - HHH000387: ResultSet's statement was not registered
10:08:09.748 [main] DEBUG org.springframework.orm.jpa.JpaTransactionManager - Initiating transaction commit
10:08:09.748 [main] DEBUG org.springframework.orm.jpa.JpaTransactionManager - Committing JPA transaction on EntityManager [SessionImpl(PersistenceContext[entityKeys=[EntityKey[com.joseph.entity.Client#450]],collectionKeys=[]];ActionQueue[insertions=ExecutableList{size=0} updates=ExecutableList{size=0} deletions=ExecutableList{size=0} orphanRemovals=ExecutableList{size=0} collectionCreations=ExecutableList{size=0} collectionRemovals=ExecutableList{size=0} collectionUpdates=ExecutableList{size=0} collectionQueuedOps=ExecutableList{size=0} unresolvedInsertDependencies=null])]
10:08:09.748 [main] DEBUG org.hibernate.engine.transaction.internal.TransactionImpl - committing
10:08:09.748 [main] DEBUG org.hibernate.event.internal.AbstractFlushingEventListener - Processing flush-time cascades
10:08:09.749 [main] DEBUG org.hibernate.event.internal.AbstractFlushingEventListener - Dirty checking collections
10:08:09.749 [main] DEBUG org.hibernate.engine.internal.Collections - Collection found: [com.joseph.entity.Client.orders#450], was: [<unreferenced>] (initialized)
10:08:09.749 [main] DEBUG org.hibernate.event.internal.AbstractFlushingEventListener - Flushed: 0 insertions, 0 updates, 0 deletions to 1 objects
10:08:09.749 [main] DEBUG org.hibernate.event.internal.AbstractFlushingEventListener - Flushed: 1 (re)creations, 0 updates, 0 removals to 1 collections
10:08:09.749 [main] DEBUG org.hibernate.internal.util.EntityPrinter - Listing entities:
10:08:09.749 [main] DEBUG org.hibernate.internal.util.EntityPrinter - com.joseph.entity.Client{nameclient=test, emailclient=test2@test.com, orders=[], idclient=450}
10:08:09.754 [main] DEBUG org.springframework.orm.jpa.JpaTransactionManager - Closing JPA EntityManager [SessionImpl(PersistenceContext[entityKeys=[EntityKey[com.joseph.entity.Client#450]],collectionKeys=[CollectionKey[com.joseph.entity.Client.orders#450]]];ActionQueue[insertions=ExecutableList{size=0} updates=ExecutableList{size=0} deletions=ExecutableList{size=0} orphanRemovals=ExecutableList{size=0} collectionCreations=ExecutableList{size=0} collectionRemovals=ExecutableList{size=0} collectionUpdates=ExecutableList{size=0} collectionQueuedOps=ExecutableList{size=0} unresolvedInsertDependencies=null])] after transaction
10:08:09.755 [main] DEBUG org.springframework.test.context.cache.DefaultCacheAwareContextLoaderDelegate - Retrieved ApplicationContext [254801937] from cache with key [[MergedContextConfiguration@21ae657b testClass = ClientServiceImplTest.parameterizedAndRepetedTest, locations = '{}', classes = '{class com.joseph.config.PersistenceJPAConfig}', contextInitializerClasses = '[]', activeProfiles = '{}', propertySourceLocations = '{}', propertySourceProperties = '{}', contextCustomizers = set[[empty]], contextLoader = 'org.springframework.test.context.support.DelegatingSmartContextLoader', parent = [null]]]
10:08:09.755 [main] DEBUG org.springframework.test.context.cache - Spring test ApplicationContext cache statistics: [DefaultContextCache@5261ec9 size = 1, maxSize = 32, parentContextCount = 0, hitCount = 50, missCount = 1]
10:08:09.756 [main] DEBUG org.springframework.orm.jpa.JpaTransactionManager - Creating new transaction with name [com.joseph.service.Impl.ClientServiceImpl.saveClient]: PROPAGATION_REQUIRED,ISOLATION_DEFAULT
10:08:09.756 [main] DEBUG org.springframework.orm.jpa.JpaTransactionManager - Opened new EntityManager [SessionImpl(PersistenceContext[entityKeys=[],collectionKeys=[]];ActionQueue[insertions=ExecutableList{size=0} updates=ExecutableList{size=0} deletions=ExecutableList{size=0} orphanRemovals=ExecutableList{size=0} collectionCreations=ExecutableList{size=0} collectionRemovals=ExecutableList{size=0} collectionUpdates=ExecutableList{size=0} collectionQueuedOps=ExecutableList{size=0} unresolvedInsertDependencies=null])] for JPA transaction
10:08:09.756 [main] DEBUG org.hibernate.engine.transaction.internal.TransactionImpl - begin
10:08:09.756 [main] DEBUG org.springframework.jdbc.datasource.DriverManagerDataSource - Creating new JDBC DriverManager Connection to [jdbc:mysql://localhost:3306/testcraftcore?useSSL=false&useTimezone=true&serverTimezone=UTC]
10:08:09.761 [main] DEBUG org.springframework.orm.jpa.JpaTransactionManager - Exposing JPA transaction as JDBC [org.springframework.orm.jpa.vendor.HibernateJpaDialect$HibernateConnectionHandle@ea00de]
10:08:09.762 [main] DEBUG org.springframework.orm.jpa.JpaTransactionManager - Found thread-bound EntityManager [SessionImpl(PersistenceContext[entityKeys=[],collectionKeys=[]];ActionQueue[insertions=ExecutableList{size=0} updates=ExecutableList{size=0} deletions=ExecutableList{size=0} orphanRemovals=ExecutableList{size=0} collectionCreations=ExecutableList{size=0} collectionRemovals=ExecutableList{size=0} collectionUpdates=ExecutableList{size=0} collectionQueuedOps=ExecutableList{size=0} unresolvedInsertDependencies=null])] for JPA transaction
10:08:09.762 [main] DEBUG org.springframework.orm.jpa.JpaTransactionManager - Participating in existing transaction
10:08:09.762 [main] DEBUG org.hibernate.loader.Loader - Loading entity: [com.joseph.entity.Client#450]
10:08:09.763 [main] DEBUG org.hibernate.SQL - select client0_.idclient as idclient1_0_1_, client0_.emailclient as emailcli2_0_1_, client0_.nameclient as nameclie3_0_1_, orders1_.idclient as idclient5_1_3_, orders1_.idorder as idorder1_1_3_, orders1_.idorder as idorder1_1_0_, orders1_.idclient as idclient5_1_0_, orders1_.dateorder as dateorde2_1_0_, orders1_.statusorder as statusor3_1_0_, orders1_.totalorder as totalord4_1_0_ from client client0_ left outer join order_table orders1_ on client0_.idclient=orders1_.idclient where client0_.idclient=?
10:08:09.766 [main] DEBUG org.hibernate.loader.Loader - Result set row: 0
10:08:09.766 [main] DEBUG org.hibernate.loader.Loader - Result row: null, EntityKey[com.joseph.entity.Client#450]
10:08:09.767 [main] DEBUG org.hibernate.loader.Loader - Result set contains (possibly empty) collection: [com.joseph.entity.Client.orders#450]
10:08:09.767 [main] DEBUG org.hibernate.engine.internal.TwoPhaseLoad - Resolving associations for [com.joseph.entity.Client#450]
10:08:09.767 [main] DEBUG org.hibernate.engine.internal.TwoPhaseLoad - Done materializing entity [com.joseph.entity.Client#450]
10:08:09.767 [main] DEBUG org.hibernate.engine.loading.internal.CollectionLoadContext - 1 collections were found in result set for role: com.joseph.entity.Client.orders
10:08:09.768 [main] DEBUG org.hibernate.engine.loading.internal.CollectionLoadContext - Collection fully initialized: [com.joseph.entity.Client.orders#450]
10:08:09.768 [main] DEBUG org.hibernate.engine.loading.internal.CollectionLoadContext - 1 collections initialized for role: com.joseph.entity.Client.orders
10:08:09.768 [main] DEBUG org.hibernate.loader.Loader - Done entity load
10:08:09.768 [main] DEBUG org.hibernate.engine.spi.CollectionEntry - Reset storedSnapshot to {} for CollectionEntry[com.joseph.entity.Client.orders#450]
10:08:09.768 [main] DEBUG org.springframework.orm.jpa.JpaTransactionManager - Initiating transaction commit
10:08:09.768 [main] DEBUG org.springframework.orm.jpa.JpaTransactionManager - Committing JPA transaction on EntityManager [SessionImpl(PersistenceContext[entityKeys=[EntityKey[com.joseph.entity.Client#450]],collectionKeys=[CollectionKey[com.joseph.entity.Client.orders#450]]];ActionQueue[insertions=ExecutableList{size=0} updates=ExecutableList{size=0} deletions=ExecutableList{size=0} orphanRemovals=ExecutableList{size=0} collectionCreations=ExecutableList{size=0} collectionRemovals=ExecutableList{size=0} collectionUpdates=ExecutableList{size=0} collectionQueuedOps=ExecutableList{size=0} unresolvedInsertDependencies=null])]
10:08:09.768 [main] DEBUG org.hibernate.engine.transaction.internal.TransactionImpl - committing
10:08:09.768 [main] DEBUG org.hibernate.event.internal.AbstractFlushingEventListener - Processing flush-time cascades
10:08:09.769 [main] DEBUG org.hibernate.event.internal.AbstractFlushingEventListener - Dirty checking collections
10:08:09.769 [main] DEBUG org.hibernate.engine.internal.Collections - Collection found: [com.joseph.entity.Client.orders#450], was: [com.joseph.entity.Client.orders#450] (initialized)
10:08:09.769 [main] DEBUG org.hibernate.event.internal.AbstractFlushingEventListener - Flushed: 0 insertions, 1 updates, 0 deletions to 1 objects
10:08:09.769 [main] DEBUG org.hibernate.event.internal.AbstractFlushingEventListener - Flushed: 0 (re)creations, 0 updates, 0 removals to 1 collections
10:08:09.769 [main] DEBUG org.hibernate.internal.util.EntityPrinter - Listing entities:
10:08:09.769 [main] DEBUG org.hibernate.internal.util.EntityPrinter - com.joseph.entity.Client{nameclient=client3Test, emailclient=test@test.com, orders=[], idclient=450}
10:08:09.769 [main] DEBUG org.hibernate.SQL - update client set emailclient=?, nameclient=? where idclient=?
10:08:09.775 [main] DEBUG org.springframework.orm.jpa.JpaTransactionManager - Closing JPA EntityManager [SessionImpl(PersistenceContext[entityKeys=[EntityKey[com.joseph.entity.Client#450]],collectionKeys=[CollectionKey[com.joseph.entity.Client.orders#450]]];ActionQueue[insertions=ExecutableList{size=0} updates=ExecutableList{size=0} deletions=ExecutableList{size=0} orphanRemovals=ExecutableList{size=0} collectionCreations=ExecutableList{size=0} collectionRemovals=ExecutableList{size=0} collectionUpdates=ExecutableList{size=0} collectionQueuedOps=ExecutableList{size=0} unresolvedInsertDependencies=null])] after transaction
10:08:09.776 [main] DEBUG org.springframework.orm.jpa.JpaTransactionManager - Creating new transaction with name [org.springframework.data.jpa.repository.support.SimpleJpaRepository.findAll]: PROPAGATION_REQUIRED,ISOLATION_DEFAULT,readOnly
10:08:09.776 [main] DEBUG org.springframework.orm.jpa.JpaTransactionManager - Opened new EntityManager [SessionImpl(PersistenceContext[entityKeys=[],collectionKeys=[]];ActionQueue[insertions=ExecutableList{size=0} updates=ExecutableList{size=0} deletions=ExecutableList{size=0} orphanRemovals=ExecutableList{size=0} collectionCreations=ExecutableList{size=0} collectionRemovals=ExecutableList{size=0} collectionUpdates=ExecutableList{size=0} collectionQueuedOps=ExecutableList{size=0} unresolvedInsertDependencies=null])] for JPA transaction
10:08:09.777 [main] DEBUG org.springframework.jdbc.datasource.DriverManagerDataSource - Creating new JDBC DriverManager Connection to [jdbc:mysql://localhost:3306/testcraftcore?useSSL=false&useTimezone=true&serverTimezone=UTC]
10:08:09.783 [main] DEBUG org.springframework.jdbc.datasource.DataSourceUtils - Setting JDBC Connection [com.mysql.cj.jdbc.ConnectionImpl@1ac6dd3d] read-only
10:08:09.783 [main] DEBUG org.hibernate.engine.transaction.internal.TransactionImpl - begin
10:08:09.785 [main] DEBUG org.springframework.orm.jpa.JpaTransactionManager - Exposing JPA transaction as JDBC [org.springframework.orm.jpa.vendor.HibernateJpaDialect$HibernateConnectionHandle@562919fe]
10:08:09.785 [main] DEBUG org.hibernate.query.criteria.internal.CriteriaQueryImpl - Rendered criteria query -> select generatedAlias0 from Client as generatedAlias0
10:08:09.786 [main] DEBUG org.hibernate.SQL - select client0_.idclient as idclient1_0_, client0_.emailclient as emailcli2_0_, client0_.nameclient as nameclie3_0_ from client client0_
10:08:09.789 [main] DEBUG org.hibernate.loader.Loader - Result set row: 0
10:08:09.790 [main] DEBUG org.hibernate.loader.Loader - Result row: EntityKey[com.joseph.entity.Client#450]
10:08:09.790 [main] DEBUG org.hibernate.loader.Loader - Result set row: 1
10:08:09.791 [main] DEBUG org.hibernate.loader.Loader - Result row: EntityKey[com.joseph.entity.Client#449]
10:08:09.791 [main] DEBUG org.hibernate.loader.Loader - Result set row: 2
10:08:09.791 [main] DEBUG org.hibernate.loader.Loader - Result row: EntityKey[com.joseph.entity.Client#448]
10:08:09.791 [main] DEBUG org.hibernate.engine.internal.TwoPhaseLoad - Resolving associations for [com.joseph.entity.Client#450]
10:08:09.791 [main] DEBUG org.hibernate.engine.internal.TwoPhaseLoad - Done materializing entity [com.joseph.entity.Client#450]
10:08:09.792 [main] DEBUG org.hibernate.engine.internal.TwoPhaseLoad - Resolving associations for [com.joseph.entity.Client#449]
10:08:09.792 [main] DEBUG org.hibernate.engine.internal.TwoPhaseLoad - Done materializing entity [com.joseph.entity.Client#449]
10:08:09.792 [main] DEBUG org.hibernate.engine.internal.TwoPhaseLoad - Resolving associations for [com.joseph.entity.Client#448]
10:08:09.792 [main] DEBUG org.hibernate.engine.internal.TwoPhaseLoad - Done materializing entity [com.joseph.entity.Client#448]
10:08:09.792 [main] DEBUG org.springframework.orm.jpa.JpaTransactionManager - Initiating transaction commit
10:08:09.792 [main] DEBUG org.springframework.orm.jpa.JpaTransactionManager - Committing JPA transaction on EntityManager [SessionImpl(PersistenceContext[entityKeys=[EntityKey[com.joseph.entity.Client#448], EntityKey[com.joseph.entity.Client#450], EntityKey[com.joseph.entity.Client#449]],collectionKeys=[CollectionKey[com.joseph.entity.Client.orders#448], CollectionKey[com.joseph.entity.Client.orders#449], CollectionKey[com.joseph.entity.Client.orders#450]]];ActionQueue[insertions=ExecutableList{size=0} updates=ExecutableList{size=0} deletions=ExecutableList{size=0} orphanRemovals=ExecutableList{size=0} collectionCreations=ExecutableList{size=0} collectionRemovals=ExecutableList{size=0} collectionUpdates=ExecutableList{size=0} collectionQueuedOps=ExecutableList{size=0} unresolvedInsertDependencies=null])]
10:08:09.792 [main] DEBUG org.hibernate.engine.transaction.internal.TransactionImpl - committing
10:08:09.793 [main] DEBUG org.springframework.jdbc.datasource.DataSourceUtils - Resetting read-only flag of JDBC Connection [com.mysql.cj.jdbc.ConnectionImpl@1ac6dd3d]
10:08:09.794 [main] DEBUG org.springframework.orm.jpa.JpaTransactionManager - Closing JPA EntityManager [SessionImpl(PersistenceContext[entityKeys=[EntityKey[com.joseph.entity.Client#448], EntityKey[com.joseph.entity.Client#450], EntityKey[com.joseph.entity.Client#449]],collectionKeys=[CollectionKey[com.joseph.entity.Client.orders#448], CollectionKey[com.joseph.entity.Client.orders#449], CollectionKey[com.joseph.entity.Client.orders#450]]];ActionQueue[insertions=ExecutableList{size=0} updates=ExecutableList{size=0} deletions=ExecutableList{size=0} orphanRemovals=ExecutableList{size=0} collectionCreations=ExecutableList{size=0} collectionRemovals=ExecutableList{size=0} collectionUpdates=ExecutableList{size=0} collectionQueuedOps=ExecutableList{size=0} unresolvedInsertDependencies=null])] after transaction
10:08:09.795 [main] DEBUG org.springframework.test.context.cache.DefaultCacheAwareContextLoaderDelegate - Retrieved ApplicationContext [254801937] from cache with key [[MergedContextConfiguration@21ae657b testClass = ClientServiceImplTest.parameterizedAndRepetedTest, locations = '{}', classes = '{class com.joseph.config.PersistenceJPAConfig}', contextInitializerClasses = '[]', activeProfiles = '{}', propertySourceLocations = '{}', propertySourceProperties = '{}', contextCustomizers = set[[empty]], contextLoader = 'org.springframework.test.context.support.DelegatingSmartContextLoader', parent = [null]]]
10:08:09.795 [main] DEBUG org.springframework.test.context.cache - Spring test ApplicationContext cache statistics: [DefaultContextCache@5261ec9 size = 1, maxSize = 32, parentContextCount = 0, hitCount = 51, missCount = 1]
10:08:09.796 [main] DEBUG org.springframework.orm.jpa.JpaTransactionManager - Creating new transaction with name [org.springframework.data.jpa.repository.support.SimpleJpaRepository.deleteAll]: PROPAGATION_REQUIRED,ISOLATION_DEFAULT
10:08:09.796 [main] DEBUG org.springframework.orm.jpa.JpaTransactionManager - Opened new EntityManager [SessionImpl(PersistenceContext[entityKeys=[],collectionKeys=[]];ActionQueue[insertions=ExecutableList{size=0} updates=ExecutableList{size=0} deletions=ExecutableList{size=0} orphanRemovals=ExecutableList{size=0} collectionCreations=ExecutableList{size=0} collectionRemovals=ExecutableList{size=0} collectionUpdates=ExecutableList{size=0} collectionQueuedOps=ExecutableList{size=0} unresolvedInsertDependencies=null])] for JPA transaction
10:08:09.796 [main] DEBUG org.hibernate.engine.transaction.internal.TransactionImpl - begin
10:08:09.796 [main] DEBUG org.springframework.jdbc.datasource.DriverManagerDataSource - Creating new JDBC DriverManager Connection to [jdbc:mysql://localhost:3306/testcraftcore?useSSL=false&useTimezone=true&serverTimezone=UTC]
10:08:09.802 [main] DEBUG org.springframework.orm.jpa.JpaTransactionManager - Exposing JPA transaction as JDBC [org.springframework.orm.jpa.vendor.HibernateJpaDialect$HibernateConnectionHandle@2c1f8dbd]
10:08:09.802 [main] DEBUG org.hibernate.query.criteria.internal.CriteriaQueryImpl - Rendered criteria query -> select generatedAlias0 from Client as generatedAlias0
10:08:09.803 [main] DEBUG org.hibernate.SQL - select client0_.idclient as idclient1_0_, client0_.emailclient as emailcli2_0_, client0_.nameclient as nameclie3_0_ from client client0_
10:08:09.805 [main] DEBUG org.hibernate.loader.Loader - Result set row: 0
10:08:09.805 [main] DEBUG org.hibernate.loader.Loader - Result row: EntityKey[com.joseph.entity.Client#450]
10:08:09.805 [main] DEBUG org.hibernate.loader.Loader - Result set row: 1
10:08:09.805 [main] DEBUG org.hibernate.loader.Loader - Result row: EntityKey[com.joseph.entity.Client#449]
10:08:09.805 [main] DEBUG org.hibernate.loader.Loader - Result set row: 2
10:08:09.806 [main] DEBUG org.hibernate.loader.Loader - Result row: EntityKey[com.joseph.entity.Client#448]
10:08:09.806 [main] DEBUG org.hibernate.engine.internal.TwoPhaseLoad - Resolving associations for [com.joseph.entity.Client#450]
10:08:09.806 [main] DEBUG org.hibernate.engine.internal.TwoPhaseLoad - Done materializing entity [com.joseph.entity.Client#450]
10:08:09.806 [main] DEBUG org.hibernate.engine.internal.TwoPhaseLoad - Resolving associations for [com.joseph.entity.Client#449]
10:08:09.806 [main] DEBUG org.hibernate.engine.internal.TwoPhaseLoad - Done materializing entity [com.joseph.entity.Client#449]
10:08:09.806 [main] DEBUG org.hibernate.engine.internal.TwoPhaseLoad - Resolving associations for [com.joseph.entity.Client#448]
10:08:09.806 [main] DEBUG org.hibernate.engine.internal.TwoPhaseLoad - Done materializing entity [com.joseph.entity.Client#448]
10:08:09.807 [main] DEBUG org.hibernate.loader.collection.plan.AbstractLoadPlanBasedCollectionInitializer - Loading collection: [com.joseph.entity.Client.orders#450]
10:08:09.807 [main] DEBUG org.hibernate.SQL - select orders0_.idclient as idclient5_1_0_, orders0_.idorder as idorder1_1_0_, orders0_.idorder as idorder1_1_1_, orders0_.idclient as idclient5_1_1_, orders0_.dateorder as dateorde2_1_1_, orders0_.statusorder as statusor3_1_1_, orders0_.totalorder as totalord4_1_1_ from order_table orders0_ where orders0_.idclient=?
10:08:09.811 [main] DEBUG org.hibernate.loader.plan.exec.process.internal.ResultSetProcessorImpl - Preparing collection intializer : [com.joseph.entity.Client.orders#450]
10:08:09.811 [main] DEBUG org.hibernate.engine.loading.internal.CollectionLoadContext - 1 collections were found in result set for role: com.joseph.entity.Client.orders
10:08:09.811 [main] DEBUG org.hibernate.engine.loading.internal.CollectionLoadContext - Collection fully initialized: [com.joseph.entity.Client.orders#450]
10:08:09.812 [main] DEBUG org.hibernate.engine.loading.internal.CollectionLoadContext - 1 collections initialized for role: com.joseph.entity.Client.orders
10:08:09.812 [main] DEBUG org.hibernate.resource.jdbc.internal.ResourceRegistryStandardImpl - HHH000387: ResultSet's statement was not registered
10:08:09.812 [main] DEBUG org.hibernate.loader.collection.plan.AbstractLoadPlanBasedCollectionInitializer - Done loading collection
10:08:09.812 [main] DEBUG org.hibernate.loader.collection.plan.AbstractLoadPlanBasedCollectionInitializer - Loading collection: [com.joseph.entity.Client.orders#449]
10:08:09.812 [main] DEBUG org.hibernate.SQL - select orders0_.idclient as idclient5_1_0_, orders0_.idorder as idorder1_1_0_, orders0_.idorder as idorder1_1_1_, orders0_.idclient as idclient5_1_1_, orders0_.dateorder as dateorde2_1_1_, orders0_.statusorder as statusor3_1_1_, orders0_.totalorder as totalord4_1_1_ from order_table orders0_ where orders0_.idclient=?
10:08:09.814 [main] DEBUG org.hibernate.loader.plan.exec.process.internal.ResultSetProcessorImpl - Preparing collection intializer : [com.joseph.entity.Client.orders#449]
10:08:09.814 [main] DEBUG org.hibernate.engine.loading.internal.CollectionLoadContext - 1 collections were found in result set for role: com.joseph.entity.Client.orders
10:08:09.814 [main] DEBUG org.hibernate.engine.loading.internal.CollectionLoadContext - Collection fully initialized: [com.joseph.entity.Client.orders#449]
10:08:09.814 [main] DEBUG org.hibernate.engine.loading.internal.CollectionLoadContext - 1 collections initialized for role: com.joseph.entity.Client.orders
10:08:09.815 [main] DEBUG org.hibernate.resource.jdbc.internal.ResourceRegistryStandardImpl - HHH000387: ResultSet's statement was not registered
10:08:09.815 [main] DEBUG org.hibernate.loader.collection.plan.AbstractLoadPlanBasedCollectionInitializer - Done loading collection
10:08:09.815 [main] DEBUG org.hibernate.loader.collection.plan.AbstractLoadPlanBasedCollectionInitializer - Loading collection: [com.joseph.entity.Client.orders#448]
10:08:09.815 [main] DEBUG org.hibernate.SQL - select orders0_.idclient as idclient5_1_0_, orders0_.idorder as idorder1_1_0_, orders0_.idorder as idorder1_1_1_, orders0_.idclient as idclient5_1_1_, orders0_.dateorder as dateorde2_1_1_, orders0_.statusorder as statusor3_1_1_, orders0_.totalorder as totalord4_1_1_ from order_table orders0_ where orders0_.idclient=?
10:08:09.817 [main] DEBUG org.hibernate.loader.plan.exec.process.internal.ResultSetProcessorImpl - Preparing collection intializer : [com.joseph.entity.Client.orders#448]
10:08:09.817 [main] DEBUG org.hibernate.engine.loading.internal.CollectionLoadContext - 1 collections were found in result set for role: com.joseph.entity.Client.orders
10:08:09.817 [main] DEBUG org.hibernate.engine.loading.internal.CollectionLoadContext - Collection fully initialized: [com.joseph.entity.Client.orders#448]
10:08:09.817 [main] DEBUG org.hibernate.engine.loading.internal.CollectionLoadContext - 1 collections initialized for role: com.joseph.entity.Client.orders
10:08:09.818 [main] DEBUG org.hibernate.resource.jdbc.internal.ResourceRegistryStandardImpl - HHH000387: ResultSet's statement was not registered
10:08:09.818 [main] DEBUG org.hibernate.loader.collection.plan.AbstractLoadPlanBasedCollectionInitializer - Done loading collection
10:08:09.818 [main] DEBUG org.springframework.orm.jpa.JpaTransactionManager - Initiating transaction commit
10:08:09.818 [main] DEBUG org.springframework.orm.jpa.JpaTransactionManager - Committing JPA transaction on EntityManager [SessionImpl(PersistenceContext[entityKeys=[EntityKey[com.joseph.entity.Client#448], EntityKey[com.joseph.entity.Client#450], EntityKey[com.joseph.entity.Client#449]],collectionKeys=[CollectionKey[com.joseph.entity.Client.orders#448], CollectionKey[com.joseph.entity.Client.orders#449], CollectionKey[com.joseph.entity.Client.orders#450]]];ActionQueue[insertions=ExecutableList{size=0} updates=ExecutableList{size=0} deletions=ExecutableList{size=3} orphanRemovals=ExecutableList{size=0} collectionCreations=ExecutableList{size=0} collectionRemovals=ExecutableList{size=0} collectionUpdates=ExecutableList{size=0} collectionQueuedOps=ExecutableList{size=0} unresolvedInsertDependencies=null])]
10:08:09.818 [main] DEBUG org.hibernate.engine.transaction.internal.TransactionImpl - committing
10:08:09.818 [main] DEBUG org.hibernate.event.internal.AbstractFlushingEventListener - Processing flush-time cascades
10:08:09.818 [main] DEBUG org.hibernate.event.internal.AbstractFlushingEventListener - Dirty checking collections
10:08:09.819 [main] DEBUG org.hibernate.engine.internal.Collections - Collection dereferenced: [com.joseph.entity.Client.orders#450]
10:08:09.819 [main] DEBUG org.hibernate.engine.internal.Collections - Collection dereferenced: [com.joseph.entity.Client.orders#449]
10:08:09.819 [main] DEBUG org.hibernate.engine.internal.Collections - Collection dereferenced: [com.joseph.entity.Client.orders#448]
10:08:09.819 [main] DEBUG org.hibernate.event.internal.AbstractFlushingEventListener - Flushed: 0 insertions, 0 updates, 3 deletions to 3 objects
10:08:09.819 [main] DEBUG org.hibernate.event.internal.AbstractFlushingEventListener - Flushed: 0 (re)creations, 0 updates, 3 removals to 3 collections
10:08:09.819 [main] DEBUG org.hibernate.internal.util.EntityPrinter - Listing entities:
10:08:09.819 [main] DEBUG org.hibernate.internal.util.EntityPrinter - com.joseph.entity.Client{nameclient=test, emailclient=test@test.com, orders=[], idclient=448}
10:08:09.819 [main] DEBUG org.hibernate.internal.util.EntityPrinter - com.joseph.entity.Client{nameclient=client3Test, emailclient=test@test.com, orders=[], idclient=450}
10:08:09.819 [main] DEBUG org.hibernate.internal.util.EntityPrinter - com.joseph.entity.Client{nameclient=test, emailclient=test1@test.com, orders=[], idclient=449}
10:08:09.820 [main] DEBUG org.hibernate.SQL - delete from client where idclient=?
10:08:09.821 [main] DEBUG org.hibernate.SQL - delete from client where idclient=?
10:08:09.822 [main] DEBUG org.hibernate.SQL - delete from client where idclient=?
10:08:09.824 [main] DEBUG org.springframework.orm.jpa.JpaTransactionManager - Closing JPA EntityManager [SessionImpl(PersistenceContext[entityKeys=[],collectionKeys=[]];ActionQueue[insertions=ExecutableList{size=0} updates=ExecutableList{size=0} deletions=ExecutableList{size=0} orphanRemovals=ExecutableList{size=0} collectionCreations=ExecutableList{size=0} collectionRemovals=ExecutableList{size=0} collectionUpdates=ExecutableList{size=0} collectionQueuedOps=ExecutableList{size=0} unresolvedInsertDependencies=null])] after transaction
10:08:09.824 [main] DEBUG org.hibernate.engine.jdbc.internal.JdbcCoordinatorImpl - HHH000420: Closing un-released batch
10:08:09.825 [main] DEBUG org.springframework.test.context.cache.DefaultCacheAwareContextLoaderDelegate - Retrieved ApplicationContext [254801937] from cache with key [[MergedContextConfiguration@21ae657b testClass = ClientServiceImplTest.parameterizedAndRepetedTest, locations = '{}', classes = '{class com.joseph.config.PersistenceJPAConfig}', contextInitializerClasses = '[]', activeProfiles = '{}', propertySourceLocations = '{}', propertySourceProperties = '{}', contextCustomizers = set[[empty]], contextLoader = 'org.springframework.test.context.support.DelegatingSmartContextLoader', parent = [null]]]
10:08:09.825 [main] DEBUG org.springframework.test.context.cache - Spring test ApplicationContext cache statistics: [DefaultContextCache@5261ec9 size = 1, maxSize = 32, parentContextCount = 0, hitCount = 52, missCount = 1]
10:08:09.826 [main] DEBUG org.springframework.test.context.support.AbstractDirtiesContextTestExecutionListener - After test method: context [DefaultTestContext@162c1dfb testClass = ClientServiceImplTest.parameterizedAndRepetedTest, testInstance = com.joseph.service.Impl.ClientServiceImplTest$parameterizedAndRepetedTest@43471a7e, testMethod = saveClientWithParameterizedData@ClientServiceImplTest.parameterizedAndRepetedTest, testException = [null], mergedContextConfiguration = [MergedContextConfiguration@21ae657b testClass = ClientServiceImplTest.parameterizedAndRepetedTest, locations = '{}', classes = '{class com.joseph.config.PersistenceJPAConfig}', contextInitializerClasses = '[]', activeProfiles = '{}', propertySourceLocations = '{}', propertySourceProperties = '{}', contextCustomizers = set[[empty]], contextLoader = 'org.springframework.test.context.support.DelegatingSmartContextLoader', parent = [null]], attributes = map[[empty]]], class annotated with @DirtiesContext [false] with mode [null], method annotated with @DirtiesContext [false] with mode [null].
]]></system-out>
  </testcase>
</testsuite>